#
#model:
#
#<?xml version="1.0" encoding="UTF-8" standalone="no"?><input id="posterior" spec="beast.core.util.CompoundDistribution">
#    <distribution id="prior" spec="beast.core.util.CompoundDistribution">
#        <prior id="lambdaPrior.Ai" name="distribution">
#            <parameter id="lambda" lower="0.0" name="x" spec="beast.core.parameter.RealParameter">10.0</parameter>
#            <Gamma id="Gamma.0" name="distr">
#                <parameter estimate="false" id="RealParameter.1" name="alpha" spec="beast.core.parameter.RealParameter">2.0</parameter>
#                <parameter estimate="false" id="RealParameter.2" name="beta" spec="beast.core.parameter.RealParameter">200.0</parameter>
#            </Gamma>
#        </prior>
#        <distribution id="snapprior.Ai" lambda="@lambda" spec="snap.likelihood.SnAPPrior">
#            <parameter estimate="false" id="alpha" lower="0.0" name="alpha" spec="beast.core.parameter.RealParameter">11.75</parameter>
#            <parameter estimate="false" id="beta" lower="0.0" name="beta" spec="beast.core.parameter.RealParameter">109.73</parameter>
#            <parameter estimate="false" id="kappa" lower="0.0" name="kappa" spec="beast.core.parameter.RealParameter">1.0</parameter>
#            <parameter id="coalescenceRate" name="coalescenceRate" spec="beast.core.parameter.RealParameter">10.0</parameter>
#            <tree clusterType="upgma" id="Tree.Ai" nodetype="snap.NodeData" spec="beast.util.ClusterTree">
#                <taxa dataType="integerdata" id="snap.Ai" spec="snap.Data">
#                    <taxonset id="SthBarrington" spec="beast.evolution.alignment.TaxonSet">
#                        <taxon id="SthBarrington_BT10a1" spec="beast.evolution.alignment.Taxon"/>
#                        <taxon id="SthBarrington_BT8a1" spec="beast.evolution.alignment.Taxon"/>
#                        <taxon id="SthBarrington_BT9c1" spec="beast.evolution.alignment.Taxon"/>
#                    </taxonset>
#                    <taxonset id="MtWilson" spec="beast.evolution.alignment.TaxonSet">
#                        <taxon id="MtWilson_MW12bm" spec="beast.evolution.alignment.Taxon"/>
#                        <taxon id="MtWilson_MW5bm" spec="beast.evolution.alignment.Taxon"/>
#                    </taxonset>
#                    <taxonset id="Termeil" spec="beast.evolution.alignment.TaxonSet">
#                        <taxon id="Termeil_Te3bf" spec="beast.evolution.alignment.Taxon"/>
#                        <taxon id="Termeil_Te3c1" spec="beast.evolution.alignment.Taxon"/>
#                    </taxonset>
#                    <taxonset id="Broadwater" spec="beast.evolution.alignment.TaxonSet">
#                        <taxon id="Broadwater_BW10af" spec="beast.evolution.alignment.Taxon"/>
#                        <taxon id="Broadwater_BW19cf" spec="beast.evolution.alignment.Taxon"/>
#                        <taxon id="Broadwater_BW31am" spec="beast.evolution.alignment.Taxon"/>
#                    </taxonset>
#                    <taxonset id="Kerewong" spec="beast.evolution.alignment.TaxonSet">
#                        <taxon id="Kerewong_Ke18dm" spec="beast.evolution.alignment.Taxon"/>
#                        <taxon id="Kerewong_Ke21b1" spec="beast.evolution.alignment.Taxon"/>
#                    </taxonset>
#                    <taxonset id="Dampier" spec="beast.evolution.alignment.TaxonSet">
#                        <taxon id="Dampier_Da11a2" spec="beast.evolution.alignment.Taxon"/>
#                        <taxon id="Dampier_Da19a1" spec="beast.evolution.alignment.Taxon"/>
#                    </taxonset>
#                    <taxonset id="MaresForest" spec="beast.evolution.alignment.TaxonSet">
#                        <taxon id="MaresForest_MF13a1" spec="beast.evolution.alignment.Taxon"/>
#                        <taxon id="MaresForest_MF17am" spec="beast.evolution.alignment.Taxon"/>
#                    </taxonset>
#                    <taxonset id="Olney" spec="beast.evolution.alignment.TaxonSet">
#                        <taxon id="Olney_Ol20bm" spec="beast.evolution.alignment.Taxon"/>
#                        <taxon id="Olney_Ol4bm" spec="beast.evolution.alignment.Taxon"/>
#                    </taxonset>
#                    <taxonset id="NthBarrington" spec="beast.evolution.alignment.TaxonSet">
#                        <taxon id="NthBarrington_BT4a2" spec="beast.evolution.alignment.Taxon"/>
#                        <taxon id="NthBarrington_BT6a1" spec="beast.evolution.alignment.Taxon"/>
#                    </taxonset>
#                    <taxonset id="Cumberland" spec="beast.evolution.alignment.TaxonSet">
#                        <taxon id="Cumberland_Cu12a1" spec="beast.evolution.alignment.Taxon"/>
#                        <taxon id="Cumberland_Cu6a1" spec="beast.evolution.alignment.Taxon"/>
#                    </taxonset>
#                    <taxonset id="Dorrigo" spec="beast.evolution.alignment.TaxonSet">
#                        <taxon id="Dorrigo_Do2c2" spec="beast.evolution.alignment.Taxon"/>
#                        <taxon id="Dorrigo_Do5bm" spec="beast.evolution.alignment.Taxon"/>
#                    </taxonset>
#                </taxa>
#                <parameter id="RealParameter.0" lower="0.0" name="clock.rate" spec="beast.core.parameter.RealParameter" upper="0.0">1.0</parameter>
#            </tree>
#        </distribution>
#    </distribution>
#    <distribution id="likelihood" spec="beast.core.util.CompoundDistribution">
#        <distribution data="@snap.Ai" id="treeLikelihood.Ai" pattern="coalescenceRate" spec="snap.likelihood.SnAPTreeLikelihood" tree="@Tree.Ai">
#            <siteModel id="MutationSiteModel.Ai" spec="beast.evolution.sitemodel.SiteModel">
#                <parameter estimate="false" id="mutationRate" name="mutationRate" spec="beast.core.parameter.RealParameter">1.0</parameter>
#                <parameter estimate="false" id="shape" name="shape" spec="beast.core.parameter.RealParameter">2.0</parameter>
#                <parameter estimate="false" id="proportionInvariant" name="proportionInvariant" spec="beast.core.parameter.RealParameter">0.0</parameter>
#                <substModel coalescenceRate="@coalescenceRate" id="MutationModel" spec="snap.likelihood.SnapSubstitutionModel">
#                    <parameter estimate="false" id="u" lower="0.0" name="mutationRateU" spec="beast.core.parameter.RealParameter">1.7346278317152102</parameter>
#                    <parameter id="v" lower="0.0" name="mutationRateV" spec="beast.core.parameter.RealParameter">0.7024901703800787</parameter>
#                </substModel>
#            </siteModel>
#        </distribution>
#    </distribution>
#</input>
#
Sample	posterior	likelihood	prior	theta0	theta1	theta2	theta3	theta4	theta5	theta6	theta7	theta8	theta9	theta10	theta11	theta12	theta13	theta14	theta15	theta16	theta17	theta18	theta19	theta20	TreeHeightLogger
0	-2032.9545702457413	-972.7332612622074	-1060.2213089835338	0.06957721421430096	0.14269741782267323	0.03892964554850789	0.07125937398361343	0.061974931646098075	0.11174786411588872	0.07509855795715084	0.13568011289708462	0.03529508047754647	0.13409614145537227	0.048653738046643503	0.09514185205541269	0.08681503884351273	0.058918478892767585	0.056660301484136526	0.06090678376021946	0.05769276283110482	0.11419935563976334	0.11033941205163195	0.11004900118269212	0.13136126016336452	0.5011966665124887
1000	-2031.9904179698426	-977.7379062047851	-1054.2525117650575	0.0721050555871655	0.05737258771283391	0.035898361259214605	0.0549989675529737	0.13890336769531295	0.1531991271786878	0.09958738649308906	0.11697976093552742	0.0935481041416668	0.10040989886055568	0.12774445797424297	0.11268902972022454	0.13751643613600942	0.04374938285714104	0.08152155702979647	0.04321526862722448	0.05914936353719587	0.10431689221745621	0.13546303643467386	0.07503609586531294	0.12763533295513685	0.4346733824538173
2000	-2029.6689049503316	-975.3237514986068	-1054.3451534517249	0.05762724592637322	0.08182101861382658	0.04093925827922571	0.09600247904359241	0.11917736505470766	0.13094711521603383	0.11265987279903067	0.06364411520152283	0.06018046140595316	0.09590103328007261	0.11802447952080725	0.10511166003850393	0.07156850329180765	0.03613567174662993	0.07706650295312686	0.09261167905574097	0.07599204330178125	0.07426897618876595	0.1584842540167678	0.10133490104833279	0.12852400934072175	0.6442215535506673
3000	-2024.0466117179672	-975.4375082086432	-1048.609103509324	0.06735673532063692	0.10904289788082605	0.08335449401702666	0.0550428779451493	0.049127257146510214	0.11178299710134097	0.0751574774576346	0.12380257011868909	0.1205066421404128	0.09702169283159537	0.10516116826601501	0.12962761009393933	0.09206549202435092	0.04493118690594822	0.08377099755578478	0.09451883534979469	0.05881657676606082	0.11260736547114472	0.07953022585403234	0.09976385012572701	0.10116329632782033	0.5962802629748275
4000	-2029.3835536480983	-972.2601047196698	-1057.1234489284284	0.07803514549867802	0.1322594251932356	0.11086323184047929	0.06358828876297602	0.08814782409009099	0.13317370265048153	0.09451125769208601	0.08723661313592446	0.08491866605063744	0.12572439366223215	0.08627813077327717	0.1160283319843454	0.12422300036213427	0.041416894447798745	0.04103270923747362	0.05621969490091267	0.07401590244734296	0.053165468231843836	0.11545496948096962	0.07986935559089008	0.0445351531639818	0.6456412440322548
5000	-2028.125755419311	-977.1745519247977	-1050.9512034945133	0.06451108074830167	0.11830504977282393	0.07693153743958059	0.058374905204916394	0.09647005036680331	0.08201875920848246	0.1068024035907929	0.11274998984913198	0.06952826221918247	0.07788891439045031	0.07810652861565315	0.13301121032694413	0.1364434455188027	0.03745671813232596	0.17709448489120577	0.10132722836961028	0.09250991291301892	0.13460012870105273	0.11710678234968658	0.07699021890314225	0.11331003599658278	0.7174922470741998
6000	-2034.2553616112993	-980.4752333472763	-1053.780128264023	0.06112123464811694	0.0889453857745104	0.11385092024054443	0.04916762997336672	0.04324689196754479	0.09071133755522283	0.06505111534244147	0.10057327925752872	0.05899837501423021	0.10114901977863643	0.056676018160397856	0.08596273597671088	0.10695645066524698	0.03670604512174549	0.12040008433824917	0.12042589290136937	0.10379431425816972	0.10492709667976513	0.08611879615239489	0.10811265809115889	0.11091199768660231	0.4195224402419394
7000	-2037.730646590247	-972.2217619783306	-1065.5088846119163	0.05344814537409644	0.06009867468408902	0.044942033830837974	0.0586621223228139	0.05427083374429409	0.06453566893844669	0.11925244352649918	0.0970341321729002	0.06784395930572255	0.1741657321598105	0.07767302849366312	0.10131791120197889	0.04677613878211723	0.04938387353883381	0.0759554015231046	0.07763203509549907	0.05133740404429456	0.09350769885284245	0.08452242758548184	0.07343317430804754	0.0543332518815973	0.47893511759118546
8000	-2029.3126275957625	-979.6452742565399	-1049.6673533392227	0.10461471222445114	0.11437102077104011	0.07382317495695385	0.06977984462227538	0.07303494299238177	0.13465126066254585	0.08302689706694613	0.11880252611679942	0.039232368125272914	0.10716591505821307	0.10627197481530719	0.09632851884149388	0.16051230010194162	0.07403900919011665	0.04880999401097611	0.06647100879652608	0.06163881399756322	0.0918505752238466	0.11344432924499498	0.09314667156074823	0.07870413040053441	0.530692439114533
9000	-2031.3692905989974	-973.729532149865	-1057.6397584491324	0.081879651715684	0.10648587984572971	0.14941392484274102	0.03584446111218458	0.09778209463936065	0.1105509885790242	0.060236152265854485	0.13878517532747903	0.05104650115849142	0.16358022992692314	0.12023275272883707	0.15714387586604134	0.07983732867897732	0.03588078717394449	0.0864413954791664	0.06684770414691159	0.07777794490935562	0.09792912247015544	0.07304846965227958	0.07565401139867232	0.09480967693382085	0.5976462837437411
10000	-2024.0891430102238	-974.3113306179677	-1049.7778123922562	0.09434923346470069	0.10811605147987502	0.14982573723636616	0.07154658713929608	0.13047594293611506	0.08712592110480398	0.07286750392081126	0.08895479130922393	0.08753093248819033	0.17060480018687152	0.1183539296984655	0.13839667513442624	0.07076153516290434	0.0488983967469341	0.06181797999094341	0.10032818838353097	0.05292087397301733	0.12458012044341758	0.08679088911927747	0.07794487624354761	0.12838959190231683	0.7329843700727744
11000	-2039.2894861347704	-969.9822984948031	-1069.3071876399674	0.10071271341464433	0.15164236648036156	0.02563373001787091	0.07988944126883686	0.09692824352151297	0.0638060638395029	0.09106389310035133	0.17721044679607265	0.05858475030715053	0.15638529702965942	0.05581071141819824	0.13436582010013473	0.1251812061413966	0.027718242709336687	0.1262035691559781	0.14923365268002456	0.04592517332508016	0.10711226361502899	0.08553868810153523	0.06854241686726184	0.06362606755105714	0.7796323721149776
12000	-2021.157387873438	-973.1901295579306	-1047.9672583155075	0.08998280502963155	0.11994772412818497	0.11823928119811737	0.061733458486356536	0.10325542006377272	0.09921907729588467	0.06777990013105673	0.12807209507209366	0.04594399440205983	0.14425692757409556	0.07469270380552644	0.1527815870464987	0.08891504165552451	0.04882782458256231	0.09230763666763224	0.08756427839943266	0.10370454285247187	0.06289452376965239	0.09756772476125157	0.09943906683252202	0.08477557614350849	0.6370660891130391
13000	-2026.890470638848	-974.3426473459588	-1052.5478232928892	0.06353105977482176	0.07143053592491838	0.07182306914273223	0.09421716191780967	0.06645995609360286	0.09815188134469063	0.14203364820948017	0.0761006453950619	0.11380657733882577	0.12531949023854658	0.09340162340984844	0.0743051671016032	0.036469546934128814	0.0577256960122955	0.06650004961897253	0.10536349742174801	0.08031542982458055	0.0985671716534505	0.11867444817043528	0.05258155937702115	0.10216890985827577	0.5945579996856667
14000	-2019.8379215169523	-967.9948259281955	-1051.8430955887568	0.06719642978569265	0.09971834591108465	0.08869075622451272	0.049314486896897575	0.10988446502946908	0.1039484562129432	0.08046197865038048	0.07950214133902371	0.049230958597101644	0.11710642240823689	0.0723992369676066	0.07836114777237657	0.1286186609487463	0.03799440633289078	0.09584691433613166	0.07746532812395591	0.09136303246695214	0.12251675059241131	0.08853297196654399	0.12443377698332965	0.12140325737352349	0.7079141367325971
15000	-2045.550375569278	-973.6825964761807	-1071.8677790930974	0.03162569042376229	0.1694373410646862	0.12254312018939206	0.03960055986827251	0.09040950494880386	0.11050666081583427	0.09610385657524727	0.11737671510243257	0.10579562902320121	0.1016145101238646	0.1317302534429017	0.07568024729907812	0.05824475153933914	0.03897399308223001	0.07384781440400474	0.07392771987764943	0.07376364131382716	0.1443569643399411	0.12595821457619744	0.1079851391379725	0.017487554729305466	0.6928049029205019
16000	-2027.7862747496602	-972.9217943243491	-1054.864480425311	0.08022331383656756	0.09334236516935909	0.13459541426442315	0.04585065759311478	0.08278655969130495	0.07337161388018083	0.09668413903376875	0.12305575806839489	0.07356776728770373	0.13019057584989774	0.07879008713786669	0.12885261782020418	0.06968653495505242	0.05609512669603685	0.08000024392274516	0.05564576835492819	0.047695951367824264	0.13887434457861203	0.07300703291001528	0.06945550992213616	0.0735940737314621	0.6097157068812353
17000	-2033.862573682404	-971.7800064317141	-1062.0825672506899	0.027689556729502813	0.15001852708145388	0.07044410752982058	0.050002911426733104	0.15077135252859636	0.0982797145073552	0.06489327330448079	0.0972471065164215	0.06878303877748822	0.08724809939257565	0.07199481548008588	0.12901294051443454	0.072253808107295	0.04206377783363233	0.10378964440131908	0.08003951088410705	0.10295921061815874	0.07207046498526297	0.08082405051368294	0.07613973058402786	0.1709446324440939	0.7108018554726451
18000	-2029.9675343497292	-977.9581128460449	-1052.0094215036845	0.07169644581951488	0.09427116226198234	0.07537107956225284	0.07486959351098692	0.10241385402048526	0.09942180399624688	0.13815408149544772	0.2393497614320282	0.03397939715553274	0.15795773646534259	0.17290286873262214	0.0974587217043752	0.10465827928216706	0.058360302190535875	0.07890457611461762	0.10266989455462072	0.06519396799795008	0.08791558022288347	0.10061714936881205	0.11954751322488849	0.14009750879450847	0.5758577047062071
19000	-2038.9850849782351	-985.5015351773496	-1053.4835498008856	0.10765227831087922	0.0832370410559971	0.12192461046068749	0.06238920124558679	0.05311161333051137	0.09931315218944506	0.10326604611396464	0.07293921674974885	0.054069643432395946	0.15276162188270123	0.0820099620993659	0.0930940492066443	0.055782650123081305	0.06168354469180894	0.0632285740891148	0.061856638198712566	0.0680202095647605	0.1927756393953038	0.09506147232977674	0.06203151995786489	0.11160317972746167	0.39798717023860775
20000	-2029.4803178101552	-972.5932037600927	-1056.8871140500623	0.07185975216945834	0.10100454417826654	0.11099121003796797	0.04853027149649004	0.09326106580085827	0.060314119004224793	0.06406517950466697	0.10127150739730681	0.05752771705749504	0.1080921275503413	0.07416540285591124	0.12013218336155482	0.06072119108142013	0.045666348217086754	0.07958489448426583	0.07280972195933444	0.04214525984209553	0.13554175523642154	0.10790472811636304	0.08727202215147564	0.13101418712898658	0.6169031878586084
21000	-2032.1601790656641	-974.3821499495062	-1057.7780291161578	0.09093352542308225	0.11657605895519335	0.16012306834303064	0.04680690664274562	0.14798900333711715	0.13011568570999016	0.08794194706441798	0.14206285216597203	0.04945332362452052	0.08848278896320773	0.10874880460413347	0.08891017151023399	0.17365000870269465	0.04029304527288884	0.07586912244181714	0.04124017247037352	0.060229085891068936	0.06880353605918885	0.11151604245230526	0.10608489969979049	0.10957865736293401	0.639399624486546
22000	-2033.6791066924325	-974.1643341952689	-1059.5147724971634	0.039994538694628545	0.08442881167882922	0.05892246286095079	0.04798646518519842	0.07818697629205427	0.07778243642481326	0.07996149128468326	0.10427968798808178	0.059088791549910216	0.08100888451147198	0.06690866042843115	0.11904546982325395	0.11200640790541623	0.05175230987344979	0.0911133472955223	0.170305719247124	0.06110133985290922	0.07380538342883369	0.15041399518773169	0.07616544105799292	0.07483776975323729	0.5233198236529704
23000	-2028.295612645522	-970.1640877842185	-1058.1315248613034	0.051048185668824526	0.11688647858920251	0.10107245641234261	0.0516101557552183	0.11272472209075274	0.15215702181667914	0.06857736661552985	0.16267948943125912	0.07463098868645338	0.08256339787862091	0.12240930285846675	0.12815349503970266	0.09671712139117673	0.04348374305896419	0.09358174632064954	0.06144840539305651	0.08735092972297455	0.18292232325465377	0.10148031607030701	0.04496613292298184	0.10485154500336823	0.9352242808393059
24000	-2026.5386593639528	-973.1881522614848	-1053.350507102468	0.10797027620205363	0.13930847006977543	0.09677781925816768	0.06951196075582847	0.08841002989364313	0.11333497188921299	0.06572682224763265	0.15260463660723717	0.0672029988109665	0.13249540375083477	0.05575565443114766	0.07217168403506787	0.09417908620700347	0.030668451696907795	0.07547016857645776	0.11770313840128943	0.09317308718829378	0.1069415113318101	0.06529124576557777	0.09218234550763259	0.12448151947870185	0.7302582392242979
25000	-2035.1772459020071	-972.4467784696899	-1062.7304674323173	0.07495776684804893	0.14253942926292856	0.0975610025371581	0.04672527881380208	0.09600260144196086	0.10222317074693557	0.0838371125870673	0.152303274841671	0.04452648497280733	0.10500498463237667	0.06480105432978889	0.15153101207968223	0.0667587863384531	0.045066172634373534	0.04889658089946633	0.10302682149405706	0.07185307979995195	0.07561819915730848	0.038204192917598544	0.05193477168990207	0.08968029715442066	0.5166469373348523
26000	-2023.8432011872328	-973.3169368467865	-1050.5262643404465	0.07953025753364941	0.12055597540192291	0.09876603517024835	0.06164188730874669	0.09509159086535482	0.13978091119514557	0.10415492927085193	0.11721115977540263	0.03616577070919316	0.14220144099028567	0.08438330671574265	0.11500297136941658	0.06622038503795175	0.05969738788841132	0.07472971900608744	0.10436799066894899	0.057517376237081766	0.05543907628171931	0.1528428421518654	0.055606675931096416	0.12307290398572172	0.4439520185358461
27000	-2021.8365906257281	-981.7832295934983	-1040.0533610322298	0.08415125558723116	0.12177208746427773	0.12558902765655902	0.06280196799053503	0.09027208595769373	0.10182895138898936	0.10685290550323912	0.09544393527384641	0.05674382512644196	0.12348227959553494	0.10974253966608243	0.07987159543422638	0.14610669310032895	0.05400535158055677	0.10633102059577398	0.08930625938477053	0.07656593621450909	0.1180436839501951	0.11964496415871922	0.10505460454584524	0.08611085338027671	0.5089678586837831
28000	-2025.0063525717756	-974.9471646796414	-1050.059187892134	0.0846683507811778	0.08785304848020123	0.06374047138719124	0.04459924656973106	0.09097851943740325	0.061493343649801385	0.10881611128703954	0.13118369196162985	0.10078032993328469	0.09719892007561508	0.08974954208159451	0.11192836512442866	0.08261305182329853	0.04176319136835554	0.10054558469853105	0.15817752334312124	0.06606388534197055	0.06256099062245378	0.06984161980092433	0.07380095514675927	0.11360006214291384	0.4922840551796506
29000	-2028.6582359527274	-969.259448199126	-1059.3987877536013	0.05077521930108319	0.05214154880070222	0.06116578272022105	0.042296288286529655	0.11273822972947868	0.08222188151788261	0.07743957099521877	0.09505246381586668	0.06704770719968797	0.13747928849409546	0.061496000343330325	0.07105331923523378	0.1296094070881297	0.04605527127231395	0.07114158460877935	0.053598164503590826	0.10228661427861872	0.09380017205449155	0.1154409943188228	0.06117934766185219	0.13102275150612944	0.5104479788665084
30000	-2025.077770732004	-977.0942165914548	-1047.9835541405491	0.08268447143504525	0.13910098089768294	0.12462926011130512	0.04336928479252428	0.15410183296412777	0.08059691930993299	0.10301891245092581	0.10829007126862686	0.06558994851151115	0.09969910303017293	0.05434932164358405	0.11326833961003108	0.11413904012053219	0.0420606207677359	0.1115750753994327	0.14361423333869316	0.11004181456818668	0.10969165258381229	0.1178886956855471	0.07548232096629104	0.1535938754999573	0.5953380821532117
31000	-2030.7120613838142	-973.9611981284328	-1056.7508632553815	0.06505984959674757	0.0662261544848237	0.07863514867042724	0.04364728890876697	0.03539862703235424	0.08771861000923635	0.09290703910254364	0.09355009263431037	0.09802747524626339	0.09943220303125268	0.09057215497508238	0.13824377205633195	0.09478015209886265	0.055383167292925896	0.0774366647684684	0.05236074551259673	0.07509679736902591	0.1124650212966727	0.07489949160051335	0.11527639891417302	0.16053057114442873	0.6146787644735114
32000	-2031.1385151826357	-980.0370347736515	-1051.1014804089841	0.08451859168064393	0.07549437648847765	0.10796102313109714	0.05882876832008933	0.06324157647823293	0.1298642246279136	0.1332214117949005	0.15021880999215556	0.0774359039840685	0.14797490425526166	0.1177138519436251	0.0598034874968073	0.11549067486801665	0.05828623435904094	0.04700937801067994	0.10232456972718192	0.07803684564444724	0.09182408741072862	0.08199072402980392	0.06508379273099478	0.21183626543553777	0.497568826818302
33000	-2033.4183995221651	-981.394290574117	-1052.024108948048	0.09235986237155883	0.11965509784362278	0.048707448344257	0.08550882891701483	0.08756995738726721	0.07201732925744775	0.074058434533254	0.10413090492314796	0.08746574492243213	0.13377195774533712	0.0466081090017745	0.13099452658738714	0.08695520870735093	0.05863810558355097	0.07634909550722495	0.07889335097159061	0.0976489091703324	0.08096815875201116	0.1142827547630252	0.17400623857495895	0.09320938585362054	0.7243973084720466
34000	-2028.7721660630018	-974.641635295381	-1054.130530767621	0.09267954783722497	0.08214081677926557	0.06408153771050625	0.04614191086868423	0.1186905555961893	0.16881910030506836	0.08980152315691252	0.1343158712034049	0.04880088416884666	0.09790861995122843	0.11013473433720054	0.13541431939502638	0.1733061224769239	0.05101013967937436	0.07634909550722495	0.09177416554516857	0.07015785053589005	0.0618549490562324	0.06603460145134796	0.0588515185702856	0.12892394205233415	0.5273106316987916
35000	-2026.453192843704	-973.4647121723992	-1052.9884806713048	0.07224822221237534	0.12753516215525162	0.047175563740364426	0.06328415703212655	0.07937967811566134	0.13775948436960564	0.04222674867059152	0.10923449669156954	0.12187721814976123	0.10237726118922125	0.056046733988063646	0.11525443669833242	0.10822484835541284	0.035677802588523606	0.07036860095296818	0.07484118183045951	0.10723521889225993	0.11884248672964605	0.15083106772596	0.0971263005770388	0.12766855429319965	0.5366864896799437
36000	-2026.0634352747843	-970.851805504854	-1055.2116297699301	0.05263090877077596	0.16982319103598134	0.10485077351928715	0.05606695489582858	0.08328624961137053	0.1274197263589339	0.10410619133618976	0.1346182771955262	0.04106128347409829	0.10926655696069831	0.12519234642130378	0.08373608865441039	0.07760839745630624	0.038178383733453024	0.05229975036998333	0.07487173963071078	0.06697993575354666	0.07434985207975438	0.09439372854005121	0.09801181025517963	0.1388095877871111	0.4233462331873064
37000	-2024.353952547781	-969.1913023528621	-1055.162650194919	0.07059019088594012	0.09606297859556877	0.09877574313035209	0.06903807193443143	0.19344019877516117	0.08285372209436119	0.11511139857354248	0.10253395077028499	0.05402631633083744	0.0929602560256028	0.07443578085236682	0.11442067696009665	0.12801724721025742	0.032461209613641885	0.07726110432717578	0.05097593183303379	0.09127831363742325	0.0789473427109261	0.08953695835033451	0.0671301689511356	0.10869951352075233	0.6485577329477978
38000	-2025.1093438627963	-980.2994936174474	-1044.8098502453488	0.04527551011032949	0.12243027894327113	0.10286639322270749	0.07813021755441169	0.07429717630050614	0.16293025728501329	0.1419240295484477	0.06070555634809348	0.06114606541520347	0.15629485421890926	0.10960550889556044	0.11812203027915996	0.17220910897322492	0.05471376566454321	0.11670818386344696	0.09907049134957965	0.06704454469483248	0.10502422958901199	0.1282076209954321	0.12831979295701884	0.11525151162481527	0.4504551265115333
39000	-2024.5300148773438	-971.5871262613471	-1052.9428886159967	0.06310811179807858	0.13146335908269946	0.15176699299282662	0.08041049948906327	0.03635768525262054	0.09789037689444262	0.052428903107828474	0.1060261294536772	0.08052041537435499	0.08801030404223581	0.08829052462257746	0.12820157020766623	0.08325204716791182	0.03225603374161461	0.12623320826178203	0.07530554394871189	0.09141353261109583	0.12989704676104222	0.09193228023690997	0.06905458137734766	0.1065821726508607	0.4971793330437594
40000	-2030.4614845868664	-974.2728031932055	-1056.1886813936608	0.051020304197977984	0.11807344435399941	0.10498993029776431	0.06253709059598873	0.13408534316929405	0.1180668167098356	0.07452302557202584	0.11588360064573631	0.06566607914705448	0.0916103790670924	0.06807049020069693	0.14700621876924888	0.09857084431994387	0.023570090725914608	0.14250119532790087	0.08609313043031193	0.0796842589779507	0.13075080186953295	0.10444677214270272	0.07734608616824663	0.2485146100165789	0.44404102565080367
41000	-2024.2585077714857	-972.5631565820776	-1051.6953511894083	0.10943663487437331	0.08783814594258384	0.06912769524869422	0.05856443156819461	0.11373652897711543	0.08532360590979732	0.09525690635559496	0.1299222372388413	0.052211028994419886	0.1432812777990049	0.04045985426952796	0.08940939808596167	0.1084021221404874	0.04330029782152517	0.09809900706887034	0.12643426750996298	0.06282269508232546	0.11418737158184263	0.11298158548766347	0.09181793980526695	0.12395868691837938	0.6482695067516476
42000	-2024.5828527806427	-975.8856445885419	-1048.6972081921008	0.08767055020113233	0.12412037321617102	0.11406269548584635	0.07305700782923362	0.08237602495528557	0.10828831993807302	0.04724505294546536	0.08240485345674857	0.033280339053778564	0.12515408999073663	0.0675228787495488	0.11663134035885918	0.10633174580597402	0.04542147233032889	0.12141975907119942	0.10882052051611639	0.06659670906808947	0.1203148214981027	0.09498777407554997	0.14935061105406253	0.1168391543813817	0.4513705945052001
43000	-2029.349837466173	-975.3554816344653	-1053.9943558317077	0.06324043033191278	0.06961485993641249	0.10420177408968723	0.08950462433283914	0.03507592997225308	0.1031828195800561	0.0716369058742388	0.10183257260483301	0.07073698196612432	0.13094001578142306	0.09113580137543079	0.08037411482008174	0.06118490347598018	0.05901427343882249	0.07612667201482268	0.11080229317038207	0.058766786982932466	0.06160304822921332	0.08819614708492317	0.07721288882376225	0.07025763651566004	0.47428626343658986
44000	-2024.0463428758658	-972.6558515215344	-1051.3904913543313	0.05935579857440403	0.0729016388622621	0.10259762783689125	0.04314290926412172	0.06695458405597178	0.074328738133715	0.09027871204031744	0.13769484333711987	0.06882216531859371	0.11330687282153847	0.06267123133790574	0.10180378996590095	0.08437882046012779	0.05239475967746802	0.12603894524883638	0.10456638251835389	0.09338784152528132	0.058849571462412854	0.07567783301766058	0.09023729601088784	0.07637839827347773	0.480743220861191
45000	-2025.3669396443279	-976.7048319716239	-1048.662107672704	0.06160570039105708	0.07564761697134684	0.1142622966920086	0.03915910439191087	0.11025369986187272	0.12495928164841733	0.09884370747095661	0.12721415181741647	0.09931606204465383	0.1202206951770209	0.04721724253918014	0.1080407989716418	0.09909873100892193	0.04230708015960696	0.0797357282435776	0.07150560919580227	0.08829674138848959	0.09026882110754673	0.08106192825129714	0.1063685660419148	0.09872588112192207	0.43900452453559113
46000	-2036.51634139408	-979.5701674891687	-1056.9461739049113	0.10101571011694135	0.1870234325456936	0.09288179592874397	0.03373593374687575	0.0708833496966443	0.08939002881154269	0.06514314423534492	0.09010475231199506	0.11356036693026676	0.08005731424229665	0.0774778615366606	0.0980660943121341	0.11410687536851027	0.04861071213910115	0.10789755061919658	0.18982339303795115	0.07039949017435577	0.13821657158212428	0.13275156763352142	0.06861013886826	0.05614288091620913	0.6097417068044638
47000	-2027.2116477454051	-969.4078771713476	-1057.8037705740576	0.0833143951682353	0.11718889301661187	0.07570424603017915	0.04376905943598319	0.07008738868486956	0.1019806794915705	0.07347775795401451	0.15161624907682894	0.055584038157135154	0.08432314602483798	0.16836195218405026	0.1076723801441055	0.07832686249609057	0.03171578430820815	0.08495156725613713	0.104913798865454	0.08218357343175717	0.12626917588945433	0.08977874171340414	0.061053824184789815	0.09030163932535351	0.6966264430987322
48000	-2024.6233521645358	-968.729161032392	-1055.8941911321438	0.05626689830492772	0.12416138314742302	0.07428695070685361	0.03864951528695545	0.06934654968982401	0.08799926609161988	0.08830176270146387	0.12855294666310288	0.0489637954084784	0.08871155588799645	0.0963532556220142	0.10414918273991827	0.07585897852460176	0.04673669415144005	0.06603169417160695	0.10492585962781294	0.07000991456254654	0.12528225472944682	0.11314523920275761	0.10441916898249605	0.10822733487754495	0.7586883618334243
49000	-2026.3343689375388	-974.928667262549	-1051.4057016749898	0.08121997506654939	0.10068166446033527	0.11690516744335336	0.025686966236916315	0.10772117031168353	0.12453927083903024	0.09884055984303543	0.14932697882489854	0.08057764783538818	0.08240680405894953	0.11631033659300759	0.09631803614480952	0.11825365950409435	0.04252931441666171	0.10648529251535749	0.12867065894755914	0.05247759761052105	0.15061271620544853	0.11991944741863651	0.08813865865171994	0.1090479191097094	0.6505865800272806
50000	-2022.689849252368	-969.5597771200889	-1053.130072132279	0.13451548466282	0.08154976552586596	0.10590022806741015	0.03849374343226538	0.11423771589104846	0.09853348619826267	0.08575188651957719	0.10246532645516233	0.06955387121114168	0.10456650719934991	0.06815402201707325	0.08185463693851651	0.11117930374796632	0.04043050128945472	0.06865307022240227	0.06714383007595053	0.07759836285963152	0.11102027544551255	0.12231716427796199	0.11096019539525827	0.07424831827556758	0.7993087386833382
51000	-2025.393817511032	-971.1754212019285	-1054.2183963091034	0.07682471198816374	0.08761424059087594	0.07678563134353521	0.06292322821332136	0.0725006184531129	0.0981526527981909	0.09678274834670544	0.05121623490225864	0.09296289160933571	0.1021085691343163	0.10833052486448809	0.1213598232932955	0.061637838259406025	0.047736778330311154	0.11978437539188508	0.06994379167228196	0.10867865260631035	0.09533676406628894	0.11027394234541948	0.059538506820330586	0.06360682784345283	0.8701625442476324
52000	-2026.233111385096	-980.7609944541248	-1045.4721169309712	0.10191070973517104	0.06799385564409202	0.053208551100213566	0.04798898299539324	0.09578827478983226	0.10219012561250436	0.0725732247978735	0.08711592255495752	0.07558708363969127	0.14579141592480516	0.13290606364367155	0.10141924535866159	0.10999054981800738	0.039055022004138656	0.09420805768589582	0.15837525996030005	0.08450904715140437	0.1044974149077767	0.1274329382344968	0.11222624681392057	0.11468466734311332	0.42665093707296037
53000	-2028.9509916704678	-972.6786443581994	-1056.2723473122683	0.07388357719326312	0.13255508725857856	0.091707904704527	0.06419550355137546	0.09366803119248146	0.041365837516317956	0.08192842884485972	0.11109378103724811	0.08284290704850716	0.13999190173912293	0.06104241055230457	0.06931608705831217	0.12725415084566574	0.04018375164588045	0.09853086228387364	0.08869978216655154	0.06867514429621298	0.056352992740029244	0.0564023810847674	0.11098049296383314	0.17787059074768843	0.5526241708739164
54000	-2023.4732853522323	-974.1995760017033	-1049.273709350529	0.08279544184873813	0.1429011214721397	0.07917070765646281	0.06196661884117811	0.06520044044213515	0.07929546841769135	0.08759643936781261	0.11295806395177463	0.05876416373637143	0.09752168199476344	0.07152571385629197	0.09628574718320947	0.1629301909294054	0.053930730042517624	0.08716968681784108	0.059740072129014186	0.0909577002460803	0.133709125214334	0.06645825548775712	0.11006727241291094	0.12129228868270585	0.6008093673386314
55000	-2025.50970700902	-967.3124297148408	-1058.1972772941792	0.0679963205996921	0.07126515031229533	0.12118230612152724	0.05164963854455328	0.07637579810286971	0.11968007438666062	0.1520024894541693	0.15522706030524874	0.034075286755343735	0.11084810378012015	0.043677795559145215	0.094787684771147	0.07743881956190472	0.04580867520058165	0.06262962850792336	0.09221556385945563	0.061371646219415814	0.09030257492819682	0.07966276525081378	0.08331104661798298	0.15299666943057036	0.4600655480376657
56000	-2035.3009853775475	-970.9862827972781	-1064.3147025802693	0.0874240333202981	0.065186928078013	0.11807867522407822	0.05384860851746214	0.05643484553805694	0.07600855229578375	0.09453698640168876	0.10435855672305513	0.020699052131007485	0.13902252387350647	0.09069505747849778	0.0580443290536559	0.08197916482126287	0.04824689608387985	0.13292034549446213	0.07706806824972405	0.09121062293686832	0.07636891404942177	0.08830180193985335	0.06043905893901325	0.06794556215966163	0.5743415793371871
57000	-2043.4209234977147	-993.512376904403	-1049.9085465933117	0.11516573991950527	0.07267355402813734	0.09721050116011017	0.1043353733688768	0.058018549938292405	0.11660324199751983	0.138726612266627	0.09790141133401502	0.06640085073927159	0.11714183178488624	0.0353381475214758	0.1324005121857247	0.08263579830302761	0.07084940672484502	0.09279757976307161	0.04727997757748207	0.13281882173813384	0.07565917492903264	0.049805608353116745	0.07388647772088934	0.12291037092720285	0.34316095198274804
58000	-2032.4350095941468	-971.5426204987781	-1060.8923890953688	0.05139103008189058	0.06753755281537173	0.09470211251118399	0.06212474588179962	0.12759517944458426	0.09584708082008941	0.12496359726135627	0.08039397608962003	0.024503731233973643	0.07371403785167535	0.08681716349213489	0.06996265588757677	0.06355847425006511	0.05080339339558171	0.08700719866200118	0.09436690074475064	0.07419321987461525	0.0882372391898226	0.1207702121807871	0.07990764423198976	0.08337143135562788	0.6091348927840816
59000	-2026.8550361054952	-978.037670510646	-1048.8173655948492	0.07448406099643376	0.13895444227243475	0.10306154967428562	0.06557275708536789	0.1269252744725912	0.07987051248353032	0.1525645294968647	0.08962364081457284	0.0964196003521135	0.13845562077637733	0.07219128673974168	0.1313641999653351	0.14127647341948713	0.0371374095952585	0.059379446703286286	0.050638569591924004	0.08596697105278875	0.13663724678308797	0.09496603919383464	0.07462375410583283	0.15670676863916194	0.46443539060961386
60000	-2028.780378535561	-981.8684426006764	-1046.9119359348847	0.07610174253675317	0.14698486041093503	0.12489784209578488	0.08561732289959328	0.09042580507146701	0.08028695853226114	0.0732595268827767	0.14126415882942553	0.04573052723690327	0.12959538474300478	0.08087570743825964	0.13673155731731332	0.09421345486866879	0.05327446593818662	0.10998403661231493	0.09259955138616015	0.05427896516542108	0.10719765162142264	0.11118224164273807	0.04266665177369107	0.13098864199094595	0.39674318996309804
61000	-2026.7768529338807	-972.5122798528196	-1054.2645730810611	0.07265322642126942	0.11603594692427338	0.04517705447020355	0.06227333485603042	0.06527682310964227	0.14525255175652652	0.14392799096068748	0.10284350536071968	0.054804727915113365	0.08262894091733317	0.09633283806867642	0.16621736913755253	0.09753743777199603	0.053806300360344825	0.08160415369291536	0.06622427558723963	0.10515028621997785	0.12628210677080284	0.09187916102004375	0.08000811881970181	0.06827256837208763	0.7359570920601428
62000	-2024.557304743871	-970.8937187787296	-1053.6635859651415	0.09729361262289844	0.07264811943081752	0.08844617914741465	0.046900823796369034	0.11219998512663283	0.12761740945668154	0.08762971287835696	0.06989445967924905	0.053640225894858645	0.09143419645388134	0.09540889787578574	0.11392740630797805	0.0831254152116572	0.04906688076723474	0.11137871217704454	0.08590978719459817	0.07456038496038385	0.10585958710472347	0.060264162114362134	0.05373139355788647	0.09656905620964042	0.7167226710043891
63000	-2031.4543811131164	-968.517478260909	-1062.9369028522074	0.15495153305582327	0.130336893630431	0.08677548601749517	0.03868126229072465	0.09952736875950088	0.08115447565710025	0.06579270765141698	0.061172774014274775	0.025685384081827783	0.13920798586699396	0.10714730884660219	0.15543262755105092	0.07294518312010467	0.04889794658647595	0.0812012229293793	0.09687963073706536	0.038493474441645116	0.06057915143234247	0.11796789321106571	0.10512814517009096	0.09490276149016882	0.5091216320589618
64000	-2033.3944557486125	-971.4138695206467	-1061.9805862279657	0.07378661440849037	0.1488619742829663	0.09101039854924213	0.06867421363820607	0.07777421009080722	0.08906412781882415	0.11161443225637531	0.152743786576436	0.10579945194479594	0.1371809830770001	0.028412871614446902	0.11540763703627373	0.03268366782219684	0.05476421145034961	0.055206024142048324	0.13549646178580546	0.06610677031347745	0.06577026627564109	0.09227412550578953	0.09780489993573455	0.0619796968809633	0.547522630552406
65000	-2034.0086826623651	-969.8021951702666	-1064.2064874920984	0.061154523181087134	0.1257674925754603	0.048541322535471866	0.07028386764277791	0.08054638870381334	0.10086579622331272	0.09683815686629602	0.061182993396447054	0.03661327004466264	0.21658926180568916	0.0943591562562768	0.17657889211905972	0.11390514572964111	0.036925603794098025	0.0685256585043813	0.09842891978899866	0.10589995357778005	0.10150689509054504	0.08681590898851396	0.0719300423778922	0.09054105878671892	0.8929066116855687
66000	-2035.6726144803793	-972.6954687074073	-1062.9771457729719	0.11769233029707185	0.10446396090209215	0.14825487645944746	0.05740632710461501	0.10888009454558868	0.1705547418928731	0.1082885466301281	0.11249747591045954	0.041531190577417346	0.07660765698611512	0.20546219893275985	0.07463669866058228	0.11926150366925027	0.03805434080662347	0.1061436434010184	0.08380443817108575	0.08650652298578966	0.04252150982844251	0.042555403508100956	0.06281232904329972	0.12881405049061315	0.6595576172642302
67000	-2028.1237469379769	-964.0635917876766	-1064.0601551503003	0.06782406611770607	0.12384090103074016	0.11334913595088204	0.048669380983726244	0.09275229441718313	0.11804257839728687	0.1003383333327584	0.08260114283937371	0.043822720703126476	0.1108748377711976	0.057284969284834654	0.11134708664709704	0.07924774159015378	0.045444634687072216	0.0684350959299952	0.05455492482630555	0.056958040449057085	0.09864162532615116	0.06933675108249647	0.05609414658545105	0.11233107100485265	0.9684026762578146
68000	-2025.0483266416259	-973.6296221225723	-1051.4187045190536	0.06281735694207731	0.07154348252408484	0.07756855190812484	0.05562257400149125	0.12325420534083567	0.1686282776821995	0.10204591523870515	0.15095357838216883	0.07384815665175419	0.10619909712640226	0.06639150569471358	0.13887986849719594	0.07888113535029712	0.047404110156872445	0.11400043497511926	0.07735636696623432	0.06486190694721108	0.134831952973029	0.08539083494805087	0.10360243964416312	0.1433707888811383	0.695455250073165
69000	-2028.5742963135258	-977.1173993767446	-1051.4568969367813	0.09929014041121643	0.13168350893782066	0.09229005615399002	0.04635225187045343	0.11207691214502981	0.18207646305723796	0.057453795657513185	0.1048175490368161	0.11013111471774982	0.11487491364461459	0.06824323421926227	0.11450460103638573	0.10780915664027779	0.04604225598733231	0.08156416866475873	0.1257405329821892	0.0447693180159478	0.15657082099401798	0.1009864014194933	0.07397356906878491	0.11658775689027477	0.5774417719283913
70000	-2029.07211674696	-971.0572578565201	-1058.01485889044	0.08358175063162056	0.07717368543324944	0.06532176499901882	0.060681284957750256	0.10984004465313996	0.08854998905873618	0.12617592736311833	0.08568598637953484	0.05620451328183444	0.08876693131553275	0.08961026109413918	0.09926067705216304	0.11284121120793383	0.021370788310611847	0.12233906875067299	0.0732563646604281	0.048558051890344	0.10270774608866451	0.0609799109690739	0.1058168044083425	0.11095652393012345	0.5319136156331173
71000	-2023.0250622051253	-977.7859280489513	-1045.239134156174	0.08340018967267174	0.07791099020632039	0.1420450666270826	0.05458229074613042	0.10872078927854557	0.10686371134788841	0.07456749604663881	0.09871019855445379	0.05810736675980307	0.09868639029833251	0.09202988331337045	0.13934515096515251	0.05087298689078629	0.07285271926355029	0.06949956380535775	0.08392355129221521	0.10518893496887281	0.17087447998840155	0.09263172864692987	0.08922892193653789	0.10474239491971511	0.5072982463017237
72000	-2029.5309052138555	-973.1341061198196	-1056.3967990940357	0.10077477957445602	0.11944047291498831	0.12960005660304935	0.056077138931228857	0.10275913482352328	0.14623749135907851	0.11199501473902823	0.07479454018168555	0.06498734302909083	0.07874560148566982	0.049595586072446726	0.08762184443368763	0.13064254445113832	0.026147572088832904	0.03607491228236967	0.0969709615632579	0.09366923777156529	0.13523559794741688	0.08777911945281489	0.11978006175312247	0.10889934780466452	0.5640027361835261
73000	-2031.9638817483233	-973.2353616347058	-1058.7285201136174	0.07586627383123928	0.08284536188081737	0.05769298513922751	0.07066095921174394	0.1337907143533388	0.14435297419153137	0.0600613291938777	0.08703208668389592	0.1105068074495521	0.09599846690042582	0.17211213583716573	0.10995168983345804	0.041119784568410825	0.034373517516042784	0.10311988093034079	0.09927011418393439	0.047031097387224066	0.13348495689439635	0.11639044377708589	0.07305776528460983	0.1296608022179951	0.6417666363090722
74000	-2024.8576850179772	-973.6292670419718	-1051.2284179760054	0.07631028391423417	0.06118662439753197	0.07894983631014797	0.052985923656175875	0.11248706636208577	0.15041249563564818	0.10128962641865266	0.09915016161627303	0.09696797884179793	0.1145760032972826	0.060410347266467775	0.10056349919445723	0.12302287258647668	0.04689273468486055	0.07833791452550612	0.10090990850666383	0.06118119340696471	0.07182243271713967	0.08168983501548777	0.08697770686322118	0.11448786145568883	0.6961702280450098
75000	-2025.2566396003012	-969.2760299760708	-1055.9806096242305	0.10144359571264017	0.10999665264141968	0.08165103895121754	0.037797690262397994	0.0757665306057621	0.07493365969491775	0.12070360741239321	0.1453641037198657	0.061312772240548145	0.18174045198340574	0.053086391159152986	0.10817300036635778	0.08610025908972757	0.04617983716880047	0.08105730238263385	0.07962272685553132	0.06794753568296902	0.12333279605832019	0.11077896306837122	0.047486127905078626	0.1224958644274104	0.5783282425678097
76000	-2023.311779086257	-965.6667533546083	-1057.6450257316487	0.05469416849985424	0.0904899671809036	0.11563798506349811	0.04233668826964473	0.07120623859738653	0.08300347698299268	0.09973647828065973	0.08188993031411802	0.07318334447298377	0.13732368338371737	0.0548923669900572	0.10659864514442825	0.08992930745342895	0.037190322895701296	0.07561690896169519	0.053440925349075616	0.07109147920555506	0.148064878012572	0.0962262342395008	0.07193608688618	0.13856927141227962	0.5882529377697402
77000	-2025.7866563273951	-974.9783330489527	-1050.8083232784425	0.05754137559492629	0.11075881038674398	0.08733915807301543	0.05674466571813982	0.1267091635282877	0.10361773096727507	0.08774342841678098	0.09339545328005362	0.07050451020206185	0.13036972667416782	0.09806706105842505	0.08880582809416372	0.09595432035971888	0.03755305203438597	0.06355024814349049	0.1156401976935362	0.0535616692192312	0.08505893985521507	0.0781766618015264	0.13786722160157133	0.11235058711038089	0.49182663847959857
78000	-2029.0284937645051	-976.0334048019209	-1052.9950889625843	0.07507409111128095	0.12599107003389476	0.08178524874673893	0.07182311641443222	0.17174740534087485	0.06512480925446311	0.07413439044425257	0.08428808282766848	0.09052758922047928	0.10128944056862708	0.05522074199216985	0.05809726084945135	0.05359996708047914	0.032856052318116606	0.06372636438976738	0.0998320914609779	0.08624151599358806	0.13737179112438094	0.09066819334809649	0.08814537524010915	0.1259265820751217	0.39099350737323946
79000	-2029.2532989616132	-986.8351687774132	-1042.4181301842	0.10951060960800207	0.0956237700545111	0.07796861654427574	0.109689056156791	0.08170537701553619	0.1450507373586645	0.09166612811097931	0.11884407345160772	0.0872018964654587	0.10662371858349859	0.07474500560878361	0.11099033341735944	0.0881431204259602	0.07101111510819899	0.07796379453746481	0.056458082358746095	0.07443208246117299	0.12438418527540826	0.0628591672215816	0.06208968292934473	0.10270628922217996	0.48152332101342377
80000	-2030.420335274272	-982.6100653595553	-1047.8102699147166	0.08113859580969761	0.058053883508283693	0.1162994546139657	0.08915769302176309	0.1003329807754022	0.06400161411854725	0.07786966962314336	0.15064628167654256	0.08066895714071448	0.08195305434751515	0.057999018618882	0.09291600410626134	0.0855787672021853	0.0388630083799281	0.06991986405059057	0.11594193962973799	0.1034577247805679	0.09378692320732401	0.06535658815036287	0.1193884174523716	0.14429804230881238	0.44301168473983743
81000	-2025.1388882164651	-973.6357336109248	-1051.5031546055404	0.08942287128901413	0.09767087908627001	0.10694652746839962	0.060062343988985994	0.15515989576577552	0.07881725128448484	0.11846908446636621	0.0891004068577528	0.05905121474493412	0.14951261707353766	0.054169101102165114	0.06623500826460335	0.15026188155934586	0.03609040980156173	0.09071838236053632	0.11534945481292172	0.044750066683859197	0.09960340861321197	0.08672912656436806	0.1150363625607802	0.12122342132029222	0.4922199573325571
82000	-2024.7569693186688	-965.035611903351	-1059.721357415318	0.07903234440108438	0.1512463339498438	0.1339599719058671	0.03760880959194465	0.11684114629023266	0.12152110218202326	0.0941768780053128	0.08201179714784397	0.052396108208875886	0.14710529187121665	0.07273699106689958	0.13889495615436223	0.05704681956499711	0.029907199530231514	0.08247584744738275	0.06886389746364256	0.07519368319944761	0.06822113237427896	0.09125039819641331	0.052544825234452204	0.11456787522876734	0.5176316443576485
83000	-2023.780797980387	-971.2103529013904	-1052.5704450789967	0.05849240264907241	0.10094808081689562	0.1094898106505355	0.06993279850074287	0.07746834362081062	0.12276399786575061	0.171044035687262	0.11870583542471247	0.041549639968366574	0.07919191869814413	0.08068420572314763	0.08514726175119602	0.06378431462868658	0.045660105189349716	0.09460844482372836	0.09439805760115483	0.06074812997134806	0.13342440795706417	0.09624124020833119	0.0758271488795583	0.10074375588586754	0.5578767794039787
84000	-2023.1169773943282	-974.9816789863796	-1048.1352984079485	0.07482352508995918	0.1255472303785642	0.05167334525168851	0.06077701521677604	0.13963639372544123	0.1063392391305372	0.09439747592132675	0.11145355823591055	0.10358949554798527	0.13134264052020392	0.06823267752623488	0.07300042215797656	0.07185730296466968	0.05836889660887639	0.1012239607960224	0.08922310052306259	0.05950451154184704	0.08346839147179619	0.14780977299223055	0.07345335529010331	0.1666681206403003	0.5467753166994108
85000	-2027.4891789066364	-970.205585184039	-1057.2835937225973	0.06758149419289262	0.13175225162678314	0.07250588694536513	0.060936386940298966	0.08089307705700913	0.07418318044691483	0.05620074603292285	0.0463425891366073	0.05462455879170969	0.09274065189941727	0.06288210029075379	0.1260367693794155	0.11512926802524906	0.04670823767738915	0.07367020334927692	0.08188470284390936	0.09736762555080042	0.08852444508981523	0.09604396163191604	0.07059574926083684	0.1276786254490442	0.6691833574657958
86000	-2022.2732487072867	-980.3563067206459	-1041.916941986641	0.06777311170087312	0.12696612687074885	0.12224010245688514	0.0811861391093251	0.10339748122001034	0.1232079578540008	0.1693588402430717	0.1465756811107294	0.10548871742768327	0.13815065262996548	0.09396684910209074	0.07997248317966583	0.08169327483419359	0.046707332470933755	0.08659219428986428	0.09411579634138974	0.07279892534369857	0.07948661428405364	0.12282238529823304	0.08978800931142945	0.1734931506487801	0.5305773718112312
87000	-2030.6084471555928	-976.8715758146888	-1053.736871340904	0.09399632588780009	0.12636889195827647	0.09511858103647251	0.06311292272495485	0.05738884736400396	0.08169790514711353	0.0905984218496728	0.11664726392758547	0.06727093439498796	0.061765415737233036	0.0724066595343809	0.1375391873326873	0.1478530071932605	0.05521702468854239	0.0696247367056616	0.09707555498383018	0.05932179710656691	0.13607091786881345	0.09865707723075022	0.051190878258510805	0.1151950682685853	0.5866690918359083
88000	-2035.5630239832872	-979.5220846041298	-1056.0409393791574	0.0705836113501594	0.16687372710273493	0.13825885105823613	0.06140136875555477	0.08633626104632248	0.09795904806521241	0.03682032121353379	0.1093370899266853	0.10722647288295478	0.06956041437622192	0.05237384089672202	0.07896994978595437	0.12935801967922808	0.04404124632846959	0.057306577602248006	0.085504477913717	0.11733303632530302	0.06882536233616227	0.09630632164184887	0.07979301914482038	0.11599323957373808	0.5899420595690418
89000	-2029.692337340482	-979.133651449596	-1050.5586858908862	0.04038041522606054	0.1423013571381468	0.04548492842552076	0.06161475538234069	0.12715837211640235	0.09948764958604965	0.07431374701196425	0.07548055370943116	0.06087363125103223	0.10668277370435654	0.06990702445885778	0.13902373548680844	0.1262803499211619	0.052743646194155204	0.08812295706427904	0.05548159198067002	0.08500689581979809	0.11079074767095724	0.09043302044789622	0.07669153791320445	0.17104978187979292	0.3418029613108365
90000	-2031.496391186407	-982.9178715305887	-1048.5785196558181	0.07796041712031127	0.11965032353529519	0.07785431765603334	0.05808094304952843	0.07070531842390358	0.1301424211701589	0.0893255880451608	0.09952005717220504	0.056019984383070404	0.15045209843339838	0.07146457521753087	0.11337472700063522	0.06800175439622219	0.0884520409405588	0.06457867954714135	0.10671195506274242	0.07297451579283624	0.09944374124961534	0.11963144063176304	0.09135583034953859	0.09952931092278242	0.6386690150114507
91000	-2034.3117525129715	-975.0774277196648	-1059.2343247933065	0.03519235900815248	0.07573797474760882	0.11925072406831774	0.031831877460180104	0.06377792723150032	0.07770941009791316	0.1454110608933049	0.17276145466917542	0.0694412474095301	0.11329669929497757	0.04207867006070374	0.0778877288597791	0.09407223574314083	0.06696840903027751	0.09347220313646337	0.07404626172097552	0.07634861186360117	0.15174859789499717	0.09647722474454858	0.10918683701770292	0.17025035946138276	0.4258927740905745
92000	-2020.5405924662105	-969.9266627260536	-1050.613929740157	0.07585876322055138	0.08401763095379819	0.15812554580675164	0.05787982976941323	0.05798933398265234	0.1226303961304284	0.08971142779456073	0.09917807211529932	0.05128034653407772	0.07207166125368789	0.06592022942346541	0.1388051652724035	0.13435821165893547	0.036809497460277125	0.08606833344804268	0.08657641097760302	0.07255771708133456	0.12117793893507815	0.11614354517154411	0.10496818761968053	0.10778606898840744	0.5403723123455995
93000	-2027.9826012446365	-970.9824189414	-1057.0001823032364	0.033194709203026626	0.16980935817473647	0.0629453958832287	0.08207557571800457	0.07907203647783785	0.10311576312647533	0.10423423727675142	0.13403734600018363	0.037381616466673095	0.11415029713226744	0.04434654600227706	0.08075341719423919	0.13262436223723398	0.061275215653285316	0.07074461198368628	0.09065923970167743	0.07885824400700617	0.08301432915791772	0.09850994670602904	0.0657963584032294	0.1353247336291986	0.471892248319865
94000	-2036.9681585491626	-975.5092263733857	-1061.458932175777	0.11019656631534118	0.06381790781503625	0.034842757811886706	0.05492919120377512	0.11833944609362464	0.12075974992024816	0.15332747385450718	0.07972643962017271	0.047902128342023086	0.08208274444580137	0.07218242360968362	0.08764082015876469	0.0633856222587178	0.039491579469953506	0.09508109466077225	0.13359610961690999	0.06884629387972352	0.08053926840393758	0.12777984970306938	0.10492050313009615	0.08254184170386936	0.7723358043243909
95000	-2031.2319400450535	-977.829822731765	-1053.4021173132885	0.09953298719084192	0.09279706418874721	0.10517490319312979	0.07384004744303241	0.11185895766504386	0.14189493667340708	0.06266116759456807	0.07784744190919862	0.04197139575659481	0.14045836726332067	0.09723779110753	0.08676142995394512	0.0819895878568618	0.04631032262880263	0.04256598254433901	0.1178532240494073	0.08541443650832355	0.061127151139491416	0.08913883657836713	0.15388540212052984	0.11032296753066376	0.6178040999434662
96000	-2027.6710417975435	-969.092356680386	-1058.5786851171574	0.07391724111759455	0.1108781301461663	0.0762119450416259	0.0733308494138563	0.08077807119158927	0.08252575477390962	0.09060503286050363	0.14177443307832008	0.024449916926931974	0.07690548987396569	0.12653835986840758	0.07235296091488246	0.10253530327708721	0.02859907599542184	0.09548539244659372	0.09666735986657672	0.10158195560021091	0.07550370102136243	0.07958836822091335	0.07371417783437258	0.0893293288278716	0.5659976804760033
97000	-2033.5139377959956	-973.2646071018441	-1060.2493306941515	0.04853910359399645	0.13376288607250325	0.11067028354253992	0.06180087631393254	0.13631140541235143	0.09375965026849863	0.10989254299940507	0.07495375607397585	0.03982940233943909	0.15338936319504437	0.1168533538525739	0.06095285326434043	0.09105504582010888	0.030870644472752295	0.1414976755525659	0.040139488860358216	0.07743355577376157	0.08225558327888026	0.09392297803247922	0.08653882895587207	0.14213803239132214	0.48926098161750836
98000	-2025.7707265488284	-970.1522622671525	-1055.6184642816759	0.08815231456332391	0.08403718277525263	0.17411655773481355	0.05285522444938302	0.05321946297006581	0.10830512918182941	0.09794249338854516	0.0853486367184433	0.05234412946099338	0.10512015222405191	0.05191323369507685	0.07888649972970778	0.03771138906834669	0.04512573094752889	0.07364762407015527	0.10235323478888719	0.07743355577376157	0.12837217548066332	0.10346911343265118	0.08534754065227128	0.11064800743958549	0.4676668892782946
99000	-2032.0450144522106	-975.5604174279304	-1056.4845970242802	0.06247760026189447	0.0743613184009543	0.10670771617698124	0.08865785996920822	0.050469997244786874	0.07770077939913593	0.10508741055201244	0.15823955124203445	0.09578635391213983	0.11153122946973087	0.06599278051539391	0.1100105661030949	0.05983550363146584	0.03668692831618509	0.04662251767724449	0.08830231243261162	0.09849314067091848	0.08587441850010255	0.10141969956592334	0.06724053232255525	0.12664995121042294	0.6727576604207413
100000	-2040.5018466813244	-988.0663834784782	-1052.4354632028462	0.07035690150000845	0.08169601086803427	0.09273359676974313	0.10920443528533015	0.08954710347178554	0.10732589305476094	0.04722148384806783	0.12252008682728716	0.0765104556516807	0.12282410093942035	0.09049165063532574	0.2022980254092286	0.08678203598849624	0.0378143218032327	0.14578267817200255	0.0754320789067522	0.077809434966539	0.08211975194479113	0.057478708175158565	0.10643029221890013	0.0993086742503144	0.6596654893044345
