#
#model:
#
#<?xml version="1.0" encoding="UTF-8" standalone="no"?><input id="posterior" spec="beast.core.util.CompoundDistribution">
#    <distribution id="prior" spec="beast.core.util.CompoundDistribution">
#        <prior id="lambdaPrior.Ai" name="distribution">
#            <parameter id="lambda" lower="0.0" name="x" spec="beast.core.parameter.RealParameter">10.0</parameter>
#            <Gamma id="Gamma.0" name="distr">
#                <parameter estimate="false" id="RealParameter.1" name="alpha" spec="beast.core.parameter.RealParameter">2.0</parameter>
#                <parameter estimate="false" id="RealParameter.2" name="beta" spec="beast.core.parameter.RealParameter">200.0</parameter>
#            </Gamma>
#        </prior>
#        <distribution id="snapprior.Ai" lambda="@lambda" spec="snap.likelihood.SnAPPrior">
#            <parameter estimate="false" id="alpha" lower="0.0" name="alpha" spec="beast.core.parameter.RealParameter">11.75</parameter>
#            <parameter estimate="false" id="beta" lower="0.0" name="beta" spec="beast.core.parameter.RealParameter">109.73</parameter>
#            <parameter estimate="false" id="kappa" lower="0.0" name="kappa" spec="beast.core.parameter.RealParameter">1.0</parameter>
#            <parameter id="coalescenceRate" name="coalescenceRate" spec="beast.core.parameter.RealParameter">10.0</parameter>
#            <tree clusterType="upgma" id="Tree.Ai" nodetype="snap.NodeData" spec="beast.util.ClusterTree">
#                <taxa dataType="integerdata" id="snap.Ai" spec="snap.Data">
#                    <taxonset id="SthBarrington" spec="beast.evolution.alignment.TaxonSet">
#                        <taxon id="SthBarrington_BT10a1" spec="beast.evolution.alignment.Taxon"/>
#                        <taxon id="SthBarrington_BT8a1" spec="beast.evolution.alignment.Taxon"/>
#                        <taxon id="SthBarrington_BT9c1" spec="beast.evolution.alignment.Taxon"/>
#                    </taxonset>
#                    <taxonset id="MtWilson" spec="beast.evolution.alignment.TaxonSet">
#                        <taxon id="MtWilson_MW12bm" spec="beast.evolution.alignment.Taxon"/>
#                        <taxon id="MtWilson_MW5bm" spec="beast.evolution.alignment.Taxon"/>
#                    </taxonset>
#                    <taxonset id="Termeil" spec="beast.evolution.alignment.TaxonSet">
#                        <taxon id="Termeil_Te3bf" spec="beast.evolution.alignment.Taxon"/>
#                        <taxon id="Termeil_Te3c1" spec="beast.evolution.alignment.Taxon"/>
#                    </taxonset>
#                    <taxonset id="Broadwater" spec="beast.evolution.alignment.TaxonSet">
#                        <taxon id="Broadwater_BW10af" spec="beast.evolution.alignment.Taxon"/>
#                        <taxon id="Broadwater_BW19cf" spec="beast.evolution.alignment.Taxon"/>
#                        <taxon id="Broadwater_BW31am" spec="beast.evolution.alignment.Taxon"/>
#                    </taxonset>
#                    <taxonset id="Kerewong" spec="beast.evolution.alignment.TaxonSet">
#                        <taxon id="Kerewong_Ke18dm" spec="beast.evolution.alignment.Taxon"/>
#                        <taxon id="Kerewong_Ke21b1" spec="beast.evolution.alignment.Taxon"/>
#                    </taxonset>
#                    <taxonset id="Dampier" spec="beast.evolution.alignment.TaxonSet">
#                        <taxon id="Dampier_Da11a2" spec="beast.evolution.alignment.Taxon"/>
#                        <taxon id="Dampier_Da19a1" spec="beast.evolution.alignment.Taxon"/>
#                    </taxonset>
#                    <taxonset id="MaresForest" spec="beast.evolution.alignment.TaxonSet">
#                        <taxon id="MaresForest_MF13a1" spec="beast.evolution.alignment.Taxon"/>
#                        <taxon id="MaresForest_MF17am" spec="beast.evolution.alignment.Taxon"/>
#                    </taxonset>
#                    <taxonset id="Olney" spec="beast.evolution.alignment.TaxonSet">
#                        <taxon id="Olney_Ol20bm" spec="beast.evolution.alignment.Taxon"/>
#                        <taxon id="Olney_Ol4bm" spec="beast.evolution.alignment.Taxon"/>
#                    </taxonset>
#                    <taxonset id="NthBarrington" spec="beast.evolution.alignment.TaxonSet">
#                        <taxon id="NthBarrington_BT4a2" spec="beast.evolution.alignment.Taxon"/>
#                        <taxon id="NthBarrington_BT6a1" spec="beast.evolution.alignment.Taxon"/>
#                    </taxonset>
#                    <taxonset id="Cumberland" spec="beast.evolution.alignment.TaxonSet">
#                        <taxon id="Cumberland_Cu12a1" spec="beast.evolution.alignment.Taxon"/>
#                        <taxon id="Cumberland_Cu6a1" spec="beast.evolution.alignment.Taxon"/>
#                    </taxonset>
#                    <taxonset id="Dorrigo" spec="beast.evolution.alignment.TaxonSet">
#                        <taxon id="Dorrigo_Do2c2" spec="beast.evolution.alignment.Taxon"/>
#                        <taxon id="Dorrigo_Do5bm" spec="beast.evolution.alignment.Taxon"/>
#                    </taxonset>
#                </taxa>
#                <parameter id="RealParameter.0" lower="0.0" name="clock.rate" spec="beast.core.parameter.RealParameter" upper="0.0">1.0</parameter>
#            </tree>
#        </distribution>
#    </distribution>
#    <distribution id="likelihood" spec="beast.core.util.CompoundDistribution">
#        <distribution data="@snap.Ai" id="treeLikelihood.Ai" pattern="coalescenceRate" spec="snap.likelihood.SnAPTreeLikelihood" tree="@Tree.Ai">
#            <siteModel id="MutationSiteModel.Ai" spec="beast.evolution.sitemodel.SiteModel">
#                <parameter estimate="false" id="mutationRate" name="mutationRate" spec="beast.core.parameter.RealParameter">1.0</parameter>
#                <parameter estimate="false" id="shape" name="shape" spec="beast.core.parameter.RealParameter">2.0</parameter>
#                <parameter estimate="false" id="proportionInvariant" name="proportionInvariant" spec="beast.core.parameter.RealParameter">0.0</parameter>
#                <substModel coalescenceRate="@coalescenceRate" id="MutationModel" spec="snap.likelihood.SnapSubstitutionModel">
#                    <parameter estimate="false" id="u" lower="0.0" name="mutationRateU" spec="beast.core.parameter.RealParameter">1.7346278317152102</parameter>
#                    <parameter id="v" lower="0.0" name="mutationRateV" spec="beast.core.parameter.RealParameter">0.7024901703800787</parameter>
#                </substModel>
#            </siteModel>
#        </distribution>
#    </distribution>
#</input>
#
Sample	posterior	likelihood	prior	theta0	theta1	theta2	theta3	theta4	theta5	theta6	theta7	theta8	theta9	theta10	theta11	theta12	theta13	theta14	theta15	theta16	theta17	theta18	theta19	theta20	TreeHeightLogger
0	-2034.6480709597404	-984.3453136394597	-1050.3027573202805	0.042645299854116435	0.10045593651987655	0.1403688596640477	0.0584599124717792	0.1199803065568233	0.14259701693063853	0.08378043052155296	0.129535266996779	0.1160771947221671	0.16052639790044354	0.07266456550148388	0.088434539074521	0.180224462141265	0.03743638915917383	0.0641173993075566	0.13621739991737505	0.10530194855063664	0.1237489430521443	0.15696317100545315	0.1497663197345375	0.13692568596291388	0.5309530527401876
1000	-2034.95586576174	-987.7104772541196	-1047.2453885076204	0.050815116474554764	0.09882830412888798	0.0825560346295123	0.12317807774639689	0.07775115651452691	0.12298655953904179	0.060695259071749004	0.10943019792856462	0.07774271545170168	0.11852466676795045	0.09973961356620378	0.10251415413857023	0.12878172075583152	0.05081138115101389	0.05333989206395107	0.12398788207766012	0.12741716813021908	0.11447797319009036	0.15918882710270169	0.05128253938346555	0.10692118932834827	0.5140944056693307
2000	-2026.8799388404889	-973.6145501698218	-1053.265388670667	0.07911411224380475	0.16443122687783604	0.046570492266212765	0.05600808054517776	0.10890765569517757	0.08320592062976298	0.11128726713189119	0.13078106597439018	0.05104347634048894	0.0884431522064076	0.12702941594301062	0.1043404497474122	0.0965703110745129	0.026843925124084612	0.09626167881081321	0.07985470131302845	0.08202327153143252	0.1094445714842485	0.06546994180142982	0.1338147645345762	0.10259419069611311	0.49211534059105994
3000	-2028.8250789110316	-987.0626586358678	-1041.7624202751638	0.1010355818794328	0.10601811027289192	0.11526789410762328	0.06027026282930805	0.07649326844147449	0.10625343235100103	0.0993713904313206	0.09879559984563308	0.0786856989456065	0.11017541800540406	0.055109112953192714	0.10671957904918983	0.07754607006781625	0.03556835311565852	0.08638519026694494	0.06737300314067389	0.0813203481937461	0.11472125710142117	0.0864060266356596	0.10241595618111278	0.11216771165153627	0.31615924581839894
4000	-2037.9824365306845	-998.1388891863566	-1039.8435473443278	0.0917968337491415	0.15101140701922997	0.060653918331331394	0.08890081954006207	0.09615956575794488	0.08691563805750437	0.08306970089136721	0.0975256261892677	0.07168007257195032	0.11368047494078551	0.11926113285572504	0.10499634333009454	0.09000232674432894	0.04785399925691455	0.08356131816075094	0.13323827763034102	0.07339101961908143	0.09946406706554903	0.06133153151724153	0.11048157198668514	0.09147676558681918	0.338004700147115
5000	-2043.486166038221	-992.4866888042066	-1050.9994772340144	0.07244619926138186	0.08550177182652761	0.06947000802862882	0.058934769716865905	0.13808248584183752	0.08613120785785483	0.1625997742606827	0.04430197590553389	0.048625855961540614	0.1383934486507479	0.08798211692990124	0.04419238715594484	0.15874246373631623	0.06951073082847253	0.0887014322849981	0.10624527354469362	0.12836884339793941	0.07995318677776028	0.11024401923466283	0.08946861544126909	0.10731878270139915	0.4794851312512808
6000	-2036.3441040720186	-993.5411661369359	-1042.8029379350826	0.07195862278627471	0.11138078062196498	0.09872202444490492	0.0627410001694528	0.0850649886995379	0.06987689155967758	0.11625724604802891	0.12200546716043525	0.15319264240162336	0.11252025131741937	0.11461210767264794	0.07749006094715125	0.09331459910614959	0.06499633417861055	0.06484528788059307	0.12362257584859766	0.09561583940505429	0.22628529632027605	0.14142686598043597	0.10585010864682334	0.13794409277962194	0.5218088088281555
7000	-2041.110738107334	-992.1280469542685	-1048.9826911530656	0.08914725415967123	0.0768365102750266	0.058191016334225236	0.10116311597464249	0.07007967684044629	0.0835258927026613	0.044964579639464125	0.09845168161227984	0.10193734163817772	0.12582844686987524	0.06288151414558509	0.13267231106439387	0.055510158879881526	0.07692624355821223	0.10180665453271456	0.15357991199118154	0.08027610467775514	0.12287168371798347	0.12818886707288296	0.05586606633564367	0.22920896136149577	0.39932924055022795
8000	-2034.9039593959926	-987.7485514743987	-1047.155407921594	0.06911491370624412	0.08138900189034924	0.08145158426908516	0.07053070195689647	0.0828931211718665	0.11254847645009787	0.07566371527115684	0.08768693785842206	0.11343779125568662	0.13000340868215413	0.07556908782849656	0.10262319425071731	0.10349505571154773	0.03221483979199639	0.07366245063626407	0.07482234107785111	0.09875260729468965	0.07567949911037547	0.18625188180755042	0.15920996696924763	0.11498367769407801	0.47198194904380497
9000	-2036.3970007704831	-987.395122767851	-1049.001878002632	0.10630539097253408	0.11626281446611603	0.07428880969468299	0.07501412120814151	0.09578164287787903	0.08995945494977406	0.1315813118464145	0.12651392511427656	0.09304055679861864	0.061381249788043914	0.12816629539803312	0.0804883408644886	0.05142311190090949	0.04895907929935636	0.11039752677159965	0.10916719977126724	0.08352029404021899	0.05411327458731653	0.14583184265556512	0.10705453047527362	0.10302630889236608	0.6651116181471308
10000	-2046.168734092166	-986.6337779213884	-1059.5349561707776	0.08899170388018718	0.05426010568407903	0.06197785292858214	0.06856391304032346	0.1278117551937286	0.10980986804053665	0.08429197852794557	0.08761575313694303	0.03617053862485114	0.13267740615078719	0.06421267282536687	0.08962342900138015	0.08443891133757804	0.06520977304243504	0.08854577229836265	0.09556212780294526	0.049945133872506625	0.10775726416555774	0.10846815355928148	0.045437454643281014	0.06715614324525836	0.61253888637203
11000	-2040.90824177462	-992.7198852864698	-1048.18835648815	0.07271744593508975	0.12869476672478955	0.07534354886419393	0.05015204301772381	0.08811058607874618	0.10530227786880847	0.06391116876386899	0.0995309707992744	0.10892817430878411	0.08503108770278596	0.05070009398298653	0.08427255526075085	0.1517129681869538	0.046002684940856964	0.09074908555375144	0.07394091206549483	0.1387316049754502	0.0694487031338638	0.07888642064421376	0.06306924608700938	0.11935945301985419	0.3412927853275527
12000	-2047.0827122296037	-996.2522735747872	-1050.8304386548166	0.08750498697219987	0.08788313003235777	0.09197233392959911	0.046210981029969886	0.12163766452517724	0.11094757188456739	0.12309543398275574	0.05964191531048573	0.17407115549231103	0.1284184813508905	0.0923378144975533	0.1546971493354442	0.05627672044922831	0.060456862283985745	0.09736613306290014	0.15727794848796822	0.03538068456552606	0.15837424232963349	0.10540769259955855	0.061319683523519936	0.17251898213444194	0.3177887311991995
13000	-2036.8965033720947	-993.1525337720633	-1043.7439696000315	0.050738342942909714	0.10594429510615759	0.07086343282098757	0.10133889841779263	0.10093608041087056	0.12126448501012085	0.06275260486089224	0.07441535313567532	0.08563266347603314	0.13729513884163763	0.0989068989836067	0.15889678984268857	0.06522961492413146	0.04475992667573602	0.09942384550742536	0.09706375146604435	0.10842168614932068	0.08291813545630378	0.1312793979201998	0.06461917646033806	0.09991798584404868	0.33949979390450286
14000	-2041.886000035497	-998.6640066656013	-1043.2219933698957	0.09024650259515235	0.11932106400752115	0.13873296816259484	0.08528999340185993	0.0590917514225744	0.14625274842103478	0.13764590529862394	0.13533924920578372	0.058472265721351654	0.07749257670860604	0.09326729656336558	0.06698550182775016	0.11426037707960249	0.040357708302508816	0.06225819662187565	0.07807506180192904	0.11321186019704944	0.13085677851509148	0.14558291774581192	0.16064018179233747	0.12442101336745674	0.2938303513030304
15000	-2036.4833167790064	-981.3658381101602	-1055.1174786688462	0.06495124321768223	0.07076257735086021	0.08786109915576659	0.04397264403769675	0.14024592336757202	0.1001355565647732	0.08846244922369101	0.11360644625462456	0.0771067177962623	0.11309356878584292	0.08556420820164126	0.04301084018324206	0.08204982028233673	0.03400972026843209	0.165534937417749	0.09918935181463752	0.12013256050973523	0.05032134817751889	0.08369034912474439	0.14427957724797297	0.1557675798079428	0.3914562175853391
16000	-2036.2877691232115	-984.7718461992224	-1051.5159229239891	0.07050488171706328	0.0785709162742211	0.1274801166886775	0.07456704820883395	0.08402757773324597	0.11298403901920019	0.12428223206335273	0.07386673295559354	0.06108864620014834	0.12623455398829184	0.08679599022380959	0.07079429653918277	0.08142125130807094	0.03531214382120233	0.1088681875732456	0.07809539867094444	0.1373030974377799	0.20988254976425647	0.16013915738344967	0.09241763650731376	0.10078510864561764	0.4251734376272828
17000	-2031.55758973808	-986.2038364278438	-1045.3537533102362	0.0646575857308065	0.07465745854695996	0.0809668719424543	0.0869609110546798	0.12093515914213135	0.1101575061641652	0.05190637754387078	0.10309270924294421	0.10857684872947938	0.08024395807198745	0.10490539981817089	0.08980110831323439	0.12568015399307392	0.040111523311211074	0.06745601036515804	0.11754423628733521	0.11304721985774807	0.05713103020791292	0.12283413028427041	0.08754318565735057	0.12008820745958702	0.38236644956456695
18000	-2050.387440775655	-1012.9312113989693	-1037.4562293766855	0.06939304239335443	0.13820722543206615	0.10933751681403847	0.09348036544334201	0.1071341588567944	0.15281780618457771	0.11983137663418512	0.10139588810276237	0.08357075758279184	0.10260301513354451	0.08261707037085114	0.11924213560321656	0.07063371540853605	0.09980323208478886	0.08433483716065336	0.15727681535656088	0.09106205070638822	0.12360107988909187	0.07530141824341749	0.09821565845473182	0.18768455383228186	0.4113051139986714
19000	-2045.249712530924	-1001.7178078649024	-1043.5319046660215	0.06381510837534811	0.10566115172666066	0.09964424975549986	0.0743398937292695	0.07829252366651317	0.15561390563129893	0.07685741337186422	0.11598585352020581	0.06504416540970977	0.11593980239536888	0.10191963173610331	0.14388749334223394	0.07701294507983737	0.037142011808387596	0.09232452803121718	0.10746716011859943	0.08813792853070883	0.1350063337219637	0.10556463739594102	0.07965763276577127	0.15327078496079313	0.4730785132107764
20000	-2041.9219193124327	-999.4380639793649	-1042.4838553330678	0.10541396343297137	0.13864030988405932	0.1374780471304207	0.10652323944304287	0.07526331237421323	0.1215240729425927	0.12326236861106636	0.060059018162760464	0.13019230249853725	0.12033261935120819	0.12779991589243744	0.14825559473488104	0.14265217920358367	0.07765522763818408	0.08034616206254545	0.0668294724541377	0.08440882020398395	0.10717677732647064	0.10589209303402518	0.056883308477115736	0.13161056784237204	0.7264989148126114
21000	-2042.155384631047	-998.9572913795371	-1043.1980932515098	0.0651069168757166	0.11003986779016492	0.05709993103286633	0.06304421215796482	0.06940847446039648	0.05261719757111096	0.07807333291107998	0.11000660751704879	0.09792373323335425	0.13905636872943578	0.1553316736512529	0.18075886031578461	0.13797603135742845	0.08282109226792635	0.09329877409419801	0.11066854617462273	0.08364736840240822	0.07118140715092243	0.08840557004204058	0.07450724805533541	0.11569848493910065	0.3316209162310058
22000	-2037.462242207582	-986.059794042915	-1051.402448164667	0.08741665456415769	0.1522707079540588	0.0783968182306712	0.09268500885950735	0.13123839220984335	0.09852707247431455	0.24359273146529853	0.13959115945386918	0.056583239735711784	0.11992345479376289	0.14976493731443394	0.05343921059311601	0.05860733596556297	0.05114290630390229	0.06942857318900432	0.07047325162755179	0.09828763789403218	0.10205313966894443	0.07903184792450292	0.07695436381184069	0.1556545374781258	0.41601359225354956
23000	-2039.8846444396142	-991.09528584793	-1048.7893585916843	0.08272909707498834	0.11370397665748555	0.14779538472310785	0.08580173826220273	0.09205350645848881	0.11933873151051631	0.07011417173177102	0.09622716012857022	0.09372001620001255	0.07461343937982683	0.14003310639452166	0.10003912104814829	0.09041703548544419	0.03453761152315292	0.05837788949496144	0.10013969477012673	0.10736355651324031	0.10215970089207638	0.05011591322241957	0.05954181934161695	0.14041801562795014	0.4230458671891453
24000	-2043.83196887993	-991.8123314521893	-1052.0196374277407	0.07146117812411928	0.044307490280214724	0.0817714811604485	0.12772908948034725	0.13890192243215022	0.1438428072680719	0.11063266707136422	0.06451951385870168	0.029181996092554726	0.11733249285164521	0.12213442283673735	0.08369591360520925	0.08161884155698423	0.050984598521760446	0.15956944361480535	0.08443516363262675	0.06031706279730611	0.11692504022884079	0.138879675289322	0.10310592492910288	0.08335146640823159	0.37924466940358287
25000	-2030.3563436380177	-986.6254581624477	-1043.73088547557	0.08835727114946287	0.12331621867367669	0.06968636258165746	0.07115663415273955	0.053683423102582846	0.10643936783354159	0.12457932810008716	0.09220915301474078	0.11015879977298851	0.07931092956644047	0.09327200491445926	0.09814213953944051	0.08333291574348112	0.05198633679984138	0.06800175625006726	0.0669825255798669	0.08789483492374438	0.11122559035697883	0.0893912973393989	0.0850954508651377	0.08673769976193459	0.44303016246643995
26000	-2036.126488908759	-993.0562339029586	-1043.0702550058004	0.14027328634690997	0.10532442036281757	0.10264872458217728	0.06855507330386434	0.12508689146372462	0.12509064795722463	0.11192792044241025	0.1652852537118641	0.060181184222012254	0.16167763638002514	0.06581876960282405	0.08148840253438297	0.13451785205306316	0.08542240469252864	0.11905540279090526	0.09955152203420495	0.06538644459638654	0.09498222275457886	0.1366613064363439	0.10905791955615794	0.15919647987826036	0.6860943292459989
27000	-2027.774540967469	-980.1821731488957	-1047.5923678185732	0.09238107233342593	0.0934952930996924	0.1207368550103382	0.05460239289873856	0.0745546470956246	0.07175675296581391	0.10360743621503687	0.08461848573366358	0.05223884197728445	0.10097517339740533	0.10048708639513441	0.1111409074016834	0.11485495685326055	0.04665064589490087	0.07633731908180531	0.09466242918525979	0.11913942183328463	0.09462355897800676	0.09803636079250314	0.0628069997367045	0.08363883646825339	0.4790577696158866
28000	-2024.3533290805467	-983.8597870682295	-1040.4935420123172	0.06565159922055232	0.11322270806079826	0.09395735086908631	0.055052533594204596	0.08891266111360534	0.11691535033664377	0.12591159838576993	0.15376899347088205	0.07481818238565385	0.16721215030302153	0.07181935179570594	0.09872725298159016	0.10449951908741832	0.05671179070703535	0.07905693662279505	0.10723086459542157	0.09316249257767133	0.10069620320195105	0.08004169845046422	0.09848998232382788	0.0989466019993539	0.44217757234328975
29000	-2032.6641361219147	-991.2514469372582	-1041.4126891846565	0.11851980855944465	0.07325404694352906	0.14868100573835474	0.05835595307411299	0.10791958196720189	0.10355427523176935	0.057156769446055466	0.09460619972186718	0.10971653567477345	0.1317946431959959	0.09757518259100871	0.12925308468431046	0.09957551520782484	0.07032085596330953	0.08407850621508442	0.08969955285717625	0.0657444457712713	0.14441817697067408	0.06791668322728663	0.14523452097196504	0.12743901184098036	0.505979440314489
30000	-2046.086759777722	-1000.3913865910112	-1045.6953731867109	0.09030894297986619	0.06530353589954813	0.11926116215414491	0.06026332279182919	0.15496137468452612	0.13170612178634697	0.05915992241586283	0.12335409502425115	0.07415834953643637	0.1355279308010312	0.05874664278554743	0.09893716788788676	0.10115433151257922	0.059327220819327744	0.11565425142913457	0.10922651691083508	0.10399220168382094	0.07030793721219333	0.07121221532328238	0.04751543856370372	0.11418086775951906	0.3609357228105041
31000	-2035.2684259955818	-988.0840626794428	-1047.1843633161388	0.07846560742184923	0.13467981822473216	0.07185170303401554	0.09919087579853868	0.06998531678010148	0.10565627434726169	0.1011460162852856	0.09279239518286174	0.052543658940972425	0.1084639153696952	0.17084974621549737	0.06561020052362358	0.07993386800803322	0.04745262494181261	0.07282055123372208	0.0776341933222271	0.06106234249891189	0.11436552889210938	0.10573546135304812	0.08555939210050598	0.10275946008219251	0.4404251770998778
32000	-2045.9335994195628	-1000.2000571025876	-1045.7335423169752	0.09853315468430109	0.07695843425565252	0.10293337025347148	0.08650620664874284	0.07989103220069267	0.0953982352663342	0.07634980296556226	0.1000059178543693	0.08642436447263026	0.06994215073890213	0.0927145298041501	0.15508995238667173	0.07545246091613438	0.044314367857088165	0.10039485985338824	0.05226041345113205	0.05502342419189185	0.12162158919181702	0.0927583455712497	0.12395960514891471	0.13391236453957714	0.3975917341317889
33000	-2026.0626049334155	-989.5471306957467	-1036.515474237669	0.08821407541865371	0.10765921969810727	0.11881005393555528	0.04316203688211932	0.10889565086392249	0.10344330296658268	0.08526996985053294	0.12373259046077213	0.06955792090416563	0.13435690533085115	0.11857521974590914	0.13420180401964607	0.08998875114893534	0.06055320269471301	0.11524250553987114	0.07678172944909833	0.1041155202273388	0.1366266434199899	0.11802899046484608	0.08343107126617591	0.14079289536941916	0.33765494275260266
34000	-2033.2320910992996	-988.6458879051781	-1044.5862031941215	0.03760989534433538	0.1167674683854054	0.08568677422537543	0.08736957033625162	0.10354535631040956	0.1253551014340843	0.1621201107618926	0.12693238493333228	0.07772779497119313	0.10510114322723903	0.08120729410069742	0.05885938800063911	0.11722367442344458	0.05596813241321353	0.07044415275353308	0.13914953716430623	0.12490440837808683	0.06282463942176869	0.08362626197270656	0.08322253970340807	0.14500995083694693	0.3456940226177052
35000	-2027.1403055242104	-980.5035391068585	-1046.636766417352	0.06798650752632152	0.0583232684492902	0.10212320576513444	0.07896733412703946	0.0672995488242706	0.09423070519485982	0.08965446883701308	0.08789610810015881	0.10464864644801908	0.14942133840609195	0.12649566371046847	0.11600952972992613	0.08476298242376708	0.040868047519726156	0.1150714774506999	0.08199595090112612	0.09084397631140273	0.07117359866874208	0.08345237420062161	0.08514834560870774	0.0738551138828651	0.5123845214523911
36000	-2030.249006924155	-989.5626642206996	-1040.6863427034555	0.06264270860287365	0.0983875349373091	0.07928074386896411	0.06376728400802106	0.07243313898047034	0.09302757284432195	0.14330416081842792	0.09186697488504937	0.06263293962427043	0.0821036167671131	0.08801422471955857	0.06849377822545291	0.12343248931067485	0.06887626435409144	0.09630985534078822	0.10128206747532692	0.07708444772101467	0.09942697580015365	0.15472223296468948	0.13073031675520372	0.09201689746925056	0.36518570902625114
37000	-2038.8284190199493	-994.6234875265243	-1044.204931493425	0.08150119881226324	0.07189073187322931	0.05277653480729	0.0979292141013845	0.11341389685628835	0.18412353682292665	0.07994200343241131	0.1138857604477164	0.07177603316000632	0.12035220463184278	0.1009655525056267	0.13870527012276943	0.11057095896341879	0.08851583413201143	0.12900135260628162	0.12397270384007979	0.08063145145347064	0.13166231805642703	0.08120655422431619	0.09623915993137239	0.11406512081079441	0.8234072009963703
38000	-2040.8740325340364	-1000.7271196951998	-1040.1469128388364	0.10743132977324038	0.13373142594773835	0.10886101557675708	0.05210346127244566	0.06518314567145768	0.09453259059159069	0.08555166919020656	0.11435003770106793	0.11194172480658901	0.11937836523187847	0.07689159213809468	0.080464497227433	0.11252692053077691	0.10478789428409852	0.18911797711333225	0.13409434173699528	0.07285263732580977	0.08063905013102689	0.06570891547275863	0.0895016693184166	0.07275199163769118	0.3592723580686971
39000	-2036.4269721848277	-997.4802374660713	-1038.9467347187563	0.07302057886771819	0.10317792287049252	0.12046414355324661	0.05721214789215681	0.09580813846238019	0.09566818570225646	0.07549656250438622	0.10561506972318147	0.10393865810620535	0.08850791026537203	0.10050691527134337	0.12721354118761	0.11848512087429348	0.07009993707743568	0.14156712634456098	0.061991767453523236	0.08127637276922654	0.14315110372804038	0.10550273142109065	0.12245267595803294	0.10582945417737602	0.42666016127774503
40000	-2031.0141690983091	-985.4026669096216	-1045.6115021886876	0.08518935216122175	0.12182795385163936	0.06168906384211105	0.10610825258160857	0.05885744211480206	0.09326908862462667	0.10703409144304493	0.128441674387118	0.10162912643105207	0.1318828685392786	0.04979341120927233	0.13102960788391324	0.09037914746904703	0.0389704627890306	0.0834267158519571	0.10027992851698497	0.05088627192822742	0.1120327742377193	0.06632515300055432	0.13141189515884324	0.08729181436268901	0.33546575794968564
41000	-2029.1159398713105	-986.5272002582853	-1042.5887396130252	0.10274623340534184	0.16686463807018262	0.08138923091649951	0.0918835053487053	0.08190038067355417	0.08381153606161056	0.1382429412347454	0.15170088036253632	0.07890254313403326	0.1260927931515114	0.08136203665181975	0.14739021194006433	0.1052869580959683	0.05504905667834862	0.11509594859811999	0.09414971835093784	0.07117851297574998	0.07817711983974544	0.08992301326298481	0.050053892000094156	0.16303242304954516	0.4042522738982214
42000	-2036.0475077508859	-991.0565571971032	-1044.9909505537826	0.10023730800530961	0.0741264682640605	0.07791870936978988	0.05007216583193642	0.10429118965255536	0.11186661727078803	0.12523736628884485	0.10966522123922685	0.06949447035858881	0.13039970971045328	0.08725103055226857	0.10709050638796601	0.08787274405864283	0.05420379597896266	0.17584590157412194	0.06581288266353744	0.11747899934922527	0.16001307135084203	0.09792703333245459	0.07471098273654134	0.19904695487600843	0.42937128856184187
43000	-2047.2509159604133	-996.2092420702675	-1051.0416738901458	0.06219811066499719	0.0861364198738441	0.29306677890060556	0.09426829603941615	0.07705983557182344	0.09334683006876011	0.08774633950415132	0.12846970436295987	0.14330655694606173	0.14320904558810105	0.1385491530808446	0.10057040125762458	0.12903039495971869	0.07777642727464405	0.07249598525604191	0.11093549966016938	0.07109649012731241	0.15142598366647805	0.07831421617383645	0.05817453158722346	0.12184317269922151	0.5816526460906083
44000	-2025.825714212368	-980.2045332336379	-1045.62118097873	0.09023975830490906	0.10769282057047351	0.09482102411241984	0.04888474526498815	0.11596590515375757	0.12681750082748242	0.10668969779856577	0.09852204574196192	0.09972927803001738	0.09127367441462739	0.07385445194270773	0.12188728945843284	0.08325353836243284	0.053529462004196456	0.09661238127498278	0.07409707165171828	0.09138309481558221	0.16214808652433046	0.13092150402664748	0.045531712313585625	0.12850722608487364	0.5043104984370261
45000	-2036.5436851322538	-990.2448355410726	-1046.2988495911811	0.10744930916668181	0.11615779235386196	0.08905652321927957	0.08814005206048481	0.08640735434756931	0.09879277635004959	0.0996274603694073	0.08042060554732804	0.16975312271179674	0.09981138464583936	0.11237414389081077	0.05475556129264393	0.08955593639553612	0.06785604525678537	0.11684897987616664	0.11617292040199227	0.08968087501669555	0.11711908686158906	0.04163819762620191	0.08138481738123068	0.17542556018094327	0.6473508792906815
46000	-2050.390527786645	-998.6244337245754	-1051.7660940620697	0.20920737980632506	0.06967620435047756	0.09637327785426356	0.05833498617317738	0.17064903332023906	0.16064436134844828	0.05311590231960031	0.0572218126175882	0.0618014778913633	0.14411904935669437	0.08983585819206773	0.1696629120825854	0.16377900703599857	0.07093944339718826	0.09038301814317655	0.12966717424122878	0.11728383673655939	0.08555494752495298	0.13493470009810182	0.06475137684952267	0.12421955362261801	0.5308011295690988
47000	-2040.697605763985	-985.604193632151	-1055.093412131834	0.13255133666073576	0.13227055785399575	0.12328095824676401	0.03386399289864965	0.10344464511097083	0.17984225680008492	0.07916827744994603	0.15370554858770438	0.16643735219882333	0.043274996058424726	0.09274696739000865	0.09314111170548886	0.07750111062900256	0.059747968056437166	0.0855002578176261	0.09613995260835709	0.08280166291108419	0.12993176722163285	0.11025305255179033	0.06436938111052784	0.07420928068723803	0.7198274086880067
48000	-2037.7035534379347	-985.7823836970314	-1051.9211697409032	0.08759712977545056	0.06301339968099923	0.05443808992010287	0.0740894667538799	0.14573684436906298	0.17081595674242775	0.10639133633115323	0.12654959476541117	0.03943544766296634	0.0883987302861485	0.14444538822109843	0.047440086411087296	0.061908815372320715	0.0884158061491854	0.07750306728450883	0.08230290588910144	0.08204563974706094	0.08941412698910654	0.06533136630912684	0.08591113394730715	0.10033077452981054	0.43447915145926425
49000	-2042.3446181484978	-991.0181264811322	-1051.3264916673656	0.10704686072077317	0.06876156765766102	0.14626982164660168	0.05801024495173885	0.08199569924934552	0.07603246665338494	0.09889946041394422	0.03231246897851548	0.07974397062340209	0.17094372557532816	0.09620629353324663	0.05308624490901295	0.08877774059892066	0.047086831771681825	0.11340347416986332	0.09005994106768302	0.09588554277381707	0.14240721530861974	0.10512473139969603	0.07486554054376957	0.12142317556273473	0.4211616690557521
50000	-2034.472322194449	-990.9684716174702	-1043.5038505769787	0.03959291940621177	0.09130283858815008	0.09569014784378456	0.044393300291201115	0.09387224331373326	0.15210171738145642	0.135551181628972	0.07237481338236101	0.07819559080158199	0.10278787831128486	0.1075661947141547	0.1127517617024305	0.08522386860742359	0.06469317874459608	0.07755385018503157	0.10317867235045779	0.09416242121922627	0.11593096067621184	0.05763530822163622	0.08966161833495478	0.1276342404785344	0.330091939948494
51000	-2053.4078993264093	-1010.0184891479282	-1043.389410178481	0.08393733504660687	0.07176468420567597	0.15648446518052034	0.1292889937682408	0.11238695717806144	0.15996134669833778	0.12108304904299985	0.09580376465969113	0.05174942537367117	0.10150206750462806	0.1306826654157243	0.08450597001642059	0.09123695202693197	0.02437251985632956	0.09546288355984996	0.09256126735542052	0.06837109190770925	0.10933873422593093	0.11001080539319621	0.07017720547429504	0.1033428690274573	0.27667338050706536
52000	-2059.539866859462	-1009.4183610690189	-1050.121505790443	0.07439608828112557	0.09597173994427852	0.05576360372481831	0.04762131692719821	0.13820637358960364	0.06988342078158438	0.1125643798745996	0.11147433826696432	0.08300927346156889	0.11953816964917766	0.057186681948418444	0.06300803278162427	0.0745252022609424	0.052662281853820235	0.07088672798736341	0.0767077960059727	0.06643536137909674	0.06758081792019041	0.07770406462869608	0.08357253611161988	0.09685753723052136	0.2729193410108999
53000	-2060.4434401998697	-1013.5232651246897	-1046.9201750751802	0.057517332935396896	0.07324629761650267	0.09888866600720227	0.06341478923916527	0.0962751038115257	0.12938493376547544	0.09509048654112917	0.11689239796019026	0.1125545975804973	0.11452257878053211	0.05073398963919358	0.12857174524333465	0.11729317515969272	0.07025671368202983	0.049843515645927525	0.13348674993700185	0.1598603809525156	0.06272167807611544	0.06861010411566659	0.05979779685457579	0.16310970988106352	0.28559452205703734
54000	-2034.8370883993102	-986.7737769725394	-1048.063311426771	0.10650975638902362	0.11704469142029886	0.079178176343408	0.041184500432971546	0.0749875620493691	0.11303299686279879	0.09645130150693891	0.07884084529627042	0.04953006096180237	0.20857582296414964	0.08935813289661071	0.09153577894272028	0.16836149717406046	0.04043507167370068	0.0822747021092574	0.12009066530570742	0.09736226444002959	0.10429681919465915	0.1063640928102661	0.11046074419045912	0.13364097314064466	0.4057735034076544
55000	-2037.7115132288025	-988.2808196224328	-1049.4306936063697	0.09924683506555537	0.08617476359882381	0.07404203200228227	0.08781013229641714	0.07238837915745878	0.16241729210864403	0.07068786488174529	0.14841468976670008	0.06581797364509376	0.11613356513057338	0.059912213816101526	0.11846426791128148	0.124844557407307	0.06078621187420317	0.1007859685464764	0.12021248127595699	0.08233423935917909	0.04595660174095904	0.08339283078578963	0.16384607387848846	0.05940785232360576	0.518180808266043
56000	-2048.6762744345942	-1004.5900029223295	-1044.0862715122646	0.06490048466929395	0.10052081942522162	0.053334645349133486	0.09585039589003182	0.09542253014442748	0.10594965341888607	0.07880796744356643	0.1530412807546771	0.10207126104074427	0.14233918258739692	0.11634166498280278	0.11089481069323562	0.12636752812661387	0.0908623669330727	0.07694965139030041	0.17313295671213483	0.06612428147507593	0.05967232488117927	0.08026917178214032	0.13668914592163917	0.13485086552464923	0.5538640730224662
57000	-2032.1429972155015	-984.7274980452815	-1047.41549917022	0.04963666964466357	0.09864033783955815	0.08008116413982196	0.07139876893522414	0.04112125134713474	0.09976957065954072	0.0937656496147177	0.11987353075727838	0.09472984534190276	0.1535040591775243	0.08334975859271562	0.06328972621420688	0.09948245061703008	0.05716832777527712	0.0902744119966392	0.1252530913232294	0.0804397912733112	0.10192215195275312	0.09308949312385816	0.11034999516904079	0.0693124869859077	0.47431148741413764
58000	-2036.3550133014346	-996.2845644235565	-1040.070448877878	0.09174942818916404	0.10283337049172422	0.11376610007017872	0.04321967299395327	0.09884421590589502	0.13602318070123148	0.1095187402616722	0.1497585021026208	0.10237344951986876	0.11628304675882517	0.13274466329719317	0.07870259507222113	0.09635401713269898	0.041388585748098464	0.06832587533706412	0.11849225392014817	0.06593926360369226	0.08281583099763469	0.09732724309882798	0.06828551150123517	0.1300947337762501	0.29791491067848397
59000	-2053.8048149758247	-999.353125689914	-1054.4516892859108	0.0766399028878365	0.07751134521476778	0.04281931674118998	0.12961599643274097	0.07664147014980272	0.21321614165707922	0.07381604144454479	0.11571502463581614	0.05629209902754395	0.1432850845192287	0.07597598622641974	0.08884195841732065	0.07806148157551793	0.04346624173921443	0.07219081014783972	0.18263896303431715	0.0824158829567319	0.07297479511324897	0.14114508785338967	0.08940918565405953	0.12110162417180297	0.4295568437693824
60000	-2043.6764568701265	-999.189872285899	-1044.4865845842276	0.055454781257638246	0.09447892763023022	0.19900507857000624	0.05416341872237937	0.09910796719486727	0.11466992918894087	0.09943978481625099	0.14486337331173635	0.11066051195762129	0.1443519213020344	0.06424864346648373	0.15975450987652287	0.09801732337378939	0.04776190984487998	0.06902906357265562	0.1273166451134924	0.0634970467725883	0.12234760283963193	0.1150737330185229	0.1557529673055902	0.1271872331059066	0.32646050155458667
61000	-2038.8519110839252	-994.654383214994	-1044.197527868931	0.07068894007386069	0.17805577800349645	0.10328444767815566	0.06229862993977751	0.11118240103938794	0.08475326551060594	0.10095783423711928	0.13304304517733015	0.07865943897487208	0.10618689804381652	0.10899343122836982	0.18901191091895095	0.0872791382022846	0.046927453880266805	0.09033585353588859	0.09475366372721812	0.08891120097530585	0.10950257631220914	0.06992212569871033	0.0705905085065721	0.05781409621428051	0.3824470792008227
62000	-2039.795001876749	-991.7254123337386	-1048.0695895430104	0.04656249011237306	0.1397700183636949	0.1496971053762416	0.06426936123979947	0.06504844300648424	0.08758200435621125	0.20718861281983217	0.08720595182132625	0.05579245438361184	0.0948653417893502	0.104697216056196	0.07803138737925255	0.11633835246764528	0.0751917655533083	0.12201730074790307	0.08416742765704115	0.06346438162707521	0.09040145838442558	0.13673426941609945	0.08790729713089787	0.09052490121573188	0.49814371851523037
63000	-2034.426222234579	-995.8089349336062	-1038.6172873009727	0.09417348141677673	0.09911691815529898	0.10488194079651372	0.06588986769136065	0.11839934137665434	0.17195495115017098	0.07958506367052225	0.13926006362382135	0.08636869457704814	0.13169242484131444	0.09180173581431743	0.0747368703604947	0.06374852670951824	0.05170810387228236	0.0986238272292976	0.14169924552905955	0.09614526924559288	0.10853261674179837	0.13376364809048696	0.06053970035202741	0.10459323577793687	0.3181138624818996
64000	-2045.4021797804894	-997.4911386962444	-1047.911041084245	0.10386551970358868	0.08082799258742644	0.11457591524928669	0.03617910297275277	0.06271926192598208	0.13430243299591543	0.09999460744556544	0.0806053339771552	0.0792635237702886	0.0907101537159192	0.08737129139677986	0.1282881196803601	0.08837162693816714	0.060016596696042014	0.19658296308553505	0.07426202388253493	0.06678123446849954	0.12014872919834639	0.07304104370383209	0.11737393986521084	0.153226106545248	0.410055759315322
65000	-2032.6066236939969	-987.0529702891561	-1045.5536534048408	0.10007371335307423	0.07476644855085414	0.07112992298619684	0.08333841276911605	0.0892408517164386	0.08884347075860917	0.07730132494481227	0.10317207932397587	0.062279651457137875	0.13231978092977897	0.07541928276235141	0.11085988094268624	0.11291069483358315	0.07253430973277936	0.13428673820432757	0.16295237625803233	0.057606872057203946	0.0739964004218265	0.08990688930082537	0.06885077749074911	0.09784028759998269	0.5892487946816245
66000	-2037.5005497787502	-988.9126994364188	-1048.5878503423312	0.08838055975137392	0.1978617183578735	0.07699970394708744	0.04127979305922667	0.09223159167818484	0.15131059739646754	0.08802791256701575	0.09907853582851306	0.07900302367346954	0.06087958611871634	0.07927252778523106	0.1141274353300147	0.06898342124853397	0.051185934586682455	0.09988803440083908	0.11695609767778359	0.08848519139012073	0.16127935875547106	0.11142242211526436	0.0643286032792479	0.13225454009618198	0.40334167498751905
67000	-2034.2998429897552	-987.1842498020761	-1047.115593187679	0.08110964982475513	0.13532212601319482	0.11779161952391935	0.12295011434892958	0.044447088026485865	0.1174171987272912	0.12043016955545163	0.10286818090521076	0.09473813280181065	0.16249603530011794	0.07084311151397701	0.09414440760861978	0.14237043802092142	0.043083365951229254	0.07448555218294661	0.12196454496865253	0.07191110534155631	0.12271986081717376	0.20371585845311804	0.0911968594958784	0.10567916383096262	0.5648093689302518
68000	-2031.0520010060227	-993.8132033281506	-1037.238797677872	0.08505859005217103	0.10691617175117835	0.12669975324826468	0.06171117458656358	0.12319041661456077	0.13819322809774554	0.10372263568805723	0.1067724648476228	0.07651234570091794	0.11932295533855228	0.08767848588072628	0.12337600600541057	0.12318701913328473	0.04467300453243117	0.09499978161972944	0.10505051400671037	0.07701459368087897	0.1039157165077139	0.06930696547582252	0.08818921620360344	0.14718010218935626	0.33579618469263095
69000	-2035.3824326596464	-994.0487481232619	-1041.3336845363845	0.10335068937043779	0.1665025574049385	0.14923737372231416	0.08494864398352213	0.058443598987725554	0.11507238126675264	0.08303008941554457	0.10382469199609179	0.07984222403570698	0.09749222993532607	0.11644341980113974	0.11183582011826172	0.16977868486128098	0.054331302108721016	0.08217729175923597	0.09165608195316352	0.08176018510528149	0.11635067042276923	0.12068533459369014	0.07043040965550526	0.09568946933413226	0.4959989343179478
70000	-2041.1140168228756	-979.6852835591662	-1061.4287332637093	0.0907599120820071	0.10416486562910551	0.06285366946807695	0.049536910262497534	0.07777393187779703	0.09111379606293846	0.07499724984146532	0.050677596263913126	0.0647472674829721	0.09650439222465224	0.06057829593137372	0.08271104910905656	0.19899535020466202	0.05031649784044388	0.0859075051517311	0.08892912158433346	0.04268173681852653	0.10830229488469814	0.12505147971673722	0.12738339047092848	0.05797853933136231	0.677921935394108
71000	-2036.4384998712096	-993.4905716866012	-1042.9479281846084	0.056751801223976946	0.13281911649621722	0.11749078705099393	0.11332588629416625	0.18380682431541417	0.19191487227540302	0.07679710820917914	0.09820608723060445	0.060452665494063175	0.12068772242067168	0.05189455358514992	0.06776739886895967	0.10860914873652767	0.06198953331321805	0.08512774074712391	0.09032329824658313	0.08830594810361087	0.09576859349205612	0.13408848432806542	0.07907455756734254	0.13699261855845132	0.3371800715362696
72000	-2033.5047211416627	-986.4593431824579	-1047.0453779592046	0.06338757753914538	0.14428002920603347	0.14024989133026852	0.09554469323730008	0.1602864018372109	0.13753131292129978	0.08636382460652588	0.07882753456248025	0.10093454009364274	0.0710759060925645	0.11249073379153657	0.06424886565147964	0.09180563779445369	0.05177686208581057	0.10911700820452597	0.17507193996037995	0.05791906798467023	0.07647600738854544	0.131741515447917	0.08188024765880367	0.09705868081736332	0.5515206282166606
73000	-2041.9944956773409	-999.4027855229897	-1042.5917101543512	0.06294719969458866	0.15064208921586927	0.11037395652283759	0.07265557470166929	0.0911181446727508	0.11561034358702381	0.1290327229048201	0.11017919490268255	0.08362057743428487	0.08924212253108467	0.10077655469592108	0.1296641747925248	0.12343637981747194	0.034290460054778885	0.0996195991549519	0.12837919866263323	0.0471705552191858	0.10807975621139411	0.1113311000619641	0.1284600257163006	0.07924612859310137	0.3504857210017669
74000	-2030.0528033272744	-986.6880117085292	-1043.3647916187454	0.06683452426943233	0.08227910694577427	0.10367155532391836	0.06276309798283589	0.093230459425169	0.08542018632077922	0.092525678159201	0.09649998833727821	0.12793071962153238	0.13481670604670576	0.14710795571892632	0.1309467805414881	0.07588215150437906	0.04906798661733743	0.08761310712157264	0.0877672912652826	0.0682043627660377	0.09577574380604473	0.12193426665335239	0.08458505895445627	0.11797067918751453	0.6002319783606813
75000	-2038.7241445418545	-985.6756285130019	-1053.0485160288524	0.08610131073413615	0.17189047832967086	0.052132240713472264	0.07439478022307054	0.11264309700415191	0.08006166622093518	0.053693305177711065	0.13052594837256118	0.050192759635961245	0.08628691823629896	0.09876034786134363	0.11514622325308807	0.07247116808890916	0.07239004737677451	0.13816347349965863	0.07703413235619914	0.0636088509709173	0.12526339988243196	0.09570942284645947	0.055364615947722004	0.16271428534036353	0.6416604726516765
76000	-2027.711156615226	-981.1911601980757	-1046.5199964171502	0.09433550907798333	0.13039168016080924	0.12312141129163964	0.06503105438479395	0.05479643554139685	0.1427671106626505	0.08789852417555337	0.08747899953632728	0.04817196830973802	0.16716185953037396	0.09917972407607267	0.07671674582086978	0.16613526649862265	0.05170469479749447	0.09990845173982299	0.07668784289004019	0.07078790572642202	0.08893538229418126	0.09397642984924064	0.12354435289648057	0.12383757307508815	0.485442196031236
77000	-2032.5528981521504	-988.0962938686953	-1044.4566042834551	0.10638558178524196	0.10925369153988594	0.10954805974597816	0.060525899623281865	0.08675898076450995	0.09564831664950305	0.07925994761135594	0.09250975586304781	0.07465912022210251	0.09509927872899696	0.04839080875556722	0.10739848621290295	0.10258802124496584	0.05219378221323786	0.08328758317617659	0.14531918100811725	0.09000338016256454	0.06701878072019554	0.07510250924530983	0.12038285198314767	0.09793876306756918	0.4887189062589759
78000	-2036.9148372150046	-984.7906714132939	-1052.1241658017107	0.09862248403297513	0.1600280418516939	0.08808130893043307	0.05912682055475145	0.07985000806982946	0.056079805405742054	0.15117041652255958	0.1991416154996602	0.0945753755313109	0.11893516701563633	0.11188007420039184	0.03724375588359098	0.08923692157819564	0.06372582347515261	0.10685595842373626	0.10740232216358533	0.06946535329925319	0.17670057928501248	0.09833773576406886	0.07137500175807754	0.10383457063822409	0.5440111310464812
79000	-2034.7643390633677	-993.2364584796117	-1041.527880583756	0.11010645655731519	0.12467309862033076	0.11915901848579548	0.05838970011333921	0.09355742542554334	0.10207500185839011	0.06412067988396987	0.06885336856005193	0.09049037662519492	0.09963123453377216	0.11700667783811386	0.11591849093134377	0.10914494706694267	0.060272968904706854	0.05557603402508681	0.09426135628453214	0.047880388314266886	0.12880568005255905	0.08549452307994786	0.0894133730051799	0.13581771048423583	0.38376732701695726
80000	-2038.696757475761	-986.9550805959343	-1051.7416768798266	0.08584999718629384	0.10691288212082244	0.08793688489788166	0.0706772560699935	0.06738322686549258	0.1107000464451256	0.07884820837112276	0.07980935202205708	0.07920198843933744	0.15729299234809818	0.05922444937097875	0.0863047335352538	0.06976474406989837	0.08358589107808685	0.045594518620072605	0.11074104289817671	0.07674922096736746	0.1320278082804127	0.06706714390516003	0.09334097514913442	0.1442658442756128	0.7472904426075134
81000	-2024.5185005939566	-976.8230615799843	-1047.6954390139724	0.0616010102873105	0.1420442840217109	0.10480549811787883	0.09852774207442709	0.08566163715117926	0.11912249588611915	0.10620175543526025	0.06810832137723535	0.059061133806435115	0.09015931411936372	0.06677955040389037	0.12648402382335125	0.10202276435744469	0.05563433908791244	0.0764216778576961	0.06826753157466943	0.09261044219482102	0.10848246306342653	0.07326559765359317	0.07238922919779694	0.09381219984382848	0.6426889870658965
82000	-2036.9796875844095	-991.1147859056799	-1045.8649016787297	0.07125000128552961	0.11736639288378595	0.14491724181176124	0.07738037192675074	0.08837649047226163	0.11461595897777134	0.10606962897014396	0.08746608179776276	0.055870222212630334	0.11783557459372536	0.06846807423349625	0.15090197840277686	0.13782059568184202	0.07782199884977484	0.06664706768955728	0.1018735318989424	0.09134196395333902	0.13545678266732972	0.09211866692970963	0.11499743230246746	0.07065975290856903	0.8162413511713752
83000	-2037.743258383121	-985.99533334967	-1051.7479250334509	0.14005003975388666	0.09375324494342153	0.13521170490847667	0.04213757837694624	0.08915509815580644	0.10682448776560016	0.0600822071755523	0.14704103766298143	0.09395809105434061	0.08872744806697315	0.12208744815701446	0.14570772763802017	0.10636249418361472	0.04708256557269632	0.18505216216557463	0.10259048397144957	0.09699513848593112	0.07924995345903343	0.15863890702164077	0.11240780078149396	0.07041463807835506	0.7573271798685801
84000	-2035.7648964104446	-989.9950118151429	-1045.7698845953016	0.05998512128930752	0.15762492702255762	0.09532965254526288	0.09404068701613058	0.09616704070275767	0.13774356289397094	0.06876957606227474	0.12391784607403532	0.11022484068612479	0.1038992516102476	0.07948146046863935	0.07818765445296068	0.08822072495697422	0.05062941829511454	0.08049063651724851	0.07702326479119435	0.09121574961964052	0.08551578957998118	0.08128335934504612	0.1350266633916691	0.11664193172637584	0.7245963317459525
85000	-2042.1459850107283	-987.695271389498	-1054.4507136212303	0.04515192748629733	0.06229302329566434	0.0645223574862794	0.0779059480229593	0.08409249551943286	0.10716487928828834	0.07514046673705245	0.05638667425612762	0.1199151627279659	0.08725124483823757	0.11087842407796208	0.1470992466937645	0.1355780183662198	0.0666288484585472	0.08495505693756157	0.13297575504888054	0.08497377677102223	0.09702138308813195	0.03990288824279542	0.08242129679071082	0.06795583917254665	0.5719335269169635
86000	-2033.6102148968203	-992.8329286504135	-1040.777286246407	0.14959323211877376	0.14748251481728059	0.11173659867763622	0.07639577584383762	0.10091825760325651	0.12471019904293397	0.08488341056152005	0.08480672516057568	0.08014443807525275	0.10639066446188902	0.10815060241060759	0.1352749101444603	0.09787222287154024	0.06871333742372378	0.10674970262215547	0.04366922324112553	0.08886982026234526	0.06882614769062344	0.09386716671388408	0.08978467912208617	0.16070081960030666	0.4594104545414722
87000	-2036.9740716506685	-990.6914572755788	-1046.2826143750897	0.12153294821758667	0.1193411919943205	0.07366528389226247	0.045758070450808395	0.13283402630910215	0.0750802555644812	0.12014936313174909	0.05512857394158268	0.0981804240594848	0.15632955074883703	0.13467355819581434	0.07506039305377943	0.1246122921253501	0.055497811053716935	0.10063548872084414	0.11509562605412436	0.07425929446464383	0.14007779514425228	0.08918298399984385	0.06168032562384476	0.10058627767722804	0.4955571894227946
88000	-2044.070168807742	-1002.2089353034893	-1041.8612335042526	0.10252804617693292	0.07441561801653453	0.12235390394383355	0.04570255609450597	0.14115287882613123	0.11693694219048949	0.09032001355630334	0.19697191796927765	0.08001962006580668	0.10967201231181424	0.07882300494048979	0.12540068080791597	0.036842916812982324	0.06319787613055186	0.08713813279341344	0.11152761638963826	0.07298260535815906	0.1031391178360243	0.09330767330352915	0.14003249090086092	0.1126967414541811	0.23387959513472023
89000	-2038.46926659384	-995.5965908512061	-1042.872675742634	0.08049129642798598	0.1318361421388765	0.07870730872717753	0.045477184559350556	0.11063174018290475	0.08226291626178063	0.15098834081342344	0.10937566299479186	0.08592880724513727	0.07791606382767682	0.0738330889391638	0.08277154463895904	0.12813998420871578	0.09510743783498654	0.14257980014636318	0.08011457522799108	0.06492325456604463	0.08240959037957021	0.10871798740585786	0.06422566781841471	0.09898105189372768	0.41099959986147017
90000	-2030.3957920708049	-985.2128361829017	-1045.182955887903	0.08177797701812745	0.13152751712392877	0.06562374860836714	0.07513011426989315	0.10750732866393885	0.07292481431640564	0.0791176035682795	0.09748775956496773	0.08749463132000038	0.12052512191125589	0.09776363791690652	0.08684777475519634	0.07266169483639727	0.043051352686495216	0.0845041123962978	0.07197208518733234	0.06954749936083918	0.09872235168344747	0.11188752244524869	0.10758959069634058	0.09114475873001261	0.5396243755029075
91000	-2032.4901821450349	-982.7972229520731	-1049.6929591929618	0.1415928830289523	0.07464708313252764	0.06808962897947296	0.0501485060087983	0.15450711363838515	0.08958335957079988	0.09512260556081001	0.09972562615102067	0.1663856830316449	0.06976661231795414	0.050410842945741885	0.09148694372101548	0.08406314415727398	0.044383033066859194	0.07504097313597796	0.15121603708081957	0.07810897667738252	0.1676283923516877	0.1193126793752359	0.0909057363880202	0.1053642435994883	0.4923457424047227
92000	-2023.430597203228	-980.9024982434346	-1042.5280989597934	0.08401407686523285	0.12568803964472583	0.11208055218011433	0.05593563941895842	0.1497493759667319	0.1825694380109856	0.08169870192493771	0.11543716958467644	0.07454453002054372	0.1166530090604287	0.18639118476680103	0.09058229453089227	0.057953546509899756	0.0674711446694175	0.09467473030402691	0.07924469943579808	0.08333005412827459	0.12105195029142143	0.08377514423325658	0.09224613599048123	0.10859538227134456	0.4625521736515086
93000	-2032.1568377182407	-989.1944419505029	-1042.962395767738	0.11475941328184079	0.09283572825802086	0.13330582115130568	0.10237664382706091	0.11363567374753482	0.08632303811385161	0.054245613563377024	0.0782574952406428	0.05575102552672416	0.1166530090604287	0.06201097350536714	0.08084339862245983	0.1333572296717592	0.07246945224207144	0.07368997278491812	0.13205989859882775	0.0791069215926533	0.13424491742074207	0.09653445196281803	0.12236426646274394	0.111966631308114	0.5657364138134295
94000	-2031.61033177515	-981.5052916698938	-1050.1050401052562	0.10466808524891175	0.11785771019800824	0.14778462472570536	0.0698473146370403	0.09870548868333368	0.08616558132600799	0.0620226803729949	0.08991873737974701	0.04489506376753631	0.08576921758344586	0.04972313673564646	0.09712938820464363	0.10008138910356729	0.04439761012924528	0.10607105123204758	0.12926124607885248	0.0642077620319655	0.10547359214547813	0.1360248206099394	0.10844743954235567	0.0804431620550862	0.5592319228143627
95000	-2049.530116804049	-1002.1487759200046	-1047.3813408840447	0.08526095469562668	0.09510771743178528	0.09773954517984756	0.0709477842131014	0.07820205990076269	0.06263930160344086	0.07168403444436576	0.0806000910616304	0.10881998667529572	0.1024328150097656	0.0815221406415382	0.14437290920196993	0.1226452146916858	0.03289905036076824	0.19904564594098093	0.07885412694029745	0.14483254088050956	0.10186029560874672	0.1024875742682218	0.061929993117998836	0.12850507892499116	0.40213633334506116
96000	-2038.6606275768704	-996.3004300419342	-1042.3601975349363	0.07944324821298346	0.11365091709078798	0.1319805288230449	0.052354979050697435	0.07710985480004313	0.15314528537463748	0.05445453026022929	0.10070037033704007	0.04850108655363686	0.1218832303442561	0.11075744880864646	0.09325198623175802	0.14017368690477675	0.0563754299170452	0.1133171809929808	0.08964003613672264	0.08485918983074937	0.07913073839484527	0.08316363848789075	0.10144096993670013	0.1499573462196853	0.3082676837488575
97000	-2034.7665967185121	-990.0832025130766	-1044.6833942054354	0.06963091369403634	0.10777724815406883	0.08031437525747946	0.09665173209677488	0.07208282552899498	0.11459175745599447	0.09205364794966885	0.09290030995544592	0.03781070239625372	0.12633638086590016	0.05014448361141762	0.11310205305901062	0.09185736663503961	0.099257339891349	0.06811794914524784	0.11302741785974435	0.1044924351041306	0.10740043996785653	0.14362634395571555	0.08652138895342917	0.15315828499949974	0.5186737609942251
98000	-2037.6351039443996	-991.9521589548465	-1045.682944989553	0.09474054696524196	0.11724552722530274	0.11842359476853212	0.0618334274961637	0.09052012784634615	0.12073768727098069	0.08023906241178523	0.10109817168557647	0.10072828792223221	0.09260397977624503	0.09585364727003108	0.11887974366005116	0.07794622335047321	0.06611722880426146	0.05697015619287671	0.06100376300848065	0.07729274913404338	0.1168307223875073	0.10553247390912238	0.11904560073040216	0.12782444900602538	0.7689648891768471
99000	-2030.1245631797033	-983.5790647932281	-1046.5454983864752	0.09461958899456772	0.08447046635832745	0.12228098226923767	0.0839013853113728	0.06433623620921432	0.09320202004636148	0.07005501193059226	0.12064101481436702	0.05191501553196706	0.0885183292761622	0.07790496700181235	0.10151897028823935	0.050038800361302344	0.07620607907908457	0.08307903313000439	0.10066251244895849	0.08520679915168511	0.11263940766800468	0.06465364341709108	0.08284134207960234	0.15185355214460045	0.4361801576652008
100000	-2023.7207052254312	-979.1104840797578	-1044.6102211456734	0.09137731514837083	0.08526253257461305	0.08523668353331515	0.06113479403306587	0.1489078614457049	0.11792192011779563	0.055297245173273196	0.11080350050740419	0.14380795699150561	0.09393842872784186	0.08075611001091332	0.12026650230335174	0.0718072463208926	0.048876822299652824	0.09470344489154933	0.09691976689139827	0.07590743186428102	0.12558521698010414	0.08557738332495164	0.07714747922092602	0.186773418667982	0.4584393105052565
