IQ-TREE multicore version 1.6.12 for Mac OS X 64-bit built Aug 15 2019
Developed by Bui Quang Minh, Nguyen Lam Tung, Olga Chernomor,
Heiko Schmidt, Dominik Schrempf, Michael Woodhams.

Host:    Jamess-MBP-2 (AVX2, FMA3, 16 GB RAM)
Command: iqtree-1.6.12-MacOSX/bin/iqtree -s data/derived/AiCOI_ML.nex -spp data/derived/AiCOI.part -bb 1000
Seed:    456756 (Using SPRNG - Scalable Parallel Random Number Generator)
Time:    Sat Oct 16 17:17:28 2021
Kernel:  AVX+FMA - 1 threads (8 CPU cores detected)

HINT: Use -nt option to specify number of threads because your CPU has 8 cores!
HINT: -nt AUTO will automatically determine the best number of threads to use.

Reading partition model file data/derived/AiCOI.part ...
Reading alignment file data/derived/AiCOI_ML.nex ... Nexus format detected
Alignment has 27 sequences with 639 columns, 213 distinct patterns
88 parsimony-informative, 42 singleton sites, 508 constant sites
         Gap/Ambiguity  Composition  p-value
   1  SSFPom1   40.53%    passed     91.76%
   2  Ke24d1    28.64%    passed     98.37%
   3  Do3a1      8.29%    passed     71.24%
   4  Do6b1     10.17%    passed     57.20%
   5  WW4a1      8.14%    passed     43.27%
   6  BT6a1      1.72%    passed     41.89%
   7  BT4a1     16.28%    passed     19.25%
   8  BT4a2      1.10%    passed     35.10%
   9  Te4a1     58.53%    passed     57.49%
  10  Te6a1     60.72%    passed     79.73%
  11  BW19d1    60.88%    passed     41.64%
  12  Ol18a1    61.66%    passed     85.86%
  13  Cu6a1     19.56%    passed     96.24%
  14  Cu12a1     7.04%    passed     94.13%
  15  MF6b1     14.55%    passed     83.14%
  16  MF2a1     56.65%    passed     64.30%
  17  BT8a1      0.94%    passed     96.55%
  18  BT10a1     1.10%    passed     96.64%
  19  BT9c1      1.56%    passed     96.84%
  20  BT9c2      6.10%    passed     96.84%
  21  MW3a1     15.18%    passed     86.75%
  22  MW4a2     21.91%    passed     94.84%
  23  BW11a1    34.27%    passed     74.32%
  24  BW26a1    47.42%    passed     51.90%
  25  Da24a1    26.13%    passed     80.77%
  26  Da1a1     15.02%    passed     91.78%
  27  Da7b1     24.57%    passed     95.52%
WARNING: 5 sequences contain more than 50% gaps/ambiguity
****  TOTAL     24.02%  0 sequences failed composition chi2 test (p-value<5%; df=3)
NOTE: No CharPartition defined, use all CharSets

Loading 3 partitions...
Subset	Type	Seqs	Sites	Infor	Invar	Model	Name
1		27	213	14	190		1stpos
2		27	213	0	210		2ndpos
WARNING: No parsimony-informative sites in partition 2ndpos
3		27	213	74	109		3rdpos
Degree of missing data: 0.000
Info: multi-threading strategy over partitions



Create initial parsimony tree by phylogenetic likelihood library (PLL)... 0.002 seconds
NOTE: ModelFinder requires 4 MB RAM!
Testing GTR+F+G on supermatrix...
GTR+F+G4 / LnL: -1667.249 / df: 60 / AIC: 3454.497 / AICc: 3467.162 / BIC: 3722.092
Selecting individual models for 3 charsets using BIC...
 No. Model        Score       Charset
   1 TNe          841.610     1stpos
   2 F81+F        617.506     2ndpos
   3 TIM3+F+G4    1602.602    3rdpos
Full partition model BIC score: 3401.192 (LnL: -1490.649  df:65)
Partition information was printed to data/derived/AiCOI.part.best_scheme.nex
Partition information in Raxml format was printed to data/derived/AiCOI.part.best_scheme

All model information printed to data/derived/AiCOI.part.model.gz
CPU time for ModelFinder: 3.255 seconds (0h:0m:3s)
Wall-clock time for ModelFinder: 3.355 seconds (0h:0m:3s)
Generating 1000 samples for ultrafast bootstrap (seed: 456756)...

NOTE: 1 MB RAM (0 GB) is required!
Estimate model parameters (epsilon = 0.100)
Initial log-likelihood: -1720.710
Current log-likelihood at step 1: -1531.674
Current log-likelihood at step 2: -1510.533
Current log-likelihood at step 3: -1506.128
Current log-likelihood at step 4: -1502.824
Current log-likelihood at step 5: -1500.245
Current log-likelihood at step 6: -1498.168
Current log-likelihood at step 7: -1496.468
Current log-likelihood at step 8: -1495.078
Current log-likelihood at step 9: -1493.970
Current log-likelihood at step 10: -1493.062
Current log-likelihood at step 11: -1492.303
Current log-likelihood at step 12: -1491.694
Current log-likelihood at step 13: -1491.178
Current log-likelihood at step 14: -1490.751
Current log-likelihood at step 15: -1490.377
Current log-likelihood at step 16: -1490.052
Current log-likelihood at step 17: -1489.785
Current log-likelihood at step 18: -1489.549
Current log-likelihood at step 19: -1489.357
Current log-likelihood at step 20: -1489.177
Current log-likelihood at step 21: -1489.026
Current log-likelihood at step 22: -1488.893
Current log-likelihood at step 23: -1488.766
Current log-likelihood at step 24: -1488.662
Current log-likelihood at step 25: -1488.570
Partition-specific rates:  0.206 0.040 2.753
Parameters optimization took 24 rounds (0.354 sec)

Computing ML distances based on estimated model parameters... 0.008 sec
Computing BIONJ tree...
0.001 seconds
Log-likelihood of BIONJ tree: -1492.185
--------------------------------------------------------------------
|             INITIALIZING CANDIDATE TREE SET                      |
--------------------------------------------------------------------
Generating 98 parsimony trees... 0.178 second
Computing log-likelihood of 98 initial trees ... 0.475 seconds
Current best score: -1485.341

Do NNI search on 20 best initial trees
Estimate model parameters (epsilon = 0.100)
Initial log-likelihood: -1484.685
Current log-likelihood at step 1: -1484.232
Current log-likelihood at step 2: -1484.107
Current log-likelihood at step 3: -1484.014
Parameters optimization took 2 rounds (0.050 sec)

BETTER TREE FOUND at iteration 1: -1484.014
Estimate model parameters (epsilon = 0.100)
Initial log-likelihood: -1483.673
Current log-likelihood at step 1: -1483.599
Parameters optimization took 0 rounds (0.015 sec)


WARNING: Estimated model parameters are at boundary that can cause numerical instability!

BETTER TREE FOUND at iteration 7: -1483.599
Iteration 10 / LogL: -1483.602 / Time: 0h:0m:1s
Iteration 20 / LogL: -1486.406 / Time: 0h:0m:2s
Finish initializing candidate tree set (12)
Current best tree score: -1483.599 / CPU time: 1.720
Number of iterations: 20
--------------------------------------------------------------------
|               OPTIMIZING CANDIDATE TREE SET                      |
--------------------------------------------------------------------
BETTER TREE FOUND at iteration 23: -1483.599
UPDATE BEST LOG-LIKELIHOOD: -1483.597
Iteration 30 / LogL: -1483.701 / Time: 0h:0m:2s (0h:0m:9s left)
Iteration 40 / LogL: -1483.599 / Time: 0h:0m:3s (0h:0m:7s left)
Iteration 50 / LogL: -1483.598 / Time: 0h:0m:4s (0h:0m:6s left)
Log-likelihood cutoff on original alignment: -1503.336
UPDATE BEST LOG-LIKELIHOOD: -1483.597
Iteration 60 / LogL: -1488.374 / Time: 0h:0m:5s (0h:0m:5s left)
Iteration 70 / LogL: -1483.880 / Time: 0h:0m:5s (0h:0m:4s left)
UPDATE BEST LOG-LIKELIHOOD: -1483.597
Iteration 80 / LogL: -1484.067 / Time: 0h:0m:6s (0h:0m:3s left)
Iteration 90 / LogL: -1483.597 / Time: 0h:0m:7s (0h:0m:2s left)
UPDATE BEST LOG-LIKELIHOOD: -1483.597
Iteration 100 / LogL: -1483.880 / Time: 0h:0m:8s (0h:0m:1s left)
Log-likelihood cutoff on original alignment: -1503.036
NOTE: Bootstrap correlation coefficient of split occurrence frequencies: 0.996
Iteration 110 / LogL: -1485.259 / Time: 0h:0m:8s (0h:0m:7s left)
Iteration 120 / LogL: -1485.260 / Time: 0h:0m:9s (0h:0m:6s left)
TREE SEARCH COMPLETED AFTER 124 ITERATIONS / Time: 0h:0m:10s

--------------------------------------------------------------------
|                    FINALIZING TREE SEARCH                        |
--------------------------------------------------------------------
Performs final model parameters optimization
Estimate model parameters (epsilon = 0.010)
Initial log-likelihood: -1483.596
Current log-likelihood at step 1: -1483.537
Current log-likelihood at step 2: -1483.488
Current log-likelihood at step 3: -1483.443
Current log-likelihood at step 4: -1483.403
Current log-likelihood at step 5: -1483.367
Current log-likelihood at step 6: -1483.334
Current log-likelihood at step 7: -1483.305
Current log-likelihood at step 8: -1483.277
Current log-likelihood at step 9: -1483.255
Current log-likelihood at step 10: -1483.234
Current log-likelihood at step 11: -1483.214
Current log-likelihood at step 12: -1483.196
Current log-likelihood at step 13: -1483.180
Current log-likelihood at step 14: -1483.165
Current log-likelihood at step 15: -1483.151
Current log-likelihood at step 16: -1483.139
Current log-likelihood at step 17: -1483.127
Current log-likelihood at step 18: -1483.116
Current log-likelihood at step 19: -1483.107
Partition-specific rates:  0.191 0.025 2.784
Parameters optimization took 18 rounds (0.229 sec)


WARNING: Estimated model parameters are at boundary that can cause numerical instability!

BEST SCORE FOUND : -1483.107
Creating bootstrap support values...
Split supports printed to NEXUS file data/derived/AiCOI.part.splits.nex
Total tree length: 1.005

Total number of iterations: 124
CPU time used for tree search: 9.382 sec (0h:0m:9s)
Wall-clock time used for tree search: 9.627 sec (0h:0m:9s)
Total CPU time used: 10.083 sec (0h:0m:10s)
Total wall-clock time used: 10.357 sec (0h:0m:10s)

Computing bootstrap consensus tree...
Reading input file data/derived/AiCOI.part.splits.nex...
27 taxa and 296 splits.
Consensus tree written to data/derived/AiCOI.part.contree
Reading input trees file data/derived/AiCOI.part.contree
Log-likelihood of consensus tree: -1483.098

Analysis results written to: 
  IQ-TREE report:                data/derived/AiCOI.part.iqtree
  Maximum-likelihood tree:       data/derived/AiCOI.part.treefile
  Likelihood distances:          data/derived/AiCOI.part.mldist

Ultrafast bootstrap approximation results written to:
  Split support values:          data/derived/AiCOI.part.splits.nex
  Consensus tree:                data/derived/AiCOI.part.contree
  Screen log file:               data/derived/AiCOI.part.log

Date and Time: Sat Oct 16 17:17:42 2021
