Sample	likelihood
0	-2773.888648897379
100	-2095.524292175891
200	-2162.9394568109383
300	-2397.938412699783
400	-2153.613875229537
500	-2103.620247553755
600	-2227.35798820464
700	-2518.3668157192737
800	-2675.679407655638
900	-2774.741655442694
1000	-2629.1741515352164
1100	-2506.8044725410705
1200	-2501.3743264815052
1300	-2199.6918247138974
1400	-2334.005096774181
1500	-2244.141605338103
1600	-2331.310884604998
1700	-2386.0996657616424
1800	-2313.510142542293
1900	-2297.0853547522925
2000	-2353.116192316016
2100	-3013.7291962035433
2200	-2533.494357806749
2300	-2658.1193590609714
2400	-2581.267481891922
2500	-1995.4949783516195
2600	-1827.6959614551465
2700	-2440.190544109178
2800	-2098.059147277209
2900	-1478.9695168553828
3000	-1557.0541771580902
3100	-2778.5212599684337
3200	-2241.669658624328
3300	-2589.0375930750897
3400	-2889.7222807939775
3500	-2848.9698635697546
3600	-2881.0020406188087
3700	-2961.9682325609533
3800	-3079.067516021992
3900	-2980.348623617736
4000	-2928.39457212149
4100	-3085.928634970614
4200	-2993.045278076254
4300	-3034.9109337511295
4400	-2954.973945292207
4500	-2931.3055796461026
4600	-2369.4766766092907
4700	-2358.832773730921
4800	-2517.6281990457383
4900	-2142.580718889375
5000	-2480.4092987334257
5100	-2662.8866395123723
5200	-2811.264100684893
5300	-2661.5516512983095
5400	-2404.027660846735
5500	-2632.926733358611
5600	-2636.2988927464253
5700	-2375.8925957104616
5800	-2733.1386522465623
5900	-2746.6404275344803
6000	-2858.750671815927
6100	-2982.791066115572
6200	-2768.486180295705
6300	-2139.762381510418
6400	-2684.730173858848
6500	-2438.479954090173
6600	-2122.373334801231
6700	-1873.4499997607145
6800	-1991.425498865195
6900	-2609.514892667291
7000	-2119.8981959603125
7100	-2277.142414536571
7200	-2055.8904517093797
7300	-1822.7580693855343
7400	-2225.9566251419837
7500	-2868.959504113769
7600	-2817.352447540576
7700	-2611.230257205022
7800	-3005.907432001769
7900	-3006.2694860544884
8000	-2800.4370372458675
8100	-2677.1634515549913
8200	-2982.444673511995
8300	-2874.7041797888096
8400	-3045.253924306178
8500	-2879.9902213538076
8600	-3040.412868359722
8700	-2464.4383094232085
8800	-2878.754898955686
8900	-2732.174688949079
9000	-2995.3508843011846
9100	-2577.7173479605667
9200	-2397.771373187416
9300	-2556.249721756709
9400	-2455.238856713926
9500	-2734.3628938728743
9600	-3127.090407504946
9700	-2634.1548452535635
9800	-2867.508217606214
9900	-2352.47573682014
10000	-2437.713019347899
10100	-2866.610363758177
10200	-2720.500522455278
10300	-2531.4565621880897
10400	-2615.3025417228014
10500	-2521.07260848166
10600	-2651.598867134635
10700	-2807.8956825906425
10800	-2759.6713183533657
10900	-2854.709585717857
11000	-2830.090514584099
11100	-3058.529250322356
11200	-3101.4097982057997
11300	-2809.247117166902
11400	-2042.5635231948704
11500	-2502.6876590017378
11600	-2655.2445492296138
11700	-1944.633628919236
11800	-2054.096762599323
11900	-1906.925931388278
12000	-2510.771196282545
12100	-2147.041373667077
12200	-2058.6163045056005
12300	-2854.2441464744784
12400	-2424.6713570346164
12500	-2308.06776791829
12600	-2210.894038950855
12700	-2721.748520240267
12800	-2692.093246846848
12900	-2676.601999273286
13000	-2956.910081266614
13100	-3138.8892830970035
13200	-3133.5015430883936
13300	-2847.080556386828
13400	-2483.86606563229
13500	-2794.7568771987876
13600	-2512.800082282333
13700	-2256.444523188799
13800	-2025.384145600709
13900	-2659.2929059410535
14000	-2556.504939114353
14100	-2700.0540315253243
14200	-2276.288671161437
14300	-2128.4971165594834
14400	-2134.7468957651554
14500	-1769.3875494787849
14600	-1803.9467334639276
14700	-2921.6861131376872
14800	-2887.528105845431
14900	-2928.749594078094
15000	-3105.111382976151
15100	-3162.3629157987248
15200	-3025.442939086888
15300	-2939.081633404418
15400	-2414.298324823181
15500	-2665.9040464449513
15600	-2601.341408975993
15700	-2361.109143495615
15800	-2682.962039106743
15900	-2542.115086131756
16000	-2864.802517221233
16100	-2443.9248344339385
16200	-2407.7954273955556
16300	-2787.3934482275763
16400	-2713.3368453181006
16500	-3111.2519649204405
16600	-2620.9165439668564
16700	-2699.6519220778364
16800	-2530.5368776154837
16900	-1880.7802097083504
17000	-2712.7469416285167
17100	-1672.7813013159835
17200	-2236.629118431675
17300	-2393.2390736404277
17400	-1583.2481647414338
17500	-3026.031067549795
17600	-2528.1462968499845
17700	-3037.723833301365
17800	-2969.775126941017
17900	-2980.851986756092
18000	-2600.648052941379
18100	-2570.4526696149715
18200	-2583.7953529319316
18300	-2809.8482432181363
18400	-2948.385815910726
18500	-2796.3133716741036
18600	-2888.7863366340307
18700	-3161.428589718492
18800	-3054.057967116751
18900	-3112.531081738659
19000	-3094.969245562536
19100	-3042.060551838191
19200	-3110.5171552319403
19300	-2858.139724446586
19400	-2605.3434220814524
19500	-2500.3717775397045
19600	-2983.3984584557465
19700	-2569.31749522965
19800	-2609.08384270194
19900	-2937.5954667128544
20000	-2522.4118753895104
20100	-2958.4420439768737
20200	-3004.807487875228
20300	-2551.4695830815476
20400	-2215.5400855135945
20500	-2550.310007085381
20600	-2186.2727690738207
20700	-2608.9372097820046
20800	-2982.98687588846
20900	-3007.707737268992
21000	-2743.8528754468216
21100	-2479.3502251100713
21200	-2389.272634855196
21300	-1965.777595337633
21400	-2250.023649742779
21500	-2059.709447392296
21600	-2713.0782791427114
21700	-2652.881863409221
21800	-2589.5742771899145
21900	-2331.8241479366197
22000	-2792.4270340549447
22100	-2831.77330838894
22200	-2526.5147898695545
22300	-2940.0685550481257
22400	-1990.7249838984048
22500	-2124.0908975333687
22600	-2436.6483077396606
22700	-2670.475135170321
22800	-1765.8520294579962
22900	-2337.778549253231
23000	-1663.8424028083728
23100	-1623.4933521136295
23200	-1574.7584524810827
23300	-2043.582608625923
23400	-1509.4016602211836
23500	-1998.5807465601974
23600	-2197.4741605882973
23700	-2745.825438252762
23800	-2662.794726209372
23900	-1970.6295086531518
24000	-2194.701079317051
24100	-2684.824155036291
24200	-2599.292776910772
24300	-2598.9364983948517
24400	-2484.44595097095
24500	-2731.777633930213
24600	-2403.7953929230284
24700	-2270.426230179775
24800	-2427.2331540102587
24900	-2526.9389168739544
25000	-2488.4237819972286
25100	-2444.5021953803985
25200	-2298.9866951761087
25300	-2296.286984636321
25400	-2433.9389546355164
25500	-1817.982135297073
25600	-1805.9551307385195
25700	-1783.3757706558354
25800	-2247.7899494301764
25900	-2136.121515403253
26000	-2085.513466708678
26100	-2680.8330436773986
26200	-2520.3137688128145
26300	-2239.795858016187
26400	-2274.420548124665
26500	-2137.6155516699228
26600	-2209.129907762725
26700	-2169.0423162274
26800	-2105.8985822266445
26900	-2868.054668625763
27000	-2664.96861006382
27100	-2633.3472761451167
27200	-2867.30397357125
27300	-3143.578941983336
27400	-2469.1998716757407
27500	-2368.2987935969204
27600	-2798.849504803103
27700	-2919.917861166371
27800	-2694.5514773145455
27900	-2697.461440070629
28000	-2310.672742650863
28100	-2245.6003112881904
28200	-2180.2995820438605
28300	-2724.948134803993
28400	-2652.939900215528
28500	-2171.5262430797015
28600	-2518.290715637458
28700	-2337.9685765445056
28800	-2123.032265319763
28900	-2803.730584831587
29000	-3173.005058604944
29100	-3230.8097427902085
29200	-3053.68946367729
29300	-2226.3985463026706
29400	-2340.288882338506
29500	-2796.7174631100634
29600	-1906.2794129511785
29700	-2124.7969379292413
29800	-1994.3938547774296
29900	-2308.458601140258
30000	-2544.233531072249
30100	-2859.9599125042937
30200	-3188.8560410526243
30300	-3014.267756044211
30400	-2726.4741688251006
30500	-2969.0952951770687
30600	-3026.7955708210243
30700	-2355.5305628105893
30800	-2304.8378169351276
30900	-1939.8022228101336
31000	-1922.5536813151775
31100	-2539.86207234763
31200	-1964.203991416167
31300	-2211.317810129195
31400	-2082.5475304656056
31500	-2557.7216020055516
31600	-2307.3431672671045
31700	-2818.070727354875
31800	-2166.039456929475
31900	-2464.0044704138345
32000	-1991.522172101615
32100	-2431.1014658025665
32200	-2261.992810476966
32300	-2499.1166836763996
32400	-2839.764456036558
32500	-1991.2978732810648
32600	-1946.54494159851
32700	-2473.3601230840463
32800	-1713.6748497435474
32900	-1668.2634497511244
33000	-1792.2417925527207
33100	-1997.0419744678616
33200	-2020.538576455193
33300	-1719.1872436546637
33400	-2484.019281542968
33500	-1906.0402887408704
33600	-1636.1676158059686
33700	-2097.753408629651
33800	-2603.130727358974
33900	-2627.619770815418
34000	-2257.912225005696
34100	-2861.471388789031
34200	-2057.7409913896317
34300	-2604.588719172395
34400	-2290.9828403535234
34500	-2084.5539942396194
34600	-2079.551072813134
34700	-2541.9951149631825
34800	-2083.846726737585
34900	-2342.8307635221586
35000	-2531.5099205973283
35100	-2718.7197962494683
35200	-2163.678489086457
35300	-2479.0154167926794
35400	-2054.6144781183607
35500	-2356.360639414557
35600	-2188.7197092639008
35700	-2709.656570731052
35800	-2843.9163039141454
35900	-2810.4837954171294
36000	-3043.66713538183
36100	-2995.603892538416
36200	-2659.2862120216046
36300	-2627.09215869766
36400	-3072.1921521772297
36500	-2731.0814969139383
36600	-2490.3588032212183
36700	-2778.461229030968
36800	-3010.8280567092593
36900	-2489.4509917443324
37000	-2517.890142479028
37100	-3017.7065375754883
37200	-2746.3295419233
37300	-2753.307129500444
37400	-2740.510750013743
37500	-2931.8828327778833
37600	-2810.300472785482
37700	-3047.7147615795643
37800	-3027.596901218089
37900	-3043.915118930453
38000	-3103.6879796562393
38100	-3084.800322498193
38200	-2997.475004971546
38300	-2665.7435193581264
38400	-2932.4350375383206
38500	-1864.9968710516146
38600	-1897.2241159980786
38700	-1840.6235007886698
38800	-2348.072588052351
38900	-2325.120608960442
39000	-2133.6039620009687
39100	-3105.8973759983246
39200	-3174.5215849966976
39300	-2681.735553318594
39400	-2740.563411153558
39500	-2103.0383014622744
39600	-2088.75921140442
39700	-2168.6593352652417
39800	-1826.6295748798257
39900	-1582.153620002192
40000	-1615.0740326322707
40100	-1710.488848529627
40200	-1393.3605407704003
40300	-1574.9366805079185
40400	-2239.6095585505086
40500	-1477.0763526993485
40600	-1622.306994333945
40700	-1640.6108553254608
40800	-1577.4468445345315
40900	-1660.6426113923458
41000	-1651.1345268199575
41100	-1629.9389598561424
41200	-1623.2824575186132
41300	-1876.347592871523
41400	-1410.214166998966
41500	-1528.9276259358758
41600	-1813.5472129764817
41700	-2167.331511476984
41800	-2337.875828737996
41900	-1983.2663369597067
42000	-2118.2577562192578
42100	-1811.356972976756
42200	-1682.5514193803488
42300	-1544.337122832122
42400	-1949.5358196302532
42500	-1864.9026319853529
42600	-2182.786091679413
42700	-2352.9821154759757
42800	-1851.5668288301335
42900	-2082.902592831242
43000	-2717.127158167505
43100	-2506.4800419785984
43200	-2288.089388451743
43300	-1528.496265566876
43400	-1625.6523587646661
43500	-1578.7564778333167
43600	-2137.3558056908596
43700	-1614.6848840641396
43800	-1432.0770049969146
43900	-1407.6984914239342
44000	-1964.980170257816
44100	-1959.4406216757002
44200	-1713.0009444624052
44300	-1730.7163433155429
44400	-2435.526326909736
44500	-2040.2699883764835
44600	-2386.6822697707103
44700	-1624.599396057402
44800	-1614.3872108158994
44900	-1938.5008194879588
45000	-2271.4271016284874
45100	-1884.4158762667103
45200	-1347.1872436477852
45300	-2317.3103722869273
45400	-2457.1859218702616
45500	-2045.2101776165377
45600	-2150.2038229324603
45700	-2284.048336229896
45800	-3017.7843037786065
45900	-2679.0650139799227
46000	-2024.645705043998
46100	-2383.8437424171784
46200	-1964.4858220140814
46300	-1994.498298388542
46400	-2157.5815748986865
46500	-2310.060274620923
46600	-2765.053715381086
46700	-2736.085157010939
46800	-3005.0439285297157
46900	-3099.445734384042
47000	-3106.0589398638313
47100	-3012.565797935678
47200	-2311.407035622104
47300	-2137.2770789978504
47400	-2780.8466830792495
47500	-2263.3128830407554
47600	-2326.6947856387083
47700	-2366.834024751458
47800	-2597.57878466744
47900	-2681.4365669968897
48000	-3073.468595512674
48100	-3073.2396620075137
48200	-3114.1880408490233
48300	-3015.213716706567
48400	-3066.603037038939
48500	-2544.7292574420085
48600	-2602.7349147910722
48700	-2707.8761767371784
48800	-1818.60435344393
48900	-1784.6259319108017
49000	-2077.160202151341
49100	-1656.434144122048
49200	-1530.1557802215116
49300	-1998.6834881827672
49400	-1999.2579980755322
49500	-1657.9984995781388
49600	-1814.7585412244775
49700	-2425.261565600532
49800	-2432.167459346486
49900	-2466.3672585992613
50000	-2355.783854818424
50100	-2856.6796080295926
50200	-2258.2374261017953
50300	-2652.0784715069553
50400	-1873.1515696919464
50500	-1846.2980893054837
50600	-1695.8577785131574
50700	-1737.2160951374753
50800	-1846.0880575889419
50900	-1838.4948152485463
51000	-1601.7169885251806
51100	-1449.4498499165231
51200	-1723.580535851222
51300	-2144.241148237215
51400	-2016.5946133212174
51500	-1994.355091600823
51600	-2006.1038054970627
51700	-2406.4027615426107
51800	-2882.0279540846186
51900	-2602.126574126283
52000	-2317.826534627261
52100	-2070.2276329853003
52200	-2531.6874115837554
52300	-2435.7930757996232
52400	-2556.9039129773273
52500	-2390.4454242415172
52600	-2915.403750864202
52700	-2820.2732098100596
52800	-2802.4089079440596
52900	-2532.9997258965814
53000	-2997.9339019243243
53100	-3020.699042144989
53200	-3126.1581350692295
53300	-2708.1714748955787
53400	-2231.4894250363072
53500	-1983.2475359551254
53600	-2013.1131478358311
53700	-2339.8953458788374
53800	-2183.1842324172762
53900	-2916.2871737809846
54000	-2951.064340182964
54100	-3063.207295933807
54200	-3018.8244453175444
54300	-2881.2024936745265
54400	-2441.841471336471
54500	-2846.957198484518
54600	-2866.428112419338
54700	-2862.450309491048
54800	-2882.7797308187155
54900	-2570.4912145729454
55000	-2156.7613655935797
55100	-2094.3204249469272
55200	-2764.7792937649037
55300	-2604.1593035572596
55400	-2555.1627608906856
55500	-2003.1823271551393
55600	-2024.5532253338442
55700	-1971.7317584158823
55800	-2661.855700619898
55900	-1669.7372990061876
56000	-1830.2350438704198
56100	-2824.028812984571
56200	-2723.055585802464
56300	-2938.8062023702787
56400	-3106.833498538102
56500	-2721.6374475467464
56600	-2529.354535382906
56700	-2886.3251008654856
56800	-2994.8959659615525
56900	-2859.887827982978
57000	-2922.554280950492
57100	-2485.9045130134014
57200	-2250.990535483353
57300	-2342.606983189646
57400	-2858.4793615145454
57500	-2715.668374850042
57600	-2879.594331752321
57700	-2817.750307223685
57800	-3093.387190517952
57900	-3105.862048873026
58000	-2040.2200438478912
58100	-1858.9600488119681
58200	-2267.8332057705284
58300	-2030.666374665971
58400	-2227.1812530923553
58500	-2082.7267442825837
58600	-2964.220046822442
58700	-2881.1955077657135
58800	-2784.806287025521
58900	-2906.6235257003095
59000	-3024.258288079318
59100	-2642.370231838734
59200	-2671.2159829596667
59300	-2776.623927680156
59400	-2515.4762093596282
59500	-2351.8033910988115
59600	-2486.604549794935
59700	-2308.146218448165
59800	-2152.3419544424587
59900	-2567.2840510762903
60000	-2116.505373256946
60100	-2540.348951284244
60200	-2181.0244889069895
60300	-2329.601894659738
60400	-2045.5543985593135
60500	-2151.550766485158
60600	-3005.5312922081052
60700	-2693.8243861882565
60800	-2711.2495375732033
60900	-2644.2696927632214
61000	-2688.6880210327854
61100	-2668.4328188185364
61200	-2337.456485565273
61300	-2232.51340496475
61400	-1948.7670728853755
61500	-1695.5595025025427
61600	-1787.7816272770724
61700	-2706.012883445225
61800	-2954.940456233624
61900	-3036.0553281381226
62000	-2658.2817386252304
62100	-2705.2719221140646
62200	-2556.4904134481717
62300	-2569.674204221104
62400	-2642.437702439624
62500	-2778.478697263298
62600	-2663.9302817085077
62700	-2589.663857158729
62800	-3031.567176625078
62900	-2930.059592228124
63000	-2877.7165040493874
63100	-2592.8557878696574
63200	-2676.2205015362056
63300	-1913.4641091830376
63400	-2175.1569046385644
63500	-2494.498134308061
63600	-2995.725962638569
63700	-2694.5159148287544
63800	-2848.3192067102677
63900	-2874.5846402729303
64000	-2791.9124421983347
64100	-2844.9197967681516
64200	-2838.619883280437
64300	-2936.4531518545023
64400	-2850.1058107689028
64500	-2876.0942963616167
64600	-2658.521979387016
64700	-2574.1915420674422
64800	-2951.218056114434
64900	-2856.757559836937
65000	-2584.6017341533493
65100	-2307.235147856982
65200	-1919.0542298363166
65300	-1989.5314345679644
65400	-2269.2371554113224
65500	-1882.2526353482226
65600	-2039.1234880958514
65700	-1726.5222395869523
65800	-1916.5027835489182
65900	-1618.9856505739867
66000	-2302.114236416368
66100	-2004.3236876095425
66200	-1163.8130794019771
66300	-1200.6890146369894
66400	-1289.1431832867893
66500	-1399.1918714767673
66600	-1349.4051480196354
66700	-1637.3335325307967
66800	-1226.2146883050818
66900	-1221.6737398621945
67000	-1434.8304951823793
67100	-1399.1223412357003
67200	-1597.1885695790197
67300	-1239.7010763094931
67400	-1326.735775000495
67500	-1583.0572328115722
67600	-1308.9980507485102
67700	-1389.6752927828834
67800	-1254.7790356454786
67900	-1704.8593866496494
68000	-1489.7726115886287
68100	-1790.1824536316635
68200	-2349.5561665522237
68300	-1739.6607427503372
68400	-2325.690410399464
68500	-2394.002494125576
68600	-2872.8550533601474
68700	-3020.6366116248428
68800	-2758.543791115638
68900	-2358.7826171302163
69000	-2464.3894773182474
69100	-1915.1593442786198
69200	-2196.248682999933
69300	-2795.313427728502
69400	-2005.4112971222648
69500	-1833.6035424300594
69600	-1915.1548677071637
69700	-1410.7773939364915
69800	-1573.3299472451931
69900	-1482.5164446168862
70000	-2007.4315085423623
70100	-2158.0708810362107
70200	-2289.7060389787625
70300	-2896.2610762293725
70400	-2967.612009824755
70500	-3040.516234473358
70600	-3181.4287633585745
70700	-2863.9996402940856
70800	-2982.7102229371044
70900	-2813.2293250418084
71000	-2978.5773969879624
71100	-3179.887512605847
71200	-3143.5025056039026
71300	-3163.9335935441395
71400	-2899.536578485815
71500	-3034.269429353542
71600	-3049.106673570143
71700	-2963.0453013677334
71800	-2419.3351389358722
71900	-2443.438831394773
72000	-2841.9001498993125
72100	-2504.151346170004
72200	-2613.0367589631915
72300	-2701.9984069629627
72400	-2544.6337871694195
72500	-2250.0899431013063
72600	-2488.8197391939193
72700	-2373.443781826978
72800	-1980.2792537897321
72900	-1820.9796433572737
73000	-2117.5804365951317
73100	-2456.9932030230434
73200	-2341.1300237232044
73300	-1660.3873785224118
73400	-1966.9294660564483
73500	-2209.9287894424574
73600	-2733.156028543711
73700	-2851.202970836353
73800	-2494.19865364754
73900	-2658.8832218794155
74000	-2914.3772746216523
74100	-2046.771499668489
74200	-2779.3364741612036
74300	-2335.361312990892
74400	-2276.8151575831544
74500	-1791.2267289532606
74600	-2272.619630155456
74700	-2561.3859476042326
74800	-2960.619290126903
74900	-2306.5723723098204
75000	-2832.92770156478
75100	-2726.82500904524
75200	-2880.2049871756144
75300	-3088.653827923177
75400	-2915.035072292262
75500	-2494.9896638631662
75600	-2415.7321109746886
75700	-2710.531855244335
75800	-2996.5523787176853
75900	-2992.5995477696524
76000	-3000.751443809543
76100	-2830.7478497097695
76200	-2834.8146981319164
76300	-2782.9515764912667
76400	-2672.589011876025
76500	-2603.473176061174
76600	-2844.547496640206
76700	-2661.0556664658893
76800	-2923.0870942687316
76900	-2828.1925728413153
77000	-2723.101409343362
77100	-2402.2578666742174
77200	-1876.5812075005138
77300	-2610.3846030690747
77400	-1946.18169411205
77500	-2681.8825350244856
77600	-2407.976423609017
77700	-1901.8171630397005
77800	-2704.19590542974
77900	-2805.040574122394
78000	-2718.1725868529556
78100	-2223.8081299372857
78200	-1975.7367744499156
78300	-2373.7042221120396
78400	-2500.1241251690794
78500	-2455.9328186405596
78600	-2550.0928749872355
78700	-2794.8804974008613
78800	-2587.5770570349414
78900	-2618.2746693913487
79000	-2614.974044430476
79100	-2753.629436016103
79200	-2851.822372358934
79300	-3134.689952808484
79400	-2610.021061043526
79500	-2061.3050312044043
79600	-1773.7035031538835
79700	-1639.1678526777914
79800	-1946.3315628162195
79900	-1478.7946636335814
80000	-1579.9404683637117
80100	-2549.070244256141
80200	-2410.6427279802615
80300	-1972.3430869414392
80400	-1818.2680072429089
80500	-2093.614185570368
80600	-2055.448773452035
80700	-2432.865786736011
80800	-2188.5289635345434
80900	-2087.4373508670183
81000	-1773.7653222608792
81100	-1916.1056432864707
81200	-2301.255191222824
81300	-1664.7080530561047
81400	-2866.170899507388
81500	-2485.5847938520164
81600	-2174.8905495301237
81700	-2312.3176451202835
81800	-2103.7970706142087
81900	-2307.590295034305
82000	-2670.8581483745584
82100	-2658.3223765742555
82200	-2897.190658509074
82300	-2638.1965772395843
82400	-2611.600147032937
82500	-2628.791119174485
82600	-2315.4425457384505
82700	-2248.9150912359837
82800	-2984.2530963778463
82900	-2508.7219800641356
83000	-2698.293586451442
83100	-2524.787818224607
83200	-2374.787838455905
83300	-2872.2239876503436
83400	-2726.9759105505864
83500	-3083.522069185991
83600	-3070.0630503908537
83700	-2594.6962574895533
83800	-2025.9423746321067
83900	-2913.763740082332
84000	-2503.283427825905
84100	-2599.9380938297736
84200	-2256.4181765289063
84300	-2094.1027065972307
84400	-2277.28714919283
84500	-2326.858191595071
84600	-2162.7238042750764
84700	-2285.6394736190364
84800	-2269.4758388432947
84900	-2825.202382231376
85000	-2759.321061045476
85100	-2609.4559188881967
85200	-2082.4325450893066
85300	-2676.2018866942176
85400	-2589.224320008061
85500	-2565.633337862918
85600	-2776.587776304421
85700	-2409.140798039563
85800	-2191.8439761075333
85900	-2367.4706077423402
86000	-2496.86195470599
86100	-2747.2888793459947
86200	-2926.122535272611
86300	-1617.6734286696164
86400	-1859.9439692522851
86500	-2253.5559084359807
86600	-1721.4110653108291
86700	-1575.6950590745714
86800	-1533.309844392028
86900	-2647.637051405507
87000	-2152.8115994715426
87100	-2219.2836994144004
87200	-2391.950860034522
87300	-1884.827363347445
87400	-2622.0914842242632
87500	-2884.2862761778115
87600	-3057.5812053755467
87700	-2824.664620889396
87800	-2950.7392975571693
87900	-2542.14235417118
88000	-3098.742884819872
88100	-3173.6920234363
88200	-3196.059177177081
88300	-2810.88603739889
88400	-2765.7366661464043
88500	-2431.959824915113
88600	-2684.2976072111674
88700	-2960.9547650454124
88800	-2571.6534013212313
88900	-1928.3203736430369
89000	-1987.3854558099074
89100	-2654.8565620459594
89200	-2792.14100374021
89300	-2479.8752965999715
89400	-2668.237442473059
89500	-3060.151126855906
89600	-2995.913489218634
89700	-2997.126498515611
89800	-2558.4734056159514
89900	-2556.2320339361245
90000	-2465.765458105008
90100	-2954.666918235954
90200	-2757.7760533971373
90300	-2910.5875409025375
90400	-1811.2983789080245
90500	-2605.377750465905
90600	-1569.7913973014497
90700	-1667.3419934279864
90800	-2025.4750766562956
90900	-2777.9187256148516
91000	-2683.818410444434
91100	-2921.241229154683
91200	-3057.1082144966044
91300	-2994.5168109593224
91400	-2231.526008332425
91500	-1526.4730111455583
91600	-1527.9107857149534
91700	-2032.9915005355783
91800	-1743.7481299269748
91900	-2293.6536945531625
92000	-1631.164910226324
92100	-1612.5722664801456
92200	-2082.9462428335537
92300	-1948.0824348278998
92400	-1817.6385678400666
92500	-1758.5329353531943
92600	-1466.924105050568
92700	-2094.2192236298224
92800	-1626.936795303207
92900	-1682.1990445261317
93000	-2408.014675509072
93100	-1510.2508206217144
93200	-1822.7546482991897
93300	-2459.8550556102023
93400	-3081.757855161117
93500	-3253.800873116545
93600	-3171.211442818717
93700	-3161.1547868708312
93800	-2920.506908688515
93900	-2501.2339763289087
94000	-2906.1954197972636
94100	-2539.132835645869
94200	-2614.055245189785
94300	-2624.2492083130055
94400	-2633.2270310005133
94500	-1751.5409352789802
94600	-1813.3707317383032
94700	-2778.9041600394376
94800	-2807.914199525614
94900	-2701.261199738828
95000	-2528.744766747818
95100	-2401.2622895320765
95200	-2339.755051307433
95300	-2121.093980404849
95400	-2964.234241338456
95500	-2809.6630326798386
95600	-2580.9778879541923
95700	-2814.1741207835116
95800	-3076.936666154766
95900	-2687.5085195470306
96000	-1980.3062425113721
96100	-1621.1976360451781
96200	-1898.6639632862116
96300	-2029.0431888215958
96400	-2391.089475679026
96500	-2856.9403558603717
96600	-2472.61882638202
96700	-1975.312171214347
96800	-1673.6289889163854
96900	-1924.2221562984423
97000	-2235.386254670596
97100	-2457.8547802010107
97200	-2581.746558754913
97300	-2576.990944126171
97400	-2513.041274925826
97500	-2723.540101703612
97600	-2944.059577623555
97700	-2833.5149997888284
97800	-2303.080185507489
97900	-1883.1479392065771
98000	-2430.392843378957
98100	-2288.455939305693
98200	-2474.5579744711767
98300	-2514.444162491338
98400	-2457.6093149353264
98500	-2292.355222610321
98600	-2098.9018593889373
98700	-1817.9894685777967
98800	-1395.3362057320287
98900	-1804.9539970165347
99000	-1381.7113341270688
99100	-1718.2043672288728
99200	-1890.9029816045627
99300	-1778.78817063804
99400	-2277.7467312901076
99500	-1826.8030343792539
99600	-2375.2562074046086
99700	-2201.5022913152657
99800	-1989.2123613287013
99900	-2072.455955133391
100000	-2785.998658457451
