Sample	likelihood
0	-2361.695027370461
100	-2218.3446600721463
200	-2478.6469326780752
300	-2094.798818147926
400	-1973.6189502490786
500	-2208.4709542734354
600	-3064.5549712244665
700	-2929.786187463708
800	-3038.1394844895285
900	-2831.051833960689
1000	-3074.822175080973
1100	-2843.3605345552687
1200	-2899.986662055039
1300	-2994.1476170499827
1400	-2938.533812008997
1500	-2874.2041282471664
1600	-2764.6791929084397
1700	-2541.396662959006
1800	-2783.7522097576043
1900	-2579.8706333645005
2000	-2330.4792631957907
2100	-2951.226623602862
2200	-3153.4171693755193
2300	-3061.3068177853906
2400	-3161.013765081556
2500	-3244.0083805164477
2600	-3029.2544736694267
2700	-2904.5775982986697
2800	-2775.3805671735113
2900	-2499.208772163186
3000	-2735.7840047502887
3100	-3108.0711229528856
3200	-3057.230614843352
3300	-3012.170464575499
3400	-3047.5510177324063
3500	-2999.528456507035
3600	-2938.6425736582723
3700	-2898.411301936595
3800	-2548.2325369057767
3900	-2613.4389230176075
4000	-3058.4739998401797
4100	-2411.9054572021832
4200	-2440.2701768917364
4300	-2621.947925166267
4400	-2696.9887928446847
4500	-2933.851990773841
4600	-2656.219303767073
4700	-2404.8465985691114
4800	-2892.4800026168678
4900	-2986.8475829863432
5000	-3221.2220346830886
5100	-2966.4899369417103
5200	-3202.9102535648126
5300	-2985.91765130126
5400	-2975.6439604659768
5500	-2888.928076050186
5600	-2892.3531034832395
5700	-2641.3747553466355
5800	-2711.6016499238804
5900	-2358.4156788692203
6000	-2799.103646886485
6100	-2555.9457610452796
6200	-2333.8948425612152
6300	-2377.670140678225
6400	-2477.7793641972116
6500	-2764.247009265746
6600	-3040.74469217095
6700	-2385.6219975405797
6800	-2531.730171262948
6900	-2413.588847127635
7000	-2900.8868534915828
7100	-2618.00113494966
7200	-2842.9345988921755
7300	-3010.281035735417
7400	-3092.8110370674963
7500	-2979.7734957812186
7600	-2906.4034733945737
7700	-2789.6175464426706
7800	-3094.6034990139933
7900	-3049.1599295792553
8000	-2267.458068848304
8100	-2723.85347298701
8200	-2209.31145194433
8300	-2385.0528994509204
8400	-2878.4501087555877
8500	-2446.864149399338
8600	-3061.3095590142757
8700	-3116.9064471262946
8800	-2990.8053958453434
8900	-2949.807413248025
9000	-2990.2628703862833
9100	-3064.601202303874
9200	-3106.1526897498507
9300	-2892.2109803044723
9400	-3127.8346779631643
9500	-2939.8130168488215
9600	-2961.966321334786
9700	-3130.0806542347436
9800	-3149.058028762192
9900	-3094.975729947844
10000	-2928.223937415625
10100	-3017.04326551553
10200	-2555.8845510708093
10300	-2335.001877307186
10400	-1953.0977007740148
10500	-2504.3827977964625
10600	-2236.660496311226
10700	-2221.0283335153986
10800	-2085.211157009752
10900	-1745.1375026206263
11000	-2563.0758818871045
11100	-2922.1124400760395
11200	-3198.3230530331684
11300	-3004.398701363245
11400	-2981.2062439938604
11500	-3030.7601265480093
11600	-2884.6534380736684
11700	-3199.092055528438
11800	-3030.157671323443
11900	-3199.855483613513
12000	-3169.0812365939946
12100	-3189.895696709784
12200	-2803.5114137842293
12300	-2167.84125644058
12400	-2524.104748536469
12500	-2399.0009188479144
12600	-1849.4702950757319
12700	-2258.2001695238278
12800	-2348.9064149752285
12900	-2246.057949132038
13000	-2186.3555226332833
13100	-1946.7484274456
13200	-1913.904889666436
13300	-1719.4664230802132
13400	-1962.560530848655
13500	-1906.2194882219678
13600	-1843.008852489695
13700	-1591.1992281430375
13800	-2284.2428586295937
13900	-1775.2216643635547
14000	-1785.3830674515384
14100	-2158.0742218194073
14200	-2609.4013744996523
14300	-1870.1051024776834
14400	-1949.089052138977
14500	-2498.150687555417
14600	-2225.29790835544
14700	-2453.3461098675075
14800	-2456.431108947982
14900	-2394.8130610905446
15000	-2432.172343315791
15100	-2563.799287916945
15200	-2255.4931704929336
15300	-2657.3538509876857
15400	-2384.105402653163
15500	-2433.1659230691303
15600	-2355.5758503341176
15700	-2696.1905848199663
15800	-2889.8174461961516
15900	-3013.8604929492053
16000	-2784.5592301275938
16100	-2868.471767333771
16200	-3182.87398764387
16300	-3232.0880554660844
16400	-2695.6622502028895
16500	-2813.3220021794823
16600	-2640.086178598208
16700	-2868.306419329355
16800	-2223.5711707172914
16900	-2252.944186260124
17000	-2537.3760642729208
17100	-2597.7014535638364
17200	-3005.5354300276217
17300	-3115.221985461841
17400	-2794.4974074269294
17500	-3011.165624282354
17600	-2821.9898639535463
17700	-2866.504838934281
17800	-2829.548153791392
17900	-2643.9119275303046
18000	-2626.4661605507445
18100	-2536.607699340928
18200	-3275.9071875876825
18300	-3189.866476765078
18400	-3028.647732078494
18500	-2928.100613402938
18600	-2607.0096155498927
18700	-2483.5120721959347
18800	-2014.0699147197467
18900	-2384.6529954054363
19000	-2672.8855947319653
19100	-2666.07864053468
19200	-2777.4252791705835
19300	-2818.3592718004343
19400	-2937.023290180625
19500	-2834.908261565266
19600	-2920.8233487782954
19700	-2913.966082864071
19800	-3103.5600663129553
19900	-2976.3756002013515
20000	-2895.1769314624503
20100	-3137.7407336461083
20200	-3151.7063534704102
20300	-3046.4458256260314
20400	-2979.384349205274
20500	-2982.4038243842515
20600	-2955.738366566141
20700	-3066.533719673
20800	-2848.827483982187
20900	-3071.6987810252463
21000	-2933.234221015019
21100	-3119.573288420078
21200	-3133.164927790353
21300	-2348.493885465337
21400	-2491.2713921010995
21500	-2505.7099793164725
21600	-2288.281568325834
21700	-2284.887742387392
21800	-1726.2538597171383
21900	-1730.7532279765087
22000	-1683.5211280212616
22100	-2296.483856788739
22200	-1992.0342700123858
22300	-2042.504105248895
22400	-2164.2958284357055
22500	-1984.1922404985107
22600	-1797.2470458675698
22700	-1755.9561620912139
22800	-1763.7645613179334
22900	-2167.3947294199493
23000	-2275.9262429392957
23100	-2579.452209253785
23200	-2622.9043296342497
23300	-2467.0572514659607
23400	-2324.1785907171097
23500	-1596.876299347495
23600	-1770.0239088626038
23700	-1990.5231784836553
23800	-2282.283103556316
23900	-2820.1682285234683
24000	-2918.69164090862
24100	-3103.0219246876736
24200	-2489.210112558252
24300	-2386.791586043274
24400	-2209.09419063432
24500	-2082.2744239672857
24600	-1856.6248052203837
24700	-1942.6929122284437
24800	-1908.6343882048461
24900	-1795.4979689030201
25000	-2193.14465365386
25100	-2698.7008315352823
25200	-2670.029897077088
25300	-2357.2506451347604
25400	-2373.48162615549
25500	-2239.7753778655815
25600	-1796.8753075327054
25700	-2214.0911031289243
25800	-1892.9831687103967
25900	-1863.6159915222897
26000	-1955.1123990033643
26100	-2382.047414412822
26200	-2513.088030545967
26300	-2173.574924816843
26400	-1955.3077970537468
26500	-2639.4196907469477
26600	-2653.714791866667
26700	-2552.842697952631
26800	-2642.9061669740872
26900	-2714.3743210354123
27000	-2229.793459687985
27100	-1943.1849068065726
27200	-2276.8889110036325
27300	-2843.564271252637
27400	-2890.4494770611814
27500	-2618.474586134116
27600	-2599.7822523395057
27700	-2929.1717819779064
27800	-2633.8495747461834
27900	-2560.9112020257544
28000	-1873.072533713556
28100	-2215.84387116842
28200	-2138.9949821923865
28300	-2274.712786956419
28400	-2228.354528338423
28500	-2954.834443831457
28600	-2744.8422035969384
28700	-2530.057093905183
28800	-2721.3547326202224
28900	-2955.411648982777
29000	-2913.0814146440784
29100	-2929.947290813486
29200	-2936.8748565233645
29300	-2877.351509550225
29400	-2851.5535464398677
29500	-3010.9139588079643
29600	-2693.8583235938763
29700	-2820.0285170748384
29800	-2710.572440378224
29900	-2784.2243720787183
30000	-2572.719424078069
30100	-2675.5904744127956
30200	-2542.9147802047555
30300	-2231.2336825293933
30400	-2633.0367906233805
30500	-2493.5436033660894
30600	-2442.622761844522
30700	-2899.4597175161352
30800	-2893.6493680488143
30900	-2816.7601469793417
31000	-3119.565029158252
31100	-2923.181270853985
31200	-2912.8936620728628
31300	-2849.62441149017
31400	-2855.8094524530725
31500	-2787.206399226506
31600	-2362.798262801852
31700	-2542.9342092774996
31800	-2518.451504455382
31900	-2750.066873909207
32000	-2368.661569219257
32100	-2262.7425412874663
32200	-2592.730701669181
32300	-2311.437929338905
32400	-2730.533661548373
32500	-2532.374147824927
32600	-2985.958311893528
32700	-2445.9479681461894
32800	-2351.5896690978484
32900	-2533.3188344061255
33000	-2645.06683873125
33100	-2825.6188581797196
33200	-2899.9528710288846
33300	-2332.7471870370937
33400	-2040.5607043957086
33500	-2137.0578351979993
33600	-3094.1879038109832
33700	-2138.468490921068
33800	-2816.690417765661
33900	-2671.9145630853372
34000	-2843.56844528694
34100	-2188.709096701141
34200	-1950.687249854566
34300	-2062.541760855007
34400	-2328.743535297721
34500	-3176.227297547241
34600	-2590.705634400816
34700	-2831.126528606108
34800	-3029.749518659549
34900	-3178.123902705338
35000	-3153.3533168653425
35100	-3025.707739426584
35200	-2644.7097615637576
35300	-2834.0937309977317
35400	-2855.8390535857316
35500	-2774.8150507027703
35600	-2625.5807589301585
35700	-2590.4202359115407
35800	-2399.9527282586287
35900	-2471.5439142573296
36000	-2742.1924274732555
36100	-3070.471935440832
36200	-2992.726785485892
36300	-2823.9218721022944
36400	-3025.030301558278
36500	-2992.541224926083
36600	-2959.4182678329294
36700	-2529.8931416543883
36800	-2580.1226689477803
36900	-2934.149197509578
37000	-2688.4058139750573
37100	-3093.1567703354763
37200	-2974.6282304827714
37300	-2894.2414720916904
37400	-2938.069208034042
37500	-2779.2623331921777
37600	-2780.044402926983
37700	-2570.8707708323063
37800	-2251.7722633370317
37900	-2217.747239584884
38000	-2417.540090678297
38100	-2609.0756263521416
38200	-2968.085422551184
38300	-2540.5762940690947
38400	-2075.8977310924247
38500	-2175.3685492051
38600	-2399.8539526598915
38700	-2287.4614199372913
38800	-2378.8633297189263
38900	-2734.793172603272
39000	-2305.2286582345077
39100	-1947.7405541966154
39200	-2275.0033359967647
39300	-2796.6041957216266
39400	-2556.348915556023
39500	-2780.932592385431
39600	-2428.1514883767354
39700	-2290.9843679327532
39800	-2732.921971905933
39900	-2584.7697226243763
40000	-2879.9460407351644
40100	-2845.217783087118
40200	-2693.8137202808366
40300	-2685.874698843196
40400	-2940.1858820834104
40500	-3225.131626999938
40600	-3206.8279459719583
40700	-3258.8477959260013
40800	-2306.0702939927005
40900	-2705.8405953520232
41000	-2039.989577913444
41100	-1884.1914321029521
41200	-2177.04782017053
41300	-2286.442653894486
41400	-1759.784865501575
41500	-2309.8213429579955
41600	-2876.699820010152
41700	-2379.366201403408
41800	-2766.778822005957
41900	-1893.2999961406085
42000	-2796.2418078631135
42100	-2843.3324239228623
42200	-2923.6080140043764
42300	-2807.705134863063
42400	-2879.0656319298887
42500	-2632.45382674876
42600	-2524.7000381404296
42700	-2405.995276519875
42800	-1840.5450268220002
42900	-1966.7516851770088
43000	-2166.8094159244683
43100	-2629.467310857256
43200	-2379.2944220223535
43300	-2292.9394301605544
43400	-2487.179393565778
43500	-2362.4294965127506
43600	-2152.7184182072237
43700	-2934.331927937157
43800	-3181.926007803175
43900	-2952.7850810377076
44000	-3089.751654796528
44100	-3147.2007664433327
44200	-3219.250958954206
44300	-3155.6470106036013
44400	-3101.8596385864666
44500	-3218.1696355271965
44600	-3209.665419347944
44700	-3235.6534318614567
44800	-3239.835810093135
44900	-3192.426386315549
45000	-3185.929991091543
45100	-3180.21608712441
45200	-3212.3723006672617
45300	-3227.6215267805615
45400	-3216.831052941309
45500	-3111.054082905084
45600	-2995.7925225394324
45700	-2601.696229659411
45800	-2273.695281330939
45900	-2220.4230662892924
46000	-2242.354686221607
46100	-3052.0002394071266
46200	-2448.909499264657
46300	-1600.6894926055525
46400	-2183.8144170343608
46500	-2269.6056352849155
46600	-2933.183610772289
46700	-3169.6308457544906
46800	-3105.38366247614
46900	-3194.4067427974087
47000	-2953.8463457755515
47100	-2775.2920806413504
47200	-2508.89285996819
47300	-3225.840323423046
47400	-3007.5938573705766
47500	-2963.5761595721187
47600	-3083.228063850073
47700	-3037.2363936101206
47800	-2904.925622430622
47900	-2187.7190962788195
48000	-2413.869321605456
48100	-2571.0130892439292
48200	-3132.386431804371
48300	-3162.7599272984558
48400	-3136.6532324929753
48500	-2750.7270288068466
48600	-2703.735905071835
48700	-2502.0721197215016
48800	-2565.4472378252867
48900	-2584.459283860221
49000	-2743.033033412158
49100	-2675.8897561397907
49200	-2704.677487324532
49300	-2715.5186273755658
49400	-2226.2665358676304
49500	-2431.212190194122
49600	-2302.465216320014
49700	-2094.1452396197556
49800	-2120.1948826476755
49900	-2728.830284286306
50000	-2795.9042109836855
50100	-2506.1697791584525
50200	-3077.5668264858054
50300	-2930.4348377202064
50400	-2817.2536482414325
50500	-2941.959699272078
50600	-2896.8877153515173
50700	-2918.702285422937
50800	-2869.6957816866143
50900	-2861.965175999922
51000	-2822.680019359407
51100	-2949.6064043778656
51200	-2865.869023110401
51300	-2250.296834786095
51400	-2687.0342685118544
51500	-3133.359392539398
51600	-2841.8317981212176
51700	-2025.0384808255594
51800	-2113.7834435312943
51900	-1835.3149665089315
52000	-1779.5505528161543
52100	-1643.8261699436705
52200	-1668.756576372633
52300	-1607.1134172438597
52400	-1703.2562862618654
52500	-1615.8429252749734
52600	-1786.8144901411083
52700	-1810.0532380627092
52800	-1601.593196386277
52900	-1625.145503233193
53000	-1590.4086944043286
53100	-1618.38135388777
53200	-1525.2533819187117
53300	-1551.3862837831955
53400	-1722.1917439546487
53500	-2196.058995413673
53600	-2514.894112592283
53700	-1614.928270370972
53800	-1589.8387945554487
53900	-1588.1076566464285
54000	-1722.4737955229946
54100	-1866.4349780382229
54200	-1791.7522026573097
54300	-2437.157265788405
54400	-2454.735102982987
54500	-2261.701699152297
54600	-2475.0645206881572
54700	-2769.219339960041
54800	-2898.382402001018
54900	-3085.611304837522
55000	-3174.3136525315567
55100	-3098.8447433934152
55200	-2913.741956208859
55300	-2832.6469361794707
55400	-3060.942968867727
55500	-2229.3607421757324
55600	-2553.7500343398324
55700	-2609.8090557248606
55800	-2900.69259000112
55900	-2730.041564194594
56000	-2658.8649367705802
56100	-2059.816610699948
56200	-1571.8682664518465
56300	-1518.8806902011793
56400	-1551.1486753143267
56500	-1493.5544203702675
56600	-1867.0268026540125
56700	-2174.717475135725
56800	-2097.4899142438844
56900	-2229.8638213376234
57000	-2161.7175245532244
57100	-2748.6592510497394
57200	-2706.594437925788
57300	-3031.2217573513044
57400	-2885.3090978129303
57500	-2876.1077241463868
57600	-3092.07963256018
57700	-2916.5083404347843
57800	-2873.2535081641454
57900	-2743.276546072101
58000	-2302.2535802624834
58100	-1969.247316957588
58200	-1560.746952847386
58300	-1481.3227068032165
58400	-1594.161390644461
58500	-1556.5618042796336
58600	-1696.3831908833172
58700	-1734.907084895021
58800	-1820.0721589178938
58900	-1701.1294778905049
59000	-1890.3848245782515
59100	-2535.019460466815
59200	-2705.430853011524
59300	-2496.0813933474224
59400	-2619.355268647827
59500	-2561.9704300821804
59600	-2700.1761135691677
59700	-2062.5759671864735
59800	-2391.8816580160556
59900	-3109.7806379567473
60000	-2465.876753926438
60100	-3051.7856005053286
60200	-3139.8918411203003
60300	-3015.1822840011555
60400	-3057.2048879199197
60500	-2848.562668909917
60600	-2647.740889698316
60700	-2264.6459070189267
60800	-2011.327651904785
60900	-1933.7385128534222
61000	-1928.4127109716642
61100	-2237.478011285595
61200	-2039.6662032158488
61300	-2144.38649693865
61400	-2294.5791041034918
61500	-2803.8823207520372
61600	-2156.127450202306
61700	-1964.8300764008047
61800	-1863.2052338293006
61900	-2708.6892836016304
62000	-2593.837689850301
62100	-3048.017970745164
62200	-2645.7111235357365
62300	-2374.019997178966
62400	-2161.3124814178504
62500	-2300.6949428094067
62600	-1878.749730832139
62700	-2130.388989849319
62800	-2045.1638334017728
62900	-2059.0258499292468
63000	-2469.3996608210527
63100	-3116.7047208455515
63200	-2569.855910510675
63300	-2691.3484626052505
63400	-2931.840668026091
63500	-2925.3739990576523
63600	-2614.793086596104
63700	-2535.944121397066
63800	-2629.9024911590323
63900	-2255.839394806351
64000	-2671.1256192829237
64100	-1909.2323082375444
64200	-2258.0002451214013
64300	-2399.6351726157254
64400	-2830.982492936193
64500	-2289.0784672035693
64600	-2710.3750303426955
64700	-2590.1122744467702
64800	-1867.8289218093132
64900	-1887.944607269919
65000	-2575.995146107378
65100	-3127.2062530338467
65200	-2911.7933342093283
65300	-2650.5936231823152
65400	-2479.0469060075357
65500	-3050.1975974088614
65600	-3007.6204978505193
65700	-3061.451069272821
65800	-3075.4663203665364
65900	-3101.80012831698
66000	-3006.3982137356797
66100	-2875.1713545428165
66200	-2883.8732940796644
66300	-2651.630943756487
66400	-2620.502002465161
66500	-2816.671508533306
66600	-2851.967085399902
66700	-2460.0200475497927
66800	-2382.0137856512706
66900	-2577.6437554503937
67000	-2063.6659286642807
67100	-1842.92645707493
67200	-1654.5801710878786
67300	-1729.387833971239
67400	-1866.2044988168338
67500	-2183.1785464123577
67600	-2518.646007110043
67700	-2230.772224934234
67800	-2429.226443554884
67900	-2409.312280752492
68000	-2901.601666366223
68100	-2681.040273042733
68200	-2800.0530128141754
68300	-3014.0042013108573
68400	-1975.2659872089087
68500	-1785.2580920538412
68600	-1898.4085703162805
68700	-1949.4492897078285
68800	-1708.927613318564
68900	-2081.8784518815683
69000	-2025.6145209164345
69100	-2132.556913324973
69200	-2261.4407408233646
69300	-2147.4474752674396
69400	-2069.028269692667
69500	-1980.278939900455
69600	-2267.8654064227912
69700	-2611.4137518942844
69800	-1645.8101363460232
69900	-2058.2841171954924
70000	-2158.0184521202227
70100	-2391.396959867653
70200	-2847.3201516591457
70300	-3040.416871024343
70400	-3153.6264315620247
70500	-3093.1213256495894
70600	-2907.4583841760477
70700	-2684.3571511737077
70800	-2449.8950490600364
70900	-2098.5734591426803
71000	-2808.542815207856
71100	-2564.4830282888547
71200	-2100.913840881209
71300	-2526.5493634004824
71400	-2739.404289253479
71500	-2841.321979489825
71600	-2645.107891515831
71700	-2111.070954763985
71800	-2406.486226788529
71900	-2540.838631405838
72000	-2760.3769665057507
72100	-2828.7576318398305
72200	-2618.575492572386
72300	-2900.6420987383012
72400	-2616.2027395337627
72500	-2474.233183807569
72600	-2463.3073649574226
72700	-2465.1780116776067
72800	-2345.7777852263844
72900	-2532.835036646854
73000	-2274.045767887599
73100	-2666.513294955889
73200	-2777.4703606677367
73300	-2725.3205581071566
73400	-2926.205400395551
73500	-2876.5587187289457
73600	-2467.1276317874244
73700	-2843.036411247371
73800	-2788.0626797241594
73900	-2962.138053193687
74000	-2756.6488908842757
74100	-2834.3262807201845
74200	-3142.4235748919505
74300	-3018.836651442607
74400	-3098.9726503116767
74500	-2468.197392826873
74600	-2531.0414789154956
74700	-2699.025518452703
74800	-2909.948727036431
74900	-2459.1397965042433
75000	-2335.6775201856244
75100	-2593.93571812634
75200	-2675.1227282273103
75300	-2786.80206950325
75400	-3010.6214912474115
75500	-2924.0700308747773
75600	-2808.7487850744756
75700	-2505.9641136434357
75800	-2712.2456079525846
75900	-2758.9534027831987
76000	-2969.9954784974557
76100	-2847.4054618117693
76200	-2915.4889977995736
76300	-2797.2437961460246
76400	-2845.1217957572976
76500	-2949.392262779855
76600	-2427.5646245010757
76700	-2546.7223736743354
76800	-2456.09669513846
76900	-2831.7802120841534
77000	-3024.1114351691635
77100	-3039.0580489235144
77200	-3198.762591642648
77300	-3143.525937958225
77400	-2914.2852752056388
77500	-2606.8449339270674
77600	-2281.837412453089
77700	-2242.4578453903764
77800	-2244.610503352934
77900	-2107.6959714730583
78000	-2865.3390991340093
78100	-2739.114166021516
78200	-2038.0916157695924
78300	-1846.1196291712063
78400	-1733.7608397292588
78500	-2147.711953170692
78600	-2245.8922090256438
78700	-2768.9181863764834
78800	-2246.3376718182362
78900	-1869.2102460773847
79000	-2230.786146358066
79100	-1960.0394047996328
79200	-2045.5307534356791
79300	-2230.386765636138
79400	-1907.179007710216
79500	-1774.5105842830178
79600	-1838.61948628243
79700	-2360.343263191781
79800	-2323.2999990051303
79900	-2044.5366687622532
80000	-1845.679012723986
80100	-1856.9886872439656
80200	-1825.8224327964294
80300	-1758.2004446306973
80400	-1846.5121328373775
80500	-2007.1613138108637
80600	-1863.3379151813533
80700	-1919.619645824324
80800	-2296.1414583686096
80900	-2382.730878196857
81000	-2416.2442799104806
81100	-2412.0164621439626
81200	-2170.450941622449
81300	-2248.7122712303535
81400	-2448.533980680454
81500	-2741.8587711290083
81600	-2916.312638181065
81700	-2566.943212847696
81800	-2336.7319832596395
81900	-2356.956631278241
82000	-1984.5687088067405
82100	-2510.3639266031373
82200	-2370.7169953047514
82300	-2452.7726107151784
82400	-3015.355657349983
82500	-2836.9506876692803
82600	-2206.9946936076685
82700	-2308.4019720995184
82800	-2859.925125620355
82900	-2821.9596162482176
83000	-2901.8894975403946
83100	-3030.2530809050386
83200	-2991.126767601878
83300	-3217.2159242466264
83400	-2976.215830516396
83500	-2798.434660462138
83600	-2970.760956160317
83700	-3204.839364714062
83800	-3088.9346705947605
83900	-3129.2945945049473
84000	-2999.935202008775
84100	-2260.404811071057
84200	-2481.8259647611612
84300	-2117.0451421596435
84400	-2216.664123169692
84500	-2711.6819741853255
84600	-2061.026317795505
84700	-2875.0711571255856
84800	-2823.026584960549
84900	-2530.8130112256604
85000	-2803.1493482237574
85100	-2489.0858935394344
85200	-2308.772184915529
85300	-2334.88138838137
85400	-2503.369409527965
85500	-2901.8159253332915
85600	-2859.341723649977
85700	-3058.966279912315
85800	-2959.1735703281247
85900	-3140.7958690240807
86000	-3197.9307155831207
86100	-3078.1355897927124
86200	-3160.5461798801184
86300	-3310.75710597185
86400	-2575.7120937107234
86500	-2522.743182352817
86600	-2836.6414168884858
86700	-2251.2468512663827
86800	-2380.365839720418
86900	-2925.1570104577695
87000	-3008.0354609030687
87100	-2785.726222182718
87200	-2733.937052292569
87300	-2938.247935570044
87400	-3248.4206597759553
87500	-2850.117394818939
87600	-2852.8190357896992
87700	-2698.778611545478
87800	-2319.278889452674
87900	-2918.0986167647493
88000	-2866.4009059700693
88100	-2722.932286682135
88200	-3159.774816797446
88300	-3034.660263043034
88400	-3017.0170331540744
88500	-3020.259611859596
88600	-3005.3324838720214
88700	-2763.5769207419635
88800	-2521.2742669967774
88900	-2751.521320553656
89000	-2951.213240492115
89100	-2962.5965491190414
89200	-2766.7227739545347
89300	-2819.690502510134
89400	-3170.101281411083
89500	-3148.0572455248293
89600	-3122.2003871719076
89700	-2949.4528774588116
89800	-2769.43739561897
89900	-3050.0873988568464
90000	-3054.537949629676
90100	-2887.124579025261
90200	-2854.2331348812313
90300	-3090.0676606338743
90400	-2941.7594678020982
90500	-2956.8904404978366
90600	-2879.2501208203425
90700	-2532.9431024166124
90800	-2564.4574153587355
90900	-2805.8803255445955
91000	-2773.530350776866
91100	-2877.245716730551
91200	-2597.06227897401
91300	-2052.9427670703135
91400	-2504.9787227521983
91500	-2134.074305567725
91600	-2111.070093149069
91700	-2822.5302904869723
91800	-2689.4458840244524
91900	-2023.2636941704807
92000	-2020.287742583453
92100	-2711.0300043427314
92200	-2373.8877789707517
92300	-2551.287750892081
92400	-2834.051263328669
92500	-2363.1824415688034
92600	-2521.78549152123
92700	-2317.98664097488
92800	-2028.6253063094089
92900	-2617.704333979116
93000	-2679.2125781318437
93100	-2656.1863410072992
93200	-3075.3523857578507
93300	-3207.9801998337302
93400	-3243.8152824761914
93500	-3214.6600774433377
93600	-3209.257299804246
93700	-3296.6289217701606
93800	-3234.6124243802174
93900	-3213.7243707258353
94000	-3203.574475225286
94100	-3256.1860262132022
94200	-3233.078670158168
94300	-3196.3867405091414
94400	-3171.344153363065
94500	-3137.891208448719
94600	-3158.7786682601163
94700	-3108.121514736604
94800	-3025.217742004035
94900	-2848.3456359347356
95000	-2620.6059204505013
95100	-2951.191746730628
95200	-2905.7049755220805
95300	-2698.81629132286
95400	-2742.3832543356702
95500	-2998.4031592720075
95600	-2960.9485007372073
95700	-2815.563929317833
95800	-3088.558304237659
95900	-2921.1628772716153
96000	-3033.3274081595937
96100	-2875.688652774128
96200	-3137.9571725478495
96300	-3002.647248664471
96400	-2925.0218243350523
96500	-2768.431027728041
96600	-2821.391110261775
96700	-2790.338740740235
96800	-2882.1711633399855
96900	-3176.274092802816
97000	-2967.7641646135653
97100	-3013.874174979222
97200	-3151.152615111808
97300	-3197.5028505621817
97400	-3112.2017836244017
97500	-3120.941645490305
97600	-2572.3610527811006
97700	-2434.899898099425
97800	-2366.81431595932
97900	-2932.500198091735
98000	-2921.44795094668
98100	-2763.257368870184
98200	-2492.9936251468566
98300	-2635.6591182137254
98400	-2639.5615274095608
98500	-2443.215029296105
98600	-2082.0184106112483
98700	-2203.082195421436
98800	-2981.0002037203076
98900	-2933.317297990281
99000	-2963.0744368588203
99100	-3049.012846085794
99200	-2805.598771043212
99300	-3008.973888890108
99400	-2951.3296924555634
99500	-3057.3409056362325
99600	-3126.0215313731833
99700	-2892.1190610687354
99800	-2977.8877276582716
99900	-2741.949879144298
100000	-2736.5783212159304
