#
#model:
#
#<?xml version="1.0" encoding="UTF-8" standalone="no"?><input id="posterior" spec="beast.core.util.CompoundDistribution">
#    <distribution id="prior" spec="beast.core.util.CompoundDistribution">
#        <prior id="lambdaPrior.Ai" name="distribution">
#            <parameter id="lambda" lower="0.0" name="x" spec="beast.core.parameter.RealParameter">10.0</parameter>
#            <Gamma id="Gamma.0" name="distr">
#                <parameter estimate="false" id="RealParameter.1" name="alpha" spec="beast.core.parameter.RealParameter">2.0</parameter>
#                <parameter estimate="false" id="RealParameter.2" name="beta" spec="beast.core.parameter.RealParameter">200.0</parameter>
#            </Gamma>
#        </prior>
#        <distribution id="snapprior.Ai" lambda="@lambda" spec="snap.likelihood.SnAPPrior">
#            <parameter estimate="false" id="alpha" lower="0.0" name="alpha" spec="beast.core.parameter.RealParameter">11.75</parameter>
#            <parameter estimate="false" id="beta" lower="0.0" name="beta" spec="beast.core.parameter.RealParameter">109.73</parameter>
#            <parameter estimate="false" id="kappa" lower="0.0" name="kappa" spec="beast.core.parameter.RealParameter">1.0</parameter>
#            <parameter id="coalescenceRate" name="coalescenceRate" spec="beast.core.parameter.RealParameter">10.0</parameter>
#            <tree clusterType="upgma" id="Tree.Ai" nodetype="snap.NodeData" spec="beast.util.ClusterTree">
#                <taxa dataType="integerdata" id="snap.Ai" spec="snap.Data">
#                    <taxonset id="SthBarrington" spec="beast.evolution.alignment.TaxonSet">
#                        <taxon id="SthBarrington_BT10a1" spec="beast.evolution.alignment.Taxon"/>
#                        <taxon id="SthBarrington_BT8a1" spec="beast.evolution.alignment.Taxon"/>
#                        <taxon id="SthBarrington_BT9c1" spec="beast.evolution.alignment.Taxon"/>
#                    </taxonset>
#                    <taxonset id="MtWilson" spec="beast.evolution.alignment.TaxonSet">
#                        <taxon id="MtWilson_MW12bm" spec="beast.evolution.alignment.Taxon"/>
#                        <taxon id="MtWilson_MW5bm" spec="beast.evolution.alignment.Taxon"/>
#                    </taxonset>
#                    <taxonset id="Termeil" spec="beast.evolution.alignment.TaxonSet">
#                        <taxon id="Termeil_Te3bf" spec="beast.evolution.alignment.Taxon"/>
#                        <taxon id="Termeil_Te3c1" spec="beast.evolution.alignment.Taxon"/>
#                    </taxonset>
#                    <taxonset id="Broadwater" spec="beast.evolution.alignment.TaxonSet">
#                        <taxon id="Broadwater_BW10af" spec="beast.evolution.alignment.Taxon"/>
#                        <taxon id="Broadwater_BW19cf" spec="beast.evolution.alignment.Taxon"/>
#                        <taxon id="Broadwater_BW31am" spec="beast.evolution.alignment.Taxon"/>
#                    </taxonset>
#                    <taxonset id="Kerewong" spec="beast.evolution.alignment.TaxonSet">
#                        <taxon id="Kerewong_Ke18dm" spec="beast.evolution.alignment.Taxon"/>
#                        <taxon id="Kerewong_Ke21b1" spec="beast.evolution.alignment.Taxon"/>
#                    </taxonset>
#                    <taxonset id="Dampier" spec="beast.evolution.alignment.TaxonSet">
#                        <taxon id="Dampier_Da11a2" spec="beast.evolution.alignment.Taxon"/>
#                        <taxon id="Dampier_Da19a1" spec="beast.evolution.alignment.Taxon"/>
#                    </taxonset>
#                    <taxonset id="MaresForest" spec="beast.evolution.alignment.TaxonSet">
#                        <taxon id="MaresForest_MF13a1" spec="beast.evolution.alignment.Taxon"/>
#                        <taxon id="MaresForest_MF17am" spec="beast.evolution.alignment.Taxon"/>
#                    </taxonset>
#                    <taxonset id="Olney" spec="beast.evolution.alignment.TaxonSet">
#                        <taxon id="Olney_Ol20bm" spec="beast.evolution.alignment.Taxon"/>
#                        <taxon id="Olney_Ol4bm" spec="beast.evolution.alignment.Taxon"/>
#                    </taxonset>
#                    <taxonset id="NthBarrington" spec="beast.evolution.alignment.TaxonSet">
#                        <taxon id="NthBarrington_BT4a2" spec="beast.evolution.alignment.Taxon"/>
#                        <taxon id="NthBarrington_BT6a1" spec="beast.evolution.alignment.Taxon"/>
#                    </taxonset>
#                    <taxonset id="Cumberland" spec="beast.evolution.alignment.TaxonSet">
#                        <taxon id="Cumberland_Cu12a1" spec="beast.evolution.alignment.Taxon"/>
#                        <taxon id="Cumberland_Cu6a1" spec="beast.evolution.alignment.Taxon"/>
#                    </taxonset>
#                    <taxonset id="Dorrigo" spec="beast.evolution.alignment.TaxonSet">
#                        <taxon id="Dorrigo_Do2c2" spec="beast.evolution.alignment.Taxon"/>
#                        <taxon id="Dorrigo_Do5bm" spec="beast.evolution.alignment.Taxon"/>
#                    </taxonset>
#                </taxa>
#                <parameter id="RealParameter.0" lower="0.0" name="clock.rate" spec="beast.core.parameter.RealParameter" upper="0.0">1.0</parameter>
#            </tree>
#        </distribution>
#    </distribution>
#    <distribution id="likelihood" spec="beast.core.util.CompoundDistribution">
#        <distribution data="@snap.Ai" id="treeLikelihood.Ai" pattern="coalescenceRate" spec="snap.likelihood.SnAPTreeLikelihood" tree="@Tree.Ai">
#            <siteModel id="MutationSiteModel.Ai" spec="beast.evolution.sitemodel.SiteModel">
#                <parameter estimate="false" id="mutationRate" name="mutationRate" spec="beast.core.parameter.RealParameter">1.0</parameter>
#                <parameter estimate="false" id="shape" name="shape" spec="beast.core.parameter.RealParameter">2.0</parameter>
#                <parameter estimate="false" id="proportionInvariant" name="proportionInvariant" spec="beast.core.parameter.RealParameter">0.0</parameter>
#                <substModel coalescenceRate="@coalescenceRate" id="MutationModel" spec="snap.likelihood.SnapSubstitutionModel">
#                    <parameter estimate="false" id="u" lower="0.0" name="mutationRateU" spec="beast.core.parameter.RealParameter">1.7346278317152102</parameter>
#                    <parameter id="v" lower="0.0" name="mutationRateV" spec="beast.core.parameter.RealParameter">0.7024901703800787</parameter>
#                </substModel>
#            </siteModel>
#        </distribution>
#    </distribution>
#</input>
#
Sample	posterior	likelihood	prior	theta0	theta1	theta2	theta3	theta4	theta5	theta6	theta7	theta8	theta9	theta10	theta11	theta12	theta13	theta14	theta15	theta16	theta17	theta18	theta19	theta20	TreeHeightLogger
0	-3845.4785956278906	-2845.104567395355	-1000.3740282325358	0.04729086081140542	0.10645311791505174	0.13161244761537555	0.08673459010680543	0.11771559355277593	0.07584360738840912	0.1338586556316584	0.08474532476818425	0.1850138268822969	0.10249571802215379	0.13237519319836882	0.10079167537921337	0.10015704831355715	0.13780468427164574	0.05927566325804209	0.1002235069074041	0.09825545216967288	0.11507312835924535	0.08778247600280181	0.08626150547336969	0.08892772689015545	0.0063229661389112065
1000	-3227.754085881329	-2219.4040677282715	-1008.3500181530577	0.08982383712461584	0.13555032159335378	0.09486770445923867	0.11038033381924921	0.09725692579450863	0.1664256888448173	0.09199131931156113	0.1259332410718529	0.07583313340589481	0.09173989852208785	0.14448381610209077	0.08228805437898305	0.1079921793211505	0.08552921656465791	0.07925521453756156	0.11026602035064899	0.1380752862360277	0.09582858219238811	0.09893183831153941	0.15525483684006344	0.14040490436589712	0.018968531599866438
2000	-3972.687469138482	-2978.8747302585707	-993.812738879911	0.1424359953745044	0.1013920903449191	0.0894656039818732	0.1096287937267771	0.07895819177609335	0.14462010301752454	0.12435643196636316	0.08921085067942935	0.036672410026244086	0.08601709643492161	0.1286677736003741	0.09939150696961856	0.08178835351303068	0.11144492504709723	0.1369468161725455	0.19262667988547463	0.09329285073598322	0.08143873335339297	0.09789478192686406	0.07038773593405513	0.11799835035702191	0.0024436519266808235
3000	-3801.138047229361	-2801.837768239868	-999.3002789894928	0.20941116887073555	0.12540986637933602	0.08570238723402389	0.10815527768946546	0.09660197551528048	0.1275609010457736	0.11660591247807335	0.07622104065325122	0.0886196577981886	0.12100925127435429	0.12100423124106244	0.19474654621724666	0.10711783276657495	0.1353831281617297	0.06775489488848278	0.06743690867292328	0.08452312596662352	0.10801510107996276	0.06293737955367713	0.08150671813833822	0.1204049813310022	0.00580487220270985
4000	-3577.7031740522384	-2572.6535752044724	-1005.0495988477661	0.13742299139464167	0.10031765822680662	0.09068063480209029	0.16059936404228897	0.0840899466328386	0.09425147168680564	0.11313734240872916	0.09374821388374426	0.062234722894830785	0.08139665807971937	0.12247940552922552	0.11368943746983824	0.10464161982704757	0.09405759726326857	0.06812979288729672	0.06503933355916701	0.094176747355705	0.09709198808796127	0.08382438759736528	0.08415206256667276	0.1652695428319327	0.013344736883546893
5000	-2971.2705308053364	-1951.468905328749	-1019.8016254765871	0.12462362484571621	0.07781578583540029	0.10878867142679495	0.09523973112661659	0.12229173334329412	0.09386976271672162	0.08788096658265925	0.10240069300416126	0.13340371231000897	0.06576768851785136	0.035794573141735835	0.06312022047610033	0.16807262759892358	0.12105815959533194	0.11549748046305386	0.07962551185650871	0.07995733261158704	0.12292026059945114	0.06978890838532623	0.10280997692074542	0.06091681896707575	0.03526630512278697
6000	-4008.078704530697	-3000.1962718239415	-1007.8824327067555	0.07360184413367542	0.13595657577725964	0.09821521260873466	0.09255494779888487	0.05528079944182463	0.07872897869819385	0.026766229582273295	0.06990761857970784	0.16254018787998784	0.10004019482616062	0.1368856779431518	0.13084564807051763	0.10319431364639083	0.11504558681265839	0.13319083425452957	0.11475443613160277	0.07814181383002675	0.07493328823771439	0.0997652401293914	0.06739189911222179	0.0967885450748446	0.005445816879369604
7000	-4024.1222102067786	-3026.534892237175	-997.5873179696039	0.11904444653747759	0.10531497210296703	0.11357757537301645	0.10815809931106417	0.0893124430055413	0.08402469781684452	0.10201376970191244	0.10721850384333197	0.14993505382300254	0.0983283745720726	0.08243852822854147	0.11938394141236552	0.07566802854713486	0.08595215723313547	0.07434930058659246	0.09721962678511613	0.04618597006225044	0.1267780611663415	0.08528700883273224	0.0970617745479871	0.14417036614707263	0.0034754931137063
8000	-3966.4917976733873	-2970.5703736592423	-995.9214240141451	0.11405796806641444	0.1084539040170992	0.08736777793521118	0.08874251035817973	0.05918589131483214	0.13264371289426571	0.07859208959135465	0.1214607093768109	0.13956621615174397	0.10129798244826728	0.07955827181730027	0.11828468286090617	0.09090212910504426	0.10158753281645955	0.05555328350549513	0.14445370696168303	0.1257965488331626	0.16551786737173924	0.05556574350800224	0.09765500437779594	0.09865253449550203	0.0025890670507763844
9000	-3901.8647032383183	-2910.7859971473995	-991.0787060909189	0.1391471551287043	0.09771744195840142	0.07971798033272927	0.1527146700377133	0.06672614640526883	0.09152309446476009	0.15894129229938528	0.1283679969659896	0.09244911606092783	0.10351414791699298	0.08728340421485566	0.15865654435098092	0.12483487309759676	0.1479326347103973	0.08360087535125049	0.11081201392166402	0.12535285646268235	0.09250773506547337	0.0776388021701662	0.10357867345838169	0.1350729855237491	0.002534020130425786
10000	-3734.9835187120116	-2728.6655565066258	-1006.317962205386	0.10608255478601965	0.07867660844030681	0.09158258940960398	0.09308958648883663	0.20944545347797533	0.11016116773616118	0.1753390674827417	0.10468398796908308	0.12290837023306943	0.07181894040956235	0.09644984173413865	0.05453343739153827	0.10283303297171366	0.1550946987750177	0.053052152917590835	0.12562898479413043	0.10670059925013001	0.10918263017598866	0.13818718198204757	0.11641115645665913	0.12837351329263033	0.006542191213157959
11000	-3781.4562106466365	-2779.8150373847234	-1001.6411732619133	0.05617615728122166	0.12064612726013532	0.10495412649613366	0.12298570115934038	0.13387339452706357	0.13654329082416886	0.05736123362125906	0.13411501332068237	0.11778033578812314	0.0843275592988394	0.10282881284078131	0.16312506423981948	0.11008731185290062	0.10368212141642508	0.11953756090101585	0.1116520738875087	0.12826223902057685	0.17096766832603955	0.11500305844672049	0.17327034568804792	0.0855698047874125	0.009466371836625976
12000	-4068.23190292435	-3081.641414369375	-986.5904885549751	0.11680804050292053	0.09750607422495323	0.09912847254080596	0.07249327316974212	0.10182520122266711	0.10817142405315601	0.12220633283784933	0.07693254281291025	0.09932235884921271	0.07069514220169165	0.11959804275795012	0.14035859537073936	0.10058459794804205	0.11421012647470129	0.11779215248595878	0.12272146620891196	0.08919279286560827	0.09426562498726414	0.10154547147029408	0.14618704284106251	0.08175244232579469	0.002217492645680216
13000	-3435.073732372877	-2415.93574567653	-1019.1379866963472	0.12963512681589556	0.1421338114616056	0.06694858497889822	0.09163904713615813	0.09143137577061665	0.06852941335411976	0.07864094628451651	0.0688430347189223	0.1316428699919122	0.07131581476538527	0.06485531950272579	0.11157660798017575	0.1006354481060674	0.03745234747820636	0.0748445141444922	0.11068826421624726	0.0665166008491015	0.11712068110757304	0.10938758261056	0.10505170730160979	0.14884189464028094	0.019181669730220195
14000	-4059.957120204371	-3064.303518623089	-995.653601581282	0.06836138841492112	0.11043136027077277	0.12088546408686489	0.07784488778222243	0.09034953728050951	0.0874842803112728	0.14493949478859575	0.10954478338040627	0.06877067163356132	0.15579228237534767	0.11097916448894632	0.06935967376177574	0.0866180064583325	0.13328814039737302	0.10943123214085536	0.10999790706132022	0.17950531469698916	0.11515506156124225	0.12588280349342448	0.09505353557410842	0.07582140353711338	0.0033633654440603012
15000	-3612.2976558159216	-2607.6066217826256	-1004.6910340332961	0.175880875311979	0.09022967437835769	0.08374687445913975	0.09010136373385112	0.11635593175006574	0.12552271469180565	0.17101561049452013	0.07641732621847962	0.06486312269940071	0.07949756433184531	0.09187665069066078	0.0845097024845675	0.09354519566240548	0.07128745087376848	0.15943261893505928	0.11536575684063442	0.16183374012567153	0.07462363941018567	0.07020199010466101	0.07163657248834372	0.10880333588368403	0.006961486502706768
16000	-4110.24705263425	-3121.879151399369	-988.3679012348808	0.10872119176309451	0.16748431093463736	0.1759825248955385	0.1037373309846087	0.10110774249590943	0.14523092025735543	0.12839082441881292	0.08919264705941364	0.06778786344655605	0.14769268639117739	0.07413435171670987	0.13680612479027704	0.11161543154315479	0.07780896540943684	0.07390862372028331	0.13259904318111965	0.12050356304636572	0.0731951381709554	0.09065447060690045	0.12946526153478086	0.09358021153678862	0.0015685394945982546
17000	-3710.428562706701	-2720.895955371098	-989.532607335603	0.11301818810912685	0.125442489538767	0.12565098469797606	0.11575474896574851	0.1104090604252618	0.14846308873058064	0.08323982450367767	0.10670822910528635	0.11522701056851911	0.10420020170466289	0.08697194354776884	0.10722789377846981	0.08335885282657868	0.10028411207395266	0.10044041618482001	0.07538006175681473	0.13340306972117072	0.07685683420205977	0.12036424424431978	0.11108887868892933	0.1156317142963145	0.004502025273578299
18000	-4138.910933739555	-3152.5723006861645	-986.3386330533905	0.06350584687143489	0.08114383835911759	0.14194196248709032	0.13849809203351623	0.11888289637405228	0.0932351657245337	0.11401717438809024	0.13519790781174776	0.09179128858171527	0.0743573210943115	0.10716809274178438	0.12691419618198116	0.09540473640973014	0.11682174887190037	0.12942979882488742	0.08408423392932013	0.11502061227565132	0.09048017855610894	0.12898642933244223	0.10915059587711143	0.07956731824521455	0.0018532688798682836
19000	-3933.7744731739454	-2926.648162023782	-1007.1263111501636	0.10473488802737321	0.11619388141373131	0.08051082121483845	0.057646614462951884	0.08130910408806229	0.07903311593130902	0.1776903058185173	0.1703101057951336	0.06367957130172537	0.14377638373682292	0.1582071632046996	0.14923524896939383	0.07416323185213487	0.13810322660759825	0.13829257669285178	0.058669455782657115	0.16992756221780886	0.0849683952016813	0.11512276858589428	0.08907510790021422	0.06459300429996132	0.005134642227352525
20000	-4104.444500227778	-3112.3091091952847	-992.135391032493	0.13698826707435424	0.08964969238262027	0.11038144893041803	0.12214156111418009	0.08307856692571644	0.09524467527440532	0.09523376603491908	0.08320156171442111	0.14432014041994476	0.15102986380766717	0.03818408766443643	0.08459058044809775	0.0810014782948341	0.17101716397776456	0.07807268603630654	0.09012386471745573	0.18463676277326557	0.11470086838716066	0.07515653742855342	0.09888401314379679	0.1233356042991992	0.0013388864839491551
21000	-3366.5656413907395	-2351.6856806543847	-1014.879960736355	0.05572572000579191	0.13134434618670945	0.16655695649939584	0.083698735303772	0.13656527986707676	0.12645370666395747	0.15317637910713336	0.07373856938568381	0.08138532471176749	0.11512644393130013	0.10252314308548328	0.05639101089688232	0.09860042055270302	0.09922407869857701	0.0961622176634808	0.09791962077318314	0.09822960695058991	0.0960984810506479	0.103219265433787	0.09367713578311736	0.12272058213587358	0.027352920374399275
22000	-3182.8253748916227	-2161.7019595590186	-1021.1234153326042	0.09670479858978151	0.10584180819231766	0.045680653356360124	0.07597343630901641	0.09925687274225461	0.1211118287989766	0.11471004213612378	0.1577969128168505	0.09918499262002536	0.0691059421927309	0.11656718351965352	0.1318029030528184	0.10416396390409104	0.054253138458474084	0.09453604007828768	0.0744400214263982	0.1182898675705308	0.08162367061942559	0.14736693085124306	0.0796261009108533	0.10832136365107972	0.038567199334077894
23000	-3742.842176377686	-2740.0041050528607	-1002.8380713248251	0.1296037739660722	0.1825460337015314	0.09002039295995232	0.09546681683973297	0.11261373328661248	0.1262781374784205	0.08552411657658522	0.0942793037252216	0.1082123080760122	0.20151146669973904	0.12122554729748673	0.09717474146646	0.10621391103008773	0.07436268379269705	0.08398022655123545	0.08657091488368862	0.11860912890583526	0.12393953922038214	0.1126812780501816	0.11027832022853705	0.06595809451799617	0.009067572341761058
24000	-3860.992347350313	-2861.2536032784096	-999.7387440719034	0.13989326412143221	0.11525197696430008	0.09243999422431824	0.11190614972671724	0.08056613744899808	0.13199013038151897	0.11079458763206121	0.19631096971823048	0.09311227404965097	0.10048777092626886	0.11339025755609555	0.11506566109075066	0.10594370321960396	0.10191521553237651	0.09961223984094789	0.16812428386090353	0.09082673630127468	0.15632294170039382	0.16669756648546144	0.07855166624177633	0.08000871438811281	0.007723939580561799
25000	-3892.4420237556205	-2896.769328909064	-995.6726948465567	0.12430774043986847	0.12096274658366714	0.104265319928526	0.08754991841733303	0.12574086626778297	0.0828368125046456	0.12508827665879027	0.09973195840388167	0.1126375485009937	0.09240080121339138	0.14466910872520322	0.1485683217490941	0.09803256685098295	0.0890215695631625	0.1540970246711395	0.15665809804080644	0.07505259799791335	0.10571971541793664	0.0950385356742345	0.11967221263472654	0.09577829803159062	0.005360545220307191
26000	-3811.482377574861	-2807.304754734432	-1004.1776228404289	0.1159575335657986	0.06996041979604595	0.07523441895589547	0.08557405982244139	0.07193011304892026	0.10372659786658373	0.08500159307089786	0.19942675746120467	0.054872719386099826	0.15767940997501223	0.11025738277698867	0.07411812867998663	0.12333287708821601	0.10853346855194239	0.10219474874177069	0.11891698643676116	0.10172463844789918	0.09961347076912766	0.12892507628559108	0.10080864860735725	0.14439468067300543	0.007870170317715777
27000	-3801.3587855792043	-2806.829170158522	-994.529615420682	0.13594497196782826	0.16427911882441423	0.0914809248745152	0.11101533162201319	0.10237472289889989	0.10919079966438655	0.10302943969927678	0.11428334398536341	0.07312651187825463	0.09567050068944526	0.11879841842531691	0.09338906937468494	0.15477278549241896	0.11128777283351547	0.13440232744499833	0.10806335701585557	0.15185422233362467	0.08541596390451316	0.09981903961622987	0.09705703401694987	0.11092492822484275	0.0077741965636767855
28000	-3893.2295611531954	-2895.795541861256	-997.4340192919395	0.04994456491587926	0.08406432080673477	0.11207621604242596	0.09991696862161345	0.12855034474320645	0.11553737204186368	0.08295640994320447	0.13243121190199855	0.11128891963203764	0.07880054137876508	0.092931532833588	0.06365395887364327	0.125868072511992	0.11166310225831699	0.09010694165206362	0.06744955771688643	0.1497007535944526	0.07534804588947858	0.13380214070814958	0.13038162195056932	0.10946734415117315	0.004535816566235898
29000	-3731.635843660871	-2732.927771412061	-998.7080722488104	0.08315000761473754	0.19394311021473615	0.10680352503645936	0.11205223025032982	0.13953687491276878	0.07844710785914102	0.08223122673293486	0.11698960882288316	0.20491509758806556	0.1055295061002093	0.0856124552824118	0.0734170311331129	0.16467435562814867	0.12371574008708892	0.11067341003396235	0.10939777418220485	0.09668884445232459	0.10746737724692576	0.06337746104360666	0.10203157151470256	0.13234556713221107	0.003947926469105489
30000	-3696.3821844403697	-2694.380769472094	-1002.0014149682756	0.07713590289834128	0.13828218314023002	0.08893735511011279	0.14371145550754533	0.16716670791728788	0.13428484662413187	0.10281102654140706	0.1628035973465116	0.08244155912633598	0.11290764928282133	0.10426288776432575	0.07871867228266563	0.1382512077263759	0.1312596381833769	0.13553440076511644	0.15429799660833635	0.06337373489724045	0.10233577883663082	0.12525153732459104	0.13866660547148701	0.11241882972137417	0.010816362439810276
31000	-3907.172489314654	-2907.8471108887106	-999.3253784259431	0.08473194965877785	0.11997579168265476	0.10200400018436939	0.13491507646555376	0.10606790543989927	0.09118371856518659	0.11498851231059486	0.04655958080185113	0.10247835660299894	0.15974596474852296	0.0714056313261103	0.12468556428625444	0.0902135171409954	0.26408893759099034	0.0995185146023218	0.061015169091075114	0.09858612267111222	0.19422262554325082	0.14064363967685548	0.12889138894116647	0.10110494440530762	0.002163505924403907
32000	-3743.788030277433	-2738.389956429078	-1005.3980738483548	0.11566757874059748	0.0824644466132594	0.056679001056986714	0.1567694048923555	0.09403358246436562	0.1654428526280207	0.09925808674411347	0.0952484710278723	0.10356286791260617	0.1387654512375617	0.059609138318327974	0.1329587542332332	0.0801285503840671	0.16959182746316293	0.14564218817268607	0.08353214238395898	0.16611771508388382	0.10603471455346987	0.08088495170096323	0.10989429583912294	0.09015082315670032	0.005458350208061308
33000	-3079.5356358211397	-2062.712969820574	-1016.8226660005657	0.07428170647350564	0.087503251304078	0.11044017500776142	0.09173896035363903	0.11213770448754563	0.0772075560419981	0.09455492018031782	0.11988867501790701	0.090668595096384	0.162631552460621	0.07599497934313923	0.09215149222762237	0.10927451211269296	0.117869070804869	0.11224446817786682	0.058399181829120045	0.13078343815812074	0.1500750182187396	0.12022811309727828	0.08573929816841715	0.12217620197025564	0.040623328888927425
34000	-4047.222378412005	-3053.1166520717716	-994.1057263402334	0.11315200199432038	0.14775722480756476	0.13336132485259508	0.16719722996242378	0.0371861165735541	0.12577249207317268	0.07075534170052857	0.1382806469416872	0.12901571020015856	0.13181562425769713	0.08496966962442055	0.11085374007646871	0.11171233815725812	0.11674857723750064	0.078588802957327	0.08827872835019232	0.1467177404179426	0.10082881196957814	0.10691254993663712	0.0950907321539851	0.18640104742855454	0.002325136024365967
35000	-3969.8101801662783	-2965.6507397976575	-1004.159440368621	0.060390382729869456	0.10265709996289146	0.15635979841490052	0.08951917057511148	0.10052530512101861	0.14567491360120507	0.1351470785927766	0.05726490182251437	0.17358346327133434	0.11348643146607366	0.08431575043426959	0.1343564070676993	0.09723219930700548	0.10636823761555511	0.07460246890117711	0.13804678211631485	0.07433519785387019	0.1325826118778628	0.030743010820987057	0.12184947284811269	0.10198587449389793	0.004690786661063559
36000	-3909.8837233612753	-2912.2142828882725	-997.669440473003	0.14089324139206366	0.06608972701001548	0.08304961601154652	0.12648747905440993	0.08950322164042425	0.12842793550014453	0.08901110537329114	0.08746601578203643	0.05094513717671129	0.09398630733619961	0.1793894115931464	0.10285494954739616	0.07329550942943337	0.1422957082648048	0.0894516195461195	0.08728548933335971	0.19103688633564164	0.09765040474902575	0.09286814970114608	0.10874197636453733	0.09305923303942541	0.0034856145790388244
37000	-3880.3874888415085	-2873.6451075296773	-1006.7423813118314	0.10354738029828536	0.09241639843602044	0.11468313519016035	0.11798400638156926	0.11373749795753954	0.1624928146930918	0.07131903487116793	0.14614517388766643	0.1563604569639242	0.0975944163153525	0.08597243497582961	0.0768060047296203	0.06937141977646251	0.15640330627020652	0.08759760724059369	0.05859899946519177	0.135558215384848	0.1069721672294599	0.06602708527390162	0.13576997574097943	0.08818239635336671	0.010567387704847931
38000	-3761.8554090326547	-2751.68358234914	-1010.1718266835145	0.09561392782932873	0.11028636708370355	0.09165191703293218	0.047621085463356444	0.16493417367174834	0.13557973351112718	0.13325423646180046	0.09102145178555553	0.11176327696714343	0.06666197011071075	0.07841308570795412	0.08043742677752523	0.09106096685769793	0.12827460248344003	0.09983872927732013	0.1399479399936397	0.09866653456616341	0.1403776686598044	0.0771139794087242	0.10914082311785536	0.07706279419501261	0.01994325511951869
39000	-3698.2797824361514	-2694.079182844292	-1004.2005995918595	0.10881057935752174	0.09895541920552162	0.13047475856475405	0.12869667628081688	0.07720983989106163	0.09368496291127794	0.08964308873927183	0.09264116855669471	0.08368274310506488	0.10964215052811194	0.08577204586966176	0.09666285066814767	0.14814863537063408	0.14151371146619113	0.07879104730235297	0.14274660057130195	0.10890927580792469	0.08727880390475219	0.08786231003327223	0.10021131615354013	0.061675357959816615	0.015239611313376642
40000	-3511.1678356487646	-2508.371032016006	-1002.7968036327584	0.18488675680705752	0.13752438741567646	0.10111222082348785	0.09831349429626896	0.07622526761877542	0.10797803605979804	0.15458721995748634	0.07625995390509005	0.13349815891625658	0.13536836482125317	0.1151889036021882	0.086985514317448	0.10963088972201315	0.10885816207364152	0.11971951671196883	0.1971763965581837	0.1212260004721462	0.10523587274971954	0.11090942029604765	0.12497086413359525	0.10187221212870673	0.010626028235105764
41000	-4163.736950368986	-3172.330111206066	-991.4068391629203	0.09345620658606808	0.14322843534578822	0.06090743056156717	0.12716834073318578	0.08447223070300924	0.13324325574516083	0.12466591550679704	0.11637291132478039	0.12810505335711342	0.06454475849245865	0.07432504048918936	0.23721082069701244	0.11300367290111647	0.1054772494452601	0.1401102263153054	0.07927067345350466	0.08077191235388834	0.08314308879121463	0.10176910850870995	0.08200269874164072	0.09277984369393821	0.0014834094081263966
42000	-3926.231162999349	-2931.3232162569916	-994.9079467423575	0.09472056121521213	0.14243347945610838	0.13177820714156546	0.09551422412501683	0.09994833590669133	0.11931144577583837	0.0828837366083649	0.15979081389207578	0.1753201893610295	0.06504965384103398	0.10604326096693281	0.1364398450884015	0.13774288995104983	0.10677726372153507	0.10132364923075947	0.12896595232919336	0.17080365725778165	0.10397644250219679	0.08468439005084132	0.07035373709801264	0.11443561125580463	0.004296900143203789
43000	-4096.306447337588	-3103.8131053115962	-992.4933420259918	0.15870183350314973	0.13992848555450085	0.12242201557462122	0.07426755280115187	0.107006630734369	0.11560498579860692	0.07861566951331667	0.16973701945283814	0.08594501058186403	0.12311538222324907	0.10327875112376791	0.11018658002506758	0.07997834931128234	0.11203830218243696	0.07446549227775652	0.07859724370369854	0.08851578513380876	0.13130578968303383	0.12685888088613972	0.12479582489718005	0.06172320853948108	0.0028325999389542684
44000	-3800.6377896360545	-2791.645498837585	-1008.9922907984698	0.09612668537128978	0.1210444012132974	0.07474010389633454	0.08068260770550127	0.0792786101747567	0.057790436435735476	0.10313857781415482	0.1629121383521469	0.10495062807278357	0.0832632271821255	0.08954926964042893	0.09005372709340982	0.10067850323724524	0.12206972381744076	0.08535632182974683	0.09607063144543675	0.11060889991594818	0.053904677970599474	0.07663318256302856	0.10427230877807775	0.07275054620098961	0.014191995429245811
45000	-3846.4170992755617	-2832.0013829131267	-1014.4157163624348	0.10599799852794207	0.10254463824246453	0.0906304572670588	0.06394561107173424	0.16119479116547755	0.08616210286545248	0.07358686787723431	0.1151078860973304	0.06722896918639033	0.07001438414446613	0.10971157891109039	0.1261729848281087	0.15487252668364132	0.1438663573814783	0.06590308847993114	0.11245281645057419	0.13693639432643032	0.12832378661479688	0.15626833038687293	0.12134508807239687	0.0613401643396622	0.020889532951242944
46000	-4008.0954688179036	-3002.728971073092	-1005.3664977448118	0.09466993161107136	0.09727943860405144	0.0996262234984517	0.21678882024930185	0.13408983604424424	0.08334223039735691	0.06283764466882573	0.06829811425413634	0.14398969322958813	0.08534232237641583	0.13481097990127425	0.10482204807051859	0.17662951831705728	0.1426504962009317	0.10440809978013674	0.16905424290233514	0.10938668649913136	0.09860655096626579	0.11886115830785367	0.10769202364086874	0.06178378872688257	0.009515730868884697
47000	-3926.629199825345	-2923.840408310989	-1002.7887915143559	0.1508391252358539	0.06076992802364591	0.07686311323911235	0.08231171171293031	0.07917771601771344	0.0911009666495299	0.12467147500935914	0.0879608315537474	0.10116623303616386	0.17910435413581	0.12551884875188243	0.10285377212920536	0.07770271760222297	0.08060011582554899	0.1523063404715526	0.14244953091781024	0.10228940622357943	0.12943542721129772	0.10022851524780302	0.12301667728458848	0.09666665592298922	0.01110650610072034
48000	-3701.454565435145	-2705.7038115418295	-995.7507538933157	0.08502274726827655	0.09232924412809539	0.1069173030560565	0.052721664911189285	0.15068870734952294	0.10083835180397885	0.08136936343078117	0.08992684444352625	0.09375933170175266	0.14468907802435504	0.1035476961596578	0.07470664535154485	0.08891842626944264	0.08033528600544497	0.12212862342606325	0.10180406284138722	0.0950153659090997	0.1499311865865958	0.08097645884239121	0.08702893323457517	0.1374186891269547	0.004302718844922754
49000	-3867.7797237938894	-2869.9499056107447	-997.8298181831444	0.13422423108789353	0.10307153451749881	0.11610112554515123	0.06983754106044654	0.1693504273722386	0.0660538928544986	0.09857057697550965	0.08285300663912838	0.1038184801188604	0.10182675472491828	0.07715405954073631	0.09841822736872008	0.0704638626169878	0.10987630412948508	0.13317296180220792	0.10545877804769369	0.10153194594589954	0.09529173205259624	0.15666064509527444	0.07008749518076529	0.16422314966835053	0.0051399226779639115
50000	-4019.3607861334817	-3029.221429956655	-990.1393561768267	0.0775644451362988	0.1620442896250662	0.0910046899504976	0.1426905922340828	0.09910528789667017	0.09521361843810727	0.2109446759255459	0.15909651393772956	0.10975012104008311	0.1610504053780711	0.1027189176704678	0.1285672128481602	0.15808874006944243	0.119235793709029	0.11131020717094747	0.07789108621616407	0.09014654113095817	0.11905776171366506	0.11275470674503132	0.10514083639815879	0.14934273574396828	0.002609338385100585
51000	-3895.4653397343345	-2890.553721791482	-1004.9116179428526	0.06820524064260777	0.09276853302137786	0.10791090963192045	0.04247985435495571	0.061518163031797225	0.13045664774974747	0.13186518377609166	0.11184604831759196	0.07735115299694893	0.11111146310979671	0.09539794390225884	0.18304552157252016	0.16316797906480762	0.06988342171800609	0.08890400622916642	0.17857577476116995	0.08591030994343365	0.05647022166732519	0.11166776737834581	0.07574380895321735	0.08363530573445051	0.003753778148381858
52000	-3523.6533217945534	-2512.115688059447	-1011.5376337351065	0.06861894064362511	0.12010970045266842	0.08718938915382703	0.13788444329801852	0.09805599970008823	0.17264746505627132	0.07137835105703982	0.11221143432357082	0.0849960055580195	0.1329883711122476	0.06316732813066346	0.12059717173026932	0.10707162996036794	0.044110602747553095	0.170074978948118	0.14695796700537048	0.13295043338588625	0.11271576868881084	0.09797060609672327	0.07039216789099018	0.10228950140365704	0.014304305447172934
53000	-3892.379444625539	-2892.32224426214	-1000.0572003633986	0.17234774142550977	0.056327280867158734	0.09525750428227396	0.17841044539899745	0.11565533351113615	0.146844973014823	0.09332377907583964	0.06871444588238293	0.10952681945506948	0.10969675596115788	0.08255518738295774	0.11419912176163824	0.14697591164883475	0.07609181275274225	0.09970315766853373	0.08509399221591227	0.14397246005492384	0.10085348607463927	0.10057407338922157	0.09705256290002495	0.0952790591100408	0.004798538627111973
54000	-3986.7267137716663	-2988.198504477369	-998.5282092942969	0.11994984367551353	0.17547450299180423	0.11599041326385189	0.10064362352064996	0.09197374738502218	0.09256672677495359	0.08721648094322369	0.055024919878701464	0.09133561686035112	0.06731120949156373	0.05374003014078787	0.08284212106691045	0.09822530776392388	0.1265584086803364	0.08441830737023072	0.08849754692290797	0.11059304099240769	0.12504295685917555	0.08235009897577883	0.11278223699166451	0.10874120478585338	0.004601765826722604
55000	-3791.4332587028903	-2794.6867433585976	-996.7465153442927	0.07911635938785049	0.09584064616490366	0.12000891994222228	0.10189657507407406	0.060432475070019774	0.08296120908361228	0.13903213577325954	0.13085040726230132	0.08057378880663202	0.11993692953957683	0.08385610654845423	0.10470346502002216	0.11021815436426244	0.11803568949634237	0.0746963648134123	0.13561183316139838	0.11212969189607244	0.05598787327839989	0.1200138843006078	0.14504628865864536	0.07335553547756482	0.0042783871059666675
56000	-3500.408097050975	-2493.204126673593	-1007.2039703773823	0.08810629233256326	0.12578466075027842	0.05513051628392822	0.09200586076968859	0.1563803201159088	0.08568188599293934	0.14916892166906243	0.1059182865122581	0.08277747336223824	0.22696538845511258	0.0825063274486479	0.09262424905535963	0.10984699420457855	0.08791390656328503	0.08341316873628958	0.13820189071793837	0.06638602265849526	0.12496769103367206	0.15749804811733703	0.09709021148303816	0.1421686011679728	0.008741960208594133
57000	-3179.6412196324104	-2164.539423430666	-1015.1017962017445	0.12360349348651999	0.12804412067699072	0.0959622074754131	0.12548323514959714	0.08101410215081946	0.1439966416607872	0.09793168286361953	0.10201178730287887	0.11865781687485422	0.13820494336392797	0.1298142550998041	0.14475967826147024	0.11395193620114132	0.11518833486163586	0.12067285673371042	0.12113243371501457	0.0853124864926505	0.059866866954799085	0.13572426105757357	0.11221802825123596	0.11150123675120184	0.03978557447569445
58000	-3840.867549845055	-2834.0198980537257	-1006.8476517913291	0.1581947511981703	0.08408750422503611	0.11880542912544773	0.09276761503549341	0.19231628510121926	0.08509375578749914	0.059372365782349515	0.12977967558610398	0.10299967431875269	0.07752584760754537	0.11514695077463849	0.09865063906362419	0.11317232155455702	0.07828810347739402	0.12340902406888363	0.1219764258345671	0.05043656106908027	0.0779633512844056	0.09489736192213735	0.08334641129028222	0.10230388186099867	0.011264818067964392
59000	-3945.599865385396	-2935.6195532875017	-1009.9803120978938	0.06306442874060113	0.07606632410531342	0.16848726413297826	0.11143861814443715	0.08605874292674615	0.10373329498333107	0.08738674518076585	0.18459906342992755	0.15262559313216117	0.10111400138631522	0.08614679965738127	0.10916451939949519	0.15837349717817634	0.10065373955920544	0.0925860903310604	0.06733418031820557	0.07081604026289905	0.08229576627160005	0.09350929790020807	0.1017085302445016	0.0813687447897825	0.016678670296586633
60000	-3986.0865403511943	-2981.9902363261995	-1004.096304024995	0.08033741555154578	0.10817823566376823	0.06372197703746167	0.06568044280434177	0.0917937550140104	0.08526989119654454	0.0833728491029395	0.08633084491880441	0.09859577390035049	0.06046991526195252	0.1269366443235227	0.15386361794049183	0.17548343390870547	0.07001525103052263	0.05356404844331033	0.11114929100116153	0.1520211270204218	0.0718419838308086	0.10602627148608777	0.09269716606132915	0.08775263920405532	0.006464136440484977
61000	-4032.336979435175	-3032.913221981209	-999.4237574539661	0.11489775662447646	0.09558155297133368	0.17209611312814702	0.08402293452919382	0.06930388025300933	0.06805142858555611	0.08574533855326318	0.10067880218870345	0.1146074642683233	0.07650314312417487	0.11378583381130296	0.10531133151689005	0.10162935825087345	0.1497823458817448	0.12809488717805148	0.11343778543224947	0.08392913128379058	0.121562406136813	0.10445555646093585	0.05817235811946876	0.12366375853341502	0.009353091136421235
62000	-4129.798536368474	-3142.562415226518	-987.236121141956	0.08679217524730962	0.10782361664181064	0.1270110903341977	0.09272208147697514	0.16140259397834691	0.17174360927331278	0.13443817701767172	0.15674974162899358	0.10989689087346609	0.09256521452611519	0.11865403810296973	0.11278833378171167	0.08318980998885392	0.10820804015837497	0.07201874690731354	0.11969136236758085	0.07412822581180069	0.08980868259641452	0.0800418896887794	0.11375861953176893	0.10265050846184832	0.003252930061509578
63000	-4013.7394711687493	-3003.835411436197	-1009.9040597325527	0.1221639132893504	0.09943596924835658	0.11194046275743337	0.10974816619839688	0.10681035166175454	0.10455296196903402	0.1359345786754148	0.12664316790497143	0.11825741404900879	0.05804091844807701	0.12938853702992997	0.16121556320888994	0.08771406681816434	0.05317739791101084	0.09053691822953101	0.05715907705526037	0.09781132575982499	0.03773386288363944	0.09940872538879837	0.18384822994134883	0.08607254298501298	0.012725054818323953
64000	-4051.962248333367	-3050.6281899175883	-1001.3340584157787	0.09548938272014086	0.06884520146366452	0.06856073248763789	0.08751285786421817	0.0621725933146209	0.07492474329989599	0.11699731039856671	0.10857081438789294	0.08637634363417837	0.12212917039640378	0.07801375470490948	0.08521302251667846	0.0898063693325828	0.07312071297499319	0.1336763641804328	0.07910952102347624	0.0695336607816621	0.08339454922501213	0.10824785595413865	0.1498054382228613	0.1451160087681058	0.008109977546015498
65000	-3742.5897144441296	-2727.084481313805	-1015.5052331303248	0.14819813440176705	0.06916788303259792	0.09681546932442134	0.19374085663862814	0.10247051057313049	0.10422623351776353	0.07887186601695262	0.0696979470213114	0.16996359062195948	0.07203019618646295	0.09240471581302012	0.09707251531808621	0.08841170041124545	0.09465899322559618	0.04136404959759601	0.14683060536719703	0.108595805555012	0.12308229977459208	0.08564288634427898	0.10478683117296779	0.11371359454823192	0.020875006146099585
66000	-3998.1841522758623	-2999.7466404035094	-998.4375118723526	0.07761046973268894	0.08792159098168018	0.14823477056844564	0.11370594145733656	0.11370240828247245	0.09381189521169353	0.038625405509403174	0.11837019705229683	0.14227234768392513	0.10197931217917679	0.1339955728841988	0.07590231645742368	0.09692064505444781	0.12187715541704826	0.11417840616963393	0.12270159248602079	0.0698593100090984	0.08280887143931302	0.11830110313382677	0.11985839313658482	0.09265868231303456	0.00564808110052528
67000	-4057.464019328814	-3065.647559324269	-991.8164600045451	0.10287288677438075	0.11999311782708183	0.06343921953280247	0.1299113047354023	0.12271728178561597	0.15433400465332628	0.08845637142284776	0.09381348384587435	0.13019774751847427	0.10997464828266597	0.11622479783677267	0.1414004083424697	0.10526069374935412	0.11182055079752423	0.08790046988140056	0.08021855652125105	0.07919614052758037	0.06170406045971713	0.08674549580639886	0.09196881647916168	0.1111724633528711	0.003909162196964145
68000	-3642.0573762513113	-2641.720645340337	-1000.3367309109742	0.08838497027267285	0.10230172598602894	0.06631378389664994	0.13614089098954577	0.11167128526328064	0.10733728562915643	0.1017990143280812	0.10026737478190097	0.16880289470359305	0.11782210872065677	0.1307218670839694	0.06915918898214798	0.08818974458369003	0.10509316897339943	0.06492769981188243	0.11559531675486809	0.12996548122587023	0.0876911435684551	0.06778921754209516	0.0835448091782613	0.11664407238167732	0.00722038519666456
69000	-3388.6178624443273	-2379.772728168886	-1008.8451342754415	0.12832210292504045	0.12292324913304589	0.15436969490091298	0.07895125720027274	0.1318981242979503	0.1601470134790882	0.07190505698633254	0.13862513341533245	0.06156717323678715	0.11472599072394743	0.1107270991625485	0.08846300217800865	0.07577844868927014	0.09899334233253174	0.07942186180014048	0.08492684604234108	0.11826567849665585	0.16058733485082663	0.11153101024542268	0.1170894342982003	0.15881800789397155	0.0144890371449543
70000	-3880.469187276095	-2886.412683159341	-994.056504116754	0.1261001495278522	0.13385487393044493	0.09336686528744116	0.11769287571241946	0.0902454010758948	0.15453077054314598	0.046111404205327396	0.09958964115807474	0.10365632047552738	0.06690999667732622	0.07876755856112413	0.1596161818458699	0.10795563233944637	0.08886623574723612	0.11058777797016248	0.09558442096439244	0.08336011327389924	0.11230410655189084	0.1184423061226351	0.07249984674867974	0.12303757203135307	0.002575583664620629
71000	-3741.584420747351	-2736.7977068526416	-1004.7867138947096	0.07482792624960354	0.08328184946293828	0.10461844101785865	0.12270087153403311	0.09352086665364023	0.13287005650037656	0.17581537924533058	0.06667266155358247	0.11173972321559889	0.11338032852701474	0.11016071394022253	0.11373766407985277	0.1304278149209439	0.08195116724482249	0.1034522926433733	0.07453247462795157	0.15258536596925593	0.11588447488490768	0.16766972281344283	0.09987019191567455	0.11204216593508401	0.011005791206980123
72000	-3528.837386874999	-2524.8554108518065	-1003.9819760231926	0.11372134815184669	0.11659486272284278	0.09073077768143831	0.09952105466541916	0.0925372864378818	0.05897031310299023	0.05331194594463834	0.09221972354649866	0.09542310246364294	0.1034220222529827	0.13245337015327494	0.11795323886926201	0.0680578385547706	0.13367982373315365	0.09731597698374797	0.09533400250857237	0.12443676070737225	0.14939279515024426	0.10646264675597365	0.09861843509260844	0.09852402063390565	0.009089925257430811
73000	-3602.6841343827496	-2605.01517318441	-997.6689611983396	0.05534968219320071	0.11625560307397034	0.08982723839813929	0.09952105466541916	0.1263989277812688	0.1336763631721734	0.12302807545725476	0.11954308317659906	0.1278093850477234	0.11793306980100049	0.16995880987094164	0.098436631778803	0.09820957268042638	0.1484288350065355	0.10037230327828514	0.10646457161160408	0.11052543890042642	0.09804321418668463	0.13001499873907513	0.17217538717079722	0.05373008481074028	0.006023123379860024
74000	-4072.491466383238	-3074.963015320441	-997.5284510627968	0.1452056770443046	0.12191168647605417	0.08617374883738727	0.1062626303881945	0.13989265664334158	0.05362047849627991	0.13619040870406188	0.15463020313267295	0.10227628262216061	0.09689575532620495	0.0957761125014394	0.13173339095050013	0.12918925824637859	0.11924078833311565	0.07614146862745298	0.07138659563966052	0.13370826599814215	0.07854498500676156	0.11146233254807779	0.06520879515100053	0.09555306968569997	0.006120011470575007
75000	-3891.797983061264	-2885.424009291385	-1006.3739737698786	0.05014405439781267	0.11544555343053521	0.08958519641954908	0.13637363916464632	0.11521537193701721	0.1093624799368432	0.14922198091965533	0.2029160430482309	0.08443723444614262	0.15406695888979158	0.07034059559397636	0.1259807676145411	0.13619812471141873	0.10344803754137068	0.06368352766232001	0.07009300536395106	0.06968251744635671	0.11803995246584806	0.09386930349438673	0.15907448566407525	0.08705627784419523	0.009050930085970538
76000	-2831.772784439689	-1809.7457357846506	-1022.0270486550384	0.13410799676357657	0.11509221344102752	0.0792583316643779	0.10798490496585224	0.13503955580845362	0.07929975007926952	0.1057831737182979	0.13315569202458521	0.09646932260872987	0.1708425007969209	0.08604518438529761	0.07380839220690888	0.09860517197361353	0.14643383814663627	0.12935654967351112	0.14707125911553268	0.14081214250295027	0.09284700881295228	0.13437707455533268	0.08951363354526252	0.15868835888653365	0.07622343645614868
77000	-3888.7962824802826	-2891.834973846798	-996.9613086334842	0.16239383159045967	0.0782653056694349	0.1276750502621818	0.06691190259601487	0.08691452051446814	0.07303651396043154	0.06992192808067316	0.09069090769464175	0.06249671665626824	0.12714598690799278	0.13191599163981593	0.0795035421196001	0.13169060504539318	0.0886637199042356	0.11035166566327938	0.12941136421323274	0.1569293520298118	0.07763219304197794	0.11269418873418438	0.11211954450466217	0.09334492077839054	0.005412161902768831
78000	-3981.1333249700356	-2978.4299347257916	-1002.703390244244	0.10108355566808558	0.12587876664253048	0.07036119466758985	0.12324519618590851	0.08728798197987821	0.14027710889687456	0.08075972062690998	0.17827338085919736	0.1625408337613223	0.09289321957416322	0.05520023034827099	0.06142151834446506	0.068219600021132	0.059928071361610206	0.08824754251814643	0.08454877536058945	0.06125981907282855	0.12816222622002496	0.11209108511697563	0.07007252060180756	0.19539517161386902	0.0038104366910099853
79000	-3673.281720156522	-2679.607944923677	-993.673775232845	0.11080003463111199	0.09866319763016342	0.07517572738377261	0.11404442448475553	0.08723568522777482	0.04413684457115921	0.1123745890657817	0.08825828906444262	0.08531374425371036	0.09156157331390227	0.11342899879534904	0.16195285004763316	0.11439022358039747	0.11683750945069891	0.13344250641644612	0.1330573396128259	0.09544094413664916	0.07640168273136423	0.0948087291462178	0.10136259594403396	0.09837095157675267	0.0036661537365965742
80000	-3768.440759657256	-2767.2301698772717	-1001.2105897799844	0.10824421009487496	0.05219317768109245	0.050827175135371695	0.13759661492883526	0.08278756375673388	0.05905197063007559	0.10994626381780599	0.13619204034347568	0.07060789864739271	0.12881441147010367	0.1173755982256995	0.09574357965726177	0.10941604939049553	0.1130666711413411	0.09023022484161976	0.10065380351374627	0.10173856623699815	0.08498127952192698	0.13643771265922067	0.1015873536503913	0.1436783793554738	0.006967964256556939
81000	-4126.454022786424	-3128.5909604589965	-997.8630623274273	0.1246774988944296	0.15021051618626466	0.09218229814676093	0.1284562126923601	0.07800693494951531	0.11503070317668697	0.10241645600399227	0.0723562983169361	0.06683790906163786	0.11457522628230378	0.17534148997004687	0.14775044276113436	0.05233189906751589	0.04776747612063044	0.08948365643803237	0.15731803057351282	0.09303795542264502	0.11458487857079984	0.10331291112113276	0.08766382021382403	0.07061231282056929	0.0033006408094064157
82000	-3990.581042547469	-2993.707242389419	-996.87380015805	0.14006615597703337	0.08769265882191765	0.09548939870060873	0.10457670665382891	0.12171900390818644	0.09695284520835484	0.09091235217822426	0.12119708200821336	0.1595514546926294	0.0637345776767112	0.08173240283307112	0.10331598657754792	0.12065884192814345	0.08718899635795346	0.12039135610173629	0.07932352177231622	0.12846949814055983	0.177242100690803	0.0668893957747266	0.10591187783229383	0.17271794473286559	0.005248049567646874
83000	-3995.8810459248307	-3006.357578632708	-989.5234672921231	0.11316990200364041	0.14618742428347573	0.09771620919609962	0.10507613775158738	0.10485023831135341	0.11656829015504883	0.13100563938622364	0.06997488165390314	0.13697531601259874	0.12884700439288574	0.09557067378044529	0.06990870474087403	0.128686033349292	0.10062012058068054	0.1035374154301837	0.11106913059334003	0.13826496373747177	0.1354189495014493	0.0858752675461576	0.17279963267322532	0.09775748047821098	0.0043968965892873515
84000	-3834.177524281342	-2832.0663708649845	-1002.1111534163573	0.09655374587943935	0.10246402023411912	0.16245321202745	0.09880990095852302	0.08833624376117184	0.16730674839081247	0.12396834119612817	0.08887849345721592	0.09794684753722664	0.08767705232328016	0.11106799512806297	0.12265422410078564	0.12146172739930866	0.10877715132192162	0.08061240525121298	0.16146179827915547	0.0834408599300532	0.0965905345203368	0.0812387135840144	0.13717639056383077	0.23959005795553712	0.009687019124030142
85000	-3547.5969457552965	-2530.971777454787	-1016.6251683005095	0.07967077488549593	0.12735105301654276	0.13753229571490225	0.11578160470749989	0.06866058768160138	0.08585187115822852	0.08123378303053627	0.10554552770117824	0.04448813220001558	0.1012586316804916	0.10967211896961503	0.13672343261797962	0.19109277547894496	0.10455814371624585	0.11382928872778299	0.0834605911519438	0.07292699953346754	0.09658640226053167	0.07727080675868898	0.05931751782410556	0.11822034233929943	0.024648262951261064
86000	-3448.037863834638	-2431.492212945008	-1016.5456508896299	0.09977437076495474	0.08384994468549287	0.07588172999114504	0.09180216779001803	0.10432387081339241	0.10070920956243243	0.1361130677076668	0.1010968815525636	0.11806177271358988	0.09607426375434285	0.0742305618615799	0.06862397969960199	0.14072733832348114	0.10139179810404393	0.1741087215157641	0.13398036554363377	0.17072800017762177	0.12244298403453502	0.10312689921180243	0.11418909614902363	0.08680471473933696	0.036168401096234454
87000	-3155.3023243272482	-2135.5154814353086	-1019.7868428919398	0.09927114003490742	0.24927869970765465	0.08680678173801193	0.10298319756323955	0.12131457680466332	0.10647079932305219	0.06136008603913108	0.1242108468371848	0.1357918921080593	0.0969936560990359	0.08208088359587537	0.17801185765803185	0.0998727456612642	0.08156399766331207	0.09713103310885539	0.12306572238964845	0.11566064840096446	0.08570417616079117	0.061024369982061774	0.14453951161499595	0.09698254500048097	0.030074011496021416
88000	-3818.792161682148	-2820.6453317572336	-998.1468299249146	0.12254545019865819	0.10731315964490575	0.11193912070700573	0.09572560614244652	0.06336865267765969	0.10751932358216433	0.13558538163340522	0.08485991887210217	0.07932828476459712	0.18647157333081757	0.11522523743329997	0.1694024954773972	0.09769409830329086	0.14414375188372155	0.06698376221671472	0.13709135972853098	0.13630444401088537	0.07494702201376943	0.06168244906052343	0.10814328874071441	0.10247582147627009	0.004254909950182861
89000	-3950.363535278232	-2938.0288751110124	-1012.3346601672196	0.13086481035079997	0.08399233665380815	0.0946715300872189	0.11080877764447045	0.07473495051051493	0.04290400978585155	0.10739153460236246	0.03476370237716354	0.08367963647813642	0.1330788509260339	0.18158542467050215	0.1213912954809936	0.12118697500467336	0.0781361632996019	0.11078687127835628	0.15595897643025347	0.11596181838388765	0.15769791933489938	0.1474142377502545	0.08068414807961886	0.040117834592245286	0.00618138761753837
90000	-3019.699932895349	-2000.1833045179098	-1019.5166283774391	0.1504120764028659	0.13175425168791516	0.10807591901911391	0.13522499146939523	0.1397174764031129	0.11822749647004993	0.08383874542907192	0.11214147625588704	0.08599792804762912	0.052410800502145166	0.11807976623209714	0.0802109316899381	0.17170482638230267	0.11260593740424936	0.09572631563008069	0.07942406437279617	0.1259158849837246	0.11476623471714718	0.10526563748275672	0.10799873705554414	0.06910196725386784	0.03901800762336405
91000	-3740.2560166229737	-2734.1620867062943	-1006.0939299166795	0.14256648794471685	0.11403145237646985	0.0815509805310829	0.15623076698481497	0.10481974407040989	0.11980454111809151	0.07167847768809446	0.11461898850625639	0.12540606042625085	0.10543618348560473	0.08152662825039632	0.08509216038867477	0.07986624384824766	0.11373693176918183	0.06554810364454651	0.08773820685326071	0.07409392892557742	0.1117109136394236	0.09643556208755387	0.0986015291925775	0.062453298191963776	0.014717479620700144
92000	-3942.1865983251955	-2943.063415302365	-999.1231830228309	0.09596972501091215	0.0635288185043685	0.09065162020101128	0.08714182098408968	0.1923037619047095	0.12865925276012066	0.10719060483948073	0.081311205721832	0.09458471739732954	0.11236764987057236	0.1150166061140824	0.09951561717107196	0.09098906809995343	0.048723290230750796	0.06704856830069626	0.12033891657559112	0.1128039683347553	0.10919044657627729	0.07655235250019558	0.1379940173800205	0.07257539396683751	0.004272433780026212
93000	-3811.647849014354	-2809.197833346337	-1002.450015668017	0.17121386352906234	0.10871123840064598	0.08145830947601913	0.1807167622819827	0.14279065011748587	0.062349203121914366	0.1071131617549961	0.1105467879728391	0.12888068942324307	0.11186708423351113	0.10540399501722103	0.08870259946053333	0.07686546943436047	0.07637076970280135	0.1579010074178496	0.08739450103851594	0.13597310712505023	0.11566514167905369	0.11226665411758742	0.06856085293592701	0.09544977816730583	0.008808936492562675
94000	-3137.338903907281	-2117.592316464598	-1019.7465874426828	0.08088243488982878	0.09193593159757152	0.07816435425283622	0.10665498736494582	0.0996991749388022	0.170789592054717	0.10793530849086719	0.13886779271988137	0.08819147676783325	0.052983351260356006	0.08548813590426088	0.11130825938194856	0.16033786772961395	0.11268960947262525	0.11277007287322226	0.13207835266089607	0.1420228773543478	0.17740174838990277	0.15433251627551858	0.09603500477956341	0.12671524563965902	0.040188476863948525
95000	-3535.225302813713	-2528.8519915641496	-1006.3733112495632	0.10029418085416705	0.09620480465424466	0.10605092717898494	0.09698603828647862	0.10509199800666436	0.08508678735252685	0.1188005461066849	0.15781072646634245	0.1137857553996815	0.09557136873781605	0.12831955708475962	0.11996851175888963	0.09712976901836506	0.11743933128506541	0.0825432889080103	0.12288723914477642	0.14503872561041858	0.051678674883572674	0.0885907004775864	0.15313098390333135	0.10994843111223654	0.016482637778478186
96000	-3438.150745220274	-2442.1974057919037	-995.9533394283706	0.10665649146663242	0.10083391331360572	0.10845693992389027	0.108241223757077	0.08843568813299295	0.11203049158448515	0.11167128765190208	0.1102568675664338	0.1676419304894346	0.09157945193300476	0.17928043909256638	0.13505405876120827	0.13040443412257527	0.11734265119038138	0.0636171993829374	0.11385364132868468	0.12039888130363172	0.11888526907081282	0.12585321166836097	0.10346665620029086	0.10215472710784929	0.009130033117201194
97000	-3705.4226571548065	-2696.485738318249	-1008.9369188365578	0.10160051756602587	0.0892602766402311	0.09394269708712094	0.1099653281735864	0.11781857514014461	0.06354434639622929	0.10122160939575721	0.05742188129024546	0.08545310987520965	0.15342837662417233	0.0965091903242757	0.0740685614329789	0.11266039549439635	0.1245957650860279	0.08450549075454415	0.09422663388891399	0.08537115370229577	0.12303534955402257	0.13938491042412166	0.1229913954710128	0.13774508438015462	0.015219957623664867
98000	-3304.220579713763	-2284.1014512842703	-1020.119128429493	0.11155102873322185	0.09868525269862771	0.06987344589109212	0.08087011429375689	0.07756584494640548	0.11863566789722159	0.10238282328730199	0.13393331626308147	0.08512655147130302	0.09966391789858917	0.1856995907390279	0.08602045424458651	0.09197063556711947	0.08277255741555055	0.09480998202587497	0.09686277343930624	0.13774888853187386	0.08558370915966648	0.09604176069106826	0.05924284270235756	0.12541620314271387	0.037741572573858004
99000	-3974.7212902249344	-2975.9371743989227	-998.7841158260115	0.057788463330512234	0.12672844846384124	0.0785101038127061	0.11515045300213607	0.09017513943832534	0.08878194088666572	0.1275781643893199	0.11837986765360443	0.15315507814858897	0.07153830168574406	0.1564799489126392	0.09194400747324619	0.22052318737952714	0.1384984676290658	0.17292020462028648	0.10430116770353107	0.1899917067224244	0.0817473251074275	0.1807455373801227	0.07236241427740354	0.11365515152493712	0.0022081983743428564
100000	-4025.1586849837204	-3035.3740324658443	-989.7846525178762	0.08987100570224606	0.05829613584362662	0.13374599488223562	0.1253915503736576	0.09372959971290179	0.17440469957064156	0.11497101615942365	0.09118458563455742	0.09624941256898803	0.09265525793864748	0.0835445125819139	0.12068649874808171	0.19558435059926593	0.10613094315638767	0.08028903724469283	0.1662817425752062	0.13412167518006407	0.10798215034111995	0.12963629121248432	0.08475631482529353	0.06945619686728537	0.001424783332970282
