Sample	likelihood
0	-1400.5173001285766
100	-1401.8448287484694
200	-1404.2278221342794
300	-1405.382164930475
400	-1401.1738512756351
500	-1401.176800807907
600	-1407.5681351525095
700	-1413.7821144644681
800	-1399.5441874310188
900	-1401.0317384943241
1000	-1406.5367703186312
1100	-1401.653731539577
1200	-1399.5327010825927
1300	-1409.1044136501862
1400	-1403.3958478090867
1500	-1407.4016786421
1600	-1408.2294570181166
1700	-1402.1331313828828
1800	-1406.618775381991
1900	-1398.9164142399623
2000	-1405.2369933850691
2100	-1405.5301005661288
2200	-1408.3829539648343
2300	-1400.730566256137
2400	-1402.694273469151
2500	-1403.4690400436232
2600	-1404.4349242345716
2700	-1401.5807009121822
2800	-1405.8500189202537
2900	-1403.773528046063
3000	-1399.3248705347578
3100	-1402.4800907534736
3200	-1403.4636637140288
3300	-1402.6657847612719
3400	-1403.1318102567773
3500	-1404.7846243834624
3600	-1405.3476134614311
3700	-1406.9869038672289
3800	-1411.4297799830201
3900	-1402.9848217222648
4000	-1403.574640591853
4100	-1406.8172183857964
4200	-1400.318473778269
4300	-1400.9648830694105
4400	-1402.652836115005
4500	-1398.9772169436737
4600	-1404.005461294325
4700	-1402.883126932914
4800	-1403.973603259296
4900	-1404.8687417960955
5000	-1409.0999676948136
5100	-1405.2233115258791
5200	-1406.6339594918418
5300	-1408.1558486498864
5400	-1404.497495910739
5500	-1401.820738751625
5600	-1405.168945568948
5700	-1406.516761417128
5800	-1398.758098460199
5900	-1403.0347796369701
6000	-1400.1951573009383
6100	-1406.947168493743
6200	-1410.1816203058397
6300	-1410.2526491991912
6400	-1405.3571754535935
6500	-1409.3082061861091
6600	-1404.5541064012841
6700	-1407.7282174633642
6800	-1403.9336942218245
6900	-1405.108874971639
7000	-1410.848363668958
7100	-1403.4063871848275
7200	-1404.5003508234745
7300	-1402.404992897993
7400	-1404.5449830144053
7500	-1403.2130793036263
7600	-1417.1923993786297
7700	-1399.1105026516416
7800	-1401.5287588711326
7900	-1405.1687101602847
8000	-1401.5986404293917
8100	-1400.488490621684
8200	-1398.630092283067
8300	-1402.2934885571406
8400	-1401.2390543210659
8500	-1404.2488866884757
8600	-1403.127351903082
8700	-1406.9199690716625
8800	-1401.7675759166864
8900	-1403.7411237926708
9000	-1402.005234405151
9100	-1400.485860575471
9200	-1401.8264626667833
9300	-1404.0109872726766
9400	-1403.1527605165797
9500	-1403.446313732234
9600	-1402.7805479193032
9700	-1403.3886167595638
9800	-1407.1735972353704
9900	-1401.5199739083384
10000	-1407.1946929156097
10100	-1405.1182581493028
10200	-1404.8770473826696
10300	-1398.1270467841787
10400	-1401.6668033516262
10500	-1401.086616432468
10600	-1405.3346805348356
10700	-1400.1396697280306
10800	-1403.2066910550666
10900	-1402.294932160563
11000	-1404.4942036781022
11100	-1408.2451942531447
11200	-1399.602491413048
11300	-1403.9177872893433
11400	-1404.6891435065133
11500	-1406.7769473013782
11600	-1403.413273667311
11700	-1403.6773816745103
11800	-1401.4516766450788
11900	-1398.7831242568727
12000	-1404.3901485367433
12100	-1403.908875241772
12200	-1409.7142594276966
12300	-1405.5334494899578
12400	-1400.7151377594
12500	-1407.5064650867557
12600	-1400.9337421982968
12700	-1402.7256974265138
12800	-1402.9402302219592
12900	-1400.0754595175924
13000	-1402.9129357679265
13100	-1406.9523511918483
13200	-1398.9615012460617
13300	-1403.9998638562724
13400	-1408.0665039884698
13500	-1402.6980922117
13600	-1403.6781526972202
13700	-1405.7344671584765
13800	-1402.6629752718286
13900	-1400.5833928042548
14000	-1398.826527740946
14100	-1408.1478924500657
14200	-1400.1102916221762
14300	-1408.6025190999112
14400	-1399.6588090061584
14500	-1404.4289844180603
14600	-1407.5060748678184
14700	-1403.285525441348
14800	-1402.0451785843184
14900	-1402.627703270106
15000	-1412.0084848735287
15100	-1406.7911253388952
15200	-1409.0938086893473
15300	-1405.2099703727722
15400	-1403.4363736363143
15500	-1407.5906140924726
15600	-1401.5493559241986
15700	-1413.491720563915
15800	-1402.197884692354
15900	-1404.5449019675646
16000	-1404.757066244218
16100	-1400.2607523380273
16200	-1401.8574276380486
16300	-1407.969812080772
16400	-1404.608516971956
16500	-1404.8014134762939
16600	-1403.0374412451238
16700	-1401.462834450737
16800	-1403.8052526361173
16900	-1407.4447365085905
17000	-1403.003979484275
17100	-1400.5367444725043
17200	-1404.9646698179172
17300	-1404.4590435840196
17400	-1404.2740003357296
17500	-1403.4626297283462
17600	-1403.5305998742972
17700	-1404.2844546254205
17800	-1403.8136700012637
17900	-1400.8297301899534
18000	-1404.2529593622423
18100	-1398.5516937790173
18200	-1406.1802764332847
18300	-1402.1325655053383
18400	-1403.9218173065588
18500	-1406.9429874844132
18600	-1403.195403977247
18700	-1416.544828694389
18800	-1407.0855375441097
18900	-1404.122128816318
19000	-1402.4572813130176
19100	-1405.3415359037954
19200	-1401.8153344594525
19300	-1409.6661034417912
19400	-1399.3782267887614
19500	-1399.8369571964085
19600	-1402.4999498777086
19700	-1407.9779819870382
19800	-1405.0641809929066
19900	-1398.3415068125532
20000	-1401.6411671108394
20100	-1407.7371469368973
20200	-1407.548809361981
20300	-1401.8276588808817
20400	-1402.0876129379708
20500	-1404.6973224680223
20600	-1402.7492753942488
20700	-1404.5058169757972
20800	-1401.4754576542286
20900	-1403.2112686552691
21000	-1398.6218042235569
21100	-1400.640962435099
21200	-1406.3876928316245
21300	-1398.403672194322
21400	-1403.5745570172346
21500	-1404.2129784422286
21600	-1399.9436205952175
21700	-1401.562880032627
21800	-1401.3001691300142
21900	-1405.5953543631658
22000	-1400.7286756853118
22100	-1399.8473106417841
22200	-1404.5202062064388
22300	-1406.8899759244127
22400	-1404.8172772106004
22500	-1400.740966389863
22600	-1400.8627749867587
22700	-1400.292612686492
22800	-1399.0786025254745
22900	-1400.8920757280882
23000	-1402.1141977658203
23100	-1404.9182044202203
23200	-1407.0727798196112
23300	-1407.4229636331015
23400	-1401.9894888877081
23500	-1403.8746301257816
23600	-1404.6586331392527
23700	-1399.8217094990403
23800	-1404.599575590339
23900	-1400.3321164085892
24000	-1405.1880570895423
24100	-1401.9500035341325
24200	-1410.3147925797707
24300	-1401.190038712652
24400	-1405.4665335364602
24500	-1408.0713851456264
24600	-1407.7899341975922
24700	-1400.665291587222
24800	-1403.6150780367054
24900	-1407.9179046496201
25000	-1404.441088525598
25100	-1408.031997029324
25200	-1400.0994914334024
25300	-1405.3843149634242
25400	-1402.836967370299
25500	-1404.3158683141205
25600	-1401.0191445065332
25700	-1411.1831061945177
25800	-1410.7194348726546
25900	-1404.6132584786512
26000	-1402.8773599578712
26100	-1406.7469906959427
26200	-1406.7810327753318
26300	-1403.643680701906
26400	-1401.8820414228735
26500	-1408.3091228753804
26600	-1405.7657517257576
26700	-1408.3869908959311
26800	-1401.3068400390393
26900	-1409.8880308263253
27000	-1400.7480663867154
27100	-1399.5962389265806
27200	-1406.5381533750192
27300	-1404.2379500080465
27400	-1412.1237196666639
27500	-1402.4322845792208
27600	-1407.2256555458646
27700	-1403.4290428756058
27800	-1403.5555193247387
27900	-1402.9423141056382
28000	-1401.5990270605084
28100	-1411.6909548182543
28200	-1406.5996811295784
28300	-1407.2855542757798
28400	-1410.0410694861635
28500	-1407.4822663766727
28600	-1401.458760418376
28700	-1401.9937753091021
28800	-1405.7997052404555
28900	-1405.5767414496381
29000	-1403.1467430811495
29100	-1403.3247766076897
29200	-1402.492773790715
29300	-1398.8192524946548
29400	-1399.233744808882
29500	-1399.6445110780874
29600	-1404.8578226852396
29700	-1407.763834623253
29800	-1400.4008274198654
29900	-1402.4424897514912
30000	-1409.4386749592568
30100	-1403.008768029451
30200	-1412.5741879216757
30300	-1403.97517268947
30400	-1404.301616623025
30500	-1404.621941200783
30600	-1403.1094805203315
30700	-1407.4275173778824
30800	-1401.3695831312484
30900	-1410.2666063173326
31000	-1399.56257355246
31100	-1404.8719511632949
31200	-1405.9369159344446
31300	-1402.3186043478236
31400	-1408.5082972690077
31500	-1404.201558874533
31600	-1402.0744505046114
31700	-1401.4306608162979
31800	-1401.7886646799357
31900	-1400.8089934312056
32000	-1403.451454709401
32100	-1401.3162900238756
32200	-1400.7675072322531
32300	-1399.257717523684
32400	-1404.566601329783
32500	-1407.9269800074594
32600	-1400.990237716648
32700	-1407.6262961255256
32800	-1401.5686868148741
32900	-1409.6941311403425
33000	-1402.4940588296163
33100	-1405.8860188727267
33200	-1401.2838814158079
33300	-1407.0468566402221
33400	-1399.9534596148171
33500	-1403.1847255285566
33600	-1399.6118267685315
33700	-1401.47717268301
33800	-1411.533857145659
33900	-1405.94341638375
34000	-1407.7301618461356
34100	-1400.9218706783415
34200	-1405.6167503857314
34300	-1402.6212980139244
34400	-1410.3540844540553
34500	-1399.7515581175824
34600	-1405.2506325289273
34700	-1402.4184177132793
34800	-1406.4137027814522
34900	-1399.9291076235604
35000	-1405.562532181778
35100	-1401.1769668274605
35200	-1402.5959355438024
35300	-1402.7760053656566
35400	-1402.1844517501154
35500	-1402.8433891796028
35600	-1399.3511072555293
35700	-1399.3275696427372
35800	-1406.284235717142
35900	-1404.7630111276794
36000	-1404.4560661364053
36100	-1409.1581152533895
36200	-1405.8279718799417
36300	-1406.0864521792296
36400	-1401.7136273590604
36500	-1400.9217701143073
36600	-1402.5138531527414
36700	-1399.7230478955516
36800	-1402.3159854259834
36900	-1414.0679903577416
37000	-1400.7874970985463
37100	-1402.5888211305964
37200	-1401.3770855035323
37300	-1405.5574649114772
37400	-1399.2729573836868
37500	-1403.2361257053176
37600	-1406.8552380087676
37700	-1413.110190712963
37800	-1401.56242855127
37900	-1402.3490224016873
38000	-1406.6374609620084
38100	-1405.3869580284795
38200	-1403.8148450571098
38300	-1400.4284714554663
38400	-1400.7406465740396
38500	-1410.4595530960773
38600	-1399.463366536395
38700	-1399.120908904681
38800	-1406.832003750243
38900	-1409.4978391086347
39000	-1405.170006150542
39100	-1401.6558638037645
39200	-1403.6839831119944
39300	-1414.1043493879224
39400	-1399.9745237072734
39500	-1399.9910099527817
39600	-1401.4595302934013
39700	-1399.1455520148033
39800	-1399.8066113484874
39900	-1403.7122214143055
40000	-1400.1706758349333
40100	-1401.5595771795956
40200	-1400.6017122318972
40300	-1400.118101885131
40400	-1400.7528387091957
40500	-1400.6394323393024
40600	-1401.3639824263441
40700	-1410.2925571613537
40800	-1404.550395898056
40900	-1401.188173107829
41000	-1411.9533839260212
41100	-1401.294204453375
41200	-1404.3291450463885
41300	-1403.1965913941528
41400	-1404.673936172825
41500	-1409.1863791706596
41600	-1402.5672613922854
41700	-1400.5168312427952
41800	-1406.3028327257166
41900	-1405.4681238167127
42000	-1403.61059889308
42100	-1409.1656290920234
42200	-1404.7913910356015
42300	-1399.2175679028128
42400	-1402.5888483148153
42500	-1404.5385685971346
42600	-1403.588412008969
42700	-1408.6977691315506
42800	-1412.5557922807643
42900	-1403.2377971654105
43000	-1401.9023704360038
43100	-1402.6471537781422
43200	-1405.1373007039433
43300	-1403.4714072325314
43400	-1399.2708517153135
43500	-1403.0365772138562
43600	-1404.7573374466901
43700	-1401.209402104143
43800	-1400.3603864810432
43900	-1404.042472531762
44000	-1403.7637066623224
44100	-1402.4532051754782
44200	-1399.8862309331228
44300	-1401.851437044652
44400	-1405.2210464352552
44500	-1400.1035119011979
44600	-1401.7700025869485
44700	-1406.7315244964734
44800	-1405.8382954869635
44900	-1413.3378750678867
45000	-1412.0588751045575
45100	-1401.006970579907
45200	-1403.25709135024
45300	-1403.7818442078574
45400	-1399.7171683302895
45500	-1403.4306004657165
45600	-1403.0239882522517
45700	-1403.4463078912231
45800	-1407.5245985146248
45900	-1403.471795581343
46000	-1401.6215099472374
46100	-1399.4182582158573
46200	-1410.2838371698272
46300	-1409.7864260399613
46400	-1402.1638915484343
46500	-1404.2945422438174
46600	-1404.229444873102
46700	-1404.7787829267663
46800	-1406.4870818254028
46900	-1403.435937021773
47000	-1404.9143031936926
47100	-1404.698734954539
47200	-1408.909778656254
47300	-1406.877102462946
47400	-1406.8289316641735
47500	-1399.7011159822755
47600	-1402.8331613706175
47700	-1404.4364047052763
47800	-1404.0218224608934
47900	-1405.1456764102827
48000	-1405.2579938528802
48100	-1403.7379209866199
48200	-1404.2830547095234
48300	-1406.2410878849983
48400	-1411.9096697046189
48500	-1405.1771370748438
48600	-1400.4173147293213
48700	-1406.2556346652464
48800	-1399.801960501668
48900	-1400.6189140205165
49000	-1401.0018860362793
49100	-1403.2118194073782
49200	-1402.3468264071398
49300	-1410.2002797758148
49400	-1412.0167077728952
49500	-1410.6400235463025
49600	-1404.1513108896368
49700	-1405.691488458058
49800	-1405.6724289995127
49900	-1399.3263534156245
50000	-1400.7266927390415
50100	-1402.0466502602974
50200	-1403.0051759058692
50300	-1401.1575640643114
50400	-1401.9390808110977
50500	-1399.4229669782676
50600	-1402.5763504005026
50700	-1405.8185875333834
50800	-1398.9819044900464
50900	-1401.962979219286
51000	-1402.6490259894476
51100	-1404.7273224241349
51200	-1408.9294545168382
51300	-1407.605668888558
51400	-1403.4628582264131
51500	-1401.2683314312676
51600	-1401.6896031443762
51700	-1407.1384774227427
51800	-1401.2810225708904
51900	-1403.9994609423584
52000	-1399.7265212997772
52100	-1398.2196057673052
52200	-1412.4718757881692
52300	-1403.7078878347538
52400	-1401.9054863635056
52500	-1399.6111328618367
52600	-1406.8099544933261
52700	-1413.1825454633176
52800	-1408.5255544328138
52900	-1398.3678326470645
53000	-1402.1235919368219
53100	-1412.1659657879968
53200	-1400.5914906750852
53300	-1407.3677504632387
53400	-1399.699228912985
53500	-1401.8751095900445
53600	-1403.355222838105
53700	-1410.3178709736235
53800	-1408.4804172349586
53900	-1404.3994430167193
54000	-1411.3712027542165
54100	-1405.4678457719028
54200	-1402.6795027420712
54300	-1405.5753473775426
54400	-1404.5625214704137
54500	-1405.9671586498816
54600	-1406.3494468502597
54700	-1403.295056384763
54800	-1404.1738494249084
54900	-1403.7551573831593
55000	-1403.8138169244594
55100	-1402.3369760638018
55200	-1399.673692193449
55300	-1406.3012348605585
55400	-1405.262537943661
55500	-1408.9401237598504
55600	-1404.4164635435186
55700	-1399.9365736342747
55800	-1405.3069218751205
55900	-1401.6919790361653
56000	-1403.7088308558375
56100	-1405.5836475331625
56200	-1406.5676759295256
56300	-1405.4795693068527
56400	-1411.0924325206822
56500	-1404.2502551654907
56600	-1403.6763450551684
56700	-1404.1985439863356
56800	-1401.0900105126584
56900	-1400.7291256555404
57000	-1401.7858083554975
57100	-1407.2595481443038
57200	-1399.8933355357137
57300	-1404.6747299668268
57400	-1399.786387389
57500	-1405.4610040379766
57600	-1404.5438701321627
57700	-1405.5947816471357
57800	-1402.1568237095219
57900	-1400.339388460289
58000	-1405.9323698164517
58100	-1405.5576891588441
58200	-1400.2083430785758
58300	-1406.8371425788803
58400	-1401.9478803407678
58500	-1403.3271339827725
58600	-1403.0625050956546
58700	-1404.5824788442312
58800	-1402.7734132306268
58900	-1401.141421760312
59000	-1399.9381694955027
59100	-1404.0096077148955
59200	-1402.601305520011
59300	-1404.6002755418735
59400	-1402.060214742316
59500	-1402.0828153689556
59600	-1409.6227369524627
59700	-1405.060357148529
59800	-1403.9056462431208
59900	-1407.382984543225
60000	-1403.8125628738276
60100	-1406.3263279422376
60200	-1405.6383884036468
60300	-1403.538549061527
60400	-1403.889701391008
60500	-1404.3479899689914
60600	-1403.6433632602316
60700	-1402.1905982443068
60800	-1404.7408086482728
60900	-1401.0916967033104
61000	-1410.683868800067
61100	-1401.6467054556363
61200	-1406.3906854547797
61300	-1407.6207985420192
61400	-1402.6310860387525
61500	-1403.350809308011
61600	-1407.8208717235834
61700	-1408.3812906348817
61800	-1402.817811297049
61900	-1403.8271046981145
62000	-1401.8532668523912
62100	-1402.7097647343721
62200	-1403.517508949561
62300	-1407.90020107515
62400	-1404.1476544405987
62500	-1403.731324107379
62600	-1405.196447337798
62700	-1401.773043654648
62800	-1402.1349109048324
62900	-1403.347599457703
63000	-1399.5801005614903
63100	-1399.051696481709
63200	-1401.1731866135328
63300	-1401.9548615703757
63400	-1402.122626418029
63500	-1402.4379445626214
63600	-1405.0828089627166
63700	-1404.0881409285596
63800	-1404.0919252683855
63900	-1405.0734499247997
64000	-1402.5945972898899
64100	-1398.3886455803395
64200	-1402.7473234647841
64300	-1404.8285157134717
64400	-1402.2895914003839
64500	-1399.5186942884225
64600	-1403.1643465051516
64700	-1403.0002884553494
64800	-1404.2987750408452
64900	-1402.6670985685814
65000	-1406.9896698296986
65100	-1404.719541574692
65200	-1402.082407891502
65300	-1402.9288638020093
65400	-1401.6885509778954
65500	-1406.0970790741676
65600	-1400.0462430014775
65700	-1401.2521409256492
65800	-1401.7492704133133
65900	-1405.7900534746177
66000	-1401.0120076077187
66100	-1405.3849424884136
66200	-1400.6870961958298
66300	-1406.7307247409003
66400	-1414.5756652378989
66500	-1403.4921613299061
66600	-1400.837195982466
66700	-1407.909913513413
66800	-1404.992779697347
66900	-1400.2659856569562
67000	-1402.5899681545272
67100	-1402.4717471345734
67200	-1401.5198928002505
67300	-1403.6374526031623
67400	-1400.6338923684855
67500	-1402.3228133214866
67600	-1401.8865130900194
67700	-1406.82885894569
67800	-1404.745197273508
67900	-1410.2621000273189
68000	-1405.6455732125582
68100	-1403.1635271353616
68200	-1404.9359230661385
68300	-1405.4676584863485
68400	-1403.2746923699929
68500	-1407.907073903421
68600	-1408.0645052312773
68700	-1402.4010416968013
68800	-1401.2754840688553
68900	-1405.9754177989823
69000	-1401.5550404409655
69100	-1400.5995529565203
69200	-1401.3468997710984
69300	-1400.848819843706
69400	-1402.986636029294
69500	-1404.0138669601702
69600	-1402.4209682165974
69700	-1405.0416435434477
69800	-1412.2832903257054
69900	-1402.5778871794355
70000	-1407.5684244156869
70100	-1409.681681846021
70200	-1405.563397128847
70300	-1405.3791138109286
70400	-1406.9295791654192
70500	-1403.7810440045341
70600	-1400.2520693458064
70700	-1404.5567503795767
70800	-1408.6455080195767
70900	-1407.26152296601
71000	-1404.6439417151455
71100	-1407.9915937512033
71200	-1410.9055370225087
71300	-1404.557189270456
71400	-1403.9431520474818
71500	-1403.256592663573
71600	-1404.413193952886
71700	-1403.210963219014
71800	-1400.1657070775827
71900	-1402.9906814878323
72000	-1402.2472909987332
72100	-1404.011373629672
72200	-1404.384786877819
72300	-1403.4427171859256
72400	-1399.2863455016977
72500	-1406.2097745270842
72600	-1402.2384144292282
72700	-1406.9285142180233
72800	-1406.5329517329847
72900	-1401.5675051381668
73000	-1400.8835737935
73100	-1400.5642976080321
73200	-1399.9494897045843
73300	-1400.4373357456773
73400	-1401.632742633527
73500	-1402.7029749697354
73600	-1401.7719482858915
73700	-1402.946515126363
73800	-1406.841746455679
73900	-1406.8995502738226
74000	-1407.3628598967816
74100	-1401.6951435679891
74200	-1399.2803757050942
74300	-1402.900792673443
74400	-1405.1161436847888
74500	-1402.7435002866525
74600	-1406.4556273934304
74700	-1403.0072719053428
74800	-1402.1812001899484
74900	-1402.433764969121
75000	-1402.3169501140824
75100	-1399.3441498940388
75200	-1401.1973578058983
75300	-1408.0140943525898
75400	-1408.8463831929416
75500	-1413.1671908041642
75600	-1406.9634789701463
75700	-1404.4140155176915
75800	-1405.4747570024056
75900	-1403.468492793125
76000	-1404.1453085841213
76100	-1409.8193671168701
76200	-1400.1926922417952
76300	-1412.630771626823
76400	-1406.5007722532757
76500	-1400.8904726646876
76600	-1406.8310628763047
76700	-1402.2320214856904
76800	-1404.0915925466397
76900	-1406.8762286602846
77000	-1404.595039387904
77100	-1398.9582508979847
77200	-1402.4327010511893
77300	-1412.7637996321437
77400	-1399.792542937963
77500	-1403.8034715435483
77600	-1402.677765186173
77700	-1408.9628129373314
77800	-1401.8932516212471
77900	-1408.1613178798575
78000	-1401.602175176221
78100	-1400.7611897842203
78200	-1399.201961171576
78300	-1404.416721743089
78400	-1406.10347771662
78500	-1404.1495056321608
78600	-1409.0146512769147
78700	-1404.4966350284685
78800	-1406.5389342958476
78900	-1408.618430927154
79000	-1403.8656772293305
79100	-1406.6899292807275
79200	-1399.3292542381469
79300	-1400.575945158543
79400	-1402.1705033307721
79500	-1403.298179745932
79600	-1404.874089907326
79700	-1407.2305324942204
79800	-1400.2851848258024
79900	-1401.214053105168
80000	-1402.3772005809112
80100	-1401.5159677275205
80200	-1403.1020656664523
80300	-1400.9142273265566
80400	-1400.4778536221047
80500	-1402.4451778478997
80600	-1407.079176416008
80700	-1400.2749260332278
80800	-1400.2760840480769
80900	-1398.7935529324727
81000	-1401.572384163332
81100	-1401.510674256092
81200	-1408.7582609448987
81300	-1406.9991639689056
81400	-1400.3380965304736
81500	-1405.2790195299356
81600	-1401.605278028223
81700	-1402.2774290386706
81800	-1402.4766926394532
81900	-1401.244810352757
82000	-1403.9653005908187
82100	-1411.993677926636
82200	-1400.4658624501662
82300	-1404.4576453290422
82400	-1402.2486803940233
82500	-1399.525858810126
82600	-1408.4279562304782
82700	-1401.3285574104357
82800	-1405.1202506459788
82900	-1401.7559069196213
83000	-1403.2890067089452
83100	-1401.2644443543606
83200	-1408.6803533370312
83300	-1403.8632630380878
83400	-1403.546889159153
83500	-1401.3158357511973
83600	-1400.9517068701673
83700	-1405.576442189974
83800	-1403.3909751115652
83900	-1400.463032140834
84000	-1400.6868043043305
84100	-1401.3403495099776
84200	-1407.1927275154662
84300	-1404.26006434378
84400	-1402.4208014368417
84500	-1405.990291486874
84600	-1402.2557821699977
84700	-1406.8313918856325
84800	-1401.4080784948123
84900	-1402.7440379910804
85000	-1400.181663200005
85100	-1401.2079412064468
85200	-1406.1601568932924
85300	-1402.8189269653574
85400	-1403.3968252221866
85500	-1410.890444483478
85600	-1399.0394449386968
85700	-1401.316146193493
85800	-1398.4006957961674
85900	-1400.6206396807088
86000	-1403.7980163962973
86100	-1404.2385685566483
86200	-1404.6964237519223
86300	-1403.0256494420182
86400	-1406.1759560950195
86500	-1404.6231996180707
86600	-1402.0330076836772
86700	-1403.2698581319273
86800	-1401.2587815488225
86900	-1402.60718569119
87000	-1402.984811834563
87100	-1402.7256340639865
87200	-1408.3281617590371
87300	-1400.6920957812579
87400	-1399.3542004234778
87500	-1402.1847858217925
87600	-1398.4746578637246
87700	-1401.2904827606765
87800	-1406.2607510039416
87900	-1406.265450223872
88000	-1401.3155694970394
88100	-1406.4333632344528
88200	-1408.1733893267647
88300	-1405.2633036656239
88400	-1407.0536007618161
88500	-1406.295607561593
88600	-1412.5627122462834
88700	-1412.0065176644716
88800	-1403.8542378559703
88900	-1409.57643252991
89000	-1400.363315546591
89100	-1400.460605782632
89200	-1402.8518735268876
89300	-1404.436421685295
89400	-1401.899292213896
89500	-1401.399300102843
89600	-1401.0776333417698
89700	-1403.4291643740246
89800	-1405.3770797445222
89900	-1404.2182025476004
90000	-1400.463982284727
90100	-1400.1613738836372
90200	-1399.9991780350254
90300	-1401.5039316615462
90400	-1398.2337265407025
90500	-1399.8181258907243
90600	-1399.5972958921384
90700	-1402.6748162245472
90800	-1401.816255034238
90900	-1403.5653725297534
91000	-1403.575756287397
91100	-1403.043306608169
91200	-1407.4471822757928
91300	-1407.132771267707
91400	-1409.7684808809745
91500	-1400.8725288293094
91600	-1401.5863447432325
91700	-1406.1873580956021
91800	-1405.3906952381922
91900	-1403.1892125851025
92000	-1400.7036815422584
92100	-1401.8747093421985
92200	-1412.822314801268
92300	-1404.650139763251
92400	-1412.4419385218303
92500	-1399.4079819450485
92600	-1406.4439001138198
92700	-1401.6228493983454
92800	-1401.9418126586868
92900	-1403.180469556786
93000	-1402.159970781309
93100	-1400.1789061354075
93200	-1404.5687125877434
93300	-1410.2508747560591
93400	-1403.6873166541009
93500	-1402.9410946163082
93600	-1399.3433515502406
93700	-1401.4895481628255
93800	-1402.6563377223029
93900	-1403.0916652616365
94000	-1400.6985694789637
94100	-1402.2658239058997
94200	-1401.3766839627665
94300	-1410.8067510651297
94400	-1400.8733205169844
94500	-1402.1184592815125
94600	-1401.450781000074
94700	-1406.4521791834136
94800	-1399.7745619260072
94900	-1409.88413213289
95000	-1409.5066620960008
95100	-1401.858694615754
95200	-1403.7758763519619
95300	-1405.3304185562463
95400	-1401.9712471434736
95500	-1400.4158118618984
95600	-1410.4946308279254
95700	-1403.1915955209106
95800	-1406.0006909611484
95900	-1404.430966300336
96000	-1402.5762129351692
96100	-1401.7576885772717
96200	-1403.917512775744
96300	-1402.9373204295734
96400	-1405.214970099535
96500	-1400.4896267123972
96600	-1398.271259845728
96700	-1402.4524653031517
96800	-1405.0769576671887
96900	-1400.9956832991559
97000	-1404.9538498393974
97100	-1409.2890052357307
97200	-1401.579023713461
97300	-1401.6830854627565
97400	-1406.6208171128762
97500	-1399.5547165038608
97600	-1403.6528704920793
97700	-1405.226847402329
97800	-1410.9350358016927
97900	-1406.1036488616523
98000	-1404.9971333227736
98100	-1408.1700485549886
98200	-1403.9908301382602
98300	-1400.1889448430084
98400	-1398.9062724428998
98500	-1401.530048353596
98600	-1403.5443984990525
98700	-1405.3446107280722
98800	-1400.6979982493597
98900	-1403.185587072615
99000	-1402.6164385709794
99100	-1404.2615738336995
99200	-1408.899046351939
99300	-1403.0022590329309
99400	-1405.6730967070166
99500	-1410.5630605000356
99600	-1402.3640073147483
99700	-1405.1490699239944
99800	-1405.1129172035069
99900	-1399.4849108797048
100000	-1406.5293100446183
