#
#model:
#
#<?xml version="1.0" encoding="UTF-8" standalone="no"?><input id="posterior" spec="beast.core.util.CompoundDistribution">
#    <distribution id="prior" spec="beast.core.util.CompoundDistribution">
#        <prior id="lambdaPrior.Ai" name="distribution">
#            <parameter id="lambda" lower="0.0" name="x" spec="beast.core.parameter.RealParameter">10.0</parameter>
#            <Gamma id="Gamma.0" name="distr">
#                <parameter estimate="false" id="RealParameter.1" name="alpha" spec="beast.core.parameter.RealParameter">2.0</parameter>
#                <parameter estimate="false" id="RealParameter.2" name="beta" spec="beast.core.parameter.RealParameter">200.0</parameter>
#            </Gamma>
#        </prior>
#        <distribution id="snapprior.Ai" lambda="@lambda" spec="snap.likelihood.SnAPPrior">
#            <parameter estimate="false" id="alpha" lower="0.0" name="alpha" spec="beast.core.parameter.RealParameter">11.75</parameter>
#            <parameter estimate="false" id="beta" lower="0.0" name="beta" spec="beast.core.parameter.RealParameter">109.73</parameter>
#            <parameter estimate="false" id="kappa" lower="0.0" name="kappa" spec="beast.core.parameter.RealParameter">1.0</parameter>
#            <parameter id="coalescenceRate" name="coalescenceRate" spec="beast.core.parameter.RealParameter">10.0</parameter>
#            <tree clusterType="upgma" id="Tree.Ai" nodetype="snap.NodeData" spec="beast.util.ClusterTree">
#                <taxa dataType="integerdata" id="snap.Ai" spec="snap.Data">
#                    <taxonset id="SthBarrington" spec="beast.evolution.alignment.TaxonSet">
#                        <taxon id="SthBarrington_BT10a1" spec="beast.evolution.alignment.Taxon"/>
#                        <taxon id="SthBarrington_BT8a1" spec="beast.evolution.alignment.Taxon"/>
#                        <taxon id="SthBarrington_BT9c1" spec="beast.evolution.alignment.Taxon"/>
#                    </taxonset>
#                    <taxonset id="MtWilson" spec="beast.evolution.alignment.TaxonSet">
#                        <taxon id="MtWilson_MW12bm" spec="beast.evolution.alignment.Taxon"/>
#                        <taxon id="MtWilson_MW5bm" spec="beast.evolution.alignment.Taxon"/>
#                    </taxonset>
#                    <taxonset id="Termeil" spec="beast.evolution.alignment.TaxonSet">
#                        <taxon id="Termeil_Te3bf" spec="beast.evolution.alignment.Taxon"/>
#                        <taxon id="Termeil_Te3c1" spec="beast.evolution.alignment.Taxon"/>
#                    </taxonset>
#                    <taxonset id="Broadwater" spec="beast.evolution.alignment.TaxonSet">
#                        <taxon id="Broadwater_BW10af" spec="beast.evolution.alignment.Taxon"/>
#                        <taxon id="Broadwater_BW19cf" spec="beast.evolution.alignment.Taxon"/>
#                        <taxon id="Broadwater_BW31am" spec="beast.evolution.alignment.Taxon"/>
#                    </taxonset>
#                    <taxonset id="Kerewong" spec="beast.evolution.alignment.TaxonSet">
#                        <taxon id="Kerewong_Ke18dm" spec="beast.evolution.alignment.Taxon"/>
#                        <taxon id="Kerewong_Ke21b1" spec="beast.evolution.alignment.Taxon"/>
#                    </taxonset>
#                    <taxonset id="Dampier" spec="beast.evolution.alignment.TaxonSet">
#                        <taxon id="Dampier_Da11a2" spec="beast.evolution.alignment.Taxon"/>
#                        <taxon id="Dampier_Da19a1" spec="beast.evolution.alignment.Taxon"/>
#                    </taxonset>
#                    <taxonset id="MaresForest" spec="beast.evolution.alignment.TaxonSet">
#                        <taxon id="MaresForest_MF13a1" spec="beast.evolution.alignment.Taxon"/>
#                        <taxon id="MaresForest_MF17am" spec="beast.evolution.alignment.Taxon"/>
#                    </taxonset>
#                    <taxonset id="Olney" spec="beast.evolution.alignment.TaxonSet">
#                        <taxon id="Olney_Ol20bm" spec="beast.evolution.alignment.Taxon"/>
#                        <taxon id="Olney_Ol4bm" spec="beast.evolution.alignment.Taxon"/>
#                    </taxonset>
#                    <taxonset id="NthBarrington" spec="beast.evolution.alignment.TaxonSet">
#                        <taxon id="NthBarrington_BT4a2" spec="beast.evolution.alignment.Taxon"/>
#                        <taxon id="NthBarrington_BT6a1" spec="beast.evolution.alignment.Taxon"/>
#                    </taxonset>
#                    <taxonset id="Cumberland" spec="beast.evolution.alignment.TaxonSet">
#                        <taxon id="Cumberland_Cu12a1" spec="beast.evolution.alignment.Taxon"/>
#                        <taxon id="Cumberland_Cu6a1" spec="beast.evolution.alignment.Taxon"/>
#                    </taxonset>
#                    <taxonset id="Dorrigo" spec="beast.evolution.alignment.TaxonSet">
#                        <taxon id="Dorrigo_Do2c2" spec="beast.evolution.alignment.Taxon"/>
#                        <taxon id="Dorrigo_Do5bm" spec="beast.evolution.alignment.Taxon"/>
#                    </taxonset>
#                </taxa>
#                <parameter id="RealParameter.0" lower="0.0" name="clock.rate" spec="beast.core.parameter.RealParameter" upper="0.0">1.0</parameter>
#            </tree>
#        </distribution>
#    </distribution>
#    <distribution id="likelihood" spec="beast.core.util.CompoundDistribution">
#        <distribution data="@snap.Ai" id="treeLikelihood.Ai" pattern="coalescenceRate" spec="snap.likelihood.SnAPTreeLikelihood" tree="@Tree.Ai">
#            <siteModel id="MutationSiteModel.Ai" spec="beast.evolution.sitemodel.SiteModel">
#                <parameter estimate="false" id="mutationRate" name="mutationRate" spec="beast.core.parameter.RealParameter">1.0</parameter>
#                <parameter estimate="false" id="shape" name="shape" spec="beast.core.parameter.RealParameter">2.0</parameter>
#                <parameter estimate="false" id="proportionInvariant" name="proportionInvariant" spec="beast.core.parameter.RealParameter">0.0</parameter>
#                <substModel coalescenceRate="@coalescenceRate" id="MutationModel" spec="snap.likelihood.SnapSubstitutionModel">
#                    <parameter estimate="false" id="u" lower="0.0" name="mutationRateU" spec="beast.core.parameter.RealParameter">1.7346278317152102</parameter>
#                    <parameter id="v" lower="0.0" name="mutationRateV" spec="beast.core.parameter.RealParameter">0.7024901703800787</parameter>
#                </substModel>
#            </siteModel>
#        </distribution>
#    </distribution>
#</input>
#
Sample	posterior	likelihood	prior	theta0	theta1	theta2	theta3	theta4	theta5	theta6	theta7	theta8	theta9	theta10	theta11	theta12	theta13	theta14	theta15	theta16	theta17	theta18	theta19	theta20	TreeHeightLogger
0	-2392.9096069897173	-1362.3032564799162	-1030.6063505098011	0.17771918768096812	0.0882315829787127	0.08948329058969907	0.10276697190094405	0.10910378218853391	0.11225905373503287	0.055867418119718314	0.07853082462878269	0.11557396741691643	0.06950008572705567	0.15350123736937268	0.16698931093078642	0.0724317827899032	0.15631497401098288	0.08088731191744648	0.09686799121645934	0.07755583462303593	0.10866036260115493	0.16456340740813094	0.07637196792054841	0.1010775384081467	0.0915357216868074
1000	-2416.4507466296645	-1385.440897087648	-1031.0098495420168	0.08657404351639224	0.09239881979108976	0.1546349383031609	0.14123098448810273	0.12357922658653411	0.10812729009747821	0.1043609303706368	0.09187525265631996	0.07127167094186376	0.12346768745395881	0.1861611317200507	0.08903535567397308	0.11810591090880834	0.11278341658550282	0.1197535042124395	0.10051117016518628	0.09942982935873912	0.11706045108350044	0.10423376746190718	0.0896676321449875	0.1611566120283001	0.15716517194980176
2000	-2435.922686380739	-1401.3067904136258	-1034.615895967113	0.14369456897630048	0.10927494589277673	0.08816840495028486	0.07451319870844214	0.16549806432021055	0.11184445000428377	0.13856688726154173	0.057129273071093764	0.12111369825825348	0.12964754769705264	0.13974002266072846	0.05972733925346581	0.08593918448965387	0.038373407895850344	0.08647701000009764	0.10847861798334829	0.13651497353075587	0.10806639751707758	0.10318197689438821	0.1350869953883326	0.10496601817781116	0.1079281053473764
3000	-2412.2288620871404	-1375.207522592006	-1037.0213394951343	0.12384827254875697	0.1639875001828091	0.11010152200202501	0.11163160440648433	0.09642444952482979	0.10669885408131555	0.09803200209702977	0.16882790903702719	0.07178460182593796	0.15773074523684869	0.11788697397630386	0.15545154857614654	0.08805412294918594	0.08490288237063144	0.07036400273142833	0.07904373443459463	0.08459791654407126	0.08402070984535812	0.12284176264521143	0.0692167571109291	0.09125073674413631	0.15709862016098428
4000	-2546.6359014087348	-1511.0818081209231	-1035.5540932878118	0.09553667405824881	0.12461599468805334	0.13233392487352955	0.07497697059077543	0.10550021484212166	0.07442993346121138	0.06235569442938824	0.15194606686754775	0.1238101430494716	0.03989902458897441	0.09551169337839496	0.08678584215688623	0.13461484854108915	0.10297793255176096	0.11155213497799937	0.11573913377541846	0.06016363240202725	0.07158017140375755	0.12508022934488236	0.11977065403328148	0.07550212448096302	0.1097939254643784
5000	-3011.856295603414	-1998.7356611111238	-1013.1206344922903	0.08711438878508239	0.10847278467402152	0.13391224314875233	0.1567098632931991	0.09853224140756349	0.06914008654414149	0.07468812659110682	0.11223545902440836	0.11294942808831204	0.12150706425913903	0.1115930858776153	0.09007610872534191	0.12279552785468995	0.15437583925299123	0.11133505564940346	0.09421231620280311	0.05992677388342341	0.17000811664188353	0.14230005522518357	0.11113434867853512	0.10126883187571456	0.023041463191219812
6000	-2692.606432687707	-1673.4830693631632	-1019.1233633245439	0.05585612965519304	0.07132427917137218	0.10890818849249717	0.11431973068462693	0.09189825667423139	0.11764776620157415	0.1105495000231856	0.12981378296501037	0.16437268340430783	0.13169292947793446	0.09228706261377535	0.08159171581702965	0.11984728087325491	0.16273281917591906	0.05872042445559724	0.08618819896294816	0.13531639486721259	0.1327326035025924	0.11927226002296729	0.05939215232111827	0.141181535237126	0.0328773964193942
7000	-2825.111324862984	-1809.798289150009	-1015.3130357129751	0.1513848252972893	0.09602068976909242	0.12938496884786654	0.11621912087247056	0.12092469659076839	0.1190589390538141	0.11656976820102022	0.13945943488426027	0.12861118945497585	0.10912008625211443	0.0950848842111622	0.10711545708163167	0.1449386281612378	0.12504085362962664	0.10160942366237295	0.10762370326897462	0.07999278744011563	0.15741676340202762	0.10919454527807453	0.1273547227694866	0.15039696660894794	0.06280327688000749
8000	-2336.769175492927	-1307.5266700973623	-1029.2425053955646	0.08385320395012641	0.09868254287045172	0.0804443051283174	0.13930951287556775	0.05176151682829644	0.09074582980773764	0.06740108925388837	0.1343887449613867	0.0682837171292857	0.12219652695953384	0.08872110601674725	0.12005988328758974	0.10655781995698684	0.10537863464339473	0.09766924654126986	0.06569856747171213	0.11250291114497096	0.09875918628850318	0.10511956080540824	0.0791924384204497	0.12461486532670156	0.08839448872316902
9000	-2565.2550663591674	-1545.1738871607502	-1020.081179198417	0.10671792395643699	0.14412714991035933	0.11056155763194671	0.09492140211931972	0.13729968596685424	0.16808505618546635	0.059109613106318536	0.09363835541031605	0.1577777766152185	0.0971830720333926	0.060341427680496995	0.12860598223518926	0.1148021708195938	0.1913888776921135	0.10935096397139327	0.13458860964687167	0.09129455231355456	0.07363357473089875	0.07658233837069615	0.11434899974665041	0.1129790940843244	0.038216383064037886
10000	-2297.2014389628557	-1271.2130778232058	-1025.98836113965	0.06520286205690796	0.07915301558354068	0.09571173476249586	0.08353948716648955	0.14233803532201142	0.11966382265550563	0.09524680200327577	0.09568759731656176	0.08796596747657943	0.09850550409810425	0.11783197773834747	0.09048061457722303	0.1038158038474969	0.1369533937918013	0.13716670939242553	0.11729996032418692	0.11857453838739111	0.07272774077134972	0.10488886573830805	0.07329184948185631	0.15402062311210954	0.1047880968877776
11000	-2597.4740433862353	-1571.3542843037994	-1026.119759082436	0.07995866829189453	0.06793137520964368	0.08698039555826888	0.09506202485427144	0.08774663076605342	0.11145263600074927	0.12457952632666876	0.0781518983572182	0.12849039473022675	0.11282580824031557	0.1320131701851102	0.10368330383019866	0.12459843041669119	0.10806801132350048	0.12737778562155563	0.0786784249817928	0.12040731796768085	0.11137895219223555	0.05243103845796718	0.06931676967229834	0.0633864649495562	0.07963643783675223
12000	-2428.4634985921903	-1404.3502256207234	-1024.113272971467	0.07613066812979905	0.08679316629469973	0.06548196482608402	0.05927419493850976	0.12245192225340243	0.10135452599001338	0.1373322756414602	0.12003787109920296	0.08524344256767392	0.10585957728724943	0.17042691610557895	0.09925161287957052	0.11038107211326705	0.07048360235450933	0.14996019351381412	0.07893223104414834	0.08223045346214983	0.100231387901413	0.09951781687092877	0.1118319785154411	0.06338682241857686	0.04836487449237007
13000	-2801.5713143088983	-1783.8643730356764	-1017.7069412732219	0.0805147102522278	0.0639159035768619	0.0977207695117631	0.05804344288896832	0.09714250584570856	0.15078679270225487	0.1198708530045874	0.08276214840440628	0.13393191368244328	0.10603280357173273	0.15412562860196108	0.07941338283769295	0.11366713931641628	0.0751991513615952	0.11871161869540764	0.06353680158015249	0.09067022339542063	0.08541948536173649	0.10869279988104415	0.07790537699072146	0.13972091604345924	0.040377855953371344
14000	-2595.170322930727	-1576.2365728725824	-1018.9337500581444	0.08179201766434276	0.07436921104276256	0.10031776472067004	0.10340684037957994	0.08514465338564034	0.07127202747037813	0.13170390961778516	0.13102265699780322	0.07135095466002737	0.13317135189770088	0.18097959442371425	0.04571732679313444	0.11044624126833878	0.1630930913324179	0.09454852618239552	0.07544180266710844	0.0870773286710675	0.13126710511813028	0.10762460971785856	0.13604762210703503	0.077801801057964	0.02913228367515735
15000	-2353.932381467578	-1312.4314741280896	-1041.5009073394883	0.08258671626987134	0.09709503975857658	0.11268910203534026	0.08239863418282195	0.1051039978662319	0.05745079046387391	0.09561820268279689	0.10644944027282774	0.09403337546442818	0.19019011878544104	0.12117210305864143	0.07625488733569466	0.1269579812262244	0.1127243009736094	0.09806407088745586	0.1559885444260812	0.16464469017534608	0.16692710980847833	0.10638160705419272	0.15109026418093272	0.15072037483767473	0.3983558071486969
16000	-2799.47126461149	-1763.8780898770192	-1035.5931747344707	0.0960055106624813	0.16801168433609423	0.11210992705778892	0.08502246909210975	0.16655560091709312	0.08115703395375237	0.10636028133830894	0.0666959010919127	0.08923987546611875	0.12713825392471897	0.11672930811486751	0.16816055727606033	0.11567586717696283	0.12425604677791824	0.03740512408919359	0.1392325775728147	0.14388808849956236	0.08826626676152782	0.09132152211124646	0.14236201348379557	0.0575341412500053	0.11416448124272946
17000	-2445.547805479161	-1400.960281840835	-1044.587523638326	0.0940575653837854	0.10554645869970189	0.11202685777242995	0.1173480297957922	0.07841168746138777	0.0999580410084041	0.12850926767521312	0.13341990485256186	0.08978900615873632	0.13183485156312444	0.16637197810892604	0.12664767102157742	0.10684087244868905	0.12007939199567713	0.0728150934237595	0.17606265689530085	0.09260435235832548	0.0706957266707985	0.10749111013346783	0.06518498049936751	0.12051951763176504	0.4437786411292161
18000	-2399.1767760428547	-1354.5265750482965	-1044.6502009945584	0.08895988159459255	0.12635736358324778	0.08336254802506932	0.07976059401395622	0.13776238259983395	0.09608253112496652	0.0902276272019268	0.07243514681105316	0.09185910295243073	0.1425470468420539	0.09196014433032186	0.13391711050563115	0.11817018784408106	0.1042436366621144	0.13495462993419435	0.1292215018991596	0.07477865905528351	0.0817448462503426	0.14069001030981101	0.08397628402101641	0.10803732087403026	0.57597367991914
19000	-2526.0800268005946	-1483.7004937449374	-1042.3795330556572	0.09182368341069709	0.06626632957903181	0.08404429561510648	0.11717184381566613	0.0918730393865498	0.1003851219285296	0.060459705813605456	0.052033165084477626	0.09073727147978229	0.10581519162413185	0.10801629971131507	0.07966940797559358	0.10655406538399788	0.10763654167500607	0.13767330303633074	0.1453642967701746	0.0765172396543902	0.09057692321729922	0.14854360867934907	0.11668100303481364	0.12572788914432206	0.3493127225846231
20000	-2393.3217108291306	-1350.8197722572381	-1042.5019385718924	0.10264078333195872	0.12807687173084184	0.10629845223658811	0.14881387207723798	0.0973086359058828	0.1685074776965948	0.049876541970498726	0.14780882824690156	0.11664518721446732	0.12993948577656406	0.08764247107807965	0.06136299542147248	0.13625697180892254	0.08939137839007241	0.10820339330497501	0.10118587674007463	0.09071662377420349	0.1413501024757541	0.10384760825879463	0.07149844567049883	0.13423422489097261	0.34099843539272534
21000	-2558.14774475409	-1527.03175140977	-1031.1159933443203	0.10745080657916066	0.1010991770000821	0.1477285936899482	0.14026070609834249	0.09558294553764186	0.0869412528171768	0.1139156720103473	0.09100820187025524	0.12313670325643129	0.0759540907213818	0.08892816659079766	0.06762468013290705	0.10019535314438625	0.14299993307754166	0.09385355175092065	0.09491640345105613	0.08324133256410483	0.11685724435613103	0.13040438125031534	0.05840340208032257	0.12845249587260335	0.136186490877664
22000	-2288.097639313169	-1257.0674536277247	-1031.0301856854444	0.24763411503259203	0.10456509448188055	0.09712432677759157	0.09541854548545062	0.1674588223968576	0.12135063094344657	0.09058877241828915	0.11141363972717998	0.10944230573944437	0.13521293538606283	0.1312117150867261	0.08667111215121057	0.09653109540818851	0.1371020303689022	0.07725447229531938	0.09736367342043727	0.0921771320309061	0.1528924658934014	0.06783512345289225	0.1261276868654937	0.10087250223377713	0.10660521092263929
23000	-2446.051637182537	-1422.017115386613	-1024.034521795924	0.14103130864219812	0.05710023482560289	0.10481351404748973	0.09439841295573294	0.11897368290448312	0.0872852950028118	0.056729124784873554	0.11459224226603182	0.06739475975504575	0.11289369990748709	0.09961604029187637	0.16477595328943195	0.1106650388353221	0.07109203556497251	0.13540689294735464	0.10778303184333284	0.0699446801466196	0.09836151934570063	0.09977296722022963	0.06466358674981831	0.16268270315159356	0.04517096069753574
24000	-2156.107374264843	-1121.6538255972985	-1034.4535486675445	0.06370496928403768	0.11031694971179919	0.14258715613914022	0.08196155116193007	0.10360789120603636	0.1126567249879947	0.055189538949107934	0.08334313630722992	0.10000721588449149	0.17054836771614418	0.07821911691494676	0.13127148583257472	0.13292163878235383	0.09911563281359752	0.08880651195872544	0.07144536595830675	0.10962185322204275	0.06975307176553343	0.0631948344145888	0.11451905670652889	0.07626860367717661	0.153125544302217
25000	-2621.392226647503	-1584.1875430655311	-1037.2046835819717	0.08789680022312149	0.11367576505719017	0.14274289345251745	0.10552579686889091	0.11357799099002908	0.13852505710645033	0.11846109120878501	0.13999520308021995	0.09365662290158414	0.09544647199180681	0.11199756745985232	0.09818552055165208	0.15203444676144023	0.10502109866235065	0.0838215134986493	0.06651401111260417	0.08899248031173115	0.1121369770673466	0.04478065325163591	0.13708949448794924	0.08938318996638636	0.20148124456843192
26000	-2585.9799132525054	-1541.635727304422	-1044.3441859480834	0.08963038927432351	0.04551198517846095	0.1488265869471314	0.10333275777177646	0.13501119271903728	0.12789075284573007	0.09495546989706598	0.13391990484430297	0.13976628452384562	0.1502502028538205	0.11600223100533423	0.11013285256044708	0.09385910844357719	0.09233016433285428	0.06053466007538628	0.12159814911041233	0.10536763346094159	0.1309163283784033	0.116666672617387	0.1283125385288076	0.0647585641763035	0.29344386077039875
27000	-2297.3654859313324	-1258.9388658513105	-1038.4266200800218	0.12362001711700743	0.06484265242359455	0.047691448804363705	0.1045175957368322	0.06447477525631506	0.14785852251006742	0.08113736915507377	0.08845266683350812	0.10290935038198387	0.09071301188541503	0.0894499229119822	0.09337301613303187	0.0352547507341821	0.0797001036642765	0.07833724795957425	0.11970345169253607	0.06040971894343141	0.08492058136604319	0.07035792554483371	0.10471058430907822	0.11715235877407841	0.08469304098772479
28000	-2333.5317164103235	-1302.2968030485188	-1031.234913361805	0.12497249074090076	0.15260780768198987	0.09853968794048117	0.12423834653997293	0.08095824339866899	0.04991637440496824	0.11144364721878021	0.10387446837254984	0.1087704583873865	0.12769291746813552	0.1176667037872182	0.16127959614761045	0.06650810018374811	0.11503889093129255	0.05566988950729507	0.12510990376599967	0.05261253915185437	0.1166754057715433	0.14729351827228318	0.08750066588644118	0.14776938441996132	0.09134873625614501
29000	-2462.7247502153937	-1444.0768298741398	-1018.647920341254	0.08541729262789234	0.05966786479953861	0.08395228925074881	0.11512150153191	0.09214831592393237	0.12814432832821804	0.12053746367814144	0.05767612950360739	0.11863423264669377	0.12300216677616967	0.07591409710108915	0.13898201742553623	0.09469612128881369	0.10711246322269337	0.1278703886456728	0.0915057914238346	0.08209583704893492	0.12949250795738146	0.1378320147912517	0.08597560285054136	0.09801584299756326	0.0535210459285817
30000	-2293.746624408139	-1262.453912169186	-1031.2927122389528	0.09304823475758918	0.07865471352251674	0.10085130623121163	0.11368830989147188	0.06865665530568463	0.06644300375159098	0.14674095486840727	0.1059322742455618	0.1521661685005392	0.10050941254701999	0.10380385011502315	0.13136127672578146	0.14577662358019883	0.1026875009572736	0.12512368180341682	0.07346400575689216	0.10897911345895589	0.14333395388797154	0.09716266424916085	0.06358230730131881	0.13685386843227906	0.179581434525142
31000	-2707.7054094982573	-1686.8604714128714	-1020.8449380853859	0.20512271025508969	0.06832704639418989	0.12078632675851897	0.09256779986180566	0.11679618532989774	0.0724475656237021	0.1188308497629795	0.07977386804677546	0.12180512561903535	0.11307921487194551	0.14952112003141063	0.09767349195168118	0.07094988987566567	0.08403937339634238	0.10140198452970964	0.0842000433556985	0.10318323076831261	0.1566503551149441	0.09801107983298779	0.1358783197724518	0.13968641697459913	0.03863786735305944
32000	-2759.8132702910434	-1740.7862286787072	-1019.0270416123363	0.12403589241468695	0.0627843035505176	0.08910995455114215	0.11282679565092217	0.07860483163111817	0.15153488695477835	0.07462597906705935	0.097345710063557	0.08181989398701824	0.11029391433708818	0.06775667625812525	0.180673858532295	0.11262891424759922	0.1151308297611628	0.08405573011863393	0.04548044202053635	0.15169636772384937	0.10964335282440062	0.06465868164746923	0.1358737132942306	0.10925832802600144	0.024318861917244184
33000	-2435.4069825594115	-1400.3694054711716	-1035.03757708824	0.18511744750414777	0.1559788427436439	0.12193721214789584	0.06995697464454828	0.07195222003735274	0.10277253469819933	0.11775529921201901	0.1062797080425911	0.09600909904375714	0.0997140931345329	0.1333207288796234	0.08078262796608514	0.10035607576957556	0.083753238206872	0.08939393349168345	0.11144576802739371	0.0713486072154211	0.12343877115431531	0.12704117191333722	0.07774100296741913	0.10048491167756177	0.1689091206861463
34000	-2523.847921394904	-1479.9836264897738	-1043.86429490513	0.06963840253768996	0.11117117118587728	0.10197962848734543	0.10091486678042896	0.0543754176592995	0.10307045249705893	0.0837918379276318	0.05622369508631359	0.08885057718732671	0.1273502926170732	0.12119014034330335	0.0952415200880657	0.14870504840211177	0.0696636465844924	0.10642269166174168	0.2238851418079991	0.06627462094026093	0.0820790146427328	0.09323696430046247	0.0823543406204198	0.11953158082719065	0.21943868693291677
35000	-2514.0174339092027	-1472.8811758180093	-1041.1362580911937	0.12798965757474817	0.0971947724582104	0.14068444021892648	0.05944641866160825	0.0792652103194399	0.12518664920746742	0.12199613313002819	0.0803852108388702	0.14827218753385157	0.12825070668934538	0.1375558252052925	0.08762240617316337	0.08899903419434665	0.12419332999744863	0.1258016194191593	0.08390485600136828	0.16348402601317835	0.13134029856409568	0.15368257510804775	0.07643693078080017	0.11725389200322515	0.32958267135268005
36000	-2365.7640193754214	-1334.4084126681173	-1031.3556067073039	0.08587619676699347	0.13126486023273917	0.09855174479863714	0.06859618468055699	0.09567378898649886	0.09043511441273072	0.07746630870875813	0.07883316575286961	0.12870807347219396	0.04710126256818039	0.10773711171186824	0.12101273813352201	0.06257187658316062	0.12304988918864362	0.15952116511215558	0.09874433659265755	0.10649605899067066	0.05612878071204926	0.11672187693845171	0.1433827832396679	0.14176393882127486	0.07082645907742764
37000	-2953.3015569748595	-1938.0463969151258	-1015.255160059734	0.08186297641041924	0.15574512594569573	0.11981061991793843	0.06817411651414532	0.10693156240337175	0.09346184525284507	0.1210662034242505	0.07515802803566059	0.1455454888163925	0.13609250980228663	0.18357222155372768	0.1000277202125509	0.133816027425082	0.11642145868477784	0.14899423204029408	0.12191770575077886	0.09969307233713136	0.14138531137794735	0.08034347248724552	0.134840666560183	0.15070487534015614	0.029938655954059208
38000	-2330.2544841277268	-1303.3899085688918	-1026.8645755588348	0.13101408641235004	0.12914697015107685	0.08712827700254885	0.0737381924260229	0.0962995364371162	0.16258824507869735	0.10751095289072134	0.14496366747727896	0.10922165042585814	0.1533726696454554	0.10287705437343295	0.1588654239160877	0.087477548384626	0.11796485828002613	0.11768562266076377	0.09462447375735492	0.10281785865190263	0.08165834085864353	0.10028926334876691	0.06150879573878891	0.1215802914039438	0.09356679465834615
39000	-2544.1966913367564	-1517.632350169426	-1026.5643411673304	0.1874166254253404	0.08858353913321453	0.0841042872106734	0.10284109121078376	0.11236035243973443	0.07453243747041596	0.14945051075536656	0.13229302790458158	0.10588354501505665	0.08270832042797652	0.08233920137977589	0.041185446844668946	0.06542294188670282	0.1268395620723544	0.0900721962398875	0.11944698137425307	0.1631818467526549	0.1364432421092482	0.10966803564575567	0.1354099731338976	0.09992261352586125	0.07066620425181698
40000	-2697.5116935867727	-1668.1443024670516	-1029.3673911197209	0.1637581108473161	0.06878906624948941	0.16929088335364456	0.08662127813753355	0.05889014693331343	0.10045553119918954	0.13944040142363306	0.11640735723708033	0.05056336829183564	0.06324703598733052	0.10637354381817299	0.05405193724847423	0.09987974994861272	0.0909690890013711	0.1178495488098925	0.11034756629250146	0.10907603676289034	0.07474887930734349	0.0849289580628053	0.09981550324512534	0.06826803544298134	0.04147446882348925
41000	-2359.559409738973	-1339.0171222614647	-1020.5422874775082	0.10362235704755755	0.09790429603050635	0.08238249794352373	0.09346150345765147	0.09698624652122098	0.05314847869057552	0.07315179662662769	0.1611452954202105	0.14049621634857573	0.07976918146641314	0.09744055001436296	0.1231118812982336	0.08758064665062162	0.20575618261053388	0.08353858712426811	0.08640673591626513	0.07238779409429344	0.07797608933928868	0.1225446491624266	0.12600310344241666	0.1128069185537878	0.040885442185753795
42000	-2628.976816173675	-1606.5079473950364	-1022.4688687786389	0.12739993359635507	0.12276061781331563	0.10276197114292232	0.049512402364013774	0.10745135984298762	0.11807210894977568	0.0927586723960446	0.12832427766858392	0.049651509914928976	0.1336452879814761	0.074479303366523	0.09265736331078434	0.05014185147010742	0.09250352272738983	0.0974037532868169	0.13648594631280045	0.09589251889611958	0.06249439912112648	0.10061364518430196	0.10054788034789211	0.07895844801974736	0.031904861726560325
43000	-2440.820249084772	-1407.0828696937517	-1033.7373793910203	0.05080715780194797	0.12074632832578155	0.10201820481658382	0.11898019313350723	0.06344085493765234	0.10886128255157637	0.14030732738547522	0.10097366585938844	0.042323199862787854	0.12832613531482148	0.08495469423496926	0.10464066298827172	0.0668600140252058	0.1499524968918962	0.06847618914298943	0.11957219110592494	0.08325152590811766	0.06460451905990537	0.12776163215102457	0.13907894730547854	0.16581152285246112	0.08114275158723763
44000	-2535.3022957771436	-1502.860966573833	-1032.4413292033105	0.11163825957838293	0.18048719670138527	0.06424911465097045	0.06861973524054958	0.09382532727816119	0.10101619439266496	0.11472389618239395	0.04619892007534026	0.07054634181672378	0.09845090133215309	0.09379867185327136	0.1661844708112559	0.0926045553500834	0.102221330012275	0.05992574618832743	0.10041686161232308	0.10693095680068429	0.1272384012493005	0.11782849527172912	0.09556805941929851	0.058327051480206636	0.07177952679683937
45000	-2285.8986823986224	-1258.7554630154848	-1027.1432193831376	0.15013000652235173	0.11302049958468623	0.10232262586590189	0.10994358662743121	0.10677312669343961	0.11021262833272724	0.12210625502604781	0.06662405418455798	0.10841419398265158	0.07141026111603974	0.12929615138616568	0.14154136035779713	0.15339614212432806	0.16977386913369746	0.10810227285319446	0.1570356614744959	0.09325883125390852	0.11381668065837183	0.06635257609249127	0.1396178382624949	0.08365291850708499	0.1026124390452579
46000	-2253.451108975038	-1212.4536694565043	-1040.9974395185338	0.07342103614490461	0.14532008505737495	0.11160254918426356	0.0719128723707356	0.13984842499126782	0.0942822478291933	0.100194724591385	0.17370794806455564	0.16572069771516204	0.14464898285869146	0.1023458464802706	0.07888572863558607	0.094502050578238	0.12484349213920673	0.06587580781287072	0.09032254659952958	0.119398550928088	0.10950921323457519	0.10822713766054677	0.11206120313238532	0.11756714090507679	0.41770556449988144
47000	-2399.949164731557	-1371.9439583999854	-1028.0052063315716	0.11720739918991581	0.11575038649760164	0.11727763853419285	0.09540884405088632	0.16067077323533896	0.12125696524979168	0.0743363723826232	0.05973168861033895	0.11010426685435426	0.08125697961596072	0.12070818031428115	0.1419730365197859	0.08947035118802917	0.10119550273960455	0.17505212001729836	0.114249376894012	0.06253423315938669	0.0910002625417272	0.15309629240585995	0.07617495160886716	0.06095937382913653	0.07825928138421057
48000	-2387.4924725987794	-1356.0951682316008	-1031.3973043671783	0.1107696118775284	0.08217861070875691	0.2017684244585678	0.09740364115146649	0.14398870538090422	0.06299596598240412	0.08239909719407112	0.08860700386797277	0.05760076265226405	0.047269306302107704	0.09358911955135407	0.07715226451265345	0.18091809750070031	0.0677705142037762	0.1130374983090896	0.12029670372702152	0.08962330486224397	0.18748047970394038	0.1697767203683027	0.1170818024058212	0.11979429727682119	0.05996667823538941
49000	-2598.0479557456097	-1582.4827711490693	-1015.5651845965405	0.13345924714237312	0.11688694118667378	0.16846021327316546	0.0815848316735524	0.10073874550656536	0.0665247900728027	0.13664916276737127	0.09270299208610794	0.17171235681561436	0.13693178438684675	0.07804015672417693	0.16325298103134536	0.0769976336019045	0.07185302458676505	0.12545168762376221	0.0887470513217501	0.12855407525592916	0.10483562080458061	0.12084250469693837	0.08282525237472656	0.12577075980334868	0.033866198315407464
50000	-2684.7017985929688	-1661.6833911223778	-1023.0184074705911	0.09064550658178955	0.1173432791192853	0.08684585683457018	0.15918223382198013	0.1261728882204963	0.14471036758150557	0.10642541358353397	0.08613930942644883	0.0694149754222013	0.08822288919632282	0.08075898358586987	0.14767136053839097	0.17178787508507248	0.17644485033064367	0.05943781824273242	0.041043450520972934	0.105368735475367	0.18273319319217524	0.08049046529403506	0.14941218310181253	0.1117358779176218	0.028616737079258863
51000	-2523.938297491377	-1509.799171231117	-1014.1391262602597	0.1133313263873474	0.15044564590602974	0.13977376017021037	0.16857655706161517	0.07668641150592222	0.05884265923954894	0.10079702804793596	0.09084841889722953	0.11711269693597334	0.12336242708155648	0.1168030839748735	0.1524973219224149	0.11096685992496351	0.09426534510019433	0.10705566909110144	0.08367629679632792	0.1289290172201381	0.09947440049622859	0.11661917075051215	0.08513806270228488	0.10705214746345114	0.03415567014455185
52000	-2314.655213467562	-1290.4069112470186	-1024.2483022205436	0.10099349335093194	0.1005690653184193	0.10922005139398284	0.0673904754912863	0.07308135872323146	0.11036202791655668	0.07505233153172619	0.2070445641762605	0.129778616128597	0.10909543134409964	0.09808898778686924	0.08820790624748422	0.10869083454590128	0.06657367772564221	0.09984867405453346	0.10809869263258273	0.11321897483288818	0.07460650630838675	0.048254235238231545	0.12905670322872825	0.10351972999198521	0.0411377500678751
53000	-2387.170692685661	-1358.1055554997654	-1029.0651371858955	0.16473854767388435	0.16732022112290326	0.11634748632172238	0.08082619081078843	0.07087089471830527	0.12344273724234542	0.12491805261536083	0.07876252146562399	0.11188506066886424	0.14624376685325047	0.10156314298547771	0.06776854604475545	0.18810634646448246	0.10611712224636859	0.09044832787229443	0.11557123846752128	0.11037143752266627	0.1375067233744569	0.0857970855071402	0.07195007108855235	0.13221452043079285	0.12330832452715022
54000	-2481.7828340591655	-1451.7677692687962	-1030.0150647903693	0.09097036756001706	0.14573420596778516	0.10968446039401575	0.09020215209862145	0.11899468140952481	0.13193467349867716	0.16278468368593152	0.06726188870767365	0.09491109795620117	0.06945801047248958	0.09002808369015057	0.10331767793537676	0.08099316221062634	0.0876566573794365	0.0889140533597387	0.10212634183725404	0.05692679791303583	0.08712226087428586	0.06968431622201095	0.17593587751983292	0.08822637214817543	0.08600266157992431
55000	-2584.4079007995224	-1564.176631031824	-1020.2312697676984	0.09977009716923498	0.0759983025935534	0.1086712612419843	0.15444879133177902	0.12225060760502715	0.1331173019104157	0.10129788651398366	0.07284627501462668	0.16358947421977016	0.12638213253408623	0.13356965017430705	0.0748014330995734	0.10649006672862696	0.1687559167165214	0.08398282916565304	0.10445638154240143	0.07989457040045486	0.1450691945502412	0.10899369830606476	0.0672919974428768	0.09699003693400876	0.05035809016130294
56000	-2364.563254668491	-1321.9064988216778	-1042.6567558468134	0.13729237300797392	0.1526433239753098	0.061453612519557894	0.11618643561985635	0.10959284429824749	0.06658342873992307	0.0981062475445031	0.12579268903905935	0.08205999264002634	0.08371091088328961	0.11514647416070309	0.06881489726655966	0.061371328970558005	0.12825623803403202	0.09701977378983391	0.06148129335899674	0.0817953547595635	0.15729085821133562	0.09608050699780478	0.12842617542117635	0.09450028859263412	0.2967079771067652
57000	-2568.128730882216	-1523.950631478091	-1044.178099404125	0.07363759139934349	0.11792904239568493	0.08129570971132707	0.0780580523909512	0.07475906959632247	0.10995712810307365	0.1109448918821958	0.13627525413925323	0.09834135734875599	0.10919059442869618	0.11485905157231852	0.08099949341781332	0.12724980039156156	0.13954090454481646	0.11770922875651184	0.06110611611848215	0.10925059887804026	0.20773382849021318	0.13128468333960674	0.10698936993934482	0.07514678646915823	0.3677227650908288
58000	-2668.9470178187103	-1622.9822313910881	-1045.9647864276221	0.1256002006730806	0.12462302113143918	0.1426679512073241	0.14765215553822442	0.11161523473311112	0.13369959684404295	0.07697238924504203	0.1388169155123902	0.0837523770767008	0.07608462268714465	0.1752540306097039	0.13312960929966994	0.07785103881032586	0.11437515434200506	0.07888466689838432	0.08553354566882339	0.08639504690288093	0.09284994618515019	0.10631277670317295	0.08458689357579871	0.10087237182347349	0.37673471612771414
59000	-2664.0410362139955	-1615.898411894211	-1048.1426243197848	0.09286111202736463	0.10691799748610303	0.08560074832106368	0.07395146929519167	0.12900871462871547	0.07451639996292568	0.13955427097172002	0.13396972057851103	0.23432025651771737	0.09050997692816057	0.13063977599568607	0.05456818188715596	0.1289641943370902	0.07740836939967803	0.09420899623343944	0.11740880566598143	0.05926015825532217	0.09922615006975793	0.17728701744490327	0.11486438015415473	0.06862056298661948	0.23952664790883632
60000	-2450.7175249892775	-1423.1635114772625	-1027.554013512015	0.12226452316435632	0.06371726372264402	0.14050672617939955	0.12275136488563049	0.14459107484544706	0.10762015944421932	0.07601071873777296	0.12282331620862644	0.11010683537679372	0.09717225857116311	0.05043599910324635	0.12139542299848868	0.11682004947694752	0.062183589210470895	0.1916941712301172	0.07668851908946575	0.06593302965885192	0.10868502527680811	0.09976953567132628	0.07061624037439583	0.062324471256883146	0.045598309781484096
61000	-2800.0188820659923	-1778.7637031230975	-1021.2551789428949	0.1001948557448487	0.1720957222038726	0.06033072128604824	0.10869793179754844	0.12556276721096848	0.11240590726257148	0.1627980557911133	0.07922888105792657	0.10267244218747484	0.0672812813654417	0.12008202950270969	0.11599184505322527	0.12901908779545038	0.11546836174011567	0.11852507425496701	0.1577410991926454	0.08039408313954108	0.10039821971739052	0.17671781607683057	0.11044292360115643	0.07267922909128803	0.040673402929426755
62000	-2523.407292605656	-1480.5711347672295	-1042.8361578384267	0.12382108530952012	0.06524756521431362	0.057615662595095096	0.0325286389497683	0.106920309360155	0.16505774187407538	0.07960978450105996	0.12196130831249374	0.13431696458653083	0.12640200579102726	0.08280460565811333	0.07640089728487057	0.13010260240401972	0.05653522638125874	0.08289193276411787	0.07973681986566708	0.09715110292282043	0.0716258151239783	0.09069227320711244	0.06587879108376433	0.06974071562939164	0.10324953133012496
63000	-2315.1557541262664	-1281.505862048223	-1033.6498920780436	0.07076177587183373	0.12070765021660347	0.12900616641626692	0.12200602701055983	0.09051934721347264	0.16626686424570591	0.07184070263863962	0.12379534234315845	0.07739181049604453	0.11939624429203567	0.053407602513548556	0.20926429162470744	0.14788005799728268	0.13221622033179145	0.07766996760140907	0.08653028194870295	0.07061007130844657	0.09280474504879467	0.10118998413228229	0.07543912088278022	0.10539420246654668	0.11476013790184056
64000	-2449.2057115876755	-1425.2880223947152	-1023.9176891929602	0.09795555659150408	0.1401428239090229	0.1152352617712113	0.09903670233889088	0.09304846061109115	0.09365779684386706	0.12351737377566625	0.10082599493989203	0.1238178258523303	0.08676845307211606	0.09570586885015832	0.10265298611525142	0.08627506824304189	0.16842979632837013	0.1005333494477485	0.10039295206496303	0.09530584234462613	0.15346613665799533	0.16095364282507402	0.154949449695186	0.0678470119187287	0.09880786454115707
65000	-2305.563326079293	-1275.954820130779	-1029.6085059485138	0.1258792716479957	0.1341140043512787	0.08569883907809553	0.05879022943180841	0.06961460015429191	0.05624197903648311	0.08871345848699043	0.10812830879363403	0.1302864674528027	0.144536510515001	0.13375462372755512	0.12876079461332615	0.11887318991638796	0.1261568979296191	0.13008745131227697	0.08179465283566098	0.1086051649893442	0.10659135301807546	0.0950020409212224	0.07169745039454911	0.10210566651864719	0.08666630760759643
66000	-2637.2817319923415	-1606.4642774581005	-1030.817454534241	0.04487062357250097	0.11526066250589632	0.08148802464721669	0.10174896058246717	0.16858432781692256	0.17081127612997202	0.11783151603340838	0.12574946564484343	0.17223163708844277	0.10048643800490886	0.1076411053415186	0.0729294372360865	0.09632252689181336	0.10001567444751064	0.1001536210900148	0.11913005572887482	0.08186147562329406	0.05417620860949521	0.12358890139812506	0.13638101440445635	0.0948513980758205	0.0886651223801025
67000	-2511.8298696920365	-1489.787584828654	-1022.0422848633824	0.08306716381040713	0.10234654313294253	0.1221379158881066	0.12213809081953789	0.11733497230482733	0.05912610388298122	0.13658580837527456	0.12072636972709178	0.12078654048685647	0.08655214243119078	0.1043469356118915	0.12206624241037299	0.097455829692054	0.0747759433935419	0.06673174419652142	0.09748432961815053	0.08636440890012789	0.07498115551191173	0.12438252002606104	0.1575854343746404	0.1388138387951566	0.06959803542217412
68000	-3005.712109728224	-1990.1357474068916	-1015.5763623213323	0.1984163863202342	0.10880575728043412	0.1428647634899278	0.08972291885502602	0.15081214662568468	0.1743508460549318	0.09697085956747609	0.09982113600995561	0.15045217173018596	0.08334537957505342	0.17284006526657184	0.123444779552665	0.11633605100158903	0.11346135214074606	0.07995915710390426	0.09036828907100088	0.10835211314495449	0.10788330222476293	0.10283895613508627	0.09425463043398988	0.09391976644778384	0.035432030933242924
69000	-2925.947176899167	-1913.7902069101833	-1012.1569699889836	0.15049720892321847	0.13423203618636442	0.10671550402434136	0.057697589820290836	0.14555979212442915	0.08564542852620807	0.14691735929979008	0.1167092952407076	0.11586743664417842	0.08896037166122323	0.09798497372217199	0.10328224151805732	0.15246568590727366	0.146613852054936	0.08048180715967744	0.060125473038848784	0.13771683891163006	0.07739447731256359	0.11971108756096023	0.14119971901896933	0.0870361428344008	0.023279761277786234
70000	-2712.946155375552	-1710.4302081049038	-1002.5159472706482	0.09088384401422975	0.12106607821036562	0.09976647981797059	0.08206396047096025	0.11175063121985286	0.07331722554995974	0.11178585510666843	0.12150617163162739	0.09776400709715859	0.12335752152566916	0.12309270314087332	0.13449966218242912	0.08725565980110006	0.0865415246943819	0.14018192656031023	0.12293080044195019	0.14045477872733272	0.10527636299551368	0.062982234127966	0.09501559181528725	0.11892806621321213	0.015122680625874131
71000	-2699.421663497184	-1674.945666522156	-1024.475996975028	0.11022303236691874	0.04736345210818997	0.08579379313332483	0.07163946857675793	0.2940743202533916	0.09109772147443161	0.08934242754231403	0.1251220339253257	0.12577419120006608	0.08041364290540336	0.13972415598765336	0.0979267432441681	0.048659257973048875	0.14793099311570873	0.11668548499931737	0.06916190153815209	0.1406259837757436	0.04272570876986124	0.11026213332232943	0.10903489614039595	0.1184355559920041	0.01730001323433248
72000	-2244.9111507831667	-1218.4687759457506	-1026.4423748374163	0.054973780525737266	0.09135693923533175	0.09634364800262359	0.15211804351390817	0.14303734885228098	0.09800970910661227	0.1222610300359555	0.10052314406261526	0.14853217409497815	0.14583342603794738	0.17654479399641868	0.06073180168206135	0.15141447128892466	0.07551508667694386	0.09792801904917421	0.05839854699475914	0.09547627882786937	0.16805717919220864	0.05802344647929304	0.09582583508345405	0.11466319213727703	0.05719705256169405
73000	-2556.093604875884	-1539.5739596758467	-1016.5196452000372	0.13087529580316684	0.09268027688955889	0.1264708935401246	0.07994362082795681	0.07820267695946687	0.1288452934914652	0.16018564584321307	0.08773092215777795	0.1314055815611708	0.09096719860495435	0.17640235044703947	0.12952015314095353	0.08961778415903242	0.09265925668338644	0.129587148084973	0.08749661983458706	0.08966637163592785	0.1408418362766228	0.1342210702850127	0.10008241963719362	0.12855949752122575	0.04024677291894434
74000	-2880.248094231933	-1871.327460873635	-1008.9206333582981	0.13862203775243773	0.08000698090015176	0.0906701460312075	0.0871875878640229	0.10718970688960845	0.11661276842012323	0.10029631012429552	0.11611119428432388	0.1255603609226324	0.1746780453712795	0.12827796175815795	0.09391564547681122	0.1534422920812195	0.06540924258900896	0.12133423421055499	0.13699383677091453	0.09621111720243916	0.057144747112392966	0.1458028130882722	0.11295715852289105	0.17163612819471447	0.014125180337928893
75000	-2954.5864625164254	-1943.2036837922321	-1011.3827787241931	0.07678155192617012	0.10786378852669093	0.06681938976807889	0.05308311527607424	0.1130600395650632	0.11295816172108641	0.09427025914927542	0.09605746618313438	0.07971848266010344	0.15988998848427685	0.09853406696509596	0.09927460188470254	0.11832937178478987	0.07840895674369815	0.08149903191195663	0.1377779023061227	0.1129302739707622	0.12218984032361445	0.1285257123333521	0.10838974990029428	0.11244395746923533	0.018262063133304886
76000	-2448.6350775605033	-1427.0775889308613	-1021.5574886296419	0.10780814128229714	0.11270847064484694	0.06735381107167829	0.1357824714153545	0.09010116858358064	0.09441155875011602	0.1983960706416978	0.09316227335444294	0.09273641969375275	0.10456180028929156	0.12140750396928414	0.0891484018492017	0.09310909759153353	0.09483970529861234	0.04373162502671812	0.09657822067542257	0.16077106288505177	0.11178556016663713	0.05721579078516353	0.13853479564072818	0.11113961942517867	0.03386602136777288
77000	-2851.4728044566173	-1836.5504067531797	-1014.9223977034378	0.09930443584942465	0.09350761229496397	0.11391352975454556	0.08200610127415703	0.12239055617359687	0.11151211840251292	0.08917615058596606	0.11406323443130544	0.07770858830682581	0.08082208336626545	0.12042745998228441	0.09635188262773269	0.07206435498532454	0.10536012534483029	0.060672838960157086	0.12951166801824132	0.12345437719706163	0.08387852553618451	0.06258672012584698	0.06580326594680666	0.08909801217181561	0.026859435117148608
78000	-2468.5394213250365	-1443.5018748965592	-1025.0375464284773	0.14830426149080195	0.08976503236221156	0.11492650680585616	0.07588991752404967	0.11157085105159249	0.11458109484566181	0.12566809674546087	0.07865259913336671	0.12663250682489033	0.08944319201438249	0.08595515479689418	0.09585189716424224	0.18249124774766737	0.10949527756147609	0.1498592373442271	0.08615153218766444	0.07568409333096117	0.09065329462543067	0.08973582181087536	0.08765067596000017	0.10983905350975429	0.09712219475307
79000	-2685.667472395435	-1663.6905083169618	-1021.9769640784733	0.10020227783314455	0.06856496629849099	0.10642490174627603	0.07727465899563633	0.09127053693979839	0.03876765944652879	0.08761548943436334	0.07020753325436839	0.11977972773957357	0.0947947703139906	0.07987523113489799	0.051115926014618375	0.08419775120164502	0.11797463267726876	0.07270512873348031	0.08044185065205148	0.17422818356123845	0.11492180541476221	0.0935339865720486	0.15326975051994338	0.15264930179960903	0.032177661239838944
80000	-2617.7998055328276	-1604.2816627841014	-1013.5181427487261	0.09319853250388195	0.10948335709668669	0.1099023218545979	0.07749401946825489	0.08250656842681355	0.10994142104829717	0.11433095544049295	0.090624416098141	0.0666806790934102	0.08518184686433211	0.0946474005277714	0.1034596268044077	0.10006725949395899	0.08873502581324308	0.10661655783271944	0.09400946270512446	0.11404211273532165	0.12317549063447032	0.06947536347160689	0.11779001971693016	0.07621202342083934	0.04406727199585445
81000	-2340.123680308212	-1311.8688878376129	-1028.2547924705989	0.07156478751458048	0.07684845482920157	0.09404668397347236	0.08372047822213273	0.10137136389036135	0.11950064475475382	0.10557137059536786	0.10930684725846662	0.1020209884743964	0.0782786662846252	0.07809565649412825	0.06253557341623019	0.16698121086841217	0.17920819915699526	0.08548779822288448	0.11606454912267028	0.12464078945170802	0.09919655963494518	0.1498242260353492	0.11037265841356404	0.1830355999649691	0.09869727639411097
82000	-2412.710677538335	-1365.3524659979696	-1047.3582115403653	0.12248933315370557	0.10135663014124677	0.06888729108273313	0.061804288760319445	0.09943679201037496	0.10174070583546624	0.1272014204460393	0.13525103108761066	0.04147169582100105	0.11006969637302112	0.09859739123658777	0.16689715841569935	0.07917545430773261	0.14713968344071104	0.17191352311722674	0.09596042662656676	0.08321134257854781	0.13505078839910853	0.12591826504270665	0.12907149010094948	0.16216074345982456	0.4152788426206312
83000	-2299.5033536323363	-1261.3859708816015	-1038.117382750735	0.07389108373409212	0.07892391806380168	0.06292690264655407	0.1275266199085804	0.07446865700655711	0.10431801098879859	0.07292301420219832	0.08241049278343841	0.09810675404501265	0.0789136847775474	0.09371014261972342	0.13266629566493907	0.14186158437987034	0.11308138827147991	0.09808864250526475	0.11735503116014753	0.1021671730607449	0.10091844045127783	0.18250883343588187	0.10773966489982462	0.07664467445292908	0.21279375990509897
84000	-2369.45176295092	-1350.2070575116404	-1019.2447054392798	0.11508561600295585	0.1055418523438242	0.08884855811190111	0.10036525527898982	0.13840463279871343	0.16725121348030994	0.09044524517227125	0.0926651062581781	0.11507800797666234	0.10753757950183676	0.10141085010548956	0.07610084807380188	0.09325775386479718	0.12082371368942844	0.11935019701573686	0.12682527861827542	0.15909979385655856	0.11036448571232825	0.13979823234313182	0.08539018402344015	0.0945480110642421	0.06131840592261751
85000	-2804.8286342558868	-1776.4745996208262	-1028.3540346350605	0.06658477967621347	0.10127423851092958	0.09680530544309696	0.10647174756864558	0.10499560353410789	0.08783925703343647	0.11367843844081109	0.10461564050176102	0.08219141824530884	0.10296388748604739	0.08076755187863911	0.09440795379896558	0.09540611123703562	0.118399689299991	0.1027340702326476	0.1631574767276662	0.08201683661422532	0.11872939363461728	0.09818355619993084	0.08838115306968419	0.09499780458373441	0.10349931160187308
86000	-2595.666275101662	-1560.8985823075081	-1034.7676927941538	0.08655891672197029	0.11035204510032558	0.08225938521950572	0.17645608319980635	0.08216788824058602	0.10993776376477983	0.07867332102472718	0.15141004244968956	0.08881319413263306	0.08643168519143456	0.11127057585639136	0.1075266343933381	0.10993129183098362	0.06479344719902114	0.08692605476919475	0.1362004611258847	0.08884766851220705	0.15150999271647242	0.15828800671250648	0.11499275439699418	0.09053348106361449	0.13880347504673743
87000	-2625.314883006209	-1585.3477681147776	-1039.9671148914313	0.1296602047570401	0.12132554095912952	0.09179171457509319	0.14221948207612228	0.11273773841638002	0.055566760929834334	0.10707212430023696	0.08321812936280051	0.10662935822404784	0.0727878238100961	0.059474522880919714	0.08946278995281226	0.0779200000465642	0.09817868000353089	0.12637483788007964	0.12984003418445178	0.1345912787890307	0.10585558744472905	0.0845480651724793	0.09249642735068704	0.08425070684779311	0.21484856240775901
88000	-2602.966866786779	-1563.8550186876334	-1039.1118480991456	0.0902735567387238	0.1899264970436185	0.12464722878885036	0.1402676258723631	0.1324293954537393	0.10713260343041478	0.04540550549186091	0.13790362715100965	0.04708414559579708	0.15299014801379257	0.07564800699957004	0.08006096271713777	0.09772048041033948	0.13029687363020268	0.05124268043578084	0.10095920876900669	0.18361926845231422	0.10987257242284662	0.12508498733428927	0.09238041646109198	0.09523639289709736	0.09375581558664328
89000	-2570.5515917854755	-1541.637905585903	-1028.9136861995726	0.13615395259689872	0.10253792041977519	0.13374439334084945	0.18280101289379766	0.13807041734707023	0.10545751306183744	0.0827198234067213	0.1071878561676987	0.10200638297208976	0.06887916624339269	0.07308742816329339	0.06850278321834331	0.1230147008149604	0.09525704599514523	0.1719051733438911	0.10952998675252558	0.1302337082241594	0.14438432485161837	0.10359411490418532	0.054962107272809	0.12883963129888884	0.06665789610941365
90000	-2789.7543244058616	-1759.8873506258346	-1029.866973780027	0.08114279546771373	0.10615153151709597	0.060650712662265384	0.19660487316674352	0.10609703616297224	0.1314231303119746	0.11544648817858487	0.21816368925465623	0.1566982953985518	0.1331157811734609	0.1781693693394337	0.13701391956191947	0.13668947975629042	0.18649549171604105	0.06238524661702073	0.1399741135095278	0.06975066413973434	0.0955129306362023	0.1332021021137464	0.13505338560697816	0.09888548997801573	0.05193587581189536
91000	-2416.191059618648	-1373.2921216206175	-1042.8989379980305	0.09770638281101625	0.10164889756817745	0.07207236181953493	0.12466776702867394	0.06184590433434814	0.10261553430115875	0.09641638509898477	0.13197011016499646	0.07334383498706036	0.1159480273840545	0.04710689098461923	0.10384376288257159	0.13675650908819223	0.08136730031095485	0.06058726165390474	0.15401552760968887	0.07119632604980289	0.07912238632520169	0.09601692387151796	0.08359409548771382	0.06664216808844589	0.15451833279407176
92000	-2989.3902422573415	-1959.9611136210956	-1029.4291286362459	0.1185817340457279	0.09245998911899303	0.11596829515130082	0.1115373380944993	0.06813776433909834	0.11721090573786536	0.10825038921247575	0.05520264353113938	0.05845100847219753	0.13440289629561755	0.09945387280086766	0.1117501182547583	0.1115459045504827	0.09799960428306864	0.09922842204774977	0.10136252358852614	0.07488266901960952	0.05171671395527565	0.09578988006364574	0.13313048778093048	0.162405062359906	0.07093531222448443
93000	-2376.2508349830246	-1342.8836230589218	-1033.3672119241028	0.12074962377620013	0.1121559552266526	0.11985564625371532	0.09353320120374964	0.07334989633480103	0.14478944817111847	0.13249007467607654	0.05359012616316327	0.1325605363267712	0.08727141108248491	0.09908254397164408	0.07720936779444577	0.0637944292511704	0.11787685433462801	0.08226474124908685	0.12181012394098258	0.13866071093357546	0.15186293510455598	0.11041982191620443	0.09187926262565757	0.10585954536628919	0.15318656553622087
94000	-2543.3237552068877	-1497.1186434969923	-1046.2051117098956	0.11287735910683779	0.05803893951248009	0.12209495932372715	0.10474102763024164	0.07808106419683186	0.1364494823478421	0.06435447560124259	0.1433811340618329	0.06870920784791631	0.06639750919917882	0.0958529727980594	0.10600596954939653	0.08460447557726376	0.09212577004516785	0.12237146487749871	0.07451012630447612	0.06598099317992015	0.14490360252749185	0.08551466145653717	0.07543427503928428	0.08042028422796639	0.32351852142323134
95000	-2749.28664891778	-1727.7445209032012	-1021.5421280145789	0.06762023711935972	0.09718054716793911	0.08367302605226307	0.13063357850224444	0.1086613956624843	0.11773914832683022	0.08334116268255484	0.12648805273197128	0.14421499341411353	0.06319612802521406	0.12081507436111874	0.08939275421952884	0.18190091026996053	0.07831618511156567	0.1267455609173309	0.07798875633974571	0.1473689096962363	0.12467866393861209	0.09265415978250968	0.1007653339483863	0.14576339358938817	0.06103483606922919
96000	-2398.4909014918626	-1376.6546206998394	-1021.8362807920232	0.1132468147247993	0.11179493753540558	0.12780246123486005	0.06812689158757146	0.081014509985902	0.09054787942426222	0.09974170320032924	0.1227412027709815	0.150985763969894	0.11985768072148872	0.07696331675154565	0.09509732080454254	0.08602537153006072	0.09330188420384265	0.08150964170871783	0.10567482400218897	0.16768050603871532	0.055819082825232964	0.10615970287337868	0.11793406372218238	0.14806750076388372	0.06235789434139433
97000	-2339.227829725529	-1306.6065441045325	-1032.621285620996	0.15408463914881174	0.0860427740728991	0.12117798857093044	0.13334086031862172	0.1320624224025303	0.12963710515897894	0.08930185198447457	0.10070458723746041	0.08433826776561598	0.07182852161663661	0.14444804476703352	0.09059502767751995	0.16516571183211054	0.09239152289325159	0.15537461981081205	0.08871652565486886	0.1422334158778483	0.09420585096916245	0.14122262624207668	0.09621525517219721	0.10819442900441538	0.13582125712735374
98000	-2677.9538091711865	-1646.5427748323527	-1031.411034338834	0.1457773999057446	0.0764696087461283	0.14968394146989977	0.06318185190685834	0.1067870282832494	0.10434075063043233	0.0739767059089162	0.09784525503471889	0.12114876394726709	0.10503515136672169	0.0950065099080472	0.09751354131436121	0.05890579664430831	0.10414430758895188	0.06277565690096333	0.12888549646534542	0.10337079870586849	0.12778824785752899	0.12638144711730523	0.07220952090448322	0.11568681451713461	0.10364534130684473
99000	-2634.3578089126872	-1597.8196333952633	-1036.538175517424	0.08576806184202965	0.12350673033221948	0.09798632440013498	0.09196649586096065	0.09312456837755022	0.15943991607966038	0.08583048026837445	0.07125427795161274	0.11926215454621247	0.12585650676027155	0.11520102596974159	0.12319363535102544	0.09094047642820369	0.1651612499175876	0.12565445244674756	0.10184116142626211	0.08619832107018607	0.16566541438716892	0.15270215752651237	0.11419625578103854	0.12815971452819414	0.20942116378787498
100000	-2953.4974635719036	-1919.5197554877159	-1033.9777080841875	0.07942097770057252	0.1412066886113159	0.14433444870403822	0.05367809293601019	0.10163254304338291	0.09213399353362355	0.10775695183561888	0.07142412086038366	0.12903268594221873	0.1199235439541857	0.038958293779724665	0.11083986407513007	0.10829049845963994	0.13343102581113214	0.09347876942897981	0.10014265847797046	0.12145533773433807	0.06587836837559612	0.09732100046558256	0.10412628558674555	0.16966557800241566	0.08884886037391254
