#
#model:
#
#<?xml version="1.0" encoding="UTF-8" standalone="no"?><input id="posterior" spec="beast.core.util.CompoundDistribution">
#    <distribution id="prior" spec="beast.core.util.CompoundDistribution">
#        <prior id="lambdaPrior.Ai" name="distribution">
#            <parameter id="lambda" lower="0.0" name="x" spec="beast.core.parameter.RealParameter">10.0</parameter>
#            <Gamma id="Gamma.0" name="distr">
#                <parameter estimate="false" id="RealParameter.1" name="alpha" spec="beast.core.parameter.RealParameter">2.0</parameter>
#                <parameter estimate="false" id="RealParameter.2" name="beta" spec="beast.core.parameter.RealParameter">200.0</parameter>
#            </Gamma>
#        </prior>
#        <distribution id="snapprior.Ai" lambda="@lambda" spec="snap.likelihood.SnAPPrior">
#            <parameter estimate="false" id="alpha" lower="0.0" name="alpha" spec="beast.core.parameter.RealParameter">11.75</parameter>
#            <parameter estimate="false" id="beta" lower="0.0" name="beta" spec="beast.core.parameter.RealParameter">109.73</parameter>
#            <parameter estimate="false" id="kappa" lower="0.0" name="kappa" spec="beast.core.parameter.RealParameter">1.0</parameter>
#            <parameter id="coalescenceRate" name="coalescenceRate" spec="beast.core.parameter.RealParameter">10.0</parameter>
#            <tree clusterType="upgma" id="Tree.Ai" nodetype="snap.NodeData" spec="beast.util.ClusterTree">
#                <taxa dataType="integerdata" id="snap.Ai" spec="snap.Data">
#                    <taxonset id="SthBarrington" spec="beast.evolution.alignment.TaxonSet">
#                        <taxon id="SthBarrington_BT10a1" spec="beast.evolution.alignment.Taxon"/>
#                        <taxon id="SthBarrington_BT8a1" spec="beast.evolution.alignment.Taxon"/>
#                        <taxon id="SthBarrington_BT9c1" spec="beast.evolution.alignment.Taxon"/>
#                    </taxonset>
#                    <taxonset id="MtWilson" spec="beast.evolution.alignment.TaxonSet">
#                        <taxon id="MtWilson_MW12bm" spec="beast.evolution.alignment.Taxon"/>
#                        <taxon id="MtWilson_MW5bm" spec="beast.evolution.alignment.Taxon"/>
#                    </taxonset>
#                    <taxonset id="Termeil" spec="beast.evolution.alignment.TaxonSet">
#                        <taxon id="Termeil_Te3bf" spec="beast.evolution.alignment.Taxon"/>
#                        <taxon id="Termeil_Te3c1" spec="beast.evolution.alignment.Taxon"/>
#                    </taxonset>
#                    <taxonset id="Broadwater" spec="beast.evolution.alignment.TaxonSet">
#                        <taxon id="Broadwater_BW10af" spec="beast.evolution.alignment.Taxon"/>
#                        <taxon id="Broadwater_BW19cf" spec="beast.evolution.alignment.Taxon"/>
#                        <taxon id="Broadwater_BW31am" spec="beast.evolution.alignment.Taxon"/>
#                    </taxonset>
#                    <taxonset id="Kerewong" spec="beast.evolution.alignment.TaxonSet">
#                        <taxon id="Kerewong_Ke18dm" spec="beast.evolution.alignment.Taxon"/>
#                        <taxon id="Kerewong_Ke21b1" spec="beast.evolution.alignment.Taxon"/>
#                    </taxonset>
#                    <taxonset id="Dampier" spec="beast.evolution.alignment.TaxonSet">
#                        <taxon id="Dampier_Da11a2" spec="beast.evolution.alignment.Taxon"/>
#                        <taxon id="Dampier_Da19a1" spec="beast.evolution.alignment.Taxon"/>
#                    </taxonset>
#                    <taxonset id="MaresForest" spec="beast.evolution.alignment.TaxonSet">
#                        <taxon id="MaresForest_MF13a1" spec="beast.evolution.alignment.Taxon"/>
#                        <taxon id="MaresForest_MF17am" spec="beast.evolution.alignment.Taxon"/>
#                    </taxonset>
#                    <taxonset id="Olney" spec="beast.evolution.alignment.TaxonSet">
#                        <taxon id="Olney_Ol20bm" spec="beast.evolution.alignment.Taxon"/>
#                        <taxon id="Olney_Ol4bm" spec="beast.evolution.alignment.Taxon"/>
#                    </taxonset>
#                    <taxonset id="NthBarrington" spec="beast.evolution.alignment.TaxonSet">
#                        <taxon id="NthBarrington_BT4a2" spec="beast.evolution.alignment.Taxon"/>
#                        <taxon id="NthBarrington_BT6a1" spec="beast.evolution.alignment.Taxon"/>
#                    </taxonset>
#                    <taxonset id="Cumberland" spec="beast.evolution.alignment.TaxonSet">
#                        <taxon id="Cumberland_Cu12a1" spec="beast.evolution.alignment.Taxon"/>
#                        <taxon id="Cumberland_Cu6a1" spec="beast.evolution.alignment.Taxon"/>
#                    </taxonset>
#                    <taxonset id="Dorrigo" spec="beast.evolution.alignment.TaxonSet">
#                        <taxon id="Dorrigo_Do2c2" spec="beast.evolution.alignment.Taxon"/>
#                        <taxon id="Dorrigo_Do5bm" spec="beast.evolution.alignment.Taxon"/>
#                    </taxonset>
#                </taxa>
#                <parameter id="RealParameter.0" lower="0.0" name="clock.rate" spec="beast.core.parameter.RealParameter" upper="0.0">1.0</parameter>
#            </tree>
#        </distribution>
#    </distribution>
#    <distribution id="likelihood" spec="beast.core.util.CompoundDistribution">
#        <distribution data="@snap.Ai" id="treeLikelihood.Ai" pattern="coalescenceRate" spec="snap.likelihood.SnAPTreeLikelihood" tree="@Tree.Ai">
#            <siteModel id="MutationSiteModel.Ai" spec="beast.evolution.sitemodel.SiteModel">
#                <parameter estimate="false" id="mutationRate" name="mutationRate" spec="beast.core.parameter.RealParameter">1.0</parameter>
#                <parameter estimate="false" id="shape" name="shape" spec="beast.core.parameter.RealParameter">2.0</parameter>
#                <parameter estimate="false" id="proportionInvariant" name="proportionInvariant" spec="beast.core.parameter.RealParameter">0.0</parameter>
#                <substModel coalescenceRate="@coalescenceRate" id="MutationModel" spec="snap.likelihood.SnapSubstitutionModel">
#                    <parameter estimate="false" id="u" lower="0.0" name="mutationRateU" spec="beast.core.parameter.RealParameter">1.7346278317152102</parameter>
#                    <parameter id="v" lower="0.0" name="mutationRateV" spec="beast.core.parameter.RealParameter">0.7024901703800787</parameter>
#                </substModel>
#            </siteModel>
#        </distribution>
#    </distribution>
#</input>
#
Sample	posterior	likelihood	prior	theta0	theta1	theta2	theta3	theta4	theta5	theta6	theta7	theta8	theta9	theta10	theta11	theta12	theta13	theta14	theta15	theta16	theta17	theta18	theta19	theta20	TreeHeightLogger
0	-2038.2044091641635	-990.2667605056258	-1047.9376486585377	0.0629037133607837	0.09064141895410738	0.07524705422241092	0.054952136086922204	0.0923725911101057	0.1090580573919633	0.09061013795000893	0.07799275024758641	0.08557156653425839	0.0940074195193802	0.09072200334032335	0.11758831895032842	0.0535784524209109	0.05940052137248607	0.07651886996558833	0.10355048469372337	0.06859848196642968	0.07008721132816385	0.0452344378259728	0.08541390282467162	0.06454696810052123	0.2594115344690049
1000	-2056.915571059499	-1018.843586307297	-1038.0719847522023	0.10934783620220627	0.11032932001836608	0.15233974252153645	0.06868667669520168	0.07727038735489394	0.17917242565246158	0.12311525906125252	0.09036959313108672	0.09030875681821657	0.14672712264541074	0.077993122005275	0.0751510274161537	0.12445466365973593	0.0938679808545297	0.07107860226729512	0.12147485997433141	0.100864463339732	0.13266405903635653	0.0924944154834753	0.1353008864780473	0.11130001543122571	0.4787831149264593
2000	-2058.6711298052614	-1016.9733045329258	-1041.6978252723359	0.16274353613691164	0.07437706290622674	0.0884093829760587	0.09002589789924943	0.08329954257975365	0.10988279113273826	0.0706011594184947	0.12289498990184296	0.08209359993983473	0.11285169453130275	0.03391960714709261	0.07674861785419243	0.07488453966812196	0.08442662936846222	0.104041165372977	0.1631608839126632	0.11015522726469959	0.08811787360138623	0.11453564542526568	0.07992536956002103	0.12560008153658755	0.34156698028022714
3000	-2071.628757620504	-1026.4118286196683	-1045.2169290008358	0.08980402967362908	0.1117056728051241	0.05605317102021575	0.11104328177476916	0.053472004941854154	0.10595149203927244	0.10131759633645918	0.1106811497756761	0.07617470000154182	0.11046805815360748	0.18545631265368814	0.08459202919305459	0.06887146540929269	0.06845316074821653	0.04898737872464817	0.1407003974656468	0.1004486467479498	0.1638078795242575	0.08743123373026136	0.1110862048502053	0.10464349757971221	0.36936276639209614
4000	-2073.047974577187	-1016.1072281471737	-1056.9407464300132	0.07442641858462382	0.16829715710193704	0.1484086236548201	0.056149335510896	0.10957880196481	0.07595070968695047	0.1297965536025373	0.06674282170925303	0.0456918889906858	0.08662020570301905	0.04399809049775405	0.05315250449408292	0.10501726789987766	0.08872976653703706	0.13739037821818334	0.10134593419988637	0.08113984357292983	0.09805369906660108	0.08917510883497956	0.04037879005097692	0.09929955742268631	0.41596907475069744
5000	-2074.4491916627094	-1036.1188443667352	-1038.3303472959742	0.080431127374024	0.13456796252852532	0.1441197834753071	0.1857587577021917	0.10703189528800774	0.15981294922983225	0.12315208749242904	0.11921125887907741	0.10546307351233009	0.13444228003788922	0.15545130423793094	0.10146478708091153	0.1407911437664959	0.07540463288392263	0.11269663818235301	0.07938846097449426	0.15486666615045222	0.103604020809835	0.16046900451906365	0.0689570181585048	0.16859658189654173	0.4269660060040392
6000	-2051.4519111362156	-1009.6139428671354	-1041.8379682690802	0.16961490819317904	0.09266913021549353	0.0892857588747155	0.09503156601455862	0.08639380271387102	0.05668706499339587	0.09544112828509074	0.07739528002213139	0.08294843978824012	0.11849834451363271	0.09130629935240275	0.1376779521033218	0.0656376710303271	0.06246894526629868	0.07423063943135838	0.13208107663391438	0.09723361500247957	0.07384749882724405	0.09931735278052739	0.09206643354506497	0.10042886833009611	0.3769142877418288
7000	-2054.9600902961884	-1013.6094798404862	-1041.350610455702	0.12954389159823243	0.09001336212649282	0.07331373853541788	0.10722280418949094	0.0736799043385481	0.07520158701958957	0.10650806809493693	0.09362855945547102	0.10815857035409393	0.11417218347676125	0.18104130320555187	0.14076865254522988	0.10395543662921695	0.045829106344501415	0.1714729452344802	0.10425506116550946	0.12718593316978738	0.1392273064782099	0.13310737715593562	0.08439122237977484	0.14346086804644875	0.5735657645090924
8000	-2043.6530159338818	-992.8534177616447	-1050.799598172237	0.06520153539551106	0.10835010161257687	0.12999915298765666	0.12068756773757182	0.06628206144645979	0.15530563404657938	0.08354507688693157	0.14017417045328	0.07634047318137314	0.0763289630035304	0.12460718017749674	0.15607394688302545	0.1458688348975315	0.04806258151923933	0.13915894000990192	0.06734589138270065	0.07030926457559492	0.07784046762304062	0.11326762667626923	0.05698457332597077	0.1246137868444567	0.7546656842504124
9000	-2055.3163830537897	-1018.6121698841545	-1036.7042131696353	0.08381680632758712	0.07578714525625314	0.09014138576986923	0.08833286529863095	0.13307546203636128	0.09108490850148306	0.07103648566149286	0.14385333367703468	0.14548566949272748	0.10323929446503452	0.14991142466718013	0.07412237342837455	0.10968237712875838	0.10250405965129814	0.10359001293414688	0.06523139176410273	0.14231769861914584	0.0962519596554149	0.10477222339339662	0.06768096920646828	0.13390603772782428	0.43073759033238235
10000	-2049.7672979974573	-1006.1006312732096	-1043.6666667242478	0.06501111870456572	0.13544819662160115	0.09231755144579169	0.1346279188532961	0.10106545320644067	0.09749002221079121	0.12619177005063906	0.0992498145031576	0.14080116661743639	0.1194849506199464	0.07868120804060708	0.12889511396196346	0.08680469913243305	0.03208859696386861	0.10389635140492315	0.04738578783662984	0.08635977882833205	0.13483237451603441	0.07015987836267963	0.10049873122004194	0.074260838508712	0.3833258362375346
11000	-2071.2781822770985	-1038.8047974258268	-1032.473384851272	0.10102981998280317	0.10696111118321275	0.0881334055786143	0.11671255159054322	0.10187358681241004	0.10091241076367997	0.14524151116085807	0.09375281236246895	0.14242205902193958	0.10487416784148226	0.07472435772597101	0.0960593134382381	0.1149075089174544	0.07463152981300641	0.11128814538729002	0.09334359425458118	0.09533334499122825	0.12159235718995846	0.16335872541418286	0.13728363228350796	0.06441828688231681	0.29373055695902195
12000	-2089.599770604807	-1053.2008177520215	-1036.3989528527854	0.07875254460791503	0.07154770218980136	0.1255665531922952	0.08542045678650288	0.16891389503313584	0.10523738142202124	0.10214969759615236	0.19983166125222526	0.058169129271050696	0.10018915364826489	0.08458101402658122	0.08424374995997459	0.0970113380658034	0.05855323114912508	0.1373188651607865	0.07842429306654071	0.07711070819920024	0.06566213090073934	0.10793150987629417	0.1609182007446492	0.14025966250804997	0.17788208588174428
13000	-2061.9524317626183	-1020.755785269091	-1041.1966464935272	0.044674889019638356	0.16508452607944304	0.12175157059407538	0.08748398289331526	0.10321561850319015	0.1340719877684048	0.08717575437582284	0.12533843910142276	0.15879132950227456	0.10336884345669071	0.051442432108504556	0.08297448715785315	0.08811797598795665	0.06129027219867007	0.09795305729436525	0.11076866610861553	0.10311339169504428	0.13230289489858688	0.10165336396912233	0.06936398756055515	0.07099275380555711	0.2398945825665929
14000	-2060.2653748009307	-1022.9475921942443	-1037.3177826066863	0.07186222385780852	0.11221633185436711	0.08732044423300592	0.09025248056005647	0.10245780808666864	0.17788725887310314	0.08553290789059649	0.12250912861728483	0.048593131085184926	0.11583526278003273	0.13523180677794747	0.1268216299172129	0.15805735103975377	0.0704816937491591	0.0734751950834764	0.15337859501534384	0.07367296378621893	0.08829472985977435	0.13130497662549603	0.11579143255810005	0.1595040973961643	0.25749035017292365
15000	-2060.3747821052802	-1023.5002908552466	-1036.8744912500335	0.07236846768920793	0.09199852449233088	0.108925537967876	0.10269263132932147	0.09571225177164111	0.16123434308605233	0.1243359181610585	0.18455392914645832	0.11407051788582842	0.067699654227828	0.08430996432288836	0.08351406244190979	0.10680053791692112	0.06020923708826428	0.09241949348508323	0.10858635700772828	0.10925236382169759	0.0891639834298701	0.12769081583158678	0.09801580166774077	0.13169649210243772	0.2624068616504218
16000	-2072.166705273973	-1032.848399057343	-1039.31830621663	0.09066091547600118	0.10167456839169332	0.19916736500492177	0.06745061636565353	0.09820932321580048	0.07398330147067322	0.09887976500655019	0.18253798570501198	0.08385187599766881	0.07561634237913605	0.12099977835763814	0.07385621527147362	0.08846774398620752	0.05159909308539277	0.1125248571305429	0.08499659924409561	0.1056314942123597	0.1331714223358302	0.0871619044579502	0.09570902989025844	0.06717012950538029	0.25328108939343286
17000	-2071.8359138113065	-1030.200202888616	-1041.6357109226901	0.10958201407820072	0.07079360203360702	0.09598941660962142	0.05281629266600507	0.1324640915798342	0.14458839194055811	0.11654994987432467	0.07081295821675283	0.10454322045584767	0.09434676136585528	0.09938840311820929	0.1412387389496464	0.09755943056718679	0.08816648544076956	0.07896638597352935	0.1466671511241879	0.08113296330989267	0.09485253979438418	0.06652601954104732	0.06483425010807624	0.0725236631746216	0.3969052338760615
18000	-2065.8542008777904	-1026.6040071466823	-1039.250193731108	0.10484630210818127	0.1090235345315742	0.0868590266019236	0.10810699674561233	0.1748759631929492	0.07991268573100949	0.15706083773103738	0.13013907613231784	0.08266416150661175	0.09604987334878293	0.051720065637554644	0.11537332263001251	0.06400073884746542	0.12944760608756675	0.09837041412554456	0.11468848122269605	0.11200624956826792	0.1682690163827154	0.13056480513303592	0.14897650661245193	0.08548535451354529	0.3895336541678434
19000	-2043.6544332494486	-1003.301096522017	-1040.3533367274317	0.09071095604442303	0.07701226587771315	0.08728446258530155	0.06667728284208672	0.11693321862697734	0.08455368922364326	0.07507872474314693	0.12441379271509195	0.12328357853573943	0.10395469173769488	0.08440845374769061	0.08318138687521563	0.04883091974850497	0.08465844570891601	0.06899833259648186	0.08942351601884062	0.0763665131759068	0.1227501636310935	0.11765917651715106	0.12546387091426525	0.11269802804268786	0.4155892094551325
20000	-2074.0376798507855	-1033.4525826854374	-1040.585097165348	0.0939729446632247	0.09315929712184522	0.15465443121179445	0.06821785294157104	0.048842624706343894	0.12277441808160096	0.03866337724633083	0.10069245029166732	0.06524534528308777	0.07294221108475812	0.07342489986538156	0.10093701793628919	0.09209840279448048	0.09532576522600675	0.07927128035221279	0.11699427139326965	0.06231373050939657	0.1266389922858306	0.12373590722752716	0.10358234137913569	0.13973300278256068	0.20276516394674826
21000	-2071.1858933135836	-1029.4913457625635	-1041.6945475510204	0.11763228860744655	0.06963855299235328	0.0688691895444289	0.16798891411404487	0.05461480843840191	0.14170244102206384	0.13356813102897236	0.16322715360674375	0.09770951068518036	0.10502478869016546	0.09537976596803291	0.12306489982807324	0.0815712764885248	0.10601765507480876	0.15256272009949554	0.06784688771091989	0.05445097078086829	0.1351033727960867	0.11039929918515658	0.0552164461071886	0.119653159588787	0.3419871321915081
22000	-2074.98431810501	-1044.718101272159	-1030.266216832851	0.10109848327563487	0.07137033642347661	0.137995106720377	0.10539468502064873	0.114735997701441	0.14537387511409558	0.1239015348632564	0.10940107432190758	0.12614274535465533	0.13492505512074793	0.11719212139425259	0.1271479949108209	0.08786096816129325	0.09526320564957387	0.07572664139568354	0.08167586845561742	0.05216497729801747	0.11494233679278922	0.0702092373509877	0.14296788042145386	0.09012445226336689	0.20091191273538447
23000	-2062.0891065119804	-1026.6708816257003	-1035.41822488628	0.07017134397586623	0.10148502345251383	0.12980156236680832	0.09584757669334125	0.09019612780863447	0.12314326319284116	0.10176091471316068	0.11716375312581925	0.09990336328208445	0.10226766343948258	0.07063540838343046	0.11879270435806158	0.05783159158288991	0.08345774953330844	0.07967178767074495	0.05882557814250291	0.09446970585541983	0.13276873305935372	0.08737623319938452	0.10071649262112795	0.11386633477562311	0.29632613995975826
24000	-2049.527620322352	-1014.4212101620826	-1035.1064101602694	0.09590387393547507	0.13004883695902536	0.09586349052607475	0.06262742317107808	0.1302097559593577	0.12384895908857142	0.06629547730855531	0.11505258368199692	0.10607766658258551	0.13677835153895487	0.08283072279242498	0.10064350018615413	0.10003149408035439	0.0618338013847231	0.09452008764997823	0.10777068084290965	0.08787665862524364	0.061170582039851325	0.059086756229680126	0.09168348039697684	0.09725201822572918	0.2166958106070226
25000	-2053.319682173897	-1007.8981559193181	-1045.4215262545788	0.08747506924773224	0.08171495502871617	0.042624013507560336	0.049922145319052806	0.0770137168880851	0.07237214489953116	0.0887921866068534	0.07870455371545124	0.06175166932644095	0.07220906844050624	0.11165326962555606	0.0973495689507635	0.14518279173825124	0.05988041120578532	0.1183025678089572	0.15616698336591048	0.06940637381962668	0.12524878703259035	0.08786407979091672	0.16537726635658703	0.10810722982822102	0.2723286890792598
26000	-2052.4737964018914	-1010.9242519310133	-1041.5495444708781	0.12634154502431588	0.09917625874088368	0.0959372876444245	0.07500463321269842	0.107246477584582	0.12894244348604686	0.09083952557922043	0.06545005045039881	0.09068229109371036	0.10080502384136343	0.07804924993540834	0.06578266221408968	0.11262190566527462	0.11199162970931122	0.04791640528990917	0.13425142062106082	0.08388297956721756	0.08326398960151679	0.19645752772624167	0.10025937507310745	0.15213715598684716	0.36690963138459115
27000	-2070.535738264476	-1032.206619645723	-1038.3291186187528	0.08650697455673935	0.07988660950877026	0.06811138337612838	0.07300089782181825	0.0619088309901179	0.10801215725669325	0.13527241054404776	0.12168296526063352	0.07777280980308554	0.09526140707545709	0.14986739030322607	0.08579503597029771	0.13806191945931973	0.06531722371670096	0.1230216963811108	0.09952724458216332	0.09020159591179522	0.1434031108382735	0.11398578902043838	0.11915403075981063	0.055464118359847395	0.24460766480464463
28000	-2087.2633980960836	-1048.7569785502974	-1038.5064195457862	0.06600695335460127	0.116814998111872	0.0978964494462825	0.1252088552239895	0.0709107053928086	0.11044409491307447	0.10289152486602963	0.08285431712164358	0.08153130031106451	0.09636667066232779	0.06698950685498402	0.1006324120224149	0.07360740361416827	0.11847495643294108	0.20950540071479787	0.10523527806218894	0.10296795151510137	0.09751023922762003	0.11630989501712008	0.09544193711376601	0.07311359495060149	0.3501133476182517
29000	-2062.028410110046	-1026.3166091211492	-1035.7118009888968	0.11704461719839923	0.08489939500398365	0.11022300075187139	0.06702621537987138	0.10562350907506746	0.09378188021383027	0.0639576617787944	0.12250065431816601	0.07506161685551205	0.08577805876587968	0.1454065501008574	0.1360592228816751	0.11052900288692909	0.0928471957090033	0.13834884228642316	0.07438711727271387	0.10805127112519	0.1802795808396616	0.07495279369175384	0.07493956547307835	0.1099152706841399	0.2918276984495426
30000	-2063.991817871338	-1025.515838297712	-1038.4759795736259	0.09318888453321117	0.10028523625577067	0.08170393550413142	0.07537749839039418	0.09473492405531975	0.0825526047643438	0.09783651849582968	0.09918586980452834	0.05596638858899989	0.1258128649091865	0.07508390716407273	0.09813960308113999	0.06747865740947051	0.10839763600095552	0.11705037252856801	0.13433080394397218	0.05054304500942102	0.12307439101397531	0.09196839588945822	0.11725101956988913	0.1073506816313983	0.3617497049680513
31000	-2058.0893895911504	-1016.6232442687159	-1041.4661453224346	0.08396494502675761	0.1596902010477236	0.10560971414909143	0.056272728406543446	0.0827135888437113	0.1575370197456265	0.07950633964824473	0.14063400736974702	0.14516463353054804	0.10271603531194752	0.08876288224965748	0.06736636827170629	0.09147205477586601	0.06589331740954028	0.18842687944504274	0.08708314806492191	0.07139480191176142	0.07778375560358869	0.06637892914264393	0.13235115326700103	0.12637054815080387	0.2837708832271916
32000	-2057.3043840775126	-1019.0598048257729	-1038.2445792517399	0.12256550678045065	0.08677785089927496	0.06436847160710876	0.11193855458350738	0.1299861455887753	0.08035357180579372	0.11152631506136308	0.1430080900101302	0.17355273744228714	0.10996788046741018	0.08074984472834797	0.0581108170621279	0.13362706100648508	0.0664745620971252	0.10846819342284268	0.09680830284203239	0.05522335991124334	0.08095441093903252	0.08214515995668194	0.07038416867414303	0.10526510596615497	0.2634773637440043
33000	-2057.2660196989955	-1020.421887578198	-1036.8441321207972	0.07985962549969194	0.1634734076102785	0.11527992360454538	0.09245820430310002	0.11022844981874495	0.13610722361736943	0.15919114808815552	0.08926109206403159	0.10440964406534481	0.1242248537825137	0.08572382025005354	0.12221173335885947	0.13403624877864648	0.08108983442274188	0.1692907822376236	0.07871812643447025	0.09767258591005475	0.06486686404112095	0.1266088934398285	0.1374789608246167	0.0725748992304615	0.4045895304350089
34000	-2060.741860865138	-1012.4853236271526	-1048.2565372379854	0.09593668097487869	0.10286023212194967	0.12416642455123754	0.039124125572769106	0.09726473925384499	0.13867675810855848	0.11508293127400678	0.06979775221532074	0.15005453780945924	0.10494023488564667	0.11903837882693276	0.06725463430322742	0.05360207621163457	0.09054600442687473	0.08190679858045086	0.21897806224573504	0.07877157778491135	0.06983722463198312	0.10942943587075012	0.07947925652927378	0.10282486075098285	0.48710099718532346
35000	-2061.45903738123	-1022.0510453700138	-1039.407992011216	0.08645121863011712	0.13148272504529324	0.07818113705983366	0.13484941326116892	0.10976659107717855	0.08436800206706901	0.14141262351794356	0.1541465108529718	0.06206060971262917	0.08180904901135312	0.09528913262062667	0.12623099023258025	0.056394255098963945	0.09269765125197243	0.08181700570125916	0.0810158760108724	0.10095348825922758	0.0647803817381477	0.0664311709073031	0.14436033599158396	0.10868757122136295	0.26104535525846967
36000	-2054.8714678183565	-1009.1990151917506	-1045.6724526266057	0.1533532448840846	0.1340225815838586	0.10603888765991017	0.09660313032797785	0.07854760384004839	0.13347222100443	0.11560861339932241	0.11071561770069563	0.14406670364927252	0.06461363894211483	0.05348418052332635	0.13408895445522315	0.11707720227998364	0.048328209276530455	0.11380885341266428	0.06543833371764449	0.061636440272037255	0.05803804332332625	0.07478197269306618	0.10799382882774641	0.12872918170167946	0.44368328620505704
37000	-2077.583950123276	-1040.5076854268195	-1037.0762646964563	0.10167108429342771	0.11108298507389715	0.1326030666641657	0.095625300622736	0.07674424880256835	0.08395835014262878	0.06207917193517205	0.17683410169007346	0.11357066804459211	0.10843774315120848	0.10772631506318214	0.10762011315515851	0.12522486738121905	0.07544385376980198	0.10843240190467031	0.05967943861738764	0.06472564475996308	0.14074935094340943	0.10753753684421714	0.09220802713873827	0.1150006645234907	0.31483348658940835
38000	-2078.680981200161	-1035.5253503632644	-1043.155630836897	0.06627237356823724	0.1268478791304321	0.08300455933965277	0.08573105155831624	0.0641835195996288	0.1345607824659911	0.08530471233439772	0.09474475410498737	0.1993346429169634	0.22103760466920266	0.08928203813369769	0.06956955128038862	0.08662472197346516	0.11840131059156392	0.08020637273123703	0.15830263376952658	0.13026950003314328	0.10753372907397075	0.107163628248411	0.10135015318807711	0.11697614780368143	0.40379395817673674
39000	-2072.7180251763175	-1029.3556803445244	-1043.3623448317933	0.10832767510640334	0.05959398439709224	0.11099043862475433	0.0801581551545707	0.06084894965458219	0.1140128929121564	0.09244402329511997	0.11685288192139974	0.14833848805769073	0.2505706475935189	0.10616132680385414	0.114017606943603	0.10125979478800637	0.06765432905347078	0.09115882844769216	0.056921967117907105	0.08278092417042583	0.10722359681269591	0.09535487460986336	0.055337680978940845	0.1324573807716016	0.2712246247423002
40000	-2064.034135024687	-1025.1833502418024	-1038.850784782885	0.12341319870922668	0.0786547543404123	0.09545659605416368	0.06856404477836835	0.1073850135962776	0.09943940495959809	0.11487456205240228	0.11749998215602564	0.057895760383390275	0.09140066753975133	0.0723771844876603	0.10164847870629388	0.11400206490922131	0.07534875606860343	0.105808591904237	0.07702807491298731	0.18998996190002662	0.11611866007852939	0.12868480695562776	0.1630473141622424	0.08890438892003914	0.4072373616608835
41000	-2075.6639835090987	-1036.002789182199	-1039.6611943268997	0.0808461960560393	0.08637019735177316	0.09460660167995161	0.08200402863329473	0.1538774155615348	0.13334808257703415	0.09623098043837262	0.07149179102018322	0.1249334618613362	0.12233596395384438	0.1578495477906228	0.048516155103584646	0.0869438195039686	0.04903874451629174	0.11814288026857286	0.09143326585128071	0.09883427333060595	0.04966466899555784	0.06935082088415008	0.06656064325628447	0.08743912422354926	0.16903479488166
42000	-2051.2562241407068	-1010.7087687473147	-1040.547455393392	0.08401236686102061	0.1309223603471497	0.10073099586081745	0.07552513751303394	0.09669664608656785	0.16991118124952206	0.11980297314810996	0.0858266386332431	0.1121222873930617	0.11862401840526084	0.061509073250781233	0.11755638738997103	0.17616343334259435	0.09737599358710973	0.09918942498487537	0.05780169253321851	0.11695152009858717	0.20862508618082654	0.13447929807584777	0.1149302630415001	0.0759741495598551	0.44597239316893506
43000	-2045.5125357434208	-1003.8367426589035	-1041.6757930845172	0.056478202204394534	0.17108950437480397	0.07106881663642806	0.12369513648024663	0.10492228180144432	0.14282482247353848	0.13090130025028082	0.08326657509315721	0.11321735599653832	0.11653052478823281	0.05832978539387848	0.15374847514250203	0.16486364388377733	0.07714304657114668	0.08444802720733628	0.10960690279868598	0.09905713351431154	0.09122450676837836	0.08290816183343051	0.12050887958083625	0.17719623401679	0.47435002829405826
44000	-2059.19487396122	-1019.2719492538821	-1039.9229247073379	0.15183837528360458	0.10249234923385812	0.11432089773116534	0.11563203931028482	0.18059363282509566	0.1561266875965857	0.16263958783187646	0.09781198197933179	0.10762328085804597	0.08616775582830788	0.17725115797768512	0.08605094697009305	0.16239379131754997	0.0688685026641753	0.09452022026658091	0.0790255918777548	0.15073079482568882	0.09706143903842541	0.07344656025030709	0.06196833917617828	0.10261620822778682	0.40786755069569053
45000	-2058.837766075321	-1020.3269128712963	-1038.5108532040247	0.06943661196430025	0.09487323297860124	0.08886933696939629	0.06084322043426624	0.08831401760678856	0.17397157401657565	0.12768990956451548	0.06958912221876297	0.10720025024834214	0.0763930022874034	0.08528674142917793	0.14250768799801994	0.147621356123621	0.0936972414051834	0.07584823920655782	0.10786873481283894	0.12465287286668945	0.05508410810834138	0.12305911516007599	0.10338961073234172	0.08947909714152548	0.31538840921766353
46000	-2047.7263906350224	-1007.8920506813679	-1039.8343399536545	0.09116107842581272	0.1296388176289787	0.1633131987235431	0.12074590294851374	0.15781243431270212	0.09552912813148541	0.07209723036959975	0.11555642558804437	0.11889222858239333	0.1281331337357552	0.11011480340000306	0.07941924844830303	0.07240009125845083	0.04682776467961649	0.10260365751246296	0.08300197813543206	0.10335401126972031	0.07258006563252913	0.07840796468081053	0.08433340463686026	0.08945242932450234	0.36692739449144024
47000	-2067.7115006184194	-1026.0274947542805	-1041.6840058641387	0.07324135516261789	0.13305532289916633	0.07599982869282661	0.08516171875606295	0.07356752472992742	0.13665259141572067	0.08958254130815568	0.11173385164607079	0.053866584754841185	0.11322456325406337	0.06336232793402245	0.08851933226792102	0.07122253139604004	0.1334817443252243	0.12133226634846402	0.09544123019891962	0.11145263578377546	0.08204735912767118	0.07953671062635587	0.17089709300443712	0.12202679562002493	0.31527246107164947
48000	-2078.366129691077	-1040.4878167229313	-1037.8783129681458	0.08204746481760815	0.09782432777352221	0.10514054491859527	0.1618210094100115	0.14255490717526484	0.13653859751331798	0.08250425314988645	0.08460307063448659	0.1043046746295832	0.07688750091585533	0.08897741851532345	0.0951749331055881	0.06690648361803553	0.06524598116846274	0.11144825881669741	0.0812194519987948	0.09009884543763287	0.0574325856701947	0.15983224523563916	0.11179908997996112	0.10180088514714643	0.2706226039413364
49000	-2061.6404144128232	-1026.4916515395807	-1035.1487628732425	0.08971181229385534	0.09233949594422869	0.09975624608694023	0.095815416872905	0.13802402212525966	0.07797590861020905	0.11710354916652865	0.16345862995314742	0.10347154746086835	0.1045628110696085	0.18669016618197043	0.08997471521979065	0.07506464388276037	0.10499788457044819	0.10963826563884188	0.11497909013439937	0.09254832325016266	0.08537074213155435	0.08116146552163217	0.09108723554206205	0.12126504364657949	0.4231603717093068
50000	-2078.8285487622657	-1029.434172345963	-1049.3943764163027	0.10441341869743688	0.0767968265113713	0.049031690639389836	0.12531229001429803	0.0603692182425956	0.09528473716317383	0.18827952032089385	0.07253308224582124	0.10499753091118845	0.1320674219198594	0.12571892315964062	0.06134778565216567	0.1286220279883597	0.05186680354755103	0.08306459665539316	0.11157427641556213	0.04805300931482739	0.07983639330789274	0.15441154678847893	0.04260776488203974	0.09741111993315996	0.25628218835430916
51000	-2048.733640937063	-1013.9812051357643	-1034.7524358012986	0.09461954718875343	0.08788276899238248	0.12323006302706627	0.08061838141147386	0.10143564908918325	0.1001920928151946	0.1021294943019891	0.07187497259941517	0.127170418788038	0.09666336974861825	0.06433947365892227	0.1454157179036068	0.07303063004270374	0.06010412608773201	0.12054747888609674	0.09951744838826118	0.07357687334166002	0.10681781086751788	0.15992493861994886	0.08941759882940398	0.16166606634257902	0.2603558896209662
52000	-2047.423230972272	-1002.9825739080776	-1044.4406570641943	0.12643070467168846	0.07981829040277001	0.05924460069208498	0.06815716647732308	0.1077296419725829	0.09374368176092317	0.12251533369519506	0.07533888730780161	0.15875592095459143	0.11734008163285099	0.07180843829684111	0.12272961622900559	0.06458393209124581	0.05537007278670427	0.10954682776435777	0.09054956201038433	0.059046587798326645	0.11815871164850915	0.11441203480596154	0.11162435566056214	0.11640847203683363	0.4804754831128398
53000	-2040.8379456278658	-1007.3865211741942	-1033.4514244536717	0.048574656871310795	0.11881640340628477	0.09056891024187605	0.09409251976095624	0.11124929749155538	0.10861835457949458	0.10274826050184462	0.08788964541025436	0.09673059869738565	0.1078243004011753	0.09820960198831265	0.07732574412522206	0.17554748041706805	0.08702880214025001	0.09402860644461195	0.1305836020291237	0.1050403768532288	0.11429742876023119	0.1101782103983509	0.1018836227131449	0.10126908708405757	0.3526537259523892
54000	-2055.2416523740344	-1017.6842402053715	-1037.557412168663	0.09627994124740681	0.09536147285271113	0.11616581983618278	0.07491839424413449	0.06336885134184013	0.08402388508671425	0.11100989395208902	0.11521461068453896	0.09411095355595706	0.11366316775844708	0.16443907189321735	0.056067661972609276	0.14981409763355052	0.07653966457578915	0.12330011927463262	0.09047882513052176	0.12254650784233766	0.15934762974226765	0.09366536205863887	0.06287619635247137	0.1507171584538364	0.25205145260689815
55000	-2102.8420115913023	-1067.590963767529	-1035.2510478237732	0.12155573229601505	0.09250695342937408	0.12982955317537745	0.07406843947302254	0.11150142022933122	0.08061712214333538	0.08574240520592953	0.084152412637127	0.12002002680414607	0.16803587798139427	0.12593145540493147	0.06983043868806232	0.09157618506942779	0.09081359755501178	0.08518334050606913	0.09926196225246224	0.12633536518044935	0.1304424595444437	0.14491706706853727	0.06843738221684428	0.08975856554098403	0.279295582280724
56000	-2084.3612027348117	-1043.390077400746	-1040.9711253340658	0.1069706362041288	0.053664859943352246	0.09994014157407836	0.07598076076923797	0.0912619376174985	0.09178615476488379	0.09583626830436381	0.1022926125147234	0.14260818589543314	0.12517238864882735	0.11358754588882838	0.16472028957509635	0.0543896652760407	0.06414008022697588	0.10988231075087897	0.11952609214802869	0.0610827681030038	0.06078811508143795	0.08124444387397387	0.08194028348055135	0.07333243750525248	0.20786199741764386
57000	-2082.052971947896	-1040.3527227086154	-1041.7002492392805	0.05484111962269887	0.13123076991958427	0.1276550858688849	0.1228238711411986	0.12390402670333987	0.09965429135956455	0.06988521909249869	0.18821246072784875	0.18113640722004676	0.15807181634958042	0.10528979907555817	0.07660715847579144	0.08799619096639147	0.04279109094845007	0.13710810572254484	0.16675417840286627	0.08919079815612155	0.11133531529684357	0.06334969937517176	0.10594378044068997	0.08408934865050309	0.22018754863463666
58000	-2069.6888748742895	-1031.398314858189	-1038.2905600161005	0.06971085243375884	0.08646743497430813	0.05362830929673575	0.09775032570968212	0.10328385039388133	0.14524786936749307	0.17871133055154317	0.10250764707315202	0.091937219988985	0.08668870080922307	0.11980921942509953	0.0900913588887086	0.2035638762751244	0.10409427005677752	0.09339035002494882	0.10144697317523071	0.10436888599562598	0.14924453448662955	0.0940014911208459	0.14651536520011454	0.13578779556895557	0.3501158377901446
59000	-2055.4243361904723	-1022.9915146633949	-1032.4328215270775	0.12746188550727316	0.06660485182332558	0.083881831225619	0.07781992761923665	0.10071297812694403	0.12458380540610947	0.1256826174884175	0.1209320322335283	0.13582337760916804	0.12305989879779473	0.08521821162162857	0.0672743002262976	0.08509050749811686	0.09341953763502092	0.07242805213618991	0.09662433977307673	0.07758672412561946	0.08884522245554245	0.08153304243192215	0.09033771118897373	0.1429316996052522	0.22677205388821908
60000	-2071.223745476271	-1036.3519769112265	-1034.8717685650445	0.11847569659894593	0.1400431080272275	0.14615914741393102	0.11378157592668812	0.0718619306917736	0.14933717742080874	0.121736073200711	0.05047921182276483	0.08078609795456483	0.11109773401317445	0.06543946909800168	0.0717514398827251	0.10822719097035342	0.06827071735258267	0.12473243010114039	0.13002781667073635	0.07616774174905655	0.11196717132662892	0.08767990823910587	0.14086781503909987	0.1341822587565896	0.1905949322431387
61000	-2061.412418343717	-1019.6447198369711	-1041.767698506746	0.11252085219056794	0.125355406827757	0.04722566889744964	0.09228307579784122	0.07499944108559721	0.10852651515837664	0.10624375344077266	0.11667259045841098	0.04776194258086947	0.17248652499294578	0.07291906590293733	0.12251446064460549	0.0886995846678051	0.06600720279855121	0.11214289117537508	0.07922713485601028	0.09524709982517095	0.11733772731225368	0.09460916514281012	0.10123076907186772	0.19842905608296715	0.27163829204259116
62000	-2069.375771034752	-1026.7239099385783	-1042.6518610961734	0.07449865836642974	0.06844975701832504	0.17683859694912032	0.07107203341174152	0.12183900275941881	0.10908437180256816	0.0603866335459009	0.11700826406346265	0.17147115343736183	0.10736167156506815	0.14033740113445187	0.09768655518765944	0.09905484832131345	0.10077834334073775	0.12054421713516804	0.07261394256859005	0.08023582240467193	0.18622810975170398	0.057668617348827306	0.14840503341339195	0.12484285728428343	0.39237359441522185
63000	-2060.1094776410437	-1024.4568701154126	-1035.6526075256309	0.05499290377834746	0.10205062831858742	0.1566945173386045	0.08489298928443165	0.13285569212678267	0.14665732593584027	0.14043544318901086	0.110283518896524	0.15684447355731673	0.15062045904926763	0.08135993307695139	0.09168236228778658	0.10955141829928723	0.04279879560496992	0.11851547653422179	0.09303502771637369	0.059864225040314606	0.17050401111965188	0.08837145401811376	0.09066542310562241	0.14904327807545853	0.18102559206363425
64000	-2054.7916905954344	-1023.1887111192641	-1031.60297947617	0.12092129455311962	0.09675150797384101	0.08157284835048954	0.08221093767705961	0.132441783578171	0.07271773117942129	0.09792368366471142	0.111391093163944	0.11659776343717496	0.10990938583430758	0.06764773549362493	0.10917379421493388	0.10614993696197601	0.10200387672848617	0.06872790419562395	0.0984099089058661	0.07233882794299783	0.14284685764460986	0.1165589029929901	0.07169398237117271	0.1083828549068049	0.2515728244524039
65000	-2065.3031606270374	-1024.1315428830865	-1041.171617743951	0.0738817212586966	0.11909578589064806	0.12935624388495226	0.07359820199424172	0.06132455316357567	0.08633392548903478	0.0864704799970783	0.15797823172443454	0.0951497379199936	0.11566998212764992	0.11035057513037679	0.1220537313906307	0.047745050810741686	0.09284573166178257	0.07706620045901784	0.09356692549365092	0.10094181761361974	0.11810214270996666	0.063674143509982	0.14031459398437357	0.10336043294654348	0.3870355986350527
66000	-2070.218288909759	-1022.0661897903357	-1048.1520991194234	0.12067580291731178	0.12226534230312833	0.0991517630891895	0.11240929642523352	0.16175374056639016	0.1182347335404052	0.08018186890710823	0.09076197777027721	0.09256839321497541	0.05535493508062186	0.08662747018649428	0.10030679219864305	0.05864366502455854	0.05493897821334593	0.044026553458634946	0.05607408398349747	0.07569743281303039	0.08016160575036292	0.07741528478743899	0.11320530879347208	0.17435172935110346	0.32539921090837676
67000	-2082.1538557795884	-1035.9943897817764	-1046.1594659978123	0.12669813486937195	0.1148263538873414	0.0721338608287806	0.05989507935303098	0.044541716955366115	0.14765097505070404	0.12558112152699039	0.10644094184355767	0.09300516349744574	0.1723589646699417	0.07512722113903017	0.11655725812156219	0.08662289817574508	0.11702175791014974	0.07115390567461291	0.13402166433827356	0.0664724050134607	0.09066700584011864	0.08726132683532345	0.07437818575272678	0.08920487382056722	0.43775510939922013
68000	-2052.8760058372136	-1009.5823375027217	-1043.293668334492	0.14077736252752254	0.1374837991543085	0.11757099926232141	0.07139140577850345	0.13859073817753367	0.07737553935661759	0.07085465803058606	0.14604595717261398	0.06491421575322116	0.12439350220706163	0.08771334857104901	0.1470425276614255	0.15958635119134018	0.04290791316430277	0.08952078404693169	0.09355605101650079	0.10865486627050609	0.12589188163174497	0.08913163283561579	0.04324265707642948	0.20078565176541996	0.2628470015309681
69000	-2054.2879466730824	-1012.2724491145074	-1042.0154975585751	0.07815975541354214	0.14787090807811698	0.10521247133004039	0.06843700226741621	0.07325593367381426	0.19103563034535076	0.17030191631985403	0.0628402500626643	0.09967226022555829	0.08254147258267781	0.05202222302350966	0.10179119137152808	0.1534189594453167	0.07838620486605101	0.11445741288153616	0.13991723021574523	0.11004136856776624	0.08771797636930566	0.049324355349124	0.08594640143208884	0.16091065529999632	0.22582441263103886
70000	-2080.3850222382853	-1032.7215306860087	-1047.6634915522764	0.1141240301178431	0.1454766945990261	0.09070835037686517	0.09661032758690342	0.0547900255055318	0.07566442132798913	0.05292472483670769	0.1214974746529993	0.03971674864375992	0.11119813230105202	0.19821870837267813	0.10464776738097868	0.0891963166714397	0.05842074917001217	0.08182716205947048	0.1087890412454809	0.07736810536364971	0.12089592555197683	0.09322405029181034	0.1152515181474103	0.12247425010639702	0.3137305243993235
71000	-2058.5760135088412	-1011.4373332020225	-1047.138680306819	0.09456721156953778	0.09188252846878965	0.051948068714286214	0.08186320241101466	0.07213954457012965	0.12923277719830575	0.08106320352327712	0.08895656665139508	0.054865715163523995	0.0746183861986496	0.1359785387759613	0.09171692595338465	0.0997556270476068	0.059862712927439304	0.10913019758235733	0.06918132453065223	0.08450755403148315	0.09496760463297974	0.0882472115213022	0.13411303559824012	0.07332485074217919	0.525989991856837
72000	-2061.132949918334	-1026.0361032172812	-1035.096846701053	0.11348760810979686	0.05873823338533909	0.09124042837599637	0.14963067459765803	0.10817038986610251	0.1265993171461249	0.04995900088420409	0.10066432241549753	0.0908691897485471	0.11581617545255884	0.15249606796304244	0.08536513937629095	0.09303242681626893	0.06976203887346134	0.07135205082898768	0.10933052694421838	0.09315368404655924	0.1354119755349834	0.11161917014604454	0.09395001854555583	0.13045963754086323	0.2803735017457604
73000	-2079.090482696263	-1040.8456189737992	-1038.2448637224636	0.08543597873327503	0.10078465072506758	0.15678515698477383	0.11884192068864524	0.12238877168221686	0.1078777692537945	0.08901680160003413	0.15864353701563794	0.06410534391548472	0.15635044045244686	0.06192292482079942	0.16353199335687565	0.09320392687479191	0.10102578334861623	0.0942881114883432	0.12118249738639508	0.05255054302094828	0.12323732964278854	0.10541703537527997	0.11786299592599844	0.11349066060733771	0.2865799316662385
74000	-2058.178995995063	-1005.4364646541285	-1052.7425313409342	0.1309080295754158	0.18146894047833864	0.0721822748575255	0.06716076891399045	0.0825496726586315	0.1300620584939024	0.14529403488026787	0.09202915112493225	0.052380265264502145	0.06738994430377679	0.11572021678995746	0.10872772564142695	0.04985441867954997	0.071128452798893	0.04489547549516156	0.07347589080505325	0.0722688899494758	0.14559045822451702	0.08748646473651543	0.14593008360542228	0.08807417360207893	0.4779440515459978
75000	-2050.9934362992476	-1016.256724145272	-1034.7367121539758	0.13606726614400105	0.09531216088829413	0.14577325589176915	0.08259247691232652	0.11084540836617052	0.12243731270307065	0.11654288241603271	0.06408031481047873	0.04419883999807042	0.11366630901213866	0.1271069876232956	0.15550628635214547	0.1217981421814951	0.10171549533735984	0.10362470467462609	0.09099352549086116	0.0733163911933849	0.09151614525421511	0.18645718542402717	0.10427060921387937	0.12237289978295755	0.2699782584805501
76000	-2048.7270181805875	-1005.5461695262292	-1043.1808486543582	0.11044986904067088	0.1544365294836471	0.09334516558877666	0.06624528339838923	0.10429158475960296	0.08983471372700674	0.1042647776968115	0.06642038899488785	0.08537786668117944	0.09652420890742251	0.1609185034500268	0.07264721736801467	0.0630800785699234	0.04054293698412313	0.09807408328826168	0.07097144765515219	0.13265767334399697	0.11200243074265816	0.15555721700102842	0.121754031445881	0.06572058798018317	0.3150455899231447
77000	-2053.124520459817	-1017.451601922904	-1035.6729185369134	0.10222992315313031	0.09474117091285017	0.09190572290352282	0.07928251634133583	0.11500564676898659	0.1462835677912517	0.07661954640141255	0.15111825427247738	0.07426989478013496	0.059716759951807474	0.0767447974069684	0.1198672416947767	0.09018654138818173	0.07956054524323584	0.08432429204364894	0.08093062129759664	0.09689536710474166	0.10407807206599956	0.10096547740132047	0.07298775720660503	0.13599095336107658	0.2812208653478615
78000	-2073.6256568970075	-1035.8132654888054	-1037.812391408202	0.14089375310312707	0.10438954200271916	0.11449075405053728	0.06024707296269067	0.08963102446252687	0.06526358228515117	0.13333931398616472	0.06310365077047746	0.1183006282740293	0.07756947633238738	0.06604843995862651	0.12022657993317577	0.08198629870422067	0.1377849856699356	0.08847147433646993	0.08166798028539449	0.1297798614346096	0.08741069260344378	0.12326168673786482	0.11087319560736927	0.13463326673140957	0.39339022584122996
79000	-2069.320665064306	-1036.4376890686433	-1032.882975995663	0.08678761137181397	0.15047749787572479	0.12912990033175623	0.08723445343351685	0.1302909122231628	0.13290006365692356	0.1158423564782847	0.08028978312978728	0.0872492478024655	0.08701412589301817	0.07572330837302167	0.06945791178937889	0.09736509953668548	0.12670913098758946	0.07806118851860432	0.07621174930656388	0.08429076444538433	0.10202586264866363	0.11845413114423461	0.08230429232242722	0.11806677837270461	0.24304618158835853
80000	-2050.366740750882	-1013.9595372790548	-1036.4072034718274	0.08564668525590448	0.0913960409658198	0.11999059133227684	0.05589170523587291	0.1481299521162748	0.1342597112446246	0.10086787856629263	0.11017659930305439	0.10446824377058528	0.15916076643157331	0.08515545175973367	0.08072794908296992	0.11028733665720351	0.050953244060011504	0.08701515171896512	0.11869446092016692	0.0961006201823468	0.09182482617524777	0.0782793884842984	0.09141251322515724	0.06923555980052956	0.266902716823468
81000	-2066.613003709878	-1011.6132504245535	-1054.9997532853242	0.07405373967468987	0.05988844935273346	0.03793896625516293	0.05037004805978889	0.1292636418367722	0.13406036078029673	0.11209542071330175	0.07432125148957848	0.1604011217265492	0.09899463679951012	0.051089684180753776	0.08292959230579425	0.12093423801345703	0.049671239281906615	0.06732618391566104	0.09819632412860176	0.07189628219437477	0.09023218337552039	0.10403788416145605	0.14632845482566542	0.10357081687984651	0.45401585997294835
82000	-2068.0802119201903	-1021.3435901012791	-1046.736621818911	0.1233598405999301	0.07004036778926016	0.12881731360988025	0.08686000360109239	0.10849580415834438	0.08669180802550108	0.15553884156643333	0.09448629923932637	0.06542182106396335	0.13278216151111394	0.09036837548495077	0.08879785172652858	0.08258942720601935	0.032290207067647035	0.15704197743958523	0.10122213528801556	0.05952819422713813	0.04723656488409441	0.07002422533501998	0.1263681490527006	0.15247171561619194	0.27666162697867747
83000	-2066.8739690720586	-1023.0960922337753	-1043.7778768382834	0.06290535724879084	0.08846017080618673	0.12577768606921966	0.12866759698651067	0.18200501265389166	0.16068687887841404	0.09423849844779486	0.11527083769062296	0.13358846785084413	0.0853938372239891	0.09195142552981088	0.08158931857329475	0.04702543314427265	0.06751586734553927	0.060161237598697674	0.06042186731971638	0.08176507569071147	0.08389683185470129	0.08626239327070087	0.07319439153583888	0.148980334825366	0.23532977612326664
84000	-2057.976461610783	-1023.4355023023109	-1034.540959308472	0.09977679144396519	0.12923995360852195	0.13670186999510797	0.10153666717087349	0.10281102969833891	0.11313929981863505	0.122774952254011	0.10280643535366601	0.06764681296607845	0.06698235678767003	0.12369677014890912	0.09319102160031074	0.11395543241879198	0.08380656158350142	0.1171971821986884	0.07063349122422073	0.08711554751375547	0.11071306644179536	0.12260478635464932	0.09310532858852849	0.08621942974068737	0.41202842024232605
85000	-2072.6893257686447	-1031.0547086534646	-1041.6346171151802	0.05754289235638858	0.14402187824706073	0.06563297407566025	0.07211046371350102	0.07454431795324416	0.11134373647339366	0.11906768757526359	0.08439632405605964	0.1490018504887795	0.08183022537342158	0.09928512502128357	0.057266446811394686	0.07024411300760353	0.05834694576859218	0.14688771403734444	0.09859992300048506	0.05360972798556889	0.10064604197836621	0.07919955289295284	0.08269252969471189	0.07764842740714513	0.1936675304076162
86000	-2065.3371086962816	-1029.0689471015887	-1036.268161594693	0.10475126026078889	0.10127493181147158	0.09709649466786362	0.07450630041817459	0.09515862872811631	0.12318485646174741	0.1420864457143949	0.12957725464502967	0.07569973165326654	0.11785548931332848	0.14704167254540237	0.10776271717277965	0.08326399389921049	0.058344257756291006	0.1072165702597384	0.12458911169382271	0.0666481362482534	0.055424495449501426	0.11531025064305245	0.13090345159318295	0.07474316712054055	0.24532672674494693
87000	-2083.4505307231066	-1041.8556736881435	-1041.5948570349633	0.10420534373178578	0.10082197941815814	0.0913335717652397	0.055190606761132036	0.0893622008110865	0.07227365244476285	0.06543350298762808	0.07881963075561968	0.1735494218229056	0.09701698853313577	0.14810929994321295	0.0974434428381413	0.06547637102551096	0.08350747873596039	0.060994187258865844	0.09808716357627761	0.05643910166975269	0.08131927765167488	0.08710785930129028	0.11627800469675348	0.12958489292555647	0.22032626207088143
88000	-2063.5706082892084	-1027.727259396172	-1035.8433488930366	0.1360640190345781	0.12219018644301254	0.0737719997855963	0.09163374579358312	0.09206674011035446	0.10063390297671934	0.13831912111871933	0.13155902633808123	0.1238103283523468	0.05610784141036117	0.11487527193598175	0.10782664947033695	0.09969161510784577	0.05068076777774898	0.14100476775808857	0.08205368392438692	0.08447686497425469	0.08208071953186591	0.1404550232927226	0.11543570301753388	0.14480760890335775	0.2651521208440656
89000	-2055.660505401461	-1012.0323716793725	-1043.628133722088	0.14554289729868855	0.11494836706120848	0.14213963528210705	0.07792946206389825	0.15827264436136185	0.07587252481354846	0.07411986694713472	0.06017420137506186	0.11492186861588354	0.14030590428772044	0.1811940098250346	0.04766405531152154	0.07675880787834478	0.07211801627722551	0.13955709528782767	0.11118986514621503	0.10373702766802892	0.09529613423380756	0.0656646758206175	0.10985605897683318	0.15693501607835703	0.36104367661047654
90000	-2074.9947857450443	-1034.7367570699066	-1040.258028675138	0.08390338437974612	0.09494227088919407	0.13497658603408264	0.09752690215470004	0.06769802457840764	0.11452697403440953	0.11115888094522931	0.12096448824240515	0.14358060084079916	0.1131727136913589	0.08503940004888892	0.11508791292455985	0.06179660917216295	0.07343795411980021	0.043876241402046726	0.08780404983744558	0.1380547072999332	0.08744615000363262	0.09624656911069078	0.10111489325137255	0.10830637258453849	0.4019845556817681
91000	-2077.607519700629	-1033.7556377150843	-1043.8518819855447	0.07179350209250353	0.0686660914432183	0.09349095617275428	0.0890956183041626	0.06210741981630382	0.11111736866635245	0.057241862821619575	0.04080277364626018	0.09916627236885477	0.10522597129661478	0.07688882029822298	0.08846416381363474	0.09169202108749246	0.05887511764889098	0.10277270513724127	0.0581313559119164	0.08963122416967591	0.07658172064378126	0.1054292344001913	0.06844772647834615	0.09447332506413521	0.17411708671746207
92000	-2047.9042054777078	-1008.1334379433488	-1039.770767534359	0.07097279545587859	0.1051633692094155	0.08773247667121387	0.10119039197676644	0.04722803784500885	0.10300729717669417	0.09884479773496693	0.10547626290069498	0.08415694335258617	0.11409480618465402	0.0941318217997301	0.08483768848507507	0.12707389164852054	0.0876268131348186	0.10564680205560548	0.07406644570296397	0.06813919805447273	0.09820119138164049	0.06886559072948341	0.08779723377939064	0.15872790035676088	0.33802240513581355
93000	-2046.7807013597148	-1007.6996087487453	-1039.0810926109696	0.12476899279251995	0.06448748693340478	0.10079389556552255	0.07451627908948726	0.09626025420393891	0.08966004742770503	0.1324145416327356	0.13415380533002338	0.08688348672637683	0.15515954821497938	0.08875946889325677	0.10737994930435199	0.13367495282106057	0.06116208703603029	0.1317011152586927	0.08578502740512847	0.08268809441555093	0.09732145749330608	0.1707623708509854	0.08951243327675018	0.078187398979312	0.41875311226844536
94000	-2057.3342422141563	-1010.7535161476738	-1046.5807260664826	0.07121214748653608	0.0722268949774475	0.050085328426278254	0.08335027965393176	0.097862807624544	0.2054568275758227	0.11924139932576128	0.07506941633060858	0.07425652713167538	0.12012674606556463	0.07636946531959021	0.05739470304429835	0.11937522937005417	0.06578713163615559	0.06412966049234378	0.08315327734070349	0.10420275682849967	0.1394040688905903	0.08451496716812194	0.09215741550557577	0.19768300442153422	0.27136578230712033
95000	-2048.475851607731	-1011.9920645219978	-1036.4837870857332	0.09159242748412692	0.08888888474035406	0.1246718072964674	0.09838925644600484	0.09078358904277936	0.13074845807394003	0.09584741307818086	0.1154810207787654	0.07422849701274842	0.09785303495667444	0.07532051154716145	0.06656321567934888	0.09553503518927617	0.09122857356933192	0.12694667307119015	0.1086560730897729	0.0905530265179345	0.09595004704422493	0.04755712106996815	0.10802390487960839	0.15672918456622353	0.3569699712808455
96000	-2063.8158660125655	-1024.40287273679	-1039.4129932757758	0.17687357223588127	0.0684635062011248	0.09807233178029248	0.11037578623149727	0.08889772610993482	0.11539416590405299	0.10433766506196658	0.09375864409639206	0.13281996082816402	0.06953044657704047	0.07033331260970778	0.11207825491263645	0.11245895800843765	0.058638405702878815	0.09564628912079345	0.14309411785327253	0.12078469018709564	0.10038713830463633	0.03934955812390931	0.07518470925247643	0.1363145647461313	0.2744144770560666
97000	-2058.103933242175	-1013.1138605648722	-1044.9900726773028	0.05683734340932411	0.16033149811682207	0.1667802459127974	0.10137276837291509	0.07323782597142811	0.11138912675218239	0.05978697936729546	0.11525457038641104	0.09701819368830362	0.1153713190167186	0.12992612743756293	0.11520057245167992	0.07375834331132994	0.04319250927183741	0.08828961805709591	0.08514514596700237	0.07976110565137955	0.09552647686398655	0.0900949192489688	0.14430673343913344	0.0987257483791379	0.44265579775835545
98000	-2077.5348748229844	-1043.7446452791733	-1033.7902295438114	0.11237140891095869	0.13438524919685446	0.07686694351326571	0.09278228313978155	0.05517985172659266	0.1385911015650347	0.09810121137826737	0.16516072555247047	0.06690031857420571	0.10355848274729873	0.0890283956034083	0.09302018271338239	0.13027007790260092	0.15901587924999042	0.10328019324354484	0.09432922431397796	0.07645807056839377	0.1291245976262488	0.10437316796005536	0.09447427276247516	0.08016791188805575	0.2759445899720762
99000	-2062.5317366124746	-1026.5002369967356	-1036.0314996157392	0.09872815946246284	0.08643791803879303	0.13607914418219014	0.15014546888224317	0.10011162938406455	0.11000877913776526	0.07064396119919288	0.12763643138147743	0.10024317862069858	0.09913015868527003	0.051799131269272033	0.12050751806385229	0.10972550724882432	0.08897366224474787	0.06694051500592971	0.08773756585454093	0.09826519917954653	0.1504257657226269	0.11491206489602346	0.10776268618502337	0.1296584003311105	0.36221958452327097
100000	-2043.8793521095329	-1005.723061803611	-1038.1562903059219	0.11759941149988563	0.13225815828007126	0.07620987245951884	0.06781288391950938	0.09790168397799938	0.12831990739101548	0.08363492214588883	0.10096541815079892	0.11999363394242585	0.10842368058437053	0.15137103152831247	0.15485455679450244	0.08087803239205112	0.05094316429948489	0.14160626034137355	0.10694963978020888	0.05788055958622415	0.08406520555736205	0.08983441439523676	0.06644673523562797	0.18070497942677538	0.25713311138791095
