#
#model:
#
#<?xml version="1.0" encoding="UTF-8" standalone="no"?><input id="posterior" spec="beast.core.util.CompoundDistribution">
#    <distribution id="prior" spec="beast.core.util.CompoundDistribution">
#        <prior id="lambdaPrior.Ai" name="distribution">
#            <parameter id="lambda" lower="0.0" name="x" spec="beast.core.parameter.RealParameter">10.0</parameter>
#            <Gamma id="Gamma.0" name="distr">
#                <parameter estimate="false" id="RealParameter.1" name="alpha" spec="beast.core.parameter.RealParameter">2.0</parameter>
#                <parameter estimate="false" id="RealParameter.2" name="beta" spec="beast.core.parameter.RealParameter">200.0</parameter>
#            </Gamma>
#        </prior>
#        <distribution id="snapprior.Ai" lambda="@lambda" spec="snap.likelihood.SnAPPrior">
#            <parameter estimate="false" id="alpha" lower="0.0" name="alpha" spec="beast.core.parameter.RealParameter">11.75</parameter>
#            <parameter estimate="false" id="beta" lower="0.0" name="beta" spec="beast.core.parameter.RealParameter">109.73</parameter>
#            <parameter estimate="false" id="kappa" lower="0.0" name="kappa" spec="beast.core.parameter.RealParameter">1.0</parameter>
#            <parameter id="coalescenceRate" name="coalescenceRate" spec="beast.core.parameter.RealParameter">10.0</parameter>
#            <tree clusterType="upgma" id="Tree.Ai" nodetype="snap.NodeData" spec="beast.util.ClusterTree">
#                <taxa dataType="integerdata" id="snap.Ai" spec="snap.Data">
#                    <taxonset id="SthBarrington" spec="beast.evolution.alignment.TaxonSet">
#                        <taxon id="SthBarrington_BT10a1" spec="beast.evolution.alignment.Taxon"/>
#                        <taxon id="SthBarrington_BT8a1" spec="beast.evolution.alignment.Taxon"/>
#                        <taxon id="SthBarrington_BT9c1" spec="beast.evolution.alignment.Taxon"/>
#                    </taxonset>
#                    <taxonset id="MtWilson" spec="beast.evolution.alignment.TaxonSet">
#                        <taxon id="MtWilson_MW12bm" spec="beast.evolution.alignment.Taxon"/>
#                        <taxon id="MtWilson_MW5bm" spec="beast.evolution.alignment.Taxon"/>
#                    </taxonset>
#                    <taxonset id="Termeil" spec="beast.evolution.alignment.TaxonSet">
#                        <taxon id="Termeil_Te3bf" spec="beast.evolution.alignment.Taxon"/>
#                        <taxon id="Termeil_Te3c1" spec="beast.evolution.alignment.Taxon"/>
#                    </taxonset>
#                    <taxonset id="Broadwater" spec="beast.evolution.alignment.TaxonSet">
#                        <taxon id="Broadwater_BW10af" spec="beast.evolution.alignment.Taxon"/>
#                        <taxon id="Broadwater_BW19cf" spec="beast.evolution.alignment.Taxon"/>
#                        <taxon id="Broadwater_BW31am" spec="beast.evolution.alignment.Taxon"/>
#                    </taxonset>
#                    <taxonset id="Kerewong" spec="beast.evolution.alignment.TaxonSet">
#                        <taxon id="Kerewong_Ke18dm" spec="beast.evolution.alignment.Taxon"/>
#                        <taxon id="Kerewong_Ke21b1" spec="beast.evolution.alignment.Taxon"/>
#                    </taxonset>
#                    <taxonset id="Dampier" spec="beast.evolution.alignment.TaxonSet">
#                        <taxon id="Dampier_Da11a2" spec="beast.evolution.alignment.Taxon"/>
#                        <taxon id="Dampier_Da19a1" spec="beast.evolution.alignment.Taxon"/>
#                    </taxonset>
#                    <taxonset id="MaresForest" spec="beast.evolution.alignment.TaxonSet">
#                        <taxon id="MaresForest_MF13a1" spec="beast.evolution.alignment.Taxon"/>
#                        <taxon id="MaresForest_MF17am" spec="beast.evolution.alignment.Taxon"/>
#                    </taxonset>
#                    <taxonset id="Olney" spec="beast.evolution.alignment.TaxonSet">
#                        <taxon id="Olney_Ol20bm" spec="beast.evolution.alignment.Taxon"/>
#                        <taxon id="Olney_Ol4bm" spec="beast.evolution.alignment.Taxon"/>
#                    </taxonset>
#                    <taxonset id="NthBarrington" spec="beast.evolution.alignment.TaxonSet">
#                        <taxon id="NthBarrington_BT4a2" spec="beast.evolution.alignment.Taxon"/>
#                        <taxon id="NthBarrington_BT6a1" spec="beast.evolution.alignment.Taxon"/>
#                    </taxonset>
#                    <taxonset id="Cumberland" spec="beast.evolution.alignment.TaxonSet">
#                        <taxon id="Cumberland_Cu12a1" spec="beast.evolution.alignment.Taxon"/>
#                        <taxon id="Cumberland_Cu6a1" spec="beast.evolution.alignment.Taxon"/>
#                    </taxonset>
#                    <taxonset id="Dorrigo" spec="beast.evolution.alignment.TaxonSet">
#                        <taxon id="Dorrigo_Do2c2" spec="beast.evolution.alignment.Taxon"/>
#                        <taxon id="Dorrigo_Do5bm" spec="beast.evolution.alignment.Taxon"/>
#                    </taxonset>
#                </taxa>
#                <parameter id="RealParameter.0" lower="0.0" name="clock.rate" spec="beast.core.parameter.RealParameter" upper="0.0">1.0</parameter>
#            </tree>
#        </distribution>
#    </distribution>
#    <distribution id="likelihood" spec="beast.core.util.CompoundDistribution">
#        <distribution data="@snap.Ai" id="treeLikelihood.Ai" pattern="coalescenceRate" spec="snap.likelihood.SnAPTreeLikelihood" tree="@Tree.Ai">
#            <siteModel id="MutationSiteModel.Ai" spec="beast.evolution.sitemodel.SiteModel">
#                <parameter estimate="false" id="mutationRate" name="mutationRate" spec="beast.core.parameter.RealParameter">1.0</parameter>
#                <parameter estimate="false" id="shape" name="shape" spec="beast.core.parameter.RealParameter">2.0</parameter>
#                <parameter estimate="false" id="proportionInvariant" name="proportionInvariant" spec="beast.core.parameter.RealParameter">0.0</parameter>
#                <substModel coalescenceRate="@coalescenceRate" id="MutationModel" spec="snap.likelihood.SnapSubstitutionModel">
#                    <parameter estimate="false" id="u" lower="0.0" name="mutationRateU" spec="beast.core.parameter.RealParameter">1.7346278317152102</parameter>
#                    <parameter id="v" lower="0.0" name="mutationRateV" spec="beast.core.parameter.RealParameter">0.7024901703800787</parameter>
#                </substModel>
#            </siteModel>
#        </distribution>
#    </distribution>
#</input>
#
Sample	posterior	likelihood	prior	theta0	theta1	theta2	theta3	theta4	theta5	theta6	theta7	theta8	theta9	theta10	theta11	theta12	theta13	theta14	theta15	theta16	theta17	theta18	theta19	theta20	TreeHeightLogger
0	-2335.8872770474645	-1305.3483532719317	-1030.5389237755326	0.10235961872807332	0.10454766904054195	0.09112120109737389	0.13757684079255314	0.13156604085184667	0.0873959649642574	0.14794819423714584	0.1973748595863895	0.0791051150448849	0.10503648070524231	0.12175706353210805	0.10103725459748146	0.1364287063676533	0.10817776057314839	0.11818622933797979	0.13073171215942914	0.09745762213466043	0.1334461261088129	0.08102030268848372	0.1201506121830483	0.13255578457556835	0.15886965415511647
1000	-2295.4592921213207	-1261.6509179181733	-1033.8083742031477	0.15443588470121608	0.10005466934242006	0.12801689601483546	0.08216613224777809	0.07648491614303611	0.12514546573968885	0.1284891896108025	0.12101744012813676	0.06841748597888386	0.1289555208931635	0.10864616189051642	0.10418052195171572	0.12452736881707846	0.1379790058386682	0.09934356361391246	0.12993922822593906	0.11088372549810395	0.07140254490704724	0.08292213731357523	0.1224007321576388	0.07128621761623938	0.25560313752786856
2000	-2314.447334532879	-1287.9646521288585	-1026.4826824040204	0.10243481345897804	0.0785607344859381	0.21085879552579723	0.1196506227535017	0.12778657699210783	0.12463038298193603	0.14911445953552327	0.09773713844539679	0.05410155275683935	0.12996239197476422	0.1717278805589386	0.09922022849712202	0.09512435201521975	0.09634624946126852	0.09855901008955159	0.10312444219595615	0.08207603448982345	0.11619253293917241	0.14356514878367674	0.11239111026517164	0.11880668817287252	0.07866464354929359
3000	-2305.8578601868303	-1269.5587813909756	-1036.2990787958545	0.17798184682426732	0.10434408505355594	0.09147189562990506	0.07684918556928749	0.08129379632668052	0.1267881162544143	0.12726850929808492	0.11764791942307457	0.11397571382544065	0.10883728907902733	0.09229804606309384	0.13197243023482536	0.12020123243865989	0.1042886836204762	0.09338033229590721	0.13925626665793003	0.07486137239576558	0.11587245559776684	0.04598126080194823	0.08833358891506995	0.11965807579769094	0.20327249369613332
4000	-2297.3871469362653	-1273.0567448492538	-1024.3304020870114	0.0831330591892359	0.06649726547799927	0.14125600570422558	0.11122470391451075	0.12299338769295785	0.09612569052747129	0.15438857718288393	0.10301696066257406	0.08175104227924089	0.18187911486305125	0.0801575152012599	0.09911287161441337	0.11769844337968301	0.11513813320778452	0.0966117487221364	0.07365681894281967	0.10372758102304304	0.11217277398926366	0.08234061181825116	0.11713870973000964	0.15800514871817672	0.0716371548337177
5000	-2163.979217713263	-1128.0697261823873	-1035.909491530876	0.1053565693135292	0.06231719423865589	0.06530770860337475	0.10319092119202795	0.058555669137805036	0.13797815740579417	0.07632447968182822	0.06297123384985183	0.0911001347349769	0.07839143980284696	0.12408361156377984	0.13364442191321682	0.1227684768785478	0.0621558989937065	0.09224312729230245	0.07685068420112422	0.10649600210779848	0.05434285215178218	0.13195018103019987	0.13690461638534912	0.10299019022846567	0.09865772217077874
6000	-2369.990957837057	-1344.5709369764338	-1025.420020860623	0.07655023232623231	0.12320552597181167	0.08707015737266163	0.1378732220937225	0.15146707343550583	0.12368866895105618	0.11027561181410386	0.11931942452014527	0.08052203577340374	0.10552620036328829	0.10009873202999064	0.15597448509707137	0.054584520105842325	0.10610504747509876	0.11356573696122416	0.10671030095655266	0.050018332518895293	0.10547881397296067	0.08491084342104763	0.14343027681133572	0.07811164130456412	0.08424397698145679
7000	-2267.2016113264417	-1238.3587909069768	-1028.8428204194652	0.10087441760076367	0.1241543109139059	0.15222140513088497	0.14949849259605752	0.0710213007628225	0.1027664363882061	0.08313019357203727	0.07263326247862698	0.08184148882577194	0.13051012264511808	0.11550798384178275	0.10161367381381595	0.11048950466998493	0.13383004961438605	0.15565776610962997	0.06908790538250617	0.07161022449357919	0.08148412621854373	0.08005097811233484	0.19621206324962026	0.05421724311925944	0.08054691276945426
8000	-2184.7911055921522	-1156.7235751236008	-1028.0675304685512	0.12959947481550724	0.11714256411283656	0.10307949193853533	0.1561879744688257	0.09162323528090835	0.10981779232444533	0.09407145547223314	0.1152218040307017	0.1200932124984149	0.08079565242163148	0.08059914242356497	0.1039959013332104	0.11360299989276043	0.15844759698318767	0.08855737681889997	0.11003700919959532	0.10298566297317058	0.0788263388023308	0.13433043944864703	0.1167019990874773	0.11492193626129074	0.16335274118773663
9000	-2525.6972742144308	-1504.6712967784779	-1021.025977435953	0.14617344445068284	0.07717960499485398	0.08315747685153933	0.054989752515610446	0.07636721280790917	0.058772353455548904	0.11410345418260964	0.09683457231312187	0.08153773882837143	0.08868750237064053	0.0915805537236745	0.09744896290826911	0.11105983164790036	0.12210081935758678	0.1084066337211115	0.10833897036120431	0.08645185225326066	0.061149738989812914	0.1118119410080104	0.09642135905163973	0.13854632821459678	0.03745081655988242
10000	-2254.0562382769285	-1219.937226719264	-1034.1190115576646	0.09245484419822815	0.10588207995852726	0.08969435189897179	0.11992973963449521	0.13969021067957615	0.09672298813964904	0.08903725009135618	0.074696557834968	0.09890186742554083	0.12662390678284927	0.08419380207525917	0.0637940845271116	0.07666385708769645	0.11591842172475676	0.1783358610988144	0.12832349293304174	0.03676377934051401	0.12990079317648026	0.08965952650943797	0.04203777970551303	0.12049207930526651	0.07513326135842288
11000	-2293.033678065567	-1261.5113828347	-1031.5222952308668	0.0863531768675482	0.08897294322777381	0.11063581187858815	0.14126113702307053	0.07986631784314935	0.14682275237429995	0.07315168400704211	0.06675154839641646	0.08084901497011963	0.16304951813759327	0.1130829701772667	0.05731670570251167	0.13465033990231565	0.10028516804793601	0.1657879451816609	0.05452231929205398	0.09287238413070346	0.13613582955398823	0.09269429202401198	0.15172140477629897	0.05760009656910551	0.07507141485494147
12000	-2186.2978044478887	-1143.2242926062343	-1043.0735118416544	0.05447425797111007	0.16432224338885115	0.15077392867020856	0.07824477699900305	0.17326490265725938	0.0913930760700166	0.05939973837859211	0.10344092876482863	0.10380050322612128	0.044192780757394634	0.14950767973762635	0.10790462463269025	0.07982017097193518	0.10069099190250588	0.11063107817478902	0.1549247116666479	0.11227209051009052	0.07559365293898596	0.11331947824536774	0.09307830964348282	0.09104897057396871	0.2188694383812712
13000	-2244.1010905816756	-1205.7120032716364	-1038.3890873100393	0.08771478760183918	0.08343636223662544	0.051603311390840866	0.09435073773919699	0.08195651383840402	0.15584344858594304	0.055712246643923505	0.09050412761745508	0.09704298167783124	0.10215764276048345	0.09164698927597185	0.15980381874533725	0.08343177416324311	0.0547883233256914	0.10372271069304953	0.11236191455892143	0.12448038584446511	0.08352208392918327	0.07948991132435333	0.08680763758626292	0.1740869648589897	0.19227905423374414
14000	-2478.2096645623105	-1441.5814629175673	-1036.6282016447433	0.0943473879862629	0.12555197940501225	0.1018531760085739	0.14131395136649227	0.1010710575546238	0.10827361939406482	0.06781886633579592	0.11077480585374139	0.1393958246419495	0.14976209293896275	0.08001059023038887	0.09888372303732078	0.09537349816506342	0.10812440880653128	0.10122628924060154	0.1391905493132933	0.0862422366171668	0.06237413242261385	0.06714982192694183	0.09692584013495924	0.15263252971920582	0.21168191059781388
15000	-2317.0328222536064	-1273.896800444338	-1043.1360218092684	0.13261134776471264	0.07654034353118434	0.09399017333233502	0.06700529401985818	0.12168358128846907	0.09951557599393712	0.08298649203074808	0.08526767978528424	0.09833967723050879	0.09456340796075037	0.08413391440728483	0.10109932140810238	0.07393105292408586	0.10529269160933127	0.1068186931167028	0.09933376055135953	0.12943080531256018	0.09164375744584374	0.09418543331647412	0.0975358742284054	0.07109984909404603	0.43117821230325054
16000	-2387.8949693175173	-1341.9042161026096	-1045.9907532149075	0.14840636575272703	0.11556550304962397	0.11907284760873627	0.11703395035295276	0.06203253766695877	0.0626365106590447	0.11846410344167509	0.07298280446224152	0.0965820248526369	0.07390080291328859	0.09518324028254593	0.09667153332521004	0.08635164755148472	0.13312382452720983	0.12854658077639533	0.1854120248623265	0.07746449197693658	0.1277219809690136	0.07671503656554192	0.1016620485286954	0.0730499661387609	0.3818878209950492
17000	-2543.5483724466594	-1494.3431118869833	-1049.2052605596764	0.13629111828554374	0.11941553239022187	0.10815589131633721	0.14542999153715852	0.07031508560379775	0.16776136479965645	0.1166239173747223	0.14907674181991762	0.10333632695195502	0.17731712951532883	0.06880883645991963	0.09882565326711568	0.07742756018814657	0.097520510810765	0.1587654597883885	0.1534629784088581	0.08022316973327483	0.05550206212349789	0.09881753618305489	0.1251780583588319	0.08363677883736535	0.526574048625567
18000	-2312.9387134078447	-1282.8694364206306	-1030.0692769872142	0.13849049818943648	0.055012748610802686	0.0873955641117167	0.11061363605133989	0.10409770249153742	0.1130021824578207	0.10238693027461557	0.11142557381666278	0.1250421625972666	0.12172606514907076	0.06386095200159568	0.06157399781265441	0.05853035288046077	0.12407143891490802	0.08402102287031682	0.1063000284822386	0.12490365762084044	0.10959527640317113	0.11276118841210317	0.09727426719934562	0.06912239114869899	0.08686437432514188
19000	-2342.1432733658826	-1311.4704621324493	-1030.6728112334333	0.11931515904450106	0.09346972150735243	0.0839468178210369	0.0747605354350443	0.1566175547491414	0.09922734601667736	0.10447138046902033	0.0828104925572126	0.06708660714573263	0.1612589832717539	0.15164583116396865	0.1111969754756379	0.13541914369811114	0.11300992124508434	0.08713393426151281	0.10712427086317863	0.09103023719519318	0.05979810969572725	0.08557031757773066	0.10845706831300064	0.11293582438215141	0.09448886756625018
20000	-2752.532878358581	-1729.5521312743438	-1022.9807470842372	0.07236856410957916	0.15776230994444906	0.08036728263772115	0.10138959004133005	0.12199353227223339	0.11735616439404528	0.07012551351165967	0.09837050864158717	0.09553428249039321	0.08959543759588247	0.09323088728452279	0.0851134251331604	0.13161034439364852	0.12607165794928205	0.1364744103368028	0.11723508406147037	0.09985994129315848	0.1069554286781241	0.10450986279385024	0.12056803688400233	0.10827487736031069	0.08556662348558056
21000	-2803.8642282031615	-1781.4952798189815	-1022.36894838418	0.10497429255239005	0.09979477100142053	0.08673941523134936	0.09330541409135959	0.13705852025551865	0.10044925265314142	0.07599732941894695	0.048518039963541544	0.10119107155118019	0.1312015025635389	0.10546110746071202	0.10708220198429994	0.10746732103059296	0.11109838471183707	0.1252712827760041	0.11880268332403987	0.0863550592195007	0.1419641206377287	0.0846169742033978	0.08782318588047831	0.1208944631818425	0.059426127906340595
22000	-2197.0391282731207	-1149.1188338123081	-1047.9202944608126	0.10153065266767859	0.03546603354706292	0.05012071880286442	0.10345848897020374	0.09837848534470851	0.10832350552539612	0.0771591767053679	0.0882971138216655	0.15592586676241643	0.06867534387809995	0.0963643957660097	0.10751101083630389	0.06709746024380539	0.11894869972387367	0.04785168834354428	0.08155237060680152	0.08222781422933653	0.08535320974825834	0.1740542655515507	0.10198810918583895	0.08880334107634089	0.23020468584629575
23000	-2270.7933897484254	-1240.5627105425183	-1030.2306792059073	0.11308567321697573	0.11693509157786917	0.1162207607300457	0.04705000064058481	0.15672695756083366	0.08434897588725365	0.11491439231460067	0.09174335594194032	0.11090494765566601	0.16762277804858858	0.11831009480523455	0.10920917538137667	0.09842743010809736	0.09884052483263403	0.11977130371860871	0.11891529646847103	0.12525367617438124	0.1709007461424035	0.07428907186449697	0.05745460728191056	0.1335695286752266	0.12342248890937738
24000	-2214.7117862555187	-1172.505188567663	-1042.2065976878557	0.08508967692289643	0.11016000488564058	0.07788046911253002	0.10492315565065771	0.0956106278217862	0.14246759209207352	0.13607993639504742	0.1404289092254988	0.09789805844106914	0.10899776972694938	0.08038126991894452	0.07357246982884437	0.07951225847793665	0.08578492283777016	0.14072884380224868	0.13079318489292915	0.09652598089563712	0.10366182006349954	0.16391023246969194	0.13735701969035968	0.08233435416072755	0.5886327484034806
25000	-2451.2232405040763	-1412.2909618525537	-1038.9322786515227	0.10722088772368592	0.08515110086740929	0.06790890601411058	0.10569160834572751	0.13193588367801826	0.06742347039887356	0.07015616450875532	0.06900308230375925	0.08846299524126264	0.06285999591381516	0.1631867158101823	0.10141568616907477	0.1530722535302062	0.1075638476067855	0.0874077645936396	0.07019059944893714	0.09194079458686688	0.1019297098760884	0.0654837284344607	0.10632198111433437	0.0755479977756868	0.24280194178409437
26000	-2243.4972614162457	-1206.4313299907815	-1037.0659314254642	0.08173619539724271	0.05959073821162163	0.08469117225248197	0.16427255256867382	0.07167544862349108	0.11205708422832755	0.10530523311793712	0.15702133335884885	0.15605603519674938	0.1498211829528295	0.13336742614361574	0.1158983528997067	0.07025394941130467	0.12360875721972152	0.14058973255009022	0.0730516669763792	0.07330909205725945	0.13524969374218815	0.10937798611646948	0.10668095702264642	0.16098458398526128	0.1725927446732795
27000	-2287.9818466278357	-1248.2638973907447	-1039.717949237091	0.15216006585283187	0.08455110770504436	0.09114074575643108	0.12761809048310058	0.07289641943612059	0.08924255741685133	0.1579837785566465	0.09687334235130832	0.08083112313693011	0.12088860871333623	0.10670258732039552	0.07119437642490718	0.0932271918845929	0.10062002223088953	0.07850666013920099	0.12937435951969406	0.09255413136702031	0.06830261611422409	0.07522363335375694	0.0924219293684491	0.2002931357345481	0.15687181466356673
28000	-2309.2493407450966	-1283.2701666785813	-1025.9791740665155	0.1271186734038549	0.08918427754882596	0.05134654243016534	0.10342376811681035	0.11377834786846454	0.07292983248276881	0.12802122471092928	0.11531750934182215	0.08788560007225493	0.09169626968078837	0.12974213562580003	0.11001739308418852	0.09707688546190105	0.0922689869574986	0.20461236240270542	0.1263074627229397	0.14514378441366943	0.09950734274435269	0.09206886627445947	0.0916620785467924	0.06275166884839146	0.06569653253669072
29000	-2482.1884007117715	-1454.7388609186844	-1027.449539793087	0.12665449517268335	0.14928952384489433	0.09860248285442638	0.10267158482985606	0.09601511719576128	0.06721710345586368	0.09211578684087737	0.058574267258290215	0.08300873661010096	0.09827652295208153	0.058334220413356494	0.10845334370794445	0.0972695792336254	0.07311451291386462	0.09026201854577746	0.060519729991408734	0.0953642315687823	0.08735277871054833	0.08335293214000693	0.07538667453275558	0.1984774671279798	0.03337920380799411
30000	-2215.994999908805	-1177.0586383319971	-1038.9363615768075	0.10002736514011995	0.10836821029870967	0.134740014666422	0.06907209561034691	0.07375240713389601	0.05553594133935933	0.12483395333889168	0.11783516039776884	0.06478030297121161	0.0986412084431508	0.0893932467495496	0.15821703687373842	0.1488007182012775	0.14742030212229357	0.17550982141088894	0.06459269895567266	0.13770202539460472	0.11933756373236754	0.09782333105125302	0.09652531107146284	0.15692342671143567	0.1811109767573814
31000	-2230.5305494391732	-1188.9279655136277	-1041.6025839255453	0.15019246832617286	0.11149437560854154	0.11738088302588258	0.19310968623312386	0.14898702318354207	0.09072507452407329	0.057540488674159875	0.08547575116199913	0.09428747864953703	0.08523614725879548	0.07996343513622246	0.1456765284063312	0.09554639330150418	0.08045469803598367	0.09612262561669736	0.07662974507411016	0.052655138004701736	0.15952943837573835	0.0862408969883326	0.10628953668740543	0.13470969854957218	0.20272615572686123
32000	-2240.8841992281245	-1208.7800537920414	-1032.1041454360832	0.11376011296796422	0.09355657974845386	0.09217566273690846	0.08191145877541127	0.11427113699990851	0.08584580333873135	0.06515450367334541	0.09452871186579075	0.08647585611487005	0.08826862307797913	0.04653589488589455	0.11598972577640596	0.07604082227196417	0.1727298865271819	0.08237473101579182	0.10738685427549528	0.09419674019465088	0.12685435672835704	0.07235226308511507	0.08826826332411411	0.12016515126093691	0.08398771061104822
33000	-2428.571318377448	-1393.7760675202353	-1034.7952508572125	0.10419159856663227	0.07563608154469431	0.11039477553776561	0.11909847527088147	0.12966136657693744	0.07540333254312857	0.11665173854351785	0.1184692218932442	0.12153341783924493	0.12494541275688324	0.118633777208469	0.0743112340886226	0.13336760390202324	0.07778522660575175	0.14086206757405748	0.08031259040735626	0.08162624497569591	0.18020884717082478	0.115324108882362	0.03994442599071111	0.14085526755570418	0.12674762890829233
34000	-2249.114189554638	-1204.6758374349752	-1044.4383521196628	0.11201918597672042	0.07776838482661945	0.10486194921410395	0.07895397462072733	0.07770336091631505	0.11156277596979616	0.11462032370741068	0.047891025404078066	0.11747215359864924	0.13674475723626375	0.10939493837008388	0.08877373984232513	0.0959239384918177	0.11481977626621101	0.10993016826823378	0.07913893857175201	0.14229942232118015	0.07179493587474177	0.04583752757692133	0.11464146393151836	0.11895589370505061	0.2510823071870596
35000	-2229.9978931281626	-1189.508686164508	-1040.4892069636546	0.1058228377665975	0.13050704955186335	0.15789884616270367	0.07908738228972151	0.07553441622946881	0.059669227982436734	0.10480266665158451	0.16380389696707331	0.10189640590557039	0.11326794082422713	0.15167760515027737	0.10008435716571627	0.07962163378500384	0.07338653447028283	0.08668988700217567	0.12836932888535652	0.11931781209640999	0.1652310072024853	0.07905875645589694	0.06170873156969275	0.04516843631372061	0.155181477401718
36000	-2267.2534819856464	-1234.1796829827013	-1033.0737990029454	0.20676692907476116	0.09494368615965802	0.10256631626025285	0.0673326738622777	0.0859428169342893	0.07296003143339391	0.1144126212761345	0.07865579416679483	0.15180321518696124	0.07142388716244727	0.13040192299219053	0.08655677871100058	0.08374464862307603	0.19075549668061267	0.09857459873354187	0.07396578799983934	0.08003813388424198	0.09459949087053743	0.08043855054497734	0.0976390795772821	0.10582061344174722	0.09093383386671208
37000	-2320.562289270487	-1296.8831910302085	-1023.6790982402784	0.07491811721385909	0.06884251076234472	0.1257299936028775	0.06457713954494367	0.06474740272886308	0.08751608871226588	0.14557768442633942	0.08316223484044562	0.12358912308781798	0.08229544154230571	0.13501972522961195	0.16239531419623826	0.10193145857553547	0.10510293728803251	0.09713624443297314	0.11406331436668392	0.07175492445406825	0.07621885553044469	0.13278757218731363	0.1376945675980983	0.10295269410360992	0.05305290698031463
38000	-2296.5745557167893	-1260.4262183903238	-1036.1483373264657	0.06619022505852828	0.10907598057842403	0.14316513577490292	0.09671086479223086	0.11165588526379361	0.12675176466311575	0.10296311791961016	0.11634673993085602	0.05532440587731394	0.11200699986697443	0.11491305318297101	0.09448315948357054	0.1415329925071501	0.07134296274712446	0.138062275831248	0.15601104797075174	0.06411640181535379	0.05829740231724046	0.08859436031574541	0.11061405798677074	0.046493368016379426	0.10685050777131339
39000	-2178.468570593539	-1132.4725798454572	-1045.9959907480818	0.08306501984506272	0.13141664595769736	0.057255517757366946	0.05135216964701983	0.11509319626005608	0.10432888848983078	0.0993671908014103	0.07224403932647275	0.11422401478236792	0.05513551537390703	0.0757702609708592	0.07771044408376934	0.12312719594240996	0.12737798770446282	0.08333301122115018	0.06761118660763493	0.07936072931495053	0.12635890257763863	0.08883433626255902	0.12040156161360124	0.09139562536303146	0.22617082488174223
40000	-2240.3584611034985	-1208.2665539088093	-1032.0919071946892	0.11726239475813441	0.07084997803230628	0.13889976326787248	0.08339009755944246	0.14095102015597674	0.0968082948912434	0.11391024665072198	0.1663594888253097	0.07935499371900032	0.13369368668918027	0.16715854436028085	0.1138025404230934	0.09319870677658548	0.1126369150128248	0.05768971572101337	0.07816466652301227	0.08220435794305164	0.09840840619309853	0.12753806014482366	0.08633499455294316	0.06448214541305133	0.12725932506971283
41000	-2275.11450044076	-1247.1397285351718	-1027.974771905588	0.11227003955611083	0.09318137004246811	0.0751092782966151	0.078939160902592	0.12857687697452258	0.0838637397057339	0.09840875731696808	0.08331371999680366	0.12752956881944458	0.09055320814986609	0.14057071935837556	0.17981468342244797	0.07789441520830218	0.07476774616395289	0.17244011993821032	0.06314790415855635	0.10760566972237819	0.1558830652655878	0.09989549839510344	0.15209141655863725	0.13757355374782815	0.11458701490247564
42000	-2619.338153776743	-1592.8343887562078	-1026.5037650205354	0.05550867734111046	0.09534754989438338	0.06861543272354911	0.13056905925348594	0.09130008248256212	0.12052403766474741	0.11782474185952363	0.06331587261113573	0.045618934509204206	0.13617934730554188	0.13493905320828956	0.17052751916357542	0.08347367340889231	0.1378404830645282	0.07413859421478237	0.07443425796507624	0.09349375323534109	0.10311970219331736	0.13228197790118457	0.06115479062565521	0.05207860535213322	0.032914657290039284
43000	-2248.5405144765336	-1206.3323283517827	-1042.208186124751	0.1426786569018991	0.12328089187664533	0.12326922502824736	0.10033998646294395	0.11361686932752438	0.07670402689704617	0.1056371652848361	0.08941607639483053	0.10841623108075935	0.09645238739476546	0.10288855296823446	0.0745480026537762	0.12665991287044204	0.12862210604732846	0.09323734806781984	0.08500828423285346	0.061360014210500816	0.07499070097551921	0.09837228504786849	0.15141993299866108	0.11519248339329165	0.4829650164268483
44000	-2168.9035600464595	-1132.4045145186153	-1036.499045527844	0.11292633273177081	0.0948545048279201	0.1323833901607869	0.09799765899659937	0.09029480456336858	0.11161464600015761	0.12832489416968823	0.11968055970895777	0.09536042473434884	0.08290963359244638	0.10489863592755203	0.10068996357044951	0.15475171282557137	0.10331411773358137	0.12328916435621899	0.07144676959877314	0.08202964363448566	0.06773847024343695	0.13275242232979045	0.09482914172185176	0.0708000729099873	0.31421203970361267
45000	-2290.3676749774586	-1252.0091799406516	-1038.3584950368067	0.1008601938438657	0.07920191071870118	0.07295630384713364	0.08674573938454795	0.10426749155698325	0.10064458603122846	0.15341649768697735	0.08944887751983556	0.08202161158822908	0.11759413637830118	0.11364883865104243	0.08233573744098392	0.15010529900192582	0.1184478642895401	0.06513522325947338	0.10990931080488905	0.07767514844066	0.12167694313504819	0.13967817548062	0.11877100536791274	0.05760045388978912	0.22208796056261998
46000	-2298.542219416226	-1272.2938274242836	-1026.2483919919425	0.08658799768911989	0.08597668091176144	0.09203551202518198	0.09582604641322172	0.09739222409450937	0.13481353676276206	0.05952788951654644	0.11652682917348123	0.0924579588466531	0.13836485586277758	0.11053427506173746	0.06968817030901073	0.05812680744344559	0.15287590166468867	0.0896352151288681	0.09338545904395111	0.11351356477067626	0.12074470890965744	0.07713152216682728	0.06339194741023907	0.1004104796148747	0.07582897133288696
47000	-2317.5025019668565	-1285.5692373770198	-1031.9332645898364	0.09384002210757181	0.09899776691489726	0.15353581282393325	0.13222954575450646	0.1345552185783726	0.07224434015781858	0.15381781758850818	0.15832468405706882	0.07162222761941521	0.1692491686111656	0.14594876676838783	0.11431289872798972	0.126407393957573	0.07869678264995272	0.11204536391414757	0.0913694337639676	0.14653892052791298	0.1867945405012618	0.1260131608026367	0.06315855392100887	0.12080759364747726	0.13599114618741334
48000	-2390.9692475998245	-1350.0177118992822	-1040.9515357005423	0.13422822948562219	0.13231686978805407	0.1726434532286058	0.12308472914764465	0.09637987929485281	0.07423350598920775	0.06679422810816288	0.08063868796435393	0.1085736753020204	0.10460146425493955	0.11108585969787513	0.1873499141553704	0.09245395056967776	0.12285187235614752	0.0691348514910347	0.10800325903777012	0.11202005865504137	0.059515777653750365	0.07167610179633226	0.1353509259165031	0.09692478119634966	0.3816281953249793
49000	-2496.3478784979116	-1451.9392725718108	-1044.4086059261008	0.08878923139351443	0.0838446582320055	0.13338255641577823	0.169788923249162	0.06204768463838009	0.11290062674673591	0.08018945084062959	0.114075582709683	0.054711535063093245	0.1409290797539972	0.08553820443189211	0.12110532899645822	0.05894482966245546	0.09003874197054029	0.12324137976205403	0.09330464334846346	0.06099201259499164	0.09427339514859177	0.0929114993129211	0.1336348272090272	0.16170048006245083	0.39539787624673384
50000	-2316.624616317953	-1272.668024526623	-1043.95659179133	0.06292689868771711	0.11058770172189927	0.09491883870448461	0.12276146528000614	0.07410634324706118	0.09641348675116646	0.06958422280972196	0.15004640654665535	0.10634605722193981	0.07448369556373326	0.17750135224345867	0.13509467751637902	0.12891497649101738	0.13205557966820197	0.13093924126201056	0.16481787105690907	0.03160863297943488	0.10991831969975271	0.053843139680662594	0.157336773486596	0.11105008569715512	0.18473388860623913
51000	-2230.75895723913	-1196.0090037871478	-1034.749953451982	0.10970036874473614	0.10801605043051517	0.15679528007166624	0.09590482843325	0.06755126489804074	0.10969065114796937	0.11084831669916265	0.08601098861756463	0.08991980672076708	0.09276503331635999	0.0981572308418785	0.0786814121672939	0.18158787052097153	0.05672153936506512	0.0763185025298206	0.1376729332577004	0.08981942557509948	0.0514330919341405	0.08391811434370057	0.17291725672452488	0.09862278314209542	0.09601944791985546
52000	-2359.5323289895973	-1336.6524344045001	-1022.8798945850971	0.1105752836998755	0.13174580949244166	0.08308697907847873	0.13360598437952034	0.05531535806660031	0.14393774607998688	0.13228843299292062	0.08419549013553078	0.11682914212323542	0.10250970614077327	0.11265320702606411	0.10671481367888352	0.13704944183215714	0.11502851752448086	0.09317564471076195	0.0654420771071742	0.09999295840199644	0.13333650748272285	0.12080241932276069	0.07860371669192562	0.1086902695685073	0.06575788001841583
53000	-2484.5845262304465	-1449.1725231508858	-1035.4120030795605	0.08817243703803501	0.07965677556368148	0.12152025159077022	0.10956864418620763	0.10948340316832618	0.09735939841522222	0.13988352176532798	0.08814412588121597	0.1259999670315233	0.12494211438473757	0.1011697623281489	0.10622184934681558	0.07197649217644024	0.21243027252426372	0.05386189484897886	0.13711971067562037	0.08442894529688415	0.06461950667753562	0.09253866548393488	0.11541056382053588	0.05746589178979464	0.09547476623258257
54000	-2619.953963370912	-1585.5030535074918	-1034.4509098634203	0.11583991684870218	0.1620823031980325	0.05245425540414521	0.10814471107888485	0.13454348035104988	0.11269809862447917	0.14419146767460417	0.0901802693116137	0.10269635206426728	0.12216178703107294	0.07183344792658986	0.152960516307049	0.08107284136274077	0.13077072731221412	0.10136298464113486	0.12286527493708466	0.10547949784603353	0.10684409599892561	0.06855070765202022	0.1351191640811356	0.06912524997471836	0.13618952058836845
55000	-2878.594554296792	-1848.8528916479986	-1029.7416626487934	0.08152118652093333	0.06891464801222873	0.0639762475116884	0.07284353883345773	0.07057151959812152	0.10407577720673292	0.20260959986823857	0.05335579997009494	0.16612896346045175	0.11912993627927963	0.11272786561846466	0.10919464972167865	0.07276842114560503	0.15844057991474686	0.10648774576642325	0.1261528559374324	0.11712274450343342	0.07383174154103347	0.07363416778996537	0.09925224445777825	0.09796086816522903	0.056632022244095026
56000	-2547.7083468585324	-1506.928054486954	-1040.7802923715788	0.13913608732557714	0.1385139487945107	0.12450973110250238	0.0669685432070201	0.10406055103092608	0.05819704935969188	0.10773330638191299	0.09456698963565276	0.13351719431664458	0.1130989541812062	0.10079088934380583	0.08513332501508555	0.10116447497572936	0.07485648406631538	0.1016107971809861	0.10527957146387919	0.13870326122191287	0.06708810183434437	0.12319675195813821	0.11687153752377984	0.10616255725426552	0.29174107047844156
57000	-2481.4633351452426	-1437.726258693886	-1043.7370764513566	0.10134737949655448	0.048354006828887304	0.09288722908677079	0.127849052031363	0.14706233616239062	0.08866548117969471	0.0774128653593715	0.12166588898670791	0.08526781059845337	0.12218143174789589	0.10869961900060084	0.10345495864671332	0.0545895806438054	0.12417983491055659	0.1732098013314646	0.08365324901273867	0.12421648902095797	0.0998587218242821	0.11856601844814502	0.14983596202424035	0.08618891203328867	0.28419453227953745
58000	-2550.8700633459566	-1495.359027941361	-1055.5110354045953	0.13139620124940596	0.11963621285463859	0.13501015512779804	0.22173516903329235	0.06649743584200797	0.08977756834828914	0.1185266907982086	0.06255864545615224	0.08678423079977289	0.08190931304706797	0.0852290181401491	0.09289849562131124	0.10237177172174061	0.09952142278056172	0.0789965968018604	0.10682610557830564	0.07795289380475016	0.13029079405259267	0.12012888449689388	0.09209966897504877	0.136919364394775	0.88156489796758
59000	-2357.375838788871	-1318.9760770714154	-1038.3997617174557	0.08096724570792534	0.15468391404642529	0.08573451844188405	0.08675958152988683	0.0659466589206933	0.10647473869271473	0.1196870846561786	0.07958393917668412	0.1255761436005599	0.09752206459582718	0.06809260819258552	0.10327871434880491	0.062354536436165335	0.1142050146223623	0.10922640164059237	0.1630410214226595	0.15512163019678413	0.059286297752615805	0.11358613201377481	0.112239035551471	0.1358597585502975	0.1327817807248444
60000	-2361.8669922482522	-1305.9704461189326	-1055.8965461293196	0.10800438041212683	0.12319934894010491	0.12616673750496843	0.10632706525125434	0.06230661676380032	0.09139278696593182	0.11167702478571492	0.19071643776473862	0.1719696322573148	0.06141912010333312	0.13485128993546966	0.1308811717533313	0.05286735173779589	0.07334859615223369	0.07650373306950642	0.0965337838390256	0.04035096424333672	0.06665992084513056	0.07889326008828718	0.09719173665028905	0.1041760809790275	0.4194836421103527
61000	-2532.98800950322	-1499.8256743559482	-1033.1623351472717	0.0707265761675014	0.07861123019886175	0.13200818430523706	0.10176966016301263	0.0872505534049056	0.10344466035385182	0.12719040019914235	0.10342272828914675	0.09631679126106645	0.09267468320374318	0.07067787107694366	0.08749717660514286	0.12189046637063557	0.10741259488160494	0.05232099940029893	0.08096650400622567	0.07073891719201127	0.12581676527281516	0.08875568134174291	0.10122186731785905	0.1288839047142891	0.14306041278969592
62000	-2313.5444578702127	-1268.6818526658524	-1044.8626052043605	0.17171659313698165	0.13088957114576277	0.08321860435560813	0.12346914239503298	0.12524883670247353	0.14183568428642823	0.10287864743541152	0.06541228014375242	0.08876940468745198	0.05885015807852732	0.08206241082946061	0.18691632301883881	0.1179610134053734	0.13804442096877667	0.04945297602625563	0.08569378104202217	0.16251771126506454	0.11062894473779232	0.11152905591087887	0.16874038823695653	0.12701597828689593	0.30132493386506837
63000	-2327.0804626191957	-1269.0151981061115	-1058.0652645130845	0.12509504796157617	0.11195706591787044	0.07600403851911625	0.039500321622051464	0.09015706992713629	0.10129701406726277	0.07366000467527556	0.05682131099281857	0.10500559980973209	0.07363091497176082	0.160391569182582	0.09347053873440755	0.07263084247533165	0.0771621748965641	0.1317922461515367	0.098333432557793	0.12308438572756979	0.06863803850213593	0.08337819008891421	0.08941597186317084	0.0982711175861111	0.7294377260087307
64000	-2269.136673714062	-1231.2274924136282	-1037.9091813004338	0.1821938479351764	0.11924837566446768	0.09341748598342403	0.10544292456287821	0.06247264363110637	0.18085162370657265	0.16630487913194145	0.06593400410428962	0.12769462886575622	0.06332429367860336	0.11397965349019606	0.11829356998547909	0.08470973752751386	0.11242746646227272	0.10372217853269446	0.06710784941511926	0.08860875503127208	0.12194739927574878	0.12417360551475454	0.09392308807602409	0.11817610204220483	0.21233958926496777
65000	-2267.9816196621405	-1235.3295623340716	-1032.6520573280688	0.11678671474077947	0.0995011215169012	0.07434269204641736	0.081872959850022	0.13630534606508427	0.14163840973758662	0.07324601160079738	0.06520654408973028	0.13595396851795472	0.06449297621885511	0.08982516163907206	0.08392505233678119	0.13666482122144777	0.10574599524528	0.13955585124364142	0.09497869522904653	0.06499570050305452	0.13638642494826436	0.10005607646134392	0.0808968994117968	0.08296085016000977	0.12920584442446847
66000	-2240.6470113615505	-1205.3570499354387	-1035.2899614261116	0.1677200064977486	0.1406567984113784	0.059409547908508054	0.0624991454982186	0.12002787956634249	0.1089151186835673	0.11114484002885316	0.16937512632034085	0.12050168942477615	0.11972656459348599	0.13004024033994094	0.11569407357837522	0.08027605016698985	0.0942341471677975	0.16147231580029808	0.053294344923569326	0.1106326866418412	0.08104762609173059	0.09283886561601289	0.11358390950918064	0.06762789327554702	0.14770858388021088
67000	-2280.4700626691438	-1241.143714106099	-1039.3263485630446	0.12092379336792776	0.10672346292356077	0.11532455833710406	0.1728278323936618	0.06395958524983936	0.14205213055037527	0.034064047642273686	0.06714704754512438	0.11761738702358963	0.08002353096234664	0.0935683748819055	0.13110332397465874	0.10310961557165656	0.06676328650937936	0.06708199253267134	0.06827204658979101	0.11150043221808217	0.10960024735874048	0.09986901184620013	0.06953777281188435	0.06599928052264058	0.1114393927997754
68000	-2245.89906870614	-1218.9198678319442	-1026.9792008741958	0.1048779531876715	0.20915920845492314	0.10999456534192623	0.1524650143591399	0.12886614207399189	0.09542575775539666	0.1545392949837539	0.15243666072683965	0.11108553307429503	0.08739022838051583	0.12477177081286309	0.1453766381571463	0.10711187117474427	0.11566898973006137	0.11419527000860831	0.09701102063522454	0.1777898936025798	0.07310898750567954	0.05389112227261252	0.08414003260582537	0.12963920064984877	0.09826925237474116
69000	-2162.0818138400023	-1119.9087357089518	-1042.1730781310505	0.1080256990658875	0.19089499435583765	0.1272328766526038	0.10430459775232019	0.17219213817225906	0.1544073236544649	0.1258080928843773	0.06361015393806634	0.09679101647297875	0.11239014620980042	0.1672640476093439	0.1159193006340686	0.1675094057514581	0.09777317644526692	0.10901706035552026	0.04968092665716577	0.06682479270720082	0.09303469733489945	0.11377104023631196	0.0586071857456291	0.07964422987483206	0.2441812426163033
70000	-2352.409363639985	-1323.7614691673084	-1028.6478944726764	0.08922075229902998	0.1146212014216399	0.08755290259025678	0.07114081439156711	0.1221782298171908	0.06504815699881798	0.05604037844196068	0.1645335076527232	0.1123680625633337	0.1374066464348783	0.13125362555447276	0.09207233572188488	0.0879921873369803	0.10807201816614724	0.10498262736368383	0.06222930753429923	0.1047652780979251	0.06768259677608927	0.1216022807501301	0.09666139277138754	0.08800288495813646	0.10060573543190586
71000	-2236.930518250755	-1213.392334095399	-1023.538184155356	0.1074376357255495	0.15908238825223306	0.10934621647435766	0.11818939663251377	0.15099114944322614	0.15384818140127288	0.13095003493023122	0.13813865243147025	0.06870875555108252	0.06797420059613006	0.12396371216240314	0.09483649713681275	0.11413985655129985	0.1415024084688229	0.09953466888303855	0.09896985730126417	0.10980408448185486	0.11023187663719496	0.10823824367110721	0.06380076501434259	0.129039855040231	0.11046100183491625
72000	-2322.530217591153	-1291.6667586413057	-1030.8634589498472	0.08938964912559155	0.09850139099632216	0.1109340416569589	0.11454927151982502	0.09224807818809122	0.1279427092436945	0.0770261199017765	0.08331878333869235	0.13773281984025948	0.10725081266020885	0.13053673670005084	0.13810502695270568	0.08003045094977057	0.08460369008968385	0.0858534310684293	0.12382588268901033	0.1219726928384729	0.08164840095493905	0.11949863107458741	0.06495845089705869	0.1562550604359815	0.19094852624380118
73000	-2557.148300937962	-1527.4685702110232	-1029.679730726939	0.04811788209872444	0.11782135612999517	0.07186159814854595	0.0782604242087364	0.13037963566475522	0.0963410512720966	0.09725747802433835	0.06528136569430562	0.0996082654058977	0.05642547233062363	0.11189540280468509	0.08111680063842093	0.08883532743544394	0.11296110737693071	0.0776362333946024	0.0917160467544146	0.1680003426959094	0.15249444627404996	0.11228287962832291	0.06071175068856376	0.11273641603613926	0.07063014999554243
74000	-2567.8660849281555	-1529.2228892411204	-1038.6431956870351	0.05711195960117065	0.13963798628839674	0.11171798229060485	0.13817232447071515	0.09686005421127705	0.20721308887800474	0.12505791607419336	0.11186412878043168	0.1313054465174991	0.08739800343139535	0.10233780216993396	0.15328261664949192	0.10362570131259326	0.12122782108175602	0.06006968315132609	0.05794444725278907	0.13072611256729008	0.05735957177476106	0.15720496220304775	0.10894256076686983	0.15322323204127566	0.1549477129723932
75000	-2466.7765859305237	-1426.660233366459	-1040.1163525640648	0.1271274148531284	0.12379438320014804	0.08332671758875489	0.16433405616154037	0.0909716047795779	0.09472000322540272	0.09960536818575456	0.0620953350717963	0.08392958063192286	0.08483758894590158	0.11197325413669387	0.13138656011034583	0.06112764731725463	0.10139925778644568	0.10478385505501561	0.09071816243644314	0.07058825538383079	0.08025503056501646	0.15290097186289725	0.07924921268774097	0.11804584708424319	0.3216003999799679
76000	-2232.497762307161	-1194.8099355208005	-1037.6878267863606	0.10216327000855156	0.10874443704452892	0.08560468037836154	0.12009898709362918	0.10009668511576858	0.0857949654784942	0.11872981066024849	0.16835261793849307	0.07319685173895636	0.18884752065220356	0.07132700187899622	0.17937425993150088	0.07697767312690527	0.11802752224673814	0.172157668079768	0.09261967717001143	0.11358298337239624	0.1312369421110805	0.10845402330813805	0.0935525229742479	0.10501271529875573	0.2522824891930521
77000	-2276.3690434381897	-1251.8697557264456	-1024.4992877117443	0.11147962069205203	0.09448744877973769	0.07871544310618286	0.10103059129589753	0.12394050428044105	0.09051775061473154	0.12801707899602333	0.14865027598548983	0.059069859916450695	0.10060214508284247	0.1276531664129104	0.14732169668221165	0.06569153369361161	0.057545319988564755	0.08290261054764707	0.08995199517465648	0.14313412128468164	0.1112188688017415	0.14846235388286105	0.0863821707722889	0.10106170481474734	0.08531679746435555
78000	-2299.9388098720865	-1272.4426262476711	-1027.4961836244154	0.0915446189022898	0.06672648196417776	0.04938738416926234	0.1015454515021885	0.10057289585494537	0.10964625260872973	0.14630521459498982	0.11994736640413156	0.13167078109155314	0.08018462607132877	0.10425731038246643	0.10658068964587149	0.08848755702251937	0.09030761183157758	0.08235622527267138	0.12424888846112596	0.08698962102836588	0.19278747757611236	0.10621186974662633	0.21381460775892144	0.08683919786837195	0.08549567522345093
79000	-2285.2641044443444	-1252.766794191717	-1032.4973102526271	0.07450683526733398	0.1430611630216063	0.15760762918855858	0.10923005536409615	0.14666199369883223	0.08557601927357258	0.10256794528013774	0.05374738005392371	0.14543710075494518	0.1317705530240981	0.13067521692338918	0.06742345549263173	0.09605704140510006	0.0925078669974861	0.05785490434263598	0.10209746614828127	0.07446632680830134	0.05955778148044887	0.15137584602164847	0.09245364879997532	0.10636724824139542	0.09608117244914524
80000	-2393.3939564891034	-1359.5116284418484	-1033.882328047255	0.12930897185533408	0.1299455692893456	0.14360859744481186	0.13543435592974715	0.13340469084112216	0.23993788975964012	0.06994533125465661	0.10406454492957104	0.06972331015675932	0.09846009094992579	0.12124373484263215	0.11692911970602914	0.08925229403206164	0.08316578050966857	0.105498450961905	0.08672374062653793	0.06511310736037111	0.1467863950441919	0.06843279528888953	0.07220215823868113	0.08526051355538741	0.09848773218209982
81000	-2256.983416882607	-1219.109533690914	-1037.8738831916928	0.15843642212523956	0.14471760037607845	0.12448679489478044	0.04619208049096642	0.08988135180966515	0.06297235483533653	0.08480704080152987	0.12369786302823947	0.06299419579750934	0.0887821039344843	0.10621768094374016	0.14255769758523065	0.10411532568011232	0.09281167232978173	0.08541078474032993	0.09224182589446348	0.11600776850518893	0.0625263276214461	0.14348051779331292	0.12712828250342695	0.13028265471189007	0.11585858267790278
82000	-2303.642546038004	-1277.6422250390456	-1026.0003209989584	0.10781261786709287	0.15301113614923492	0.04244178063535781	0.10383353875987371	0.16482668345569618	0.1364230888233244	0.1362641665264978	0.14636879097556557	0.06309551363957346	0.14210012761691226	0.13179301415182237	0.11574405109397068	0.10635603700514973	0.12440862666265359	0.11062030053553801	0.09629523880623546	0.0994186380790852	0.12539281119328058	0.14426613835453428	0.1369583579254767	0.14587098863712233	0.06746334855353825
83000	-2523.5380309317384	-1500.4272152949509	-1023.1108156367875	0.0802814935794901	0.11433454008133025	0.1564935868265362	0.11745964946690474	0.11000566486868692	0.08249203873142093	0.12431901116887545	0.22991681832783817	0.09053346434604428	0.13703611366386964	0.15094917412311448	0.07782178740032569	0.08335851357171975	0.08111576328899057	0.12967860090813607	0.09529910430622718	0.0729125200783739	0.08164921045165659	0.09549879407524535	0.11924225754973304	0.14795622067217853	0.04438926875475282
84000	-2327.840525576181	-1295.010841536059	-1032.829684040122	0.061396660100755875	0.12238693682403215	0.0848374556006526	0.08699427711565683	0.10448087018276976	0.15538618561825873	0.11154904413673251	0.1296462042784278	0.08274089719298332	0.10133871121039217	0.0871892510759567	0.08155476244680032	0.09435253427483214	0.07845088452090468	0.05334895496419495	0.0770087695237452	0.14478957845824197	0.11330061979312586	0.07739363367031155	0.09356641970416832	0.09477938953768608	0.09728886506979081
85000	-2309.627883734147	-1263.1844945122543	-1046.4433892218926	0.18109736172084093	0.2105850860779619	0.1123361632926644	0.11822901030018401	0.062243647459437126	0.0610815411006288	0.07536137705567626	0.05892860937980076	0.1293434288514776	0.14013617983168528	0.11337291505323151	0.11952341453376962	0.08835135395696887	0.09667537799503738	0.12473932425237837	0.07858246276579262	0.11063218797484108	0.09359529280768143	0.10456364618247352	0.1415274894953782	0.10067312448515814	0.4010999793960674
86000	-2514.219164193933	-1473.4902607506976	-1040.7289034432354	0.08669334302358436	0.08279626217741531	0.12221019583965062	0.13229872093903214	0.11919637148362187	0.11414398450655198	0.12161582001081554	0.07609862129043006	0.10466383330609204	0.06001727221309482	0.09604199580062737	0.11662168705394832	0.07702962939179103	0.12266768854963504	0.13049666784167593	0.16806515818945542	0.10264748037109922	0.10690227997687005	0.10574596039766548	0.05449778578907569	0.07747184132136355	0.3348932508096662
87000	-2212.1546305621287	-1173.592093627339	-1038.5625369347897	0.0787760435029814	0.05211963036007218	0.07098716210437309	0.065699145362935	0.07895778689705008	0.13666924992143464	0.11434498349330258	0.10683415585758337	0.08345444531470664	0.15159753794652286	0.06469659877735592	0.11856311701829599	0.10813467608683013	0.11089281454084765	0.10156117557221118	0.08650896879889473	0.11280785429548147	0.14049237550466118	0.0782941104541723	0.08670857383236018	0.06690689937747951	0.23788658081988556
88000	-2329.9718825478476	-1295.2708720778412	-1034.7010104700064	0.09407368378770947	0.1657425337814825	0.13003032219810343	0.08049738043886254	0.0919713420949537	0.10303059152718379	0.12686338315784768	0.11078035759846461	0.08331279380481624	0.12620607462893657	0.11943048407088083	0.04869605121983903	0.04709526424037446	0.09701393945573154	0.1059588357340608	0.11221449501557514	0.1329044821048991	0.07657752484951413	0.07175615807074867	0.0908002447104154	0.10135378340375584	0.14003014517945533
89000	-2378.4109975189904	-1343.2457382698265	-1035.1652592491637	0.13594820710967195	0.11126782187940037	0.16301433759395073	0.11350378149098073	0.06720066212793965	0.12361964476074705	0.10161392869170421	0.07684852317212214	0.10699957932567629	0.20830922253552894	0.1640935383586687	0.09394035813565559	0.10106031950605596	0.12100812098163487	0.07574418112295045	0.17554788478138114	0.08651136329721933	0.12249848621692765	0.13641037956337904	0.07545924793677039	0.1847723248725015	0.13460927638812825
90000	-2336.6225439564078	-1293.2482516497469	-1043.374292306661	0.0987910551281963	0.09635244773159192	0.08193848178132583	0.10029039101269238	0.09435910374919332	0.07407632663095898	0.06051787824404946	0.1476458280526323	0.07982050649787091	0.08338577018356012	0.07988602612864977	0.11266939073831217	0.11675767720112609	0.16289496392489614	0.08078921757922955	0.07167503847895293	0.052419689650549925	0.09911015377825634	0.09905370073564794	0.04941209850281693	0.09510430830397745	0.22220813831135178
91000	-2316.6551380986343	-1274.2681046256128	-1042.3870334730216	0.06244874017124155	0.1201982921569999	0.07314938262956748	0.08959099106970253	0.16812727183822593	0.051922472788069954	0.11207206868712592	0.09304656434730245	0.12429504279366607	0.15656177592686107	0.11460539209193014	0.10729626048667867	0.06468304554113793	0.08788550801870944	0.08629912138075271	0.17189037124128953	0.099572189337245	0.06391616487169628	0.07747492944300617	0.0936600398826881	0.09324196198061815	0.255853155833975
92000	-2198.5281907912554	-1155.8045462851628	-1042.7236445060926	0.13330543969038738	0.10310772877334402	0.10545983305071081	0.13758143107768023	0.0760909272596212	0.0646524874930412	0.061692255514438916	0.1248139126920717	0.06682940311701531	0.13647325317313402	0.14791078183968717	0.13319812552402788	0.11344886374048181	0.12073247422561711	0.10609771946812187	0.10020184266040495	0.08004912366236994	0.08136625934897936	0.07305237835501414	0.09439953984390398	0.0888934899500744	0.3481002207504505
93000	-2456.415764250456	-1435.406771143745	-1021.008993106711	0.07172647616416639	0.09659065253218674	0.06823087207707745	0.1238391518271984	0.16280640971326693	0.08052480902405555	0.11577477582856142	0.09070853863266266	0.12653926951345132	0.06363263344277789	0.09860894133135606	0.11969558013841768	0.12543087303517483	0.11964405819727185	0.09753905761522809	0.1325103529508781	0.07458224450681167	0.11463124734412487	0.09092226950483939	0.06720758606620195	0.16506974708777256	0.04321929318310466
94000	-2222.1233332538213	-1174.7994131227858	-1047.3239201310355	0.16643276542670482	0.10631845831809404	0.15859590446131563	0.11883112298905942	0.09881330466926073	0.12294555174487615	0.05353001727796353	0.0360961704225675	0.07117447059673351	0.10352007539549374	0.0917316315308348	0.04890357768716797	0.0769686289158024	0.1127147267784185	0.13238929820875986	0.08858615329821862	0.10781247760178615	0.11101165694483717	0.194555474213511	0.058340724071772	0.10286969741429883	0.2345702455708909
95000	-2220.879538273174	-1183.8333085837792	-1037.0462296893947	0.100572209746583	0.11606325023319877	0.14091112422485336	0.07120137899622536	0.05861592141583153	0.10546893580005295	0.09514938517703099	0.12132769268513875	0.10549475597500142	0.11870388740991195	0.07410812415111505	0.1114303394420054	0.15497033370708224	0.10632523465254375	0.07542581130262767	0.07365608099608552	0.12556587278266393	0.11427252525955511	0.1718324735534493	0.0708283245993144	0.0931770845425261	0.26693939770995845
96000	-2220.2124040729204	-1183.767284734072	-1036.4451193388486	0.13222187529608723	0.0851146094934707	0.10069568726712806	0.10439270108277814	0.07410392995753233	0.12303710991505266	0.07629925992116367	0.1677824865667418	0.07231162355489523	0.06297813730210076	0.08774620869110161	0.1196954705672642	0.07946506176363596	0.0866044320715286	0.13301614535418263	0.11417996862167457	0.14507644970078004	0.06644384694035081	0.10419515398611179	0.140856398720078	0.07768989485653725	0.2260076343748284
97000	-2425.085228503586	-1383.516945273338	-1041.5682832302482	0.126802563709457	0.13972097144538953	0.14131278872148068	0.10102678426635422	0.10699340261764007	0.1890045479890307	0.07774088506919126	0.1139748931066047	0.12862706625387413	0.07431272409265133	0.13744500018281336	0.11568284370313572	0.10558107122690566	0.14228277296164657	0.1598218987180447	0.14421356919276687	0.10578593669672197	0.11341828759634595	0.11030526625205378	0.06988401338472883	0.05257045475843586	0.21996922417109036
98000	-2263.2396674482225	-1230.8941418448044	-1032.3455256034183	0.08027847817713747	0.12592472426166423	0.10003274357362235	0.0772226226326292	0.10941962021414557	0.15200684887280916	0.15771978317061944	0.10072502462303601	0.06965680113178273	0.10124334115532062	0.07413602749921788	0.20529224101740662	0.14390552844473534	0.14980591537860977	0.1109305860942041	0.08521308751077192	0.08242442365958368	0.07496397244926072	0.15105501012041544	0.10626983540561796	0.1830458630363167	0.11451562054087214
99000	-2315.97189918847	-1273.2209185818808	-1042.7509806065896	0.13646187912021268	0.07589748471469365	0.11892069010343595	0.1149301377745802	0.11687323202200794	0.14874332859040942	0.08696671865583397	0.08275205801951906	0.0858950085021234	0.12626126533426524	0.10713044803450437	0.20338029291948825	0.05833587835658711	0.09171128242012239	0.08819719528042125	0.1538908096918707	0.14257671041636466	0.07712888586609211	0.10652061949398466	0.09458674858147698	0.11289045110756708	0.3486264178597018
100000	-2298.394441585325	-1279.2753757072708	-1019.1190658780539	0.11211663478102846	0.14605206925138497	0.15728603867893517	0.08544823229956942	0.12014378287628084	0.06588469585211437	0.0872824547502029	0.07467761597221752	0.1321426581470221	0.10887318907912238	0.0978416117664109	0.15347697944788175	0.10127658020210391	0.08165240649336646	0.11359308592794566	0.10769925297069353	0.13975061003000577	0.13789380886149102	0.07995772063596236	0.062173098538833134	0.14499852440170063	0.047185341325679545
