#
#model:
#
#<?xml version="1.0" encoding="UTF-8" standalone="no"?><input id="posterior" spec="beast.core.util.CompoundDistribution">
#    <distribution id="prior" spec="beast.core.util.CompoundDistribution">
#        <prior id="lambdaPrior.Ai" name="distribution">
#            <parameter id="lambda" lower="0.0" name="x" spec="beast.core.parameter.RealParameter">10.0</parameter>
#            <Gamma id="Gamma.0" name="distr">
#                <parameter estimate="false" id="RealParameter.1" name="alpha" spec="beast.core.parameter.RealParameter">2.0</parameter>
#                <parameter estimate="false" id="RealParameter.2" name="beta" spec="beast.core.parameter.RealParameter">200.0</parameter>
#            </Gamma>
#        </prior>
#        <distribution id="snapprior.Ai" lambda="@lambda" spec="snap.likelihood.SnAPPrior">
#            <parameter estimate="false" id="alpha" lower="0.0" name="alpha" spec="beast.core.parameter.RealParameter">11.75</parameter>
#            <parameter estimate="false" id="beta" lower="0.0" name="beta" spec="beast.core.parameter.RealParameter">109.73</parameter>
#            <parameter estimate="false" id="kappa" lower="0.0" name="kappa" spec="beast.core.parameter.RealParameter">1.0</parameter>
#            <parameter id="coalescenceRate" name="coalescenceRate" spec="beast.core.parameter.RealParameter">10.0</parameter>
#            <tree clusterType="upgma" id="Tree.Ai" nodetype="snap.NodeData" spec="beast.util.ClusterTree">
#                <taxa dataType="integerdata" id="snap.Ai" spec="snap.Data">
#                    <taxonset id="SthBarrington" spec="beast.evolution.alignment.TaxonSet">
#                        <taxon id="SthBarrington_BT10a1" spec="beast.evolution.alignment.Taxon"/>
#                        <taxon id="SthBarrington_BT8a1" spec="beast.evolution.alignment.Taxon"/>
#                        <taxon id="SthBarrington_BT9c1" spec="beast.evolution.alignment.Taxon"/>
#                    </taxonset>
#                    <taxonset id="MtWilson" spec="beast.evolution.alignment.TaxonSet">
#                        <taxon id="MtWilson_MW12bm" spec="beast.evolution.alignment.Taxon"/>
#                        <taxon id="MtWilson_MW5bm" spec="beast.evolution.alignment.Taxon"/>
#                    </taxonset>
#                    <taxonset id="Termeil" spec="beast.evolution.alignment.TaxonSet">
#                        <taxon id="Termeil_Te3bf" spec="beast.evolution.alignment.Taxon"/>
#                        <taxon id="Termeil_Te3c1" spec="beast.evolution.alignment.Taxon"/>
#                    </taxonset>
#                    <taxonset id="Broadwater" spec="beast.evolution.alignment.TaxonSet">
#                        <taxon id="Broadwater_BW10af" spec="beast.evolution.alignment.Taxon"/>
#                        <taxon id="Broadwater_BW19cf" spec="beast.evolution.alignment.Taxon"/>
#                        <taxon id="Broadwater_BW31am" spec="beast.evolution.alignment.Taxon"/>
#                    </taxonset>
#                    <taxonset id="Kerewong" spec="beast.evolution.alignment.TaxonSet">
#                        <taxon id="Kerewong_Ke18dm" spec="beast.evolution.alignment.Taxon"/>
#                        <taxon id="Kerewong_Ke21b1" spec="beast.evolution.alignment.Taxon"/>
#                    </taxonset>
#                    <taxonset id="Dampier" spec="beast.evolution.alignment.TaxonSet">
#                        <taxon id="Dampier_Da11a2" spec="beast.evolution.alignment.Taxon"/>
#                        <taxon id="Dampier_Da19a1" spec="beast.evolution.alignment.Taxon"/>
#                    </taxonset>
#                    <taxonset id="MaresForest" spec="beast.evolution.alignment.TaxonSet">
#                        <taxon id="MaresForest_MF13a1" spec="beast.evolution.alignment.Taxon"/>
#                        <taxon id="MaresForest_MF17am" spec="beast.evolution.alignment.Taxon"/>
#                    </taxonset>
#                    <taxonset id="Olney" spec="beast.evolution.alignment.TaxonSet">
#                        <taxon id="Olney_Ol20bm" spec="beast.evolution.alignment.Taxon"/>
#                        <taxon id="Olney_Ol4bm" spec="beast.evolution.alignment.Taxon"/>
#                    </taxonset>
#                    <taxonset id="NthBarrington" spec="beast.evolution.alignment.TaxonSet">
#                        <taxon id="NthBarrington_BT4a2" spec="beast.evolution.alignment.Taxon"/>
#                        <taxon id="NthBarrington_BT6a1" spec="beast.evolution.alignment.Taxon"/>
#                    </taxonset>
#                    <taxonset id="Cumberland" spec="beast.evolution.alignment.TaxonSet">
#                        <taxon id="Cumberland_Cu12a1" spec="beast.evolution.alignment.Taxon"/>
#                        <taxon id="Cumberland_Cu6a1" spec="beast.evolution.alignment.Taxon"/>
#                    </taxonset>
#                    <taxonset id="Dorrigo" spec="beast.evolution.alignment.TaxonSet">
#                        <taxon id="Dorrigo_Do2c2" spec="beast.evolution.alignment.Taxon"/>
#                        <taxon id="Dorrigo_Do5bm" spec="beast.evolution.alignment.Taxon"/>
#                    </taxonset>
#                </taxa>
#                <parameter id="RealParameter.0" lower="0.0" name="clock.rate" spec="beast.core.parameter.RealParameter" upper="0.0">1.0</parameter>
#            </tree>
#        </distribution>
#    </distribution>
#    <distribution id="likelihood" spec="beast.core.util.CompoundDistribution">
#        <distribution data="@snap.Ai" id="treeLikelihood.Ai" pattern="coalescenceRate" spec="snap.likelihood.SnAPTreeLikelihood" tree="@Tree.Ai">
#            <siteModel id="MutationSiteModel.Ai" spec="beast.evolution.sitemodel.SiteModel">
#                <parameter estimate="false" id="mutationRate" name="mutationRate" spec="beast.core.parameter.RealParameter">1.0</parameter>
#                <parameter estimate="false" id="shape" name="shape" spec="beast.core.parameter.RealParameter">2.0</parameter>
#                <parameter estimate="false" id="proportionInvariant" name="proportionInvariant" spec="beast.core.parameter.RealParameter">0.0</parameter>
#                <substModel coalescenceRate="@coalescenceRate" id="MutationModel" spec="snap.likelihood.SnapSubstitutionModel">
#                    <parameter estimate="false" id="u" lower="0.0" name="mutationRateU" spec="beast.core.parameter.RealParameter">1.7346278317152102</parameter>
#                    <parameter id="v" lower="0.0" name="mutationRateV" spec="beast.core.parameter.RealParameter">0.7024901703800787</parameter>
#                </substModel>
#            </siteModel>
#        </distribution>
#    </distribution>
#</input>
#
Sample	posterior	likelihood	prior	theta0	theta1	theta2	theta3	theta4	theta5	theta6	theta7	theta8	theta9	theta10	theta11	theta12	theta13	theta14	theta15	theta16	theta17	theta18	theta19	theta20	TreeHeightLogger
0	-2062.5929549997772	-1020.2392829732584	-1042.3536720265188	0.10101910114228463	0.1689445159194461	0.1084321142420067	0.05344889848250145	0.07066814363897685	0.10138554786147867	0.08846812847877883	0.14963610357821608	0.10560847195229263	0.10877327872568526	0.14030870793886013	0.11792891246691979	0.09766514298006634	0.08112705572279721	0.06551950390987842	0.13975645371209697	0.13768128456223014	0.16174360118661102	0.06697110476467341	0.06843419742885372	0.1398921693394253	0.3604786118449534
1000	-2077.4636297800366	-1039.4794171087876	-1037.984212671249	0.11742389415832151	0.06937331764845579	0.083030144489547	0.1077847515898334	0.13712438668441584	0.08179153482949938	0.07643537509165048	0.1022744099932746	0.06679616745180723	0.10752497102336851	0.13190374716971076	0.1716624649899954	0.1028738762720786	0.05048251449699513	0.11815862399992307	0.0861656912115893	0.10671912446522958	0.09945620797046924	0.04919920167786995	0.11837028175935994	0.1449101154597364	0.2399078167494065
2000	-2077.280048337003	-1039.9585907333553	-1037.3214576036476	0.10455358066807086	0.13882217728685775	0.089719904150466	0.09669002960902484	0.15733693647306554	0.15534943651578711	0.0699726291680758	0.09284671079519398	0.10326894604216615	0.09973640238576627	0.1694261484669389	0.11919689879580166	0.11226308733568562	0.05386134970945067	0.06609280062290786	0.08501484492447291	0.0874599459645439	0.13769063277890095	0.08760253071058882	0.08918792222796823	0.14329489022999636	0.27718681986129023
3000	-2050.220715474803	-1006.08007888871	-1044.1406365860933	0.06687116181798854	0.17604725840408755	0.07427704549170859	0.052664024622479655	0.1392113911705792	0.14608537702608654	0.12730771108956582	0.07936802191097496	0.1042610139493151	0.09370134086648485	0.05586307205962437	0.07634643191454416	0.0577817948234546	0.08122104946577119	0.10498017550793257	0.11569001630048831	0.13825830514950954	0.12286489460720482	0.039817909149288	0.17075032772696416	0.12010629095633418	0.26750917326902385
4000	-2065.238901423224	-1032.1111599027627	-1033.1277415204615	0.12140959031694251	0.07740220203009739	0.09168024440602325	0.09433114987778109	0.11902551466353427	0.09039898908110876	0.051656612346563616	0.12351690670849755	0.12285296046375335	0.12931904444062495	0.12840676575919935	0.09406193280316788	0.07463363133957102	0.06921321065189151	0.07374370571402983	0.1298615680472685	0.08313773660714772	0.09668421771010073	0.14309186736956664	0.08425398618843416	0.1350245180603191	0.21292772236451965
5000	-2063.2389835366594	-1022.4770513650348	-1040.7619321716247	0.10308265702958729	0.11690018715440575	0.1029934819625003	0.06262127734441619	0.12183126094551479	0.08947150029550482	0.06832874406273085	0.06620328264360513	0.05847181000198497	0.08661547876910425	0.08912830779026905	0.17076882086217499	0.06484778447015377	0.10600412841818939	0.1267457451985908	0.12513019829739958	0.09132251589124064	0.06822875021100253	0.07060109096242949	0.11733451678184027	0.11817171056022045	0.25719128821841075
6000	-2078.811356075847	-1036.832836582834	-1041.978519493013	0.06545610526567647	0.16215821946881823	0.07589161263745144	0.1146002385344985	0.06372394002872933	0.12013942853327758	0.1300960066414436	0.08680360862957817	0.10191723499728146	0.1534875071424395	0.04456123432247329	0.13514018538256048	0.12346730648326296	0.06702923033653656	0.09564881205564123	0.1489296546868762	0.10887858973029445	0.05875505441759562	0.15000710321387922	0.11957590102993108	0.1245384717459364	0.324795751212622
7000	-2060.4813764261935	-1028.7226218139588	-1031.7587546122347	0.09764412863172191	0.10248772197957008	0.09442659918998741	0.07397236241500958	0.09986597132063871	0.09036818594178062	0.0950954839888804	0.16093646784326374	0.08837623288545332	0.14703509267912712	0.11823399454047237	0.12445526809781798	0.06891776203221901	0.054540222096180216	0.09525642668072798	0.10541366724033976	0.08856227228329207	0.07605418211419197	0.07242055778832023	0.11692068859851623	0.12346332614298346	0.18581904211933034
8000	-2070.2662463920005	-1034.2448291330518	-1036.021417258949	0.12163150975966087	0.08357329857801343	0.09426499153138633	0.0866564244991235	0.13902913911762438	0.08197947331944735	0.09047640886793756	0.07024085203091335	0.08560994119488383	0.09474545711022109	0.09786612032009658	0.101798811906702	0.10373143663353494	0.07073060638455113	0.06669021630054317	0.12275447008139	0.09872275159471273	0.09682965318286874	0.08503716793318276	0.09085281344486365	0.0845024250496501	0.3946536694593013
9000	-2058.435320775547	-1024.7361455582325	-1033.6991752173146	0.07943540451893259	0.13666205374357923	0.11461435428941821	0.08330218806496298	0.07240961759413012	0.12706650232287706	0.15598949693376718	0.11959606760301117	0.1176963442452358	0.10054401636048937	0.11283021407695414	0.2016769398727299	0.08383807856828465	0.07739371249753739	0.1838362027099618	0.10141895051762041	0.16160069904497146	0.0875392310682221	0.10517001594255906	0.08388793965871258	0.09499266355935766	0.24280410510304348
10000	-2075.190275355202	-1034.2748001568173	-1040.9154751983851	0.1918651303907242	0.03632891463488384	0.10276700689569351	0.09124347830291415	0.08044847890473492	0.11294491680134706	0.11173995984237711	0.14499145813697112	0.0999338558931306	0.1093779571269464	0.09506124883102034	0.15228254767331015	0.1339571136330113	0.04147620448079975	0.13115206402509982	0.10596446663187926	0.10285301756228657	0.0790047965118358	0.10229872507031906	0.06422092643991764	0.09283241830068277	0.21786702083623397
11000	-2070.8881756642904	-1034.1060884834383	-1036.7820871808522	0.11745630036526084	0.15630644273531713	0.16197865611909892	0.09747666969757485	0.09262981913511546	0.081465752033603	0.08326705458560102	0.1356151263111521	0.11122361194090906	0.13178345415495482	0.0901415014750478	0.08941776433248794	0.1614091349225466	0.09270277442181943	0.07131241194336366	0.06984329875613811	0.0802874716336732	0.07350722331557964	0.1299507745946501	0.08545817063760958	0.18317975207892626	0.2995640980659136
12000	-2077.413546742894	-1046.0197919241325	-1031.3937548187614	0.09745637726906191	0.08666436660506258	0.09396621006280598	0.08363862636995532	0.09966130384616932	0.09536160605864342	0.12340549124543611	0.12082599578005819	0.07252234100121682	0.11190001442466521	0.08017899265157238	0.08717705801414219	0.12669935584057115	0.0865423606439762	0.06631387948864458	0.15637713543249335	0.09266461108613848	0.09625255892987984	0.09635078969779232	0.07340856423360409	0.13302823360731983	0.2232520113693859
13000	-2111.3798367835543	-1073.9692565453445	-1037.4105802382098	0.09641988697412751	0.10356495194127727	0.12142129404566722	0.08644429828086929	0.11343053207736264	0.14783768343528114	0.07386990306998137	0.07358246084331269	0.07385204210860788	0.060206468727858405	0.1749196492133247	0.08468800166655253	0.13255618269067743	0.135155655359109	0.1462426973850015	0.15678114380021124	0.15633666136116006	0.09163355962427319	0.09045747296035822	0.09071467690497252	0.17564585551338457	0.2933866768103667
14000	-2100.679690982538	-1063.0684124555194	-1037.6112785270186	0.10084050112512083	0.07806832402112113	0.11452145829301805	0.11686557883280724	0.10860586948613953	0.11984243348865307	0.10616766355177687	0.16814059475389478	0.06989605360194552	0.09110500741828609	0.10786083746555471	0.06928515394919853	0.08889196712354223	0.05933207366752998	0.0749367277149496	0.17026190705079253	0.05333293450639695	0.11148972923677111	0.12070521966837251	0.10813096844172247	0.07517701476169666	0.19095549075828522
15000	-2100.019701330766	-1069.1651298031218	-1030.854571527644	0.09541049383841407	0.13274998520702136	0.09306005089848488	0.13292495619960037	0.10933899672912156	0.09869069976438138	0.1307530395662505	0.11919560721676353	0.09770215767676906	0.12337717445624159	0.1310885110116575	0.15443480226837492	0.09777558130794566	0.060617950734359057	0.16249796921236503	0.1262609128347923	0.10224710072559301	0.07530911369043725	0.08606341737977172	0.11032444283435176	0.12507518038127471	0.22625495580115237
16000	-2074.324031348296	-1033.043186446278	-1041.280844902018	0.08467404264061133	0.17137832615533727	0.10611553117128592	0.08278668946101762	0.046797043487614334	0.07137345662231562	0.12063878014912251	0.0782870144972774	0.08431473041631145	0.09544674720298293	0.07820528217874871	0.1449101345362557	0.06022444829106572	0.06411544549275068	0.1345193021342278	0.12863462778252352	0.16286864322589595	0.07097364392820374	0.09861095131471533	0.13753057701196458	0.10797623507983858	0.2813764044893962
17000	-2071.491448869473	-1033.219496613651	-1038.2719522558218	0.0674534944486413	0.13635520600194623	0.09502430452875654	0.07188895180997862	0.12111408261704391	0.12347679115131464	0.09303192871719798	0.1582260962886016	0.13111912144396565	0.08627794728449174	0.058836063926599645	0.07821973832268367	0.08834901429982944	0.11744941320602399	0.07962075121607554	0.06965405544369051	0.10982274369652187	0.14400194407859512	0.13420349589579167	0.06431077390331878	0.07157396963009757	0.3002542979077252
18000	-2075.205372152305	-1032.946124300537	-1042.259247851768	0.04976058130211367	0.12295145322563852	0.1274071950100534	0.07995744088347649	0.11473161891022575	0.15185403237175243	0.13423972955494587	0.1296745344983426	0.13692018703627562	0.12136310774199542	0.08503968536277935	0.14376593394937753	0.10768117839430488	0.033690895457812634	0.0781283811744663	0.08746103660592434	0.06889123928766445	0.08461165617385091	0.09589408941926035	0.05017901271072791	0.12417515038832057	0.24789518639699637
19000	-2094.0047818398907	-1053.5626655970846	-1040.4421162428064	0.12997946145400463	0.08915468486843466	0.13656440251734436	0.07290497490619136	0.11859715606735315	0.0940801842313544	0.07347643750535439	0.09418615132383189	0.1429067899898647	0.09936587600722209	0.07562560640909491	0.049902152683120725	0.07847879026573226	0.07182785495829301	0.055995013849077395	0.07224464248276065	0.09834707871165138	0.08939047405048875	0.13299341651872892	0.06209684268461213	0.15392666878815878	0.2173354586862251
20000	-2077.9305055298346	-1037.5642232800828	-1040.3662822497517	0.07386353656778569	0.09010377026392778	0.07575432552761051	0.04358539496468315	0.1336667331703188	0.09544016665267853	0.09384043204839954	0.08437577817132438	0.16410803369224108	0.10349064930370898	0.08828076689628468	0.10852189246326502	0.0994218979416095	0.04262690406275839	0.09890577963135756	0.12372779307822836	0.0802854822575894	0.07276271305253235	0.08527200129950206	0.07929903786561476	0.13327764009370915	0.2214776215632632
21000	-2101.7185357427866	-1059.8975722122814	-1041.8209635305052	0.14998464429490183	0.0819694719250841	0.10075388634776088	0.0919755588347185	0.12147236956758599	0.09022730971563511	0.06321500114783933	0.09728909785973988	0.07155398521941547	0.12333907647243912	0.12812069506581641	0.10448490495873329	0.03042449527604438	0.12820676096451694	0.10715979440607047	0.10444931944231613	0.06353960927296033	0.10553088772279552	0.09927604915156271	0.1055860129739502	0.08525200900705689	0.30630879651638104
22000	-2076.7352915148463	-1037.4979807750728	-1039.2373107397734	0.214990964425806	0.09480893025371119	0.13423786554768574	0.07777483341988296	0.06502901606398323	0.13160485117851248	0.051328462688764974	0.07022655646142852	0.12384419014803837	0.08877126102867022	0.08159062973675019	0.14123740954819497	0.13801495732527028	0.03808938548747558	0.10976541574715841	0.09413375168072147	0.16996013691282535	0.059287430633618216	0.10639239764199687	0.09350582517947288	0.15083534043198873	0.13842257009222197
23000	-2081.886803446397	-1044.1866003285627	-1037.7002031178345	0.08276363501766273	0.11151955943654476	0.08650577126728405	0.10374960218554721	0.06312204903772843	0.19852456690130602	0.08154489571278438	0.07558812115628626	0.14783758296605556	0.07882351421938942	0.12368926162066401	0.1079766932022485	0.08095589815070385	0.09112377498560528	0.0829668485414557	0.09763624760303996	0.05268373298050572	0.09924725583641467	0.12214294357088414	0.1344329076905082	0.08141622290027462	0.22727363524019073
24000	-2097.5200035579646	-1068.6309268374619	-1028.8890767205025	0.1365521822540598	0.09462711980190301	0.09866776439364616	0.09316274937415946	0.10814734203851914	0.10912298475188534	0.11897351005785495	0.11111473139371755	0.06960048290734239	0.10353454166883598	0.11767800977192032	0.09512271203551974	0.09356148976733744	0.08363964662369501	0.1267917173676527	0.12485891248402642	0.08444230315394607	0.07539645557061796	0.06848802985330252	0.09452869680508115	0.1569945271997202	0.16851308376710722
25000	-2088.1058036792215	-1042.6652496785298	-1045.4405540006917	0.1158811032052286	0.09508662715259891	0.13732751670237725	0.06612354053343748	0.03581665318204628	0.1157304796937341	0.1428717723415995	0.10402370686486098	0.08812734065709979	0.16750085426189984	0.08971671309790281	0.14292560968116655	0.08564258128534326	0.04833385796720561	0.06056914913459358	0.07269237932923722	0.08510073318960042	0.10286240125693139	0.1234464176124984	0.13126208408573803	0.0833098374761189	0.27583017841204344
26000	-2079.017980833502	-1042.6124579473553	-1036.4055228861466	0.09466945919390136	0.11264786915201047	0.09056620627474934	0.07903213136153467	0.13914484885316158	0.1530718687651545	0.0955584030700752	0.08995383161312832	0.08518693818941911	0.0994087831942335	0.09888987661007988	0.12319367139670861	0.05723761822130971	0.07583706478503266	0.11741867856379433	0.06471960477927073	0.1424170645747926	0.11914499392873273	0.070955243049781	0.09074780816756466	0.11536841987060997	0.2934842037012859
27000	-2086.2153127129786	-1046.5060878021325	-1039.709224910846	0.11333263029511371	0.17260042160879266	0.05949263269214779	0.09992472305223336	0.08881299381713685	0.13607768138009677	0.1316345151912086	0.12495101002591844	0.07521840707649778	0.11820713265480084	0.1821085514538509	0.1084798320974254	0.06607991232076472	0.05938657252963646	0.14426599371563642	0.06617204889577175	0.1075931115178852	0.10221474004143165	0.09998521967020624	0.10575741871370731	0.13637959349877873	0.28477686550933046
28000	-2067.270451599861	-1028.6081485764075	-1038.6623030234534	0.08681483458853578	0.14479385018294483	0.07997844315986931	0.0771147774700712	0.12909116223655492	0.16533181265257255	0.11421659176041667	0.10978717147769312	0.07185972220983801	0.0829199786048053	0.11667935555757199	0.07264616888740119	0.11118491040304097	0.046102072693243304	0.09611940283573898	0.06820044960334447	0.05217804074044923	0.08568567879090162	0.1340096864042939	0.11604440207844836	0.15266727143780712	0.21012303938183466
29000	-2063.5675174296202	-1019.3994025199883	-1044.1681149096319	0.09744127816670303	0.07959909388651465	0.09977525694946603	0.07680179122807991	0.061550569278278296	0.1104906682248885	0.11858612457212982	0.10798812172962424	0.09306083518535316	0.06317531391365647	0.09729537366869277	0.1847150947669136	0.1357262106886257	0.046692769015778124	0.07456712421580915	0.044476481333140964	0.10812606047073003	0.09123504570565202	0.05946794000691422	0.08690935380235543	0.10870069722273436	0.21330118478722623
30000	-2044.8275418377807	-1013.3886298485917	-1031.438911989189	0.1133636032312388	0.08251880766787001	0.09578071341970151	0.10765409822720659	0.11188194461482646	0.11151260757618225	0.09598590731613048	0.11738948243030321	0.07094129213446283	0.14478858475269607	0.13252852241829344	0.13901939524250478	0.10108067540549227	0.058717140297955855	0.09484172187086551	0.13713892137734368	0.12335206813974185	0.07589052209930999	0.11202205980672893	0.09364235158248124	0.13603489237286628	0.32391383764110343
31000	-2056.965677027266	-1010.0704018630856	-1046.8952751641802	0.0942601735556221	0.11061747096473604	0.10266912711651528	0.1032622139625612	0.1421676449515462	0.0773821261658915	0.11026296298788678	0.05714467470671095	0.07524068926491581	0.1112578797126435	0.1791847984031138	0.10014547433989264	0.2045911720562742	0.0563074408727956	0.07944981744231214	0.06828072282286446	0.11506449089209607	0.05868221403301564	0.10789385745553896	0.08872373699612233	0.13496606200630082	0.495138418235809
32000	-2051.5983114639275	-1004.928436658258	-1046.6698748056695	0.10634103198753472	0.14916427977159313	0.1079718006907754	0.06031379203225308	0.05911999404113768	0.08697896213795141	0.11143192999852738	0.13051763162437197	0.07368726835935259	0.07864107655504843	0.06741855994853853	0.08840664393006584	0.10964792139876714	0.053124334770411674	0.09986382667705634	0.060620771483936124	0.15048976006942086	0.05052841927979355	0.0780565968098035	0.12223916857564125	0.12194919871324693	0.3101112614194767
33000	-2069.018928247039	-1032.9519506838385	-1036.066977563201	0.05198408671676971	0.08223215606437191	0.0876447973975836	0.07645402020352661	0.13863182433844984	0.103234264501585	0.08028826456742746	0.15697835425490722	0.17850016737201477	0.11589960393398197	0.12805647436408227	0.07690854397164353	0.15266585204416272	0.06237141751166884	0.1328599969373724	0.09327864223884998	0.08542882121078302	0.11364448668028379	0.12373480438978171	0.08998613471443685	0.14885285142036653	0.2471740795322516
34000	-2082.724817669896	-1045.838533766085	-1036.8862839038109	0.08892159922788202	0.13059340466745156	0.14352622310391994	0.09995611995982133	0.11365462013490064	0.17562481685311906	0.10159045544803053	0.12966315456324234	0.06896421574881735	0.07214710144217648	0.09416075859855089	0.1050833035419482	0.14453927171115843	0.09845458935104708	0.0955887547378905	0.07617562006444793	0.13573522283993564	0.1106187975651323	0.19148859568200285	0.07608623041110517	0.10262080411085985	0.35678124019947166
35000	-2045.4981675717147	-1004.222032812105	-1041.2761347596097	0.1255956704080844	0.095805894845803	0.09709105713379179	0.06776910824888228	0.15134335943114996	0.12763953005128145	0.10241542778617699	0.1248255892339898	0.14935813932130745	0.09485366741962556	0.06048307730173962	0.12752646350123775	0.0443681771508312	0.07886038166310809	0.12579400525092127	0.06482094431634958	0.10208585340686206	0.06071486543541783	0.11920972124397734	0.11824039113132104	0.10233108499053994	0.3836388600656943
36000	-2086.9331450803124	-1050.4500768896344	-1036.483068190678	0.1378436576824221	0.07149429309791552	0.09330760863895549	0.13853234338952883	0.10757528341975897	0.07762385362280587	0.07863485213946138	0.11288732784027741	0.10056125214750684	0.10441517314652898	0.09307951374981333	0.09297648008280503	0.08695655754741359	0.06602697524055516	0.0727710991593905	0.056364069421029867	0.1371302081298173	0.12028513080312678	0.06819806617452659	0.09971248975054185	0.10313439420606585	0.1957221773054784
37000	-2088.3217874692573	-1046.2603781678474	-1042.0614093014099	0.10102738978987441	0.11777627447283706	0.1282541880866186	0.0581704627623118	0.0783113542330997	0.07554557225838823	0.11443092174861859	0.10852086066527979	0.09623315238823996	0.149552204296956	0.07623284550688905	0.09100375405743545	0.08637004204595533	0.06591630388594034	0.0681030045516039	0.07754441878749681	0.14694869254468343	0.07671820610693718	0.03848991142645947	0.052679820746622495	0.09623103930001276	0.18898574330333529
38000	-2102.59416154422	-1065.2525489572236	-1037.341612586996	0.12528632854240043	0.09066987969000162	0.11960189453450588	0.13080864613275767	0.13306090704972026	0.20930391927806438	0.05210126597807482	0.10114992763498555	0.12743106677982444	0.14738058254855863	0.19436406101735437	0.12200140060433351	0.13005186146593534	0.061451324723748944	0.0700059564696517	0.08298256234053973	0.10235713181202166	0.10374789164165858	0.11544075821154785	0.0885025338276842	0.11007744560373023	0.2622232405488483
39000	-2083.1529089754395	-1050.526673613949	-1032.6262353614904	0.09065857844623955	0.11970560742466428	0.0839504995509597	0.08464904462014902	0.16289346305351457	0.06058407780600352	0.15558481547510386	0.11868999307615993	0.09351372139630929	0.10429610932396854	0.1273793757508428	0.11466084128596579	0.08135932530151929	0.08498504343054884	0.09057420037521342	0.09357561235350088	0.09368583504383483	0.07468741273579892	0.12716346958387476	0.1432503617482573	0.15763485881848718	0.26149861780822736
40000	-2061.104572249021	-1011.4216386377606	-1049.6829336112608	0.08116421357743364	0.0918205988778819	0.1539623580115555	0.04518297006955298	0.05774943820689747	0.147193250033321	0.0776035016341239	0.15522471215470082	0.06909592805068374	0.07766146006229169	0.06315414285107494	0.12184855442178698	0.08761540199105927	0.060322333749291586	0.07228531733546519	0.11197753512225005	0.0954222512467439	0.0597355653227069	0.10967388765817775	0.150139724889524	0.1401292367606984	0.39100802500405407
41000	-2077.24416704949	-1024.153838950068	-1053.0903280994219	0.05848118132642656	0.16650956317868718	0.19206441485510609	0.15327789224974597	0.08280934659157743	0.12527339882364277	0.054498631739131734	0.049003243175752415	0.0388343302143926	0.13809323309245738	0.08929613092431293	0.1542206540299267	0.11859529492292023	0.04974827534935512	0.08757795094267568	0.15032809956901938	0.08966978720354632	0.14740051406765464	0.08234595717750878	0.14430786152519234	0.07823930081745574	0.3242761996296655
42000	-2079.142743035577	-1037.9065803566466	-1041.2361626789307	0.1481144208188011	0.11484535500523739	0.12515126704286744	0.06389225908966432	0.17133521594371298	0.11745270703906595	0.06728060201686431	0.12766813052101778	0.11069003892949804	0.1063873745610825	0.06489923773410725	0.09364138626458375	0.09799986726380304	0.0705347112366343	0.11370393408430737	0.13205322067730849	0.20383677565667646	0.09459869339815172	0.12294866146589802	0.10328209391066635	0.06333732529952109	0.36504056900991877
43000	-2076.7972473426917	-1043.2094474280075	-1033.5877999146844	0.0658152497493442	0.1404267607579631	0.08136800605564587	0.12177081622781116	0.10489124322243028	0.12577932587119467	0.142027026372451	0.1471115765632055	0.1106695458588269	0.10676320282289356	0.15756794034038035	0.12873402772519488	0.1341181837686392	0.10886727165604515	0.05523568669128944	0.1843367327372596	0.11627177180431024	0.07206621918335654	0.12775190517366886	0.09851312257519902	0.11523122771550273	0.23022027877576307
44000	-2062.0677475078055	-1022.877858161555	-1039.1898893462508	0.10319221320543268	0.11544218050742186	0.10394321155112057	0.0911974704539877	0.04565659703327628	0.11375933410107551	0.11923408783478413	0.14662203281640837	0.08022944971478835	0.09020588186736915	0.0772102506183582	0.10658352184478406	0.09499337822491231	0.13348808232466303	0.07923136364752857	0.15755519150586367	0.1336967353134886	0.1140924045408856	0.04510764451877963	0.12758242539431788	0.06916362542167412	0.3218498900440696
45000	-2074.6633141694847	-1042.421961385379	-1032.2413527841059	0.11678570410061866	0.08343525443303837	0.14547134499256115	0.05716919186502466	0.12890925477649243	0.04510256634614327	0.08815219513790849	0.08299579788688803	0.15874260568059467	0.10649743873337536	0.09191130418731444	0.1021520310696258	0.12334430206350373	0.06804809430255712	0.08317518514682115	0.0912916038628584	0.10997001968867227	0.09576811880843251	0.0921755960283846	0.14657232830793632	0.07494950065826368	0.16862432226037358
46000	-2043.926872431315	-1000.4718867328666	-1043.4549856984484	0.11328378686959482	0.11736695395029322	0.15347191660055723	0.04948797360726632	0.09808675722275226	0.10867761715656525	0.0656083689415005	0.10478681034042006	0.06829132178309717	0.12172165237210923	0.10763732169530038	0.15678786405333872	0.13151615237851288	0.04670593969157632	0.09295284070911024	0.07363308332992106	0.1259259069908734	0.06172310354468617	0.08927824253237851	0.11370713670779238	0.12598367373105082	0.3801505608930339
47000	-2088.3063342112855	-1048.4525106865367	-1039.853823524749	0.05901662007369404	0.13178579089296882	0.11534732382549034	0.08496280980301474	0.07590870434607659	0.10816228124213559	0.11494633544438057	0.05006741238153464	0.08467959900843987	0.06265761248431492	0.06560560495627618	0.13781116052316533	0.14288703144229964	0.12820710220750883	0.10844466338984123	0.07876291976077615	0.1131634585049047	0.08500446115621439	0.06642978500972213	0.12022272228070606	0.0725963207816377	0.23948892890013712
48000	-2057.1936962462405	-1019.6703100127924	-1037.523386233448	0.10180783753560589	0.06333364544494517	0.06779583681084148	0.06831351145432933	0.11710263534391915	0.17047902377422197	0.0810951864844841	0.10496637689015091	0.08992630670560214	0.15053049907726782	0.0942064058642238	0.11260822766374572	0.07964139389949672	0.09580270020826688	0.09780243401553057	0.08464782206863515	0.1364029019834472	0.09659721402247608	0.14588324770947228	0.06305987617685634	0.1397597842784784	0.310446897570215
49000	-2067.0099432634097	-1030.5010235936404	-1036.508919669769	0.09137423284286861	0.16014454608663117	0.13811208173894035	0.09784501497022427	0.07148844501507993	0.0751463125089462	0.07439802184235386	0.09221583903386228	0.09333182078388412	0.08002353419666085	0.08040004859187133	0.19004146007671296	0.08483003983263872	0.06528261548221279	0.11118005845641127	0.10653766829524906	0.09862021982485224	0.13933691500377587	0.07613817052825947	0.0927929306737584	0.1284328518681184	0.2941798487394446
50000	-2071.932334805926	-1025.135274953169	-1046.797059852757	0.09783789052977193	0.08113044594212292	0.1010834906623118	0.08908505786759735	0.10489967401634685	0.2081952463134728	0.11185453857953495	0.12023168654613169	0.08251205699102704	0.08814116120985645	0.07556126754267821	0.09684851858407657	0.0726710767195169	0.06799722291567312	0.08540693362584797	0.1133127022267813	0.08545230022300877	0.12259039946332445	0.20533000249640634	0.08233383456127771	0.1870674931850811	0.6300043559451012
51000	-2061.4239698229385	-1024.1578303523975	-1037.266139470541	0.08027694384616912	0.12009996865903091	0.12500260602363053	0.09059414130442463	0.08608970404129448	0.11850389721738679	0.10827360963062518	0.15024981497746404	0.049934475024292845	0.08091374399674431	0.10027939134353266	0.0846741791351558	0.06341604492412496	0.08968762311101548	0.15337251973904606	0.07415375134326083	0.10532014220649469	0.15129649232948836	0.07728171078684003	0.12692457204919436	0.10635367396247052	0.276635144093532
52000	-2081.0676495360985	-1045.8264425228956	-1035.2412070132027	0.14486644629108025	0.09403659264647465	0.09946026202636687	0.08710808005203477	0.10004854372784078	0.1106562523806949	0.09711260583153922	0.07215491284491064	0.060294513169478384	0.10161236874733227	0.09084497448736734	0.10106048147633784	0.0805231453445858	0.08590943945602456	0.07045582495731828	0.1071551356305649	0.14723530323039388	0.08149827525468212	0.13359441527560953	0.05625176497819884	0.1166695166599646	0.21185596428609002
53000	-2077.571681864476	-1044.5780132531042	-1032.9936686113715	0.13581095040403263	0.08163410474841168	0.12315643109666043	0.057106471828040926	0.09143988701262351	0.09993995283407058	0.062218863600250994	0.11063908953524465	0.13886974422242987	0.08179655950882686	0.09099267962510241	0.11071086428402147	0.0915495484031364	0.09968539033027982	0.0905102656629896	0.1028518060012772	0.07226595531050489	0.11929052997338159	0.1148393691684876	0.08201313959886142	0.11805179224887091	0.23547475156484168
54000	-2076.816293347786	-1038.213189925363	-1038.603103422423	0.057285394177703584	0.12230806596242914	0.08050048821350714	0.06435596669912103	0.11796079786019127	0.09828638876274864	0.0686206201463208	0.15526524226491803	0.08299527550489814	0.13539032510489485	0.07301201661630158	0.11113848749916276	0.08356030996764148	0.07896009112154169	0.10102605898865141	0.09183212677839638	0.10349820103672014	0.08529661203442368	0.06820030172136829	0.09808933277304857	0.10936676200241441	0.2587368491538831
55000	-2087.3426559159616	-1054.2967479011222	-1033.0459080148394	0.09913313877242605	0.09030522920726274	0.08884846510723717	0.12720413947675585	0.11803869544500911	0.09268995913058528	0.13920355548916644	0.133178135307913	0.1068348518871281	0.12337421405465492	0.10621622916121455	0.20559230063441813	0.07926337144976144	0.07498840996979152	0.07874525690373388	0.17168949910217418	0.16184058490332542	0.1114829457043363	0.08429952882540183	0.08552440004972083	0.14091847808238112	0.23304358814993864
56000	-2069.2886617025124	-1022.9807714527058	-1046.3078902498069	0.04215045648231927	0.1411861120496228	0.1351402081782717	0.11574522509524061	0.04330838947600815	0.044698976235916704	0.1042674510283735	0.09112940203195806	0.06883089673613642	0.10963885249122189	0.07141771302601271	0.16952298637132948	0.16178912153544264	0.07448336079805684	0.08706146060107313	0.08514552107037106	0.06873650469622312	0.10559190839378153	0.11043276592182105	0.13461063181289326	0.14277900794607598	0.28365407047965346
57000	-2086.225175611982	-1052.7734773385137	-1033.4516982734683	0.13114442436889262	0.16679349727674583	0.15706793665384375	0.07675598461347748	0.0737878630643878	0.08888150473091683	0.11664671465906735	0.11267392901291984	0.09127883568862787	0.06818803484044202	0.12490651731127987	0.05293336629300479	0.13918187593856632	0.07308217305523984	0.1297451773182361	0.07378649942805506	0.1115498917520155	0.11932678917460791	0.11240511762131813	0.10798646646200095	0.1476897347679555	0.23540989205003282
58000	-2075.734409306193	-1047.2928396302366	-1028.4415696759563	0.11854200847256081	0.10433244449377772	0.11278072704155068	0.0848586416737867	0.1502211056992769	0.1278162823165552	0.11086517890346419	0.09053812470575151	0.11157855824336045	0.11792787480086162	0.09195725524715007	0.11142959550472137	0.07608998904307965	0.060310520210434045	0.08953186696391253	0.10203432042704576	0.0795944968328349	0.14207511561397176	0.11343275971717962	0.07209519016991502	0.1307102674421732	0.17739980808315572
59000	-2074.5443670285777	-1036.390116422771	-1038.1542506058065	0.096533108897316	0.08412690915279705	0.14910974941030816	0.14299787639309605	0.10046895491084556	0.05800145703204487	0.08982595119998511	0.10135427232636121	0.12589995705597434	0.10164368006220953	0.10465966618460348	0.14987761058321092	0.0694438537688059	0.038608451884005315	0.10436509391455	0.07787538318644059	0.1439676441430495	0.12421971634924438	0.11724648170851286	0.08240952587828601	0.1148070092035223	0.2347349088635607
60000	-2088.0739421567473	-1051.8206905644158	-1036.2532515923315	0.09159884581365728	0.17388030029685295	0.10960844749253944	0.08246033460360368	0.10998980381647527	0.12393919250479767	0.12514411041402992	0.09798130834516965	0.1655172216978174	0.09973979454841649	0.11191611630495205	0.07856223058749665	0.10484306851696808	0.0764850919458837	0.12461693510676176	0.14628025527433317	0.09649591671183012	0.13570766195436162	0.06074133401880517	0.08928331242119432	0.10257550523648479	0.3404892581332938
61000	-2065.3081440621045	-1025.988621925996	-1039.3195221361086	0.14865862595050786	0.07366846544372477	0.15413603155841288	0.1265385357973023	0.08483170199206937	0.13112364762579326	0.10835206932286152	0.09914578608443056	0.07600594022972393	0.08271411891353629	0.13418397423219544	0.11567715285193268	0.12476402444158562	0.048298206528723873	0.04821688755029945	0.1064054705991217	0.06022509615247032	0.09084587167556758	0.10394659723468641	0.08414107845776696	0.08896578702937641	0.2553972660472769
62000	-2077.9516191396633	-1041.6713528659707	-1036.2802662736924	0.08233884170078817	0.07862391240390067	0.17994706976288177	0.06467862729454438	0.10699119473081949	0.10993130059193934	0.08876358532146836	0.13727133992004706	0.14755848817766043	0.08439524984734377	0.09966583354911436	0.12906658746585026	0.1025041064678625	0.11567687380441277	0.060965966879303696	0.13828805731489652	0.15917383903598697	0.15468781953785407	0.11519654499388564	0.1348230190207661	0.11210841285376329	0.3098126876422084
63000	-2068.1130707082066	-1026.080026128849	-1042.0330445793572	0.09551418362130529	0.21896731099354264	0.15029666365511418	0.0621753889741193	0.09680224983623878	0.07142706681768449	0.14162696796436408	0.08173823939323847	0.08355248739643717	0.040752977752386906	0.19245152079409802	0.087627136132844	0.09989383179332663	0.06024495183203611	0.10470050571299927	0.09856840641285625	0.13104620509780165	0.14922627674702743	0.11582522923945628	0.10760899856259822	0.15397204837404804	0.22300267525524514
64000	-2077.038698309656	-1045.6544485621469	-1031.384249747509	0.08388032079464987	0.11367652611192879	0.09684069561651261	0.099345119047809	0.1094976495186565	0.10537931270753734	0.11539525575299438	0.08840505144030794	0.09349484507628104	0.06462016203441344	0.068777607445606	0.1512658376944521	0.08034532049690367	0.07272712001307104	0.10913530483689743	0.12410687380166815	0.14345578768033648	0.08408779683809847	0.11304412011075257	0.13802054210961462	0.21824805697756583	0.1549166392626706
65000	-2100.5882725660504	-1060.1149201162102	-1040.47335244984	0.11414502819139025	0.11038628294237142	0.13527877119600065	0.09704132053905992	0.1511022861339775	0.09046357797945694	0.08689290126364002	0.12075240312624792	0.07315480219211089	0.09506802633536796	0.08392246501041177	0.06160198370484235	0.10526515678847982	0.0333909769190167	0.1357263132488925	0.05831941026162268	0.08100864568074033	0.09983944254922725	0.08679321585612625	0.11919025387596524	0.09913937487766948	0.2055206991986228
66000	-2106.563785596997	-1065.6803824656017	-1040.8834031313957	0.08704036934066327	0.17736951885045196	0.06331521951820188	0.06266226063575683	0.08367155281884098	0.12220014739793227	0.09654090431394884	0.12280266205308739	0.08201264051328881	0.12763470058906273	0.11112472363644961	0.08897844307881968	0.1031535580875249	0.07993267540872445	0.09437332268046987	0.11350155335932341	0.07937409290675651	0.13933603053842122	0.08039868894822264	0.04914675393278641	0.08792473910011049	0.2266041444952371
67000	-2140.744302975505	-1099.3398978789662	-1041.404405096539	0.05807705361261128	0.13022769488646382	0.11916750442900917	0.06652214098724098	0.04783875926849221	0.12075890959703077	0.1581304753453158	0.09606479972335893	0.1432208447889367	0.056509469635108216	0.08894946414676234	0.14389212480865107	0.06754501537024733	0.07984483456298389	0.10129245667397702	0.0972098401033208	0.08339145835494294	0.1473034532609684	0.11220147939552001	0.12431257279812506	0.09100509074935922	0.23662684570248027
68000	-2102.0217303677514	-1069.7203453159743	-1032.301385051777	0.11039905238696114	0.0782769128135571	0.12625323048844744	0.12747623459500504	0.09424261117252773	0.08409933021318369	0.09898849907759404	0.12441338178876385	0.10373418538904565	0.13601770667693233	0.0699565247754017	0.06939970796000114	0.08714570320902579	0.04024671795721803	0.13180627554977223	0.07511027726589269	0.12732625704379394	0.09353215968831317	0.10748831809874396	0.11419774468629122	0.07987641002840992	0.15521245855886523
69000	-2050.8012631731212	-1019.543821739498	-1031.2574414336234	0.08268506848477672	0.10794229974815639	0.09820253387926679	0.11877878317188706	0.12066163460394909	0.12188904136627712	0.13530707487518792	0.07638934676472896	0.1266708217042131	0.1425396537013062	0.11806629734459537	0.1473217917485468	0.10933019476962164	0.07756984913815558	0.06993583140309305	0.07157324290395216	0.10545768707767286	0.09435784854106895	0.08167087647325957	0.10362254833176798	0.12547419169177915	0.32471616814912596
70000	-2042.1486316772484	-994.9942858002604	-1047.1543458769881	0.12237277678018642	0.08687346160417893	0.07807079632498616	0.05176903752169109	0.16832778886744054	0.08982122318926451	0.1460857345498467	0.0966708981670026	0.08462344143550576	0.12194673996213194	0.09865503962479115	0.09008573978032353	0.06411437656787754	0.06493057964722708	0.11864883009730046	0.07982729114332408	0.13513084829430494	0.11695411698878905	0.15943789162879882	0.07289684602363893	0.05070425358384648	0.519282415184443
71000	-2065.9533819928656	-1026.716845595652	-1039.2365363972133	0.09098660900607695	0.06744114665781643	0.07939386236823359	0.08411073306521767	0.054257192118331285	0.12782579708688704	0.12563153427693985	0.08184476751551757	0.08383176601932148	0.11701249796839272	0.08550500514039731	0.10892030349490295	0.13356209152486365	0.07217901017939739	0.132369172955552	0.13293174056365287	0.11620667933309216	0.15538404825327143	0.06970358376396837	0.11504906602181783	0.08141119866664741	0.43852511882812795
72000	-2044.676323964764	-1008.1412808785034	-1036.5350430862607	0.07979455018237899	0.1688109870464561	0.1728447964979211	0.09393568289245272	0.07977789556423126	0.12366537540594362	0.15069472047914473	0.12595923500508197	0.09886793509923156	0.0797746434466528	0.10660795936209026	0.08246930631516272	0.07923253538557003	0.06340821182572895	0.09572276165090428	0.13104111892707268	0.07284723423844779	0.16033014425682285	0.06947850166024722	0.11364243841607327	0.15684732540229493	0.32178144249314883
73000	-2054.1055744688924	-1010.4792932443662	-1043.6262812245263	0.07027577578776285	0.12180376345237368	0.05404651108195547	0.08324759436686135	0.05806303249296259	0.1265341726241885	0.08550040921141748	0.13018361558479874	0.1318688752970192	0.10933312106895197	0.12408694128907911	0.12691250268629714	0.10275938435841198	0.10878545079568247	0.13861298936402736	0.1055969630151015	0.0876969695201727	0.12491921066035877	0.09238205882597787	0.0713255730899022	0.1311053670258308	0.5545542378809009
74000	-2037.6812772987046	-1002.4484471852733	-1035.2328301134312	0.10309716170673883	0.10257075764613681	0.10456686388486967	0.08529897454332987	0.11499558095045774	0.17713594896227208	0.08426040908758649	0.11921141944646702	0.06653724576416115	0.1013188708118561	0.09859912342918745	0.08196789727520779	0.07864316793583354	0.09318429083930263	0.06754736961770973	0.12914407279530316	0.16011675934436523	0.08687324645328282	0.1070615674446065	0.1186865021658971	0.09858326451053022	0.42272205671393726
75000	-2058.635153301939	-1022.9643452506984	-1035.6708080512408	0.07537880298050827	0.1776222681578854	0.07455695592732921	0.13816014518169417	0.0990265067166917	0.1283822979850323	0.10295275609072803	0.12367349094151782	0.08864688681027615	0.08256968421550694	0.07585090598817286	0.08737906914507841	0.1153628773416653	0.07923094172139922	0.08926385207072861	0.09171773051935447	0.1259617187892329	0.10845652748460034	0.07263860148291719	0.11025366639343481	0.07209678276337275	0.34870291397572856
76000	-2112.6123513172865	-1073.3051822489772	-1039.3071690683093	0.10837021158560464	0.17278009886283105	0.11687789184397615	0.08617174176173253	0.0911551965373428	0.1012863884433983	0.09377584989216059	0.1195593702007316	0.13190732840994132	0.07488647036870505	0.08422009917136818	0.07926082139142707	0.12716452718081422	0.07377777315526618	0.07124802570897945	0.15561462608426022	0.1552202019726327	0.047694385571990364	0.15422583228235395	0.06655789821976066	0.09345330585303975	0.23989789583656113
77000	-2111.7513303500405	-1086.3262941132723	-1025.4250362367682	0.07241099976859805	0.09192692730572496	0.11956534162683563	0.13999850003141232	0.09304785394205996	0.08213345509909523	0.12740111861512965	0.09361821241919444	0.08390486590245373	0.12945079159335987	0.11515193674446055	0.0798924283288779	0.06865144682331555	0.08843358812861096	0.111221111181151	0.09949515764638217	0.09428283994892743	0.14373275242593836	0.09004966314309217	0.09615676931539614	0.10991411551816588	0.14234289783490492
78000	-2068.4117492605137	-1032.6319907946913	-1035.7797584658226	0.060278496404192174	0.1621417173531443	0.13121185972203167	0.09223775747910935	0.09372468745490214	0.1161492266769846	0.08663032614016772	0.09063546919018577	0.054751601081757036	0.1660244087715473	0.08229475117658683	0.1505222290940664	0.09561519149796689	0.06962377628999916	0.0929634533106709	0.10095310595895599	0.07713189410065087	0.18157466566305538	0.08775535541013102	0.11878291407546195	0.1437947455159253	0.18487639527080438
79000	-2085.4036321962203	-1041.3017575869724	-1044.1018746092482	0.06290867399260482	0.07845801960677383	0.05771603769039041	0.07169923087168154	0.0738430004836737	0.10276630992676046	0.09873712270233315	0.09376283666841077	0.07428079002236963	0.10647668679644118	0.04693957820132085	0.09473836136859128	0.09733161237927664	0.044790972640758514	0.09348888833534537	0.11613322752899895	0.08655239160385803	0.169814333319368	0.09421257086086011	0.08889718438054384	0.11958095501883997	0.2149147932323905
80000	-2091.2077472627534	-1052.7438346135787	-1038.4639126491747	0.11532949898632193	0.07227067802656487	0.07315401554518372	0.059962828052575	0.08384912602748772	0.08396073151398512	0.11373396320523643	0.12522190762330598	0.08863939931302271	0.09527798623284267	0.09824092842370061	0.08699879207216409	0.09311691538541102	0.1180117137941029	0.0811829109168591	0.10179934372591674	0.1316562075365067	0.10544673923157497	0.09513048502063555	0.06390912158005645	0.20565292490592232	0.307150496503839
81000	-2112.636639347482	-1070.2106199006741	-1042.4260194468075	0.06499666248219563	0.03648619920665205	0.17325558497720292	0.09601101995246686	0.07171346585351182	0.13906627371147107	0.0932819186684207	0.09160789018189014	0.0746835721576689	0.10238267555710148	0.08447487909577932	0.09216640033200475	0.10016290737469034	0.1775678158677721	0.13126305194719698	0.13145343114338107	0.08032820839123289	0.09045892858299419	0.11731612460680396	0.11561404475492301	0.13708686645034796	0.31457294837806815
82000	-2079.855148902771	-1040.173491559253	-1039.6816573435178	0.05835602001153996	0.0978100376279305	0.07934332909730676	0.11819515850033158	0.08179352364948957	0.08853974347787164	0.11021655299065673	0.08034938138511072	0.15552578680885518	0.08084229060161262	0.10248697535038671	0.10437758877469341	0.07920810508065045	0.06125294648833928	0.07071669115945245	0.10833303965337697	0.1029585982118464	0.1048002020910423	0.09685806534816285	0.12526435030924044	0.1569389929300052	0.37270230412683214
83000	-2056.61834887885	-1021.0555444181102	-1035.5628044607402	0.08139108101319018	0.09382257023336875	0.11399300235716543	0.08413350616464912	0.06701721411245823	0.07439134969585508	0.12197883733943175	0.12790967520074875	0.07100951688989345	0.10181955752906997	0.09337025050519093	0.1017531960473565	0.11005362901479332	0.05083699426383048	0.12533790639893383	0.10180552015606584	0.12401995216452673	0.1348564134832412	0.05761452012949983	0.1030332347822236	0.14939712460236307	0.2516898143841176
84000	-2056.7286488490968	-1018.4412415072148	-1038.287407341882	0.096237435717922	0.0646896232534209	0.060325542209304236	0.13398601498319596	0.06786413684601451	0.10075174624808618	0.13743318330644963	0.14785469828321565	0.10041235736105289	0.06144231472099507	0.11936084120479065	0.10897555386085439	0.08463957306219833	0.06353877662595592	0.06634037448229667	0.090067619891241	0.08518647853555164	0.08424122927325559	0.06636707768209438	0.10721245648266141	0.1354913168920408	0.29030595734542897
85000	-2068.266531313495	-1027.9058122898684	-1040.3607190236262	0.1285750616478194	0.13513986878022746	0.05979779659713038	0.10558745070712959	0.1194512331652415	0.09715893227199443	0.11727389020036073	0.17388460420061133	0.15484264022940306	0.06864603621420141	0.0679779426269333	0.08698118486976746	0.11188494818020375	0.04152591333550247	0.08975061361944506	0.15932350103042614	0.07328568756622943	0.055889909711994284	0.06915723101980549	0.11651478410160838	0.10547773709519699	0.21540010675999882
86000	-2099.6127060017043	-1068.1020030881502	-1031.510702913554	0.09455609218528543	0.13989850230305753	0.08145671310092455	0.07635270872656764	0.10120819304243714	0.08453831927638313	0.11499332755812093	0.09514510773594306	0.10793428352048583	0.08141399946691386	0.1277789842422846	0.10143758936752453	0.05072180674237838	0.09891095487579037	0.09485091630873141	0.10686740897473815	0.13356607697778103	0.13993084859960836	0.07854048588254443	0.07613124568050261	0.13015888547697915	0.1833581408119902
87000	-2097.0732114280995	-1062.2651613961536	-1034.8080500319459	0.1251349582442195	0.12553491753209975	0.060932707779352	0.10485621032442766	0.11623157207133339	0.12038858429868345	0.13521861514370395	0.11153036088811118	0.11430256857032346	0.10842911620621726	0.11197432250152389	0.122646052134188	0.08169805318556489	0.047014611171045766	0.10544822658664273	0.1752099725859961	0.09262609859340411	0.044996255844735544	0.12102356488623145	0.07983751998893875	0.14339885816006162	0.17536195926309167
88000	-2101.7288698267203	-1064.4604430965057	-1037.2684267302147	0.07124141251719808	0.11492656910631956	0.07473029543360295	0.1120652502647391	0.07941857638306953	0.1180728502939074	0.07319818475746753	0.06933925849358799	0.0937558518942648	0.09325804810976272	0.09970947815355793	0.10900084321655439	0.10547271778549909	0.12601681678832563	0.08705428974777937	0.10855022774875603	0.08991466516848018	0.09110283672916791	0.058008342944763105	0.06333385537652468	0.08699202888301495	0.2898810172301289
89000	-2070.986888379144	-1038.4277734665825	-1032.5591149125614	0.11093516568197709	0.10637906816903006	0.14730470671469406	0.10022523633634815	0.06648384425045609	0.10299641242539606	0.08267071063690212	0.14268215155528172	0.09669703868976749	0.19439800244193076	0.08954768756946335	0.09511338941713568	0.07952254997618952	0.08773885417767609	0.08799459245716987	0.11696315154829451	0.08470034996652855	0.06764621634999947	0.14027624752027354	0.08226448551497592	0.17196362372640644	0.18658041258530905
90000	-2086.1757879597544	-1044.4036751003182	-1041.772112859436	0.08588970915719919	0.07159850545986461	0.12825407362452443	0.05675545139703514	0.08314090115034518	0.08013343707999951	0.08270279207035323	0.06969272544643554	0.06254055474928917	0.07746866669083494	0.09992334756184616	0.11465280734103837	0.09715505941010548	0.0882825863392169	0.08630841492429489	0.07159193159666605	0.07987411491142055	0.11784395997371738	0.178841412882385	0.08029725106471511	0.0819241186868471	0.26803615453802443
91000	-2072.9141368934224	-1041.609152481841	-1031.3049844115815	0.09516075433931896	0.13071751517257746	0.12492483469118615	0.10117027069146682	0.06988862271329307	0.11226894902294844	0.12856291702785083	0.1508683613389434	0.07774626213666598	0.13112862457768343	0.13770603639188092	0.09697171423293399	0.07317204676411804	0.11887920570745447	0.10502932212755747	0.09927186086264596	0.08705999958435154	0.11442894178341415	0.0890458783923369	0.09232310453742043	0.1465490333029649	0.25654436770827177
92000	-2058.875777237211	-1018.5815451507281	-1040.294232086483	0.08135105414521875	0.17001435416066962	0.10682745912573326	0.08331391479791356	0.10168536684236716	0.09640807651816838	0.10538483576783016	0.12434311542275815	0.039386426693494944	0.07316358534619974	0.09922396068047104	0.11313373343566693	0.055355318705547524	0.07396520925720301	0.12216475041847763	0.11551488615160913	0.1168758971551949	0.08771542761321002	0.10132504622559972	0.07896984399485614	0.14041001539838807	0.2860059969637913
93000	-2076.6914934680926	-1041.399706479561	-1035.2917869885314	0.08794988194675041	0.08232444286430482	0.14195330744959725	0.09130387710135932	0.10341824306513511	0.08603130473437558	0.1481099854763893	0.16853975419293285	0.06725727394124698	0.14849111797027142	0.08122258352982127	0.11878075138044603	0.08194656860290286	0.09619227746333711	0.12500755227326346	0.09431672343471442	0.10295074486337502	0.0726069012690314	0.08756554006335998	0.07757429195738048	0.1525342552250581	0.25293546836562536
94000	-2068.8906979439735	-1028.7947032907582	-1040.0959946532153	0.08521446550895491	0.14606737738788333	0.0903304238550217	0.056192456892554754	0.1467447712780014	0.0633737397363779	0.16239011606022613	0.09420073808785863	0.15346674397383106	0.0950801234491578	0.05363113765548911	0.09882775728737753	0.10377675865926779	0.11944093330285441	0.12485965446040564	0.13651520485876845	0.13269150457779605	0.061065388411734915	0.13491544044787399	0.04056734219157561	0.1448296492040261	0.21170095258173335
95000	-2081.4148530442335	-1043.2866353221505	-1038.1282177220828	0.07801371386845261	0.122563858036542	0.1502167674366813	0.06647735799356529	0.09936695789431961	0.09357717284462881	0.11571876831417197	0.09912120876245789	0.09158356606120024	0.10839281798186261	0.10593093891023538	0.09447343295169115	0.11120514164447952	0.07583666443943361	0.09890116812197836	0.1095079037745027	0.10307700916031168	0.07770520761322418	0.07820067289030143	0.12656614400433092	0.129758163751394	0.4742217788181139
96000	-2062.958810617862	-1021.8616761444398	-1041.0971344734223	0.12012691500850713	0.08962533836265016	0.07926552520931823	0.1429108300438841	0.130519196021818	0.11451882290184355	0.087552382704847	0.1637313138631736	0.0976683901387071	0.11363231442774108	0.08284932660940288	0.10161822943818499	0.08569566447047695	0.04718441212424566	0.10183405319948105	0.058100739283103185	0.13605325994591919	0.08299299828251712	0.0723860899820248	0.15194454943756763	0.12080895639110567	0.3707725488668902
97000	-2051.863801860841	-1014.5958437456587	-1037.2679581151822	0.08763828752791031	0.06521024789067181	0.1297596855476909	0.1172934688089231	0.08671638317508241	0.11477674472028793	0.07555627320092977	0.14662714557425155	0.13863713303317507	0.04689454053431535	0.08611827958418683	0.10485372768596875	0.06270579119277529	0.10125965931058713	0.1543303709230117	0.120765665843604	0.111192024600465	0.114034103519359	0.09328165940904613	0.13997381751992136	0.11376831414987192	0.41156616930726037
98000	-2073.7826934268305	-1029.8205749704991	-1043.9621184563312	0.07461229730618811	0.09778280485905023	0.09683724492408954	0.11619537532692659	0.14606782829205933	0.09720120782213063	0.0845444263033558	0.046801906818147984	0.09140382925068978	0.083274466283992	0.16538213106885613	0.07741077543606732	0.05546724405941368	0.09856622798615058	0.08036335228586611	0.12255879018934972	0.08776979422208121	0.10882016515652665	0.06411566471009658	0.12712478865719493	0.07278240466450933	0.4151421013011688
99000	-2058.02147960949	-1014.8397969462262	-1043.181682663264	0.09708067413584832	0.14444410619580655	0.14728478244047766	0.12228931915134927	0.05910844042146725	0.13026477509404188	0.10419919557044845	0.0783142827833531	0.0748891835380026	0.12244224073866845	0.10120731033409965	0.13365167466346556	0.060539233970685356	0.03392866300973869	0.10033040086065005	0.09312597089293655	0.08381568972707593	0.17645479549081755	0.05516786164340269	0.12773733049181488	0.1363306699101771	0.2375597300746746
100000	-2081.3420760364615	-1038.0450643044942	-1043.2970117319671	0.15246029725228988	0.0804264760292491	0.055561713670534876	0.11681780431112836	0.10714073104698257	0.08382552192778249	0.13124377870111487	0.10970756316452754	0.09282820582712117	0.18717680168242196	0.10268617675955347	0.10580444510399231	0.03537129772192241	0.06153464164375961	0.09453586897663586	0.05572186890325537	0.17593351409026844	0.10517580644725225	0.10679449568701059	0.09506575511345168	0.20832584198070678	0.19811839723888464
