#
#model:
#
#<?xml version="1.0" encoding="UTF-8" standalone="no"?><input id="posterior" spec="beast.core.util.CompoundDistribution">
#    <distribution id="prior" spec="beast.core.util.CompoundDistribution">
#        <prior id="lambdaPrior.Ai" name="distribution">
#            <parameter id="lambda" lower="0.0" name="x" spec="beast.core.parameter.RealParameter">10.0</parameter>
#            <Gamma id="Gamma.0" name="distr">
#                <parameter estimate="false" id="RealParameter.1" name="alpha" spec="beast.core.parameter.RealParameter">2.0</parameter>
#                <parameter estimate="false" id="RealParameter.2" name="beta" spec="beast.core.parameter.RealParameter">200.0</parameter>
#            </Gamma>
#        </prior>
#        <distribution id="snapprior.Ai" lambda="@lambda" spec="snap.likelihood.SnAPPrior">
#            <parameter estimate="false" id="alpha" lower="0.0" name="alpha" spec="beast.core.parameter.RealParameter">11.75</parameter>
#            <parameter estimate="false" id="beta" lower="0.0" name="beta" spec="beast.core.parameter.RealParameter">109.73</parameter>
#            <parameter estimate="false" id="kappa" lower="0.0" name="kappa" spec="beast.core.parameter.RealParameter">1.0</parameter>
#            <parameter id="coalescenceRate" name="coalescenceRate" spec="beast.core.parameter.RealParameter">10.0</parameter>
#            <tree clusterType="upgma" id="Tree.Ai" nodetype="snap.NodeData" spec="beast.util.ClusterTree">
#                <taxa dataType="integerdata" id="snap.Ai" spec="snap.Data">
#                    <taxonset id="SthBarrington" spec="beast.evolution.alignment.TaxonSet">
#                        <taxon id="SthBarrington_BT10a1" spec="beast.evolution.alignment.Taxon"/>
#                        <taxon id="SthBarrington_BT8a1" spec="beast.evolution.alignment.Taxon"/>
#                        <taxon id="SthBarrington_BT9c1" spec="beast.evolution.alignment.Taxon"/>
#                    </taxonset>
#                    <taxonset id="MtWilson" spec="beast.evolution.alignment.TaxonSet">
#                        <taxon id="MtWilson_MW12bm" spec="beast.evolution.alignment.Taxon"/>
#                        <taxon id="MtWilson_MW5bm" spec="beast.evolution.alignment.Taxon"/>
#                    </taxonset>
#                    <taxonset id="Termeil" spec="beast.evolution.alignment.TaxonSet">
#                        <taxon id="Termeil_Te3bf" spec="beast.evolution.alignment.Taxon"/>
#                        <taxon id="Termeil_Te3c1" spec="beast.evolution.alignment.Taxon"/>
#                    </taxonset>
#                    <taxonset id="Broadwater" spec="beast.evolution.alignment.TaxonSet">
#                        <taxon id="Broadwater_BW10af" spec="beast.evolution.alignment.Taxon"/>
#                        <taxon id="Broadwater_BW19cf" spec="beast.evolution.alignment.Taxon"/>
#                        <taxon id="Broadwater_BW31am" spec="beast.evolution.alignment.Taxon"/>
#                    </taxonset>
#                    <taxonset id="Kerewong" spec="beast.evolution.alignment.TaxonSet">
#                        <taxon id="Kerewong_Ke18dm" spec="beast.evolution.alignment.Taxon"/>
#                        <taxon id="Kerewong_Ke21b1" spec="beast.evolution.alignment.Taxon"/>
#                    </taxonset>
#                    <taxonset id="Dampier" spec="beast.evolution.alignment.TaxonSet">
#                        <taxon id="Dampier_Da11a2" spec="beast.evolution.alignment.Taxon"/>
#                        <taxon id="Dampier_Da19a1" spec="beast.evolution.alignment.Taxon"/>
#                    </taxonset>
#                    <taxonset id="MaresForest" spec="beast.evolution.alignment.TaxonSet">
#                        <taxon id="MaresForest_MF13a1" spec="beast.evolution.alignment.Taxon"/>
#                        <taxon id="MaresForest_MF17am" spec="beast.evolution.alignment.Taxon"/>
#                    </taxonset>
#                    <taxonset id="Olney" spec="beast.evolution.alignment.TaxonSet">
#                        <taxon id="Olney_Ol20bm" spec="beast.evolution.alignment.Taxon"/>
#                        <taxon id="Olney_Ol4bm" spec="beast.evolution.alignment.Taxon"/>
#                    </taxonset>
#                    <taxonset id="NthBarrington" spec="beast.evolution.alignment.TaxonSet">
#                        <taxon id="NthBarrington_BT4a2" spec="beast.evolution.alignment.Taxon"/>
#                        <taxon id="NthBarrington_BT6a1" spec="beast.evolution.alignment.Taxon"/>
#                    </taxonset>
#                    <taxonset id="Cumberland" spec="beast.evolution.alignment.TaxonSet">
#                        <taxon id="Cumberland_Cu12a1" spec="beast.evolution.alignment.Taxon"/>
#                        <taxon id="Cumberland_Cu6a1" spec="beast.evolution.alignment.Taxon"/>
#                    </taxonset>
#                    <taxonset id="Dorrigo" spec="beast.evolution.alignment.TaxonSet">
#                        <taxon id="Dorrigo_Do2c2" spec="beast.evolution.alignment.Taxon"/>
#                        <taxon id="Dorrigo_Do5bm" spec="beast.evolution.alignment.Taxon"/>
#                    </taxonset>
#                </taxa>
#                <parameter id="RealParameter.0" lower="0.0" name="clock.rate" spec="beast.core.parameter.RealParameter" upper="0.0">1.0</parameter>
#            </tree>
#        </distribution>
#    </distribution>
#    <distribution id="likelihood" spec="beast.core.util.CompoundDistribution">
#        <distribution data="@snap.Ai" id="treeLikelihood.Ai" pattern="coalescenceRate" spec="snap.likelihood.SnAPTreeLikelihood" tree="@Tree.Ai">
#            <siteModel id="MutationSiteModel.Ai" spec="beast.evolution.sitemodel.SiteModel">
#                <parameter estimate="false" id="mutationRate" name="mutationRate" spec="beast.core.parameter.RealParameter">1.0</parameter>
#                <parameter estimate="false" id="shape" name="shape" spec="beast.core.parameter.RealParameter">2.0</parameter>
#                <parameter estimate="false" id="proportionInvariant" name="proportionInvariant" spec="beast.core.parameter.RealParameter">0.0</parameter>
#                <substModel coalescenceRate="@coalescenceRate" id="MutationModel" spec="snap.likelihood.SnapSubstitutionModel">
#                    <parameter estimate="false" id="u" lower="0.0" name="mutationRateU" spec="beast.core.parameter.RealParameter">1.7346278317152102</parameter>
#                    <parameter id="v" lower="0.0" name="mutationRateV" spec="beast.core.parameter.RealParameter">0.7024901703800787</parameter>
#                </substModel>
#            </siteModel>
#        </distribution>
#    </distribution>
#</input>
#
Sample	posterior	likelihood	prior	theta0	theta1	theta2	theta3	theta4	theta5	theta6	theta7	theta8	theta9	theta10	theta11	theta12	theta13	theta14	theta15	theta16	theta17	theta18	theta19	theta20	TreeHeightLogger
0	-3698.777312415215	-2692.226793831677	-1006.5505185835382	0.1203944956699987	0.11863967365072775	0.04205884659182786	0.08363555921249882	0.1353460412407374	0.08831257105394229	0.06203883103556648	0.17081235709393894	0.12014045474176985	0.08294527235456127	0.1216593817835447	0.09181116676609286	0.10798313892621177	0.09654426265589335	0.0767390689410573	0.10763599651048207	0.07882586322224008	0.09087983976199568	0.07869356843271738	0.11967416688491161	0.18970917626914502	0.007717773294680695
1000	-3694.870925915376	-2696.390092114236	-998.4808338011403	0.15370997916813892	0.13505871276434703	0.14218013548547434	0.08919549635358298	0.11372863950791082	0.11390097680596065	0.03876086884558806	0.12005913914390784	0.11206619661730574	0.05332856256790736	0.07600684603386881	0.0848738490482849	0.13257656010961733	0.08299191181388298	0.0981114283540174	0.1510222406840194	0.13431670402448292	0.08482956251595727	0.09375139611987768	0.10916185544838157	0.11401291732583789	0.0037144872348167284
2000	-3886.361459132716	-2882.458464043094	-1003.9029950896221	0.06655339456816001	0.12736831835174084	0.10858006093868662	0.15440127562090336	0.06946853969755985	0.0780825257356317	0.06091738297637318	0.0709226940507221	0.14756503558325718	0.1724216693994145	0.08842551746297211	0.11801474227157197	0.07661057145683352	0.06888401509982614	0.1160801883894791	0.11314077099259044	0.10010151013887177	0.10066350238701964	0.1006289047490432	0.08834729109734007	0.0709214108455712	0.0065940413954659995
3000	-3898.7821491563213	-2901.71813868217	-997.0640104741516	0.16965078074359843	0.06113591428845978	0.07178956538330399	0.07298398883730575	0.14635878010003966	0.09059324152025615	0.06937095500446987	0.07593479187745814	0.1052685418315573	0.049580561202863534	0.1313210310846329	0.08473070985265505	0.09586300614882072	0.10807804220694697	0.11922774201720372	0.09661758068821368	0.09403950944254341	0.06010661762272974	0.10538484179642835	0.10296581156929543	0.12975039267645072	0.0023657685753190696
4000	-3691.420650379351	-2689.7556626567984	-1001.6649877225525	0.08302031529392348	0.0998122221299416	0.16319425063560278	0.13546136488324137	0.13995816423669608	0.07898804902474758	0.1252517286993607	0.09352881963767842	0.0795052556670193	0.07125259884037738	0.06090640663215007	0.08420408249566626	0.07559164082598079	0.09893617726884826	0.11761834501351148	0.08672643783147474	0.14036855168397736	0.10818154916477912	0.0843509423160319	0.16789729867333933	0.1271150065876352	0.008509002375428506
5000	-3925.7784313878033	-2929.4113530377217	-996.3670783500816	0.08697705982348118	0.1308770888991602	0.1331026312386537	0.07187113356886886	0.1164913193287096	0.0915393154592301	0.08312726703516184	0.125200991394409	0.093754130793117	0.0824290636846378	0.19964534783489005	0.11214336242192584	0.05542429659037063	0.08655838629779952	0.07693984267211422	0.13363976363461766	0.08391736919123136	0.09681627595644475	0.13464848261627124	0.0898365016176533	0.07824104316255849	0.004506300337185281
6000	-3622.014705171423	-2604.4622855799594	-1017.5524195914635	0.09115219393260483	0.09815185686757595	0.04916413625418419	0.14304011954770254	0.0732146195564787	0.07904792811159382	0.1235379374635246	0.08059619285735942	0.13609561718827903	0.12258822925148456	0.08024485188298755	0.10539023805035631	0.07538355893593351	0.024028618899102135	0.08331111400552017	0.09229774770569403	0.07997068083609023	0.1286621949287872	0.07806907333872184	0.1381323553152071	0.07910885234665657	0.007707358952568514
7000	-3384.451745275249	-2378.701465990862	-1005.7502792843869	0.09753463409044108	0.10752259320350456	0.07615244882788093	0.12851616407047012	0.08731552441063363	0.13734768112143192	0.10691190630206623	0.1817466264582512	0.09390272841410827	0.0894202510153298	0.06842366560255309	0.09552837919176074	0.1374905753191673	0.09118506194939267	0.11333623112420578	0.06748163420192117	0.14310633546509946	0.16451202330858633	0.10647194107867089	0.05911055044337185	0.12082181537007078	0.011155902726993162
8000	-3081.9914372625067	-2060.205244960998	-1021.786192301509	0.10550546083681027	0.13283772260985557	0.07580608618993337	0.08987529072505457	0.10429056259456167	0.1592806927039714	0.1412533340520995	0.13193799096253098	0.08921279087946354	0.10582622114449977	0.1425928807958784	0.0986604191533805	0.06836262895842422	0.09599981124322193	0.05673360064675646	0.08860813944819888	0.0808402127796	0.1414610959841749	0.16375319579477088	0.18029598445653452	0.0950572058415185	0.048953486045746564
9000	-3239.589541001424	-2222.872431541226	-1016.7171094601982	0.08614792740848266	0.057260822792745844	0.06750774604334164	0.1257295451695442	0.08739911803332905	0.11351014609789835	0.07368333001009851	0.14772976573909335	0.09208676664124917	0.1284728902539886	0.12210803578681181	0.06848199326052583	0.1313124680233079	0.07695154129002185	0.14831135787671107	0.11950639115152796	0.07669608253077335	0.1281819407892156	0.12148912678307108	0.06306667146526841	0.13055514504573057	0.036953344753560255
10000	-3922.9098209958033	-2918.7029386816985	-1004.2068823141047	0.11785561661020806	0.09180852517210648	0.13513447043057647	0.15635786836213525	0.08542485733498183	0.10953908372917902	0.06759120843793807	0.10735229348702054	0.06853710606321906	0.11848680657581506	0.12763309212267762	0.11491439559663605	0.11747636806716341	0.06741075347125046	0.11474907345858681	0.12152222264010884	0.057170071969449385	0.1406940632063327	0.09968302145396037	0.09622404699904487	0.12544659618874987	0.01244220932254519
11000	-3917.5805964523415	-2918.663284541994	-998.9173119103475	0.1397865826001964	0.07824303423491011	0.11765526624790025	0.10689550857305025	0.0820587210684576	0.05259731258080712	0.09557340331195406	0.10967314623348089	0.12321397209950534	0.127955070555257	0.1285148273375661	0.11245550682478063	0.1453987627814946	0.10863968639662246	0.13904958808571763	0.13694782787610327	0.12890625399668615	0.11251175624194244	0.05491351709950718	0.16515353630091895	0.13134800143458475	0.0057072228849399265
12000	-3911.989125807636	-2911.979532898399	-1000.0095929092365	0.16941303456716622	0.09215512792930278	0.10939918901572596	0.05090420693304089	0.051562316939805015	0.15216816212727652	0.09255047620341691	0.08655195107818943	0.08001097285985857	0.08864091392469488	0.11345331292724514	0.1685941443767989	0.059696382165988285	0.13498658461119895	0.10729598486111078	0.15289105808310566	0.11513413846606672	0.09740143548206759	0.1622843696403155	0.1212326227220756	0.13326658600728675	0.003585228060111646
13000	-3680.2930801537723	-2685.0978554064136	-995.1952247473587	0.06566923540728886	0.1099997486160406	0.12460716008353995	0.14169891462496279	0.11395163392624537	0.12974018742960167	0.08630111842788189	0.11125912343130609	0.11483389140318451	0.1263389475289624	0.1357503079878188	0.12128315699389455	0.0791967686671174	0.0950127315111766	0.12252851557224301	0.1349853927932784	0.11587284557743331	0.07657190156886065	0.08568890523941299	0.11951770866664796	0.08338019389059186	0.006111572743501344
14000	-4022.8804561134057	-3026.2208993640925	-996.6595567493134	0.09193607910475132	0.1187793221885143	0.11301547331863372	0.04523620461359624	0.10941004326801335	0.13097205185638897	0.05937559374856245	0.1335805800017931	0.09889892437045461	0.1019082386023504	0.1390215666476503	0.13822562780524994	0.10975156203319497	0.07098563278749463	0.09643639008833937	0.07870676885892285	0.1797497984733714	0.09670383611686151	0.1760624573273501	0.07876523613608044	0.06417393367583116	0.002920589692934453
15000	-3104.452455310862	-2090.567509663485	-1013.8849456473773	0.11962762046007709	0.1228811335639494	0.14465047842558537	0.115820234096194	0.08550918902767098	0.10697263541493816	0.109297499673907	0.10969026561046495	0.0827730871445573	0.07884420544344682	0.1296580130678057	0.15820533450450777	0.057791378684821676	0.044153015173571966	0.14667409691407735	0.08825993784641781	0.0701684608346285	0.10708092527280251	0.11607971132249996	0.10345292402713963	0.073767052490848	0.021730199829332355
16000	-4014.5260589228556	-3013.1882602362857	-1001.3377986865696	0.0857288119084011	0.11108375355124672	0.1967948308208577	0.20472295455030404	0.13461165998431224	0.15220930779062353	0.11104437590248947	0.07654343933089422	0.08508864843011293	0.13846439357628765	0.10716018300356209	0.135902595452795	0.09881136944779785	0.14280570069434642	0.17223323808023042	0.09784076669873375	0.14836050205331758	0.08227562647815774	0.0928505848102392	0.0708893002070772	0.10495072541797941	0.008731937996889214
17000	-3848.8502200684006	-2848.074506466819	-1000.7757136015819	0.13674620010938382	0.14529526353775757	0.08620195712078596	0.1438563367476944	0.08798570356088069	0.12649018515144694	0.11831106613142245	0.1389336007407578	0.0676150577113	0.10653127783096313	0.06131519771668834	0.1427885444927605	0.09038282058415215	0.11038020883109122	0.13371082840288653	0.09938894532062093	0.12146056896611497	0.1075992883603204	0.1281728114213323	0.13882802071711808	0.1267291191280161	0.013151261215893158
18000	-3600.020079296527	-2587.8012395377973	-1012.2188397587299	0.14875121924502493	0.10226858982009228	0.17689092823959945	0.07425447595395301	0.10018327611741355	0.08588275557080184	0.09267755990914568	0.052535295947315694	0.09790306609924793	0.10346928400321102	0.10716970103903728	0.062214657866919564	0.07001802861303691	0.12020777811679734	0.10889079536962054	0.08495567883306485	0.13603476974793996	0.12761671074426115	0.08215125732601315	0.20683985517705802	0.09470477947182919	0.013042355416699417
19000	-3083.888773895051	-2057.704420249794	-1026.184353645257	0.07727100013582425	0.1574141665604299	0.0690736560771526	0.15209625032176455	0.09629522620872917	0.0938624995057566	0.08225734347098672	0.05330914037268196	0.09412485315468035	0.18093467960217025	0.13234356452078147	0.10910436333725287	0.08046768640360961	0.1485249377732672	0.2157923720590108	0.10361394320314309	0.09222802547873375	0.08275439348843423	0.09903180311602283	0.08934710234698223	0.14599890117791325	0.058458266703361725
20000	-3092.208765523864	-2071.042749838228	-1021.1660156856358	0.11270204139002414	0.1738542577399206	0.05667891157089696	0.05861547341116848	0.10417522977286726	0.1025817812690499	0.09950018586538158	0.06629216198867183	0.0658720405083326	0.08691024351006219	0.10508011319782477	0.06608895767265827	0.07840260935056334	0.059489919217683304	0.17637637764847436	0.08430110218888086	0.08531820696925518	0.07213807260221546	0.11309488724774486	0.08721490105575674	0.07774332610467552	0.018444833603116346
21000	-3462.924932733266	-2460.795799757389	-1002.129132975877	0.11396864127730645	0.15136301213499767	0.0812030349042926	0.11273978511513305	0.13485986696618146	0.08305962737514089	0.12853942184528538	0.06919630854960199	0.06447929379984071	0.14329942368140816	0.19470133663909084	0.09252750726475997	0.10153299217405257	0.07201840018161289	0.11887226960525274	0.14916234107608922	0.10326215823339366	0.10050389440771486	0.13145433452067148	0.09092075644390164	0.10572661848709893	0.007088360782233401
22000	-3611.5297550817772	-2603.805783745242	-1007.7239713365352	0.13019133548021053	0.17760420195384366	0.08635165135827391	0.10470017554957743	0.15564277004563615	0.15396787474463738	0.1081481082930638	0.1420870124502876	0.08764500086254594	0.11844193763820123	0.07968928215714553	0.0933611703877024	0.06855144457742682	0.09897686469582138	0.07985347509129813	0.10704113136193939	0.14770907400148395	0.09712029304977049	0.15340681131153033	0.10516811410886917	0.14537912486377014	0.017543419890692545
23000	-3914.078334959202	-2912.08162020593	-1001.9967147532718	0.11798378965594912	0.13525131192987525	0.11243245124632262	0.13679904241161933	0.12464182165735718	0.17378885301244823	0.16532083229973685	0.07840459669551358	0.055384279270275394	0.1023252920098049	0.0964259827029266	0.14169256131884458	0.07292893169161878	0.07933978309192959	0.12481580230624878	0.09407653966039922	0.07436461482920106	0.06725589527064361	0.11859289218644074	0.10699307437800774	0.10438575897392836	0.0069246105918983536
24000	-3975.58465099178	-2984.2441074706603	-991.3405435211196	0.15377905825524246	0.1495511144106953	0.1235364708889244	0.0969652044528466	0.09967559021704704	0.090106275221392	0.10542423452961458	0.10053135493004767	0.12038201396106751	0.06633778668382141	0.14757979748766745	0.13287625163099923	0.05912149644249271	0.14252511237291973	0.10618656916133304	0.08350917892007413	0.09799235668242534	0.1232139590254604	0.09445384694879196	0.08480110544739242	0.1556918174508023	0.0025922880892184537
25000	-3850.7862278032558	-2847.0778924488063	-1003.7083353544493	0.1070499416852975	0.10611373110064302	0.13665429906949925	0.09759400660740858	0.09857140284639514	0.14329681706956235	0.15595764104498172	0.1512507614926918	0.07258567417597568	0.060012114075674215	0.10687647797904923	0.05572362774768172	0.09508929900546839	0.08603090278242154	0.08024402337911735	0.12258907668413917	0.039477428941088674	0.06472210724331438	0.09341956481563655	0.11611083278832222	0.1270153637263505	0.003763796206644343
26000	-4062.3591710483333	-3062.6825469186174	-999.676624129716	0.1462892543890337	0.05013075815087665	0.08198656167468624	0.10170401956327563	0.12505846629419579	0.14696964032258272	0.13761813685173999	0.10989181774825099	0.11797492183149902	0.08689066336755014	0.09972833591084392	0.07361268588547493	0.1459486312804004	0.04940780145700169	0.1893124183316234	0.066898766333116	0.12368776986268554	0.04456311216407921	0.07839209180899676	0.08202270927618847	0.1104675956679318	0.0017852591138996941
27000	-3309.745674086432	-2291.308482227375	-1018.4371918590567	0.06984480028801225	0.0852684893672305	0.06442339617508756	0.10761551017198852	0.16259997449684746	0.07085569869803005	0.09293721218954591	0.11946732627336071	0.12373476573897196	0.06977569539190485	0.09077290018202647	0.12867962428304117	0.13001711320911877	0.09830039757850642	0.12367577323489776	0.10414040057454943	0.11799590146205809	0.15926008486972892	0.12480519877059898	0.18333799923578448	0.1623391579729709	0.039580215094397124
28000	-3092.955494014282	-2074.989672228766	-1017.9658217855161	0.190966760124271	0.10708468847492564	0.14963566504193548	0.05407927686438166	0.11424347684721131	0.1338954285511655	0.09991236938091916	0.10308228102477182	0.11125209380070156	0.12342812214028273	0.16971857198574286	0.13144396674756012	0.10740082636376544	0.168464729628801	0.07587394930050266	0.11197102523055061	0.10276301028092012	0.17249482687033735	0.0959107675847101	0.10637093748610564	0.10343750869170545	0.041881953669697686
29000	-3013.655848361611	-1974.1324239944256	-1039.5234243671855	0.10260841841107086	0.1361335178126142	0.11498688352968765	0.13258528074122475	0.10916604431223742	0.09727993491521794	0.09222203362090889	0.08245408721832642	0.03470779662195307	0.12565517216597094	0.06460794859353872	0.09311356593677685	0.08299857335994021	0.08741243266350139	0.08007424972302211	0.08825489938689764	0.1073537182167326	0.11094637690075655	0.08506539020511573	0.08295551795746717	0.12338538552882142	0.2570989433736496
30000	-3084.8414031542707	-2049.5464184889006	-1035.29498466537	0.045474543536538035	0.09550622367376908	0.10025315585515253	0.07313181843150444	0.12292899322911435	0.07364998796849992	0.07828711635806167	0.07092300207095631	0.12012403451907584	0.06715265483619917	0.10841974861551228	0.12243817308508652	0.18462228479896192	0.08502721008404755	0.09283787687897883	0.10810436132423548	0.12016097135297152	0.11321326534181642	0.12257289828655184	0.0891752576892822	0.09150437347169942	0.18311359882681966
31000	-3547.786589296957	-2530.7318022180098	-1017.0547870789472	0.08414605260300993	0.1282205477407785	0.15237850877296463	0.08662095570289656	0.09054500197817403	0.11084825533882775	0.11067220246060795	0.11054391400066162	0.1892504454079607	0.08006119835088502	0.13311404383029646	0.07735356697895943	0.06664219282316411	0.0995350800420001	0.1062252631799433	0.11096632069597918	0.07169094732747025	0.09679482309678875	0.07153708409192902	0.0845541129009958	0.1031793962327283	0.05230474136718164
32000	-3137.1373778929697	-2093.3176389308387	-1043.819738962131	0.13332021257151197	0.11522306650267239	0.17859288563981446	0.08170770439550919	0.1162509682054224	0.1248501235794486	0.10764185694895066	0.09153374072103687	0.18840304128006782	0.08223557866036375	0.07732919966410731	0.14975987512659575	0.04862329293292347	0.10095238269513633	0.06592615499162197	0.09856883976702446	0.09933002134909101	0.13956163445216985	0.12822770140790749	0.06804750347020395	0.08430683767381184	0.2737383338588635
33000	-2574.832606780369	-1528.792031306946	-1046.0405754734234	0.07841319420742768	0.11925625052702109	0.09578781674195534	0.15302427619400824	0.15962482896180324	0.1264762850802889	0.07400825241530705	0.1300383461418033	0.08047989428304077	0.05375666130787606	0.14782701236101928	0.14897910003433237	0.06855746149629229	0.13915365353300344	0.10470570756898318	0.12249905247255637	0.1552347738995415	0.12118493425527513	0.19493376891211178	0.08023506729967755	0.07754991298457901	0.31651191267656886
34000	-2894.190928877343	-1856.0809555593853	-1038.1099733179576	0.11231927131644079	0.13174158520695328	0.1548334756178544	0.1806357530800733	0.1691861437905609	0.10506210691118974	0.16682522523687177	0.08841591528683139	0.07101064614611326	0.1620388682293183	0.14021666262067148	0.12311073656659889	0.07784822457324418	0.08575650442122876	0.12380785910434688	0.10320122768524809	0.11045276609708264	0.09446399861899238	0.12034815360812486	0.1514152586691816	0.12107403146418387	0.26569154589603683
35000	-3178.939544846324	-2152.6248348704203	-1026.314709975904	0.09546958564385347	0.08844021857794411	0.09101606381708806	0.06732320185244009	0.12076675841332586	0.08705657643182985	0.10861687563664502	0.1989217313978635	0.068841571761978	0.06315499964906132	0.109173281849143	0.0957311377821048	0.10741984971005879	0.12704504895920676	0.11946319202700396	0.09768053555308151	0.09068475006806577	0.08589677920174561	0.131183782099423	0.14753328868065468	0.11974954473916646	0.0743444318660251
36000	-2942.780448017082	-1922.8322740788599	-1019.9481739382223	0.07564655331697412	0.08922101963052087	0.08941045154369513	0.07215557830601257	0.0809409449161024	0.07132602949443737	0.10138188147912998	0.15868749116037498	0.06821429857281214	0.14732093177625472	0.1206516187688174	0.13689336524688545	0.11382769163511261	0.1065089578121159	0.06875644122769592	0.11176363195002939	0.10118597186153032	0.11252144947619658	0.09177139426055045	0.1369100100891917	0.18697201974014582	0.037023510776407524
37000	-3127.5305775082693	-2114.2030601664524	-1013.327517341817	0.0879616143521059	0.11086481125214795	0.11320497714828806	0.07493418902952106	0.12476947862795557	0.10133183863829354	0.046462887024020745	0.07513532260405173	0.10969021881328903	0.07767784529632593	0.12319393346798103	0.10439049167174468	0.1162147169093238	0.0631059924517277	0.1380461175777364	0.09477439148123935	0.0873249681060653	0.09524818984074256	0.11466834380725689	0.07953528278482716	0.08892094261675353	0.01940091436857614
38000	-4031.2576866637573	-3039.2219612689923	-992.035725394765	0.13105555090433196	0.14917456490361225	0.15161148320886214	0.09103216819968882	0.12423084993407206	0.06457209475567248	0.05733146488913507	0.08674943580830148	0.1227463679563434	0.11718847473901593	0.15001737173160654	0.07462178120382766	0.17459509071274307	0.08025376318526471	0.09048124705626165	0.15402735114016244	0.07505806397849547	0.11877530137099364	0.12734612956421665	0.07520729722303766	0.08046366281877272	0.001716630476448519
39000	-3968.3934810943147	-2977.6661895545717	-990.7272915397432	0.09717018181283048	0.11851198188031609	0.10637264933920852	0.05909083857912336	0.07133597317910191	0.13514969970054383	0.14241421266329757	0.07827355410797017	0.08445092104175737	0.13124633030415378	0.08102126651131829	0.15263040885859103	0.11401638606803018	0.11246942327893036	0.08789664064732264	0.11832336023512045	0.13633563183218939	0.12221071397270768	0.05570925576086871	0.08972488651859971	0.13667680784214978	0.0028048605238695
40000	-3867.2116261599867	-2862.2323706797993	-1004.9792554801872	0.12597737578134996	0.07249808545067694	0.11150148552005794	0.07900181622767062	0.07158422361020383	0.056353378714104195	0.12924102058663062	0.07847789324590466	0.15997032013055734	0.23217031806659097	0.08011858884359414	0.09461893164522142	0.1408952235497872	0.13130198508092447	0.11045980355345096	0.12122783600165614	0.07464678279259918	0.12227021134004425	0.14371644134945652	0.10786819791871845	0.07154535691292323	0.004695933374053727
41000	-4021.9584691843197	-3027.024593693458	-994.9338754908619	0.09262268597939623	0.11117314709921942	0.09723824476323507	0.10052269191021329	0.08547850232301807	0.1119455540148767	0.20874212036682221	0.18027286134890466	0.08553436417320949	0.08627773613613002	0.13418245519990693	0.12834466647028625	0.08717262927635035	0.11886878005759202	0.10423806637247814	0.0735281629305299	0.07629887882132479	0.12617416002494322	0.08427702503770723	0.08429624242741432	0.08061362514567502	0.0035124091728825735
42000	-3705.5878382393844	-2710.871267903198	-994.7165703361866	0.16895795329754165	0.11406994859251998	0.16127208767470447	0.07027894400950253	0.09498102623929533	0.14058908796722425	0.1531993207439516	0.11468822211439461	0.08396511928524406	0.12747908951310905	0.13310248106524183	0.1126644113878549	0.10077093815990242	0.09427029834045411	0.12384327305195734	0.11937788229128427	0.09916312555888081	0.13959527845196498	0.1259850089481304	0.08729626391013082	0.09193121446965422	0.0049411559480109345
43000	-3733.479207097015	-2726.4287699762212	-1007.0504371207937	0.07709002210630006	0.09217320445107549	0.08154063587591266	0.09234728980931775	0.09745243945473937	0.05920283490164806	0.05455749584685593	0.10279331324059728	0.09280843081133755	0.06506166038985384	0.10263422191344204	0.16007147696001198	0.12565229994140073	0.1154227880302094	0.14592245156264544	0.14616939987601998	0.11919248026459907	0.0928939613956506	0.07203034410326378	0.11427701523926358	0.10429593461024828	0.00956811198479691
44000	-3109.8810055079853	-2089.1460773315803	-1020.7349281764051	0.13303835827307012	0.08564962693632648	0.10214030295657003	0.15296031841119317	0.08490740618437766	0.06955109151301113	0.11260629736238323	0.1009199467971136	0.0990166790146176	0.0974585271537117	0.057520007517210536	0.09362484220665444	0.07795750917871137	0.06823779993740865	0.08059243106150774	0.10664184828186075	0.10095116970726212	0.1359694297102624	0.10269084811607695	0.11270598509713067	0.09975576308521458	0.04075701199152712
45000	-3454.9485698086746	-2445.842881600431	-1009.1056882082436	0.08762830259162292	0.14416617793810277	0.077030430253639	0.11418340299858279	0.07649621834253546	0.11964858218485662	0.12899488897499584	0.08611100865036073	0.09744003570114318	0.13290983193870531	0.10281853315676309	0.09573658085295228	0.05783220211432118	0.08660202275995545	0.1592002190787795	0.15668763362644306	0.12814576716190262	0.10273837381152703	0.08794858775522445	0.059446409905189096	0.1400226971162515	0.010306241107592045
46000	-3324.619427982366	-2303.9382038134663	-1020.6812241688993	0.14009890776578135	0.05583241526787658	0.11263909780700042	0.20518389400275608	0.11317104500601584	0.06539471471191823	0.10221491317720223	0.13549918954949394	0.1349579241350705	0.11609974114058592	0.11677359000226802	0.14677277803063715	0.09977520361623947	0.14740758629344644	0.13291984368391072	0.08776584662506977	0.14849805965108628	0.0903391823325151	0.08989441949762478	0.13154622109443256	0.09033738272591364	0.03852174516900001
47000	-3723.084463873332	-2724.6681398053342	-998.4163240679976	0.09879824917427897	0.08875543333913516	0.08897362226033745	0.11061797217241177	0.09901053108696353	0.15585185463491863	0.08226600997215157	0.12102752448588454	0.08631022423628426	0.12194102365982587	0.12450912969798553	0.05181533709958447	0.1267467319247478	0.10743675562069711	0.055479848422862604	0.11277520003235772	0.07920245346399589	0.11557241496303378	0.09470373200434982	0.07570753366654533	0.11615476038014938	0.004570255878028031
48000	-3792.7550547409787	-2795.686777022789	-997.0682777181895	0.09528385150056785	0.12958707325703067	0.10165221855374758	0.09740750331006626	0.09542195015514743	0.12094190946686917	0.09518272523749309	0.14018761010890518	0.13594242394825296	0.10492021896193152	0.10512604840634962	0.10229662231634307	0.09926949605871468	0.14160937228087317	0.10039121317607869	0.12265711047609157	0.12171334310213933	0.13067766105575912	0.07456106410207808	0.07462031116504335	0.056740527943114835	0.006354016532005525
49000	-2788.128622189607	-1764.589806352087	-1023.5388158375201	0.06724499436901012	0.11017476501055513	0.10642376893701348	0.07787939888970834	0.0681772777002071	0.11637306758062685	0.09711482392268538	0.14862994759733528	0.06621228172078018	0.08858999686060069	0.125839220477544	0.10656633627704934	0.1680553109518565	0.09348353999289191	0.138707128511101	0.13729676730394974	0.14831470928347998	0.11293971549826687	0.16734998405613605	0.07716102260157279	0.08514322598979761	0.05797031032786359
50000	-3933.177147801548	-2938.2389388100187	-994.9382089915292	0.1211000576407469	0.10735554066792126	0.09314204980762665	0.11520641685249634	0.087420396569688	0.09411602000807123	0.0811112731227647	0.07375460314340668	0.14007452392526507	0.08568994869138438	0.06291249528944413	0.15199282413128995	0.12883804033813986	0.11964814153855156	0.07046902971066991	0.09515303434871758	0.06959386024140336	0.14681088295579747	0.09656955262669777	0.09252441612865442	0.14701931616390407	0.004108811375682058
51000	-3955.2501731230495	-2952.586433146756	-1002.6637399762936	0.11484901024788374	0.09679959018413441	0.12793985451564785	0.12904020303597152	0.09423853051346538	0.09299330212699622	0.13372513173931738	0.07204461390258976	0.10546520456420622	0.12010711846337181	0.07399322995467736	0.10012482627961714	0.14330568978169547	0.10640498913818469	0.09930383005053955	0.05205214287164195	0.07450090410706715	0.17209745427496	0.14398232989993318	0.0943924730365822	0.10745436490017064	0.008613837453585594
52000	-3496.1341512978515	-2482.59348957655	-1013.5406617213016	0.17840686678375609	0.07171947303765235	0.1074272367540694	0.0965579895322605	0.09151525519241188	0.15770691151641714	0.13427040439603222	0.07391709202258853	0.07788471173851097	0.09082799700690944	0.07767917368851943	0.07199804415154278	0.08414197926959541	0.09157451654614732	0.06633017450652981	0.07953518251101258	0.15377048253451786	0.1438759042164444	0.05496905751313351	0.13134180412666482	0.1759355875693569	0.014636649329080487
53000	-3994.82296787616	-2991.079943448086	-1003.7430244280738	0.1840714682929644	0.12004285645423877	0.09038206728755832	0.19226306239701108	0.054642788917271666	0.1475548035124971	0.06686221438389074	0.1266138436094587	0.11503757157621416	0.11763039114431753	0.05404118566265511	0.07749762891301872	0.1363851127431955	0.1030962685107013	0.07720354291291023	0.1531400987197198	0.054621603012736185	0.08169632884413966	0.0948024769264453	0.12465686906497059	0.09054448946331899	0.0039861106380458715
54000	-3457.6668217110214	-2453.5285939671453	-1004.1382277438761	0.12124268873261343	0.06865282076824755	0.17688752290316298	0.07436930598407827	0.09997107190610176	0.08977122091541953	0.10053308181944098	0.06021966143248058	0.10440510986073555	0.07375102535968434	0.09868257375206349	0.13120492179463206	0.08930308287431035	0.08884208245442997	0.07346274287926499	0.12785365819673122	0.1028999757392724	0.11379938979302151	0.08522574189037585	0.09778951193311386	0.18240151465463114	0.007947052299368132
55000	-3806.4988274560246	-2811.9514604626133	-994.5473669934112	0.10877366935035043	0.0595685014633314	0.05481903013599634	0.10815009848951	0.06102696711320324	0.0750455900896436	0.08738253105700963	0.13038627519787854	0.06694819340415338	0.08023344723158744	0.07893298710086175	0.17673028779930985	0.08181741371682434	0.17510758948160668	0.07050167400174939	0.08906290528749519	0.12025166430159703	0.14801482934565732	0.14193268065203402	0.1495350148372026	0.1130884827436055	0.001503733354536086
56000	-3723.528463367228	-2721.9247077512787	-1001.6037556159492	0.09169024995793618	0.07807093090205597	0.11205335934588055	0.12138570662428398	0.15109850579981046	0.07507101767899264	0.09602209578567883	0.10429834771965443	0.1481637626792456	0.16887278583696977	0.12922232717215648	0.11212823485292281	0.08969298147681846	0.1334389951033362	0.10794362033817427	0.10826066245429035	0.11815572444701422	0.1122835613883504	0.07412543780813578	0.11128015469494947	0.07406976516982854	0.010419230105087069
57000	-3225.204912639242	-2210.9752362664285	-1014.2296763728135	0.09762361556487649	0.13154223260770598	0.0775666334949329	0.105359230412323	0.08829293181441455	0.1678640320300785	0.09164375325847232	0.09715462475581942	0.10276163130336081	0.10686968394403641	0.09520406235102906	0.06477877182463743	0.09192067077694893	0.10690080121186966	0.1051791266081966	0.13211928188228683	0.13506009074444333	0.09795873051752385	0.08695486558003684	0.08071490882282487	0.04641497370756703	0.021003350317545497
58000	-3681.274297744724	-2675.064737911397	-1006.2095598333274	0.0832269292320244	0.11927688041222087	0.11497027705661363	0.14991814571123577	0.09388482509901369	0.10752931805538896	0.13073589932448584	0.12188127271207168	0.06448977583912363	0.12226676208809259	0.11838524721169198	0.098213825650004	0.154415306339901	0.10589229936602039	0.10097106002905507	0.0530515323071426	0.1269267176486057	0.09383206587417683	0.131369106160549	0.14353280954359732	0.09017225226223309	0.013169645958477033
59000	-3584.237858942678	-2580.479033163554	-1003.7588257791241	0.07269885178111929	0.08116922217248146	0.13450833176994037	0.0646933896381621	0.09673996237513213	0.0946470151920191	0.09248050526123279	0.1077723875231573	0.12528158771721323	0.1272193972496777	0.1932632987879062	0.1182121383079456	0.07064375912237347	0.107222306469307	0.048849755828913696	0.08961261710809182	0.11377720037772107	0.05638258510092329	0.14750835405710838	0.12014753305095646	0.12124288077380302	0.007012276322974124
60000	-3492.946949243814	-2490.0055565294106	-1002.9413927144034	0.13628174641364652	0.08215640176105032	0.12016428178105122	0.08051449641731402	0.0974867952647171	0.11272535613721243	0.05075764933483601	0.10350728748810274	0.07251200796915114	0.13136052321211414	0.11403619926307952	0.17214130055452936	0.10571334905703353	0.11309466790417559	0.08149465142445693	0.07991465108947453	0.09364119110341879	0.07998279038595409	0.11625261891050066	0.11898480653879352	0.12506772771454688	0.007792633006737687
61000	-4078.550464402846	-3085.8522318505634	-992.6982325522824	0.10509079684170086	0.0862576509734793	0.09384335939665439	0.13826554616885983	0.13134277675753547	0.05378890223938755	0.11523710246933415	0.1199604174886251	0.13123689417933365	0.05551520949120036	0.16592297551742846	0.09897446025231846	0.10227216045294259	0.12414102187630971	0.11500280970184719	0.11831572588245343	0.11120156045998472	0.15965901769742455	0.19494196021160765	0.14591745156922067	0.08604824446094336	0.002985870694344487
62000	-3970.173104732624	-2969.3889695125404	-1000.7841352200835	0.11385923972619776	0.10546796953016781	0.08740142705384756	0.12347784296466136	0.08932803040030247	0.1361880083896018	0.11109962985680556	0.09746531821507194	0.06420662490828229	0.10292095866479932	0.1055077224079808	0.15787751684487783	0.07684493073293298	0.048747802335624965	0.10580773811651412	0.12413143751779765	0.07782175675836447	0.141221125383497	0.13899784255370415	0.07472915383992207	0.08716141590491722	0.007080371096593674
63000	-4073.830033151139	-3082.1346252143417	-991.6954079367972	0.07441364923721236	0.08989419405771687	0.10780331773071139	0.09590909220150226	0.11382639542560383	0.12527133436201354	0.09968179918688912	0.13446377653556418	0.10227478009307443	0.1328430420627069	0.07633443237195572	0.07831946998560081	0.10579520849220411	0.06786341270719003	0.09697274528265457	0.081407029981719	0.09890602337045573	0.08266201857737669	0.08255881908989449	0.095540302485546	0.07546972554928266	0.002887110593062156
64000	-3396.080404848025	-2375.681678844093	-1020.3987260039321	0.0890537436924798	0.11319636329406964	0.1454104523947762	0.10219884506487881	0.11481778131017442	0.1279269650325395	0.05326458496403896	0.05648154693254246	0.10955006382483465	0.1379982796846864	0.08672119205136157	0.09719692238515372	0.11824133389251944	0.04649806005268775	0.1210993663755738	0.11699033827544429	0.06734069211007795	0.093201536954342	0.10583283936557358	0.1369939017039956	0.06391233696463311	0.02983374495473822
65000	-3922.4030637470373	-2923.458865421461	-998.9441983255764	0.07328666142036279	0.08255068466395545	0.13702781798660812	0.10455154870812479	0.08650603563034653	0.14307910845462946	0.10822664083740562	0.0714494731369204	0.11038689965793191	0.16239479211721286	0.13319964401464696	0.09939449571714774	0.06698986213951909	0.05355376351294187	0.10596839235387513	0.07833922999158666	0.13448121485618023	0.08090466920884556	0.08944381057895748	0.09473504438951497	0.12435037970418457	0.005275791361587768
66000	-3483.2472658007946	-2472.6289709798675	-1010.6182948209273	0.07479853550479265	0.11085609652382958	0.12072892660819437	0.09509063255470433	0.07867445288973052	0.14563414659071608	0.12149754918332904	0.1050605089875809	0.12420372661848726	0.05638630426946422	0.11400278509208998	0.14212932377859766	0.1538527132814922	0.09754276907184632	0.04947012811835059	0.0876216793874748	0.1164714936710488	0.10323919873571719	0.13493338107493852	0.08266501863818083	0.04512776542564615	0.011613485991866549
67000	-3478.7754289369013	-2455.839044902192	-1022.9363840347094	0.15619930098125984	0.1455807234525439	0.16310212771726487	0.04195405055937086	0.15323378528832288	0.12269647655535372	0.12629249830779052	0.07060205698509359	0.07622541613002588	0.08939809698404835	0.17084405809091688	0.09933214050058108	0.09226622508151687	0.14034290101212427	0.07904145025784433	0.11418354072353902	0.18682283308976128	0.09166235388270459	0.09374478178530916	0.08269682135752943	0.08554820353258033	0.041333953564151364
68000	-3399.177042480901	-2392.5785292506575	-1006.5985132302433	0.12531288421746406	0.1659093171974763	0.07014882420715648	0.07395747236403696	0.07590933805327706	0.10858901094205003	0.09980554836989274	0.07541792330795379	0.15664021988277743	0.14330734226595263	0.10891161901249635	0.09305260111778256	0.08294021554678285	0.12237965041369182	0.13822568912862154	0.13643439496113594	0.12162923689405729	0.10408583143743487	0.0751655126780489	0.09513477478099988	0.1116818895883187	0.01647966857277277
69000	-3269.819142084363	-2262.5790790190267	-1007.2400630653365	0.09989553766001373	0.0730967390806569	0.0915667880887191	0.1734802120651131	0.07351064474714973	0.13242103176365905	0.07404472712375082	0.08172191011461488	0.10287446693531245	0.18893389269731634	0.08668498395951883	0.10624009818032586	0.1162550690037986	0.12127609093364519	0.15731173609030796	0.07858864644206195	0.11072853174503704	0.11779453108028788	0.10559245345633446	0.12869281282192613	0.11143169243032469	0.012901797546206356
70000	-4017.0267682984772	-3016.546416563029	-1000.4803517354479	0.09592914148046426	0.11344016427323847	0.07344614483671807	0.10804401804439223	0.08557532500332246	0.05882997607414604	0.04283222131695597	0.09413545637210931	0.17491462281591388	0.10362274964806055	0.08267226843349826	0.12987046839670255	0.14275267969546288	0.07682689342666617	0.06236579811839448	0.0626425965921899	0.09089612127146791	0.118185272855288	0.10085404970331502	0.07121485349786041	0.09794081029806809	0.003151119581614227
71000	-3571.236575772686	-2571.238950228034	-999.9976255446522	0.16578310271352867	0.1248995777303576	0.14020039259957032	0.08830568477253817	0.1029948598372554	0.07614481527622449	0.1171173259112636	0.12950089825589067	0.10043870193657523	0.06085104151509225	0.11190189825854666	0.09778950374981962	0.05860673469620332	0.11394892107187758	0.12423897545566526	0.06275845223396863	0.09397240188278258	0.11553999933068951	0.0990230866010315	0.11477412653380063	0.11147180350569875	0.006993479713971746
72000	-3494.6248893723237	-2491.9703463111305	-1002.6545430611932	0.14629438272877127	0.12770864669814402	0.13807855480979167	0.10681981819078021	0.10847937531093439	0.13813716989307107	0.16018199578162493	0.1462516465972455	0.08957445215047352	0.09711199653626575	0.08409562274407024	0.11481008482001347	0.11431487968941702	0.07662707049499727	0.07729947260429416	0.09796016023125799	0.12600117497874205	0.15746453791400106	0.11472221597499375	0.09225658854783679	0.0726620348066641	0.01008912670379877
73000	-3717.5496499223964	-2713.040020523592	-1004.5096293988042	0.09932707577333286	0.1402657454830734	0.13517560369682108	0.09608695761957196	0.1025637892297266	0.1576815368526008	0.1395189048111385	0.10359766020330342	0.0780702840706385	0.09542947267740423	0.16307301202768365	0.0937196105235625	0.16071567066485545	0.06958103047746259	0.09279451433416001	0.12242927692121748	0.0688722782876338	0.1483572209756709	0.06807425171882041	0.10099062443178587	0.1083407289260425	0.010247207198001304
74000	-3585.4966519921345	-2583.799325594898	-1001.6973263972362	0.08831131607830967	0.10595835306848789	0.10080081187472273	0.10950685533096642	0.10277061891340206	0.08272774666427612	0.1254739303568912	0.10049883746682362	0.06901642705373873	0.14596351737392793	0.109560928538188	0.11096818208578416	0.148003252942303	0.0831367267720865	0.11548705960850512	0.15442861725218776	0.10632307429237799	0.08272309803009957	0.07065391669792312	0.1621835014083816	0.09360807140562674	0.008082816323396164
75000	-3220.558114185988	-2208.194914200338	-1012.3631999856499	0.07799598767933046	0.09434240140203684	0.09362798695692462	0.04898107290450867	0.1415310410615575	0.09087814627888709	0.08490030781302788	0.1119338817584311	0.10532337383390601	0.09034878865472885	0.1326247475834876	0.09801639357093213	0.10390746478301556	0.06452654823172903	0.08645238429192743	0.1352435114818623	0.09069011660502792	0.06609592815091488	0.08696137404543491	0.1761098109586511	0.10033256438989013	0.017304969426330263
76000	-4067.845784625294	-3077.9803391694572	-989.8654454558368	0.08357806483457303	0.09207475386562597	0.07079833088412649	0.11312107950604641	0.11219189191610436	0.1317318215596994	0.08861459851058184	0.14120690486947923	0.10573527556848697	0.09654360051279105	0.15565001317895447	0.06903777005099203	0.061669077015613444	0.1389159532599028	0.15467437666250555	0.1830179439256107	0.08645094316616121	0.11865748237938928	0.09631747761578548	0.09121521079161582	0.13817333262679296	0.002240658130766674
77000	-3789.913304813461	-2788.1124582149296	-1001.8008465985312	0.09457965992702758	0.08843825699021644	0.12458428606541931	0.07868688187035061	0.09595866536570984	0.1592330945414823	0.0917827180578885	0.07991492746139876	0.09104849596090459	0.07965882374441258	0.08473294729744706	0.10729725054246525	0.1442612207001167	0.09220488649154526	0.10810418795503018	0.1093403840886382	0.08787703332053275	0.07944688500170657	0.15538974428846086	0.16940603075888286	0.09882114639442907	0.009277470374795834
78000	-3046.199762284404	-2030.0766758701538	-1016.1230864142505	0.08762281573306621	0.10805420746264417	0.0825429341377551	0.06391069290363194	0.07849277241893579	0.11881998925604119	0.07142626583722594	0.10329175429924771	0.07287766417061627	0.14411517261582296	0.08202944146293362	0.09279082865762658	0.07907407473081009	0.12576948738704571	0.10087926988548541	0.077689587715428	0.11949388326094292	0.08243373905186692	0.09580087603832417	0.0891110481812382	0.18977319099902037	0.019631401623709594
79000	-3582.39203423685	-2576.6366377762083	-1005.7553964606417	0.11354231821330941	0.09039475912924923	0.10152849628434234	0.09417496791888792	0.156353932730689	0.10925786597976693	0.06917317653067956	0.09582446285227461	0.09061269611992653	0.11208692199540586	0.10977887490311343	0.08531484984944261	0.08607057490910713	0.10535573770726604	0.13353330920489787	0.06491434445459848	0.09557054866547438	0.17190856455365053	0.09955036403330478	0.13924982530016158	0.18693250185206634	0.00922284264684921
80000	-3701.4889530237633	-2701.4647298970294	-1000.0242231267337	0.15782837862049	0.0775581633983533	0.1029663154932373	0.1400726645048627	0.11086729787372937	0.09124283075725037	0.11381342514362919	0.11651878807452855	0.09010859374715176	0.13714108312200762	0.09080852263287603	0.10061904582579524	0.08943456059578751	0.09111615708232894	0.06891460856903041	0.17103087395770347	0.11622267316953386	0.146773083118537	0.09437792811498673	0.12255425227380373	0.10645153970349831	0.007267290949921581
81000	-4073.1230122801353	-3076.583779393023	-996.539232887112	0.1647511865534895	0.11361408223838791	0.03770460321441491	0.10729626436497831	0.08284693568925161	0.09191464709450968	0.08328595879769339	0.08965454593939269	0.06937729235530085	0.1676491607226597	0.09877938762818676	0.08182704479226185	0.08895551894942007	0.12870908254254523	0.09755379803232314	0.07554050744387263	0.1271270939311076	0.10955361561168805	0.10680349761168088	0.13744781021767088	0.10111122610533935	0.0033414183465105443
82000	-3910.3947156307017	-2905.061071568099	-1005.3336440626027	0.05513416425393114	0.09100998402439144	0.1799521836633201	0.09694821188274405	0.06893338118690698	0.12111739681324198	0.09925376237043511	0.07233948332366516	0.09521543310145286	0.15660216983888856	0.10141028503927646	0.15796164970773183	0.1160955655014323	0.13976272949951182	0.05910284488738903	0.14124298694726473	0.07773898762818707	0.0502084853345315	0.10773003880774247	0.0768691417301276	0.12101094787630445	0.00524210506669439
83000	-3422.6835014134676	-2413.904810938092	-1008.7786904753758	0.08862319905635074	0.106041017921698	0.13341985725028185	0.11439774277238624	0.13019703155252146	0.05580879961368002	0.07541641726018866	0.08667479145143778	0.11053733601108993	0.05545544997233826	0.07051720399701476	0.10853336294724758	0.11164529526305078	0.11968889043600663	0.07335797041680807	0.10649664664956006	0.09433315359777766	0.11248270605042103	0.12482853039184084	0.10553093185708248	0.1651931593019201	0.011739118677798714
84000	-3497.797440928127	-2490.5426423742883	-1007.2547985538386	0.09964491659183881	0.09584319250477727	0.06875224914762097	0.07121275705938705	0.11798518644834392	0.07715777410414788	0.11197891810966047	0.07060858872638484	0.08309813257773122	0.13369134668547306	0.09866191115736263	0.09994401914730534	0.12237168903869314	0.10458065968926743	0.14769442418840947	0.1564665105213223	0.07357580689308123	0.11993429236168719	0.14523915884523686	0.1347563063036091	0.1623522942979972	0.010755380218626157
85000	-3452.278789002263	-2444.0609597421903	-1008.2178292600727	0.13892424465138323	0.1271786732173911	0.08742360394291966	0.08887147735935974	0.08932532483708994	0.1572439978090308	0.1036200449896961	0.07749842584967465	0.12238538507112098	0.08131869102965462	0.09871091170282653	0.11093614987568728	0.14628453928488636	0.16425261455275245	0.1105697744292574	0.12448587015816055	0.1596637487192697	0.13255371309431993	0.12592209994927908	0.16635833521811907	0.10840691703607629	0.015672114429433507
86000	-3261.289992731369	-2244.6430312325815	-1016.6469614987872	0.13177914629787715	0.06579735915634148	0.12057013232639606	0.10086241065023319	0.05784864871290472	0.13034658672073585	0.07617809145920065	0.1250631867831699	0.06648048009371836	0.1112947593430856	0.09092741662652698	0.07023119759402982	0.10275401529578901	0.08798989561035309	0.09841152002025255	0.12997271153474965	0.08358255715248127	0.08900498861681987	0.14450287333144654	0.1268151650564892	0.12400450290811695	0.022369796729846726
87000	-3543.5937759488133	-2544.59748303526	-998.9962929135534	0.1414659578163864	0.1326996896001708	0.09132534432186035	0.1454438058720696	0.10144166981289479	0.0732923928553828	0.12617933318763394	0.12591839835650714	0.12197181211138813	0.12518489509334332	0.07919964985254999	0.102053364214161	0.13534695901352153	0.12394019927713153	0.11845794258561834	0.18976842058208868	0.07308035548812188	0.17765693206962127	0.08643301564084774	0.12599712897914328	0.12387857430969908	0.006388157135469179
88000	-3625.5342838297047	-2614.7094578344104	-1010.8248259952944	0.04459033983836368	0.08186684183672999	0.1365410327421803	0.10218241938182647	0.08795847985763236	0.0694666208269234	0.18850029020282666	0.06726004412072045	0.05105984462272476	0.09450465334744854	0.07182790060836874	0.1198438371132561	0.12085609412306292	0.09722746256628453	0.1106304697061659	0.13921342156601688	0.11851268847012913	0.080924144882516	0.060748113539567355	0.07339311888425426	0.1878543137139076	0.005641588852438841
89000	-3317.2775595169774	-2303.8397848324503	-1013.437774684527	0.08873432487252492	0.08165772191818695	0.12404089774597146	0.129018849606997	0.13850682395826813	0.12121565932997268	0.10773046719538319	0.1273722116299932	0.08327094987153019	0.13166562074271604	0.05228133020942353	0.0891407029935814	0.10448185658031042	0.1160522234988359	0.09664409630683697	0.0977848023765499	0.08591706204713748	0.11460985399955691	0.1434779280901546	0.1438518795556849	0.1775679397532279	0.030790202151527966
90000	-3403.339612631338	-2385.7009853089094	-1017.6386273224283	0.11516774135641264	0.15376467848491837	0.1476705298458312	0.1727871259218009	0.09033316708741765	0.12953768043239752	0.08387274257795914	0.06141222665949474	0.09886455660864418	0.10393729629762828	0.09741840296738646	0.10256599427619403	0.1384526503471302	0.06769045645171909	0.1416576582514569	0.044907133067020634	0.08970072059937582	0.0890072670414867	0.1344652422493177	0.10966295071314422	0.10874319040875914	0.031213477553709578
91000	-2687.279102426769	-1664.2363328958895	-1023.0427695308797	0.12098120405001622	0.1403195712811519	0.1624894170210532	0.1439441703288394	0.1087180099514035	0.12211634961167947	0.0673767532746966	0.06999126763035425	0.09672613899659213	0.10967755786483849	0.1461078080012135	0.19698591674086485	0.07709961791297058	0.17816944239356747	0.15979295974303173	0.09414770351806542	0.062258601383266075	0.12934125129473176	0.10261656233181073	0.08403334717337495	0.06091732922729132	0.03757347263872908
92000	-3293.312830021536	-2283.144017638404	-1010.1688123831319	0.08783283636446149	0.14769774318085863	0.08438793308210396	0.0813491632659988	0.1053071192731506	0.14414166556892827	0.05882400595459585	0.07799839029192714	0.12244789381455932	0.07414551170141079	0.09750911935178605	0.10929079648790876	0.09237514024106222	0.06293034895338938	0.11057899031652486	0.06398417414842081	0.08655966737933277	0.10670928237653822	0.12471165609892686	0.09425395248691268	0.20839266492125308	0.009610891706939954
93000	-3405.404820713928	-2377.963794696463	-1027.441026017465	0.23988054340701076	0.09937293221028096	0.14150561678955959	0.14756612395424848	0.0941672802528565	0.10970203261886503	0.05995747363895305	0.15187458597922648	0.08202065366223293	0.0994788856910291	0.18264489072829582	0.1200487625641962	0.08570581305114253	0.18850829150649134	0.09695182539088586	0.06545995543689788	0.18542272099580118	0.11809434459365133	0.1683280590160435	0.12877320990244656	0.07633731297586802	0.04479921862403459
94000	-3724.15156280849	-2717.669610606155	-1006.4819522023352	0.13087882746084661	0.0758703647550871	0.07931736993456528	0.07604180124788394	0.0979964886492175	0.10696744350997435	0.09902600093344906	0.1663088367041522	0.09576953616630571	0.08816194852211294	0.06506372607331008	0.19936365876858134	0.10217987805616119	0.10945211415518709	0.08297620777552715	0.10375830656921702	0.10118484965960853	0.07555765461991096	0.12156593245718554	0.09562812308953457	0.12335254790939222	0.01138406147586661
95000	-3818.831765989362	-2822.9988416010283	-995.8329243883334	0.09840367717855555	0.15586719754650574	0.10232461806176452	0.06678601930549045	0.11667834323653173	0.13801387771526566	0.12910546403388454	0.10896583051242392	0.09721320365359039	0.11610372799427167	0.1143839830170305	0.10366725747230292	0.0954518035702085	0.09511509168435864	0.07347380553774362	0.06020964655507653	0.13712688886190486	0.08468746558244301	0.13244758226631953	0.11356265496164726	0.12305269856301754	0.005675677409540282
96000	-3467.42264082722	-2453.2504576282195	-1014.1721831990009	0.06970270961264309	0.07271554455463776	0.08764781624271477	0.07012216168695817	0.13691531549632388	0.16632968826150415	0.05288597722391612	0.06325024596370853	0.10554059395216027	0.1315617431397897	0.10737002427248402	0.09594132257270474	0.15186464802893804	0.06841277748744892	0.08127896498256212	0.048826246173895665	0.09433503002280245	0.06649937474850286	0.08950490113531476	0.1222004069024667	0.15140743531181097	0.010491288506643267
97000	-3280.477109702685	-2271.2698206390655	-1009.2072890636198	0.13825902626113015	0.059576095778881046	0.10343498674770343	0.13156837752271436	0.09968087268222324	0.11364815410600335	0.08243078563461685	0.1116640112095314	0.10190625058610565	0.12334918781597215	0.11754191822904422	0.08813786354396484	0.11587422295355466	0.1753296679777121	0.13697648573039525	0.08209488101190875	0.12626247193777196	0.17469348046129557	0.0985893685640185	0.11967014850528117	0.10569698599055032	0.022857885555186697
98000	-3702.22246389503	-2695.589712891455	-1006.6327510035752	0.1102160265027023	0.06871037606589361	0.08726149251988471	0.11936338806624008	0.12433034572426409	0.09639971992638899	0.09893074567192507	0.06717240387926249	0.07700338960675338	0.0760982870896757	0.106006507310676	0.06564479729582151	0.1341142698197252	0.07186353234738437	0.07227639870494822	0.10659433405295371	0.11849791502959128	0.10397711229257457	0.11161110565698658	0.13848169898188972	0.08806022288270723	0.013008813875188834
99000	-3329.32926308073	-2315.1446796915207	-1014.1845833892094	0.06466101491480798	0.15078860352006065	0.06771998847335933	0.14477380667782253	0.10377276699636104	0.08117111815458188	0.10205099567002805	0.12316171273351334	0.09694223721431951	0.1330385791196558	0.06550792039943153	0.13139450633299235	0.10327780946803365	0.06174122478773554	0.09241453683255159	0.16062388399969685	0.08503481648478618	0.10951301331723012	0.0906233662976519	0.1085467707347719	0.11440612769982092	0.03130186369623396
100000	-3668.948880635517	-2663.01027893709	-1005.9386016984273	0.13167175070129053	0.1006422619798823	0.096205585330794	0.1137746563385364	0.0671777888929869	0.06376985635481608	0.08835633833522226	0.10319225379178933	0.08475582297038298	0.13179087136920184	0.11124508036005192	0.14014846028550576	0.11751523261177228	0.057804058121880456	0.11752081772323991	0.13009419302215466	0.07712632536269126	0.08662829246405361	0.13451526038262965	0.06691719151238935	0.13456930127353617	0.01436639180636261
