#
#model:
#
#<?xml version="1.0" encoding="UTF-8" standalone="no"?><input id="posterior" spec="beast.core.util.CompoundDistribution">
#    <distribution id="prior" spec="beast.core.util.CompoundDistribution">
#        <prior id="lambdaPrior.Ai" name="distribution">
#            <parameter id="lambda" lower="0.0" name="x" spec="beast.core.parameter.RealParameter">10.0</parameter>
#            <Gamma id="Gamma.0" name="distr">
#                <parameter estimate="false" id="RealParameter.1" name="alpha" spec="beast.core.parameter.RealParameter">2.0</parameter>
#                <parameter estimate="false" id="RealParameter.2" name="beta" spec="beast.core.parameter.RealParameter">200.0</parameter>
#            </Gamma>
#        </prior>
#        <distribution id="snapprior.Ai" lambda="@lambda" spec="snap.likelihood.SnAPPrior">
#            <parameter estimate="false" id="alpha" lower="0.0" name="alpha" spec="beast.core.parameter.RealParameter">11.75</parameter>
#            <parameter estimate="false" id="beta" lower="0.0" name="beta" spec="beast.core.parameter.RealParameter">109.73</parameter>
#            <parameter estimate="false" id="kappa" lower="0.0" name="kappa" spec="beast.core.parameter.RealParameter">1.0</parameter>
#            <parameter id="coalescenceRate" name="coalescenceRate" spec="beast.core.parameter.RealParameter">10.0</parameter>
#            <tree clusterType="upgma" id="Tree.Ai" nodetype="snap.NodeData" spec="beast.util.ClusterTree">
#                <taxa dataType="integerdata" id="snap.Ai" spec="snap.Data">
#                    <taxonset id="Central" spec="beast.evolution.alignment.TaxonSet">
#                        <taxon id="SthBarrington_BT10a1" spec="beast.evolution.alignment.Taxon"/>
#                        <taxon id="SthBarrington_BT8a1" spec="beast.evolution.alignment.Taxon"/>
#                        <taxon id="SthBarrington_BT9c1" spec="beast.evolution.alignment.Taxon"/>
#                        <taxon id="MtWilson_MW12bm" spec="beast.evolution.alignment.Taxon"/>
#                        <taxon id="MtWilson_MW5bm" spec="beast.evolution.alignment.Taxon"/>
#                        <taxon id="MaresForest_MF13a1" spec="beast.evolution.alignment.Taxon"/>
#                        <taxon id="MaresForest_MF17am" spec="beast.evolution.alignment.Taxon"/>
#                        <taxon id="Olney_Ol20bm" spec="beast.evolution.alignment.Taxon"/>
#                        <taxon id="Olney_Ol4bm" spec="beast.evolution.alignment.Taxon"/>
#                        <taxon id="Cumberland_Cu12a1" spec="beast.evolution.alignment.Taxon"/>
#                        <taxon id="Cumberland_Cu6a1" spec="beast.evolution.alignment.Taxon"/>
#                    </taxonset>
#                    <taxonset id="South" spec="beast.evolution.alignment.TaxonSet">
#                        <taxon id="Termeil_Te3bf" spec="beast.evolution.alignment.Taxon"/>
#                        <taxon id="Termeil_Te3c1" spec="beast.evolution.alignment.Taxon"/>
#                        <taxon id="Broadwater_BW10af" spec="beast.evolution.alignment.Taxon"/>
#                        <taxon id="Broadwater_BW19cf" spec="beast.evolution.alignment.Taxon"/>
#                        <taxon id="Broadwater_BW31am" spec="beast.evolution.alignment.Taxon"/>
#                        <taxon id="Dampier_Da11a2" spec="beast.evolution.alignment.Taxon"/>
#                        <taxon id="Dampier_Da19a1" spec="beast.evolution.alignment.Taxon"/>
#                    </taxonset>
#                    <taxonset id="North" spec="beast.evolution.alignment.TaxonSet">
#                        <taxon id="Kerewong_Ke18dm" spec="beast.evolution.alignment.Taxon"/>
#                        <taxon id="Kerewong_Ke21b1" spec="beast.evolution.alignment.Taxon"/>
#                        <taxon id="NthBarrington_BT4a2" spec="beast.evolution.alignment.Taxon"/>
#                        <taxon id="NthBarrington_BT6a1" spec="beast.evolution.alignment.Taxon"/>
#                        <taxon id="Dorrigo_Do2c2" spec="beast.evolution.alignment.Taxon"/>
#                        <taxon id="Dorrigo_Do5bm" spec="beast.evolution.alignment.Taxon"/>
#                    </taxonset>
#                </taxa>
#                <parameter id="RealParameter.0" lower="0.0" name="clock.rate" spec="beast.core.parameter.RealParameter" upper="0.0">1.0</parameter>
#            </tree>
#        </distribution>
#    </distribution>
#    <distribution id="likelihood" spec="beast.core.util.CompoundDistribution">
#        <distribution data="@snap.Ai" id="treeLikelihood.Ai" pattern="coalescenceRate" spec="snap.likelihood.SnAPTreeLikelihood" tree="@Tree.Ai">
#            <siteModel id="MutationSiteModel.Ai" spec="beast.evolution.sitemodel.SiteModel">
#                <parameter estimate="false" id="mutationRate" name="mutationRate" spec="beast.core.parameter.RealParameter">1.0</parameter>
#                <parameter estimate="false" id="shape" name="shape" spec="beast.core.parameter.RealParameter">2.0</parameter>
#                <parameter estimate="false" id="proportionInvariant" name="proportionInvariant" spec="beast.core.parameter.RealParameter">0.0</parameter>
#                <substModel coalescenceRate="@coalescenceRate" id="MutationModel" spec="snap.likelihood.SnapSubstitutionModel">
#                    <parameter estimate="false" id="u" lower="0.0" name="mutationRateU" spec="beast.core.parameter.RealParameter">1.7346278317152102</parameter>
#                    <parameter id="v" lower="0.0" name="mutationRateV" spec="beast.core.parameter.RealParameter">0.7024901703800787</parameter>
#                </substModel>
#            </siteModel>
#        </distribution>
#    </distribution>
#</input>
#
Sample	posterior	likelihood	prior	theta0	theta1	theta2	theta3	theta4	TreeHeightLogger
0	-2328.3967360703587	-2080.689105438239	-247.70763063211976	0.05958350197311259	0.07889164491744419	0.07738058284690043	0.13897450306132986	0.09927759382647236	0.004381655220365458
1000	-2876.383122921422	-2628.258699744854	-248.12442317656837	0.17232651435096683	0.06774727848025588	0.0725317407388759	0.08208796892249653	0.13136922333333353	0.005265235519912814
2000	-3224.7944256258916	-2981.2186760423506	-243.57574958354098	0.11528029804008619	0.12061051610435718	0.08504297230868613	0.0966011830236072	0.11752689869287679	7.054540385136703E-4
3000	-3259.3667593759355	-3016.404065020371	-242.96269435556448	0.171344743858183	0.10451597220242838	0.09228441265146824	0.1156074986248597	0.07177225329493842	5.714959049834865E-4
4000	-2800.8536648146674	-2554.4417628765564	-246.411901938111	0.1382776311741984	0.17827318173220147	0.0889929307513531	0.11259686639226378	0.07095674756418369	0.005076932815261233
5000	-3109.7978915261624	-2864.4281526505074	-245.369738875655	0.0779572481288397	0.07867133058215091	0.12640075217890437	0.09930096679681895	0.065648600053273	0.0023294771362073713
6000	-3010.239801458809	-2768.06705521641	-242.17274624239894	0.10148300906507716	0.1352014559371821	0.12383293160073519	0.10797391455982398	0.09427011847103717	0.0017760643220133022
7000	-3311.582758611681	-3066.640700661217	-244.942057950464	0.17344882200387068	0.1603012194918581	0.09459386899924455	0.06537414245026113	0.12295394850088069	7.900396736180903E-4
8000	-3160.161989962017	-2914.8437434847337	-245.31824647728294	0.08948360867647671	0.15571689628430654	0.07277696802740281	0.08157287615766501	0.06166822195411921	6.908825060639289E-4
9000	-2501.110485068538	-2250.58034948937	-250.53013557916782	0.23273146460060606	0.07907848362167007	0.14671638093549177	0.1153289582722074	0.08494501093215232	0.007974913278366158
10000	-2701.973631961734	-2458.0399323278016	-243.93369963393235	0.12486177302907953	0.09033920842810698	0.1284490470562675	0.16106650575882073	0.14190774008749862	0.00303021516537049
11000	-3451.593510070579	-3208.1196006335226	-243.47390943705682	0.14806890372389217	0.08876838261592154	0.07509284427954578	0.08950051306002081	0.11764917843755662	3.6578154611069E-5
12000	-2822.0123328159807	-2578.032079178161	-243.9802536378195	0.11457107187102375	0.10983619020608924	0.15727114994066405	0.1354709733922003	0.16337006516891084	0.0023839048183334263
13000	-2589.3439049116746	-2343.6947817266673	-245.64912318500743	0.08216497947034325	0.10568903812530896	0.1201227470194405	0.11973290079138174	0.07166834092116303	0.004820272430812138
14000	-3024.420248848984	-2781.052026539657	-243.36822230932714	0.11290629374346843	0.09679289884233806	0.13155508635377614	0.14007743256184277	0.14638084185758338	0.003299070820434285
15000	-3338.161832053629	-3090.516421046489	-247.6454110071399	0.1510433036949672	0.1819875558164279	0.11768801506810456	0.09529828699239881	0.043862563671704755	0.001126523709450837
16000	-3053.8243998245807	-2808.3651456372463	-245.45925418733427	0.0983200023858913	0.06824400953215458	0.10199767318907979	0.11330800724400977	0.08090120955482961	0.0011234912705073389
17000	-3044.370502041488	-2798.9061194636547	-245.46438257783365	0.13319992122728216	0.09172209933489235	0.08997011963885558	0.06781211921692153	0.07000004314994915	0.001554217139008514
18000	-3130.0554690770477	-2887.788445839936	-242.26702323711186	0.09515375608934185	0.09971440966720173	0.09175208866244461	0.08112508779790761	0.1288687430627829	0.0010198698287901473
19000	-2789.095741497338	-2545.4652139312925	-243.63052756604566	0.08467713882693782	0.10785454021086853	0.11341225364875145	0.13872031349512032	0.08510130239462041	0.0023611261900684955
20000	-1673.8297803068167	-1423.5577087868023	-250.27207152001432	0.15425400256932736	0.11567091261902793	0.14124063590037483	0.11407965443399627	0.13552649466953554	0.03402878426054093
21000	-1423.3202549836387	-1166.5011953043659	-256.81905967927275	0.09037264142456092	0.10871278392731333	0.14728516512460826	0.11161063361615281	0.11362976618945603	0.19956168207561326
22000	-2294.8177123272785	-2046.1419632797883	-248.67574904749029	0.10781829583609416	0.1259311626044728	0.13031581810715484	0.13702815285994488	0.1445491603201633	0.016583775912258437
23000	-2683.124370142072	-2438.1998120649664	-244.92455807710573	0.11281818245243505	0.13773384676769287	0.0919238748075554	0.1165115166953438	0.1966308091983473	0.002535034413431599
24000	-2765.504317596361	-2521.421471817864	-244.08284577849676	0.10979825634039875	0.09910103991299943	0.06936526234102569	0.09817686903081332	0.15019261589137162	0.0016694372792737664
25000	-3167.3188487964635	-2922.22925095233	-245.0895978441335	0.05438019776548934	0.12861380299631148	0.09831512617529842	0.08310232802785002	0.09798028761976678	7.345394777097479E-4
26000	-2873.469719994423	-2626.2786490242033	-247.19107097021976	0.0728402933115821	0.10119485640110037	0.0756262777287668	0.05993262916468594	0.0884299898293033	0.002124639915533952
27000	-3254.9145294103	-3012.806137117922	-242.10839229237828	0.0879212875942622	0.09860455620519282	0.13453275158043626	0.1369653589830193	0.09706943693551014	0.0013635943356683582
28000	-2318.580398023539	-2073.912809040237	-244.66758898330235	0.14165191684884545	0.09408800718507297	0.11876577554814097	0.11628386725518768	0.10799479624552896	0.006344287923313873
29000	-3277.3875808820844	-3033.5945096833384	-243.79307119874622	0.07210143413064223	0.12159971761840742	0.17817358294140884	0.15279467919677522	0.09495056361247076	5.35083930343965E-4
30000	-2768.323793958195	-2523.578789073895	-244.7450048842996	0.0998927967730321	0.12445791168447988	0.07858916287547314	0.0646900150244886	0.11379308391700863	0.002001914689834053
31000	-3407.4326168218013	-3165.8805040004963	-241.55211282130472	0.09210291661634387	0.14175549843618745	0.11823780799279474	0.11551768698619407	0.0830499251395681	5.782091986211581E-4
32000	-3050.7275923871284	-2807.2901286243887	-243.43746376273958	0.07471155118316766	0.10512837453171037	0.12642806315031505	0.08458349881251583	0.09390623512136896	0.0018107344424716008
33000	-3113.5657446903174	-2866.8038287336867	-246.76191595663056	0.10720126391392137	0.10253847148661485	0.09775817401301286	0.11369716879199494	0.0473948712885602	0.0011913391963599375
34000	-3321.906324333437	-3076.4779397738735	-245.42838455956357	0.07102120104804291	0.14613089755464706	0.11116340133771092	0.06103964713298185	0.17344930171565062	4.51477530906088E-4
35000	-2970.4937761571364	-2717.4809488801657	-253.01282727697065	0.0592868976335831	0.21655932971457828	0.10095177190372141	0.04876039707123747	0.06728659947937336	0.0021576396006438947
36000	-2325.9669878502245	-2078.8948336627464	-247.07215418747822	0.10484285503475196	0.08713708697444227	0.08545813204806786	0.058215774167857004	0.1474660392447741	0.004237999151559654
37000	-2210.0123238299757	-1958.9388043946587	-251.07351943531683	0.11216887511594029	0.06771532533723588	0.07998538160747047	0.10315045089845512	0.13060137258436252	0.012931530220421952
38000	-1846.834619124546	-1597.6881738437896	-249.1464452807564	0.09329189584020081	0.15323824677436534	0.08858141039132161	0.0793730099944205	0.09137317965512251	0.014932227004157653
39000	-2522.208780882301	-2271.7253639889527	-250.48341689334853	0.1456433046618337	0.09716337906974132	0.07867006154919973	0.060434100855109626	0.1411646930398375	0.02308856565807183
40000	-3028.2966610067983	-2783.052233229192	-245.24442777760623	0.088501814415205	0.12792452604263813	0.07652292702018682	0.07787882159856835	0.1251798129596581	0.004882753175601927
41000	-2914.274201222146	-2668.589913835595	-245.68428738655115	0.10337271382845088	0.16318491675659022	0.09641455120919479	0.055334779403712876	0.11102350861432221	0.0018209708115151288
42000	-3142.2778062803136	-2898.1799831109392	-244.0978231693742	0.09634194540278117	0.07121242443940597	0.09479299225265436	0.10528117718628273	0.07960677869713415	0.0014977651925128508
43000	-3136.565610181052	-2891.239092432193	-245.32651774885866	0.18825362061766113	0.0800472778441283	0.08107546623426046	0.0774683566361812	0.13361183990133457	7.660648782132039E-4
44000	-3292.0222360275334	-3047.461788909382	-244.56044711815136	0.09295580093840738	0.07477442276522867	0.07754132987761349	0.18946684252214266	0.10738198115452935	6.250529880060945E-4
45000	-3330.972524323389	-3088.580528656733	-242.39199566665613	0.09820265583588293	0.06984030922564366	0.09249317099187496	0.12902206612791028	0.09442244058842314	3.008504533918305E-4
46000	-2522.014463533268	-2275.8639482531153	-246.15051528015275	0.0988457508572267	0.08561535276548501	0.12844135307260882	0.1685740192324566	0.15612867979916092	0.004714962009280978
47000	-3041.788036554923	-2797.2278290017307	-244.56020755319255	0.10335728064462849	0.12510455553167776	0.10952855015029447	0.09369132855014962	0.10014422644340212	0.006316746408907949
48000	-3072.726849449745	-2829.264165741928	-243.46268370781692	0.10195043111765778	0.12476049791500214	0.15041631402008054	0.0875548094450969	0.09483309192092901	0.0017453858555426176
49000	-2784.808184682366	-2537.206352619545	-247.60183206282082	0.08215885488850493	0.08353683050587445	0.17285904911456612	0.05240227591315943	0.0905641683764499	0.00201441731606758
50000	-2903.4439874337886	-2660.8488554195815	-242.59513201420697	0.09833110819334305	0.1392639706964558	0.1130748361011608	0.1340427264923608	0.1032614870567503	0.0023241131440925444
51000	-3191.51311015449	-2947.888695359618	-243.62441479487194	0.1774372620625974	0.13154501511801533	0.09588464337701358	0.08187577441561301	0.115543517036884	0.0016564424085544027
52000	-3125.133761538505	-2883.3407166104466	-241.7930449280582	0.11341757382498062	0.10182941370783043	0.0860460964321615	0.08687785397745483	0.1268589453778365	6.628225401025992E-4
53000	-2053.290427069744	-1804.8640297879738	-248.42639728177033	0.086026969883968	0.09955988175698992	0.10675820303986859	0.1133239656210547	0.09431275926973988	0.023354067504988044
54000	-1837.0930571350773	-1589.0829928098483	-248.0100643252291	0.11741224593231003	0.12996825580502497	0.07022771153137272	0.10153034275568595	0.10165258865186552	0.01584859690837189
55000	-2686.4276467123377	-2437.875023235341	-248.55262347699667	0.05399187249154925	0.13544958915632044	0.1160598081792596	0.17532334380329725	0.13651583547350418	0.007937888119999832
56000	-2332.5777952874396	-2083.9548959831577	-248.62289930428202	0.08885402693308984	0.16117100171172613	0.16249039174486415	0.10686014873053251	0.12856512089322158	0.020972415662603352
57000	-3106.4766799500417	-2857.6372837105596	-248.83939623948208	0.07048749969133554	0.056461409098133165	0.06823305000086126	0.15787921842023453	0.09154766994569137	0.003672199988505603
58000	-3172.6843741769194	-2927.7158111243007	-244.96856305261858	0.06920776662340801	0.11144412853793888	0.08726769562716502	0.09896500285686795	0.06706718852336255	8.864302686659904E-4
59000	-2364.865564188307	-2119.7812139245707	-245.0843502637363	0.10344163515354363	0.12722239730828486	0.09657138740994377	0.09009749216438846	0.13358788539531216	0.007416169176045357
60000	-2908.0614963828803	-2663.700775809381	-244.36072057349944	0.07868161465495693	0.08854361390661789	0.0673712083198731	0.10107722481316474	0.12120200248010786	0.0014002466148276206
61000	-3007.137726882359	-2760.3214150129375	-246.81631186942167	0.12745758216821024	0.10577821961318552	0.06602243011160533	0.17299198826375	0.10420230427851866	0.001998117876100493
62000	-3245.7120048368542	-3004.1777011590625	-241.53430367779157	0.12969105636411046	0.08918546473704421	0.14164501293143286	0.08886360666974459	0.11360380091053819	5.328549123537587E-4
63000	-2744.2793189533736	-2497.1787211791147	-247.10059777425892	0.08457784830022125	0.11233530318092741	0.19393796995435375	0.09495220099452494	0.07895070817282107	0.005067765652381547
64000	-3018.0162099964755	-2774.5031700700843	-243.51303992639146	0.09687796354009584	0.12727844035932678	0.1604316204938512	0.10453927588698128	0.11281375675738581	0.0017952877039803992
65000	-1819.1065438135352	-1565.4702814560223	-253.63626235751292	0.07161856172478172	0.07292123337155805	0.05168741922668091	0.10540280569911638	0.12471610846229794	0.03291354385020863
66000	-2127.6683526880374	-1877.1518940213582	-250.51645866667906	0.14527015758340206	0.14056284056340648	0.18012485729822653	0.1278319472609859	0.13350302778265424	0.038187122796531914
67000	-3036.798155862612	-2794.282905464146	-242.515250398466	0.09769531171120686	0.11043545763322349	0.08795934027307273	0.10105263538435168	0.11359411468058847	0.002587500360086265
68000	-2783.5383979626836	-2537.798225629454	-245.74017233322957	0.12001807522126814	0.09812008050331511	0.09829544911187872	0.1511003560343815	0.19654600868981986	0.003840701288544168
69000	-2726.586567943185	-2480.8555461676037	-245.7310217755812	0.12133006104128961	0.08285087463156794	0.16552815762037257	0.0726138157503073	0.11480738033480521	0.004475966732896228
70000	-3162.932947225876	-2920.1243778462167	-242.80856937965942	0.13715278148008245	0.1545529324569557	0.09760624261958245	0.09611525361378065	0.08635611891144433	0.001288393772013537
71000	-2772.02593527342	-2525.676200774944	-246.34973449847615	0.06788063888268707	0.09624806848474707	0.1260980248363385	0.06150877000521435	0.11491233856981888	0.0035886571043051256
72000	-2514.242866829534	-2269.510079336322	-244.7327874932117	0.13076152116892487	0.0830469884857292	0.10028943731036295	0.12007357795797538	0.09168329991807449	0.004556234947612083
73000	-3117.966194037809	-2875.521829484058	-242.4443645537511	0.1346207551072984	0.10037098972170377	0.100975649395755	0.10518708527863703	0.13461246399065938	0.0014571039457445221
74000	-3268.5852370006382	-3026.316000653024	-242.2692363476144	0.1106263134951239	0.12158483165181987	0.08779818754044587	0.14574309330637455	0.15295332076064536	4.738243018100064E-4
75000	-2909.3179924350006	-2664.417248194836	-244.9007442401646	0.07064915366291853	0.10050338208427383	0.12289525729231	0.1169484611346162	0.10824890480056024	0.005694596009073642
76000	-3385.8580942290228	-3141.7219548013327	-244.13613942768993	0.14300739718880803	0.0876653414521472	0.06729373879172268	0.1454472495841265	0.13421888067857812	1.1169529610392085E-4
77000	-3169.7703812662116	-2926.6311045510897	-243.13927671512184	0.14996706244799063	0.09706403906283945	0.07392657346483816	0.11824173912287729	0.10678686754857146	0.0015802994329876035
78000	-3024.1141126537786	-2780.291081573354	-243.82303108042447	0.08133776251779143	0.15497243291901347	0.10480205323899351	0.07703732668471454	0.15950126814567858	9.272725739431923E-4
79000	-3316.0361955807957	-3072.1062823001566	-243.92991328063914	0.07195361576249532	0.09808601520486754	0.15483679868740613	0.08753618882001186	0.14538838885939906	2.803306537431125E-4
80000	-3261.306848172627	-3016.967901105139	-244.338947067488	0.052599849752492	0.10935639849090216	0.09254074511550313	0.0928517489805527	0.09607741008769317	3.826526108496755E-4
81000	-3129.8881083780534	-2883.5057710673013	-246.382337310752	0.10837698559565798	0.16100124840162927	0.05066315086044458	0.14686474825849385	0.10812660717751263	0.0011939775604346923
82000	-2518.145051234762	-2272.0523689020147	-246.09268233274727	0.08049308681041699	0.08603299511884967	0.09725657413303564	0.10076649979898566	0.06516552672692134	0.004263099622875503
83000	-2317.496480174128	-2071.7203779954434	-245.77610217868445	0.08863512720438324	0.17228568477352488	0.10958211827104487	0.1377734168962881	0.13065202601737932	0.006098203667360552
84000	-2519.961519285743	-2267.8980948947064	-252.0634243910367	0.07846627102454383	0.170620907116495	0.07136020345032532	0.09619110811283424	0.07381130902057219	0.030394184581513477
85000	-3317.779905534536	-3069.180120183982	-248.59978535055362	0.0767138423841365	0.15852260136073024	0.0768727334105437	0.06810381740178163	0.04871955909429884	5.094818357760785E-4
86000	-2426.9170837116767	-2178.12389972031	-248.79318399136656	0.11980166166972608	0.060705272138987736	0.08422423502568605	0.07004537835343776	0.12351273510541935	0.003927022897689564
87000	-3023.573840313181	-2779.531024684381	-244.0428156287999	0.1623492169613641	0.10098406418148917	0.10686507359793929	0.08188862672999041	0.11749427014242338	0.001832615545481525
88000	-1864.3386388458728	-1615.0386433393164	-249.2999955065564	0.08342088193253772	0.1557523944055385	0.10668587880984348	0.11334733347084477	0.08527427586043763	0.025890377875267274
89000	-3268.445350760197	-3021.3123684232455	-247.13298233695133	0.17038309687329578	0.16592140421289747	0.05604831182545292	0.06130330226492419	0.11412751258660318	4.94270016041399E-4
90000	-2038.8423961383814	-1792.196207816763	-246.6461883216184	0.1431796522697885	0.08974146277768687	0.08547921931236313	0.09245741071781922	0.09559150083006895	0.009904171561834806
91000	-3240.281468220085	-2998.441127414877	-241.84034080520823	0.10236879031755537	0.1106851982133374	0.10436518840814886	0.1395476587272638	0.07790416201262104	6.430435645866589E-4
92000	-2544.6783638615148	-2298.444548716216	-246.2338151452988	0.06078347584157281	0.1297715169863357	0.10113168315935629	0.0857049140287126	0.10415635276261132	0.0031920552230263396
93000	-2791.4766824520498	-2541.1798328692025	-250.2968495828474	0.058009054848547535	0.10090806534181661	0.07799482890721489	0.07538356409141618	0.15882339104227963	0.003362374978646517
94000	-3314.0975647073506	-3071.3426714146	-242.7548932927508	0.10840854648273633	0.16096024070404447	0.0776197026344304	0.13315577303734452	0.13510607948991277	3.298527780595328E-4
95000	-2495.135885521687	-2247.322447547698	-247.81343797398898	0.08202946558566333	0.11087579540259883	0.047517875738799224	0.08611153004154284	0.1294978825618392	0.0034925111587686035
96000	-3101.2075944008693	-2857.9745279349067	-243.23306646596276	0.13550651140059783	0.12173209503502083	0.0935712139435193	0.09433761037423873	0.06724111062373785	0.0010254021413100456
97000	-2981.94662023633	-2734.053797043159	-247.89282319317067	0.0674252517659761	0.06995774079814338	0.14106460915439775	0.07724030522400674	0.06058218028214253	0.001430556465252035
98000	-2305.4162508026056	-2060.4198525987426	-244.996398203863	0.08868828120950188	0.1017431098001612	0.11673424900788003	0.10503367526631625	0.10143747242585624	0.006755078084474934
99000	-1864.621539730441	-1614.3013656638664	-250.3201740665747	0.05616072587941067	0.10339346113090087	0.09773248657080903	0.08945934205979851	0.1107392304895064	0.018085415479931248
100000	-2537.0296648156673	-2292.2527206615573	-244.77694415410997	0.08798072411046254	0.09597778778714473	0.07931228193772008	0.08179591384617511	0.1079179243443669	0.0029293626512014066
