#
#model:
#
#<?xml version="1.0" encoding="UTF-8" standalone="no"?><input id="posterior" spec="beast.core.util.CompoundDistribution">
#    <distribution id="prior" spec="beast.core.util.CompoundDistribution">
#        <prior id="lambdaPrior.Ai" name="distribution">
#            <parameter id="lambda" lower="0.0" name="x" spec="beast.core.parameter.RealParameter">10.0</parameter>
#            <Gamma id="Gamma.0" name="distr">
#                <parameter estimate="false" id="RealParameter.1" name="alpha" spec="beast.core.parameter.RealParameter">2.0</parameter>
#                <parameter estimate="false" id="RealParameter.2" name="beta" spec="beast.core.parameter.RealParameter">200.0</parameter>
#            </Gamma>
#        </prior>
#        <distribution id="snapprior.Ai" lambda="@lambda" spec="snap.likelihood.SnAPPrior">
#            <parameter estimate="false" id="alpha" lower="0.0" name="alpha" spec="beast.core.parameter.RealParameter">11.75</parameter>
#            <parameter estimate="false" id="beta" lower="0.0" name="beta" spec="beast.core.parameter.RealParameter">109.73</parameter>
#            <parameter estimate="false" id="kappa" lower="0.0" name="kappa" spec="beast.core.parameter.RealParameter">1.0</parameter>
#            <parameter id="coalescenceRate" name="coalescenceRate" spec="beast.core.parameter.RealParameter">10.0</parameter>
#            <tree clusterType="upgma" id="Tree.Ai" nodetype="snap.NodeData" spec="beast.util.ClusterTree">
#                <taxa dataType="integerdata" id="snap.Ai" spec="snap.Data">
#                    <taxonset id="SthBarrington" spec="beast.evolution.alignment.TaxonSet">
#                        <taxon id="SthBarrington_BT10a1" spec="beast.evolution.alignment.Taxon"/>
#                        <taxon id="SthBarrington_BT8a1" spec="beast.evolution.alignment.Taxon"/>
#                        <taxon id="SthBarrington_BT9c1" spec="beast.evolution.alignment.Taxon"/>
#                    </taxonset>
#                    <taxonset id="MtWilson" spec="beast.evolution.alignment.TaxonSet">
#                        <taxon id="MtWilson_MW12bm" spec="beast.evolution.alignment.Taxon"/>
#                        <taxon id="MtWilson_MW5bm" spec="beast.evolution.alignment.Taxon"/>
#                    </taxonset>
#                    <taxonset id="Termeil" spec="beast.evolution.alignment.TaxonSet">
#                        <taxon id="Termeil_Te3bf" spec="beast.evolution.alignment.Taxon"/>
#                        <taxon id="Termeil_Te3c1" spec="beast.evolution.alignment.Taxon"/>
#                    </taxonset>
#                    <taxonset id="Broadwater" spec="beast.evolution.alignment.TaxonSet">
#                        <taxon id="Broadwater_BW10af" spec="beast.evolution.alignment.Taxon"/>
#                        <taxon id="Broadwater_BW19cf" spec="beast.evolution.alignment.Taxon"/>
#                        <taxon id="Broadwater_BW31am" spec="beast.evolution.alignment.Taxon"/>
#                    </taxonset>
#                    <taxonset id="Kerewong" spec="beast.evolution.alignment.TaxonSet">
#                        <taxon id="Kerewong_Ke18dm" spec="beast.evolution.alignment.Taxon"/>
#                        <taxon id="Kerewong_Ke21b1" spec="beast.evolution.alignment.Taxon"/>
#                    </taxonset>
#                    <taxonset id="Dampier" spec="beast.evolution.alignment.TaxonSet">
#                        <taxon id="Dampier_Da11a2" spec="beast.evolution.alignment.Taxon"/>
#                        <taxon id="Dampier_Da19a1" spec="beast.evolution.alignment.Taxon"/>
#                    </taxonset>
#                    <taxonset id="MaresForest" spec="beast.evolution.alignment.TaxonSet">
#                        <taxon id="MaresForest_MF13a1" spec="beast.evolution.alignment.Taxon"/>
#                        <taxon id="MaresForest_MF17am" spec="beast.evolution.alignment.Taxon"/>
#                    </taxonset>
#                    <taxonset id="Olney" spec="beast.evolution.alignment.TaxonSet">
#                        <taxon id="Olney_Ol20bm" spec="beast.evolution.alignment.Taxon"/>
#                        <taxon id="Olney_Ol4bm" spec="beast.evolution.alignment.Taxon"/>
#                    </taxonset>
#                    <taxonset id="NthBarrington" spec="beast.evolution.alignment.TaxonSet">
#                        <taxon id="NthBarrington_BT4a2" spec="beast.evolution.alignment.Taxon"/>
#                        <taxon id="NthBarrington_BT6a1" spec="beast.evolution.alignment.Taxon"/>
#                    </taxonset>
#                    <taxonset id="Cumberland" spec="beast.evolution.alignment.TaxonSet">
#                        <taxon id="Cumberland_Cu12a1" spec="beast.evolution.alignment.Taxon"/>
#                        <taxon id="Cumberland_Cu6a1" spec="beast.evolution.alignment.Taxon"/>
#                    </taxonset>
#                    <taxonset id="Dorrigo" spec="beast.evolution.alignment.TaxonSet">
#                        <taxon id="Dorrigo_Do2c2" spec="beast.evolution.alignment.Taxon"/>
#                        <taxon id="Dorrigo_Do5bm" spec="beast.evolution.alignment.Taxon"/>
#                    </taxonset>
#                </taxa>
#                <parameter id="RealParameter.0" lower="0.0" name="clock.rate" spec="beast.core.parameter.RealParameter" upper="0.0">1.0</parameter>
#            </tree>
#        </distribution>
#    </distribution>
#    <distribution id="likelihood" spec="beast.core.util.CompoundDistribution">
#        <distribution data="@snap.Ai" id="treeLikelihood.Ai" pattern="coalescenceRate" spec="snap.likelihood.SnAPTreeLikelihood" tree="@Tree.Ai">
#            <siteModel id="MutationSiteModel.Ai" spec="beast.evolution.sitemodel.SiteModel">
#                <parameter estimate="false" id="mutationRate" name="mutationRate" spec="beast.core.parameter.RealParameter">1.0</parameter>
#                <parameter estimate="false" id="shape" name="shape" spec="beast.core.parameter.RealParameter">2.0</parameter>
#                <parameter estimate="false" id="proportionInvariant" name="proportionInvariant" spec="beast.core.parameter.RealParameter">0.0</parameter>
#                <substModel coalescenceRate="@coalescenceRate" id="MutationModel" spec="snap.likelihood.SnapSubstitutionModel">
#                    <parameter estimate="false" id="u" lower="0.0" name="mutationRateU" spec="beast.core.parameter.RealParameter">1.7346278317152102</parameter>
#                    <parameter id="v" lower="0.0" name="mutationRateV" spec="beast.core.parameter.RealParameter">0.7024901703800787</parameter>
#                </substModel>
#            </siteModel>
#        </distribution>
#    </distribution>
#</input>
#
Sample	posterior	likelihood	prior	theta0	theta1	theta2	theta3	theta4	theta5	theta6	theta7	theta8	theta9	theta10	theta11	theta12	theta13	theta14	theta15	theta16	theta17	theta18	theta19	theta20	TreeHeightLogger
0	-2036.6582895132938	-994.7416290638622	-1041.9166604494317	0.10608862563498864	0.144007049919513	0.09894458343961407	0.08529778480651223	0.062449068369592874	0.17109060004713764	0.0711604916647402	0.12423885492278239	0.05923131816314776	0.12647270157209234	0.07563570174223727	0.06970544858632498	0.11353338460379987	0.06611456661554416	0.10006679344737673	0.11474876190442257	0.06607039407231748	0.10359646444224203	0.06465653603847124	0.09485783086935909	0.08694032282624843	0.36349179247949703
1000	-2041.434882403801	-985.8091498952356	-1055.6257325085655	0.08004136148309407	0.071997681578778	0.056335154956892036	0.10066259638430847	0.07652713188751338	0.08745621259813373	0.0929769345071525	0.1491170010443767	0.09104547954576206	0.11535235709993048	0.04731916347149981	0.12672939940232628	0.053200069997730734	0.025713031459482717	0.10721836253940757	0.1271369243077487	0.08068232506700519	0.08751478970746492	0.0953542361596523	0.10193289565548982	0.054944852786793	0.5127514255535264
2000	-2043.9346222103677	-987.1497858925352	-1056.7848363178325	0.08237012693682448	0.17068875559658694	0.11083120642314813	0.07802622050062516	0.04391158726398283	0.06374282905619684	0.0989309798190439	0.12376093183589025	0.1525986281034301	0.13978610992255242	0.08729993288681598	0.10143001337810069	0.0986469376007912	0.0651565907681819	0.06445374946303993	0.04986363730596241	0.0637016574334757	0.06032668627895522	0.050697063602384664	0.11441338081571005	0.13504164010137393	0.6564580716188853
3000	-2039.5847722600156	-990.1758795124996	-1049.408892747516	0.12970004894977713	0.102824895341632	0.10296899229743048	0.05328003889467497	0.11773549860327193	0.10940659879605462	0.11534776043346716	0.18411696266575714	0.10193321596915676	0.15583467977234516	0.1143142376257705	0.11772481998565384	0.05814542808538227	0.07986423595449785	0.04130203458696668	0.10382189138665039	0.06524484021676463	0.07168429521124663	0.058094548321609735	0.056509998363868455	0.13271008534194698	0.48256292122065814
4000	-2035.7505698922776	-984.298419421566	-1051.4521504707116	0.1498297838450181	0.07742025546926883	0.05121945583416836	0.04937698207670691	0.15149331276403838	0.14436244646427604	0.06981698392418562	0.08803662439886335	0.1149468667615465	0.198292353745941	0.1436682837421691	0.07591002804523937	0.06555524884555834	0.05632359298698838	0.06785537237743237	0.0985043068785915	0.06902700692866272	0.14843510408794058	0.10263233159574554	0.05128397417795638	0.1338062437718996	0.4006420364708492
5000	-2041.1922778097792	-988.8618168041675	-1052.3304610056116	0.0831641479949016	0.1327177824586642	0.11497267079668097	0.061701799724071194	0.06685265675181684	0.09879030325122161	0.1079373966546024	0.10624216501102883	0.05964345390138173	0.19922169611889282	0.14159601753250714	0.08441823957631707	0.0488695094391986	0.03400393016631002	0.11230982037821047	0.12805459001027064	0.07696640755995697	0.07693006359130425	0.07873324513034254	0.11929637170065899	0.1137986050360885	0.5242722685730109
6000	-2034.181809114882	-982.6038451373182	-1051.5779639775637	0.10901932534965349	0.08429574416842758	0.08123782432418947	0.07771339436388162	0.08079688461757897	0.08575488659029977	0.05610819152269193	0.1311790053587793	0.04933954264321175	0.06622626269328562	0.05859632475746445	0.08671709086061767	0.08015428961235105	0.06349597856122569	0.11068808500912602	0.04587690045335417	0.10595705442002935	0.1164960168469958	0.11445820801986178	0.1337816563558509	0.11260412787960006	0.6343919369615413
7000	-2028.3193330990116	-984.574790925176	-1043.7445421738355	0.11456497256860716	0.08514989037084235	0.047786326384289285	0.09122566650329468	0.07327148340796306	0.10865271430251733	0.08619569300959272	0.10218628603836873	0.08123959240845648	0.18243505561258325	0.12082696674892263	0.11696752944750034	0.07750967363377742	0.05746740775610684	0.09148790798861237	0.1130056237511572	0.07272321837670831	0.12400935665691143	0.1170200170057159	0.09337060662716068	0.120224229793788	0.5303540566874215
8000	-2051.3477385180695	-981.0286489694233	-1070.3190895486464	0.07997886534728757	0.19165190922430173	0.08076343949448493	0.0940857445915858	0.04418051431605525	0.09434958884812854	0.15103738232920502	0.10860663113716837	0.04795064402353412	0.06243490383403675	0.16665165280442976	0.05124644718674499	0.06396345137070707	0.045533867800907186	0.11671905734466302	0.07643570194019449	0.06137289688625429	0.10477249281291408	0.08274810326883297	0.0570700480940075	0.05293495477011705	1.0075043859485802
9000	-2033.84782229059	-978.6147344318932	-1055.2330878586968	0.04478662456848745	0.15107456354798648	0.10621348290858144	0.07897910894890733	0.07579210222663213	0.10440021355351992	0.09617980181216429	0.06478729862046242	0.09257187224309642	0.1970273299514778	0.05259485157125794	0.07745298137166652	0.11040097419661832	0.0754899716749746	0.08419288551397201	0.08027304403465368	0.07683959136441487	0.12512478118979425	0.12944713223978943	0.061841322418899114	0.11899988662346599	1.0003693526537933
10000	-2023.1437608120839	-978.1193376945857	-1045.0244231174981	0.0668486589897529	0.12502892233686647	0.10101656130011757	0.06271079546374925	0.09250415716835211	0.13698146093342223	0.11825255784769417	0.09293550216101586	0.05422007587942773	0.08244714070190261	0.08625396145355853	0.08501920017812183	0.1178426228690354	0.03701560651342193	0.08429120461832558	0.12740337319959683	0.11847699007100973	0.14414637860880544	0.1210809370143604	0.08270142462727958	0.10360253358356876	0.5399290341312677
11000	-2043.733464832331	-980.7155211666325	-1063.0179436656986	0.06685211124792335	0.11570672528485242	0.08019955751919086	0.04483759312407539	0.10221735183313228	0.0703273025779541	0.13666421798326456	0.07066862365104785	0.03193990083542315	0.08153718862842936	0.04588635154511692	0.12153630376433777	0.07787302563528482	0.03933976605593906	0.05575408880838346	0.06857319009175124	0.09954806284746484	0.11079143653725426	0.08032901563945367	0.07283268349309446	0.09071943102684141	0.4956292822431366
12000	-2038.1099184815891	-991.9037251866546	-1046.2061932949346	0.05204576962568581	0.1238812732086605	0.06383107706432316	0.050160402260474676	0.08693224442137204	0.12087585830081558	0.11463734325354626	0.09983337765584385	0.05499847361231321	0.10607753765933713	0.05926618154640693	0.12073791896955983	0.092112037469459	0.09989311383986905	0.12087259973695373	0.08102228673709433	0.0713800032185022	0.07848892613934359	0.13511439625997085	0.1479196367980121	0.14537691996905241	0.4737331609036488
13000	-2035.4848254572817	-984.8213851799748	-1050.663440277307	0.05063720384744305	0.05139005197809224	0.12972378028164397	0.04242129826083658	0.1153626632623841	0.09084214575525089	0.08572140855247269	0.05600234640475466	0.0763797045961627	0.08836727895493283	0.1424961286099221	0.12760486139772587	0.0687937714168932	0.05437602529172936	0.09083009547031586	0.08324986769530429	0.12303207512862206	0.14869271636238784	0.06805180435135624	0.10013649761470145	0.17566948325241497	0.3862726059296753
14000	-2036.684108464294	-984.7569746447	-1051.927133819594	0.0817912029649497	0.09845794917892399	0.07886139644595455	0.07087705591847465	0.07110260859572642	0.11638168717172671	0.11960014756421299	0.04064857368719006	0.10071447833914297	0.09197660776018599	0.06801429906436886	0.0571954010655722	0.0743629457239752	0.06836172980219914	0.08184619956876074	0.0897306054006238	0.08412000700063837	0.06263706730618793	0.07431808054001211	0.09613506722671801	0.0865150161212071	0.5947048129766618
15000	-2034.3476046817668	-983.9222207693232	-1050.4253839124435	0.13894619238934808	0.11799254703396972	0.059156216098627465	0.07454212647092001	0.08552758348986231	0.08948879986934896	0.09894318125862653	0.08714301440086561	0.05712246441878841	0.08096167555974841	0.06865830031462472	0.09626529941424143	0.10880819318737073	0.0660801768619709	0.09173104379879762	0.14386720875136685	0.05581664848457635	0.07933611264893771	0.0608147012458016	0.06614619834689427	0.14757839944311993	0.5515324402424586
16000	-2039.6741581183574	-986.5433237412558	-1053.1308343771016	0.09536192107800191	0.0753230291660362	0.061918264833964745	0.12250534789045121	0.10747095482044623	0.05743245317341488	0.06923729241233209	0.1328833904756948	0.07341020629294735	0.08097794908901736	0.06305394088748832	0.06368592559063835	0.07674191358625237	0.04888385680302019	0.0781490781372622	0.08822231510636708	0.05310920612674053	0.15725785717866134	0.1077493701293551	0.0959460043165381	0.14911957750232716	0.45418655616948006
17000	-2031.6116449495044	-987.7848776198604	-1043.8267673296439	0.05852808244720424	0.16142436490739331	0.0807992303455823	0.09152552370200603	0.11539843486908137	0.09926017282966891	0.09991284993895273	0.09417804341642014	0.07131700038673663	0.09654759727316801	0.07317647590462414	0.14654238278073195	0.11039123441866153	0.06277412755347188	0.059775005812167145	0.07452416486605856	0.100964605978117	0.09547296038646316	0.10997235185254747	0.11485309133148201	0.09554782860130524	0.6339871825623926
18000	-2036.5800810731	-981.7990013146291	-1054.781079758471	0.04702288068619688	0.10008868556486088	0.12893343297062293	0.05520136782574735	0.1040751802364738	0.06741092458688408	0.0921848111560502	0.08524363106343864	0.03881555016978264	0.10386160885215946	0.06360701543081203	0.1009740865273967	0.11575575399719948	0.060641032864870256	0.04382558819847634	0.09131050395456324	0.0769412782656411	0.1086023804169988	0.16303814560706847	0.16070991775955437	0.11498501708303334	0.5537684572399241
19000	-2035.5869051028833	-982.2868840553683	-1053.300021047515	0.07146640145082517	0.11179537494352974	0.06573262779942021	0.06697092573325504	0.10675532324587073	0.11021968226060669	0.1534934271176977	0.10208688406930849	0.045333161324438424	0.13617743784517755	0.06481735877363856	0.08601705510210722	0.05283307188756593	0.06575482139903285	0.14707912822534983	0.11113935676345627	0.09530269458505988	0.10102812663054282	0.10722424160238661	0.09797970785791683	0.17422790561329105	0.542924254493077
20000	-2030.3447240705518	-982.1875890490909	-1048.157135021461	0.07922885846381743	0.10679461645735742	0.06895738404846159	0.07136677501959658	0.057192979274006565	0.11183786969768905	0.09674169773958718	0.10809012942172287	0.10347330505196081	0.10255689298621855	0.049476945684306405	0.10309930922789129	0.060052479059490085	0.057498346265282406	0.10702978331817252	0.038100127776343355	0.07456564754957042	0.10749348207322565	0.11889452385474537	0.12323450140856695	0.16312213801310477	0.40175194121455715
21000	-2027.7611645025595	-978.039735845376	-1049.7214286571834	0.12737141055721632	0.10064604267450845	0.10435083603443844	0.06617622276157636	0.12455993857731354	0.07020273391489891	0.07294212225498126	0.10183448334726763	0.05880665297443726	0.17679252328705164	0.09606065713179181	0.14360565000205175	0.13044501731423655	0.04065811600746846	0.10215433720419373	0.06421030535582016	0.04706152690185836	0.1260121215511722	0.07478191318245661	0.06489027615887329	0.16552883962389653	0.4311343521867191
22000	-2031.622098001185	-979.5193732374297	-1052.102724763755	0.09401572768281079	0.14644098540564263	0.10207623709373	0.06404311539719093	0.08995922613721787	0.12296324676723454	0.09122016420779752	0.06570566919296143	0.054921232220766704	0.0729881153943911	0.126679007513773	0.1142537526960042	0.04287153054546777	0.03020719264781819	0.0492058757117944	0.07711485949599305	0.095693766471218	0.08656671961080277	0.07425877816411736	0.08692354363535562	0.0944809442635603	0.32869168769437207
23000	-2032.292878859298	-985.3596559255326	-1046.9332229337654	0.04498587631886897	0.14020846110234494	0.08678666105159855	0.044229099999148515	0.09228090928724345	0.11245480069763525	0.1133790403674209	0.0800081894954124	0.06912750783168453	0.10012548709258687	0.12415106030590208	0.04090723225350588	0.09576191124377985	0.06874636044616844	0.08068767869418923	0.08617594586671092	0.12046308387509963	0.12453625100785409	0.10237743657175388	0.1027157190802107	0.11589112622537863	0.4404668554913765
24000	-2034.0308602520495	-981.7618272298467	-1052.2690330222028	0.04545039869016161	0.1141865661213733	0.0842489290487168	0.09074344327310077	0.11958109149317335	0.13631967152480695	0.0830141746688441	0.08611001728622457	0.058137042873491133	0.14501640071130145	0.11621496881782263	0.08781317431105973	0.08335796014609778	0.031182019130721217	0.09888439893422554	0.07232306824046915	0.07474154556290681	0.10099368745028438	0.11537305874097604	0.06216865989582539	0.07244664426579898	0.5398229753013544
25000	-2035.1916649770274	-980.5631031380392	-1054.6285618389882	0.08992665544798077	0.1253215881942599	0.05234741175387795	0.07146451862097211	0.09778151024542434	0.13849938983857477	0.07675824590375722	0.10598847952541808	0.059122393526076296	0.07513350140094999	0.07284056689670204	0.07694059103406166	0.06634673230347085	0.035715540934923184	0.09315569426797272	0.07907537410496984	0.04809033036829743	0.09327831705256501	0.17904064201904438	0.11397267326510782	0.059422006439536365	0.4013484720146983
26000	-2035.923764895973	-983.7790762318236	-1052.1446886641493	0.08638870541828367	0.06890697110143569	0.12442935274488254	0.04118211830440295	0.09037743229026003	0.07054090259986423	0.07384005804903218	0.10278008109577091	0.06646263896524635	0.11199699741720809	0.04410526167379542	0.16425422393242278	0.07092750392204147	0.041194611077603145	0.12301601708002292	0.10869767847468041	0.06471590554470973	0.09267941853791008	0.07196381815719598	0.09902604059872248	0.11867480006051556	0.3340536386504589
27000	-2031.1188660833325	-991.9764153617227	-1039.1424507216097	0.07734417845203811	0.1574331256781116	0.15954746763817332	0.059340824772902145	0.10807592378524683	0.13504615946170825	0.11469510226368135	0.1201022205050708	0.0824327285329804	0.14486587993188577	0.11298737542352102	0.1169321886012221	0.06363282621999944	0.06930515529208946	0.11695786932274453	0.13639504610403502	0.05516706488775591	0.12163210678855862	0.11208086138343414	0.07987645090907347	0.10760405447046457	0.37779604590524457
28000	-2037.9968602630354	-992.5393766971104	-1045.457483565925	0.14339261519749966	0.07032485306971478	0.07650728870942243	0.08236806147515267	0.06457906751277882	0.14831187336876273	0.10117653703566941	0.1424660140416449	0.11273775718811248	0.09098472014937717	0.10395232101900374	0.056069516851480414	0.07766637523888065	0.06364460873011289	0.1330516311089014	0.05632357888549614	0.14945142938083492	0.0911107289644845	0.10490802338355927	0.0950669870398991	0.0737253339074234	0.49365728421874866
29000	-2024.0505866675985	-978.8884387536101	-1045.1621479139885	0.09751609205665589	0.14538815289066034	0.1394490293162287	0.05780644765830063	0.08113124024915844	0.09441214004508412	0.08740086942707748	0.12507372492746138	0.06691595973966981	0.09098949873801335	0.13351287855475255	0.05825253100743678	0.08552018557028856	0.059625468912295726	0.09663391889648942	0.07266494007035075	0.07376453788543981	0.09743870299412655	0.1042122770186204	0.11468313485077539	0.08053881839876334	0.6244358512101592
30000	-2021.422100540386	-975.4601286304979	-1045.9619719098882	0.09469421539880075	0.08008436461807757	0.11624548010148833	0.04790967864594867	0.0737126318540848	0.11309015661509465	0.09172208170286128	0.14738479195119308	0.05380153026965074	0.14483010509699656	0.1251672054467585	0.07086362457388495	0.0936091693657062	0.05729639062147134	0.09459964440362548	0.1253573340149512	0.09338350352727788	0.060428718830835865	0.12107256904674582	0.10455191682641615	0.12084481090404826	0.5872661098255866
31000	-2030.0356025772926	-984.72434789907	-1045.3112546782224	0.08129624662427665	0.12230378151147431	0.10408378124977138	0.04680267098663215	0.062287235227526216	0.10422116311466141	0.12474379358146227	0.12536772988071904	0.08163921160226048	0.13282390986774015	0.10764746658057145	0.10080551771668983	0.12411022885053637	0.08150999339166332	0.11595789139203441	0.1321666477301229	0.09051608597490302	0.09256473137562628	0.063276337768884	0.11312067687673295	0.10724281613579142	0.9568420541671447
32000	-2032.3944389028065	-986.4044315019551	-1045.9900074008515	0.09513957460225071	0.0742107032127509	0.11463706857006421	0.10563374035460817	0.11362037669445474	0.16341712153883278	0.08747566663994157	0.08487988398483712	0.08020334089600342	0.2102382947724937	0.11648932492478352	0.14532405971858586	0.11764984079284163	0.04414175139614577	0.14097198817192153	0.10876677465277433	0.08785439379896892	0.049872914670016616	0.10307742541621204	0.07611811870430378	0.14752357442472944	0.5904198919529966
33000	-2030.508144425356	-979.578179948396	-1050.9299644769599	0.06572523330680809	0.099307442054848	0.12411724543145	0.054287144349532954	0.11165432315302509	0.10564427115257846	0.1431630197980208	0.10382233026433337	0.09322309880214673	0.185426962069203	0.0677972985628616	0.05360454844967933	0.13698670770018637	0.04690296134777384	0.09678473262740352	0.10039568238171072	0.05008066751488219	0.0999462907186386	0.09040458728974672	0.07120669699811036	0.12486517003388052	0.446010281712792
34000	-2034.96842210048	-979.627699213952	-1055.340722886528	0.117029396238327	0.043193980904071685	0.06897898122867913	0.03990486648273729	0.0889391581318703	0.11358306331546068	0.11975854742549577	0.10554914196896274	0.11703490895989711	0.16968956905977664	0.06242208984024091	0.07869378411918965	0.06783716118549886	0.03720515153313449	0.053245845178135416	0.07084231097440417	0.09531200657143678	0.12703666344423242	0.10139081110912032	0.1288016649069328	0.10920518693780161	0.44769245964948723
35000	-2031.4004186917655	-985.0500155648286	-1046.3504031269367	0.06759880345048282	0.07775869280054883	0.10612383512786	0.05582547029541421	0.07807383014841719	0.1648630304621302	0.1156974204544543	0.0738677728592109	0.07412696920561078	0.10791138000684215	0.05960391627013329	0.09588313131297313	0.11536591633323308	0.04683929575393109	0.1987125679928374	0.14652572005949588	0.11527847905340753	0.11315114012385911	0.13772545239707468	0.08676643889620694	0.13042144336241732	0.4946362741429892
36000	-2033.8759342324129	-987.5641784372464	-1046.3117557951666	0.06156351556809404	0.09521347153106018	0.12232422163970441	0.07047349667533923	0.1223900651340496	0.093720073465755	0.10459188299689755	0.10385153188176682	0.09078781141410847	0.13195548127062912	0.046338808154088	0.14637220716016275	0.08613124086955748	0.024216382128563085	0.11706227903654204	0.08813045100613097	0.11510081870825375	0.09962389077933953	0.1077776248523772	0.08402045419057466	0.08562218421092886	0.3453316868102347
37000	-2033.3473594695806	-986.3588565086026	-1046.9885029609782	0.07986714555321661	0.10272227911787311	0.07493351295677102	0.048161885682006814	0.09292600924522723	0.10657681764261036	0.07366166465636585	0.17750537724059032	0.05813064350251186	0.06012831946400126	0.12526745851911783	0.10632985872846122	0.15725843961462427	0.05958108677856684	0.08012066055321243	0.10202676158195653	0.0936086657959868	0.07777552602452441	0.09362849484579282	0.15153326097263672	0.08697403877244834	0.45078182775953446
38000	-2035.274581822729	-986.6499315230171	-1048.624650299712	0.08480952480754966	0.06347741727958747	0.11794458619287472	0.08314239375649671	0.08565891875897148	0.08404118499729786	0.11513172354453294	0.06594952292129364	0.10907210327584195	0.1063508739198044	0.08368162066163176	0.07840703380910063	0.05587516316357524	0.04599221709981084	0.06096378854908247	0.10198018480614317	0.0735077001651413	0.07704077193652775	0.15684042165708056	0.07506357109907329	0.101372545057538	0.47304523878899996
39000	-2036.009584605783	-990.0347027113226	-1045.9748818944604	0.13730667221317794	0.11384208505596978	0.05112171537039122	0.060701507431712605	0.08685648547762227	0.07704928973248575	0.10656768500765483	0.11035379030628731	0.06719275724762087	0.19495289913068484	0.13939414966052008	0.1023313067748629	0.09855438897524817	0.06137540995511378	0.05713740422404686	0.06942462145064801	0.06766254186756647	0.10779949782068106	0.09211132615012987	0.08822047910087734	0.0980088045731339	0.38349973682053823
40000	-2039.0431994261507	-997.3082419368346	-1041.734957489316	0.066525591827927	0.1682474033692129	0.10756869016569248	0.03117791658869799	0.12256021249720475	0.15003828067601468	0.07823611135931537	0.13357373342145026	0.15716719201779167	0.11562808884547357	0.08551470369392059	0.099228120305528	0.11255316064341807	0.045651684742127926	0.08447845870650078	0.08698347972241469	0.13187548485157136	0.1298781899488309	0.08394526236508501	0.10415918022374247	0.13359491968700418	0.28928927745128813
41000	-2036.603277691087	-986.8865360745393	-1049.7167416165476	0.061533443180228686	0.1296336467051599	0.09930734485110349	0.11266582395405154	0.10195083130065526	0.11498463278020363	0.08266464286802656	0.08861923375288158	0.08726623553981265	0.07781850969110984	0.10987405605784531	0.08933041628663486	0.08939487658186662	0.036782393400580066	0.06260356256565315	0.07648359447029733	0.03812255690770894	0.12433386240400278	0.09358600573903722	0.11884836733052247	0.08462761441751124	0.4942719261618969
42000	-2038.163845675822	-994.9868715666903	-1043.1769741091316	0.10451810643051822	0.1878928906664583	0.06130928023074148	0.07661100685391115	0.10768698906583378	0.12248915978362933	0.11257121749416442	0.11818443798973166	0.07085041843170559	0.1367792041070121	0.08133947063569336	0.1259147037039088	0.07039888304940313	0.08137787055110145	0.09150672176786911	0.064833065504027	0.07374277702907275	0.1332328108332632	0.12336565241586377	0.08642961514766025	0.12411659196511263	0.5174049729033434
43000	-2034.4861811934352	-988.335605103142	-1046.150576090293	0.0834416591945014	0.10104795939382619	0.08670000124053456	0.08420029946800316	0.11077757428340951	0.11231855513911765	0.0685433026238158	0.13308931486561645	0.0728744127248745	0.07483567989596922	0.10905854736516268	0.09129909074677824	0.08604384619830684	0.039546692796862994	0.05654950792371553	0.14899733966710996	0.052937696674377345	0.1622423713350936	0.08199925354399955	0.09717871698090051	0.1324099510185497	0.35829918321692733
44000	-2034.3259751027208	-993.1278232618964	-1041.1981518408243	0.07635532489265788	0.1119472779638569	0.12069213029113433	0.09263044954140681	0.06345740085754496	0.14094557122428422	0.13556488336939712	0.12308300618992937	0.06555214109715718	0.08483288615834943	0.1063480660708392	0.059657101267755204	0.13038247803419925	0.07242833357382086	0.09971848290970388	0.12152502760159287	0.1194484571564975	0.07942494277751645	0.06389421916210096	0.06427463422610591	0.12156697605491353	0.4516619535012739
45000	-2037.3373261031215	-993.9922886500151	-1043.3450374531064	0.12027618893464977	0.10500812844830967	0.08601666106264907	0.033771935744761394	0.10645757208213509	0.08472610127374672	0.15054055437197847	0.1243823767763863	0.10846361671064358	0.12095511313826822	0.10380470202213579	0.09991712043087538	0.05520151804244281	0.06718836690143201	0.10190993464951686	0.099860016795085	0.07720767299929718	0.12468739518416289	0.09061430417778324	0.10371321431419249	0.12322108869524669	0.496062278889444
46000	-2027.9852905058024	-985.8757672992177	-1042.1095232065848	0.08416942804071066	0.12816508040815547	0.06329499165482004	0.09934439325397096	0.08365148783113471	0.09979976141486194	0.07345546707320558	0.07431790967538358	0.11119644028878198	0.1277548450876215	0.12962973261606198	0.10039552930216704	0.0792924999712143	0.04720589371574699	0.09728075460370011	0.08918334184647414	0.09783289825449806	0.0999433371455697	0.10993335653242926	0.10586608349329485	0.05475437550650384	0.48974671997424124
47000	-2031.9565875406759	-989.1542403757383	-1042.8023471649376	0.07643469792476235	0.09557912270666748	0.10370522565231555	0.12013274712821617	0.0933130691891618	0.1760324312631604	0.1119883952688531	0.05865473943613359	0.15135001778298754	0.06896933971772304	0.10997537968153968	0.10441281761260376	0.1595155431241124	0.05028882244418318	0.11215994685197378	0.09821308935473033	0.06396663343690533	0.09549101855369507	0.06427880632591967	0.08903187145826802	0.1433640619237172	0.46060521852779696
48000	-2034.1505627942884	-989.7070610787237	-1044.4435017155647	0.06354905744538729	0.09053993817398914	0.05938090213237654	0.09489025131462953	0.12827097570383575	0.10023073559406745	0.12374099658239579	0.059540747926990246	0.07095769733555808	0.12498127872248192	0.1043179440995743	0.05913424288598082	0.052112700659375066	0.04854476577892988	0.12017308626869523	0.13771027340231845	0.1210246898695317	0.15725303684437342	0.1002742304101869	0.11077147030849255	0.14919026058073492	0.3499373047489133
49000	-2042.4807419994268	-994.8918350819933	-1047.5889069174334	0.09699204467100159	0.2057626120678372	0.08817645842800381	0.10142679405424262	0.13097582896711027	0.16485807325544516	0.09622757180413684	0.1488592816955571	0.04465636537876467	0.12010780158502296	0.1414769944216957	0.10769600991225145	0.1376889099413279	0.07425529425577816	0.05339260265253952	0.0916031859788389	0.12670352893335002	0.07496407973738363	0.10303486957503122	0.06587150887405696	0.07024225791797933	0.5326518848721474
50000	-2046.101136795245	-1003.8702093895794	-1042.2309274056656	0.08225110326016787	0.08370234673177522	0.10149318009191324	0.05888045075427545	0.07492891270582124	0.05183609997155186	0.12409509602228962	0.08969514588187928	0.1441042538174013	0.20011643975006377	0.10170465983555642	0.10015657611911559	0.1664756567691365	0.047496081369423904	0.14080018517950532	0.09921515953614769	0.09223052412445726	0.08227003107790225	0.11072006692434223	0.10109209344294778	0.12227424893369362	0.3356023712283057
51000	-2051.2121660288485	-994.200716419454	-1057.0114496093945	0.1429293304425543	0.0601099431520885	0.11298323422942139	0.06712562427276643	0.13542558542810365	0.10394256455395504	0.11185100545703865	0.05394509553924607	0.13460776482874712	0.16180750862477739	0.04595218144079277	0.06548795574728956	0.14652375776215934	0.056299507681456126	0.08807124818588966	0.07231592156939357	0.06701749480516518	0.1126300064001216	0.05643488670427763	0.06122259766003656	0.08510208212097137	0.7157624932278104
52000	-2048.7329284445345	-1000.1802405103083	-1048.5526879342262	0.04491686744986984	0.1130223687384951	0.06589175019135952	0.11113770756737584	0.13191476668673524	0.07629335172409352	0.12356412763615311	0.09961436185197803	0.0567166623208593	0.11976754710523717	0.09136996005797592	0.10221783148798827	0.08796188325263074	0.041776564211491535	0.09168765771321337	0.07260739446317765	0.11539880193982176	0.08776801151242725	0.09215519058487831	0.09939345811845073	0.06761129469484595	0.5224640259170622
53000	-2045.3930583113276	-1001.8036382441367	-1043.589420067191	0.0868044855935402	0.08743874960488818	0.10827003212061476	0.05932585182829911	0.052480903595100485	0.07669907674145024	0.08008911863496182	0.13323678123268776	0.08466129722215428	0.11122516722607984	0.0549227607069423	0.15130013468659387	0.07307919888480743	0.09344419388487316	0.09708953770185491	0.11411562766598435	0.09431952258173626	0.11621581124099126	0.1011040924126784	0.06867947728383669	0.08055291460902309	0.42105572447721173
54000	-2040.7629811875136	-988.4239855504621	-1052.3389956370513	0.07944975798621895	0.08774246003151864	0.07563343307053934	0.06454103534049216	0.07689749016146259	0.11411649072953921	0.08343004905586604	0.07400570750723279	0.10178066989982637	0.24264458254174176	0.15082420008578776	0.07983777594808611	0.10640738064142313	0.02822399734304919	0.08951785223452502	0.08152853262662811	0.12218893341926358	0.14156528278361144	0.07581810984971467	0.08330796973571142	0.09912283159230764	0.48117649328865814
55000	-2030.4232293993769	-985.930100076205	-1044.4931293231718	0.05916996826482753	0.13892604571732947	0.08949936428644419	0.09971082786361289	0.09258559062150781	0.131864424282635	0.07527384903768056	0.12087139108439617	0.09606744603527806	0.09743720274709308	0.07131813299182792	0.10791595563588739	0.07976257423601245	0.044672098032983214	0.13630671029215963	0.07063924237668259	0.09438139230732201	0.0856744521876787	0.052982526028034674	0.10896423304719458	0.12444321727126047	0.4622693119183874
56000	-2023.7154032462367	-977.4205735369745	-1046.2948297092623	0.06641468944814428	0.09722925306581015	0.15012316945149182	0.07103532901011057	0.07667939106053442	0.09647657436223263	0.09642540973871665	0.17421216570783699	0.09578065611942564	0.1507324635662284	0.08749524068033239	0.11597422720694203	0.08948592142364929	0.04750975117650978	0.07929072592468729	0.05032955125166901	0.10455402675357917	0.10819176326216347	0.050209716429686024	0.09948685592333593	0.12682443329375945	0.43401720907711927
57000	-2030.149061359587	-978.4098337088143	-1051.7392276507726	0.05247228932957869	0.11808367363039911	0.19155829023097395	0.05387467530612947	0.11810975613106693	0.09998830044633411	0.08744151014420065	0.14145171294738157	0.06277844334943146	0.0711515087056808	0.07213290110652502	0.09646075247110542	0.08846896817021481	0.043063680931759	0.09435698627920094	0.07941821661032972	0.11041134770292607	0.08204004865840105	0.07796565726687321	0.0706783763257186	0.1578555926726357	0.44581876897893186
58000	-2035.7366394812943	-995.449535917682	-1040.2871035636124	0.0734356362763611	0.1437446723721661	0.1331014461793011	0.08642943644075825	0.12463014976544821	0.1027074560552795	0.08068276599935774	0.20054611835906117	0.09237906665590405	0.11022355731783502	0.06590477169533185	0.07677235233752772	0.13659071058755734	0.07743906787393184	0.10774439172294926	0.07344685157581528	0.11701189163350607	0.11273643652690785	0.07877361997590687	0.07641058971997355	0.06567655799526649	0.39298314775657656
59000	-2028.2638048031422	-988.6860878284009	-1039.5777169747412	0.09556404704317445	0.1433962643305032	0.05163949736368622	0.08491341397971645	0.12040062235726405	0.09469657238744093	0.16377531782837018	0.11025833956299763	0.06685688201167131	0.10839273658644046	0.1132459742824598	0.13679736242719143	0.07480574961852902	0.08627377603740898	0.10701014940375775	0.10448373864414029	0.08432255134354354	0.11244494709329102	0.08832306370132569	0.09580486942462357	0.08712381115047839	0.5497671720494817
60000	-2025.9384062628808	-981.6221979216643	-1044.3162083412165	0.10629642599039113	0.09285651290096951	0.19045787639118916	0.08728679872635071	0.09744335645046297	0.10974293349470182	0.07514007846185893	0.13742178050354525	0.07612024318459422	0.14431328483204456	0.06667354563637344	0.10461615743882521	0.12278984369918902	0.052377795855959225	0.10931882618075253	0.0505795287356805	0.08383301891522116	0.08961330242912717	0.08968367533604357	0.05804339722594606	0.10230649987049156	0.4370140510544685
61000	-2023.265399814931	-971.4253906246831	-1051.8400091902479	0.05284357127558487	0.08934038087989474	0.11207579260376209	0.07412652663756915	0.0683681550946718	0.07668562597269155	0.09192867853514754	0.08526585515322525	0.045224663922926255	0.12241787449561935	0.09287475894375147	0.07961159330369119	0.07213963258984527	0.028781393056042565	0.08638447810877072	0.12124944974467318	0.08269443129704518	0.0803458503483389	0.10973025814057151	0.08402263089732169	0.11431714699934724	0.44546970280754705
62000	-2042.2793492124688	-989.415887445327	-1052.8634617671416	0.0629446844395039	0.08957869779337872	0.07191986565823308	0.0679784039597016	0.11687523287975671	0.12696625708450507	0.12701466997609942	0.09732098847018368	0.09191047225809604	0.0604961434771615	0.06660942523170686	0.09460543351531364	0.18266150891054092	0.05520081879956478	0.10533080764234713	0.17165729768616939	0.0581149891859729	0.11221745476619917	0.10972850171071803	0.07347142326346986	0.07473224536642234	0.7778218579083017
63000	-2025.8218207460031	-981.1255649859778	-1044.6962557600252	0.07317381530405442	0.07196512621978891	0.10205283452361791	0.05856400620263673	0.14658950467171677	0.10282993679237674	0.07569975396771224	0.117135013489099	0.09756668045748877	0.13341014766453524	0.0693866094197002	0.10839535917431513	0.09112309678065332	0.06321293430032045	0.11670239765236012	0.09726419948325107	0.06169370080971984	0.10594406466744999	0.1987193786756075	0.07671037113154448	0.1012288172492911	0.5233435811416673
64000	-2029.6809277536463	-978.0455738464586	-1051.6353539071877	0.05759410925513617	0.06749228201711048	0.06529663408659116	0.07678531685767673	0.07894652114303792	0.05933586235209872	0.04474598103137323	0.11285156590739291	0.05472868861699564	0.08548884649741832	0.07102060242691113	0.10386322020663506	0.15882739129621132	0.04537239110517728	0.09558130670367146	0.10914030403429487	0.07876721552994913	0.13773828284909556	0.11862832715434528	0.09477727393535453	0.10312141381690298	0.40008064191276627
65000	-2042.1496678356161	-990.939116744734	-1051.2105510908823	0.05667860709905548	0.11278197091089957	0.07720389780474606	0.08820456695938193	0.09731204584471578	0.16521110481528958	0.05171455152675393	0.07016217798753074	0.08628464932892739	0.08052455668099459	0.1081346962445983	0.13333705174726365	0.10685667339681593	0.051854100822313856	0.05694652924917168	0.17681412658780687	0.09620431631804051	0.11340953607820395	0.07344842648256131	0.10602203813767005	0.09989636604815147	0.5833412105196147
66000	-2036.1448921045376	-987.2844351328771	-1048.8604569716604	0.07983073520947483	0.09350322301936984	0.0764287967399197	0.11448114056054759	0.07974553001798783	0.10109792606437076	0.1016972602062864	0.06994543866529736	0.047296338243125874	0.1149830049388164	0.16369430508712715	0.11062538590452207	0.06696822582635058	0.04955229552976318	0.07323255573709102	0.09713646069024674	0.10645345454384382	0.08278661080178194	0.16342388713927833	0.06278398135159306	0.17036476922765562	0.5487745290854977
67000	-2036.1824607340732	-981.9100983389665	-1054.2723623951067	0.09036850511544477	0.13074453475900316	0.07585438770393216	0.06193482756888202	0.07638906167796208	0.05252309293183868	0.061993625719195714	0.16837900356204813	0.08141387604973879	0.10747752437533657	0.1263705588072351	0.06865307848517439	0.0929018864968828	0.0409977016251671	0.09505891011936983	0.09040839996236387	0.0847258837754953	0.10831353463950984	0.03700091328904209	0.08236697584639123	0.09880278936091268	0.5278927298204168
68000	-2030.481235835094	-987.5009574187491	-1042.9802784163448	0.10874669520953012	0.1786939122270378	0.06181053591527486	0.06170255228822068	0.10792390753223909	0.10375058323200954	0.11364092197598386	0.13798595013603857	0.12992600758842873	0.10573077214578289	0.08636780138927891	0.1145079076794626	0.07227334999783494	0.04987825844596638	0.13536546994177576	0.07641643204343686	0.06659259873079616	0.10989452638461232	0.09830542525086175	0.08300152445064564	0.1297331244658362	0.44483981663494704
69000	-2032.0942990824333	-995.2372621121973	-1036.8570369702359	0.11038826857666226	0.1498936617383171	0.09283799969615261	0.13604619734894605	0.09466142418455209	0.10348104251581088	0.12594487641343888	0.09408906472164143	0.10283636337203504	0.10807256437856747	0.07083765761300262	0.09071729221904781	0.09974833802500947	0.03924882049218281	0.09467576719019873	0.13524890883976173	0.10309339625184771	0.07828925020476521	0.10566706779919662	0.07566187486718855	0.1113543156280672	0.3923044305541339
70000	-2038.9682515538598	-984.3944440086331	-1054.5738075452266	0.07549323274223589	0.11245309903076181	0.09107283924534722	0.10233293362316105	0.09697865787762588	0.06424126051831676	0.0784850955204601	0.2354364991359406	0.08252462788703971	0.09545464901954469	0.05706829728748038	0.1402265290865276	0.07552389448395425	0.04319312079188123	0.05933034103658766	0.095625485259933	0.07741569530493435	0.06565590201510213	0.053796657698423456	0.060422348432137576	0.13761163917530772	0.40205027938101523
71000	-2035.9528130336155	-990.2591339767059	-1045.6936790569096	0.05990893845827851	0.12296583991064976	0.06981498659256538	0.0695406459074102	0.11650118467274798	0.10553417139986244	0.10574045862238944	0.10177033240983066	0.0939035672664991	0.15609944177977392	0.08319999633640983	0.07051926827335582	0.060608254310526494	0.07388359934487282	0.057434248620139516	0.10852133826578303	0.12916343421518753	0.14532081582027492	0.14567726309077716	0.08497358444746017	0.19120818457045968	0.517373280228784
72000	-2049.0746949803865	-1002.1390288444222	-1046.9356661359643	0.10893909390842091	0.0762995586574097	0.05012324535499718	0.07108373941585734	0.10987700658364113	0.1125311252243747	0.14070498328097383	0.06873525684698868	0.08551174428933224	0.12018523824355444	0.10522115715521546	0.04328117115581151	0.13394286793795507	0.052900290035880516	0.09838286854678979	0.08860049497474255	0.046353469432915385	0.12811812601602765	0.12143741959386055	0.11787239503447806	0.0811253209354355	0.39150257935486904
73000	-2042.7123528029033	-1000.6737180277023	-1042.038634775201	0.11524005306952742	0.10027995257334126	0.16331664031258228	0.07829309403717429	0.08218875604925133	0.08198048331350703	0.09592633709904205	0.11990052062555016	0.0956231232555409	0.1328464975725634	0.10273372962126834	0.0900235906088483	0.08003737445133788	0.07239044442387255	0.06611611272150549	0.12129798780890737	0.03131157106388647	0.09196696938181488	0.08498133325544588	0.1593511722320804	0.11698435715479612	0.3408764248946829
74000	-2038.5734125342578	-988.858521243611	-1049.7148912906468	0.1265971364491156	0.09503562082819392	0.07452375888137064	0.0503066640840878	0.08172347142502422	0.055160504408282435	0.10488018277780232	0.08279551759590507	0.05739827041931911	0.08616340309413614	0.07946370311898496	0.12108854900550985	0.10723199055129999	0.059421790289380993	0.06422781860370357	0.1064950744890762	0.0489816185197039	0.11759199650438468	0.05557655107729146	0.11610941685129418	0.10580455472722905	0.39705619819940774
75000	-2046.8693079831335	-992.704229179418	-1054.1650788037155	0.1035464009469176	0.06957155860403492	0.09856245496289559	0.0781495562751971	0.0851790615293815	0.12954036678633474	0.062404408613946576	0.1269534217718095	0.03811787021503831	0.13933222161282838	0.08611571114586451	0.04469585439889302	0.06769707099349187	0.04875409969732308	0.0731810909158293	0.10065007804480401	0.07935469626346892	0.06828427829304873	0.052004950647681375	0.08374528070727565	0.0910263772819388	0.32112741280851415
76000	-2037.6413511462592	-987.9148421881247	-1049.7265089581347	0.0919243152715512	0.09670850460042521	0.04263793330425202	0.08244912250216889	0.06363215865914829	0.0861267372551865	0.07038305957849159	0.10110537237843863	0.07477847187470249	0.16382201689328446	0.09751118672514579	0.10095629338549057	0.1134520639237428	0.06818290198710189	0.04411807336810951	0.11038812202509041	0.07074009708627252	0.10694623327674747	0.12171296398314083	0.07092547822389354	0.1349008088121889	0.5307052617799025
77000	-2037.1211360199395	-985.5462069623363	-1051.5749290576032	0.0805802886521658	0.07290196158338609	0.1650209902320294	0.07638843928173682	0.09627080041991028	0.07364825456820585	0.08912679550699866	0.0558265854105732	0.13890249343598954	0.1013654817230223	0.04866762068403353	0.10360084934448227	0.09026178915117222	0.04787508267087003	0.07417542344222988	0.08609295640179701	0.05473198596409512	0.1301456802141296	0.06591962993492091	0.1063602999073604	0.16994345276552442	0.4484102967592034
78000	-2033.551857566756	-990.3795029821193	-1043.1723545846367	0.0902514475370011	0.10895509100958377	0.07408915410599988	0.057986179974958536	0.10752266742396573	0.07185041710751977	0.07186094058182428	0.07956263746633935	0.10658335795175615	0.09965993819053097	0.08560634981403831	0.10198801753500443	0.08681913766212705	0.05607478567136435	0.09742909841455752	0.10096807794089085	0.0401739227153072	0.13163030270833234	0.10927522803000467	0.05813270458220573	0.1084844654423568	0.29335649414323384
79000	-2024.485071148983	-971.951866774388	-1052.533204374595	0.0992758022807738	0.0900507182833237	0.051750468374838605	0.049062250162564436	0.06853019554818494	0.10631872241143095	0.09456745208007797	0.14037223031802323	0.05840262317345242	0.08863987592675014	0.058711246154200224	0.11198499596097594	0.10338515025980599	0.05054725817496654	0.08798263988768525	0.08187921947807483	0.08795766640650927	0.08115363285911971	0.1210658529914428	0.0805201566819444	0.12853231554000863	0.7106027485681927
80000	-2028.4289226249743	-983.0093135767678	-1045.4196090482067	0.07398739086798169	0.16401641992173885	0.12224912049575697	0.075070241347069	0.07800207305919153	0.18068607396911796	0.11505750200729947	0.09740571506827114	0.12492050944254968	0.14631109671585682	0.12896627873499583	0.08810821860147601	0.0550467692235559	0.06615294508411221	0.16166230437773674	0.0962643568949401	0.06573576147531673	0.059263597912207304	0.07368453481914623	0.07900160793434803	0.09339398657856934	0.4673546158268641
81000	-2026.67335260538	-981.7152381957037	-1044.9581144096762	0.050923403356938596	0.17935155946918588	0.06953301504318629	0.08635219788319198	0.06464937789329825	0.14975928128338334	0.09879235322708103	0.1705350006434797	0.06844927887512917	0.08396476420043832	0.11927439252616988	0.10195406626167557	0.11159162953238864	0.059887596885912775	0.0952011577742604	0.08365272165666131	0.08845712283579947	0.1421737739770087	0.07513056906419667	0.06940374155173469	0.15102215397613888	0.41931091090606043
82000	-2032.007991097542	-981.1811291341618	-1050.82686196338	0.06660835541795015	0.09251182090834648	0.08817054241037373	0.0705351975043483	0.09704228155957718	0.1554274242997857	0.0705707330437123	0.053864861378035464	0.09124075449341576	0.11743390239058386	0.0915639935712836	0.1012858544848958	0.0949540908649906	0.042763272215597156	0.06892285816375204	0.08743780409210314	0.06856579999179238	0.06816959989338597	0.12177069295004773	0.06659273378475151	0.1905737879892349	0.4935565566009999
83000	-2030.6135166023869	-989.516290510454	-1041.0972260919327	0.0973078446365186	0.0901470961981474	0.07445362497339704	0.08073198989238285	0.14197696926217798	0.15983133316078832	0.06940243380713587	0.06727117788723706	0.14677689342260472	0.0733750139325311	0.11886147061604588	0.09133807528915586	0.08257304579501842	0.052216969775441116	0.05557023804587241	0.10263517649353238	0.08606988936342734	0.1403355468977918	0.11990950612764847	0.10631287534089372	0.12179680246590165	0.4010791943779001
84000	-2026.3712461719456	-976.8788646523187	-1049.4923815196269	0.11039940110558338	0.09931225602508595	0.08052718179437275	0.04834610141182504	0.060017561198331036	0.1358620571428696	0.0935319623872183	0.09636044902628188	0.0711003853285485	0.09147649608261409	0.09879131871130517	0.09098551686057099	0.04223705835383056	0.056171877995504486	0.06559005112641851	0.09295037044540792	0.1029710145633423	0.11692469855405553	0.07204406591106621	0.10292458149646397	0.1037923610613015	0.5455628431799893
85000	-2037.9303295637426	-993.828973950725	-1044.1013556130176	0.07244717327992366	0.08050007462016058	0.10206605598868702	0.07968954476167603	0.06177545992666328	0.1115938492281636	0.10607665320921644	0.12171927429418049	0.05633862464125747	0.09622442491387799	0.05470764454644675	0.06653817375089728	0.10685272273599264	0.07981132462875572	0.13159890215795056	0.10739972144808552	0.07329248032694843	0.08517665726336701	0.1128269499714404	0.061979493113895265	0.13256263671396026	0.36920767688847356
86000	-2039.1026893269934	-988.7540082605053	-1050.348681066488	0.05291285727165862	0.11278887309568866	0.07886400796699361	0.1389127989785873	0.12059643316599827	0.08633325997722688	0.15377412233449186	0.17157272069427187	0.08275875401407733	0.06427308583617193	0.1859560281303563	0.11616687738103207	0.05558019448252298	0.04741996540290549	0.08386842440154779	0.08277154755592368	0.07250090564271465	0.061630806135108476	0.09392407839955443	0.12272511475521185	0.12561808393409926	0.5196265119462603
87000	-2030.6464208309092	-973.892372415452	-1056.7540484154572	0.09353616786407576	0.12338515759853472	0.0674616331749162	0.09171341217407922	0.23131101328968762	0.09100218202373934	0.07844064079265041	0.1393642279914681	0.08464984153897846	0.13910823803780706	0.09713976165944556	0.13917246659549304	0.044037151149627016	0.04774008683359584	0.06489109172028706	0.07500405704778013	0.07546676839795118	0.06038975760754848	0.06904054056098832	0.07556570613952814	0.13393278605056208	0.6959919259867324
88000	-2031.7325364829903	-993.9792517744672	-1037.753284708523	0.058567772867267186	0.1429514188363752	0.0720666510063455	0.06798054332638273	0.09170103258457117	0.12171162358618084	0.08382733576397945	0.07295909752831199	0.11480672482074689	0.125424015028302	0.1177270772421176	0.0859705661118002	0.10194332165807776	0.06142716384443106	0.09102171029000539	0.0843623762598888	0.10389316707933266	0.09961680982756534	0.08974481093491267	0.09612339434273419	0.08330437958709454	0.35641589513947997
89000	-2024.7441238833117	-976.4526905938919	-1048.2914332894197	0.07301741749819536	0.08119274753275664	0.09210006577142488	0.05977543823429471	0.09571630162033609	0.10652515527856371	0.12531068993456013	0.12191305400524124	0.03674832134731132	0.11533109508592591	0.1124711063234833	0.09166649848527343	0.09283711246520467	0.05039060777270575	0.10720982040795415	0.049321323671827344	0.08332479423912596	0.07133352142156499	0.06203389520406369	0.12499319018078729	0.10942153052444498	0.4198415612855053
90000	-2034.8568190578244	-984.6859149862063	-1050.170904071618	0.07032605678321516	0.11264192850393667	0.173878600560936	0.04618409054971973	0.06302328472546405	0.10899335458917948	0.0588950235499047	0.12765228212264437	0.05986772397704992	0.07388482360206643	0.12486192700445706	0.12828938469417242	0.07944829801604454	0.07958972572279326	0.05896273756272177	0.11961851326282497	0.08557549266852005	0.08812753718404642	0.09884373184425158	0.07249398130947944	0.0837493681434152	0.46858771885414835
91000	-2037.6177660082567	-980.1266549210285	-1057.4911110872283	0.09488568520649168	0.03866728877674264	0.08062724410387144	0.060009004829112436	0.05140149887879658	0.15912911474626185	0.11966042469532433	0.13221005580066852	0.034250481729231154	0.11087775579502152	0.15873641592947843	0.09868039457239386	0.12216566420338398	0.04370284821547802	0.08757328990416184	0.08548947397045066	0.07165158656668628	0.10279921856485469	0.06278320684644312	0.09632721846331543	0.15462718577260834	0.4526453168511028
92000	-2038.8017255303773	-993.3562192111388	-1045.4455063192386	0.11449821796541622	0.10937338304559563	0.14765850010890524	0.06851235150200605	0.0650240809241193	0.09823119533282178	0.08938727285932467	0.1242015714159575	0.08875606163318461	0.16693315578384563	0.0819467252078336	0.14576943723014035	0.08961654966409188	0.02809398567419724	0.10628417143708585	0.07806701065087185	0.07986645311024786	0.07598359268592955	0.08547928797377492	0.0678526693972415	0.09151410955083157	0.28647493073835373
93000	-2043.9799107338258	-1003.7647427348514	-1040.2151679989743	0.06906814847070075	0.08877907202284485	0.1861763943037426	0.0696179918934592	0.0939209170165349	0.09387517096856947	0.15647307108620442	0.13122219083484135	0.11131690409242904	0.10356430536034678	0.06402530714525193	0.1031907072952154	0.10192517610358025	0.046875799715718425	0.11616593435820849	0.08120533782452054	0.07226664696555132	0.10512577675742389	0.13682083388571406	0.12522564509849277	0.1364572089226152	0.2710341327206695
94000	-2029.0835190180135	-980.8009613245711	-1048.2825576934424	0.07540945548638751	0.09453492316599615	0.12750219353231923	0.10753351801563854	0.09700792965516934	0.07467415694305395	0.11406200790461675	0.15786766780910869	0.0881057313005235	0.10343947331926621	0.06325435465077757	0.07689456712541386	0.16302070132675173	0.027962573972202795	0.06626175514192999	0.1124116893282625	0.1143343546449796	0.11892321476476339	0.06216786401762644	0.056380906987790635	0.1309475790936739	0.4192436004928027
95000	-2035.3872978872132	-984.2984273295285	-1051.0888705576847	0.09165582074498714	0.09536443387718892	0.058630217819788666	0.046867458948838696	0.1399074242970268	0.06722973916559986	0.1137488358952053	0.0698447957821076	0.10242503853612502	0.09658162747063281	0.07700560037923009	0.05919011377919036	0.12485997309416037	0.04364735471233268	0.0982710803644641	0.14224334504747582	0.09731772704520289	0.12472011649775872	0.08062139526099706	0.171296127802797	0.09959984547716817	0.6176085918649761
96000	-2033.0091561710865	-976.781926804934	-1056.2272293661526	0.06347644543998117	0.10216891062083107	0.08278284122255451	0.04480713221736953	0.07259913562301863	0.10299478886126304	0.08232830064781366	0.1979572512768683	0.07427389177799464	0.12447090369835384	0.08857790933309248	0.0982731184806184	0.08698519936956241	0.05149513747884732	0.07235484276038844	0.10282425254671275	0.028472835131524016	0.08715726158105916	0.09120326379538575	0.12885669023939572	0.07691162960075597	0.49631533572448316
97000	-2040.6471510258698	-1000.7938849843988	-1039.853266041471	0.08063726514863157	0.0776978828435294	0.0741178430528224	0.09931340778840715	0.11448187210029738	0.08528078186549605	0.07941243828746739	0.1001133755566041	0.13456186581765725	0.08383331724875048	0.08775454479760536	0.0864096649393099	0.08238479671036504	0.05320795787179726	0.08952402034447264	0.14000410721501738	0.1083147065787093	0.054627452621170705	0.11301310463660595	0.10503985722151009	0.08474865929336708	0.37460713061006684
98000	-2034.958282449497	-987.7243000180736	-1047.2339824314233	0.0999489551979017	0.12204825654273124	0.09646728513007669	0.05283566199957547	0.1798599489479492	0.06883664488471501	0.10897012935798482	0.12870147678410726	0.07028425326373883	0.06602418247932451	0.08002757844254248	0.08918243812452438	0.06186262509972513	0.05711990592101865	0.0968183924711826	0.07426690620190923	0.07562362540415327	0.13041534082533587	0.0643448582184643	0.07816033948483957	0.132411789143036	0.3942214213137205
99000	-2032.4154823994554	-989.3832590440433	-1043.0322233554123	0.08861736752770752	0.07512055694847466	0.09380283766696156	0.10110320702207301	0.07070338793155	0.12780733391203128	0.09973578131035522	0.0993195743161447	0.08669169749553576	0.08967942021946233	0.12553472060897763	0.1154067422884522	0.108886434751611	0.06606415375163205	0.0915799497761934	0.06180552345993975	0.06350288032126256	0.07639126656586195	0.11771539814517977	0.06952187571177577	0.09814052476141866	0.5947713744545498
100000	-2034.6480709597422	-984.3453136394617	-1050.3027573202805	0.042645299854116435	0.10045593651987655	0.1403688596640477	0.0584599124717792	0.1199803065568233	0.14259701693063853	0.08378043052155296	0.129535266996779	0.1160771947221671	0.16052639790044354	0.07266456550148388	0.088434539074521	0.180224462141265	0.03743638915917383	0.0641173993075566	0.13621739991737505	0.10530194855063664	0.1237489430521443	0.15696317100545315	0.1497663197345375	0.13692568596291388	0.5309530527401874
