#
#model:
#
#<?xml version="1.0" encoding="UTF-8" standalone="no"?><input id="posterior" spec="beast.core.util.CompoundDistribution">
#    <distribution id="prior" spec="beast.core.util.CompoundDistribution">
#        <prior id="lambdaPrior.Ai" name="distribution">
#            <parameter id="lambda" lower="0.0" name="x" spec="beast.core.parameter.RealParameter">10.0</parameter>
#            <Gamma id="Gamma.0" name="distr">
#                <parameter estimate="false" id="RealParameter.1" name="alpha" spec="beast.core.parameter.RealParameter">2.0</parameter>
#                <parameter estimate="false" id="RealParameter.2" name="beta" spec="beast.core.parameter.RealParameter">200.0</parameter>
#            </Gamma>
#        </prior>
#        <distribution id="snapprior.Ai" lambda="@lambda" spec="snap.likelihood.SnAPPrior">
#            <parameter estimate="false" id="alpha" lower="0.0" name="alpha" spec="beast.core.parameter.RealParameter">11.75</parameter>
#            <parameter estimate="false" id="beta" lower="0.0" name="beta" spec="beast.core.parameter.RealParameter">109.73</parameter>
#            <parameter estimate="false" id="kappa" lower="0.0" name="kappa" spec="beast.core.parameter.RealParameter">1.0</parameter>
#            <parameter id="coalescenceRate" name="coalescenceRate" spec="beast.core.parameter.RealParameter">10.0</parameter>
#            <tree clusterType="upgma" id="Tree.Ai" nodetype="snap.NodeData" spec="beast.util.ClusterTree">
#                <taxa dataType="integerdata" id="snap.Ai" spec="snap.Data">
#                    <taxonset id="South" spec="beast.evolution.alignment.TaxonSet">
#                        <taxon id="SthBarrington_BT10a1" spec="beast.evolution.alignment.Taxon"/>
#                        <taxon id="SthBarrington_BT8a1" spec="beast.evolution.alignment.Taxon"/>
#                        <taxon id="SthBarrington_BT9c1" spec="beast.evolution.alignment.Taxon"/>
#                        <taxon id="MtWilson_MW12bm" spec="beast.evolution.alignment.Taxon"/>
#                        <taxon id="MtWilson_MW5bm" spec="beast.evolution.alignment.Taxon"/>
#                        <taxon id="Termeil_Te3bf" spec="beast.evolution.alignment.Taxon"/>
#                        <taxon id="Termeil_Te3c1" spec="beast.evolution.alignment.Taxon"/>
#                        <taxon id="Broadwater_BW10af" spec="beast.evolution.alignment.Taxon"/>
#                        <taxon id="Broadwater_BW19cf" spec="beast.evolution.alignment.Taxon"/>
#                        <taxon id="Broadwater_BW31am" spec="beast.evolution.alignment.Taxon"/>
#                        <taxon id="Dampier_Da11a2" spec="beast.evolution.alignment.Taxon"/>
#                        <taxon id="Dampier_Da19a1" spec="beast.evolution.alignment.Taxon"/>
#                        <taxon id="MaresForest_MF13a1" spec="beast.evolution.alignment.Taxon"/>
#                        <taxon id="MaresForest_MF17am" spec="beast.evolution.alignment.Taxon"/>
#                        <taxon id="Olney_Ol20bm" spec="beast.evolution.alignment.Taxon"/>
#                        <taxon id="Olney_Ol4bm" spec="beast.evolution.alignment.Taxon"/>
#                        <taxon id="Cumberland_Cu12a1" spec="beast.evolution.alignment.Taxon"/>
#                        <taxon id="Cumberland_Cu6a1" spec="beast.evolution.alignment.Taxon"/>
#                    </taxonset>
#                    <taxonset id="North" spec="beast.evolution.alignment.TaxonSet">
#                        <taxon id="Kerewong_Ke18dm" spec="beast.evolution.alignment.Taxon"/>
#                        <taxon id="Kerewong_Ke21b1" spec="beast.evolution.alignment.Taxon"/>
#                        <taxon id="NthBarrington_BT4a2" spec="beast.evolution.alignment.Taxon"/>
#                        <taxon id="NthBarrington_BT6a1" spec="beast.evolution.alignment.Taxon"/>
#                        <taxon id="Dorrigo_Do2c2" spec="beast.evolution.alignment.Taxon"/>
#                        <taxon id="Dorrigo_Do5bm" spec="beast.evolution.alignment.Taxon"/>
#                    </taxonset>
#                </taxa>
#                <parameter id="RealParameter.0" lower="0.0" name="clock.rate" spec="beast.core.parameter.RealParameter" upper="0.0">1.0</parameter>
#            </tree>
#        </distribution>
#    </distribution>
#    <distribution id="likelihood" spec="beast.core.util.CompoundDistribution">
#        <distribution data="@snap.Ai" id="treeLikelihood.Ai" pattern="coalescenceRate" spec="snap.likelihood.SnAPTreeLikelihood" tree="@Tree.Ai">
#            <siteModel id="MutationSiteModel.Ai" spec="beast.evolution.sitemodel.SiteModel">
#                <parameter estimate="false" id="mutationRate" name="mutationRate" spec="beast.core.parameter.RealParameter">1.0</parameter>
#                <parameter estimate="false" id="shape" name="shape" spec="beast.core.parameter.RealParameter">2.0</parameter>
#                <parameter estimate="false" id="proportionInvariant" name="proportionInvariant" spec="beast.core.parameter.RealParameter">0.0</parameter>
#                <substModel coalescenceRate="@coalescenceRate" id="MutationModel" spec="snap.likelihood.SnapSubstitutionModel">
#                    <parameter estimate="false" id="u" lower="0.0" name="mutationRateU" spec="beast.core.parameter.RealParameter">1.7346278317152102</parameter>
#                    <parameter id="v" lower="0.0" name="mutationRateV" spec="beast.core.parameter.RealParameter">0.7024901703800787</parameter>
#                </substModel>
#            </siteModel>
#        </distribution>
#    </distribution>
#</input>
#
Sample	posterior	likelihood	prior	theta0	theta1	theta2	TreeHeightLogger
0	-1583.3485972573926	-1424.4248920861232	-158.92370517126932	0.11716656695116494	0.10328064887570795	0.13457546795422898	0.4862196789000882
1000	-1572.9296284919901	-1410.1329439931264	-162.79668449886373	0.15700307505266015	0.08883353017244343	0.08392221562697301	1.2583362605525183
2000	-1590.5708898128087	-1417.3018076156	-173.26908219720883	0.15166348745060754	0.1143572741481856	0.04151827869742543	1.448084601136867
3000	-1612.7492406658703	-1454.238393504199	-158.51084716167128	0.1091461726430629	0.12468589523069946	0.11733677488004039	0.20458535141937698
4000	-1567.645100719874	-1401.8908444024032	-165.7542563174709	0.15811538636694347	0.04338505026841858	0.1472340454806749	0.8789790575948953
5000	-1575.7782453201298	-1408.6404497043416	-167.13779561578832	0.1531220041687342	0.08120762557709282	0.06705975009034378	3.3664437191894616
6000	-1587.691763342737	-1426.378289157358	-161.3134741853789	0.1123913350990062	0.12090386936442916	0.07329578899880361	1.1042990866959124
7000	-1589.626023352896	-1429.0072553582345	-160.61876799466154	0.13877616601870021	0.08785533449094035	0.0900502031208407	0.2746985944861919
8000	-1617.9966410060601	-1458.4061031402564	-159.5905378658038	0.06995334716104473	0.07345386198139904	0.13951846276644927	0.15748368362409781
9000	-1584.2938730093297	-1426.208037569189	-158.08583544014084	0.13211951160208885	0.11102895186646404	0.11968233202129254	0.4095292197098406
10000	-1576.3602481516064	-1416.0848967762681	-160.2753513753382	0.12149514072225945	0.07764636395241775	0.1355759733117537	0.530845370887929
11000	-1581.9687613757608	-1421.2230523272501	-160.74570904851066	0.1086315448906912	0.07249478864956685	0.1129087495685234	0.4086159431193614
12000	-1594.3559803412847	-1434.2695505795823	-160.08642976170236	0.11050515240878345	0.11961176030765329	0.06219369747073279	0.4056667183253548
13000	-1577.673079430605	-1411.0470849076105	-166.62599452299452	0.15178253696769123	0.09034159682905497	0.1969280974273335	1.3433723919774045
14000	-1573.9611674650348	-1412.7693639977374	-161.19180346729738	0.12770713859643654	0.07882089831546486	0.07638915688982952	0.8165909332300019
15000	-1601.7598794702358	-1443.4299230915176	-158.3299563787181	0.09804461969960074	0.0794580876741776	0.13058523568399405	0.19275380891665989
16000	-1607.8632445872427	-1450.8344826817042	-157.02876190553843	0.11534094970761406	0.08211804527706391	0.1414711405958905	0.14589292158583012
17000	-1600.759610259193	-1438.8603460480006	-161.89926421119245	0.15124008798063152	0.05605631279330955	0.09558044496029698	0.16554824722905415
18000	-1641.5497636113373	-1483.333450578623	-158.21631303271445	0.06295881718612958	0.12544168567629818	0.10723937259823216	0.15554153710600813
19000	-1589.926801645565	-1431.1908016117682	-158.73600003379684	0.1574887759970768	0.07892213643984218	0.10223291792608241	0.2253124252158688
20000	-1649.6669043370239	-1492.9502096029512	-156.71669473407263	0.09749884508341884	0.0827528923964231	0.08146345210226082	0.09002136797799498
21000	-1576.5037079808187	-1415.7518341978916	-160.75187378292716	0.15008837432248134	0.063419239619941	0.12444034965576908	0.32780803441024564
22000	-1568.5898621138058	-1403.9363675100037	-164.6534946038021	0.14550010002452266	0.05230223812890593	0.14073534504975171	1.7599865293300085
23000	-1593.851343667382	-1433.7252731040512	-160.1260705633309	0.12262375525900616	0.08321771660304496	0.14115971701805488	0.22454448530098597
24000	-1576.5473828962959	-1415.3372236464033	-161.2101592498924	0.1440836389142754	0.09722265861772797	0.07260066160861878	0.697004672516383
25000	-1605.0131039507237	-1443.0269718781233	-161.9861320726003	0.07003758454399707	0.103095322429176	0.10206567333639342	0.46129711904671544
26000	-1594.2663431304354	-1434.3128269095	-159.95351622093528	0.0965705702522227	0.06000750647396252	0.11548457855477517	0.22816753758239272
27000	-1588.9638365898938	-1427.21124626028	-161.7525903296138	0.15792374327816788	0.06887133760728636	0.18283310064948088	0.20295222984932246
28000	-1580.152809583407	-1416.1363585828349	-164.01645100057192	0.10512404994924374	0.06465992406997473	0.09571240501317943	0.6463287169204294
29000	-1584.6842221058105	-1426.5282813870588	-158.15594071875176	0.13703014871450836	0.08188945421457058	0.13284486415341343	0.26721656794021
30000	-1594.9390254636942	-1432.9098447384608	-162.02918072523326	0.070603601758106	0.07410016960089327	0.0827794266305207	0.62397193097876
31000	-1594.6416614710317	-1432.8513540984873	-161.7903073725444	0.08372842397684915	0.07083576968519459	0.06496613624155444	0.3496354515995967
32000	-1593.0643726562917	-1435.0659904902295	-157.9983821660622	0.13147031409985538	0.11746309130227005	0.09937063570228175	0.30679442019716874
33000	-1627.6185486794716	-1470.4071069024012	-157.21144177707038	0.13567865007607097	0.09835705436101684	0.14184968429418368	0.11287034077295968
34000	-1582.1193103547425	-1418.1405869775176	-163.97872337722492	0.0897166636936653	0.04780743400726878	0.08340003690651465	0.7246302767505497
35000	-1610.569972568854	-1446.4851279723448	-164.08484459650913	0.07560919605611255	0.056984784824801474	0.05351965377782391	0.21859695058396497
36000	-1575.8351033114932	-1412.7693718268847	-163.0657314846086	0.1559872000544221	0.09912989887956251	0.06549965444617675	1.4978490385554641
37000	-1586.0278748323494	-1425.6572229725748	-160.37065185977454	0.10827716071621785	0.08381766198767575	0.1251178587706486	0.365512667827633
38000	-1650.991694302349	-1493.6575407183145	-157.33415358403454	0.09631864722554086	0.1569484607143028	0.16644404046760936	0.11360254036105666
39000	-1571.7118418926448	-1407.4596187475793	-164.25222314506559	0.14318940423661067	0.03940657062250654	0.13722034821700735	0.45487481498382176
40000	-1579.8767585660983	-1418.4364631988383	-161.44029536726006	0.09911917896718325	0.07442129035047598	0.10446598255625268	1.1680998962575786
41000	-1614.3928406051982	-1455.5623459913395	-158.8304946138586	0.12631357189388714	0.07545628451832452	0.06512764362672588	0.15118390604329732
42000	-1583.3152233190826	-1422.5374384343568	-160.77778488472597	0.10147675376216647	0.06830628055942678	0.11304891320861403	0.4024116791080581
43000	-1583.2496967597883	-1423.3582636155093	-159.8914331442791	0.09438550716186465	0.08055734160053674	0.1305183721475255	0.6065117240340285
44000	-1626.8928515735797	-1467.189920875957	-159.70293069762272	0.05914379222974596	0.07301011674803733	0.11420224454587649	0.15549005570425706
45000	-1587.0424542997268	-1428.607379952423	-158.43507434730398	0.15165409414959463	0.10709614157021854	0.15199922887923303	0.29804737714122487
46000	-1598.994849197987	-1441.8723648093694	-157.12248438861747	0.1079704633810618	0.11061197288261938	0.1116748665288459	0.25893627220342874
47000	-1588.1608287748231	-1427.3537147942159	-160.80711398060714	0.10251211174549225	0.050191106308511396	0.10153179013799257	0.263651743598865
48000	-1598.565400161584	-1440.384270847047	-158.1811293145371	0.12149540647865197	0.11391481630064931	0.07912148920571704	0.2702641755948815
49000	-1593.4192608728677	-1434.0807091831598	-159.33855168970794	0.12280644996594287	0.13852044511595402	0.14470122441789554	0.4486735123560926
50000	-1613.0901456742054	-1453.922508736042	-159.16763693816335	0.14742064665374657	0.06581770138947499	0.07408662861973428	0.14096161935175883
51000	-1598.0131855686616	-1439.6042091615936	-158.40897640706802	0.14059283426520397	0.12869147165882264	0.14581044684819294	0.2676436188703396
52000	-1581.0431035610538	-1419.433650605487	-161.60945295556692	0.1648629582881032	0.10219232517250358	0.09876564323107563	0.4310740897720362
53000	-1599.4058751533498	-1441.348546658829	-158.05732849452082	0.09889253592777081	0.12576114469705701	0.1231201200171118	0.34303815676598
54000	-1607.9136054938144	-1450.8481395026563	-157.06546599115802	0.11513227000948441	0.08789273146843579	0.1109373017008872	0.16376694819918686
55000	-1597.6212607122102	-1440.5536002561175	-157.06766045609257	0.10923082492406086	0.10305496722661524	0.12989826745373026	0.24140623312163575
56000	-1607.7345092588525	-1448.0657069558688	-159.66880230298366	0.06871687775215198	0.09248693134322597	0.08697198655320237	0.3077679741000231
57000	-1650.622487428738	-1494.8977714906237	-155.72471593811426	0.12228357188122173	0.09940630676249695	0.0949247154837084	0.0935275303888129
58000	-1606.300446450658	-1447.3176724084797	-158.98277404217825	0.118391967299294	0.10451711522755655	0.06068164962659809	0.21986890846481805
59000	-1607.736259316665	-1445.3409009347815	-162.39535838188337	0.09884127802356701	0.06528709280285455	0.05396800895594084	0.1927928832964713
60000	-1612.7615810697146	-1455.8110122831774	-156.9505687865372	0.12602452074279993	0.13100146679303395	0.14049769558780467	0.18742090254559585
61000	-1601.9223888098365	-1442.6893811808727	-159.23300762896386	0.07498703480727154	0.08887539321209642	0.142954275051924	0.29943272687042305
62000	-1602.7001720553576	-1445.2878404272635	-157.412331628094	0.10371264054259724	0.10926362517297657	0.11587229966868268	0.2356354307896171
63000	-1572.200204669302	-1405.7638401539944	-166.43636451530745	0.1801273356355479	0.07110827813230923	0.05736248424962904	0.6968124602363052
64000	-1584.6411141665233	-1424.876894692593	-159.76421947393035	0.09483570988490542	0.06868527870551165	0.13002848101961254	0.393201471397379
65000	-1600.7030759163863	-1443.6390853990688	-157.06399051731762	0.1013434388932215	0.10223199165848097	0.11497281170768112	0.23643711554424587
66000	-1582.8291353501252	-1424.0625662051352	-158.76656914499003	0.1285183797778779	0.07793988179978646	0.11364072995307896	0.30338514477551565
67000	-1578.4816919096843	-1416.85848707991	-161.62320482977424	0.16056100673164317	0.07678269668935335	0.060747194466018194	0.37077946836416315
68000	-1606.8632717808914	-1448.1140370180813	-158.7492347628102	0.10349738176244923	0.057046391395883196	0.127690672275895	0.13891340086938705
69000	-1571.8778551941052	-1410.5753051254396	-161.30255006866557	0.16775081297455752	0.08406127847437597	0.14336570158994782	0.5736856371583924
70000	-1603.6942814428282	-1444.7341026355932	-158.96017880723508	0.10956739403374419	0.10530081290863359	0.12703798676997027	0.21772673536787743
71000	-1570.3660703052105	-1407.2211908279955	-163.14487947721503	0.16504466334575932	0.07941039875591771	0.1598360863117751	1.072556288685163
72000	-1597.1263297217592	-1439.4378379183408	-157.68849180341837	0.1039364989789351	0.08507768144583487	0.12307623011705911	0.2214973548805113
73000	-1586.620166828448	-1426.6205386211063	-159.99962820734154	0.11166647302362234	0.08853197153194838	0.06952796973028087	0.37624962725176314
74000	-1577.3966990793087	-1417.6057211566936	-159.79097792261516	0.11844346372439421	0.08609224228233558	0.12040898649695946	0.6244686802702604
75000	-1573.645341881537	-1413.4321918806381	-160.21315000089885	0.13190596263689222	0.08589687161119156	0.12498861014123835	0.8640813772312539
76000	-1574.7341384412143	-1410.3123575188938	-164.42178092232058	0.14591449285309485	0.04688505150740327	0.16971258979514356	0.36772562101835826
77000	-1587.0929542479166	-1427.1590192530107	-159.93393499490602	0.09093010726151968	0.08884247285409458	0.1457392981447149	0.5590234466528561
78000	-1581.579369116252	-1420.5033422825168	-161.07602683373545	0.12727057356568375	0.10175903273608067	0.09865642373121765	0.5756804692143397
79000	-1608.2716873451438	-1451.4730492483686	-156.79863809677514	0.14143970625691216	0.09061873331411614	0.11062455586401054	0.1578307587988361
80000	-1596.6406903575878	-1437.9625008595285	-158.67818949805925	0.0881332606234637	0.10686952881799691	0.14716920501705388	0.36635304325804297
81000	-1574.404791793809	-1414.850982826793	-159.5538089670161	0.13052934419691462	0.0875343489702936	0.11555210010865026	0.7030204002590547
82000	-1587.0516901961091	-1425.7204831374931	-161.33120705861597	0.14397795784654704	0.13856450652607077	0.06987324620817004	0.8584520837368306
83000	-1583.9026248854038	-1425.384987013274	-158.51763787212985	0.1415193785598804	0.10005365704625821	0.15716263057339463	0.32610745631016436
84000	-1590.2140432767198	-1429.7076893934411	-160.50635388327876	0.0841045514835117	0.058886902858291075	0.1202647913169521	0.3346535462095596
85000	-1584.4717282905067	-1425.7882503968783	-158.68347789362826	0.16144514632917567	0.10890566948024817	0.09600869255590577	0.3524823352715977
86000	-1577.0462598234185	-1418.0500910978792	-158.9961687255394	0.16121882869371318	0.08655096853504755	0.11813386370397005	0.36877334635248765
87000	-1586.547576601524	-1427.8732204814805	-158.67435612004343	0.16135129748303398	0.09880420704310215	0.09540099182237079	0.29406399709435144
88000	-1573.2871277750567	-1409.000062048986	-164.2870657260707	0.21006886575638192	0.09586812272953066	0.13952759671794102	1.1261843675098848
89000	-1587.2083517075819	-1424.870556871073	-162.337794836509	0.12129921911555601	0.06390756202732101	0.06948598844930073	0.2875551411313218
90000	-1574.370066762827	-1414.8992045355365	-159.47086222729052	0.14489038237613605	0.07543158502609619	0.10448669764495364	0.41823078616527465
91000	-1572.0857058612944	-1409.608210721141	-162.47749514015354	0.11975292737564487	0.058515171196351905	0.10620048225708467	1.1663789957158925
92000	-1577.5003350820261	-1414.7930802281717	-162.7072548538545	0.14253908473268126	0.0988638673568959	0.12503888634173158	0.9386472450199528
93000	-1589.4028435475402	-1431.7047552637143	-157.6980882838259	0.12396549924686986	0.08023609639533029	0.11784941572618905	0.24042825174730265
94000	-1617.3603688458074	-1457.3064103641166	-160.05395848169098	0.09266909935695071	0.08537347988950966	0.09565517637768818	0.1594924672821848
95000	-1597.183200913673	-1439.1519551326187	-158.0312457810544	0.12208893001347222	0.12170114924495859	0.1289450247351278	0.28206834749688137
96000	-1592.796783771104	-1428.8482003909712	-163.94858338013262	0.07851122647752834	0.07514241474186056	0.08225440208101313	0.625666154903815
97000	-1598.3266990707475	-1438.8335312715694	-159.49316779917797	0.11526147761193525	0.12634167559218784	0.06445630178666058	0.3433746587315222
98000	-1602.841560995683	-1441.9994932320571	-160.8420677636259	0.12367138407473331	0.09903527143033015	0.0558718322287532	0.23615885385652063
99000	-1570.4271097023156	-1408.1047073612995	-162.32240234101621	0.14899910086977428	0.049362498632020184	0.10156887053698312	0.45623441345419496
100000	-1614.1819122940979	-1455.7109122637744	-158.47100003032338	0.12740585069759594	0.055519218266264755	0.10511082897140138	0.11822650895692105
