#
#model:
#
#<?xml version="1.0" encoding="UTF-8" standalone="no"?><input id="posterior" spec="beast.core.util.CompoundDistribution">
#    <distribution id="prior" spec="beast.core.util.CompoundDistribution">
#        <prior id="lambdaPrior.Ai" name="distribution">
#            <parameter id="lambda" lower="0.0" name="x" spec="beast.core.parameter.RealParameter">10.0</parameter>
#            <Gamma id="Gamma.0" name="distr">
#                <parameter estimate="false" id="RealParameter.1" name="alpha" spec="beast.core.parameter.RealParameter">2.0</parameter>
#                <parameter estimate="false" id="RealParameter.2" name="beta" spec="beast.core.parameter.RealParameter">200.0</parameter>
#            </Gamma>
#        </prior>
#        <distribution id="snapprior.Ai" lambda="@lambda" spec="snap.likelihood.SnAPPrior">
#            <parameter estimate="false" id="alpha" lower="0.0" name="alpha" spec="beast.core.parameter.RealParameter">11.75</parameter>
#            <parameter estimate="false" id="beta" lower="0.0" name="beta" spec="beast.core.parameter.RealParameter">109.73</parameter>
#            <parameter estimate="false" id="kappa" lower="0.0" name="kappa" spec="beast.core.parameter.RealParameter">1.0</parameter>
#            <parameter id="coalescenceRate" name="coalescenceRate" spec="beast.core.parameter.RealParameter">10.0</parameter>
#            <tree clusterType="upgma" id="Tree.Ai" nodetype="snap.NodeData" spec="beast.util.ClusterTree">
#                <taxa dataType="integerdata" id="snap.Ai" spec="snap.Data">
#                    <taxonset id="SthBarrington" spec="beast.evolution.alignment.TaxonSet">
#                        <taxon id="SthBarrington_BT10a1" spec="beast.evolution.alignment.Taxon"/>
#                        <taxon id="SthBarrington_BT8a1" spec="beast.evolution.alignment.Taxon"/>
#                        <taxon id="SthBarrington_BT9c1" spec="beast.evolution.alignment.Taxon"/>
#                    </taxonset>
#                    <taxonset id="MtWilson" spec="beast.evolution.alignment.TaxonSet">
#                        <taxon id="MtWilson_MW12bm" spec="beast.evolution.alignment.Taxon"/>
#                        <taxon id="MtWilson_MW5bm" spec="beast.evolution.alignment.Taxon"/>
#                    </taxonset>
#                    <taxonset id="Termeil" spec="beast.evolution.alignment.TaxonSet">
#                        <taxon id="Termeil_Te3bf" spec="beast.evolution.alignment.Taxon"/>
#                        <taxon id="Termeil_Te3c1" spec="beast.evolution.alignment.Taxon"/>
#                    </taxonset>
#                    <taxonset id="Broadwater" spec="beast.evolution.alignment.TaxonSet">
#                        <taxon id="Broadwater_BW10af" spec="beast.evolution.alignment.Taxon"/>
#                        <taxon id="Broadwater_BW19cf" spec="beast.evolution.alignment.Taxon"/>
#                        <taxon id="Broadwater_BW31am" spec="beast.evolution.alignment.Taxon"/>
#                    </taxonset>
#                    <taxonset id="Kerewong" spec="beast.evolution.alignment.TaxonSet">
#                        <taxon id="Kerewong_Ke18dm" spec="beast.evolution.alignment.Taxon"/>
#                        <taxon id="Kerewong_Ke21b1" spec="beast.evolution.alignment.Taxon"/>
#                    </taxonset>
#                    <taxonset id="Dampier" spec="beast.evolution.alignment.TaxonSet">
#                        <taxon id="Dampier_Da11a2" spec="beast.evolution.alignment.Taxon"/>
#                        <taxon id="Dampier_Da19a1" spec="beast.evolution.alignment.Taxon"/>
#                    </taxonset>
#                    <taxonset id="MaresForest" spec="beast.evolution.alignment.TaxonSet">
#                        <taxon id="MaresForest_MF13a1" spec="beast.evolution.alignment.Taxon"/>
#                        <taxon id="MaresForest_MF17am" spec="beast.evolution.alignment.Taxon"/>
#                    </taxonset>
#                    <taxonset id="Olney" spec="beast.evolution.alignment.TaxonSet">
#                        <taxon id="Olney_Ol20bm" spec="beast.evolution.alignment.Taxon"/>
#                        <taxon id="Olney_Ol4bm" spec="beast.evolution.alignment.Taxon"/>
#                    </taxonset>
#                    <taxonset id="NthBarrington" spec="beast.evolution.alignment.TaxonSet">
#                        <taxon id="NthBarrington_BT4a2" spec="beast.evolution.alignment.Taxon"/>
#                        <taxon id="NthBarrington_BT6a1" spec="beast.evolution.alignment.Taxon"/>
#                    </taxonset>
#                    <taxonset id="Cumberland" spec="beast.evolution.alignment.TaxonSet">
#                        <taxon id="Cumberland_Cu12a1" spec="beast.evolution.alignment.Taxon"/>
#                        <taxon id="Cumberland_Cu6a1" spec="beast.evolution.alignment.Taxon"/>
#                    </taxonset>
#                    <taxonset id="Dorrigo" spec="beast.evolution.alignment.TaxonSet">
#                        <taxon id="Dorrigo_Do2c2" spec="beast.evolution.alignment.Taxon"/>
#                        <taxon id="Dorrigo_Do5bm" spec="beast.evolution.alignment.Taxon"/>
#                    </taxonset>
#                </taxa>
#                <parameter id="RealParameter.0" lower="0.0" name="clock.rate" spec="beast.core.parameter.RealParameter" upper="0.0">1.0</parameter>
#            </tree>
#        </distribution>
#    </distribution>
#    <distribution id="likelihood" spec="beast.core.util.CompoundDistribution">
#        <distribution data="@snap.Ai" id="treeLikelihood.Ai" pattern="coalescenceRate" spec="snap.likelihood.SnAPTreeLikelihood" tree="@Tree.Ai">
#            <siteModel id="MutationSiteModel.Ai" spec="beast.evolution.sitemodel.SiteModel">
#                <parameter estimate="false" id="mutationRate" name="mutationRate" spec="beast.core.parameter.RealParameter">1.0</parameter>
#                <parameter estimate="false" id="shape" name="shape" spec="beast.core.parameter.RealParameter">2.0</parameter>
#                <parameter estimate="false" id="proportionInvariant" name="proportionInvariant" spec="beast.core.parameter.RealParameter">0.0</parameter>
#                <substModel coalescenceRate="@coalescenceRate" id="MutationModel" spec="snap.likelihood.SnapSubstitutionModel">
#                    <parameter estimate="false" id="u" lower="0.0" name="mutationRateU" spec="beast.core.parameter.RealParameter">1.7346278317152102</parameter>
#                    <parameter id="v" lower="0.0" name="mutationRateV" spec="beast.core.parameter.RealParameter">0.7024901703800787</parameter>
#                </substModel>
#            </siteModel>
#        </distribution>
#    </distribution>
#</input>
#
Sample	posterior	likelihood	prior	theta0	theta1	theta2	theta3	theta4	theta5	theta6	theta7	theta8	theta9	theta10	theta11	theta12	theta13	theta14	theta15	theta16	theta17	theta18	theta19	theta20	TreeHeightLogger
0	-2031.4583908918985	-987.6463108167308	-1043.8120800751676	0.08266640911557456	0.11508408927042972	0.14719560797647074	0.08022840097855423	0.09105765184253926	0.11584634123613805	0.0756960208201006	0.07242752631506953	0.03358191180878047	0.1326186015462449	0.09206398066672158	0.11106128156699854	0.1560368194519709	0.06566817750668275	0.0755590895014881	0.11023072438659941	0.06077487617726232	0.08479955481674517	0.1039464737376326	0.1514866519756819	0.17656223240446456	0.3629273435164013
1000	-2045.5413386656257	-994.0415519987616	-1051.499786666864	0.11319580069766835	0.14405593892833407	0.09009920336354878	0.08080623263470806	0.08134329711083174	0.11095360137012311	0.10916494585081274	0.1469691237662426	0.03994239953139783	0.07456331186987852	0.13339533908231743	0.11980634209704633	0.13265831961864175	0.02002556664660368	0.08762910683849226	0.13446381054389053	0.058260782314117375	0.06727057018919726	0.07337552953502754	0.10879628788936659	0.12164257771581496	0.3665737960656351
2000	-2048.4532529474845	-996.7885973896649	-1051.6646555578195	0.08531395400953302	0.10597958512776132	0.10689815238773721	0.06111705621621543	0.10442324959612174	0.12769515226140765	0.07457616581197002	0.11760889819995911	0.06881621430821348	0.08124450516905711	0.11945926017478845	0.10198260029982677	0.06817777286416034	0.04067366212898373	0.15094423105773183	0.08932149981521773	0.061496769863581935	0.08511548465112782	0.04296331313677339	0.06681806736934028	0.12371293598388299	0.510018304318377
3000	-2027.8117227103596	-979.7551531614636	-1048.056569548896	0.11020799414896548	0.1232708240233971	0.08931923435586131	0.05678635758836495	0.13031703963428035	0.09389663982930965	0.09677106825553212	0.14927218059792893	0.09110462555174795	0.08349715983744418	0.13886802503263715	0.11389776270299554	0.04511629321720152	0.05132828732143486	0.08592519001628482	0.08676582159182059	0.08801593668781929	0.11898785744187987	0.133958294832028	0.05509211097025555	0.09926812575860025	0.6698411437448181
4000	-2024.96358930598	-978.1519081765992	-1046.8116811293805	0.06883302859332312	0.1013529274903756	0.07964645181572559	0.05767513197985456	0.17313130036059637	0.09565846262551951	0.10313529895633744	0.08601196516698342	0.055811358873182705	0.08937170045912174	0.09206797249822031	0.07326871740385166	0.06234177990808441	0.07079896878149194	0.07976571123345959	0.08299283425779615	0.08344321541386071	0.1027062152888243	0.1313061058221847	0.08121451580931341	0.13568993909752572	0.565203387785483
5000	-2035.3133363776037	-994.8385884391369	-1040.4747479384669	0.07009523026833316	0.18476788101063307	0.10233235559316992	0.052498627520034175	0.07297255103953212	0.11949592491351814	0.1435150400339848	0.09657151645976152	0.08343221938153003	0.0825955749863685	0.1059756744920141	0.11363590229561484	0.07838749311601917	0.06533990266928473	0.10397630612123024	0.13876870752725518	0.04135005877944551	0.13714058696152437	0.12101686834088561	0.10097812609194333	0.1236829927875615	0.29265752314389676
6000	-2030.832525612599	-990.8206384738148	-1040.0118871387842	0.08571271656564282	0.12234790285010053	0.06071558104684252	0.07753706695524726	0.09275175876938781	0.11388796836294289	0.09112142120410044	0.1126601591728626	0.08091124341466702	0.10009820028355544	0.07329358177569774	0.08087945601207225	0.10600050897353261	0.04805058287042114	0.071998596315139	0.1299494311802593	0.06513792530290402	0.11339751967254383	0.12843725921107702	0.10516230300313803	0.07881177784547164	0.37239251112035004
7000	-2032.1603556855398	-977.0863840657781	-1055.0739716197618	0.08896717420120163	0.10426680883058347	0.10851914761759965	0.051145132040643124	0.12972887701811045	0.10019892361549212	0.07070288812221674	0.1034020715652968	0.041990876560404844	0.13127836652646388	0.0706250499135846	0.058795825243220794	0.09479061015367277	0.024395916596251958	0.10019174343708323	0.12246956442493157	0.0834138831658416	0.10429646857653774	0.07371449245609316	0.07262790937294915	0.11261377268913368	0.4676950753422482
8000	-2028.7881471719395	-983.9047198888625	-1044.883427283077	0.05164987413363671	0.08812184452307911	0.07854204477724502	0.08032444605683307	0.1369868282339187	0.10758406862612267	0.052745314421433494	0.1147226922672709	0.0662270547267684	0.09470778577753769	0.10359864358996385	0.08464882629015652	0.1557414096525643	0.04883163075621012	0.10460239859265244	0.10505149558239098	0.10729941451545942	0.1335433604688695	0.1033597788356589	0.05747282864277392	0.10757230257864997	0.4195212254997667
9000	-2029.3231192696653	-984.1142757728622	-1045.208843496803	0.06612945391124785	0.100107984951129	0.10120680294069424	0.08172388942997158	0.10541288650882337	0.09765047379453759	0.1252583505806032	0.11572649753077324	0.05198284070760096	0.1397720787544907	0.08787238944186619	0.10423516245729471	0.1373843191231924	0.05548554078841993	0.07811830918125282	0.06387628203771278	0.07731322520791235	0.07588887124850868	0.09160659150701765	0.057953828450975235	0.1428397228806247	0.4593674565337917
10000	-2027.6194037128898	-971.5940317999332	-1056.0253719129566	0.07529140326944413	0.08593864001347615	0.07456992550529491	0.0484780015383991	0.07438155776450411	0.0879299197105772	0.06986929717534675	0.17239308184885038	0.04456180344731237	0.1392432529592569	0.08296589607304342	0.1591671732053222	0.10889864169855767	0.04562622801770961	0.05497400510007006	0.10715075611605404	0.12133123555481361	0.08110501986323368	0.060496214840551545	0.11901157924746335	0.14555772624123536	0.5128241111808596
11000	-2032.2664278989328	-988.6043543950744	-1043.6620735038582	0.09504090662055442	0.08492986455132331	0.07836658992715866	0.09389008134246304	0.09027746437315429	0.1244227030910601	0.0983150093283663	0.11494235711491062	0.06868042111637787	0.16576309314378268	0.12348369286019177	0.08729826257774981	0.05140751669224483	0.0646038711488273	0.12658248933045954	0.09971066406991587	0.12613323565984796	0.09672084046642465	0.05838762192941668	0.08404899191711897	0.08748714205597823	0.5528767155366645
12000	-2029.3811878404026	-975.8758929831306	-1053.505294857272	0.06605724214949192	0.1391291970747106	0.11657541434268112	0.08414985767353085	0.11898660965029997	0.08861148856473569	0.07215669554678907	0.15236696256391952	0.09785363369935103	0.09708743951364474	0.046448829864981535	0.09505517026534391	0.10410934018731714	0.04335439417011836	0.08005973693052143	0.049867627807347	0.10274146323127549	0.2157906720050586	0.07823827573395814	0.09251647002902236	0.1204359423196903	0.6132764851677124
13000	-2024.3401835264121	-987.9514221018784	-1036.3887614245339	0.049247514088339675	0.09534102354142408	0.12743525785819365	0.06083027284644222	0.09615609017365859	0.1032846001677207	0.08044933846262667	0.1257249436168431	0.12736717850255136	0.15094101596899479	0.11519211920309036	0.14603190513535633	0.13540875595142618	0.06298788375158886	0.10181931945350452	0.1004549352009281	0.0895994359385432	0.09755782265081579	0.10859156964790208	0.07378639658789712	0.16303939361092615	0.3261434180268142
14000	-2036.4140401872157	-987.4523206254046	-1048.9617195618112	0.09611577966596589	0.11176043096501649	0.14488101589605942	0.06537323803595521	0.16277827406521464	0.07858059410576874	0.1052879287228329	0.1430393103000988	0.05806327929758069	0.185361589396438	0.07987828726356126	0.1598553481008168	0.1044071680908677	0.024308371429630805	0.054569237673524534	0.12163816861062605	0.06168181569766039	0.12003106187909288	0.09002882894514737	0.14895537070723075	0.12092431280987972	0.31289121469475967
15000	-2046.7518726745539	-997.5126212325587	-1049.239251441995	0.10177607034583833	0.07850849017999305	0.1061443046777399	0.05577874106090485	0.09991924016078	0.08108551368683145	0.09219612537368153	0.08990465772958373	0.16413162572438467	0.12099706716939775	0.11212740013187067	0.11552998365492938	0.1172959479988222	0.027805027526899312	0.06336215080466362	0.09364210601118692	0.12206285408516818	0.05432966028418723	0.1011790449131117	0.08202066045112492	0.05995174278148854	0.40565179909136
16000	-2034.7215320449782	-992.0392509416914	-1042.6822811032866	0.06512196796610835	0.2272248840578026	0.08628885874563846	0.05573878692143481	0.08757837418339859	0.13663953668978124	0.1228002518426011	0.13007734428234127	0.12959633115906405	0.1593282002573922	0.0783389963759318	0.08407025057016297	0.11914696041328851	0.06580212289871513	0.07064239155109407	0.09190625755652834	0.08707472504575187	0.07621720321418159	0.12875693381047076	0.07913496901050664	0.09431740131755496	0.3697678165685495
17000	-2027.2062107200347	-974.6406154678843	-1052.5655952521504	0.053261431755965545	0.1410049363074234	0.07284644196092631	0.08468276197172046	0.07332134429990353	0.08680457918146878	0.09651548381358778	0.160039128931367	0.14529591190680954	0.0936263669242176	0.05675668444689749	0.12305991293470109	0.0656986085439998	0.040289572170200134	0.10429180121989083	0.0725990234687173	0.07437776407796313	0.09265291097625546	0.08502613395620531	0.052070856638616554	0.12067542527989779	0.48275964450513514
18000	-2031.8972620850864	-991.6692950714576	-1040.2279670136288	0.06932931733073797	0.12191087217259029	0.13958789400917357	0.0722206845454781	0.07792989186932846	0.11346131019478078	0.07433171266858601	0.10021072354420502	0.12571028121137032	0.12328469333014805	0.08838706579228901	0.09814131415028139	0.058225287457979766	0.06293169711337088	0.09299698575925516	0.10748652899272525	0.06366601316613818	0.07905286052869492	0.11861881487844801	0.0705378056188914	0.11362645391582714	0.34982035606322465
19000	-2039.8344171395647	-983.9597915168678	-1055.8746256226968	0.06658402562578875	0.10929522910339688	0.07569174492469448	0.07037227837730496	0.10220643361989142	0.10907824031890677	0.07572427373006473	0.07316884198862862	0.028258948117260613	0.09174171310913747	0.08969125350287944	0.06316301988101301	0.066522292704955	0.04673967371938034	0.07802058712498644	0.08877665422423016	0.0834396867405339	0.14337458145701157	0.05234586054079445	0.0920548496527385	0.16337321683035247	0.3740719823445824
20000	-2033.8038081344853	-988.3351116058537	-1045.4686965286317	0.05590461443890912	0.08521683986418131	0.10981813327991573	0.12496395734407884	0.09177273822180779	0.12126946717096704	0.08163240504905829	0.11369916693721416	0.06322788780636733	0.14435233111565715	0.039997842509173216	0.0937760642494686	0.06996092811492464	0.04526839271626061	0.1210515955029017	0.09529255115160835	0.13200109342948763	0.11301601972353069	0.07455823662642112	0.08059910956814821	0.14800768566081357	0.34487976705591017
21000	-2039.5292524569181	-993.6923006157723	-1045.8369518411457	0.210830752819841	0.09400977669676737	0.1423449362557622	0.11892527803155509	0.07693792421774413	0.07489324084576085	0.08674495967071189	0.116099870287953	0.10479433175425548	0.1345891624023355	0.10335141359448938	0.12567980680329852	0.06097058650172301	0.03891526427379311	0.09171765303828443	0.07248763932909082	0.09045465000539098	0.11681321459076346	0.11555110484393659	0.10468563973657996	0.0698961734250247	0.5156653183887118
22000	-2040.894203535699	-993.3888427655633	-1047.505360770136	0.07358505887782554	0.10747624170475985	0.09510947808474018	0.033284223713309524	0.11120431885726569	0.1191864169512107	0.13321745069370586	0.06566246667636257	0.12016360835558394	0.13233124924433468	0.045953077485293106	0.10495704441723461	0.08584770243767004	0.039549361536698434	0.09426264407591264	0.08218549230731172	0.07771527721665161	0.08472761121904261	0.15839514980952404	0.09967990243578044	0.11766702713409369	0.30074144612831216
23000	-2043.6897500528664	-1007.5075930975438	-1036.1821569553226	0.06723485612409631	0.08408890190874886	0.0916032394346891	0.053511889179022984	0.09596295388199025	0.09515764686403858	0.09962611817133918	0.09447678332026944	0.11475703253695314	0.11707037394891175	0.12968633722057832	0.13474957385519487	0.06246381632817389	0.07566951189719788	0.13014514062005783	0.10454625051927095	0.05539226738803797	0.09037128187831642	0.11734941949027636	0.1217482543942004	0.1718676876976098	0.24164786094100543
24000	-2032.808995822104	-988.1623987218956	-1044.6465971002085	0.15742018830737617	0.12738294570254316	0.13587420934539154	0.0820305574452107	0.0658752032620142	0.1065424002576131	0.13905728018676114	0.10205718405574404	0.05314686165950947	0.12502784207776402	0.16096752763036298	0.1090312762699432	0.06629597112355448	0.038007153362114424	0.1265976153840312	0.1214474137622218	0.06699221614311018	0.10084802885926904	0.07362171627378158	0.1057062204529803	0.131958266313998	0.4121225924541436
25000	-2034.6415827710985	-979.7160095826258	-1054.9255731884725	0.06839004791388556	0.08160208068436921	0.10119943995486712	0.043176076727651495	0.06373634657182224	0.11746710110652785	0.1409673329110437	0.08663722241810867	0.07923555564210141	0.13797712932725148	0.09468722309108546	0.11114102396092189	0.03452187951775621	0.06436084064499235	0.0712291680543732	0.07451889980182361	0.06998517658598714	0.15680755095614735	0.061489016900733315	0.07503808889310931	0.1250556622248993	0.5162424060881644
26000	-2038.5087981944625	-993.7591442030657	-1044.7496539913968	0.09320015768565046	0.128473155686844	0.09988401460668297	0.08642013536789564	0.08405465911812021	0.09491038780015926	0.08188151680059812	0.12211099824712478	0.06978390601989719	0.12411982809700077	0.06388460674397517	0.08589365524240727	0.10284421803036016	0.05269996528861014	0.08146885864875604	0.19658300399608783	0.05477812343171741	0.11360142010178476	0.07582633194895967	0.16150405931649003	0.15958620168774346	0.4098627822779985
27000	-2028.8345172570912	-980.0895510147685	-1048.7449662423226	0.11737072630170137	0.10699727125716207	0.11284361728722954	0.06554034875683724	0.06547305933711788	0.14454756016548143	0.08493853662333942	0.08700698682822289	0.09411518729097165	0.09605691697167136	0.11083564946877261	0.13297132106182616	0.12061609855893746	0.04194512416817812	0.09300732377641456	0.0724128501425213	0.06770359332097091	0.07900964788212425	0.038567008755386135	0.08886290707787715	0.08683813084711782	0.49911890825227884
28000	-2036.8242178743646	-990.3837161085003	-1046.4405017658644	0.08345056537601167	0.1703506461530275	0.10101208586088309	0.09983158171390648	0.07334035793872863	0.08886420065710424	0.11644994560793485	0.13406869137689054	0.08044484815759374	0.07087570491222377	0.046264277756594925	0.08688838636521315	0.0933738887983504	0.05907526072648946	0.08934220877350263	0.1534201653676207	0.06674323850726184	0.12799538933107218	0.10054378383665269	0.10128727345090416	0.09163882732477578	0.5147184650999467
29000	-2028.1270066037669	-979.1686701903195	-1048.9583364134473	0.09123320991558466	0.09218510046133227	0.15711277965456286	0.06699097626367115	0.16419630723957104	0.10720999632668973	0.11313019155771611	0.08973648169342012	0.0640582421443788	0.1017220712266335	0.05260393336176451	0.10989004924087101	0.07461745184561083	0.037281082419331674	0.06426952751038371	0.10150978241885653	0.12113531544992348	0.09637833510632134	0.11398173190663308	0.06718916932333738	0.11955403349071747	0.5769557391918665
30000	-2040.6005158238154	-989.0331525013831	-1051.5673633224324	0.0811482638298175	0.07022003945415291	0.05675277963569753	0.035890634111635664	0.14775193221388525	0.0921293621060789	0.09456750486744282	0.14803925125078324	0.04922477021613684	0.14972171229049622	0.11379288758224562	0.17785319322530385	0.09301478101583395	0.05352916313381984	0.12704196269980564	0.12775392839147595	0.07501961622662226	0.09631072139239097	0.11686063383034286	0.1020320995402995	0.18970179952619046	0.4378176575929701
31000	-2026.0296310692033	-976.1098233908502	-1049.9198076783532	0.11620560874629896	0.08172287407340847	0.13018744451008327	0.0556467158004225	0.0957209920941151	0.11170712439964675	0.10308438955667405	0.12833348810894002	0.06477224290537772	0.12641583936312006	0.06692814186510575	0.10098442850066133	0.12258323899959067	0.04332333412552917	0.0644109494695333	0.08652324522986905	0.09373025950775318	0.09075274980784087	0.12422680097782521	0.09018305673023244	0.1260417896094648	0.8780581156971637
32000	-2035.631607759495	-986.1386729223036	-1049.4929348371913	0.062304687267256374	0.13606864681959224	0.051998786458301464	0.05683780848844543	0.0795735796265412	0.11095039671382055	0.08588097639274718	0.09295217835494077	0.10587747154550776	0.0901831302697593	0.09880038545664148	0.07100760339405612	0.14157281734289034	0.048609883707735786	0.12845106837198234	0.06281531391953356	0.051631339858945996	0.14948076117108142	0.09296012921181573	0.05643375513131785	0.0955298506830441	0.3614873368126806
33000	-2036.2970160330856	-990.2389211837605	-1046.058094849325	0.08495241251612104	0.08608760676925017	0.13634336129884458	0.06356254318722206	0.061584053985936346	0.06253366951420514	0.16672214492007356	0.09130106819688533	0.09555291584736143	0.0798263672021628	0.07718891501361622	0.1649184704222331	0.09201810317263195	0.0558859223878584	0.09208663832579772	0.1299509564626898	0.10193663219067374	0.0953268888934506	0.08988533807917085	0.11508124602551868	0.13989852156254384	0.5072296681141815
34000	-2025.0561984186631	-973.7982839840586	-1051.2579144346046	0.05172799817170044	0.12574874633886132	0.14864619605663912	0.04406238905042996	0.13065874371882813	0.10681109936998233	0.09960845635695885	0.1261173773275267	0.04605659912967694	0.12518808204183918	0.13329999215662688	0.1272434698542781	0.09710095633400902	0.032560177785176045	0.07048038013187513	0.10666937618528573	0.08811027962699713	0.11434217821494921	0.09238893912421461	0.06801557782792371	0.1771853740843544	0.45087733261679835
35000	-2036.9367648235166	-976.6098423203551	-1060.3269225031615	0.04893156137969012	0.1820489259250171	0.12763949877403719	0.055549305139731324	0.08197641802138965	0.09928359848706918	0.08510333853245325	0.05237895718576923	0.02243798593068792	0.10570911313052139	0.062040333850095906	0.10887928351688526	0.0869923625693817	0.05223978544578208	0.06840627778197678	0.12589720485612368	0.0577788668216184	0.07233006335133538	0.13457868331677408	0.12598460828635308	0.11512120067896212	0.4100780966444109
36000	-2044.144586343368	-994.58475022873	-1049.559836114638	0.1035522767396409	0.09252012139844788	0.09327055713189017	0.04594558143162586	0.09705118777000125	0.16074323269299517	0.058547495671470766	0.14532898411182635	0.08414479071964169	0.13303021255073305	0.07636328989046337	0.044018606318115765	0.12782800540353606	0.053029855690687404	0.0841477389620445	0.080747095270421	0.12015110582924039	0.08320617620838831	0.06680396435052782	0.14649496618684613	0.09447510170347133	0.3554957810159407
37000	-2028.6543074677138	-990.6095971547195	-1038.0447103129943	0.11138042184601975	0.14895869024657588	0.12233068339260668	0.08503619224866792	0.0964246429889866	0.11596024002062155	0.08590561853603185	0.07549293088713478	0.0516416912546903	0.10227876699210071	0.08155653960805835	0.10990318596438944	0.07907780952917169	0.06775742072064737	0.11791471883684133	0.11421166192383145	0.08358111057173252	0.09442515603101666	0.07017657914161379	0.10871813038175364	0.11139373395571832	0.39024251315434744
38000	-2031.4253506595796	-983.028325030126	-1048.3970256294535	0.04906217180357786	0.11836222163197038	0.10379237940261125	0.1085493352322726	0.1472623989674349	0.1558320771620892	0.09949759345684492	0.08321535207331546	0.09832840918073674	0.09689456666608552	0.05434393015496922	0.08945179486899656	0.11618028135971042	0.02748838583441968	0.06768768966196774	0.08634531947087634	0.08448190686935356	0.12630038300377336	0.11213573376931887	0.13214805826960332	0.06902276171496859	0.4163469641080691
39000	-2037.848895840858	-979.6971519058162	-1058.1517439350418	0.051206025653237716	0.17876831694126333	0.1457294343256246	0.06749497662751285	0.06643723570771852	0.14236934361319184	0.0853554484083034	0.14358705585876008	0.06077597328190929	0.11607014720470266	0.06879724868034194	0.07259936809231718	0.07999760903521222	0.04161329200254134	0.060556713524932755	0.06866016469334277	0.08349010578537196	0.06998326391715651	0.11034632921905228	0.11384113416616562	0.06584073139867005	0.644025830321743
40000	-2035.867965586514	-991.8026516466019	-1044.065313939912	0.07595590920061134	0.11148334768861408	0.08567030140549864	0.07371056947672891	0.10277852773177312	0.08729193472989559	0.09776030592508074	0.08294896874292162	0.1331136525906932	0.15991044937294313	0.04266646814375693	0.1012526174859305	0.14766864769792615	0.05333988050123673	0.09939015645421982	0.14140455347618686	0.08691678837425292	0.07847730453918078	0.09176294603952317	0.08329256206825568	0.09892241163306473	0.4545876005516106
41000	-2032.0347130194218	-982.795076424141	-1049.239636595281	0.11186370598310065	0.09000742893105683	0.04754630610668179	0.061011855283794374	0.09240259659271255	0.05922333564222299	0.11276518785249738	0.1476642693378495	0.08438846463829332	0.1007979843368246	0.08650302010781154	0.07561341920611793	0.08847871519865752	0.0635201844658992	0.06946075561511798	0.07725104602877264	0.07578052844256274	0.13171412400186472	0.09796113460961631	0.05483780419107318	0.1521602768545651	0.5094888364105981
42000	-2038.231618397398	-990.4932308180759	-1047.7383875793223	0.08929279573404446	0.16581977118534716	0.12941492743508606	0.08540731670356883	0.09174798693498844	0.07619346097274396	0.1189234419405728	0.13912154859562828	0.13298960943588603	0.09102355585251413	0.15122862903750608	0.06855554126119999	0.06701908505629947	0.03794484568917001	0.08380361625503996	0.16082678794473465	0.05803360655646026	0.08303340126298064	0.10941541600388749	0.08168533909144884	0.12213649818969648	0.6100731852326357
43000	-2028.200188573678	-988.8429412264736	-1039.3572473472043	0.0806202688941747	0.13204708134101686	0.08513087444093807	0.10459380014060958	0.07204551692201555	0.08306141544404601	0.08860669146379936	0.10080031780649296	0.097758040231634	0.10353309703345462	0.09387934674631337	0.10281317405402678	0.10068275513245412	0.05670200222578352	0.045669823654539664	0.10263292724833042	0.07967147232698912	0.12241159386956978	0.0890250624497884	0.1055465029683085	0.13336457038946933	0.4371643680013354
44000	-2037.8125129919858	-966.2779945662863	-1071.5345184256994	0.059079728965400605	0.14084265986148115	0.04748423034945074	0.09539957721137285	0.055459218739103096	0.10487849894964409	0.07200257032494368	0.21994875219497098	0.03908408455837391	0.09660961879994434	0.05345960118659995	0.11128829531955076	0.05052316933491229	0.05127731244009845	0.044347521192812815	0.0572979069759215	0.11049689770398029	0.06798433555831893	0.11547397823357039	0.08683078895737367	0.07824189264355785	0.7746795646165278
45000	-2031.0777852474994	-989.7670018394821	-1041.3107834080172	0.07365544486380601	0.1594108599189533	0.0786109087957449	0.07335068919057575	0.11635164201599293	0.10333099578404444	0.09585029708182315	0.13917086029751635	0.07336989498991954	0.13329437055389293	0.09960358955508007	0.09191103771356167	0.08948531718844006	0.04896022055664842	0.09813757587698937	0.12114101123138851	0.10840151919762901	0.10183036439651892	0.06994857695212454	0.07307747763333436	0.07847843966815228	0.42740378276151225
46000	-2028.6506509467104	-980.3087647495034	-1048.341886197207	0.060021295147627315	0.11717437618306593	0.06832805143940687	0.05491886375464641	0.15506727452062558	0.09336537592626086	0.10540984563678225	0.09181286170995141	0.07744638224500212	0.155910291930729	0.0891543168334999	0.06426221669134342	0.05192497457165839	0.07170186805545735	0.10222767689287336	0.07382624342466956	0.12019615891485246	0.1178142467901028	0.11626200384534346	0.09869239568543083	0.19215116423042147	0.5249385683594795
47000	-2032.3859419648397	-979.1350478780786	-1053.250894086761	0.08504914904947254	0.10496115817822053	0.08817996368560212	0.04948416849425579	0.09924495007038245	0.08120682425706441	0.13873019474203171	0.07442215800355238	0.06906437491862649	0.16977374697163658	0.11417764351037309	0.05770419855405555	0.07217544621993253	0.03775181263477585	0.05706651971776192	0.062198377106429385	0.11172756212198036	0.09560592161647594	0.11916368828151049	0.052860582359866806	0.13034589113891998	0.4179820006297973
48000	-2037.452376063527	-990.0023249656168	-1047.4500510979103	0.09733559526629582	0.11265029273185201	0.10149136499976982	0.045331630686578646	0.10644189592309392	0.09691621036635154	0.0721446237714717	0.13740174240668465	0.09999544210620803	0.10753943209092724	0.14260839759917637	0.08884766873776523	0.04879482058283039	0.0490368902760227	0.08800179082959653	0.08964070166661985	0.05605683513974391	0.09202239613373427	0.13895391824200584	0.09033429179922499	0.15606378869955162	0.37114234468955704
49000	-2034.2525006163442	-997.1439423554705	-1037.1085582608737	0.13548313706195295	0.13035437149493054	0.0865915037611343	0.06470992225596207	0.07838791827722247	0.08881788634569594	0.0892572447365339	0.08231306290260566	0.10873355552893435	0.1031342181085363	0.10065871556074651	0.07850874998796388	0.056406853777954326	0.07403486710893627	0.15307643358191275	0.08782597279217977	0.11426891524671526	0.11525703174644453	0.1058729024389232	0.08609550354426054	0.15334132817839144	0.3703469175313356
50000	-2042.5482505619389	-997.6940980142083	-1044.8541525477306	0.054239811264847414	0.1026899061880372	0.06308042607600829	0.07426567273678493	0.1435224522465836	0.10539600603278151	0.10684082563599344	0.10357784909056382	0.11737612061451909	0.14487839009855022	0.09049299286778184	0.11111872703936447	0.07382734675668973	0.04963298528869789	0.09119909775894677	0.11320802189699469	0.12908793282263673	0.05327354999690285	0.14837186268295788	0.06517998650237732	0.12842921333252572	0.4026189979917092
51000	-2039.6115553038471	-988.3231626656689	-1051.2883926381783	0.14197550462386008	0.11446062484251758	0.12215733707942229	0.062214374326309725	0.08006546765940258	0.06588814582968662	0.07994736528049866	0.10709021499170657	0.07830425250709713	0.10421305076960545	0.07143502820742774	0.11937354542183286	0.1191877768441009	0.03339449245479035	0.10803509628666105	0.07180169597826067	0.057422906783018174	0.1258069943527945	0.08815910336208543	0.031438679780712915	0.10839962121368762	0.33379395862169886
52000	-2039.4368394516043	-987.8308759713739	-1051.6059634802305	0.08702801515446454	0.08202211151313321	0.057054438016176524	0.08157986079210201	0.14387479346207013	0.08188791872759639	0.1188993011517173	0.12406603747794118	0.06458621037585013	0.10131040712027689	0.08927164358847513	0.06236427566597306	0.08964886160414257	0.028755555865765142	0.07365921485708418	0.16144750502496788	0.061718739358510216	0.13649114631916656	0.09073862339613467	0.14209413759116188	0.09403829129715995	0.5061836262697778
53000	-2032.8472108384835	-991.969950734575	-1040.8772601039086	0.0985768588080464	0.13007288822782612	0.09101943841552117	0.07569824758887694	0.09631084681556369	0.0786920630645248	0.09320531282381239	0.05647472065803134	0.13690991952080286	0.1450642523038762	0.14116031314379776	0.13626772695845846	0.05392964436892982	0.07175766691004717	0.12258499803304307	0.11897249939178599	0.12483860617552711	0.08189390135227854	0.07957428085357923	0.12212725558524079	0.1131214334628657	0.5550757396157269
54000	-2033.9317946409888	-988.9922136400695	-1044.9395810009191	0.07200239917429775	0.1092763843513298	0.08700288521131935	0.14705899140908962	0.13079726057340121	0.10606871374360054	0.15186179994483417	0.054557489724019144	0.03237592408618537	0.11699443739713929	0.08352231322322433	0.09923909921930693	0.08488045448879439	0.07344557714752453	0.10475902157783062	0.09795976735168478	0.07568398376865014	0.11217320615476273	0.10750124665087363	0.10909845496642527	0.09252862287289805	0.4996734566744274
55000	-2031.445999921492	-986.6335230676852	-1044.8124768538069	0.10887465802554915	0.0919558183980952	0.13865376389336032	0.0525924058961026	0.10297175498671711	0.1280268394002098	0.10989110708619042	0.09583619556411971	0.08832726366396501	0.07396832673799335	0.16890448425211516	0.05231285440110584	0.10942198856699652	0.03946993616118792	0.07894805342552877	0.07803712377677498	0.0819752172513193	0.14407089276249857	0.07881652354918638	0.15278383356180325	0.1513667802414382	0.3612416502527762
56000	-2037.980908814624	-997.7091438308745	-1040.2717649837496	0.1124911256617414	0.1238752306157091	0.09355402256913745	0.14674100407918378	0.06746413871254908	0.12028181665873054	0.18779250080683765	0.09669101788816299	0.08087543240769733	0.15666215955372903	0.10735701846478135	0.11505012910257921	0.06677706720140121	0.04014082943037264	0.05629628537502057	0.09998163371386075	0.10561971415054688	0.10294144027660916	0.09910995368645727	0.1100967059077412	0.09954590772644537	0.3522102989127768
57000	-2031.165866259421	-976.4591648231886	-1054.7067014362322	0.061084994730218486	0.1347971991158903	0.0906315903441513	0.05077137736453485	0.0703733229209249	0.13098788531614883	0.05875744834133891	0.14153721571258523	0.07977758974231765	0.062179645384278774	0.07899987070563703	0.09985402044967225	0.10114067031742557	0.062135345028375845	0.07281661858633762	0.09752329098313886	0.06546360922659326	0.12725150664069323	0.0982644027364581	0.07662170103890209	0.0680285144060686	0.6774155183220675
58000	-2033.2107442013157	-974.6162737976794	-1058.5944704036365	0.06694445790837106	0.06894774659126011	0.10636408541624057	0.04757268922854587	0.17730455886558977	0.07699109411117742	0.084736137951538	0.08477566386522224	0.08699573547828073	0.13798694377466905	0.05672401957904072	0.1022715420742371	0.05540225712864617	0.029972370619950645	0.06318944994850076	0.09752329098313886	0.07819648173474913	0.15195935473211178	0.05887323778639809	0.09129292301675132	0.14535061951846212	0.47658734398342234
59000	-2028.741562504074	-977.126238479823	-1051.615324024251	0.060671177081360474	0.13221509553622546	0.0589314564752009	0.11809778465171264	0.044104364589007544	0.07194110499469968	0.12284112531118903	0.13710637156648794	0.06189100648418899	0.10763839125288799	0.06215771011532036	0.06533970747068167	0.06811857279575458	0.05270004435272756	0.10216742946931982	0.07594114255818565	0.08546098409402349	0.06244665386424151	0.0963682471769705	0.09599058290290233	0.12075731000028367	0.44875181528785335
60000	-2035.3370376483017	-989.6381861466824	-1045.6988515016192	0.11087829939581594	0.08672851060284362	0.1893388879507544	0.04514811190405695	0.09177298725615682	0.13349231177217927	0.09561570434215955	0.10907738615561582	0.06365570898355019	0.07755770583429955	0.0870636330754507	0.12433658620735033	0.06177406543476107	0.030574838623501365	0.09168560871582158	0.08160757612513041	0.09183383790275455	0.10332180588435962	0.11436823958584068	0.09039407256797975	0.10101219040796938	0.28255235430235
61000	-2025.7912319381064	-975.5220435280796	-1050.2691884100268	0.106370236683107	0.08021520208260205	0.10288667246682376	0.06640949249791703	0.10870285650198705	0.09051060952521828	0.09615560831872688	0.15089337828032143	0.04767675233331264	0.09434455751353236	0.15768062807815456	0.1351073771767898	0.071746980764921	0.044441057867125405	0.08371507821785035	0.10953016769110376	0.07445510755126877	0.11635292840405424	0.06167183210934936	0.07104068342111915	0.10962727812335851	0.5385103711358636
62000	-2031.4519880084279	-984.6315487027687	-1046.8204393056592	0.09867897028041295	0.09410017674828838	0.10209389120799292	0.06258160659500263	0.12580914187113526	0.09723510203164124	0.08067222335795901	0.07187041421497238	0.10137847786226328	0.17969511720507614	0.05854997254893596	0.07136518303457275	0.07028538260572659	0.05314040798865256	0.06581599853841608	0.0757683711046616	0.0513284382915328	0.11305211448302901	0.09599941790409529	0.11336073006558117	0.1396724367147673	0.39209573382758145
63000	-2027.286976527182	-979.4213964979764	-1047.8655800292058	0.07178560506158181	0.07319433336293393	0.08350360447440669	0.07368329490927605	0.07774613349478268	0.10667818797486053	0.08542066844337133	0.08463321635667716	0.09466942522663174	0.08016284104195256	0.10146522699253309	0.17007039749579364	0.06600625634406654	0.041017585441270536	0.11769802641988683	0.07005530790053507	0.08144631621248893	0.13844994476702413	0.10833010378638842	0.06683056785897543	0.13026389995717466	0.5710871587308021
64000	-2030.7184865419072	-971.4816630699274	-1059.2368234719797	0.045627483351233504	0.07376794424376777	0.10418962599903243	0.05558426408604442	0.13614669086789355	0.09951696476642138	0.1001191097814668	0.16869872173897874	0.03831294913676105	0.08644141318158141	0.08062493834308596	0.06272162046990673	0.07495333939513059	0.04772106122886289	0.09188261215908225	0.1305407375707503	0.06230267641067523	0.1922955151217279	0.09396882666960525	0.08093788785528214	0.1573473081239503	0.6250467462635525
65000	-2023.3630409510772	-974.5955389213516	-1048.7675020297256	0.054897599359262694	0.10167267989780313	0.11303986150381914	0.04843092157020625	0.1025297193763333	0.12580077051635088	0.09904766447106045	0.11134387079976928	0.04061673180756916	0.08303898754935027	0.07493881225236525	0.10524973790924023	0.1066202739022338	0.04361625313160992	0.09814002167098189	0.07945127819061903	0.05883956143406801	0.0957219185243795	0.0659480083126337	0.13067391697819214	0.11072435408829262	0.36979238017319266
66000	-2032.9358494325018	-987.9355823080436	-1045.000267124458	0.08730943947099608	0.05898940765681721	0.08794662711937294	0.05719631030097033	0.11656045299658735	0.11114677400675502	0.12996166234490883	0.12754547766852403	0.02883830394723584	0.12595557764923698	0.13816492626622648	0.11032984928725335	0.08130741057252926	0.04326087071048957	0.1046506686920715	0.07823137194180514	0.060531029880035656	0.13071918736232777	0.10818489948242997	0.11313471572820187	0.10105548915780611	0.26741122562665864
67000	-2044.3277984981125	-999.8163766832463	-1044.5114218148663	0.12008175992056837	0.10963853772338847	0.07367366543042553	0.08293666557809555	0.0825235673501945	0.08311632234998727	0.11751457691424234	0.04150759953125663	0.07349869012860379	0.13463628278955347	0.08809761829343865	0.11710245238698604	0.11037118973226369	0.06147523743276177	0.08816660463483525	0.14592396646249423	0.058874642245411585	0.15445173564384768	0.05807128418992204	0.060411708227133626	0.12968188670802322	0.34370624768547275
68000	-2037.7489760290728	-997.406773138896	-1040.3422028901766	0.07793891935414236	0.1244664006142016	0.053413554369908314	0.09165512769090697	0.0704411435143765	0.09917960716663392	0.06852865316343093	0.15798860701444356	0.10116808352229399	0.09795170681506803	0.10963020700712832	0.08906338802664729	0.10256593787826243	0.06515324054261197	0.13529023252207067	0.173012701000833	0.08934450232000841	0.10875309736946122	0.0824921503790325	0.10831485451352105	0.18967572057325122	0.36083986792933703
69000	-2026.8440136204263	-976.6618487675245	-1050.182164852902	0.07790449230176374	0.1261769511374246	0.12027588436804008	0.05681943494376741	0.11122846408422687	0.1330661238458433	0.06993099998945336	0.09192569163285012	0.08031494628123302	0.12140060741319227	0.10261810243707559	0.08647801960426342	0.05545746699325829	0.0501176218727599	0.09652947023747056	0.05183994660923913	0.06030654815233359	0.06681124795964855	0.13104927111915826	0.11812790541852308	0.12542561258276827	0.5552368859447456
70000	-2033.214086558347	-981.6587285021037	-1051.5553580562432	0.057422650900460316	0.15933709357506554	0.06555057019190819	0.0747004565992015	0.14581919416930644	0.1345002310128328	0.05239287447613353	0.10323819588698202	0.08488828631167962	0.07123653579025746	0.08822861957881414	0.10979906632105331	0.05281920729044533	0.050819644900219986	0.05934892970842766	0.05024175345298382	0.0956652398555031	0.0858876655946017	0.11837843192382357	0.12019534518498563	0.09755306405031042	0.4649648190689666
71000	-2026.1408556215079	-978.1718881376684	-1047.9689674838396	0.053584974204922635	0.12264105684358484	0.1158457798978712	0.05591193692784655	0.08469499498724731	0.06590656541860111	0.1288453040095376	0.09713476869743057	0.05113284403717139	0.10729348651024866	0.0924846129726013	0.16573877593864553	0.09088680530878322	0.04295828315526265	0.09340634463099838	0.08917767519507491	0.11185832504973321	0.09366117288092463	0.1372868552462114	0.06347713378067293	0.10669805263876758	0.49314905414858573
72000	-2027.5778342874944	-986.6693203706836	-1040.9085139168108	0.11689336971409177	0.10435146456248476	0.08584874137355011	0.05954851956897077	0.11547688294940858	0.07612689538582768	0.10699113152523898	0.10130437692790363	0.0857557512418737	0.10091540036519774	0.08391244391144646	0.11529513757910381	0.08029831418213969	0.0535220256637901	0.05999430249243766	0.06534511431123192	0.08279876978687736	0.07608522090071966	0.15179468449227457	0.09408324726918171	0.1574067527840098	0.34353907833734315
73000	-2033.732170257154	-979.4661221293223	-1054.2660481278317	0.06277096473162203	0.10251196322512414	0.08390520412885535	0.09247368340250708	0.10634749399179391	0.11754583033222736	0.12662818934293477	0.0907005906970725	0.11835157865359694	0.14874895084486656	0.03498061788897414	0.13268283067195008	0.04669235743527764	0.06102415618743985	0.08282753350769391	0.059900556205660566	0.05186209520221551	0.09542129445478859	0.0714617368117533	0.06912274896862176	0.09970142865050169	0.5039730647082422
74000	-2029.8844071473322	-984.5764248280165	-1045.3079823193157	0.045361892430077856	0.07123943403239322	0.08365821161267092	0.06618275331625216	0.08342984492060863	0.10310850524731016	0.09358681450851283	0.06813703051126384	0.09107362972779454	0.08251133823450994	0.14129139565023055	0.13127577716760477	0.12205333718336664	0.07139065436119162	0.09277703351394721	0.0768607275341857	0.0656665151340676	0.10160686341065515	0.07564338485802431	0.07753437301982116	0.16262556717456458	0.4162122518543823
75000	-2049.00265344418	-1001.5077818062914	-1047.4948716378885	0.0720065665704889	0.08766893799142449	0.04045122172630717	0.06759868883127884	0.10485155364598561	0.06720770416355713	0.12135594487464024	0.13075681093440425	0.07534016551315535	0.08666118486240117	0.13018282686152732	0.1432813773329419	0.0643687040984161	0.06887897018836112	0.09792324466918453	0.09838605838341243	0.13283881352332047	0.08849283432892238	0.054528525586775	0.1326339668818986	0.19454849423349319	0.41380293053621003
76000	-2025.5614889487192	-983.6528596313728	-1041.9086293173464	0.09772060915403076	0.14015578777620818	0.09128861941393508	0.07716353811777789	0.1229902544085327	0.09450757896313891	0.14949829804444076	0.1688968702549598	0.09708130776411569	0.12521955317598907	0.08272152796570334	0.145896253534021	0.06778466587439823	0.06183719145152309	0.09461477571087487	0.06145628196055534	0.10945335719947125	0.10987587481634736	0.10453628544683743	0.10459608231349891	0.13655785576012258	0.705007998335444
77000	-2019.0611089839776	-977.7134089779835	-1041.3477000059943	0.07265334769203298	0.12807344898820286	0.14063343037888446	0.06943577397678606	0.11087290910576636	0.09524443066135276	0.09918032708707973	0.12222064660656747	0.10457428953784756	0.13247603990259302	0.10455112962609985	0.15013174932396037	0.15621175721263247	0.04811716594659859	0.08170043516287416	0.08523982612696407	0.08988728160393442	0.09165187922050579	0.10448492249254891	0.13915195409346784	0.11726771532238355	0.6419261318463926
78000	-2031.7641004361976	-978.366656894328	-1053.3974435418695	0.08713363687051565	0.11714670104020282	0.05623284069550165	0.11871746114239252	0.13021146579535106	0.17155294678450048	0.06705597006736193	0.08476243876247132	0.06611314679892227	0.11652032204212157	0.09410841986879305	0.15846341522214533	0.10862810166913525	0.034670530929981666	0.08405353712820991	0.11542037738300152	0.04991213835331198	0.10221846790486998	0.09327644161954159	0.06451459882226412	0.12031571526317238	0.7770035291965256
79000	-2035.9066502269875	-984.903462495575	-1051.0031877314125	0.12671227587973014	0.11659795325309685	0.07038214623125658	0.0904588609823951	0.047696357482367155	0.06424795487419727	0.07429401840151187	0.08684586822899311	0.05865311411023893	0.10479863170190949	0.17881067133268566	0.09373238961070378	0.070780976096456	0.07125901320410889	0.11143508403773937	0.10199463185508942	0.0699050784493091	0.07787687392977578	0.15815731970543356	0.132306048408829	0.12839113307434274	0.8324888863633502
80000	-2032.8692188563346	-989.6883406455535	-1043.1808782107812	0.11602042654864916	0.07647877004477723	0.0946017039081374	0.05336815711673562	0.09909537376236627	0.08391312609094165	0.09267578126473597	0.10701702744459109	0.1248859300675394	0.11295042381237047	0.09588281020274919	0.1659945328799966	0.09917688120046166	0.07043924511692008	0.11962474265629147	0.07833779032067996	0.0837093357995316	0.11927674616786267	0.056976851928540614	0.08954462858138205	0.12056709376917984	0.4779173362620299
81000	-2040.2695567126227	-986.9434274780458	-1053.326129234577	0.09834500319717568	0.19173120486821868	0.10658324933258598	0.08713463868672021	0.07805360537246717	0.10238450614279328	0.08972104494836451	0.06908124982522747	0.10493297790847302	0.13356458439777957	0.04349158035611751	0.08531505651810918	0.05745415254428705	0.051088620850632004	0.06966243733115661	0.06884766335979099	0.07370644005845606	0.14359795806823236	0.047348781504237325	0.11887984472450332	0.16051535705175035	0.4774018295627999
82000	-2044.1453431711725	-989.9493991507516	-1054.195944020421	0.0440882355892911	0.0743270297046347	0.057231142515750955	0.05280198202964684	0.07263628055444152	0.14743357755982447	0.12005028741427687	0.09851205836743275	0.09242772038727667	0.10960337557285647	0.07347343789381651	0.07477212749372325	0.04058703599413565	0.053123351348422415	0.08232915236292772	0.07647080031477019	0.046958447150460395	0.09196495493712548	0.10298730616781253	0.10415039296193736	0.11354228995133372	0.3183766520748137
83000	-2038.8972990283041	-997.5540436107686	-1041.3432554175354	0.09078930959580317	0.1055012630198762	0.06758914930082979	0.051345786539513244	0.09665583450033494	0.10647542091936193	0.07069948094004444	0.0901034582151799	0.1487312013800522	0.11166835317599363	0.08392926113627476	0.09743703484787695	0.08628423422109383	0.06739694485144203	0.07009348880417755	0.0835793868097692	0.13630189761860334	0.0932827015993796	0.08286231872654198	0.0479150322237496	0.16376073151226456	0.28564454538857353
84000	-2037.4461389789176	-984.3082789070478	-1053.1378600718697	0.10953928314844712	0.12120085360495678	0.12409663921641988	0.09622901161874425	0.07188139744340194	0.13198331190036347	0.11361136320327238	0.1028248165685154	0.07089951434801874	0.08105757524846063	0.15740583407598455	0.05891217009114716	0.07018414275487603	0.04234535654329879	0.08711303310024934	0.060017238718513645	0.10162413718383367	0.08420826661511092	0.05920737966365457	0.18754298325037463	0.14427534832464045	0.843078132994552
85000	-2044.1094800225187	-995.3394624693838	-1048.770017553135	0.05491307305941427	0.1313578792880584	0.09630895241922009	0.1311712967909017	0.10790152909637496	0.11412069553770633	0.17280759215607316	0.17812896340846326	0.07182697007081595	0.10789764044570091	0.09202683131680357	0.13386768876193764	0.1232129928971975	0.06758153201575597	0.052782619758383	0.14918692943050513	0.07909512010035079	0.10500392246129525	0.09604537484365765	0.04930578301596387	0.11426781599305609	0.7839343546087372
86000	-2035.535660056067	-992.8656105485034	-1042.6700495075636	0.057538254648024124	0.11945731548422077	0.08828581836386956	0.08323359931695536	0.11776827851920334	0.11319729701386291	0.08860742455772698	0.07338519388114788	0.11888107996061358	0.1117131004590357	0.11631054033247434	0.08702241858649479	0.1261774685540002	0.05077357577583661	0.07767899797956333	0.09236302927357057	0.10124444497356982	0.15124964983346878	0.1160868970842993	0.09191907555224077	0.14407829967391556	0.7665499001600256
87000	-2032.7806508155709	-987.356762256151	-1045.42388855942	0.1288236870938829	0.1322816847609992	0.11144454041166464	0.07768597757428111	0.17149949994694993	0.11336094346000192	0.06893692902287167	0.1705280196870006	0.09010647753703849	0.12947940270265673	0.06445205865062997	0.128340223972021	0.09233090533968995	0.04716442364009503	0.08422880681641108	0.08961757732865283	0.07995963198025946	0.055622002724036966	0.12365569361724546	0.086592468328366	0.14150400907031843	0.5716336210769717
88000	-2038.7261269892986	-983.6809804013219	-1055.0451465879767	0.05540124447151285	0.11291851189565277	0.09018266440824929	0.0757910540808315	0.053369624390968574	0.07460150911652738	0.08683208300203034	0.13408152558318168	0.07030410298324515	0.12619437915162976	0.059594526674355455	0.10279240428441806	0.09316288950706472	0.04303445693444015	0.13615325531395983	0.1296268777352761	0.04977734746621699	0.13171816492393287	0.06963171490308741	0.08839178142800969	0.08628578151611137	0.6794128791185571
89000	-2035.9816559324279	-980.5559869973674	-1055.4256689350605	0.08206030490187509	0.09641343741977229	0.055454349670242216	0.04607961718016069	0.13900199126290913	0.07977428575949734	0.13725779224361476	0.07932323480999205	0.05171063594589014	0.1505608387562083	0.09794793176506583	0.13855123582340279	0.09030460348288082	0.04255120422910593	0.11203986513702209	0.043217863773970785	0.10897879708919818	0.07973339451006259	0.11588590281621107	0.07594710988962253	0.11989007967709381	0.6499341623441749
90000	-2039.724742222828	-997.6172164166551	-1042.1075258061728	0.11169453012002141	0.07101671259322753	0.07787901238984596	0.059063730450373914	0.12992057812678112	0.09814850257227645	0.0653124929981558	0.11895911880007429	0.0987533493309737	0.19299199352671986	0.08080113964766296	0.13528350951264184	0.11362790611438037	0.06260703656182146	0.08811820034171974	0.08609964335074406	0.10618336208943219	0.1300404630032459	0.10041856866957637	0.07636639598065273	0.107816915839903	0.5224977781896624
91000	-2033.2214796510996	-989.8253730778042	-1043.3961065732954	0.09525002015251795	0.07930280990120961	0.09667807179358644	0.053233670402853386	0.08569246011784866	0.14330379173681493	0.11526014177989746	0.10876360541586803	0.06198595077416993	0.11507822717701394	0.06676178590329315	0.09727004621124595	0.08034949096524217	0.06429517706155664	0.1774781369921593	0.11254410796674494	0.1223291418397904	0.13881468795085883	0.13253843073290997	0.11227270641188192	0.08612464871857566	0.6118500356865397
92000	-2035.0043418779978	-993.2207479544805	-1041.7835939235172	0.06964912244363314	0.11796417852596457	0.10925734547997755	0.040221499660298324	0.07506540664723789	0.14894631281880208	0.07486572709077899	0.1308165633431308	0.09822528925923038	0.09707752015500495	0.11238479282627298	0.06902102112901325	0.15217971036939076	0.057166611961437956	0.07675432055144564	0.08918074020873984	0.10294288254985821	0.1367725065235691	0.11646513312942999	0.07633127817468485	0.08562082719939694	0.3472180154471463
93000	-2035.42380935838	-989.8669315307171	-1045.556877827663	0.07141209961988089	0.15954392808995674	0.10006344784702094	0.07136933910854724	0.11393594305057211	0.09520043914466443	0.05860945815104989	0.09032454320897715	0.051971319350171644	0.08462169191702394	0.10480750121374845	0.10502323590511303	0.0755900839224694	0.08514387512014507	0.12607379547354736	0.14876668786956287	0.10029094243572305	0.10422133099913933	0.13049354913148656	0.07677520268219723	0.1262317135044668	0.7922627354668852
94000	-2028.2747108895433	-981.184263141691	-1047.0904477478523	0.04852835256337177	0.11078647388643072	0.0578288756703633	0.08905835773305147	0.13106462203408475	0.07649570821605763	0.09174407340354207	0.14649443544803728	0.0493025696194942	0.12726480604611906	0.12896214965500447	0.10957884599054145	0.10934400389828657	0.05618653593857693	0.0834965171385721	0.07973484990350327	0.0997502517123111	0.14170257271507913	0.11415899229258893	0.12139818218951967	0.08868367209071851	0.646716689705647
95000	-2036.2198841838717	-987.7235133634147	-1048.496370820457	0.06925233080476755	0.0954927612881463	0.061097828847520956	0.054303736143054615	0.05894497873925014	0.17011058611276755	0.14481716339994322	0.06324304392774488	0.06363938234270032	0.15116680929366427	0.067604643001103	0.12412526864097702	0.0849394822281203	0.09498400658166743	0.08902795795805156	0.09392204918175123	0.10267695577129035	0.09361302095591185	0.11220815465874767	0.10058290228650937	0.0667844388365222	0.5169063580450223
96000	-2029.854045678418	-988.6925165251754	-1041.1615291532428	0.05633511012026469	0.08384108278479285	0.0655130186779969	0.09469754874050322	0.11747993574205083	0.0814574503868316	0.1415734493189189	0.1350457321199042	0.0500872503061502	0.12307913719209472	0.08773168097608235	0.08988431140912309	0.11009026882393111	0.057522661687054624	0.10546215903583628	0.07896861775716184	0.08882831103637406	0.1451524342326322	0.10883667006129137	0.06900312763990284	0.1399181188601695	0.3341198134807102
97000	-2046.2065152483303	-997.3475651229128	-1048.8589501254176	0.10266956619011315	0.0710269761832584	0.09178357336530589	0.12276907304791598	0.0765921645585174	0.20493020381009308	0.06424300959293142	0.12320372749461814	0.09711483503651241	0.1311606386705011	0.06786321366628925	0.14449302705045958	0.12487899020782645	0.04405043099421316	0.11235617501799997	0.09871552500994465	0.05884785091896789	0.07051343183385149	0.08678505119703697	0.12408923275278247	0.07785088733932274	0.5616229928716708
98000	-2037.178975738761	-991.3421224752893	-1045.8368532634715	0.10011653896694718	0.14418524525342927	0.12271027231659568	0.0940446205923617	0.11371667574170988	0.14841020427480453	0.046321804744231934	0.10499683743496487	0.07479586751931919	0.08090008201223922	0.06486549675185634	0.11952760966616344	0.11240453465952079	0.02957870347412719	0.12874074108965966	0.10250911247801087	0.12098052394063617	0.09470985219741382	0.1588182780874261	0.06994589658192847	0.10383425881226996	0.38445290547341365
99000	-2036.9888357340033	-981.1624085283437	-1055.8264272056595	0.0667876833133809	0.07948682495614691	0.15414032659424962	0.06603181652021103	0.08528567689839278	0.07723503321876331	0.17967606144653125	0.08558882639735599	0.0578329276851	0.2013553099349417	0.1727407043431603	0.09807570868597043	0.06669203907446117	0.0364372212252684	0.0570448443341294	0.07655890332707813	0.10469460367008004	0.09796982854614944	0.06770336934442993	0.12198822965601754	0.13657781040885636	0.5132958010308737
100000	-2036.450112730889	-994.7416290638638	-1041.7084836670251	0.10608862563498864	0.144007049919513	0.09894458343961407	0.08529778480651223	0.062449068369592874	0.17109060004713764	0.0711604916647402	0.12423885492278239	0.05923131816314776	0.12647270157209234	0.07563570174223727	0.06970544858632498	0.11353338460379987	0.06611456661554416	0.10006679344737673	0.11474876190442257	0.06607039407231748	0.10359646444224203	0.06465653603847124	0.09485783086935909	0.08694032282624843	0.363491792479497
