Sample	likelihood
0	-1145.7312466139124
100	-1135.1584395172376
200	-1123.2209583204447
300	-1111.5311994726362
400	-1132.6142017215823
500	-1131.6697232393633
600	-1122.1556412918592
700	-1111.3199467036711
800	-1124.8259524773052
900	-1123.624346778474
1000	-1100.4130780063101
1100	-1079.5791536142647
1200	-1081.150405129619
1300	-1092.612679003206
1400	-1056.8863813313046
1500	-1110.2810522524255
1600	-1098.9121281031094
1700	-1041.9193250801254
1800	-1050.4377133723283
1900	-1109.0431399078195
2000	-1091.943379897543
2100	-1080.6744133826148
2200	-1064.3223502377946
2300	-1107.035938649586
2400	-1075.8312665825463
2500	-1082.106819925726
2600	-1104.897662123781
2700	-1097.326086748828
2800	-1111.9442160263798
2900	-1104.5413584368632
3000	-1114.4437111367956
3100	-1110.2248858505445
3200	-1072.1599609451584
3300	-1084.0885936218056
3400	-1034.1401505621907
3500	-1015.5122596576083
3600	-1034.5120569267146
3700	-1068.9723268342746
3800	-1054.5705984445692
3900	-1054.906352127182
4000	-1057.7354950056624
4100	-1079.9053642791932
4200	-1087.6879305834336
4300	-1100.7757436681998
4400	-1100.8852824423432
4500	-1080.763153183626
4600	-1053.2608992511912
4700	-1078.8561575211422
4800	-1047.2630511534571
4900	-1052.5406717158046
5000	-1055.3484376442534
5100	-1077.3732680170212
5200	-1100.1399623843238
5300	-1095.4144976994014
5400	-1100.9699582185729
5500	-1097.6975983500379
5600	-1099.600300472579
5700	-1102.7903011981641
5800	-1092.204823533085
5900	-1072.4754056013498
6000	-1064.118499320105
6100	-1056.3762896872952
6200	-1066.445212027784
6300	-1088.5316345305698
6400	-1086.0247490743295
6500	-1121.0900764732692
6600	-1102.813838212741
6700	-1042.1826762919127
6800	-1076.030344984773
6900	-1092.353585343674
7000	-1100.9764184034893
7100	-1089.0001048407723
7200	-1064.7321199014693
7300	-1071.5196258369306
7400	-1045.185452572521
7500	-1085.0790725223867
7600	-1101.2533897064236
7700	-1119.8313425010488
7800	-1117.1164897790095
7900	-1118.0376456757567
8000	-1084.5610379244538
8100	-1087.8369207193152
8200	-1067.462305474609
8300	-1050.9214325666187
8400	-1065.2306924083275
8500	-1065.8329267385482
8600	-1076.9604593501206
8700	-1073.4787232823448
8800	-1056.1067345778047
8900	-1073.8970253656983
9000	-1076.7340762473318
9100	-1066.08935106621
9200	-1059.8207998091373
9300	-1068.6566446345416
9400	-1090.082717111431
9500	-1071.955443452423
9600	-1070.2791250317282
9700	-1061.5366153273685
9800	-1053.6637518303053
9900	-1076.2796275662558
10000	-1047.9561142720472
10100	-1057.3498290197658
10200	-1082.1820222077995
10300	-1086.2731213819372
10400	-1082.9569875219258
10500	-1082.4869384240237
10600	-1108.161565266322
10700	-1121.7813943278968
10800	-1130.009311026075
10900	-1095.6182050382174
11000	-1132.5803475508635
11100	-1096.882972852003
11200	-1092.7667803047739
11300	-1089.1412339982328
11400	-1113.1260943813793
11500	-1154.4649736631109
11600	-1095.3846456150711
11700	-1086.6528947365546
11800	-1113.6331746346962
11900	-1106.9931359628522
12000	-1130.3324556477899
12100	-1134.706207709422
12200	-1150.727738184914
12300	-1118.2093094260458
12400	-1105.4480350663468
12500	-1104.6967655480973
12600	-1089.3024359188612
12700	-1118.408745087932
12800	-1114.8098758131687
12900	-1134.5637518274984
13000	-1134.218099497021
13100	-1115.1990471449499
13200	-1088.0498081767175
13300	-1108.9996573896478
13400	-1187.2139818836129
13500	-1180.9128674716187
13600	-1176.120867028144
13700	-1173.8189211220026
13800	-1157.3058409410921
13900	-1145.3022612399463
14000	-1131.0395064443837
14100	-1109.6401614287067
14200	-1110.3300230956584
14300	-1153.9578867919843
14400	-1154.8909286621658
14500	-1124.7439610169022
14600	-1153.8983024284366
14700	-1192.3579342317053
14800	-1199.4127724228438
14900	-1226.4147311095514
15000	-1189.7232260086923
15100	-1185.2302712063827
15200	-1208.1149013943846
15300	-1223.6613425021737
15400	-1110.5979704632346
15500	-1128.2889056089823
15600	-1133.1651802323024
15700	-1164.245601140229
15800	-1142.5217042558502
15900	-1169.330554868527
16000	-1185.7251222265759
16100	-1201.786175861439
16200	-1248.8359724491074
16300	-1217.9971024263339
16400	-1216.6857735305296
16500	-1205.8184978418587
16600	-1192.114029541854
16700	-1230.4417919105608
16800	-1209.3925508734642
16900	-1226.092745976267
17000	-1264.6889373257293
17100	-1185.932895432541
17200	-1155.8791355740561
17300	-1161.6492427097132
17400	-1166.7298666201934
17500	-1146.5849681824805
17600	-1091.8901101309154
17700	-1100.7751479344124
17800	-1131.872581686823
17900	-1118.4161085775888
18000	-1073.6539702846608
18100	-1074.7053285877719
18200	-1118.9024432398292
18300	-1098.7614069996903
18400	-1079.6213378932607
18500	-1104.4929896445349
18600	-1120.9801880877403
18700	-1145.9560137327896
18800	-1106.1667619536304
18900	-1087.3619465165546
19000	-1126.7930320477649
19100	-1130.9236719173168
19200	-1119.412762285235
19300	-1123.0389206239515
19400	-1091.9435354808434
19500	-1081.4897521683124
19600	-1082.342469176341
19700	-1083.3433838200685
19800	-1082.131248479702
19900	-1094.0796679509292
20000	-1088.0842403781994
20100	-1150.4336515156688
20200	-1171.9795777964746
20300	-1160.2620704999458
20400	-1128.0254192012342
20500	-1105.6200991194085
20600	-1118.9021760112194
20700	-1112.525727891363
20800	-1072.3522785933508
20900	-1087.084919272166
21000	-1095.9358698046176
21100	-1089.6366447167206
21200	-1131.0811479059896
21300	-1138.9424520026073
21400	-1143.898734757734
21500	-1131.0905459146845
21600	-1103.4243929798834
21700	-1093.6322278847144
21800	-1084.4051159420853
21900	-1091.759913021044
22000	-1095.9576438428205
22100	-1085.1819713336652
22200	-1090.4476367623272
22300	-1126.4670419230417
22400	-1102.2846264343918
22500	-1139.7762076194874
22600	-1122.7675382020725
22700	-1161.8375153622349
22800	-1172.9960961179638
22900	-1147.2017225079287
23000	-1142.65266316786
23100	-1178.4782962479587
23200	-1170.5018514056374
23300	-1190.4767739877943
23400	-1151.698211965929
23500	-1133.0868538987622
23600	-1117.421338757785
23700	-1101.962885931231
23800	-1125.6436316437912
23900	-1142.3360537597625
24000	-1131.9216553919025
24100	-1147.7692575173785
24200	-1154.4543886271083
24300	-1203.567280088942
24400	-1208.2915048052155
24500	-1196.0617876671067
24600	-1208.3384239478219
24700	-1188.61983677926
24800	-1157.164109213815
24900	-1168.3553808842248
25000	-1162.6347539939445
25100	-1150.6452809948858
25200	-1149.3513882199147
25300	-1158.335745047499
25400	-1212.6661752541631
25500	-1246.927575651748
25600	-1215.0980871962608
25700	-1203.743672749776
25800	-1175.1109625311087
25900	-1180.680934200809
26000	-1159.258887947249
26100	-1129.1166811783387
26200	-1158.6560980230918
26300	-1174.1008751916713
26400	-1186.8359695811273
26500	-1179.943551742005
26600	-1172.5481405623484
26700	-1156.0657659335147
26800	-1136.2929961185935
26900	-1150.0574950564837
27000	-1140.2646120557824
27100	-1135.902774754851
27200	-1146.9183421891416
27300	-1104.485320165441
27400	-1087.028890150787
27500	-1091.3243443189806
27600	-1097.3890987030989
27700	-1103.3149961300035
27800	-1155.4842570449032
27900	-1125.1877996877959
28000	-1109.8548040548244
28100	-1129.6054732108873
28200	-1107.8654696517235
28300	-1108.1662214769149
28400	-1111.9550365633795
28500	-1122.6556319482231
28600	-1097.036408874914
28700	-1143.5951000430518
28800	-1169.3127219087378
28900	-1140.914468943097
29000	-1099.0784923961612
29100	-1073.054629896113
29200	-1071.2990134647548
29300	-1084.580070559304
29400	-1082.408230051081
29500	-1092.566690674868
29600	-1113.9100606643876
29700	-1107.0285571314648
29800	-1123.3339155862284
29900	-1129.6580023785998
30000	-1094.2467920793604
30100	-1093.852572163231
30200	-1130.140651668613
30300	-1092.7719004229957
30400	-1141.9588598377047
30500	-1101.7355356402313
30600	-1111.0569037227156
30700	-1106.4792029522582
30800	-1107.6889595302073
30900	-1077.1207630023316
31000	-1080.7144973538084
31100	-1078.537340956669
31200	-1064.830173914739
31300	-1076.8521661410605
31400	-1092.6444592859832
31500	-1083.3533127728595
31600	-1064.131243609973
31700	-1070.3785488587862
31800	-1076.18064501482
31900	-1096.098056160773
32000	-1087.7336285648275
32100	-1137.7028377092454
32200	-1091.0269095603178
32300	-1072.5123013658708
32400	-1088.3660044233495
32500	-1109.3071943991247
32600	-1110.232148857311
32700	-1085.905118106945
32800	-1083.8648503017873
32900	-1091.4462774851977
33000	-1079.139431903275
33100	-1057.1820302060942
33200	-1051.256237241721
33300	-1100.450496351134
33400	-1071.7678458091416
33500	-1119.211163096461
33600	-1110.1934859599207
33700	-1071.5634818726799
33800	-1066.375353315351
33900	-1083.512561123642
34000	-1086.3779146098716
34100	-1078.9962118035414
34200	-1053.0181270317432
34300	-1095.2652675958175
34400	-1124.0574401662063
34500	-1071.8530743160766
34600	-1039.95936066173
34700	-1042.358684241638
34800	-1059.7137938641633
34900	-1052.369817009132
35000	-1099.8892546069571
35100	-1091.9674869282564
35200	-1082.9884249504362
35300	-1101.214458914955
35400	-1090.0981932970096
35500	-1092.1629898453689
35600	-1101.9113997234165
35700	-1094.9549464905156
35800	-1094.156491700155
35900	-1115.4478106899764
36000	-1132.1927873874108
36100	-1112.5464046689517
36200	-1105.6700395946725
36300	-1116.5521041614836
36400	-1121.3916343438723
36500	-1121.268513406717
36600	-1096.4224897841743
36700	-1123.511130949706
36800	-1108.122372447977
36900	-1123.3170603045924
37000	-1118.706446966104
37100	-1139.5690629064281
37200	-1075.5150257656555
37300	-1087.959831487877
37400	-1074.073132873812
37500	-1081.055588395349
37600	-1055.776865950074
37700	-1070.6672002346431
37800	-1070.5439411066259
37900	-1076.520823787922
38000	-1096.0844748782458
38100	-1078.4868489311566
38200	-1073.1600101169806
38300	-1103.575109223619
38400	-1104.6171617608143
38500	-1130.8084953023285
38600	-1116.6596049465795
38700	-1095.9399379570675
38800	-1117.98557142983
38900	-1115.3389717595412
39000	-1057.781371446169
39100	-1040.619057122148
39200	-1044.8965646967877
39300	-1061.4627931826735
39400	-1087.8658462808921
39500	-1094.4092885513394
39600	-1102.9773792087162
39700	-1128.7816401600035
39800	-1104.2851145769991
39900	-1076.5052387696376
40000	-1091.6291947823097
40100	-1093.8052096826113
40200	-1062.9382616183725
40300	-1082.4536355315986
40400	-1070.7475586831083
40500	-1080.72117499914
40600	-1120.043621908431
40700	-1110.3016362633662
40800	-1128.4874450334978
40900	-1073.152167434316
41000	-1053.352763101967
41100	-1043.095487260939
41200	-1041.4856848158909
41300	-1058.8882008130286
41400	-1069.9245850901111
41500	-1091.0142822001205
41600	-1080.9295755878227
41700	-1074.7450673123649
41800	-1059.6869766243387
41900	-1050.4050841983392
42000	-1059.882605542706
42100	-1062.8380960900142
42200	-1072.3970909673683
42300	-1085.8506199470387
42400	-1078.329851614526
42500	-1117.6567481640832
42600	-1119.0693978384486
42700	-1104.6982215619119
42800	-1125.3883085569516
42900	-1121.3023057380706
43000	-1146.590004259039
43100	-1123.9369667855626
43200	-1135.5848294459508
43300	-1114.6854408546928
43400	-1121.7091225418376
43500	-1139.7046970063093
43600	-1122.912792744999
43700	-1121.8164177234914
43800	-1144.4275738479366
43900	-1123.4927348236558
44000	-1128.3611324517997
44100	-1138.9982745639888
44200	-1100.597858095052
44300	-1090.865374916855
44400	-1084.391902540663
44500	-1100.9342417785497
44600	-1107.9967982681221
44700	-1073.8830594279725
44800	-1085.8220044014643
44900	-1077.7143224129416
45000	-1062.9553407653557
45100	-1063.3536068528176
45200	-1076.7780708495025
45300	-1120.415408179465
45400	-1082.8213861065785
45500	-1125.037704115442
45600	-1109.3416452251934
45700	-1120.8897759320291
45800	-1098.772794416294
45900	-1096.3670646207954
46000	-1080.5133925554403
46100	-1085.9444426637554
46200	-1106.7763303869033
46300	-1133.7249258925178
46400	-1114.5267489382786
46500	-1138.7433827107607
46600	-1150.0197519535477
46700	-1156.4752789512636
46800	-1142.3466976811865
46900	-1153.6202280452117
47000	-1130.0657096394166
47100	-1134.883714020462
47200	-1128.6578447145553
47300	-1095.1410519032195
47400	-1126.9816351828267
47500	-1131.910042242689
47600	-1191.2471423193163
47700	-1163.9268749587975
47800	-1117.9251559374843
47900	-1125.7808856683848
48000	-1127.1711722627438
48100	-1136.2030590141771
48200	-1117.8902836491902
48300	-1183.2123620103127
48400	-1170.5078573138082
48500	-1141.787760245755
48600	-1141.911873771925
48700	-1142.1584632418944
48800	-1120.9178026655434
48900	-1132.9275180494797
49000	-1169.3602405108018
49100	-1137.8299713110687
49200	-1057.1522495627837
49300	-1075.6170271440737
49400	-1082.5234975585156
49500	-1076.7916258459654
49600	-1080.7416364411818
49700	-1086.650046482193
49800	-1079.3956507537137
49900	-1104.5735424652732
50000	-1099.765843211125
50100	-1093.8600333502866
50200	-1125.9123891155402
50300	-1101.2290544605394
50400	-1092.9589095788629
50500	-1130.834499516383
50600	-1118.7909872582113
50700	-1107.6000869624943
50800	-1092.2259822768212
50900	-1080.2394324725285
51000	-1077.3469518602913
51100	-1069.1968073862556
51200	-1076.6921956082122
51300	-1124.9216379439738
51400	-1079.1865709531742
51500	-1095.3834769451482
51600	-1141.4104719394247
51700	-1091.5842821104409
51800	-1122.2421615454757
51900	-1073.2938788557005
52000	-1084.1025862685165
52100	-1078.6940267361929
52200	-1070.595511031291
52300	-1078.0761657499693
52400	-1074.9441148619803
52500	-1082.0749699537653
52600	-1081.8829279311446
52700	-1049.3300089798497
52800	-1068.834908229124
52900	-1086.651703922919
53000	-1047.3610284165268
53100	-1043.581821938823
53200	-1054.7720394506362
53300	-1055.955837902381
53400	-1045.103520718562
53500	-1037.0910109472018
53600	-1041.4450980449003
53700	-1030.5597244252483
53800	-1035.6635265270224
53900	-1040.28030603291
54000	-1065.4918716641785
54100	-1071.0832098143787
54200	-1083.139968508058
54300	-1054.416673980691
54400	-1069.1192470067203
54500	-1056.1457470239598
54600	-1051.2536557996484
54700	-1065.1582431987315
54800	-1060.1112506452373
54900	-1064.8326539446807
55000	-1056.5461865478467
55100	-1051.1776439218013
55200	-1120.2099411365923
55300	-1078.0189823522771
55400	-1066.7641227503393
55500	-1068.2937620415216
55600	-1062.7186019342594
55700	-1031.6758255056643
55800	-1054.107168930661
55900	-1089.783558688168
56000	-1084.6025650323834
56100	-1094.6659789918558
56200	-1095.7782730402785
56300	-1099.7211232173788
56400	-1081.7838429622877
56500	-1095.3234958491798
56600	-1086.3703270695705
56700	-1113.711734832924
56800	-1089.9694533986437
56900	-1109.340646830886
57000	-1117.2504770714004
57100	-1130.7473427281159
57200	-1127.188148743556
57300	-1091.5757485842355
57400	-1088.5204462847232
57500	-1097.243381633232
57600	-1095.1094300645757
57700	-1101.8538212621365
57800	-1121.9219964856838
57900	-1107.3965964845759
58000	-1076.372327396768
58100	-1084.0485838144086
58200	-1103.4824348374439
58300	-1094.392764199288
58400	-1098.882231862458
58500	-1091.6061739484835
58600	-1068.4107645883264
58700	-1077.5815365276292
58800	-1099.3773365546313
58900	-1123.738738811343
59000	-1147.7261941601969
59100	-1108.9729260122197
59200	-1120.1466656742857
59300	-1103.178829785857
59400	-1088.7972664972772
59500	-1090.4874799115237
59600	-1057.6697279027505
59700	-1068.5322270233055
59800	-1080.1902988474178
59900	-1064.7900724208387
60000	-1059.4708406044158
60100	-1062.215904814399
60200	-1060.6500483284228
60300	-1108.1103837534763
60400	-1126.3435509830742
60500	-1088.1801379315839
60600	-1089.1189714103882
60700	-1103.9279969734757
60800	-1105.7857053653568
60900	-1107.091351986045
61000	-1132.9288966523407
61100	-1090.968121157807
61200	-1076.2056546997171
61300	-1086.0484942877652
61400	-1085.905371657198
61500	-1133.1560856236904
61600	-1138.6195535871188
61700	-1087.0029578314484
61800	-1105.2429104420225
61900	-1071.6007294599813
62000	-1072.316369938286
62100	-1076.8584622643175
62200	-1107.7374762780948
62300	-1051.127194591366
62400	-1065.588845642199
62500	-1047.6283728692626
62600	-1033.1718069446208
62700	-1056.6317457818525
62800	-1071.8926554250995
62900	-1052.8653615884582
63000	-1020.8018721266426
63100	-1031.1332713635438
63200	-1040.606936133994
63300	-1024.9666879904526
63400	-1022.9627130154443
63500	-1016.2806360448329
63600	-1021.5031275291936
63700	-1047.5844268686176
63800	-1068.649328954412
63900	-1063.0935591271245
64000	-1055.1270043705106
64100	-1066.5339561402052
64200	-1079.2578171757984
64300	-1075.9833327145261
64400	-1087.5465341850752
64500	-1076.13909842973
64600	-1075.8788353692014
64700	-1091.6407260201229
64800	-1077.516023549146
64900	-1107.0464562004377
65000	-1129.5901420447155
65100	-1151.9821168926505
65200	-1147.4989660024378
65300	-1153.1819942767888
65400	-1119.706506835899
65500	-1103.4448007282235
65600	-1113.0732462626818
65700	-1073.7726232874736
65800	-1125.6589143031745
65900	-1132.928273710601
66000	-1128.0007203065861
66100	-1086.3588695408705
66200	-1097.128754105388
66300	-1097.1686371996961
66400	-1094.2536766597527
66500	-1093.014751153006
66600	-1087.6934771560786
66700	-1096.3789779162398
66800	-1086.0754487333625
66900	-1091.7205050236814
67000	-1092.4253004036646
67100	-1128.3007589120823
67200	-1156.0462432947847
67300	-1179.3818814069139
67400	-1117.1659803096943
67500	-1108.1875661699305
67600	-1112.3519160286
67700	-1102.3490275069828
67800	-1112.7111551173498
67900	-1060.0048262578039
68000	-1108.2688156961492
68100	-1106.654835170374
68200	-1144.9594722987918
68300	-1117.9038438463972
68400	-1136.2024160473159
68500	-1120.3957830177299
68600	-1120.3183091271144
68700	-1142.8545350283714
68800	-1146.21343198395
68900	-1139.6354606770158
69000	-1139.4812181857465
69100	-1115.748283891829
69200	-1128.1623036313033
69300	-1140.1841060359386
69400	-1195.8981561281166
69500	-1222.4936900368837
69600	-1222.3315445073133
69700	-1214.4319091824914
69800	-1140.9939823374984
69900	-1114.0871157288498
70000	-1172.613223677217
70100	-1169.0848817032468
70200	-1191.5375229938165
70300	-1192.2350075100228
70400	-1175.8453868826332
70500	-1163.9332238704026
70600	-1153.5813037927312
70700	-1193.9048208887118
70800	-1215.946557666201
70900	-1214.4606472897174
71000	-1218.1167200827474
71100	-1181.524919965085
71200	-1190.9554207673668
71300	-1156.0030275687775
71400	-1110.7088336923678
71500	-1098.2467597476468
71600	-1102.8135420326148
71700	-1072.5341806689344
71800	-1069.142582729194
71900	-1062.293256062444
72000	-1049.1048160360467
72100	-1074.83418368178
72200	-1049.5885023230696
72300	-1058.6799924163377
72400	-1065.5853217052313
72500	-1103.7483665100883
72600	-1070.1147253795525
72700	-1070.728350533052
72800	-1056.771572743044
72900	-1062.7950381115534
73000	-1086.73070020335
73100	-1085.4835175065075
73200	-1096.6095954922446
73300	-1112.4194076105414
73400	-1095.3173885928604
73500	-1087.415557810954
73600	-1097.8464173839852
73700	-1076.1473030356462
73800	-1090.263693071566
73900	-1114.8994606752915
74000	-1103.6988604096498
74100	-1109.1989868490032
74200	-1158.5063694003645
74300	-1190.9799981873946
74400	-1165.9483301142097
74500	-1178.9422990832654
74600	-1155.0779854424768
74700	-1170.9385302601643
74800	-1171.1209691606139
74900	-1183.3114880820815
75000	-1182.17755529962
75100	-1176.5212833030046
75200	-1173.1594405567444
75300	-1166.2512763100892
75400	-1143.4668177440853
75500	-1152.8023558828695
75600	-1126.1434799689252
75700	-1122.8415277994366
75800	-1114.4536659057512
75900	-1123.8328423320224
76000	-1079.72533094396
76100	-1096.659760327561
76200	-1090.7348168260576
76300	-1075.2156996651654
76400	-1094.570112126557
76500	-1060.6992294409401
76600	-1069.1126310594177
76700	-1042.4947279235446
76800	-1037.0583527297022
76900	-1054.4381972952633
77000	-1061.2102561984411
77100	-1072.294268928653
77200	-1128.913067034824
77300	-1074.2987452715083
77400	-1117.2985512606697
77500	-1082.3417716583529
77600	-1132.2880568106827
77700	-1094.9126166737774
77800	-1098.9099110266723
77900	-1077.7424574077586
78000	-1047.0297641140676
78100	-1066.0070446427767
78200	-1045.2737593048182
78300	-1058.1443801688042
78400	-1048.6182011529718
78500	-1074.9572345736626
78600	-1050.2110629690108
78700	-1076.0684741964617
78800	-1063.2026972758333
78900	-1059.6167287903593
79000	-1067.8617395952444
79100	-1080.586955723701
79200	-1073.7808172888365
79300	-1062.8621431785095
79400	-1097.0786142742868
79500	-1094.4812827608407
79600	-1087.1554444789601
79700	-1125.4861754948026
79800	-1144.3134161991916
79900	-1127.1626543780565
80000	-1108.553685825664
80100	-1102.3443410104892
80200	-1093.2262775730824
80300	-1105.9933425345669
80400	-1075.473793203427
80500	-1113.149619986493
80600	-1150.0485326620892
80700	-1163.1235425335335
80800	-1158.3311638649586
80900	-1215.6934279649322
81000	-1192.3512636314626
81100	-1181.1745831034766
81200	-1106.496668183594
81300	-1176.699800587087
81400	-1226.311673237059
81500	-1182.6283768156852
81600	-1141.2010051645707
81700	-1142.2279209245241
81800	-1098.7492531148546
81900	-1090.8832610233778
82000	-1092.9244327824517
82100	-1106.0572452732347
82200	-1099.5702529378443
82300	-1078.457469752154
82400	-1106.9445176835022
82500	-1091.3561912301182
82600	-1094.1575778948122
82700	-1086.0648173511886
82800	-1082.8798355311437
82900	-1096.2539307181694
83000	-1065.400263369312
83100	-1097.0751013338795
83200	-1075.2224744773632
83300	-1055.4545421728387
83400	-1073.9026254018984
83500	-1079.7133403348078
83600	-1093.4587137230715
83700	-1114.354477463738
83800	-1119.0662439267858
83900	-1102.757299111867
84000	-1110.2871021824637
84100	-1114.362494872769
84200	-1163.4411708238308
84300	-1156.2395873319408
84400	-1149.365675913676
84500	-1161.7110086119692
84600	-1120.236576335518
84700	-1138.8905472833228
84800	-1163.5314553844248
84900	-1127.433135569183
85000	-1128.557600528854
85100	-1144.2724409091911
85200	-1133.912275069008
85300	-1154.4620854001093
85400	-1111.8547750943544
85500	-1134.3641942899158
85600	-1120.1049742751802
85700	-1094.5265788092809
85800	-1135.2941628145927
85900	-1142.8096262276822
86000	-1126.8219941096881
86100	-1112.2005531458656
86200	-1144.0068863520369
86300	-1138.157318754336
86400	-1107.9445725028638
86500	-1128.873287446075
86600	-1106.2031465756022
86700	-1129.7627150074777
86800	-1118.0956535478854
86900	-1131.595216424774
87000	-1142.0480741771794
87100	-1145.1300523870095
87200	-1113.733872776039
87300	-1137.3039876826756
87400	-1082.867418539992
87500	-1096.005062619308
87600	-1087.4373008953821
87700	-1122.0122512667244
87800	-1144.3697341164386
87900	-1135.015376321982
88000	-1116.381677695093
88100	-1093.9209118768003
88200	-1081.427256051577
88300	-1108.8740008262355
88400	-1096.1575453691396
88500	-1112.9188251871465
88600	-1107.875900668878
88700	-1122.4810281351954
88800	-1090.7114282859254
88900	-1095.4493539459675
89000	-1108.201266438796
89100	-1112.2224897364758
89200	-1139.4210127945516
89300	-1151.8092916302617
89400	-1165.5090066019209
89500	-1168.644520215065
89600	-1087.1240656158152
89700	-1094.4089315658798
89800	-1082.202192844445
89900	-1088.4437115902924
90000	-1094.7113146089475
90100	-1111.7066022679219
90200	-1065.5080473858031
90300	-1063.4523988976573
90400	-1070.035866544913
90500	-1090.040637361631
90600	-1100.2983107342502
90700	-1115.2083877309954
90800	-1109.0543498809566
90900	-1093.9444465156637
91000	-1097.9333967699463
91100	-1095.5783043983395
91200	-1096.43998418055
91300	-1102.6399957407025
91400	-1068.797243528891
91500	-1070.0144385113667
91600	-1068.667456451949
91700	-1082.0917216919597
91800	-1071.0507212310922
91900	-1091.3899702949664
92000	-1150.3477059858415
92100	-1109.9110527404005
92200	-1059.5302730610551
92300	-1049.7783841907908
92400	-1077.093859500286
92500	-1081.3222077661558
92600	-1091.031212137087
92700	-1113.000077818768
92800	-1107.9841203989743
92900	-1087.0132006789102
93000	-1097.5979748732057
93100	-1077.7207676581256
93200	-1074.295417755283
93300	-1077.513103930427
93400	-1084.7404443281312
93500	-1086.4465333640183
93600	-1071.6162263252254
93700	-1061.4246896987336
93800	-1068.1088743306132
93900	-1057.1718280361745
94000	-1043.1203541379452
94100	-1055.2625775781348
94200	-1057.5293514848702
94300	-1066.9315352268602
94400	-1067.1013317356437
94500	-1090.7775668874203
94600	-1098.2868853322757
94700	-1083.473340292991
94800	-1107.330367905976
94900	-1092.1257816732857
95000	-1067.2445927394308
95100	-1084.1878041389534
95200	-1078.2659730521905
95300	-1076.8769382865567
95400	-1083.0246146797308
95500	-1089.0382211554563
95600	-1093.4442541713506
95700	-1109.9609891604418
95800	-1069.7051815657878
95900	-1081.6322173900046
96000	-1075.5936148156366
96100	-1071.880890475424
96200	-1071.0908176539444
96300	-1124.9810444523791
96400	-1110.1119737565857
96500	-1110.3239923089398
96600	-1082.8668507485459
96700	-1092.0693374043924
96800	-1118.5827582636034
96900	-1115.5966687336265
97000	-1109.760408916636
97100	-1099.9433225652795
97200	-1118.3721849647343
97300	-1106.6570280939086
97400	-1072.6966593458658
97500	-1094.807480035627
97600	-1093.7650537788
97700	-1098.5326080600332
97800	-1059.261614159673
97900	-1057.253114700024
98000	-1063.0613133564996
98100	-1064.3590516599122
98200	-1084.624675046669
98300	-1123.0031580181767
98400	-1135.9960969845183
98500	-1143.4671222111817
98600	-1183.0013358672313
98700	-1137.2052521439118
98800	-1140.8055758146886
98900	-1083.9632144995464
99000	-1077.2389538065997
99100	-1099.5453733835259
99200	-1078.1294385147617
99300	-1082.3669999248523
99400	-1065.6541286166853
99500	-1064.8923297117994
99600	-1081.5435532544557
99700	-1107.1490328827924
99800	-1098.582254496909
99900	-1130.4595064262805
100000	-1117.3502898224897
