#
#model:
#
#<?xml version="1.0" encoding="UTF-8" standalone="no"?><input id="posterior" spec="beast.core.util.CompoundDistribution">
#    <distribution id="prior" spec="beast.core.util.CompoundDistribution">
#        <prior id="lambdaPrior.Ai" name="distribution">
#            <parameter id="lambda" lower="0.0" name="x" spec="beast.core.parameter.RealParameter">10.0</parameter>
#            <Gamma id="Gamma.0" name="distr">
#                <parameter estimate="false" id="RealParameter.1" name="alpha" spec="beast.core.parameter.RealParameter">2.0</parameter>
#                <parameter estimate="false" id="RealParameter.2" name="beta" spec="beast.core.parameter.RealParameter">200.0</parameter>
#            </Gamma>
#        </prior>
#        <distribution id="snapprior.Ai" lambda="@lambda" spec="snap.likelihood.SnAPPrior">
#            <parameter estimate="false" id="alpha" lower="0.0" name="alpha" spec="beast.core.parameter.RealParameter">11.75</parameter>
#            <parameter estimate="false" id="beta" lower="0.0" name="beta" spec="beast.core.parameter.RealParameter">109.73</parameter>
#            <parameter estimate="false" id="kappa" lower="0.0" name="kappa" spec="beast.core.parameter.RealParameter">1.0</parameter>
#            <parameter id="coalescenceRate" name="coalescenceRate" spec="beast.core.parameter.RealParameter">10.0</parameter>
#            <tree clusterType="upgma" id="Tree.Ai" nodetype="snap.NodeData" spec="beast.util.ClusterTree">
#                <taxa dataType="integerdata" id="snap.Ai" spec="snap.Data">
#                    <taxonset id="SthBarrington" spec="beast.evolution.alignment.TaxonSet">
#                        <taxon id="SthBarrington_BT10a1" spec="beast.evolution.alignment.Taxon"/>
#                        <taxon id="SthBarrington_BT8a1" spec="beast.evolution.alignment.Taxon"/>
#                        <taxon id="SthBarrington_BT9c1" spec="beast.evolution.alignment.Taxon"/>
#                    </taxonset>
#                    <taxonset id="MtWilson" spec="beast.evolution.alignment.TaxonSet">
#                        <taxon id="MtWilson_MW12bm" spec="beast.evolution.alignment.Taxon"/>
#                        <taxon id="MtWilson_MW5bm" spec="beast.evolution.alignment.Taxon"/>
#                    </taxonset>
#                    <taxonset id="Termeil" spec="beast.evolution.alignment.TaxonSet">
#                        <taxon id="Termeil_Te3bf" spec="beast.evolution.alignment.Taxon"/>
#                        <taxon id="Termeil_Te3c1" spec="beast.evolution.alignment.Taxon"/>
#                    </taxonset>
#                    <taxonset id="Broadwater" spec="beast.evolution.alignment.TaxonSet">
#                        <taxon id="Broadwater_BW10af" spec="beast.evolution.alignment.Taxon"/>
#                        <taxon id="Broadwater_BW19cf" spec="beast.evolution.alignment.Taxon"/>
#                        <taxon id="Broadwater_BW31am" spec="beast.evolution.alignment.Taxon"/>
#                    </taxonset>
#                    <taxonset id="Kerewong" spec="beast.evolution.alignment.TaxonSet">
#                        <taxon id="Kerewong_Ke18dm" spec="beast.evolution.alignment.Taxon"/>
#                        <taxon id="Kerewong_Ke21b1" spec="beast.evolution.alignment.Taxon"/>
#                    </taxonset>
#                    <taxonset id="Dampier" spec="beast.evolution.alignment.TaxonSet">
#                        <taxon id="Dampier_Da11a2" spec="beast.evolution.alignment.Taxon"/>
#                        <taxon id="Dampier_Da19a1" spec="beast.evolution.alignment.Taxon"/>
#                    </taxonset>
#                    <taxonset id="MaresForest" spec="beast.evolution.alignment.TaxonSet">
#                        <taxon id="MaresForest_MF13a1" spec="beast.evolution.alignment.Taxon"/>
#                        <taxon id="MaresForest_MF17am" spec="beast.evolution.alignment.Taxon"/>
#                    </taxonset>
#                    <taxonset id="Olney" spec="beast.evolution.alignment.TaxonSet">
#                        <taxon id="Olney_Ol20bm" spec="beast.evolution.alignment.Taxon"/>
#                        <taxon id="Olney_Ol4bm" spec="beast.evolution.alignment.Taxon"/>
#                    </taxonset>
#                    <taxonset id="NthBarrington" spec="beast.evolution.alignment.TaxonSet">
#                        <taxon id="NthBarrington_BT4a2" spec="beast.evolution.alignment.Taxon"/>
#                        <taxon id="NthBarrington_BT6a1" spec="beast.evolution.alignment.Taxon"/>
#                    </taxonset>
#                    <taxonset id="Cumberland" spec="beast.evolution.alignment.TaxonSet">
#                        <taxon id="Cumberland_Cu12a1" spec="beast.evolution.alignment.Taxon"/>
#                        <taxon id="Cumberland_Cu6a1" spec="beast.evolution.alignment.Taxon"/>
#                    </taxonset>
#                    <taxonset id="Dorrigo" spec="beast.evolution.alignment.TaxonSet">
#                        <taxon id="Dorrigo_Do2c2" spec="beast.evolution.alignment.Taxon"/>
#                        <taxon id="Dorrigo_Do5bm" spec="beast.evolution.alignment.Taxon"/>
#                    </taxonset>
#                </taxa>
#                <parameter id="RealParameter.0" lower="0.0" name="clock.rate" spec="beast.core.parameter.RealParameter" upper="0.0">1.0</parameter>
#            </tree>
#        </distribution>
#    </distribution>
#    <distribution id="likelihood" spec="beast.core.util.CompoundDistribution">
#        <distribution data="@snap.Ai" id="treeLikelihood.Ai" pattern="coalescenceRate" spec="snap.likelihood.SnAPTreeLikelihood" tree="@Tree.Ai">
#            <siteModel id="MutationSiteModel.Ai" spec="beast.evolution.sitemodel.SiteModel">
#                <parameter estimate="false" id="mutationRate" name="mutationRate" spec="beast.core.parameter.RealParameter">1.0</parameter>
#                <parameter estimate="false" id="shape" name="shape" spec="beast.core.parameter.RealParameter">2.0</parameter>
#                <parameter estimate="false" id="proportionInvariant" name="proportionInvariant" spec="beast.core.parameter.RealParameter">0.0</parameter>
#                <substModel coalescenceRate="@coalescenceRate" id="MutationModel" spec="snap.likelihood.SnapSubstitutionModel">
#                    <parameter estimate="false" id="u" lower="0.0" name="mutationRateU" spec="beast.core.parameter.RealParameter">1.7346278317152102</parameter>
#                    <parameter id="v" lower="0.0" name="mutationRateV" spec="beast.core.parameter.RealParameter">0.7024901703800787</parameter>
#                </substModel>
#            </siteModel>
#        </distribution>
#    </distribution>
#</input>
#
Sample	posterior	likelihood	prior	theta0	theta1	theta2	theta3	theta4	theta5	theta6	theta7	theta8	theta9	theta10	theta11	theta12	theta13	theta14	theta15	theta16	theta17	theta18	theta19	theta20	TreeHeightLogger
0	-2080.209436141621	-1037.968987483321	-1042.2404486583005	0.15246029725228988	0.0804264760292491	0.055561713670534876	0.11681780431112836	0.10714073104698257	0.08382552192778249	0.13124377870111487	0.10970756316452754	0.09282820582712117	0.15746048096892357	0.10268617675955347	0.10580444510399231	0.03537129772192241	0.06153464164375961	0.09453586897663586	0.05572186890325537	0.17593351409026844	0.10517580644725225	0.10679449568701059	0.09506575511345168	0.20832584198070678	0.19811839723888466
1000	-2055.220359917864	-1021.2559600690646	-1033.964399848799	0.06087975863521426	0.08255285212566277	0.10812603354451451	0.09080328563324983	0.07870655926427746	0.12277405965862168	0.1006931816471781	0.08863918307399941	0.12908245563735554	0.09731589418752201	0.11990484576542694	0.06858348389038124	0.09193500310149824	0.10139599008084771	0.13484784616372056	0.1793207752845559	0.12170305078264414	0.0923875652906692	0.13081831066240593	0.11004983528953799	0.10946596622930266	0.3557561880044876
2000	-2050.3127780749937	-1011.7841284448854	-1038.5286496301082	0.12691067207198084	0.09674492477938977	0.10688747234598084	0.0947897500201123	0.08173591875375348	0.12633967755009368	0.03762933191122438	0.10033819840186398	0.0787081729355692	0.155539577040035	0.09677768320386662	0.1080076913088347	0.12822777083377163	0.10937361227397804	0.11257501042051662	0.09589050418490724	0.10552618833318518	0.13030043084500723	0.14394267133954683	0.06766184422765831	0.10783598471953981	0.5082744423243132
3000	-2077.343118142099	-1035.9926818785352	-1041.3504362635636	0.14077015932297807	0.13037060082713484	0.11293035008064344	0.08258163119172182	0.0973602100399377	0.08080341225244143	0.09277930494997567	0.08684409134588049	0.17429332728163735	0.10401216886233432	0.10767101978555998	0.06318339133472091	0.09746316953290682	0.1412953304434318	0.04517712684243627	0.12639525561580148	0.10153840886786296	0.13243434522473574	0.09605995992895414	0.07942021489152438	0.0769863067512883	0.47056755466900074
4000	-2072.4840540503697	-1029.4367745442005	-1043.0472795061692	0.108241814294438	0.06249699132217432	0.08080373964017187	0.11129000111089102	0.10183035231760523	0.14079002329346957	0.06186751749606938	0.0828697004442155	0.13290369977939423	0.052868722810375586	0.15930238678477568	0.10986513900826729	0.08385855281850683	0.07964826459802143	0.03536973128765689	0.07615698448733149	0.11066463790193595	0.1475246100685004	0.1495908454455966	0.10901085141464414	0.1089677022180313	0.31019553246754594
5000	-2065.2954647140814	-1026.7145453231744	-1038.5809193909072	0.06550483977688297	0.10891375803769132	0.08604624438415646	0.08557177561250824	0.08906170230196381	0.1567864358109038	0.07585454677641638	0.10774209384190522	0.0864875804442678	0.08980369997004199	0.14244775463626014	0.11451157630522664	0.1151069935597822	0.08127620245725962	0.16798850107605473	0.11590317705980177	0.06552000689581718	0.06661114780901767	0.11161849966458984	0.09246787711977845	0.2269293291758365	0.25255706437838404
6000	-2091.012817168397	-1048.5263432417833	-1042.4864739266136	0.06723136528160663	0.13454919259370068	0.1458492836876142	0.0982013935964514	0.07909783522505441	0.10778680551536853	0.11665348598178857	0.13392320646148512	0.07065625408681682	0.116370837226158	0.10433072889625658	0.10623811276100892	0.1471496919048692	0.12732770763857967	0.18841173763183236	0.08501469019634475	0.060299446411466805	0.1462503835514817	0.07904211443293756	0.1279033522176222	0.09436970031769396	0.5017763110481949
7000	-2067.901417784995	-1024.1350155064342	-1043.766402278561	0.11545996595137543	0.10913867429237402	0.15179391107613577	0.06719833907305514	0.12438578473632544	0.07861029771722475	0.1093096503158234	0.08954346626587702	0.06301614909066063	0.0667919379634271	0.11175210874621455	0.13960373967771017	0.06743496361555447	0.07078924427483442	0.11495461828171434	0.1331415723284975	0.09915263067900283	0.0649650447201105	0.1482910924202978	0.14195649657251	0.09823685373106876	0.5862779821839204
8000	-2070.765275167245	-1032.6471406996407	-1038.1181344676042	0.13094797770667746	0.11996849752233753	0.12351074305536389	0.07303325458478664	0.1265526198997653	0.08788483214111496	0.07333537781540074	0.11488596099942225	0.06731111606195979	0.128739307468359	0.160434224349577	0.09087101725937316	0.14245472143654422	0.044404701692991266	0.09952549205298332	0.1315052967157038	0.08028483678383048	0.08929730285368298	0.06962064666502178	0.11158861133524592	0.10017099001521898	0.2768820210842047
9000	-2125.2009042802256	-1090.2448802225633	-1034.9560240576623	0.1506190325804879	0.13249570356127885	0.07243863018181293	0.10146225228264573	0.09171041127932132	0.1943200163165664	0.1330227023358607	0.12476255703795985	0.12249298224065346	0.1263872405544906	0.0561377456837536	0.08673444183108803	0.15114659919678233	0.08768179631260124	0.08812592580661692	0.12046006027457092	0.11281961381712882	0.08161145370726344	0.1696601578869271	0.09508318833901797	0.108800208842966	0.21173274934913439
10000	-2119.337824892368	-1089.4391148933532	-1029.8987099990147	0.131680016059667	0.11183640711906938	0.10999872224560056	0.06573721960036744	0.092777810472485	0.11780511840605735	0.12358457243694025	0.09647590172567484	0.12621561591066185	0.13540200853563314	0.11352123723694163	0.10822620512780495	0.060026121448678256	0.10139119829087524	0.10468763625159942	0.1283126034166245	0.14302554517772506	0.08593686769149501	0.06759636311024	0.07673163055739167	0.13572757638967367	0.13953249173790536
11000	-2127.420820816931	-1082.3581649860525	-1045.0626558308786	0.10512941814922469	0.11417970443095217	0.092979153712443	0.09624878792969557	0.14496631992923437	0.15165001487014856	0.13044175604574243	0.08792887029783311	0.04548272472104369	0.10109198840828447	0.1217519284644084	0.12063134823113787	0.06532587566254537	0.1102371579023925	0.06235470497465561	0.1151354818190722	0.06215895474719597	0.10428054417050131	0.05019587356218954	0.12894851110083494	0.1226189511141769	0.33965200600663215
12000	-2090.1586720411196	-1049.7932564794053	-1040.3654155617146	0.06699912119413244	0.14062324492840328	0.06904600898262013	0.06388850556595226	0.0887425801710499	0.07655894517623563	0.14791328622259772	0.09932294569026563	0.08835626584897244	0.07451602165442957	0.09019757312855332	0.08970163164404242	0.09715674379340984	0.06006097440886018	0.18598268952454922	0.1148614001254332	0.08613064344146067	0.10663687721511433	0.16041973602124648	0.04894748888880658	0.1272118813522557	0.18878851312414896
13000	-2067.941606304005	-1031.4376977041106	-1036.5039085998942	0.13244258937979497	0.09777564451008271	0.08971632282623669	0.07424129188261117	0.10622746085563221	0.11095037284366603	0.06865932683217975	0.08523883365499745	0.08547906367702361	0.07637086479663949	0.06262250287805998	0.1175959916158953	0.08238989483070272	0.08863540796132752	0.09055620814671267	0.07557832748429895	0.13593811758439256	0.08479493076712644	0.10372836464151768	0.1428096880263032	0.07796165091307691	0.2840162379543793
14000	-2074.469798866621	-1034.6099958875327	-1039.8598029790883	0.10484960812332603	0.1229419625300005	0.04876780095239563	0.06939177020273078	0.12932556363855394	0.1377009813199135	0.13244054688479365	0.15707012929473899	0.11436278871106377	0.06835441516277362	0.1038150014629422	0.08601569417650286	0.05469053903391482	0.07082607560580954	0.11683439910212132	0.11332176507939459	0.12065021198385761	0.10659092015269536	0.07852713336155256	0.08860485072092263	0.06931877210866878	0.2588287089151825
15000	-2070.264018190628	-1020.1722617982225	-1050.0917563924056	0.068678357691268	0.06365592452744857	0.09612683848525302	0.08817081794652314	0.14435906333107487	0.1684166560373941	0.07820446442503719	0.1746123978928008	0.13849365881581058	0.13976816292033542	0.12887239563844222	0.07978350653115021	0.12835155432334458	0.08553743673446991	0.09630797147356292	0.05150446352323699	0.14775437785149645	0.042212327221874076	0.11501330805761703	0.08775981774684267	0.10055511382630586	0.4691365844123868
16000	-2052.969747076492	-1014.3913077518023	-1038.5784393246895	0.1311016809185687	0.0999292425802467	0.09155944431822689	0.10063635060678525	0.10164110573883177	0.09932826686223714	0.11978697865367438	0.05864393819911655	0.1295701214558041	0.14822818914948885	0.10280820825958638	0.0648738632531945	0.05458892639404059	0.08711087596736625	0.09003280768094596	0.09008740145138007	0.07916051311655682	0.07367098418610775	0.1114248279412578	0.07865199640538668	0.0769216075218583	0.34307213168007483
17000	-2063.551094141885	-1026.3446329746796	-1037.2064611672056	0.08176329577884443	0.1680847653101604	0.07408592091559803	0.06548797263709227	0.12686492610560282	0.12934027054767916	0.1285828079127697	0.10426542627124472	0.10479568543198414	0.07291321893985116	0.09846299356689091	0.11220537683784144	0.13562219267852568	0.05253326690334418	0.10361165910316164	0.05826155714082973	0.15168358786049999	0.07159519968932271	0.06739572099757933	0.08691983924950165	0.1636207215730365	0.19785754056530608
18000	-2072.71307266334	-1033.306871799274	-1039.406200864066	0.05663109228319823	0.07978701087302958	0.08597314043771628	0.08241180438259532	0.18317318988351317	0.13373952482007526	0.07967519566739294	0.09092021947309419	0.1250275375568096	0.11070790287596266	0.0718780720495901	0.11806078121334156	0.10161929169734776	0.07108360634166416	0.07199128543985726	0.15489126716788684	0.07405129085272112	0.0789399288460903	0.13092368680992664	0.10312610756408383	0.10362615730549063	0.28021506722586886
19000	-2073.0940047816757	-1034.9314345817718	-1038.1625701999037	0.11384586547290942	0.12596118881884705	0.11022759371397983	0.09721654948804036	0.1782250753450631	0.1380145294946773	0.10565443895516913	0.09554683033692629	0.0732003161538715	0.08406166248600391	0.07570706994618281	0.1621400951506019	0.1322254167420404	0.04973383304217517	0.08431144907853415	0.1199735430836892	0.06531602776696403	0.10461683218961647	0.10044204789261847	0.074719492408257	0.0863009243698685	0.28814089184594555
20000	-2078.098916858783	-1042.3352249467437	-1035.7636919120391	0.10191405036078642	0.07404546804348423	0.05881499110271281	0.09318088439484694	0.10077387125427377	0.10449546385657714	0.07732933872601053	0.09988578624954661	0.09767960345059139	0.09046139268636101	0.0989635683432269	0.0836676127419993	0.09960030976614039	0.06387525976282597	0.05125563695603181	0.13265584480076634	0.09244056579993859	0.0743162442839468	0.125756881885713	0.10511897645045852	0.08264213201880496	0.21806518839148534
21000	-2100.3156886100533	-1064.3600843272416	-1035.9556042828115	0.14012608473721916	0.11199956463824551	0.06279113490575843	0.11281831134561275	0.09150233677781094	0.06663143938616563	0.09032667501122069	0.1744501394534001	0.10449018416519383	0.08835826961276448	0.11555548519047056	0.09311615606418902	0.11466691333071871	0.03999021696626447	0.14351170869829089	0.08153396054908825	0.10964585472233136	0.10531701764634387	0.07203224925991683	0.10204930891802297	0.098493417816377	0.18623749241758114
22000	-2086.114432627627	-1043.4709417991276	-1042.6434908284996	0.06543280117756903	0.07243878525893284	0.0947548070574271	0.1411717913089931	0.14740791919106302	0.19076900016007503	0.1268491200863114	0.14697622413248415	0.07898365455957634	0.09811018675543193	0.09476220709614885	0.1816618461993232	0.10017728939931	0.03776633001444304	0.10806812730297592	0.12283896660915837	0.08822121176975233	0.05919114886122474	0.08554847906716026	0.07338742286953254	0.10364018147643855	0.2468412248603208
23000	-2073.5009877587245	-1032.8401397130574	-1040.660848045667	0.13957117824243567	0.14509642847231666	0.11708515755836404	0.06180798662259821	0.12344895936561319	0.10774828100933018	0.04756244660197285	0.20053438404294183	0.04547398485624798	0.08085371891572561	0.10849861514491645	0.11152004919407657	0.07583344571774753	0.08137531855931349	0.050027136721830213	0.07961590002548405	0.09746848446906467	0.141356763237994	0.09745479690814432	0.08549287235738233	0.14152903655972143	0.18166546872925649
24000	-2068.0439682367896	-1022.5462494223018	-1045.4977188144878	0.1123686003759867	0.05786610948043721	0.08606799665695983	0.04723522534378598	0.09846113057408672	0.09072918874849832	0.07434478338960501	0.049785511528820915	0.13875729795904984	0.18355956672778942	0.12204527259510485	0.07627842455318026	0.12274049953114435	0.057148333233575994	0.08395468065351727	0.09237926867143723	0.10012053279039913	0.1520627874668564	0.08206648845467224	0.12502107749543992	0.08866916796423298	0.25035835118238525
25000	-2095.509125333956	-1057.6185955135966	-1037.8905298203592	0.11815390987153546	0.09488698087064454	0.14725981512354044	0.06717514212066283	0.04368287843738059	0.08150807013471115	0.12040355550930062	0.11001082600237863	0.08529961807910558	0.1182765103172541	0.09391143462576194	0.16731015245805328	0.0938353059996082	0.06335431449052474	0.10731652242775491	0.0736487808172067	0.13242277549170917	0.1366434313958159	0.058425844698796914	0.10345999823316117	0.11095975931903462	0.18766032268734922
26000	-2064.6760187057807	-1026.387277966975	-1038.2887407388055	0.07631884330523676	0.13247401276572127	0.14831347984782892	0.03802142132314504	0.11985831484962321	0.06635248533290891	0.09124078837708506	0.08116480824493565	0.0730753430584067	0.07440301875376837	0.10207443025889082	0.07498853863497881	0.0883816525116165	0.08711721697768787	0.14941540847373108	0.09052338217350765	0.1356300117695743	0.1094257045418496	0.14705176064598763	0.10925385697429821	0.14297008794417332	0.23611111945992852
27000	-2064.8816510166907	-1032.126072387654	-1032.7555786290366	0.10273077931149713	0.08711854261533801	0.08074635483049342	0.08683505360669985	0.15354261963068025	0.1338153792071756	0.11113587313759057	0.13225161703086627	0.12118044489555452	0.16203453107528779	0.08734796055909506	0.08549368098466457	0.07294631418785498	0.1270539917745659	0.10823063240807085	0.110607635600212	0.16907913178161008	0.11237458177004629	0.05689963549485425	0.13077909189958672	0.11263594005106897	0.2780244053261606
28000	-2059.611253131496	-1021.1846889347818	-1038.4265641967143	0.10876092729008728	0.08225450375009546	0.08105662678892464	0.0870438923335408	0.1418652949904096	0.17037143511406938	0.08083360773078715	0.12567932319450179	0.16656098150913878	0.08854662239055673	0.1064773769039561	0.06924084394308676	0.10343773327282803	0.043873370665550686	0.09607398388453688	0.12118930017589398	0.11807465524375259	0.11386465865234983	0.12329717860110989	0.18135662565479285	0.07673080455023217	0.29892507537525215
29000	-2071.3713329454104	-1034.2144970425338	-1037.1568359028765	0.10101931584731083	0.11663824352019135	0.07429343921607909	0.1231267402584378	0.08162413195297902	0.12771508390926495	0.10897755230991478	0.08247760787621601	0.18633712365723604	0.07937020784784064	0.12521263733794696	0.052019877356253776	0.06046043822176894	0.04856818933216065	0.09986743541542276	0.10635930707773926	0.17772100700112442	0.0866884388863845	0.08677639605548165	0.08944646077993607	0.10336998832577309	0.19105498732221526
30000	-2073.0534085543222	-1038.4243497407942	-1034.6290588135278	0.1315599452410892	0.10812809868045097	0.13713743981266782	0.13600243721367455	0.14023438866571977	0.15078289291435418	0.137911217086113	0.10134594126019911	0.14553869681989143	0.05121290748992749	0.11231037539443148	0.089363383911164	0.1156724600151415	0.06249734190029497	0.21182000732981357	0.12140515992835675	0.1200479359677342	0.08016327759262118	0.09138448191295928	0.07674015060568759	0.1174932825318689	0.2640816157966278
31000	-2077.7120210329404	-1043.0202334782514	-1034.691787554689	0.1143817402473345	0.06861910477068019	0.15636863881631993	0.09143077329187263	0.09731715188292321	0.10362357983807335	0.05089088975784627	0.12178388049383958	0.1257987004464981	0.0898821354444204	0.10602839202026419	0.08388257167265055	0.1018291934294953	0.0884310047075126	0.11719769784397165	0.11167649395824031	0.09763788427844203	0.07847938780611206	0.157147632066761	0.15684989412538342	0.12730395089756588	0.29613330746908034
32000	-2072.1008687629255	-1034.0403082529563	-1038.0605605099695	0.1541263964826454	0.1248559754741904	0.11899421648478202	0.08328631852706604	0.06622157982042266	0.11087627446993109	0.08160181082409346	0.12022632097758287	0.13427972449263245	0.09574033684095976	0.17597179661946158	0.10785567476079759	0.09399161770037719	0.03510271151406347	0.09120910215929288	0.11377733356547187	0.12766546252437455	0.10080371192443795	0.08296066816151386	0.09156440643155789	0.08872253189503454	0.30380349768829057
33000	-2066.8759892727803	-1034.01362441982	-1032.8623648529604	0.11301668822272797	0.11282276316082798	0.12284599110376353	0.08600540451981144	0.10411129349616696	0.11185090999769735	0.07817059745492523	0.06919167450654823	0.06926887418556336	0.1491444282543582	0.1016711291569979	0.10240949601622547	0.1276643752519928	0.07563773760251989	0.10450795930808271	0.08823533491739687	0.09836024132951904	0.12760343291928353	0.06681724769021265	0.1644356990757395	0.0851608004568051	0.24850705769104756
34000	-2080.1929967788833	-1045.9234369843246	-1034.2695597945587	0.08578836957634436	0.1010896362020548	0.08880216550087602	0.1015845655014757	0.13481827673857497	0.10739668881390638	0.10927354551050589	0.12415732142074007	0.08702480714272763	0.15775473898303038	0.11408027605784496	0.09186524370944694	0.0861959640035984	0.11891564272777855	0.16390950127024967	0.1321214452074545	0.07765042391129971	0.1493532563566292	0.1022514570810309	0.15538837933251368	0.10297034502983203	0.37455939018263934
35000	-2053.449022515898	-1021.5986417732001	-1031.850380742698	0.07895763970006052	0.12542878525370782	0.09654922493366166	0.06746065615169143	0.11778066168632467	0.13129660226942605	0.10521334466170004	0.0969286384970565	0.08138957158563044	0.09460979641008566	0.0892017310771235	0.09890358240615753	0.12020959330612986	0.060287832390761596	0.0808359297841619	0.09184982176967466	0.08541786203191844	0.06219585908597777	0.10170058651654568	0.15309566000084915	0.08373815358546301	0.2033882512849923
36000	-2056.6076015275603	-1010.6311201154211	-1045.976481412139	0.09233315455209466	0.15379948449752875	0.07679082702779029	0.13703787259194192	0.09063633399656904	0.15540878733553115	0.11171926931863145	0.094262934661722	0.09642300973405726	0.06811380873158045	0.09277533024746082	0.11631335950095847	0.10226303896504227	0.03862618549676789	0.10480663604096031	0.25022281398209356	0.09997942839946602	0.1479586617809586	0.08263413951375899	0.07160979500811941	0.20789847813494744	0.31334676753545154
37000	-2062.4127879864072	-1029.0706285389624	-1033.342159447445	0.14012746420445354	0.13667093156909618	0.12523855826616856	0.09420748706245005	0.10476413684649194	0.09797201863618371	0.10640215508557745	0.09189667534382845	0.21584492494657428	0.08736142977483845	0.09312647435379655	0.12233927348807941	0.06976713126077423	0.08118881107992472	0.08843423401005165	0.08735035476631385	0.13197258738359008	0.09161288978881456	0.07931866193725759	0.120802413895059	0.08415218290896581	0.2642994984034122
38000	-2071.9934340911486	-1039.4452673934763	-1032.5481666976723	0.12333495571844451	0.07711394076051226	0.10185053992651769	0.07756875999893009	0.1313845121228494	0.09569947834782964	0.12348923076341217	0.16420245038192224	0.08430115151003235	0.13609073467829844	0.1984755857719613	0.0890527582257467	0.11540473810125824	0.1003307887993452	0.12467131793184992	0.1134101757419106	0.07354595691803904	0.10261429708079967	0.16208172224136339	0.06772261289714857	0.08947872253558482	0.2719205407223252
39000	-2075.8454372953165	-1035.6843586492969	-1040.1610786460196	0.19761680998618383	0.1608544873250995	0.09055991999229773	0.10640868469079845	0.07124128313958496	0.10035371145995842	0.119766704350656	0.20695938265855002	0.07515220907358691	0.08556536013955544	0.07381788018662104	0.16795312359618375	0.09541036565340856	0.09517820058250893	0.12010208367022965	0.09590266259937613	0.11934705682318401	0.09029600721285846	0.10448864342177311	0.08376587722521821	0.1015554666219511	0.4091710999185303
40000	-2052.5887122575978	-1017.4083601857316	-1035.1803520718663	0.1316218264066261	0.08791429994205155	0.08584462123773917	0.09215788686249009	0.07969788137858237	0.13890760075281783	0.09882559700511169	0.06859866141753493	0.06777176745240125	0.106488474192149	0.09140869447161841	0.11320877329742811	0.07640370067532733	0.06131388094521595	0.1202196631539394	0.10300099128242511	0.13723981446757064	0.14842003620416502	0.11175105686702132	0.11458003673730525	0.11793740874775968	0.34380087094835143
41000	-2055.75252070444	-1015.969331536623	-1039.7831891678168	0.06309695418584185	0.08992524406313047	0.06770066303151111	0.08361275106457236	0.10623263667240045	0.17096337650174523	0.2041554845888236	0.1696129253384975	0.08954692038050216	0.056413301923461015	0.08027933938155121	0.06931940685892428	0.10593508485275757	0.06236776727678235	0.054825494564200106	0.11503961545739735	0.11499473983357755	0.12698474225036036	0.0970898678520637	0.10348563107096792	0.13426116018943174	0.1857790751347562
42000	-2077.1188525688567	-1039.0139071774609	-1038.104945391396	0.14511486482485011	0.10697399735561046	0.1221435673057135	0.10745565693977997	0.05442480804785511	0.16224489727841612	0.10769314966819657	0.19159051403386887	0.08287432774238786	0.14869804092518416	0.17937280020027135	0.08770881362800179	0.06427390151100776	0.05740220950107907	0.08494200015278797	0.1201161399703746	0.12642251504316532	0.12929905905012135	0.09356486642872258	0.09255065333005255	0.13216667925122086	0.28096359883559685
43000	-2067.225376444747	-1036.4494214187116	-1030.7759550260355	0.07496001100403592	0.13152765273706077	0.10826824555673004	0.0766891590588564	0.07098184840742394	0.09382066689048946	0.09595234636754751	0.16249473681140672	0.10747394074017141	0.13437730165180312	0.08858568031821511	0.134649850512183	0.09513749154134243	0.08477081168196585	0.08222297462218686	0.13449313793714	0.09317602866278449	0.08878521864365754	0.11499521374658549	0.07643694633373514	0.13950876003197973	0.2558834160395729
44000	-2074.781130555909	-1037.8235290351074	-1036.9576015208017	0.0704732155500592	0.10605551484474915	0.10752383892727863	0.07885807301406084	0.09810459300356865	0.10435849789703382	0.05482321394200596	0.1540180337039868	0.0496560797861826	0.08037371811114351	0.07216807112371272	0.11335998641777689	0.13771938216780572	0.08478766832621441	0.1085505378153395	0.09752277047212435	0.10813594972335193	0.09851403089888634	0.1253219434226958	0.07484734145613872	0.09980928701643278	0.24998803351478002
45000	-2076.1686123829577	-1042.6521868663513	-1033.5164255166064	0.12161857920001656	0.11844050268070062	0.10807515604395307	0.08134724601302107	0.09759400685891767	0.1221917098897575	0.11987879868802817	0.0958287040020904	0.07455846399732828	0.06895745251236007	0.06305730745331443	0.06152101153961657	0.15284265440882205	0.057332437985169654	0.10041837609357233	0.0927914255771331	0.09001727348013167	0.10466936688557263	0.09341500622666209	0.0719413433942897	0.1299203085509102	0.19535742065207068
46000	-2094.7498664078407	-1058.395795134491	-1036.3540712733497	0.09035834482293935	0.13171769777187436	0.08693513579637815	0.09974102710038685	0.11652080177705006	0.06584500282847072	0.12682118649490265	0.05746522142380867	0.10282801006743876	0.1672220223821309	0.09150872827753796	0.07625862713406596	0.06776317127081717	0.13265375022839057	0.1272252149006223	0.10024089118327158	0.10740516681263733	0.09778595286580437	0.11271439270968941	0.12271866047359782	0.16439222960361896	0.31434210725275574
47000	-2049.9484631725186	-1010.665553134381	-1039.2829100381377	0.06397708439361438	0.1232801740321903	0.07302734087068223	0.04982983715168918	0.08808037573597448	0.09705474279909646	0.08320942601098354	0.12225349258745372	0.11662034482235728	0.10565450345372408	0.08562556548280437	0.123172957501497	0.1493309386944124	0.06803042476496358	0.07697580103249362	0.10843267785335954	0.09588162634481685	0.07050349442817329	0.10281707607811491	0.1273051937798344	0.15854066225382596	0.352153647989147
48000	-2067.7429599615134	-1032.633722412372	-1035.1092375491414	0.07414178089232445	0.09933541327808938	0.177625443255685	0.08502700117729856	0.08548933006202226	0.11964437100881743	0.1207257810963258	0.1380401568826203	0.0769755841564217	0.08353810635922289	0.09170345895537493	0.11534705822161889	0.1363772106628149	0.07328287530927742	0.09491783765117642	0.1354900112208015	0.11756909943309804	0.12459401502767459	0.10199272481740905	0.07910294172667817	0.19212723184487426	0.26110097207893723
49000	-2087.3564431242185	-1043.8317149263364	-1043.5247281978823	0.10092678062716201	0.08098573587481164	0.05256346562667225	0.09092190572922301	0.10263621380065316	0.09489766393222307	0.13955813104708356	0.07098243646366219	0.09827581731358795	0.14313685465731757	0.07496628104866956	0.1116200826778316	0.03486167616562909	0.10298777844029187	0.13620726280165799	0.15117164056764934	0.12065823659857913	0.07572202676327135	0.12335741783768742	0.08051314761930078	0.12490819966691778	0.28375123374428096
50000	-2081.2275081748776	-1037.3288215936889	-1043.8986865811887	0.10036426247785946	0.12410552309540644	0.1509384693451833	0.09041630388770917	0.1394538384827715	0.07462563163589389	0.0962164285394088	0.12955438452996715	0.027519419880135673	0.11747394515155966	0.14139312349953717	0.10280191432215598	0.12276477595162232	0.058136164985244744	0.07766104019389015	0.09409909838400617	0.06191033967911871	0.09368803034596185	0.09719157521165624	0.11700372872057575	0.09637347834238084	0.2928559045964225
51000	-2054.392134426951	-1023.5489840600872	-1030.8431503668637	0.12745964053006203	0.12680349149115988	0.09272191053051651	0.07542910964054281	0.08822328552267202	0.15239227135447106	0.12526440928923452	0.15102153800680573	0.08329465971555611	0.11447073770087304	0.1290140313620561	0.12441866747657934	0.090423304088731	0.06526049231500795	0.08000396980983394	0.10238112085567105	0.10201575948195991	0.055844428902583274	0.0852299361408377	0.09376029849341216	0.1024947396138235	0.19906283312785486
52000	-2097.418556385056	-1050.0917231792512	-1047.3268332058046	0.07911257823982998	0.06767074715166974	0.07370764559627509	0.04700899646995581	0.056401858295134354	0.0816626368131496	0.13899518155357765	0.05421289540115736	0.06647514825215026	0.0954999062871351	0.1000270854594702	0.13727053236260725	0.07571356449282615	0.0886291215455982	0.10913041283777651	0.0922997683879689	0.08187793409958559	0.06838453560680204	0.16156320126988233	0.11968885837915456	0.12843194466988217	0.26874267015529135
53000	-2091.239552064061	-1051.1749122126653	-1040.0646398513957	0.10235847931675163	0.082959470696996	0.07914850664550861	0.10221815785063394	0.08318162656871755	0.09100122436358635	0.13194437943741513	0.1098822830702581	0.09278507240708601	0.11208391799142127	0.16300959608702176	0.09971747863729556	0.06546684405230362	0.06544943394194584	0.07232150916141117	0.10408126830933188	0.17090351869361356	0.14949174068076052	0.06384726389226315	0.14510492844359754	0.1003292329009735	0.32769972389879654
54000	-2095.312744313701	-1058.6263565203233	-1036.6863877933777	0.10160592949493973	0.10516745199736406	0.0940258586078966	0.13929504860211836	0.1989447394924888	0.16981590064636368	0.13625516836818669	0.1066934892487691	0.11463630341767977	0.07752818779724072	0.1437583064131378	0.060132302883012224	0.08425088533503108	0.08824895755490686	0.10743137828337031	0.1499224252619255	0.05739764539836203	0.09872926209612838	0.11977769135327702	0.10611605045116544	0.08418369426614906	0.29235491529786084
55000	-2064.0099923831744	-1019.0686254082533	-1044.941366974921	0.07915656908438083	0.05950451146484487	0.07562940121689002	0.04619050637671544	0.08185136494361682	0.09267824442177273	0.11282632147651526	0.10561557935294921	0.11557157483551482	0.10392347834540248	0.04868434138498669	0.11845958663952992	0.09469288513993053	0.05569248394186006	0.1811291427854515	0.06306425063709843	0.13797337859349298	0.08741542819755077	0.1122532318255186	0.06145685239854794	0.19833336664332268	0.19294111008912762
56000	-2075.7802417152525	-1033.2800557119945	-1042.5001860032582	0.07746011180598338	0.09421812129399389	0.12959180692595082	0.07020553273965532	0.09309259770163025	0.06672174579003369	0.08208649512943936	0.07019361254220528	0.09925524867175756	0.12532232104977184	0.06680219902903173	0.07915975089077178	0.09481023337037198	0.12096115492408589	0.08645279484143431	0.09852500536557482	0.0770873517547342	0.08719159857653325	0.0972595841627245	0.07294693812425683	0.07828592602552359	0.45857623572248507
57000	-2069.8111970172667	-1023.229994855307	-1046.58120216196	0.09654760403358087	0.12738843151306828	0.05380422739730515	0.05527980186914645	0.03820405920432436	0.11621672865768973	0.0842135892903079	0.08985650190228968	0.11464734620419989	0.10080285498441152	0.06138862083683851	0.07266766521479481	0.0882880285436331	0.14294593840902511	0.13258376178966716	0.08044889647486238	0.08196621022548747	0.08945973156860748	0.12755297533286938	0.1557238422061701	0.18451746622319226	0.36132635798813206
58000	-2061.391189825517	-1027.0990618020796	-1034.2921280234373	0.10934309979632094	0.13336666507980457	0.10973497868850417	0.08290064456739386	0.08150765022090226	0.06392677872269358	0.10944022073725913	0.09025110021291581	0.11115119251479413	0.11365807730076875	0.09075471381535602	0.15265441119286743	0.17843871609121442	0.07179742982717092	0.03931730865149449	0.13239421781076902	0.07619169285847485	0.13185295409091424	0.10188943915899375	0.10007774153671056	0.11083326528503042	0.21285601859506298
59000	-2086.6095672103015	-1054.9383295345242	-1031.6712376757773	0.11794029547334503	0.06457941811486412	0.14829682286465762	0.10107746316664208	0.11054982415911979	0.08775264547826798	0.07805723096096089	0.06747307522166401	0.121042265100469	0.11616692799460714	0.12383567969922611	0.11579334683693752	0.0830355039048463	0.1007290030931824	0.06982296692502911	0.12514561351482822	0.09185312374427287	0.20490862280504596	0.10704512771766148	0.07368656101462001	0.09205410176059492	0.17984523582397746
60000	-2061.9700683653905	-1025.3554338336803	-1036.6146345317102	0.10840080151630464	0.10080332686747777	0.062016980174799646	0.0571312031154878	0.10094235966407618	0.10267538647028991	0.11314214546942987	0.08731322691123976	0.14694408234345063	0.14719549370328833	0.11673020552318171	0.09489703323688886	0.15149792304329118	0.10201506446194841	0.0946823469911277	0.09689191435045454	0.11551321494779922	0.10815255168764891	0.15277431552516654	0.05849095572769367	0.11932975469877952	0.3201325792027599
61000	-2082.5673125435633	-1050.1716586967798	-1032.3956538467835	0.11324920005900459	0.06841253239813373	0.1405565597700114	0.06934912760333987	0.13229029336031423	0.07118364965186261	0.10963646506142426	0.10854995125817572	0.09796043170267447	0.12119114116273669	0.0824265637525458	0.08471023923264034	0.08931872356423422	0.07236735962385694	0.10394278710287111	0.1440306111016519	0.1528239414500174	0.11318521116902537	0.07215412958421055	0.11535524886729531	0.08872927521396873	0.20099491286474064
62000	-2084.5315708155276	-1037.6140362878505	-1046.9175345276774	0.06603387805217571	0.04241086861340685	0.16254907648476702	0.11287874205430332	0.08610089927384772	0.0458069472695079	0.09908496215024093	0.13331305644779817	0.06557807366173762	0.1059686459172335	0.09746042572697962	0.19424882975785243	0.12985657432729875	0.07502406182684354	0.1297232561000149	0.11257510742667057	0.08175471282619294	0.0711486435271097	0.0925320108672416	0.11855904258233048	0.06824179041806118	0.34130418913069366
63000	-2084.3167968377256	-1048.3443717464195	-1035.972425091306	0.10701357651635203	0.12618681206346047	0.10733382632323107	0.051635654926602575	0.10208644577023518	0.07155354687769813	0.12553895914649266	0.08001709290786413	0.11115251180607845	0.13472943006293153	0.09972021482622676	0.1443558202301087	0.09415146251584726	0.09411014963803856	0.11096486245956284	0.07825780952261609	0.08772763235922383	0.10855560378966285	0.051482094765826124	0.09919954124063936	0.07448789486157616	0.2739753189777512
64000	-2064.1125604507924	-1027.2530002776566	-1036.8595601731356	0.16035629840013355	0.11311001476608863	0.07105004178677629	0.07827175218340471	0.1165245665228579	0.12019448499155634	0.09989289361196375	0.08137135029556707	0.1264228628797554	0.10087752611876799	0.10822254117918652	0.11261477397220974	0.09672683060514234	0.0563357944640697	0.1315810575329786	0.1438591692151778	0.13036604491718248	0.16775352426585033	0.06543426459070059	0.06235233708454932	0.08438129594962242	0.327806720787305
65000	-2072.2144205996356	-1032.6938421105997	-1039.5205784890356	0.1455794151489876	0.09954097222200432	0.06751283208058058	0.1009686964572619	0.0705725501386963	0.12489563465212389	0.06503528709611758	0.07951155081470994	0.12322920783658078	0.05669885404293374	0.08405787680526068	0.12966214268664525	0.13754685952040843	0.0930767665589897	0.09962439151751924	0.10823631660628741	0.14039031527231052	0.063437993749782	0.0881528778166243	0.1001473562358948	0.07807279026432665	0.3189209505652709
66000	-2077.2408182952804	-1044.3101953903679	-1032.9306229049125	0.13828249061285935	0.10890880909737664	0.15793203008134493	0.13824694839068433	0.11005655757133367	0.11761228844801616	0.13566396867558145	0.11618268763405541	0.11157633881188032	0.11784790315825289	0.061466403059867704	0.07699368938213129	0.054835561225815	0.08163197018070285	0.17323228470737356	0.19290937153559332	0.1352558782888988	0.11744304858888151	0.14381094630498523	0.09484448294138316	0.10410212418610021	0.238310518475088
67000	-2079.548311207095	-1036.1144516557672	-1043.433859551328	0.15832187711935866	0.13537406462184995	0.12607304887273363	0.11960128403991466	0.09503306434913118	0.21866593047939162	0.11077754729081377	0.12073114535163591	0.06973215894691871	0.056557620684674646	0.09300956812021938	0.07279811538020974	0.11705457862043495	0.1168901290149579	0.07036949216558785	0.12989983899813867	0.11034377435314309	0.06928784560735422	0.0764941928572164	0.10512642227230591	0.0835497777021549	0.5464144262825524
68000	-2061.8294679327037	-1023.0568669659882	-1038.7726009667153	0.07463810445870547	0.10518830638879997	0.12812258495898882	0.1341041594322346	0.10532617511450422	0.08656105799909927	0.12635433965669324	0.12180726668343639	0.10570760905094755	0.15471130094742996	0.07817073656085666	0.10437436089940265	0.16667608382786445	0.07028387258641604	0.0895170003538118	0.09531623205771977	0.06420645606246737	0.11236017566048279	0.12666203988309502	0.07605586983231177	0.10435193840027852	0.49452923597674575
69000	-2083.060999317433	-1045.5609132689094	-1037.5000860485238	0.08331549057744755	0.07431953904922545	0.10628953021319593	0.11651822729842193	0.10283518571199583	0.1491838177436052	0.052409789688750666	0.07350011575326498	0.18343948891534706	0.1304982574723422	0.09420601410177451	0.11942464533107784	0.12169186718914017	0.0953048616792691	0.06934008050062176	0.1345228136282128	0.14291003662373883	0.12673945993937288	0.09764813888892403	0.04796936807272249	0.1447098110418462	0.21723555926037286
70000	-2082.734434996066	-1046.9186159092096	-1035.815819086856	0.11294434205566238	0.11386344425931998	0.12731740496966748	0.04260395708304078	0.1480536233321876	0.10009318034882728	0.09681142111824236	0.11630965027629159	0.11050554581386636	0.15014446619434468	0.08478104330146684	0.07336992831820209	0.07383005973489697	0.08840527108045752	0.08971359064828655	0.13111442090219472	0.0918728877864183	0.183502901654474	0.1276702057957996	0.08174861624427443	0.14294127646011143	0.25085817668273763
71000	-2085.2862463730885	-1054.3737747780417	-1030.9124715950468	0.1441997514869743	0.0564755022787445	0.08590877777129198	0.08427062594759549	0.11543863829397623	0.11486119712025333	0.12028817230937913	0.14914503676735577	0.10803227700821492	0.1347815795529456	0.0697575967672574	0.12902150068511095	0.09243389418410998	0.08547510314037206	0.07927583996897179	0.07462067527593204	0.10827505644448207	0.11040445693009045	0.10951772930616607	0.10625037879258031	0.18069280880779887	0.17931128678008545
72000	-2089.0756460825223	-1050.249111736798	-1038.826534345724	0.1502812836624679	0.16649931968298315	0.1466662316274958	0.0783398819471114	0.1276329272688907	0.10432157945226193	0.11918111997135648	0.1530928164003669	0.13323164329677603	0.12470056553995262	0.08634489971066477	0.13584068456212786	0.07081244778469822	0.05746963625839608	0.07584572145950469	0.1225964093454319	0.07408963295919169	0.07707398651970693	0.06353135444797184	0.08523508814242946	0.13506830573178447	0.2886560634026131
73000	-2091.857982452468	-1058.388411644262	-1033.469570808206	0.0856324564516877	0.1624050902563183	0.11892572997667257	0.08046997283581375	0.059533983780589175	0.10417940548876435	0.1052143476555234	0.11461726221340457	0.07779216799464696	0.16069385016170806	0.0787190591850893	0.09795204826201945	0.048636863817642914	0.09993340339557287	0.088239004874405	0.15470787739848238	0.10407613136068211	0.14480483630954324	0.08582071612748934	0.0716552130991464	0.12426568048326316	0.17370588396278513
74000	-2130.205247836921	-1090.8602228843224	-1039.3450249525986	0.09712289533654529	0.05828072561281282	0.07018939701821794	0.141334906598916	0.08037306656633016	0.06249382092376092	0.11680652284932506	0.13660863278777227	0.06845745632738313	0.13987804312687271	0.10497970223881964	0.0863904533905611	0.14493836838891616	0.15746353556990783	0.07381395446611175	0.10587476653499865	0.12105079892326596	0.10517045855488974	0.08621673998172796	0.11875016242347829	0.10217797418332801	0.3432202577052293
75000	-2089.153252459203	-1054.4101203114026	-1034.7431321478002	0.08545492347233279	0.08813399889519072	0.05257557736846291	0.11179249321159569	0.14180384360945011	0.1378650732004454	0.1078366986020601	0.09832037389414876	0.12940732242320493	0.0874561820682286	0.09443550949633775	0.1351548165302468	0.1000827455684237	0.07475501095200995	0.06653384836714109	0.09680414534138161	0.1504946517940293	0.12173339940831182	0.20493588641634494	0.04413138247839071	0.14151501565752206	0.16993644800332083
76000	-2061.2057789964474	-1022.626982470836	-1038.5787965256113	0.08051081344473804	0.13338298783844232	0.10586667465846185	0.11314644722637242	0.07174947699291206	0.1267504769225465	0.13371108860837694	0.06733938766720804	0.1553040562657474	0.16341042649243803	0.08710329389684339	0.05560901266284212	0.0954052147507398	0.06098426674791273	0.11272091933917505	0.10091883089760123	0.052037579446510523	0.08506330913838651	0.08976304070396599	0.09563935949536476	0.09631715412906526	0.27641408163565456
77000	-2065.727439975928	-1027.4280305137602	-1038.2994094621681	0.08342843684454528	0.06827822053292447	0.07416368638197225	0.08094765403867375	0.11120424646185487	0.11165307690069512	0.07620755741269471	0.06150057182001089	0.08740533704085944	0.061273264269453516	0.10230182510210147	0.1586500548240417	0.09842128590055303	0.07691920977432208	0.08425170242423606	0.10324955143451546	0.15724525245864274	0.1425437802495723	0.11526735301218041	0.1374857773350533	0.1058448280263396	0.31432609916035076
78000	-2099.01959304645	-1060.6491705229305	-1038.3704225235197	0.07001902664319477	0.06768336881971244	0.15319348439002142	0.12351459810114107	0.13760673901456277	0.07609725682406654	0.058672489165364904	0.06309034631032978	0.1265408308815325	0.08055898228419699	0.11584977109939526	0.14276495387330404	0.1039958675099742	0.11226754211795145	0.049520398003406796	0.06124880003405352	0.14979140685555323	0.12003451213782255	0.11698507488123289	0.10901580449005517	0.11868009402800501	0.22974901731687644
79000	-2057.5859024424344	-1014.5265982772775	-1043.059304165157	0.18064850811889854	0.1898414394148408	0.1355123220169094	0.07996075620407606	0.08385760538792056	0.09790625950057996	0.07462784508049544	0.15423123958787605	0.11045636552547308	0.12740284683046182	0.03675635145293197	0.082228729685804	0.10381139935442954	0.07124076346235386	0.09212295502036934	0.08431939626977487	0.1720127747381135	0.11164976123647077	0.12412104579541211	0.08171770643036157	0.11530399214605497	0.3304370159721908
80000	-2047.566642991535	-1009.4150960944771	-1038.1515468970579	0.12196935553028802	0.12040829018611987	0.10035578531088328	0.0752658590171976	0.08637833912778103	0.07830934009272929	0.10950174997140988	0.08884196396549275	0.09992447798277372	0.07773350572175035	0.10804483110365512	0.134164175869353	0.09122585448947677	0.08624452191848916	0.08565174946233602	0.12904928997548532	0.12219704458656352	0.048619728405256316	0.11699232009239376	0.06937320347654367	0.19187790381185546	0.3201405486258572
81000	-2057.8459372666994	-1016.6267465321182	-1041.2191907345812	0.08882242816024576	0.18711953000180512	0.09467140069625044	0.09102235059607014	0.21496976103737342	0.07743877379629896	0.11524652861344685	0.04903264976115164	0.1308463487896195	0.13330898870949076	0.0974458843319264	0.16076700079940112	0.10433364809342387	0.07460906919000028	0.09316286682597255	0.07245449642956785	0.14767947381526847	0.10238806218144449	0.0879667928529869	0.08367351663511016	0.08803896229094953	0.3770362802525273
82000	-2059.31942694637	-1024.79003523227	-1034.5293917141003	0.15196305778022556	0.07797718623235952	0.0651215974849564	0.11631685315048847	0.06252580593982321	0.13376597707542465	0.09823072904745675	0.0887737768435442	0.1048652510167127	0.07204679236068705	0.10525768840134073	0.1033026369347648	0.16985534098570565	0.07786559524903097	0.11301544511187867	0.08359969384927429	0.08925870223326435	0.08845152428258635	0.07629873375848062	0.10581678097128933	0.16583155082582618	0.22125619921312167
83000	-2039.021249534957	-996.6245327059861	-1042.396716828971	0.06693641165269104	0.10398308782644465	0.10630747606598845	0.1209674900381276	0.09971960459908917	0.18997459240022416	0.1039248740307162	0.0958574716491759	0.02959965642253246	0.17755119087091012	0.14938624982056617	0.10341853075161014	0.07273995659770514	0.07412107506101664	0.08005735490069318	0.12092092505997727	0.10235486399328578	0.10229400799036056	0.08940198598408382	0.07097895148028975	0.11848361074946072	0.2808323138193851
84000	-2078.7627429312406	-1043.9937590986578	-1034.7689838325828	0.08706764188521027	0.0863490809963973	0.15433122604615138	0.09132336983468232	0.12303442357266584	0.13644673923406617	0.12554876986575686	0.12037299415583126	0.06017008169214736	0.10008612884567424	0.09225711366463729	0.12066350355892949	0.14578232429119248	0.08931864913201312	0.08541608977447603	0.13898231923942428	0.0847726554620517	0.08346624933645544	0.05591435860206196	0.08505935743237503	0.13782145850480226	0.25244299532216896
85000	-2055.6010044509603	-1017.927020515242	-1037.6739839357183	0.09870575053760697	0.1722476517306265	0.11585312505272832	0.11427497438745261	0.1014127113159677	0.16869870960969022	0.10225025519982914	0.10499272577179829	0.057278636302546815	0.09851755305370037	0.061437684321962366	0.10846905914053015	0.10068022945071496	0.0766502219307053	0.1087184925459121	0.10447836845202038	0.11074344910524139	0.06752394921262099	0.1132650020693086	0.11002816034627627	0.13597540995380908	0.38176400985667547
86000	-2059.530838576191	-1026.877595307806	-1032.653243268385	0.09949988182401809	0.0921873499369835	0.11325831729402613	0.0730751668352203	0.0923264222295747	0.11561964974733209	0.07582848348693264	0.09612654329552751	0.06517031836344271	0.1572305053439433	0.10670719089554508	0.10516930228135773	0.10752904119520965	0.074180582989344	0.0764897852221472	0.11957843668284852	0.12270202576449629	0.09053734337356492	0.13953395445017924	0.09627337176005847	0.10312799132192238	0.28666098888093755
87000	-2094.585071772828	-1064.666783331408	-1029.91828844142	0.09138916970384287	0.10068968590604879	0.16114492147265344	0.09319101348430525	0.14639553503833072	0.1737434615919175	0.10033856485548416	0.1090418198368518	0.09265612953899804	0.10334590778722677	0.09801718337543629	0.10474705380477621	0.12966327484925694	0.08339108290689176	0.07571961761951677	0.09889958265704463	0.14071997075091575	0.04335094963797292	0.12520336659740694	0.08115955703630005	0.07450688422349035	0.14466428110771698
88000	-2083.461787906842	-1048.651331384262	-1034.81045652258	0.13901495037567332	0.10329576474478001	0.18315746711951397	0.0978663360194825	0.23556970798873758	0.09627443415984291	0.09262634004677622	0.11722338062561054	0.1161086031305203	0.08829434959241775	0.1068125040161185	0.0931227394363927	0.09155139274679958	0.09677188665982725	0.0673207223896727	0.08151282588075864	0.11234349163628224	0.05279146139748901	0.1245464701221202	0.093730324790221	0.10033143434804612	0.19382654897883672
89000	-2056.6970047287964	-1014.7857404569207	-1041.9112642718758	0.14246237725723146	0.09697325639899489	0.1822494776012769	0.09785926054921101	0.08476224371793611	0.12294354565400209	0.13545890131575516	0.10415271817531652	0.0625347864821733	0.08840494131961146	0.10547855867963565	0.07702641688284699	0.09022064013903629	0.06822693827156777	0.07953636856532084	0.0801117845945251	0.10310899941692346	0.05191797801317541	0.05663149857678672	0.07479236618483308	0.09101009184473674	0.24046415025749532
90000	-2086.706700142479	-1052.0408121566825	-1034.6658879857964	0.13075087531499296	0.09481809900202377	0.09313298381905757	0.06002420420306317	0.1404921519201738	0.06772357568683529	0.1373202921353992	0.12546081730649467	0.14214979775141534	0.09108162972827373	0.08114490477784105	0.13987693754620376	0.13846048673347558	0.07151514306874067	0.09307096112651927	0.06628018237727001	0.10590216173814794	0.08171369590391205	0.11082608312687196	0.10123270322609022	0.1984935655968965	0.17902729148120938
91000	-2063.1414496235175	-1033.0199718465626	-1030.1214777769549	0.08281360119554426	0.07857402983556443	0.1367647846108099	0.07805194094045863	0.10028823681971519	0.07804508674747734	0.12380687972905195	0.11767407845537929	0.08187005454955962	0.11308102906216225	0.11732070217518793	0.13179064206994542	0.0941840157854833	0.0740998036793338	0.11002046565929698	0.1408256236770391	0.11733618760098447	0.09309584176281584	0.09167665612036151	0.08196074143326709	0.1556073799547331	0.22514155347617054
92000	-2068.4855448233075	-1026.031157608676	-1042.4543872146317	0.09206718315859157	0.08203299814903578	0.08539196873873221	0.05017891310547056	0.08725101308571417	0.1587038234473963	0.11723042245448617	0.1493521043201701	0.05285054314601329	0.03603678412287387	0.09684076505280342	0.13429270872946997	0.10311653936225108	0.053428597084627015	0.06986568895819227	0.10043123545655751	0.15712212502920275	0.08360770312124469	0.09453045500736668	0.12399149482091165	0.11370567094338663	0.2049043680994714
93000	-2092.5947410287654	-1054.7413656991805	-1037.8533753295847	0.08265639830250515	0.11929345004877007	0.09246875268044824	0.07105268018188507	0.07953452227050933	0.07331832189314329	0.12674871753074035	0.15920207003158315	0.1371480919795304	0.12127611684473606	0.2198557396818787	0.08823635312663035	0.06323767395708141	0.09840606284267488	0.10389537940722968	0.08288719662154188	0.13413808423897663	0.1102757505764798	0.06989154836737892	0.1482498159869812	0.07020033058722587	0.24744501113897327
94000	-2095.3520566239886	-1048.3152181878718	-1047.0368384361168	0.059848360632989955	0.12003592871727245	0.06273932119659748	0.10316522712294302	0.07254155419866523	0.1221777699679048	0.11233238211960624	0.16441325851886016	0.052011324398248356	0.0919162867874124	0.06149162477496336	0.06351100378372253	0.058592001334825006	0.1033556406587705	0.09457971196725763	0.09482119779540343	0.08038246629252026	0.07187301159868852	0.10230674483546495	0.08466419035788146	0.08392479374008298	0.29006161131518127
95000	-2067.6818507226435	-1031.5025904125332	-1036.1792603101103	0.1087471949932232	0.12497331936970654	0.08242894392004196	0.09536980022182578	0.10652861043166226	0.08634193345520917	0.09673153008198246	0.11584875735004432	0.0747427715143853	0.12580854093481775	0.08092016538360015	0.0808824036171394	0.1906993548032335	0.053752608527069465	0.11917343202433327	0.14133245597300775	0.08753327664603511	0.10732849684403319	0.09448325257474556	0.10023610798278373	0.06863586778789335	0.2829775542589825
96000	-2075.9875267567813	-1042.8804419675773	-1033.1070847892038	0.15950369809077333	0.10315210377584809	0.07340808303641733	0.1037346744841469	0.08169399122678664	0.09984310446294242	0.08141759420629477	0.0748738887230114	0.1160717276575125	0.10887778494145121	0.0860818773393277	0.20883043347908334	0.11271228313322992	0.09167520227009245	0.07417740451896296	0.11412892086937078	0.07090973791205636	0.09899974622037483	0.1267393561244178	0.09389523763191963	0.10187835576408207	0.23162945145027705
97000	-2082.2894624330693	-1041.1588166725553	-1041.130645760514	0.07312322904913353	0.09892681876837975	0.07958735922796821	0.0557029790613121	0.13038345835697387	0.12838907746735634	0.04196096933244037	0.13737768656430308	0.03757802878220626	0.14063980972042428	0.06241744828115845	0.15627674555898008	0.07264379674023456	0.06571565814603683	0.0981730778353723	0.1174765122168401	0.11599905799180396	0.11253456701913207	0.0844189048463885	0.07487649747828358	0.098895730948128	0.13784326331744387
98000	-2078.0932884452454	-1044.2306204545407	-1033.8626679907047	0.12081560918147427	0.15767472086236536	0.11462769427602183	0.07329771295960656	0.09197707037565907	0.11738384136272421	0.09616055944341266	0.13112205687084255	0.10740653629638366	0.09787908277644815	0.1052423892981244	0.139581758141122	0.07055780624517331	0.04941846413503045	0.10705335629507806	0.14014095373314703	0.09623302011614036	0.08200083943688512	0.09884123061908917	0.09504943660080604	0.12250605848552955	0.2632027407794326
99000	-2091.0975535669677	-1051.3388689984467	-1039.7586845685207	0.12713541211887974	0.09638994006646313	0.10796825212113985	0.09684273761155217	0.08476710679317817	0.04741398903208476	0.10056783028392267	0.10463700719362277	0.15637272148429252	0.10440725652716079	0.19514897652066016	0.10571622120560624	0.08635638882572738	0.05229013624640837	0.13248724076803708	0.08990306846941373	0.1261805406811263	0.11237069236998483	0.10327125131952199	0.12516289548458245	0.11938714244421798	0.35887447191607114
100000	-2104.633369729927	-1059.499596892163	-1045.133772837764	0.106855223142037	0.08649278307847585	0.10718595381140122	0.13001559993456463	0.0786586042897794	0.14983296684184394	0.10514454432902053	0.11969131300219296	0.03397301211728828	0.13036543717289892	0.11352134394046957	0.07906857940877585	0.06333970066037341	0.11200451592012435	0.04738365390931214	0.13874964855976332	0.06612438845398047	0.11720138656566106	0.12281262589775692	0.10350993664352715	0.10123973687974724	0.3498407988730725
