#
#model:
#
#<?xml version="1.0" encoding="UTF-8" standalone="no"?><input id="posterior" spec="beast.core.util.CompoundDistribution">
#    <distribution id="prior" spec="beast.core.util.CompoundDistribution">
#        <prior id="lambdaPrior.Ai" name="distribution">
#            <parameter id="lambda" lower="0.0" name="x" spec="beast.core.parameter.RealParameter">10.0</parameter>
#            <Gamma id="Gamma.0" name="distr">
#                <parameter estimate="false" id="RealParameter.1" name="alpha" spec="beast.core.parameter.RealParameter">2.0</parameter>
#                <parameter estimate="false" id="RealParameter.2" name="beta" spec="beast.core.parameter.RealParameter">200.0</parameter>
#            </Gamma>
#        </prior>
#        <distribution id="snapprior.Ai" lambda="@lambda" spec="snap.likelihood.SnAPPrior">
#            <parameter estimate="false" id="alpha" lower="0.0" name="alpha" spec="beast.core.parameter.RealParameter">11.75</parameter>
#            <parameter estimate="false" id="beta" lower="0.0" name="beta" spec="beast.core.parameter.RealParameter">109.73</parameter>
#            <parameter estimate="false" id="kappa" lower="0.0" name="kappa" spec="beast.core.parameter.RealParameter">1.0</parameter>
#            <parameter id="coalescenceRate" name="coalescenceRate" spec="beast.core.parameter.RealParameter">10.0</parameter>
#            <tree clusterType="upgma" id="Tree.Ai" nodetype="snap.NodeData" spec="beast.util.ClusterTree">
#                <taxa dataType="integerdata" id="snap.Ai" spec="snap.Data">
#                    <taxonset id="SthBarrington" spec="beast.evolution.alignment.TaxonSet">
#                        <taxon id="SthBarrington_BT10a1" spec="beast.evolution.alignment.Taxon"/>
#                        <taxon id="SthBarrington_BT8a1" spec="beast.evolution.alignment.Taxon"/>
#                        <taxon id="SthBarrington_BT9c1" spec="beast.evolution.alignment.Taxon"/>
#                    </taxonset>
#                    <taxonset id="MtWilson" spec="beast.evolution.alignment.TaxonSet">
#                        <taxon id="MtWilson_MW12bm" spec="beast.evolution.alignment.Taxon"/>
#                        <taxon id="MtWilson_MW5bm" spec="beast.evolution.alignment.Taxon"/>
#                    </taxonset>
#                    <taxonset id="Termeil" spec="beast.evolution.alignment.TaxonSet">
#                        <taxon id="Termeil_Te3bf" spec="beast.evolution.alignment.Taxon"/>
#                        <taxon id="Termeil_Te3c1" spec="beast.evolution.alignment.Taxon"/>
#                    </taxonset>
#                    <taxonset id="Broadwater" spec="beast.evolution.alignment.TaxonSet">
#                        <taxon id="Broadwater_BW10af" spec="beast.evolution.alignment.Taxon"/>
#                        <taxon id="Broadwater_BW19cf" spec="beast.evolution.alignment.Taxon"/>
#                        <taxon id="Broadwater_BW31am" spec="beast.evolution.alignment.Taxon"/>
#                    </taxonset>
#                    <taxonset id="Kerewong" spec="beast.evolution.alignment.TaxonSet">
#                        <taxon id="Kerewong_Ke18dm" spec="beast.evolution.alignment.Taxon"/>
#                        <taxon id="Kerewong_Ke21b1" spec="beast.evolution.alignment.Taxon"/>
#                    </taxonset>
#                    <taxonset id="Dampier" spec="beast.evolution.alignment.TaxonSet">
#                        <taxon id="Dampier_Da11a2" spec="beast.evolution.alignment.Taxon"/>
#                        <taxon id="Dampier_Da19a1" spec="beast.evolution.alignment.Taxon"/>
#                    </taxonset>
#                    <taxonset id="MaresForest" spec="beast.evolution.alignment.TaxonSet">
#                        <taxon id="MaresForest_MF13a1" spec="beast.evolution.alignment.Taxon"/>
#                        <taxon id="MaresForest_MF17am" spec="beast.evolution.alignment.Taxon"/>
#                    </taxonset>
#                    <taxonset id="Olney" spec="beast.evolution.alignment.TaxonSet">
#                        <taxon id="Olney_Ol20bm" spec="beast.evolution.alignment.Taxon"/>
#                        <taxon id="Olney_Ol4bm" spec="beast.evolution.alignment.Taxon"/>
#                    </taxonset>
#                    <taxonset id="NthBarrington" spec="beast.evolution.alignment.TaxonSet">
#                        <taxon id="NthBarrington_BT4a2" spec="beast.evolution.alignment.Taxon"/>
#                        <taxon id="NthBarrington_BT6a1" spec="beast.evolution.alignment.Taxon"/>
#                    </taxonset>
#                    <taxonset id="Cumberland" spec="beast.evolution.alignment.TaxonSet">
#                        <taxon id="Cumberland_Cu12a1" spec="beast.evolution.alignment.Taxon"/>
#                        <taxon id="Cumberland_Cu6a1" spec="beast.evolution.alignment.Taxon"/>
#                    </taxonset>
#                    <taxonset id="Dorrigo" spec="beast.evolution.alignment.TaxonSet">
#                        <taxon id="Dorrigo_Do2c2" spec="beast.evolution.alignment.Taxon"/>
#                        <taxon id="Dorrigo_Do5bm" spec="beast.evolution.alignment.Taxon"/>
#                    </taxonset>
#                </taxa>
#                <parameter id="RealParameter.0" lower="0.0" name="clock.rate" spec="beast.core.parameter.RealParameter" upper="0.0">1.0</parameter>
#            </tree>
#        </distribution>
#    </distribution>
#    <distribution id="likelihood" spec="beast.core.util.CompoundDistribution">
#        <distribution data="@snap.Ai" id="treeLikelihood.Ai" pattern="coalescenceRate" spec="snap.likelihood.SnAPTreeLikelihood" tree="@Tree.Ai">
#            <siteModel id="MutationSiteModel.Ai" spec="beast.evolution.sitemodel.SiteModel">
#                <parameter estimate="false" id="mutationRate" name="mutationRate" spec="beast.core.parameter.RealParameter">1.0</parameter>
#                <parameter estimate="false" id="shape" name="shape" spec="beast.core.parameter.RealParameter">2.0</parameter>
#                <parameter estimate="false" id="proportionInvariant" name="proportionInvariant" spec="beast.core.parameter.RealParameter">0.0</parameter>
#                <substModel coalescenceRate="@coalescenceRate" id="MutationModel" spec="snap.likelihood.SnapSubstitutionModel">
#                    <parameter estimate="false" id="u" lower="0.0" name="mutationRateU" spec="beast.core.parameter.RealParameter">1.7346278317152102</parameter>
#                    <parameter id="v" lower="0.0" name="mutationRateV" spec="beast.core.parameter.RealParameter">0.7024901703800787</parameter>
#                </substModel>
#            </siteModel>
#        </distribution>
#    </distribution>
#</input>
#
Sample	posterior	likelihood	prior	theta0	theta1	theta2	theta3	theta4	theta5	theta6	theta7	theta8	theta9	theta10	theta11	theta12	theta13	theta14	theta15	theta16	theta17	theta18	theta19	theta20	TreeHeightLogger
0	-2542.2587753966436	-1498.2923269148714	-1043.9664484817722	0.1264359928362841	0.10041145017870183	0.07789172244663821	0.16566763077908764	0.1407546531130924	0.08948307332528248	0.07456496116247979	0.10928541893307908	0.05703574913160398	0.21698382715335315	0.0955468525166935	0.1183797820691967	0.16504360747915536	0.11810413166195513	0.10390845049668695	0.07650801321937876	0.08535685652679711	0.0538264385512233	0.08339874040960887	0.12142101973560203	0.12106915186714921	0.21362157000907347
1000	-2777.3191816138005	-1741.876627507298	-1035.4425541065023	0.08590226656994625	0.11113587044174758	0.14938084610955438	0.08632796245232462	0.0929329279127522	0.07417581565801393	0.12348867529393426	0.1073326232919585	0.10355439423712312	0.057221557503808716	0.04041541832459303	0.11535420985450712	0.07371143565352159	0.13630793229554683	0.19410740320400044	0.09263432476332417	0.07763211592768145	0.10633320132551698	0.13767731715122838	0.09506150030538064	0.06697313557426425	0.08114385044243398
2000	-2544.3679298490138	-1508.3378922606064	-1036.0300375884074	0.1295721925026354	0.12308750078014027	0.0966034860932577	0.11090918691081006	0.11450305003912666	0.048871040016964885	0.07147283301902053	0.12036243005042377	0.05604266422338708	0.12587961373175505	0.11849673593210024	0.12618015418573497	0.07283916525657674	0.09418276058525568	0.0458741770704568	0.11668516652206923	0.1410079110775223	0.07212102175962944	0.09916339073030338	0.10728149344753327	0.14774165888250784	0.09775609384397477
3000	-2946.356445068098	-1911.6576109424311	-1034.6988341256665	0.08918439667745254	0.1278427295486719	0.10624565707322949	0.1278514948043052	0.0604542604640515	0.06915150550989939	0.11069212839759175	0.13425303820554377	0.10424058267934515	0.09566841827934408	0.1347980147778582	0.07383127711995434	0.12105320862932413	0.12296053999755806	0.11090524501105728	0.14589194321963514	0.17192911982577883	0.07289683734515054	0.08661838415090707	0.07843003117691004	0.17233388211170259	0.13387227971722226
4000	-2469.9619047418673	-1438.9342364781123	-1031.027668263755	0.097006311453763	0.1195578468843369	0.06657077751376725	0.14102586670052264	0.061714824824547904	0.07593262592082442	0.10790751855056614	0.10743948766678367	0.13247714892111645	0.0957297100381733	0.06845173074715201	0.09149467245700955	0.15643436547444847	0.11155402781316111	0.09165800622108579	0.12700346917579844	0.14178511796546084	0.09787898614391413	0.1265102526919585	0.11590945260474662	0.09820657787589412	0.12200015653938685
5000	-2526.435781090342	-1480.0553473294003	-1046.380433760942	0.0831845709059187	0.0815131012947999	0.07312308631715127	0.07807599012570415	0.10249242342690729	0.10027038638871416	0.10448490086327716	0.10765012498623636	0.0664096638348311	0.1714359734295137	0.11291816403826449	0.07705961841925386	0.07553344419347521	0.08901186339711228	0.12605719904002824	0.08641990958599755	0.1290701771596866	0.07647018586284202	0.07273345859758666	0.15553146646262275	0.07556029554844723	0.3181086269990259
6000	-2598.3751522639454	-1550.7552238954659	-1047.6199283684796	0.09512444196171947	0.08425111603018885	0.061184000815516976	0.11138965054248802	0.12383799653449035	0.07807305209249737	0.15796460012194583	0.07812084651950316	0.10919257343610127	0.09040926347048873	0.07752497606327774	0.11834685791085474	0.07714948307239007	0.10229606305320009	0.10425297291244112	0.07812701691932143	0.08381890329000476	0.10560883103132943	0.07380974832029462	0.11365415143202003	0.11717394872887893	0.4615274222248216
7000	-2623.488108231589	-1578.539497773791	-1044.9486104577982	0.11134039944483952	0.10019858926309537	0.07700930334366174	0.07844753831120974	0.09469471767978797	0.07745889211646258	0.18096948094574422	0.0690443824059732	0.09693752335769115	0.18974694237716663	0.10729119153537522	0.10129051325566246	0.06847064557605097	0.08274152173994687	0.08672909431125951	0.1304982645113152	0.10769790768312673	0.12756470992801866	0.13247579772133306	0.08319736444447798	0.10971549957756059	0.3998698246054563
8000	-2407.809832874558	-1360.574380229034	-1047.235452645524	0.11007859717170602	0.10684366054898452	0.07589291755085882	0.11310716513928239	0.11577326798866476	0.08882633355563309	0.11701481772436742	0.07354945748522414	0.09627241844289014	0.11112881560655878	0.09905737527695202	0.15553707113174586	0.15212164268632913	0.1091922512243268	0.08061302394073784	0.12917588045037212	0.1336444926785546	0.06394459066714467	0.12759335821865805	0.08695276462177132	0.13219144249218803	0.5799118232831091
9000	-2491.181036133484	-1454.965260411297	-1036.2157757221871	0.0624013516537095	0.10510434773386726	0.11374289831605701	0.11342006486104493	0.17319459702583045	0.0942473854367035	0.09150079265731316	0.11245987425417127	0.09029190953664817	0.11641634552239707	0.08654782278619662	0.07467094164050524	0.13240403210784246	0.1519760439197077	0.09969850042305113	0.15404965377094726	0.08763151846998374	0.11719619215310764	0.08701738112713972	0.14885025312764516	0.1372132267099167	0.2136231014732273
10000	-2925.694547793912	-1903.8649711807216	-1021.8295766131906	0.07304899273637762	0.06969487560325414	0.1332522236180614	0.05510458028928768	0.08480441016579887	0.133288835162244	0.1095025017643162	0.13253756720028517	0.09474566394879583	0.09507800165551968	0.11305500092233914	0.13958316237067217	0.11777829506755766	0.07167193903886232	0.07249352520268253	0.10920663164321302	0.10314953010270966	0.10060014124112239	0.06514557303152438	0.1678701706405528	0.16562255295895542	0.026744423854450645
11000	-3474.5801960612666	-2458.416062360496	-1016.1641337007705	0.1271027250099847	0.11258577101156395	0.12711066925133377	0.09702257053670858	0.083487008967973	0.13819600132801158	0.11001282820152147	0.08991585692509887	0.13535875202693165	0.13698266438245132	0.06413522156966499	0.08152353688360828	0.14936965371182326	0.11333226553909802	0.09863507514598685	0.15814366732706867	0.09939119145476288	0.0767233956654425	0.0800736001192008	0.0672552888936321	0.05841495532147342	0.02137128683483791
12000	-3288.42459941777	-2271.5599523543865	-1016.8646470633836	0.07653804354105485	0.14156381740285445	0.09098467995517992	0.06918701492478171	0.16199134844642277	0.08122092705935127	0.08167592020334034	0.11304294093258571	0.04913896932252652	0.10182310433810664	0.1139724748737703	0.13201773335093414	0.1277768490624555	0.07741915004116773	0.09617193513693038	0.15610940043449895	0.13323048980124008	0.06923717839118841	0.1252300040801141	0.07018559451064481	0.17948767348029898	0.016261330851966398
13000	-3280.432215532449	-2270.946882521203	-1009.4853330112458	0.06858256855428659	0.09541099573404627	0.07576557059407697	0.0866762929662541	0.07879951949908165	0.12357707611225842	0.12157955132935519	0.13345882038797752	0.07922747664689542	0.11815335735443	0.08286005373244344	0.08124613773714315	0.11847008725718321	0.12367995887461675	0.13229969002743164	0.12522310214975568	0.06005218550579533	0.06499104791817427	0.08851981469962462	0.07008820555189245	0.15993452855793522	0.01670545892943214
14000	-2476.0339177497353	-1440.5559396718832	-1035.4779780778524	0.06419848009737096	0.10454514308534392	0.10766568034654683	0.10977478391611807	0.13772578838096344	0.06475907434869924	0.1669456670759118	0.11464451914484086	0.10827919412129468	0.08536458386867697	0.13801417673487867	0.109004047767569	0.1153162661969061	0.10614905962520778	0.14283604880473708	0.13126396552081024	0.07923089864767213	0.14080905574001454	0.17793743183899485	0.1104542093321477	0.13606657942047004	0.21165488588555212
15000	-2709.4754573132436	-1665.6799329602125	-1043.7955243530312	0.09962315854132263	0.11343337793307756	0.04870225178044879	0.10118588729002546	0.0761450026168782	0.1325539194096945	0.158224709427125	0.10833142013114912	0.09306498136884939	0.16230505803626355	0.1627114418060419	0.08651818590066643	0.14053501933780096	0.06437549089581082	0.07284991476942211	0.1148288158311275	0.1308672190880903	0.0910043221062479	0.08019832123103764	0.10552795033616554	0.1456237983471658	0.2610544497626905
16000	-2503.488217003411	-1452.71806783451	-1050.770149168901	0.15455804793885	0.07348001057191764	0.15904074721488332	0.052895997772166164	0.09025984388826319	0.13785771471462155	0.049193774660919364	0.14932652592763784	0.05646167528453859	0.10584570256316417	0.09132117794010923	0.07146950063497835	0.21197897496212711	0.09258390023312839	0.1356539820385201	0.09155781462605901	0.09599476997610067	0.07342855017424461	0.09501824976585842	0.16220906131448845	0.058431516510701074	0.2252630373738428
17000	-2412.592805151774	-1363.6599291678897	-1048.932875983884	0.17586220053429744	0.14665713204824019	0.07433910909635195	0.10428928560059124	0.14666462130319807	0.09035629229902029	0.07845830485564265	0.0687275005758455	0.11333002536663396	0.144471521646926	0.07748382135991942	0.1586917543358027	0.13169663323057368	0.1299195825508961	0.0802548824691	0.0784986963299105	0.07347829978136136	0.10220142828897172	0.19223135231118602	0.08433666568930501	0.16099209799698888	0.3832707758619171
18000	-2445.539033608423	-1406.0818568315021	-1039.457176776921	0.14298609101836052	0.09772099740794041	0.17482998361430893	0.06761788625419378	0.1295266742832037	0.12520041562189663	0.10270071319208555	0.07269127074398153	0.1471803252637267	0.11898512011030452	0.13344576950844916	0.13681503723293884	0.11155745528873745	0.18790129133044767	0.09785293246983746	0.16126691694477624	0.08707826640563406	0.12084801393490817	0.09311854824516223	0.10205023934707495	0.1407746305283336	0.2661442947241435
19000	-2938.773441230065	-1915.0982113591695	-1023.6752298708957	0.14188936701722699	0.07872569844597468	0.11648398778269632	0.11843047792851716	0.056242919489486294	0.07610103115808593	0.09918028945756234	0.11155824601261492	0.09927254183002387	0.121668614017159	0.12485743755014679	0.12367907802540827	0.10119409604571693	0.14312784705641204	0.10627044765150973	0.12227903861791342	0.0697153512539614	0.1025392096890111	0.11705373994593612	0.12273242137434522	0.1507913619339119	0.06454715803355718
20000	-2242.4666476480525	-1202.0744717873094	-1040.3921758607432	0.09513244508706321	0.18326857759410037	0.08401153438154016	0.13942773636304306	0.14855822121904502	0.07359451468132126	0.09815366778941748	0.09677523729137331	0.029006899485147557	0.0723578173863175	0.1578268433330025	0.09248508105114017	0.10009124286386345	0.1472764854735913	0.10374348388073658	0.08713263409026559	0.12946406689713244	0.10293799641228334	0.1606714882207288	0.12757197784815025	0.11171630186065322	0.15906612376239404
21000	-2351.089215815461	-1330.2163906956964	-1020.8728251197645	0.10656207333305344	0.05933420799590214	0.11478380233033489	0.09624883345653701	0.054978434047670104	0.08763298435326361	0.09225330653290194	0.1588079102252543	0.0728499629403121	0.1195326052445702	0.10073848097714935	0.10616526380221503	0.07580296686101884	0.13909706077492182	0.10410872242437692	0.09870439475824283	0.10381212814416023	0.06684000891057547	0.10646485146929718	0.09712966573372948	0.13933211439024631	0.043482320653711416
22000	-2868.420430786629	-1841.1331619686348	-1027.2872688179941	0.1290994604622347	0.07275514319712248	0.08291547927308118	0.06569192354004921	0.1349034141524187	0.12619376817958378	0.07381399025245748	0.17094324043566386	0.12147095441447466	0.07118306895179112	0.11744540461571171	0.07593296303632627	0.10957040184053857	0.15136399267357553	0.15200939599184995	0.07164606609351115	0.11366201795705037	0.1443005482319237	0.1498042605981667	0.14295139300396043	0.12056943719990576	0.07703089683283915
23000	-3197.457988830204	-2183.7950129198357	-1013.6629759103687	0.1221490885510823	0.12574526593510352	0.13934371920332786	0.13898474687798248	0.07834279276797688	0.10117728187098098	0.10278270169493955	0.07349411206724198	0.09187614480513064	0.1449048391972938	0.07318289716078731	0.05679425570585691	0.12902520185230756	0.12085549776648857	0.11171220776690924	0.10702898691432376	0.09820242357709771	0.1099579553412084	0.09797615354348861	0.19360242380551432	0.09924783321494772	0.024589335928530652
24000	-3455.0472334714364	-2442.503063100262	-1012.5441703711743	0.13305793376790406	0.0698590386897672	0.09210861352176425	0.15217143753748036	0.09568460557740173	0.14772067982276915	0.12725166491270487	0.11115829911460873	0.11488508838011884	0.09222865543652439	0.04639262007679605	0.07179561993866865	0.18117876867310242	0.1342512709001915	0.06717818529106674	0.11035204965368432	0.09757842747615054	0.06594271080481871	0.11090273547691157	0.0838389068130889	0.1300408158259288	0.013651116844864761
25000	-2786.356355158053	-1746.1649302017383	-1040.1914249563144	0.04565020272907797	0.2332358246661199	0.12888521811846979	0.0570864561799361	0.10289010286374795	0.176462725400655	0.09620989662442829	0.07946815961861281	0.09574679415424482	0.09836290199659428	0.08939112079479215	0.08942576919143354	0.15365888672846645	0.14509277059119285	0.151058169228361	0.07809077693219028	0.13576981018382372	0.0898774503980283	0.111681360860116	0.13844492979041387	0.11044566309745728	0.13937771539529067
26000	-2584.9420118675107	-1547.858150875949	-1037.0838609915616	0.1620625375369781	0.08238787520908772	0.18508843193101757	0.10995060203523559	0.10903602008824805	0.16928253655240447	0.06660433786461795	0.067537442582082	0.10558766269712895	0.12796057012822826	0.11468166044277507	0.09115020150705255	0.08680236334498523	0.1500306834482114	0.16723665588263417	0.11187754430401887	0.08955435818014365	0.11753251928395769	0.12987183764402074	0.09843657870737876	0.0910747707248816	0.22707631603370682
27000	-2913.661773992451	-1894.2919844203561	-1019.3697895720949	0.08546217064028336	0.06955449064455557	0.09567512362391381	0.09666617144203007	0.112260528553436	0.09662969560062373	0.1499508460460812	0.10492848415994051	0.0712981239847932	0.09573192183237142	0.14039315671290592	0.093286337969104	0.062039334953557304	0.07706196270993675	0.12541186963504983	0.09731650198302576	0.13704376638554708	0.1015076994498951	0.1285045661669352	0.10593816636057544	0.11013267085169465	0.06031513549454818
28000	-3090.50227447969	-2067.9415693890533	-1022.5607050906368	0.04801206497082103	0.09605338101774118	0.08790213318199229	0.1401857793235787	0.0684834565138996	0.07684621813012835	0.12160074682285386	0.11000971286575996	0.22304500538634706	0.14462848496671987	0.08813443544905987	0.07243859182197777	0.14160054680418485	0.15421160526096597	0.08717533681445779	0.10537506847485355	0.1437441664210138	0.09828108847521842	0.12174954935018022	0.09182156934408116	0.1136700668247174	0.034308102040979505
29000	-3431.8766967471047	-2409.5506802286777	-1022.3260165184269	0.06955227998071896	0.1267466831345486	0.12277619117058344	0.14603564899028254	0.04059599610279565	0.1703861799203176	0.053105079078514514	0.11018123050764345	0.09716532038087539	0.1106374928578421	0.13387629482164895	0.09964338122383201	0.05912641166521079	0.11228293859266195	0.10717537304933454	0.14659531290932867	0.17979959877600593	0.14211128747338156	0.1812838054641396	0.10655177586794752	0.09878852566338557	0.03150554705427093
30000	-2983.8370722903446	-1957.285832311185	-1026.5512399791596	0.07465405798460889	0.08861751739962194	0.13364045416569853	0.1062551478672658	0.07786333100263843	0.16867727291893397	0.11125109309762032	0.05515355924560649	0.0831310512244826	0.13134954961417655	0.15820617275637427	0.08576403113218471	0.1098278740932913	0.05653566285103912	0.09953650917727938	0.09175977722911755	0.14353158016425482	0.1056781845917136	0.10059318507152844	0.103549686746904	0.12647025268392756	0.09408399145906099
31000	-2926.380922171441	-1901.8105988387376	-1024.5703233327033	0.12491422089825284	0.07292709874423098	0.09028871725004028	0.13421693117514924	0.14758825278700896	0.0852646794862115	0.12444350245869393	0.07152887827485323	0.08869210681750413	0.16351694144940673	0.11378010167776355	0.08830332882895495	0.0575304918132364	0.13375981115181385	0.07854163158139099	0.10548481022700609	0.13774846053643403	0.1984106009112197	0.0882613131882193	0.14016356709624658	0.1333894260934755	0.07162860340793123
32000	-2578.823782117366	-1559.7880834527919	-1019.0356986645742	0.10646280239326852	0.13621272236929194	0.13224866296742485	0.14348472906556695	0.0830216041310111	0.13254162008581416	0.08081151326855573	0.12019043625809217	0.16007805893124533	0.11678797069112201	0.08690438497872512	0.08366131775762382	0.0973749949008874	0.11066470116155226	0.11806833554506875	0.09151279434822053	0.09464994394773867	0.11652024104759813	0.09789773269978552	0.11966420955544373	0.07029744179102032	0.07385233248899611
33000	-3194.5057858364853	-2189.6252988145834	-1004.8804870219019	0.13900569101063232	0.15835064384971684	0.09012399910279281	0.085065154962881	0.12749047503900118	0.090024942293101	0.10597429731610984	0.0957410896180777	0.09869338469652902	0.133888013369333	0.11968116640822599	0.09693270662343731	0.11137880264300232	0.050061542623372784	0.17519016809072738	0.05790713295981519	0.13603670653658542	0.09651414152290722	0.06577582045697547	0.07367851351021053	0.14236581219045402	0.010604016292776306
34000	-3774.3991212884785	-2758.1556056207605	-1016.2435156677178	0.08080832550802601	0.08759718158523297	0.10197952358870473	0.10577886658540313	0.10378099617156632	0.1557821738717813	0.1451733851464088	0.08302286557748	0.08612213646427201	0.080377274443318	0.07570426378717322	0.07577894238892026	0.13658610591160433	0.08422984630281866	0.08148814622608737	0.08244385149031815	0.12131263642105362	0.16901047115559162	0.08579518223573451	0.07994548217819833	0.061879788271048064	0.029797108691059435
35000	-2629.6814883775164	-1608.8732282069054	-1020.8082601706109	0.10884581868625778	0.06835586116004781	0.12307022823252137	0.0889388925029091	0.08710936589367106	0.07695079841290876	0.09831762252745674	0.1281885405121215	0.13637450353856934	0.11054693100435661	0.09844172014425628	0.11852931484468023	0.10275390795795283	0.1142254220735629	0.15134424274934485	0.19746204871636838	0.14765496632051436	0.07490501996491479	0.09952707540378249	0.10349118241357691	0.12435787575314428	0.05301365955880852
36000	-2837.1001494261354	-1809.946339961	-1027.1538094651355	0.08090747308890386	0.07314871842459472	0.07113081013221206	0.14344017778449977	0.13185557839700093	0.10456534208348155	0.05102700756170144	0.08145096267548649	0.10530094251523668	0.08546221521433801	0.08081029825540202	0.07852661403366791	0.08284720090777783	0.13509034028859107	0.09688388304221837	0.12308042979154044	0.1243171062697783	0.1430496265844736	0.15492233331932384	0.09502523942026331	0.09176127976985285	0.0607783883940929
37000	-2665.7420444464506	-1628.9770877683684	-1036.7649566780822	0.1319066535058953	0.2082018602009966	0.10123465035949483	0.09751767452403165	0.13402617997570332	0.1509294131734331	0.15581044868123858	0.11856679535126381	0.11636505332330628	0.12363181536703513	0.09185115700307402	0.10128011261321707	0.12116542240383758	0.08263492797514432	0.09881272610543385	0.11699654892780029	0.11998467869974064	0.07734877324766791	0.08052133246154727	0.10672125354800384	0.11379001016618945	0.2531195981989718
38000	-3274.810665811082	-2273.1185768350438	-1001.692088976038	0.0813302104407022	0.120434121030246	0.08042678284653113	0.14017592659029524	0.09710881949821613	0.08940478204395357	0.12831363259087605	0.10569217109759445	0.09487571862240994	0.08766274016752208	0.07776212839276236	0.12366862456904615	0.08531795905399636	0.13568091365570412	0.10430289699047715	0.08353917676961166	0.13270085972454768	0.11059723155890662	0.12757903677119334	0.10730617651825505	0.1199191373612224	0.010440252609684578
39000	-2956.4181314648986	-1930.805177903412	-1025.6129535614868	0.10266187459451098	0.13538335131899054	0.11422610321058005	0.09531649699945399	0.10413894104721894	0.15380364650246	0.1162564192475775	0.09873582660310182	0.06455732558157559	0.09723437296265426	0.13262573082707046	0.12977410789504382	0.16748756742813753	0.08643623056465284	0.10940984217437195	0.08545192892782727	0.1285289658302402	0.08388453664803407	0.15952259870092086	0.07462557502147875	0.17896171708631756	0.06487448892676792
40000	-2867.7956775882703	-1849.748871412479	-1018.0468061757914	0.14335881994676475	0.09970632841304909	0.12559414230693042	0.10365172080473237	0.11904145198156448	0.09723328965771058	0.10072323442488304	0.07884463264778575	0.09218263540157412	0.10673879469210372	0.0926070921117612	0.12200459035097827	0.0799703706321366	0.09009946816133085	0.12145619208127119	0.14748422128420413	0.06550891476813892	0.05369189036385589	0.08831655242772134	0.0959587686150781	0.13486467520231163	0.03322360064918514
41000	-2812.716880296938	-1774.4535528305898	-1038.2633274663483	0.08635155928034988	0.11664207975825147	0.10014223511117093	0.0991246336752413	0.11456368509540912	0.06528178291498166	0.046804463687472764	0.10559060527405487	0.11363116419808371	0.09677228380052043	0.1172599485382434	0.09865021121085517	0.07645362145526532	0.13268756942717236	0.08172552448357039	0.11175733765910002	0.06761560801526433	0.09069903897208478	0.06881087913089655	0.10714597767468825	0.10688569384362805	0.18510456182571552
42000	-3110.6921796823726	-2098.6389553086747	-1012.0532243736981	0.1009607370555599	0.13595979973344616	0.1604961424670512	0.12206308905391605	0.10345644566982791	0.11290518813611898	0.12108993382220483	0.08744855042918219	0.10617642417282494	0.12139365135431596	0.14541372016564616	0.11875299544942158	0.06633785678840187	0.11900897916048339	0.06568085791051927	0.09697747974334889	0.11646477678117337	0.08932179635637877	0.13218973609288795	0.1289717108197729	0.1313396980990259	0.031224959651049378
43000	-3032.5661745183133	-2011.577628898289	-1020.9885456200241	0.08805256291732637	0.12292818576014199	0.08191123522042727	0.08875158233180469	0.113302816130429	0.11149084489801607	0.05073621695875617	0.08445100482041377	0.1072770549435223	0.08097789697415494	0.11707829343122146	0.13454298347676943	0.08994041751592877	0.14849718364830117	0.1409120903985978	0.12035150910415583	0.16631584751337555	0.10043513277871172	0.07783361784725697	0.10785854555386241	0.12216196332213983	0.06765322790095525
44000	-3424.8739004009417	-2397.0354082733934	-1027.8384921275483	0.14420570727128926	0.11334689422562809	0.15593134049294122	0.15988115859110819	0.08265148241301579	0.10110375184179954	0.09350625435704916	0.11289222446605453	0.11062127806173574	0.10238939142645372	0.07023675907920693	0.09371275166052284	0.10963479421465211	0.0815731185392474	0.07568721724959371	0.0964870642082864	0.16311780150571775	0.1970467211090899	0.11967408637702176	0.1616480811651666	0.10609226123197013	0.049384716746320445
45000	-2925.4657155226464	-1909.3985719193802	-1016.0671436032661	0.09582033674589692	0.08778818591744174	0.07690406202059467	0.09998352845025615	0.11820787383354904	0.12871824542957366	0.12973222438277027	0.11719219353371221	0.07388692094749252	0.0968043405082328	0.1022773220884085	0.15592605820939748	0.14038147311452084	0.06315997816801183	0.07149647070278974	0.09794749825376478	0.08557922466473057	0.08929624195264058	0.094717670983119	0.1742222013041594	0.08843540817032358	0.03498692899102333
46000	-2786.1699594451093	-1773.5065085364297	-1012.6634509086795	0.11782575310109107	0.09230435042007637	0.13573352053755405	0.08988413059329632	0.13550216908097884	0.11781700155636897	0.18017438333691924	0.08053008280865222	0.14072959522272585	0.08008720439973559	0.11380554038373243	0.07811003938539407	0.12028805518445655	0.11342664754120022	0.15482279078723715	0.10048775874671025	0.11481031982855151	0.11774658949711106	0.10822270510822916	0.12502698396289713	0.10313406730109641	0.043416441450704314
47000	-2456.6243329511617	-1439.7661476759736	-1016.8581852751879	0.17263041954732522	0.07648467242888486	0.08177357933598563	0.1200263070190025	0.0982331401096328	0.10598836827122728	0.10862277962612776	0.1268539593923535	0.0742114264438755	0.08946635624234946	0.16769566282133658	0.12983026134923964	0.10285502358292754	0.10209468591315815	0.10269029696877238	0.13775513818571128	0.10730578210423951	0.0983799956673025	0.08884259337835258	0.1070002799146097	0.11317946421885557	0.042245344584644955
48000	-3051.9171201042946	-2030.0070174142934	-1021.9101026900009	0.15305461049524757	0.08115721109529961	0.04042611977907631	0.07410703380778852	0.18763837602760877	0.0751432749540237	0.13900680702499463	0.09328333796690097	0.1051429659129642	0.14196031708632545	0.1333169498790397	0.10659398634893458	0.09592421307124359	0.08981810627644779	0.08991018662454899	0.12416131392070022	0.07838522305778646	0.1326151183360779	0.054068983885560605	0.09069613354792352	0.12266641913719205	0.04002798716102298
49000	-3105.8069589299876	-2089.0931413483127	-1016.7138175816751	0.1454185619361634	0.1372657902299376	0.10525349051231993	0.10998719386547251	0.1305888098970513	0.13455662933048673	0.06924114445075415	0.18694546262441303	0.13646137107693992	0.079640253216818	0.08253203342783594	0.16701181439474216	0.13911370740596718	0.13869298481106596	0.13838658941198004	0.0752045312220388	0.12195076355084503	0.1544677403832612	0.11989991548355085	0.10117496081630224	0.06420620139975204	0.03293529226704205
50000	-2503.1821860746913	-1474.5172584233549	-1028.6649276513365	0.047425237859388555	0.11098681109493996	0.10322010135468457	0.0802095816730032	0.08889717929062182	0.038348228740267484	0.10468283387656796	0.11291903954880929	0.1307120642697271	0.13396463326879943	0.10984653825553777	0.12550802910349237	0.132429091721604	0.14464496477226593	0.13389737908419236	0.09694223569206936	0.1310197141446643	0.06751814471181329	0.10087224103656707	0.08861612766997859	0.09614756641035731	0.05960199018798554
51000	-2353.2989575470947	-1302.8140957032908	-1050.484861843804	0.06527653508473728	0.07603365623570393	0.14600188960875757	0.07090033193422389	0.11320831235957729	0.13372967353558268	0.14364854320448403	0.11250957633816874	0.08211566966313948	0.08711280658013426	0.0384476027696224	0.09863273030463797	0.09678626213247793	0.14519042691524467	0.1884691235003258	0.12452063330508974	0.09997340839564502	0.07330020849673026	0.11284919567852857	0.12586474491770416	0.09379013369752232	0.5670427053558033
52000	-2359.668864137676	-1316.0570925137336	-1043.611771623942	0.058947223785774244	0.09026636690584579	0.061560108893819236	0.06660768504644599	0.09472455388413084	0.09774604965209376	0.07112248156783843	0.06377932420017117	0.10228254155599574	0.09538267761488636	0.07499422484359342	0.12355219701880352	0.08118607649206466	0.09081039368048593	0.14701249104160688	0.12217577866813552	0.08017623880264374	0.10864207081488673	0.11487172569427646	0.11866237023895601	0.1052888167815373	0.35335995683435045
53000	-2685.039385571754	-1648.8370659772372	-1036.202319594517	0.09959001012790929	0.09055725521452941	0.09847766137378071	0.07727631391049716	0.12192279215068465	0.15073244666249558	0.08050370503610277	0.10089828303289253	0.08843594217692709	0.12041850172248324	0.0845311672598467	0.07484467723418274	0.0904089538028606	0.07990100218616349	0.09075202667176659	0.138397888374708	0.10805197757910193	0.08080121193085764	0.12469574151449649	0.13628860773091206	0.06344465878177925	0.20372414388125684
54000	-2606.554518953501	-1573.1596878748765	-1033.3948310786245	0.09616191283585329	0.06156890063431876	0.12736725185538963	0.09707212841217412	0.07775268917355033	0.10769195308494404	0.17339028446422383	0.07239249777009935	0.03794188112654958	0.15460691455822353	0.07123357949166453	0.11353995779146911	0.10393886150495445	0.08027270727522688	0.1347462585367219	0.1380466824559029	0.11083457899137722	0.12384743586543895	0.09966605599280141	0.1265748745322545	0.07047346227819207	0.1017906845460715
55000	-2225.5669206015755	-1189.4269950508651	-1036.1399255507101	0.15751050121786003	0.08255274337766781	0.15518811302883193	0.08328686124395877	0.09101495321754133	0.14981686037497255	0.07096387385819071	0.10878722301932686	0.11452217979353797	0.13195583951304257	0.10863286707548295	0.07874477963957133	0.14105262804621746	0.14004954156103797	0.08459808328856445	0.0740910052361584	0.05571352724567373	0.07361375292445055	0.10150053864390236	0.10841524547841512	0.10711458312047545	0.19725637554628822
56000	-3214.7230265886747	-2190.1187497324163	-1024.6042768562586	0.1451538022248263	0.07242125767757328	0.12948154813620588	0.08461425749631274	0.07274056569374622	0.08374983960974976	0.07028578498810338	0.12759494727150078	0.07578644526907785	0.11212179560825798	0.15517405076269347	0.13636902797246678	0.0938301899112237	0.11658862869881574	0.06223023971810814	0.1293695792581861	0.06690219251913976	0.08127877633409149	0.09454839395186115	0.14296150801773638	0.1376786948397294	0.05927236161754949
57000	-3285.2989222054175	-2271.5398668797875	-1013.75905532563	0.10973589796647441	0.129974985738015	0.09398120595363615	0.06741205521563273	0.1247507673911328	0.1667512898571047	0.09695577147982312	0.12634879723848516	0.09603341510634576	0.06410276888495317	0.08660438876395123	0.11762721334702174	0.07131637904337629	0.1476404857057772	0.15445076460430057	0.11562437257896162	0.1491401312783248	0.09068229265546583	0.10742172186773032	0.07902096616591996	0.1110236687232395	0.026074601587735273
58000	-3750.698873918328	-2739.9773589579036	-1010.7215149604245	0.16690953987988014	0.10206768245002037	0.05999973148886066	0.1423141135635696	0.08183528073014058	0.06422143579114838	0.06908377778343078	0.08931964707221904	0.1661083935377076	0.1487504250977184	0.05434567906566469	0.11236113537818694	0.06694207124304753	0.07812057439022493	0.09392683757415422	0.15241982618789296	0.11492420432920397	0.07700920538193552	0.04863632519616128	0.12915207086584352	0.07614569229115725	0.006206175126269526
59000	-3496.9328286305454	-2491.9465556404652	-1004.9862729900804	0.13131430312706038	0.07569294772609764	0.10175368552434091	0.12115083606967161	0.12579748590095702	0.12729346693764254	0.11711537847633469	0.1490080909570517	0.08119955747703628	0.1325731919738596	0.08836482784688733	0.08944034758687526	0.12597422376204348	0.1260478801858994	0.12354731398210685	0.10741129317952337	0.12191334766785106	0.10874294389823745	0.06456708045004506	0.12845766211423806	0.11577097327707431	0.017447166610878688
60000	-3134.3840880191296	-2105.9638287357648	-1028.4202592833649	0.07162804517986703	0.0739809651865757	0.03336181871516132	0.10408525616434816	0.09611512550735876	0.05903205051067695	0.05494657626172495	0.12696507442979105	0.09114858615997135	0.05252266425826501	0.10055496741183971	0.07653434737634542	0.06466664020471238	0.11422116165184422	0.04102462220634087	0.151686692813872	0.10774064922719284	0.0853606710535922	0.11016695822900609	0.11276711306661862	0.10711873357016172	0.021568864788207916
61000	-3051.815163741926	-2048.4920873325505	-1003.3230764093754	0.1208084340954116	0.1449459460262502	0.1111479298497593	0.13962917900644417	0.06689017317726878	0.1329843291945072	0.10273786244909408	0.07390350153063012	0.07949228814445367	0.11951423281434649	0.07931307668283809	0.13930825559115254	0.11803451465236448	0.121132005327037	0.08833507261271978	0.09562051108507813	0.11241962731387842	0.10489198414794224	0.0701991988613552	0.13191476883235448	0.07504590794136415	0.012794462177966018
62000	-3249.257846641168	-2237.021312587303	-1012.2365340538652	0.1701628631614194	0.14993784923976827	0.11087216502038702	0.1498939647047281	0.10860796373492553	0.11341979613892658	0.145517812625029	0.09793790970032923	0.06232604277327046	0.16758729211011966	0.10855826579991766	0.09535579028265519	0.08497197264045267	0.12397771049652938	0.09144027449944425	0.1106577825528315	0.12486969924187015	0.04909268362046748	0.09975231501036824	0.16310929535542937	0.11146021427038676	0.017048225094425114
63000	-3840.7596011799715	-2837.0278054608007	-1003.7317957191708	0.08369269029713394	0.20698804678894397	0.13191355494597987	0.11259709581538063	0.07709979973342318	0.08482745239444868	0.08925553780264686	0.10670736908440034	0.09595343458583913	0.14042337803908883	0.16600121429860534	0.17254308559859638	0.11330986483678247	0.0688174669718266	0.07039401713063578	0.08657291953952093	0.06485785425575309	0.09131045178052312	0.09391914802030384	0.05689496534495455	0.1315087512088127	0.005754708758498987
64000	-3747.173125405344	-2734.301941498797	-1012.8711839065469	0.07009208307363692	0.06601633624027556	0.09349372696366798	0.07383868911014946	0.09585642199641636	0.12041055152403835	0.11992597495453844	0.09015345106606412	0.11017140317247795	0.08562268785270576	0.026847168074695518	0.09416774150209822	0.14137975600931987	0.11901007636000356	0.08655934412064403	0.17106673107148102	0.1534910511505554	0.08189662205745016	0.13220564803889562	0.09371690910585453	0.0881048861394807	0.011762979200938323
65000	-3406.262329531457	-2400.7241511945094	-1005.5381783369475	0.07694586943258569	0.11232642039760082	0.14597195717297473	0.11407956718517706	0.08172570307248396	0.07759237183480319	0.09724866210579003	0.07195574834034084	0.18946114053300186	0.08817011563500303	0.05792612776058185	0.09216129951025803	0.09603565996698792	0.104019222694477	0.1273116565305764	0.10714206644953973	0.12952833727145519	0.09552274037638457	0.08910435985508458	0.08323295963437646	0.10766963249995616	0.012131192902032106
66000	-3910.8699488302427	-2908.4288539672	-1002.4410948630423	0.14119267968337423	0.05829278974190722	0.1418196038236627	0.1447320090171287	0.17981508008171962	0.06347682522732055	0.07505156442380108	0.07249319308667149	0.20202134349769735	0.17411166271383544	0.07162192991360818	0.05788969332299163	0.11797645057365258	0.16112533984310948	0.12875839451461757	0.1152766742635131	0.1315288121208586	0.09967129324137733	0.10414388600986903	0.09199869284931105	0.12468572882742854	0.005045216570994031
67000	-3612.4282287008396	-2606.407465809939	-1006.0207628909006	0.09030024529114862	0.10483401682566931	0.15808530517489128	0.07281275925503496	0.10951657134555388	0.12188360784822451	0.11243231694607295	0.10118151061004875	0.0928847768245737	0.12250451850138394	0.06597771959143503	0.10195483533616492	0.1242006277434361	0.12653066414514705	0.11590954152648607	0.12471432892400525	0.05693974861650823	0.16993311373694087	0.12812932902495122	0.13527333955409762	0.13858092282869733	0.012786296253403906
68000	-3998.520547885138	-3005.0188584951834	-993.5016893899548	0.13577988391134194	0.10869814657867238	0.13428214564019078	0.07774910739708916	0.06060170313049813	0.0758717791380532	0.10079325812498956	0.07472677132055495	0.1047107651966224	0.12634137686315136	0.08241251355611408	0.09301175421322035	0.09250179233657686	0.11308696461985832	0.08476672811680366	0.09356929669486493	0.10079217460391512	0.11471255218027673	0.10200160660914274	0.07673319926992886	0.09009164897399405	0.005510469967224745
69000	-3372.286529666002	-2360.4532828441297	-1011.8332468218725	0.12196946799038981	0.11645509088767192	0.07480421541840845	0.16264052851742827	0.13654734588565792	0.05411979326680626	0.0679414726369442	0.14797205621102202	0.1042718389735424	0.12083742343365879	0.08792081505785904	0.11826321856217757	0.11834229506333405	0.1213157204989228	0.08948967214097911	0.10228776280770266	0.14070880034068353	0.0965689810696938	0.103094046870518	0.09678689320688132	0.14028724063924644	0.02292802274677626
70000	-3611.1046415256815	-2611.209505548137	-999.8951359775446	0.13511551398673863	0.1121976716468059	0.09363138664383988	0.1295738020069872	0.09824829691573013	0.12705356675096502	0.06999921994225948	0.16353111648691457	0.08995436474948362	0.11165568577376556	0.13342824853265095	0.10408994675451211	0.10847340902912994	0.07671553033230148	0.1046000150035817	0.11792128078905564	0.13146808070293922	0.1266039411307818	0.10195167534812666	0.1557835407441038	0.0837981776665943	0.008211050845566902
71000	-2991.5902637366717	-1967.6047877713215	-1023.9854759653499	0.12867042208359417	0.08389906248188327	0.15070666526556958	0.07879959337877614	0.07490557811342478	0.08941111714032215	0.08856189260026977	0.16053604159301108	0.07043864131483625	0.10439466176218049	0.12312560895604976	0.06861783903575415	0.13224403241047206	0.052760556313272915	0.12496097763094362	0.09125722239270503	0.08784725108839843	0.09723004515029189	0.08104809412914939	0.12151120421880887	0.08205354266286909	0.03757939657887015
72000	-2637.0942846007947	-1599.9911135968018	-1037.103171003993	0.08610958581843355	0.07876506439294399	0.17951612914294815	0.10616362307120211	0.0890293193428433	0.0924003447158808	0.07534733201234824	0.07777049244631283	0.07864984519366104	0.07480074118011772	0.07995466176607612	0.09421238633785158	0.14202461653000212	0.13220035748284384	0.05977328371552385	0.10013562942946208	0.161304452805394	0.10117192825873396	0.0686942569846997	0.09715953501997816	0.09806114143576679	0.12356363944928656
73000	-2435.863553601854	-1404.6106037164095	-1031.2529498854447	0.09529873979248851	0.16960181502037688	0.07828480598522183	0.11216863920942627	0.07313976751305046	0.1261380605613642	0.08636019075570693	0.1037548112377528	0.10291270694802733	0.05658272838931294	0.12338395383518101	0.07813484883662046	0.09555749273630947	0.17789264088641507	0.06827015638924486	0.128601049199631	0.0764826244180145	0.061267680635281443	0.10903545322515742	0.148075597641918	0.15369006716149078	0.08552702690866987
74000	-2574.849192914769	-1554.110215134401	-1020.7389777803679	0.11371308613007737	0.12782658724130566	0.13772299305262709	0.09193419567643965	0.066573047283029	0.08097738440959149	0.10746225277647013	0.12374239137877414	0.1025218542673267	0.08219864521283833	0.0796036757288265	0.1468272489430833	0.09389472966525382	0.0909769037652423	0.1119922260531475	0.14787861633547655	0.08131165393408929	0.0879906987468305	0.07509639890679541	0.058434599973310304	0.10587540820086405	0.05210180061211321
75000	-3054.751942050744	-2037.593117743157	-1017.1588243075869	0.11806039560974602	0.08960582084959666	0.14417074500983565	0.10418288545193914	0.11877334324177055	0.09437388013631418	0.09494498679116382	0.06481895855048718	0.139422368913852	0.09765454236776974	0.14741287077226228	0.12810278323254248	0.0860856547750444	0.105813601309815	0.06100106268554947	0.07824071054817822	0.09787387480711517	0.12112406759975071	0.14073569516230647	0.15573922156613348	0.05479070395796485	0.03947304661513723
76000	-2854.4623596015617	-1829.5679211015479	-1024.8944385000136	0.09431134545040808	0.1960226720921035	0.07454582413688697	0.06292602460668194	0.10382761747253608	0.1570982580923971	0.10898296031193	0.10996216245798342	0.1137697820116278	0.15309367413959016	0.13608663981955121	0.08403938400334625	0.14536847993413785	0.13878971726740172	0.1777224784934233	0.0761104160520309	0.09684895951412036	0.11644227532511689	0.08260297491628163	0.12697126794062316	0.05411046414014675	0.05076785378194858
77000	-3285.7336420333795	-2261.4699712513193	-1024.2636707820604	0.16242905959229564	0.08878011174430875	0.12395444573867154	0.07340033066504872	0.08751119872320601	0.10172121553496553	0.1815606910487507	0.1007234458528055	0.08113046018605026	0.07095138163592188	0.09248611141230867	0.18851569804907092	0.17311063988861308	0.21573707823396773	0.07333841463121302	0.08297568660054604	0.1078294740818696	0.06573221455401741	0.14123957198253545	0.1209277420134458	0.09756221201260869	0.038972161066999904
78000	-2618.0492241614847	-1582.9083987142224	-1035.1408254472622	0.16070878202969077	0.09959537511634936	0.08027931787189478	0.0911238838841523	0.099818770702339	0.07858032153260223	0.13309449172099602	0.09151788638074457	0.11947869848085023	0.09924505092108822	0.10863529291278559	0.10517270616646737	0.12965136069184846	0.070177117804563	0.14427353045732785	0.09789844661998481	0.16467747507097374	0.09727118459107886	0.07644971671158199	0.07460581216267491	0.06994031683184959	0.18464491988375978
79000	-2592.4365665453897	-1541.8568536837286	-1050.5797128616612	0.0736626467393682	0.15166363880961542	0.06234599787605706	0.07387580925119243	0.13795363514130987	0.1052045051056894	0.09691216427536764	0.04756876512846269	0.09298291844574927	0.1396859556786935	0.0901490489036876	0.14014576328095668	0.11307913521774271	0.10655239528994387	0.1849424043647148	0.09437119711981896	0.1001789020416098	0.10450647426352826	0.08082611473179278	0.08691580655916137	0.08885340763866655	0.6724468978422665
80000	-2646.406561045348	-1604.3508444945526	-1042.0557165507955	0.1093924345438589	0.11020738802109281	0.07269202016511755	0.12992503083386375	0.08175926246545986	0.12875443951181373	0.05325697982503588	0.10766565867146598	0.09669233046367517	0.11138405367969577	0.1419944411270423	0.12117998806996946	0.0691252810326868	0.13735202096411347	0.09901792549738433	0.07079507017176478	0.08160551420587764	0.14676085899061336	0.1111823975820185	0.09986576477516201	0.09039426320905955	0.40337988910137396
81000	-2656.4459654443913	-1602.0486615699037	-1054.3973038744875	0.12428794931367641	0.11557813867471045	0.07207260448971534	0.07299552350828324	0.07739346366106274	0.0740373904966879	0.07408473052540437	0.11717481930876365	0.08557283820795605	0.11203171787672751	0.0881677844155922	0.07591367327802784	0.12215028633250541	0.11376599182087313	0.11047445315717669	0.04879074132148154	0.06645640945221784	0.07064222098007651	0.04893664122656414	0.08831658510255867	0.10378456982311605	0.28075373207897936
82000	-2861.357894376239	-1826.413737537851	-1034.9441568383882	0.07971407098206193	0.10303098680557475	0.11222713905633716	0.16438131964090066	0.06383705936334758	0.13322592898828553	0.09895976380720038	0.1266162327594947	0.0937725426971294	0.09003901168418903	0.13065298771386322	0.07990315871433112	0.0632068069045802	0.15822149571349334	0.13721245828033443	0.133557886914593	0.09153028292109838	0.09314791740227109	0.10739706709839456	0.06750249099896448	0.15266186207680335	0.15470839477487505
83000	-2992.460536553711	-1968.6284281734747	-1023.8321083802361	0.09632625960609265	0.09840056969118728	0.0687031204038012	0.130101154298826	0.11322135970172983	0.0901347855159539	0.06300816492860346	0.15562886279328939	0.07128497186546756	0.1507020550313122	0.10880066467796919	0.1377782064198002	0.19092348137324497	0.17606158231610114	0.08840081351756437	0.12924332390337004	0.05460747451116614	0.15801016349919744	0.1746936371206896	0.09166246305326953	0.1348330749668899	0.0466700692088677
84000	-3206.48231276399	-2196.415200292842	-1010.0671124711482	0.08853303506434282	0.11169782815281568	0.1675963304720495	0.11879486238319592	0.10554178358845182	0.05976182314637825	0.0629406233045741	0.0917441009631621	0.09114285170581266	0.1313236006475651	0.06625563580239738	0.07786539191896641	0.11448448964606467	0.12613608280368985	0.08283277204967936	0.17188544987500895	0.11481908158814037	0.09181461877317602	0.13734237545542077	0.12052385474204763	0.14289685240017327	0.016153767082233032
85000	-2855.4145748887063	-1843.593306881144	-1011.8212680075623	0.08117880086778408	0.08544506484190643	0.0737574610654171	0.2152464932846226	0.11629378998722464	0.1322067197321371	0.11870842907309948	0.10203902728823294	0.08603344544245284	0.12310649081394122	0.0910270040434441	0.08125668039396812	0.08819095590002476	0.09554946359679506	0.07124969701801395	0.1366285515904148	0.10241433850680118	0.0713576106296014	0.15858216988124163	0.08131811716535402	0.17499104492723566	0.01726088212687711
86000	-3796.483626796833	-2799.066043565028	-997.4175832318051	0.0670343277743649	0.08976712771581592	0.09551103180370071	0.05375312436519476	0.14337494962150826	0.11212494349943158	0.07838981938672394	0.06117950045094704	0.07000667943524434	0.12912705920949016	0.10744774522390713	0.12914207523273377	0.09207901677027236	0.06779725027762502	0.10905785300896054	0.13328498875853614	0.12220797246110185	0.11589795108170246	0.17949638561911033	0.0812149578518215	0.09684268347640775	0.0033878020797727176
87000	-2924.379355764008	-1908.8541855930441	-1015.5251701709639	0.11653999166806939	0.13611210688771955	0.06485351072113674	0.2032426720980675	0.08382345999792538	0.1303079044770181	0.08730145280713103	0.14737129114774186	0.1193815918776904	0.1275354908376149	0.07256743656203872	0.08663734303818393	0.16839923582552285	0.08510543280828307	0.09262736296356863	0.13222322432037198	0.06372770018138198	0.061175165767897895	0.07864444736865364	0.09600332778483539	0.12158188919086405	0.024980017169744146
88000	-2993.7835636837344	-1966.5448933875657	-1027.238670296169	0.1012589684200032	0.09944676029827386	0.08096156800582252	0.08158490429808841	0.07332798718728128	0.13276510891167317	0.10743342316867464	0.06541461130854093	0.1398703049762091	0.12080561206386452	0.05361927285294202	0.13557051637176468	0.09625880179758346	0.08849447489984072	0.07597655462494465	0.07544097499713379	0.06597520646330306	0.10899325273870328	0.12412966897883862	0.08946529824956129	0.0639487973026008	0.04543557200190707
89000	-2264.6371415780723	-1221.446272113245	-1043.1908694648273	0.09815342565433245	0.1449177062199573	0.11114810703294589	0.06073023237034861	0.06464490367707593	0.07542449192969258	0.11766578500683478	0.07769194473706297	0.1279648446823453	0.07827550702996136	0.12966359039745104	0.10127937203653184	0.0841915179060459	0.1806923085644611	0.08470432175816227	0.16510831342574664	0.08335944288736054	0.20688303326238136	0.09240679145851423	0.11838734694440282	0.09399078371679974	0.2627562279244738
90000	-2728.3270303489535	-1705.075275737841	-1023.2517546111123	0.1264552370976226	0.08502496559293171	0.055297450729022105	0.10042243864755242	0.10030704658806383	0.04464366706069453	0.08085697158292221	0.1328162848094649	0.10438362233763372	0.13689332920556724	0.12822290843409123	0.12474339391702097	0.06790205524666042	0.1366771917580853	0.10475055945990566	0.0813985711411302	0.09315202612172573	0.06766046321297645	0.10581592346190842	0.11005459045686623	0.11856995133664831	0.044644222040753696
91000	-2588.0461575787695	-1541.5551723100787	-1046.4909852686908	0.12409422741204985	0.09042806144386543	0.09664432073528827	0.10486662821706481	0.06533708731519082	0.10342199127786	0.07290648580629867	0.07586852638495492	0.13136011141121082	0.07286101299565162	0.1398526953861698	0.09356377633793914	0.13048629000982892	0.10977943234623648	0.1260024932513428	0.09563398297213997	0.15505005928436408	0.1110182356856866	0.06888197936648523	0.11708897166664003	0.16868000264460523	0.6519826337744276
92000	-2342.752842339738	-1300.5634401162329	-1042.1894022235049	0.08078292321354823	0.10922983875685602	0.1679652532220536	0.12554218687366073	0.10806287577281792	0.12066552795825305	0.13695964935343458	0.11121655480691356	0.1594941745403692	0.11010718074672611	0.13221154714928698	0.12260732922833267	0.14021517368200745	0.09032730258988236	0.1265178204333672	0.08146657150695301	0.10145419525819727	0.11043202527318287	0.07864084423653446	0.11708897166664003	0.20932123488244883	0.538838641539419
93000	-2490.9495966049462	-1474.876598367207	-1016.0729982377393	0.13474396367240218	0.1837652974812922	0.1079628471535526	0.07072858911340203	0.1171080747089072	0.08292050026978576	0.1367707458116216	0.10984005243120733	0.1175991487654086	0.09451224142169279	0.10505992756330088	0.1934834107130641	0.1340814252720041	0.12268280258006567	0.10482918975066575	0.10642383960805028	0.0779648056152089	0.15906883779216308	0.07974784656120511	0.12137591988253876	0.08701865982945026	0.03667011860071072
94000	-2942.6023000354726	-1916.4480310847946	-1026.1542689506778	0.10070301748298689	0.11397115351770623	0.12163301502341754	0.1438685233694863	0.1027065132778031	0.11454468886592659	0.07857290434833622	0.11207065803228648	0.08892146583453821	0.04636393050940699	0.07192154993137789	0.06506861724007655	0.05112342378701024	0.07332173235857195	0.10412849934436096	0.11001895783115162	0.1618679366105868	0.09086340670195539	0.0724000853227291	0.10949798415730225	0.09019014267993185	0.03786905536101634
95000	-3597.478997446225	-2595.066425593986	-1002.4125718522392	0.14270509341315105	0.12363778157676301	0.1212179983526171	0.0837620543538934	0.13066052667749148	0.0633871085146906	0.17560530786831519	0.13526053514281483	0.06417749183416199	0.07702467829143342	0.09120984983171522	0.1342132247830002	0.12932937604806793	0.14240802164176547	0.08414192994474995	0.11193586700852248	0.1007134110266213	0.14557398592610932	0.08562486707583933	0.09406386413697757	0.11749218118733924	0.00860584381405608
96000	-4008.8038882532583	-3015.8214050317565	-992.9824832215015	0.09151281660686011	0.13154494688844556	0.10776034307812887	0.13266156260153145	0.12265279698272454	0.08186477674671033	0.08901589866142877	0.10259404614430878	0.12040755993831913	0.09958516363583814	0.12234106405303828	0.07510886864528751	0.14483887060786715	0.10709295209381181	0.09932274905182656	0.12574053647735547	0.0585203418745007	0.07876130798485764	0.113432390519872	0.12768016322056588	0.08196161197674783	0.003879340364554384
97000	-3225.666329874325	-2207.914360993438	-1017.7519688808871	0.06438681477417507	0.0660261061464442	0.08934644981166533	0.13260851073219287	0.10118552589662654	0.1146201643142507	0.06436983954765278	0.147834888298239	0.12494976287473167	0.06888613034791244	0.08758540591233206	0.16761522191605496	0.08089968228531835	0.14582676131373243	0.08749661130637164	0.049181800157563176	0.07748118449013285	0.08440823051265524	0.10939669747804176	0.07239693721075098	0.16641265061757957	0.019889200907182727
98000	-3154.1351364782004	-2128.6417228726336	-1025.493413605567	0.11287648228063603	0.15057719562969413	0.08247817407912751	0.07480750579365572	0.09233403917577088	0.09428372675270305	0.06911926267918049	0.10732372363299586	0.1090610413146459	0.12165637643889834	0.057762634268183274	0.11387255327553716	0.12027488692451471	0.07979272709361196	0.15338537180750655	0.06013139146189204	0.0985756189878767	0.06568306030324482	0.14482668194792264	0.12479326742715324	0.19471303990925354	0.0524839573562331
99000	-3119.933737965149	-2092.982623255902	-1026.951114709247	0.0907744781294712	0.14842114200765358	0.08117357750541912	0.06380159298082777	0.07345701065281512	0.05912816645292387	0.10670842141155955	0.11349343743040292	0.07657795860858752	0.0980146522345431	0.13428442187817996	0.09191114218763674	0.1108670524025699	0.09741353633862834	0.13712382849569466	0.10911597956588844	0.11405642019662598	0.13779563367043962	0.15020756689575301	0.18138164916693086	0.10715600195076581	0.05796383174331115
100000	-3022.155360541011	-1985.669122783094	-1036.486237757917	0.10425474666290714	0.14505617804409507	0.07363295273715255	0.11345189614093253	0.13061919668792468	0.0662371204887828	0.1240634472186118	0.17892713144957206	0.07398390223599134	0.0685291835424378	0.06525539651515568	0.08038725565716162	0.1494101321359934	0.14395454893901655	0.08661760641083416	0.05503372615963816	0.09895997894835834	0.13608367986521427	0.10058702477541955	0.12234688391219194	0.11661283504842453	0.13366909076898553
