Sample	likelihood
0	-1077.5171069790817
100	-1080.1723847137234
200	-1078.2610084021953
300	-1078.19895674482
400	-1080.1281601537385
500	-1078.0038055183556
600	-1077.8102177090675
700	-1080.8869663593823
800	-1081.1715142677103
900	-1080.7901344983961
1000	-1078.1716621129624
1100	-1082.8093415765902
1200	-1085.419704762951
1300	-1084.3844363979251
1400	-1078.6980791806222
1500	-1084.237646887605
1600	-1085.3521364866128
1700	-1080.0329148308906
1800	-1079.5277882845921
1900	-1077.7091281015114
2000	-1078.0969216838268
2100	-1083.70446098636
2200	-1078.1534056609548
2300	-1079.1734374647422
2400	-1080.013083733535
2500	-1078.9497355932108
2600	-1079.525653357479
2700	-1077.7888042084414
2800	-1079.4527618074303
2900	-1078.3195184051483
3000	-1078.3100011589227
3100	-1078.6902664943523
3200	-1079.4326650732896
3300	-1082.6142680058497
3400	-1084.571945181398
3500	-1081.7998496921653
3600	-1080.9930344693566
3700	-1081.9816363324899
3800	-1080.2945118882405
3900	-1079.2900145697415
4000	-1077.5654283234185
4100	-1079.160141639603
4200	-1078.8720958598844
4300	-1085.1938080619088
4400	-1082.794584518565
4500	-1083.4258940984187
4600	-1078.8092222771231
4700	-1078.8139182038378
4800	-1079.534788869561
4900	-1080.9537147624374
5000	-1085.6902667588918
5100	-1080.0445991157571
5200	-1077.399606158067
5300	-1080.647555299231
5400	-1084.0857133540499
5500	-1082.954625820866
5600	-1086.8057691626746
5700	-1078.4629345261756
5800	-1079.6675701634465
5900	-1078.9730197365034
6000	-1077.2125896228363
6100	-1077.9424934492145
6200	-1078.8398596039692
6300	-1080.3815459062491
6400	-1077.0598624871027
6500	-1081.1708191112002
6600	-1080.0942629560302
6700	-1078.2941919651455
6800	-1078.9268427531752
6900	-1078.4630740212713
7000	-1079.1325014424665
7100	-1079.8680015295906
7200	-1079.40116246937
7300	-1078.81781761107
7400	-1078.2861534904491
7500	-1078.3088243932511
7600	-1084.803123409985
7700	-1078.790339726775
7800	-1077.726479534529
7900	-1078.6167434224437
8000	-1080.158403939059
8100	-1082.4684886531595
8200	-1078.736725487132
8300	-1080.479105345643
8400	-1078.5178566389773
8500	-1079.2303042342583
8600	-1083.0434107889537
8700	-1082.3059688212365
8800	-1083.0087795658128
8900	-1079.8285967907768
9000	-1079.26883474415
9100	-1079.5082149323098
9200	-1082.3694136443594
9300	-1079.8592834164256
9400	-1078.1748447857597
9500	-1079.8551308689116
9600	-1081.200615416928
9700	-1078.7540761246769
9800	-1081.130940933388
9900	-1080.422419523929
10000	-1081.7354569910208
10100	-1079.9649745798647
10200	-1079.853780313591
10300	-1083.8910166048456
10400	-1081.2456496626455
10500	-1078.7911577011541
10600	-1080.426810465814
10700	-1083.643334076499
10800	-1081.5582506909948
10900	-1079.308109607257
11000	-1078.6195424205646
11100	-1078.6848825618263
11200	-1080.7078449460923
11300	-1080.4948648790278
11400	-1082.204629094257
11500	-1080.9186252525647
11600	-1083.1275644845161
11700	-1079.89632777732
11800	-1082.2083910081317
11900	-1081.5257649196942
12000	-1078.8568016908482
12100	-1083.350403758774
12200	-1083.3794217664868
12300	-1082.5726228941012
12400	-1083.5946125991254
12500	-1081.9145530530693
12600	-1081.7758874990482
12700	-1078.5583993551772
12800	-1083.7931186673113
12900	-1078.6709049995675
13000	-1077.0183767737608
13100	-1080.8761474410685
13200	-1080.0802320986631
13300	-1081.1171970784287
13400	-1079.038504721475
13500	-1079.4973498383265
13600	-1079.1678867321168
13700	-1079.0819604782248
13800	-1078.5551967264155
13900	-1079.896319557549
14000	-1079.0923659618743
14100	-1081.7851287231924
14200	-1081.0627634943457
14300	-1077.9908533030753
14400	-1082.5700701638125
14500	-1079.3768774609325
14600	-1078.757016586981
14700	-1078.4803869020207
14800	-1078.077342307045
14900	-1078.7209831980485
15000	-1080.6761279246816
15100	-1079.6198717772638
15200	-1079.5311793494907
15300	-1082.116078985489
15400	-1081.212341698865
15500	-1081.9421760555972
15600	-1080.639652788892
15700	-1080.986907884792
15800	-1078.6797547065962
15900	-1081.3508247915915
16000	-1082.7941269978598
16100	-1082.69112588203
16200	-1083.3831400886747
16300	-1081.9689880042292
16400	-1080.63245106967
16500	-1081.9599593104329
16600	-1080.7584399032257
16700	-1079.2218047028373
16800	-1081.1088971351983
16900	-1077.6104329570685
17000	-1079.4851588875863
17100	-1078.1138633397907
17200	-1078.172028360956
17300	-1079.625809520699
17400	-1080.283489143797
17500	-1079.9050426125318
17600	-1078.2647296964437
17700	-1077.4817585617966
17800	-1076.9018365601405
17900	-1077.1510392596383
18000	-1081.4761111725218
18100	-1078.656372083588
18200	-1081.2013637788982
18300	-1078.6984552462652
18400	-1082.71719102625
18500	-1081.5532722920693
18600	-1077.678541216741
18700	-1078.059663836531
18800	-1080.0668301764738
18900	-1077.6193173792235
19000	-1082.7385664701892
19100	-1078.6845255968533
19200	-1084.6055571404413
19300	-1083.8433602018736
19400	-1080.362281799723
19500	-1081.7799889613543
19600	-1083.303702762538
19700	-1085.075016161134
19800	-1080.6344589224232
19900	-1086.1305361475743
20000	-1080.90764453078
20100	-1087.4476423850556
20200	-1083.1406846055875
20300	-1079.7548404909317
20400	-1082.959124102284
20500	-1077.2804230056126
20600	-1077.1237093935551
20700	-1079.1087241677074
20800	-1080.0990838502798
20900	-1077.9078469627393
21000	-1081.4676356715518
21100	-1082.3758597431151
21200	-1084.4344869771912
21300	-1081.557601598246
21400	-1085.8766462792123
21500	-1083.7254663013805
21600	-1083.4952504076768
21700	-1078.7943903154267
21800	-1079.5342176121694
21900	-1077.7985840224028
22000	-1077.4908342206613
22100	-1077.4059600747382
22200	-1079.9917500234753
22300	-1078.7605892763677
22400	-1081.39728965956
22500	-1078.329354561928
22600	-1083.4578731348474
22700	-1077.9583815345115
22800	-1082.3101145223936
22900	-1076.7243768446867
23000	-1077.491475039672
23100	-1078.3240062126883
23200	-1077.6445903078288
23300	-1080.6819423437578
23400	-1082.815007953327
23500	-1079.5955704449939
23600	-1081.4081560320483
23700	-1077.5243202469294
23800	-1079.0523103094029
23900	-1077.6177945173067
24000	-1080.44041311337
24100	-1077.4530008774595
24200	-1077.1985710887989
24300	-1079.357811906414
24400	-1081.002750191055
24500	-1084.1054921391078
24600	-1078.3503829778927
24700	-1084.0333451852666
24800	-1077.984114721021
24900	-1083.65114550414
25000	-1080.9503666317048
25100	-1077.3243652467686
25200	-1081.6345091501119
25300	-1082.8268375738853
25400	-1080.2509992568407
25500	-1077.6190650420056
25600	-1082.6627045704063
25700	-1080.045260919679
25800	-1079.7001429053075
25900	-1080.5319540030512
26000	-1077.940294662917
26100	-1081.0058231958833
26200	-1076.7160239688797
26300	-1077.0895285899137
26400	-1076.936298010267
26500	-1077.5692006909871
26600	-1076.4547436128105
26700	-1076.3204542255007
26800	-1077.576286687431
26900	-1079.8119953823516
27000	-1080.7752285898537
27100	-1078.5937438787082
27200	-1083.302934052173
27300	-1079.2731522637378
27400	-1078.4080227077372
27500	-1077.5053041289507
27600	-1078.4312858293172
27700	-1078.0563481087545
27800	-1076.9060776410688
27900	-1077.6578203737258
28000	-1079.6587488211944
28100	-1077.980531993181
28200	-1077.3624516061802
28300	-1083.9902022541273
28400	-1078.024897906191
28500	-1081.0289186945593
28600	-1082.5353158466942
28700	-1079.9337109298217
28800	-1080.279922420294
28900	-1079.425896739115
29000	-1080.5611164457032
29100	-1081.5331388760192
29200	-1077.8426463385936
29300	-1079.1289120944762
29400	-1078.9080919316825
29500	-1081.2712375939323
29600	-1082.6609680928934
29700	-1078.5120930060352
29800	-1078.0806220603963
29900	-1078.7826421311447
30000	-1079.2569735381542
30100	-1081.3837095938943
30200	-1079.1334595429544
30300	-1078.0591071932035
30400	-1080.4084998268163
30500	-1078.677870261829
30600	-1081.8279059847196
30700	-1079.843967501784
30800	-1078.7621587220833
30900	-1080.1254476803945
31000	-1079.8651706822532
31100	-1079.9420589932665
31200	-1077.9127995542624
31300	-1078.7743540879826
31400	-1078.4928191323065
31500	-1077.5692212543927
31600	-1082.8381824236697
31700	-1079.7981044051808
31800	-1078.2801466483743
31900	-1079.4474977303644
32000	-1079.9402974937202
32100	-1078.2782575339938
32200	-1082.0476801599784
32300	-1078.7394048970302
32400	-1078.9957122783817
32500	-1078.3020146048386
32600	-1079.4147648771445
32700	-1080.3677132162213
32800	-1082.251721761104
32900	-1079.628743107905
33000	-1078.7248478455772
33100	-1077.3387278254086
33200	-1077.5985014064322
33300	-1079.2511617004968
33400	-1080.0047573250122
33500	-1081.21990358211
33600	-1078.668419090995
33700	-1082.7348123354561
33800	-1078.9781144308797
33900	-1082.3667134058103
34000	-1078.7484594227708
34100	-1080.3689824809667
34200	-1081.8944316987784
34300	-1077.2350213204827
34400	-1077.0847395333085
34500	-1078.2502999274195
34600	-1077.7736725954776
34700	-1082.6045591030374
34800	-1080.739253091892
34900	-1077.9663546184859
35000	-1076.9522552389212
35100	-1079.3916380725323
35200	-1079.7029336130568
35300	-1077.6774316400652
35400	-1078.399082604441
35500	-1078.9420280783092
35600	-1080.406023637193
35700	-1081.954619302523
35800	-1080.783745769537
35900	-1080.279522724001
36000	-1078.9302083329324
36100	-1077.209410773734
36200	-1077.3895610956354
36300	-1077.907603574378
36400	-1077.7199263648213
36500	-1077.5699880007624
36600	-1083.705779002566
36700	-1076.892989604541
36800	-1079.6032399319454
36900	-1081.4773832150017
37000	-1078.1507794235406
37100	-1080.487598516621
37200	-1080.0858328455324
37300	-1077.8551894985358
37400	-1078.4092702947169
37500	-1078.8745534531922
37600	-1077.8415996625913
37700	-1079.217586540884
37800	-1080.484952664371
37900	-1079.6857454636001
38000	-1083.3084953321395
38100	-1076.87781352632
38200	-1077.710654109306
38300	-1079.4381499000594
38400	-1077.2570772800987
38500	-1080.9789789160516
38600	-1082.8445846058626
38700	-1088.8257139246093
38800	-1082.4278414500313
38900	-1077.9187577012076
39000	-1078.9194604429904
39100	-1077.862197207377
39200	-1077.5716712335084
39300	-1079.5554927679414
39400	-1081.3126675693486
39500	-1077.569865958912
39600	-1080.655599089222
39700	-1081.6588609930309
39800	-1084.9289897534977
39900	-1078.9780146548535
40000	-1079.9828194728807
40100	-1081.484089014437
40200	-1082.63059167063
40300	-1080.9521913598523
40400	-1083.8932254929985
40500	-1082.7794071972903
40600	-1080.3310542994727
40700	-1081.2818558816584
40800	-1079.9184908008797
40900	-1079.5401663437617
41000	-1078.6355890451728
41100	-1080.2408296782778
41200	-1077.328415555456
41300	-1083.30299993726
41400	-1079.5129330079667
41500	-1085.8999361619597
41600	-1081.248866551731
41700	-1077.5542143038538
41800	-1077.0185537061648
41900	-1078.460318596677
42000	-1077.7508315876366
42100	-1079.3114188552902
42200	-1077.6950614883194
42300	-1078.0349799471733
42400	-1079.7035687430114
42500	-1084.099384286081
42600	-1080.593811296777
42700	-1080.1371378248698
42800	-1082.7266592055653
42900	-1078.0951058838104
43000	-1079.6213558298393
43100	-1079.6804616933787
43200	-1076.9066515616191
43300	-1079.2405377064001
43400	-1086.6272215774243
43500	-1080.3407354229241
43600	-1082.183210671294
43700	-1080.569179682963
43800	-1080.1298615119792
43900	-1083.2447208754063
44000	-1079.4501710977338
44100	-1078.9484445533858
44200	-1082.7826403108938
44300	-1079.2802930667674
44400	-1081.2480879280165
44500	-1082.626625376429
44600	-1080.4047348927384
44700	-1078.0402028116591
44800	-1081.03173130255
44900	-1080.867832489507
45000	-1081.0759110761644
45100	-1079.6304213131307
45200	-1079.5846410410309
45300	-1079.4123297222468
45400	-1078.7853527505304
45500	-1077.8071931874047
45600	-1082.6365950137583
45700	-1082.736457208255
45800	-1084.8700266857388
45900	-1083.4192632097138
46000	-1083.402210242075
46100	-1078.2333480889586
46200	-1079.295446639094
46300	-1081.47459025039
46400	-1079.8731213746119
46500	-1079.6727849917847
46600	-1080.3589573770128
46700	-1078.9829320640117
46800	-1080.725395287824
46900	-1080.8583838851466
47000	-1079.791718039365
47100	-1079.8172193476244
47200	-1078.007870161839
47300	-1078.7704804070447
47400	-1080.1019937190918
47500	-1081.6344535190224
47600	-1081.600059676192
47700	-1083.5411509453568
47800	-1082.607664270802
47900	-1083.4287605430745
48000	-1079.7841786046854
48100	-1081.1573626176032
48200	-1078.1383517013242
48300	-1083.9853733546388
48400	-1083.7406626672414
48500	-1077.6452323282565
48600	-1082.2181662878415
48700	-1082.2991003661111
48800	-1080.7933116846475
48900	-1078.328714087512
49000	-1078.1149958406115
49100	-1087.4964215031594
49200	-1080.4591570129023
49300	-1080.6180133902023
49400	-1080.495727772662
49500	-1079.721133998331
49600	-1078.8598931719039
49700	-1076.9661713479745
49800	-1080.204139263857
49900	-1080.6007242892338
50000	-1083.0585971174535
50100	-1083.7550383314392
50200	-1080.240247351894
50300	-1079.4063878432917
50400	-1079.2649113782443
50500	-1077.3235713524837
50600	-1080.241637016404
50700	-1079.3275315413052
50800	-1079.636843114155
50900	-1078.7509623464832
51000	-1077.8066369598255
51100	-1081.4924094892726
51200	-1078.059194967219
51300	-1079.9209521845116
51400	-1076.7160718928699
51500	-1082.7465354949936
51600	-1079.9460800512065
51700	-1079.3124057065975
51800	-1079.634575765851
51900	-1080.2946696733054
52000	-1078.6246411496522
52100	-1076.2713312828155
52200	-1081.9401322636568
52300	-1078.9468988342785
52400	-1081.6034366011977
52500	-1080.5523504804019
52600	-1080.0158582558852
52700	-1079.9367924100625
52800	-1079.8478862234622
52900	-1077.6231308221663
53000	-1077.9635830722546
53100	-1078.295053258838
53200	-1076.9698516563897
53300	-1087.0299137059721
53400	-1083.1330905297273
53500	-1082.0157773151204
53600	-1088.1725341219262
53700	-1079.5293154234955
53800	-1082.4914414289742
53900	-1080.0704976259728
54000	-1080.5851730084346
54100	-1082.3594650099012
54200	-1081.3554822305377
54300	-1081.5988008643772
54400	-1083.1207329821098
54500	-1081.2551807783939
54600	-1082.9044890046998
54700	-1087.7995657568324
54800	-1082.52319089818
54900	-1078.0191054460165
55000	-1078.8006001140786
55100	-1080.5229813502187
55200	-1080.691412191611
55300	-1083.2883896500553
55400	-1080.6300168402402
55500	-1078.467584400061
55600	-1078.536313716728
55700	-1079.889980046363
55800	-1080.656770046609
55900	-1083.8710383351945
56000	-1078.0603893498378
56100	-1080.1536946122294
56200	-1081.2179465018728
56300	-1082.3811029192932
56400	-1081.90000599442
56500	-1078.5245669379988
56600	-1083.2890238138145
56700	-1078.3669178857203
56800	-1081.4422702965285
56900	-1078.500782548224
57000	-1078.887918335518
57100	-1078.6908724639834
57200	-1080.5137360523142
57300	-1077.1562915597078
57400	-1078.864683311896
57500	-1084.445085537147
57600	-1078.1244036264384
57700	-1079.3258370543717
57800	-1081.9849950411467
57900	-1084.6843272608526
58000	-1085.3156349809437
58100	-1077.436604815015
58200	-1079.0825358987418
58300	-1081.4686577927796
58400	-1077.618723286379
58500	-1077.6763607843561
58600	-1081.3251886456617
58700	-1084.6904067842352
58800	-1086.8399806002235
58900	-1084.5932190410572
59000	-1080.250581848562
59100	-1081.6318180347093
59200	-1079.8358246513849
59300	-1080.9672995901356
59400	-1078.0970230495595
59500	-1081.8508502388565
59600	-1078.4178101101274
59700	-1079.4800696869668
59800	-1080.9462903468475
59900	-1088.9486191546255
60000	-1078.928747897909
60100	-1083.0214205789575
60200	-1080.4112151341637
60300	-1080.6255872120155
60400	-1080.260911871002
60500	-1078.635094229521
60600	-1082.2140799857373
60700	-1082.0991703584154
60800	-1085.3199454369224
60900	-1080.1979395320818
61000	-1080.318433924846
61100	-1079.656152181362
61200	-1090.5869255781836
61300	-1078.7934553006442
61400	-1080.6004558556824
61500	-1077.9189142943746
61600	-1082.338067650629
61700	-1080.542417071764
61800	-1078.5167095176537
61900	-1077.706585525225
62000	-1079.5140886484255
62100	-1080.9989651443125
62200	-1081.586405284773
62300	-1078.4906099366158
62400	-1078.8083685043507
62500	-1083.5923002020086
62600	-1080.7586773536718
62700	-1077.8209091367066
62800	-1080.528787042756
62900	-1079.35064192547
63000	-1078.7178044562988
63100	-1080.5802736427445
63200	-1080.2315656826945
63300	-1081.0518192871098
63400	-1080.320437694751
63500	-1076.845972329551
63600	-1079.8465455323246
63700	-1080.509635109548
63800	-1078.6506162408361
63900	-1085.2541087436225
64000	-1079.2517335721625
64100	-1078.696665422754
64200	-1088.8813774079238
64300	-1076.9836086624514
64400	-1078.3558648735589
64500	-1082.925351899504
64600	-1077.0038033826613
64700	-1081.1425547827985
64800	-1081.5392474624512
64900	-1077.0036169930447
65000	-1078.437976756969
65100	-1078.8958035246653
65200	-1079.2155495835455
65300	-1078.3902537396325
65400	-1078.641180858256
65500	-1076.8468618119616
65600	-1079.890672280158
65700	-1081.9502935451096
65800	-1083.1971435016048
65900	-1081.8483257562525
66000	-1077.7732893135417
66100	-1081.5178816034854
66200	-1078.4283425868643
66300	-1081.956404396275
66400	-1079.7642890703055
66500	-1078.1156339457673
66600	-1081.019770724849
66700	-1081.5884335170454
66800	-1084.77857187371
66900	-1078.263315830192
67000	-1076.6068848660766
67100	-1079.0842567431541
67200	-1080.20280072726
67300	-1081.0475709897614
67400	-1079.140834741002
67500	-1080.7130719466131
67600	-1076.8703156365475
67700	-1083.872466089444
67800	-1081.0228084508744
67900	-1076.9993846236684
68000	-1078.443226459166
68100	-1079.3270935495439
68200	-1079.161857014806
68300	-1078.8294814107621
68400	-1078.616170414682
68500	-1079.8756756573093
68600	-1078.9010557619058
68700	-1077.5956569593955
68800	-1077.973849290182
68900	-1080.2647772549722
69000	-1079.474079608885
69100	-1079.5536939814244
69200	-1079.0429392147335
69300	-1077.6993944592068
69400	-1077.554265409908
69500	-1080.653885788077
69600	-1079.3816242218713
69700	-1082.8170615156735
69800	-1079.4708342534907
69900	-1080.047514747781
70000	-1080.937832429799
70100	-1077.5074162918954
70200	-1079.3980947545424
70300	-1079.7100408003193
70400	-1082.8348729700156
70500	-1082.2387268660393
70600	-1081.077183698003
70700	-1081.165770272264
70800	-1078.0695635567172
70900	-1077.3282731579502
71000	-1079.0049561403803
71100	-1078.677354532138
71200	-1078.6711693430934
71300	-1078.5044136734305
71400	-1079.5342222167628
71500	-1081.0833026746654
71600	-1081.5834279277096
71700	-1084.7643938932342
71800	-1081.738508659834
71900	-1083.4366713904096
72000	-1084.9780117454477
72100	-1079.162450330707
72200	-1079.2113196004389
72300	-1079.6600682559397
72400	-1077.325894950597
72500	-1077.9162482065758
72600	-1080.8528977508704
72700	-1078.32358028539
72800	-1081.0340487904673
72900	-1082.5613901768174
73000	-1078.7354681772422
73100	-1079.8596351565411
73200	-1079.287792398058
73300	-1078.37940041189
73400	-1079.1913127928337
73500	-1084.6157547126127
73600	-1079.4830296304328
73700	-1081.8246483564162
73800	-1082.4207345784112
73900	-1077.392349123415
74000	-1081.0019320512706
74100	-1081.596130312587
74200	-1077.4539186355373
74300	-1079.1917622953442
74400	-1078.3821053365527
74500	-1079.7820107601642
74600	-1079.7698455061254
74700	-1079.054244867584
74800	-1080.2147610282352
74900	-1079.4622010702878
75000	-1078.6523329912363
75100	-1079.9308567740372
75200	-1078.4304156613239
75300	-1077.3143619935781
75400	-1081.758323600499
75500	-1079.4241800945063
75600	-1083.0343815106476
75700	-1079.2973460326693
75800	-1079.0540186580797
75900	-1078.119307062394
76000	-1079.7507056568252
76100	-1077.2457667639019
76200	-1077.3604109917828
76300	-1077.7597498133803
76400	-1079.1786057298968
76500	-1078.6331331480856
76600	-1079.4354145776185
76700	-1078.8997801016744
76800	-1082.3230036980985
76900	-1077.9431003006466
77000	-1078.1193443997754
77100	-1078.2329745796574
77200	-1083.9112043011073
77300	-1080.447516655056
77400	-1077.1006544388702
77500	-1078.309103030435
77600	-1078.7102527516004
77700	-1080.421338438172
77800	-1077.4441412686458
77900	-1082.827797487737
78000	-1084.5562895893472
78100	-1080.7542036599093
78200	-1077.3356523556383
78300	-1081.739128663488
78400	-1077.1288698103272
78500	-1081.8882420087966
78600	-1080.5418819264708
78700	-1080.534878869103
78800	-1078.0272330587945
78900	-1078.7122954953527
79000	-1079.2961488841706
79100	-1080.1874306405339
79200	-1077.3910247965193
79300	-1079.2954067016926
79400	-1077.1009607487479
79500	-1078.7578727766895
79600	-1081.0137565706357
79700	-1078.0670480695817
79800	-1080.688294184834
79900	-1080.3325280254435
80000	-1079.5216449720767
80100	-1080.142022661028
80200	-1080.823115443136
80300	-1077.162542976897
80400	-1077.148200535355
80500	-1078.0789077505674
80600	-1078.059748509139
80700	-1077.0211361381348
80800	-1077.922118955195
80900	-1078.522716643607
81000	-1078.2222703464317
81100	-1079.690078128835
81200	-1077.8174727760595
81300	-1079.710635967139
81400	-1077.7999242134351
81500	-1079.2962497236676
81600	-1078.0067773391988
81700	-1080.1229380776513
81800	-1081.291196194139
81900	-1081.7949736414837
82000	-1078.924167929622
82100	-1077.2896952866577
82200	-1078.6171874999939
82300	-1086.186615914396
82400	-1083.1282516021215
82500	-1084.9751094340472
82600	-1081.3239721153877
82700	-1077.9010849988829
82800	-1078.2290722164007
82900	-1077.8339804026841
83000	-1078.223358304923
83100	-1077.180657456107
83200	-1078.5283447819177
83300	-1081.5595920845362
83400	-1078.5448364574124
83500	-1078.2806574503206
83600	-1078.742374580775
83700	-1081.188155014402
83800	-1079.1661692232965
83900	-1081.4139345123742
84000	-1079.7797190401338
84100	-1079.7703874172512
84200	-1079.0779793056686
84300	-1081.301527398071
84400	-1079.1019290443537
84500	-1080.302560499267
84600	-1079.768277904279
84700	-1081.6409374467255
84800	-1076.4181624848288
84900	-1079.8485362493925
85000	-1078.410959155335
85100	-1080.221914317181
85200	-1079.3286633033758
85300	-1080.3698774565778
85400	-1079.8334427568384
85500	-1078.7611086446802
85600	-1081.8964169015776
85700	-1079.2868437030259
85800	-1081.5845807537494
85900	-1077.8037133681337
86000	-1079.3820611356564
86100	-1081.1598865291603
86200	-1080.1013191365996
86300	-1077.58636088924
86400	-1077.9365694352296
86500	-1078.172995104116
86600	-1078.9154774903668
86700	-1080.420476584014
86800	-1080.7961503825202
86900	-1082.2851431203253
87000	-1080.9354376222182
87100	-1079.6837614976685
87200	-1081.1693269890861
87300	-1077.3646031952408
87400	-1078.2975523339592
87500	-1080.4686598682638
87600	-1077.2754639780414
87700	-1082.4995593793728
87800	-1081.9877699645801
87900	-1079.755119943156
88000	-1078.1006520075912
88100	-1077.5182059171361
88200	-1081.6614368330725
88300	-1081.6595030914373
88400	-1077.9196905248182
88500	-1079.5251803944043
88600	-1082.544781941654
88700	-1086.849217528041
88800	-1078.2661313800752
88900	-1082.6080463630376
89000	-1080.6553722941962
89100	-1079.506819501653
89200	-1080.1502007328208
89300	-1080.2450783721165
89400	-1079.3100533879915
89500	-1077.924441880823
89600	-1078.6038534695963
89700	-1079.4437842501654
89800	-1080.389788282509
89900	-1078.3589291612575
90000	-1080.757931851114
90100	-1077.858604573887
90200	-1077.7630868358892
90300	-1078.8506410225314
90400	-1077.7460351116376
90500	-1078.3382801938887
90600	-1078.282744686586
90700	-1081.8240099058962
90800	-1079.572169258484
90900	-1079.0586265607585
91000	-1082.500368797123
91100	-1082.331882313963
91200	-1080.6483028699665
91300	-1084.240982989776
91400	-1080.4688138752326
91500	-1085.8796808764253
91600	-1081.2241440376938
91700	-1081.180960023165
91800	-1077.2149249124625
91900	-1082.4794825075826
92000	-1077.365378967003
92100	-1078.8607093417818
92200	-1079.776313175229
92300	-1078.6604860764467
92400	-1080.2801605052914
92500	-1082.118274258687
92600	-1080.0534729925625
92700	-1080.988811140347
92800	-1078.1256888023552
92900	-1080.9611373199568
93000	-1077.4495181413608
93100	-1085.3386004768718
93200	-1077.5641963044945
93300	-1079.180772489146
93400	-1080.5044119453432
93500	-1078.0424771856237
93600	-1081.115197383352
93700	-1090.9834181827077
93800	-1082.9696545635938
93900	-1079.0401645366537
94000	-1079.5872650085084
94100	-1079.5849767486873
94200	-1079.5193979157602
94300	-1080.9236307666324
94400	-1079.5727387666543
94500	-1077.7504217805035
94600	-1078.0322509134608
94700	-1078.147643940753
94800	-1078.3095624224452
94900	-1080.9270889719405
95000	-1078.1135803454458
95100	-1079.2354366589077
95200	-1077.0824762170826
95300	-1079.7954276193695
95400	-1080.3479032531777
95500	-1078.1696130994278
95600	-1082.5843990213334
95700	-1078.7228610074671
95800	-1081.5392677299737
95900	-1080.6766416797043
96000	-1078.5109690196127
96100	-1077.621264658425
96200	-1078.962219558328
96300	-1081.705394194053
96400	-1079.6805041947268
96500	-1080.321597523526
96600	-1079.5086961192424
96700	-1078.4053323798767
96800	-1078.382784150135
96900	-1081.4136638567857
97000	-1082.2346269334998
97100	-1079.1232601721722
97200	-1080.3724964580585
97300	-1078.5088280580405
97400	-1081.6619241630958
97500	-1080.6008931452598
97600	-1079.7598471979345
97700	-1080.1337911722392
97800	-1077.6683252309308
97900	-1079.6807176896984
98000	-1083.605799053194
98100	-1079.1209892828986
98200	-1082.4922155891784
98300	-1080.0502135715587
98400	-1081.3945199729494
98500	-1076.9825403105606
98600	-1081.2288986217568
98700	-1078.2552245576394
98800	-1081.0301162458145
98900	-1081.6595336553614
99000	-1080.3839949921155
99100	-1082.3300937643817
99200	-1079.7052260199143
99300	-1078.5862894817578
99400	-1078.135760945962
99500	-1080.0368485579884
99600	-1077.977892009625
99700	-1080.2517563816177
99800	-1080.626221659153
99900	-1080.4317305484528
100000	-1079.5927059333621
