#
#model:
#
#<?xml version="1.0" encoding="UTF-8" standalone="no"?><input id="posterior" spec="beast.core.util.CompoundDistribution">
#    <distribution id="prior" spec="beast.core.util.CompoundDistribution">
#        <prior id="lambdaPrior.Ai" name="distribution">
#            <parameter id="lambda" lower="0.0" name="x" spec="beast.core.parameter.RealParameter">10.0</parameter>
#            <Gamma id="Gamma.0" name="distr">
#                <parameter estimate="false" id="RealParameter.1" name="alpha" spec="beast.core.parameter.RealParameter">2.0</parameter>
#                <parameter estimate="false" id="RealParameter.2" name="beta" spec="beast.core.parameter.RealParameter">200.0</parameter>
#            </Gamma>
#        </prior>
#        <distribution id="snapprior.Ai" lambda="@lambda" spec="snap.likelihood.SnAPPrior">
#            <parameter estimate="false" id="alpha" lower="0.0" name="alpha" spec="beast.core.parameter.RealParameter">11.75</parameter>
#            <parameter estimate="false" id="beta" lower="0.0" name="beta" spec="beast.core.parameter.RealParameter">109.73</parameter>
#            <parameter estimate="false" id="kappa" lower="0.0" name="kappa" spec="beast.core.parameter.RealParameter">1.0</parameter>
#            <parameter id="coalescenceRate" name="coalescenceRate" spec="beast.core.parameter.RealParameter">10.0</parameter>
#            <tree clusterType="upgma" id="Tree.Ai" nodetype="snap.NodeData" spec="beast.util.ClusterTree">
#                <taxa dataType="integerdata" id="snap.Ai" spec="snap.Data">
#                    <taxonset id="SthBarrington" spec="beast.evolution.alignment.TaxonSet">
#                        <taxon id="SthBarrington_BT10a1" spec="beast.evolution.alignment.Taxon"/>
#                        <taxon id="SthBarrington_BT8a1" spec="beast.evolution.alignment.Taxon"/>
#                        <taxon id="SthBarrington_BT9c1" spec="beast.evolution.alignment.Taxon"/>
#                    </taxonset>
#                    <taxonset id="MtWilson" spec="beast.evolution.alignment.TaxonSet">
#                        <taxon id="MtWilson_MW12bm" spec="beast.evolution.alignment.Taxon"/>
#                        <taxon id="MtWilson_MW5bm" spec="beast.evolution.alignment.Taxon"/>
#                    </taxonset>
#                    <taxonset id="Termeil" spec="beast.evolution.alignment.TaxonSet">
#                        <taxon id="Termeil_Te3bf" spec="beast.evolution.alignment.Taxon"/>
#                        <taxon id="Termeil_Te3c1" spec="beast.evolution.alignment.Taxon"/>
#                    </taxonset>
#                    <taxonset id="Broadwater" spec="beast.evolution.alignment.TaxonSet">
#                        <taxon id="Broadwater_BW10af" spec="beast.evolution.alignment.Taxon"/>
#                        <taxon id="Broadwater_BW19cf" spec="beast.evolution.alignment.Taxon"/>
#                        <taxon id="Broadwater_BW31am" spec="beast.evolution.alignment.Taxon"/>
#                    </taxonset>
#                    <taxonset id="Kerewong" spec="beast.evolution.alignment.TaxonSet">
#                        <taxon id="Kerewong_Ke18dm" spec="beast.evolution.alignment.Taxon"/>
#                        <taxon id="Kerewong_Ke21b1" spec="beast.evolution.alignment.Taxon"/>
#                    </taxonset>
#                    <taxonset id="Dampier" spec="beast.evolution.alignment.TaxonSet">
#                        <taxon id="Dampier_Da11a2" spec="beast.evolution.alignment.Taxon"/>
#                        <taxon id="Dampier_Da19a1" spec="beast.evolution.alignment.Taxon"/>
#                    </taxonset>
#                    <taxonset id="MaresForest" spec="beast.evolution.alignment.TaxonSet">
#                        <taxon id="MaresForest_MF13a1" spec="beast.evolution.alignment.Taxon"/>
#                        <taxon id="MaresForest_MF17am" spec="beast.evolution.alignment.Taxon"/>
#                    </taxonset>
#                    <taxonset id="Olney" spec="beast.evolution.alignment.TaxonSet">
#                        <taxon id="Olney_Ol20bm" spec="beast.evolution.alignment.Taxon"/>
#                        <taxon id="Olney_Ol4bm" spec="beast.evolution.alignment.Taxon"/>
#                    </taxonset>
#                    <taxonset id="NthBarrington" spec="beast.evolution.alignment.TaxonSet">
#                        <taxon id="NthBarrington_BT4a2" spec="beast.evolution.alignment.Taxon"/>
#                        <taxon id="NthBarrington_BT6a1" spec="beast.evolution.alignment.Taxon"/>
#                    </taxonset>
#                    <taxonset id="Cumberland" spec="beast.evolution.alignment.TaxonSet">
#                        <taxon id="Cumberland_Cu12a1" spec="beast.evolution.alignment.Taxon"/>
#                        <taxon id="Cumberland_Cu6a1" spec="beast.evolution.alignment.Taxon"/>
#                    </taxonset>
#                    <taxonset id="Dorrigo" spec="beast.evolution.alignment.TaxonSet">
#                        <taxon id="Dorrigo_Do2c2" spec="beast.evolution.alignment.Taxon"/>
#                        <taxon id="Dorrigo_Do5bm" spec="beast.evolution.alignment.Taxon"/>
#                    </taxonset>
#                </taxa>
#                <parameter id="RealParameter.0" lower="0.0" name="clock.rate" spec="beast.core.parameter.RealParameter" upper="0.0">1.0</parameter>
#            </tree>
#        </distribution>
#    </distribution>
#    <distribution id="likelihood" spec="beast.core.util.CompoundDistribution">
#        <distribution data="@snap.Ai" id="treeLikelihood.Ai" pattern="coalescenceRate" spec="snap.likelihood.SnAPTreeLikelihood" tree="@Tree.Ai">
#            <siteModel id="MutationSiteModel.Ai" spec="beast.evolution.sitemodel.SiteModel">
#                <parameter estimate="false" id="mutationRate" name="mutationRate" spec="beast.core.parameter.RealParameter">1.0</parameter>
#                <parameter estimate="false" id="shape" name="shape" spec="beast.core.parameter.RealParameter">2.0</parameter>
#                <parameter estimate="false" id="proportionInvariant" name="proportionInvariant" spec="beast.core.parameter.RealParameter">0.0</parameter>
#                <substModel coalescenceRate="@coalescenceRate" id="MutationModel" spec="snap.likelihood.SnapSubstitutionModel">
#                    <parameter estimate="false" id="u" lower="0.0" name="mutationRateU" spec="beast.core.parameter.RealParameter">1.7346278317152102</parameter>
#                    <parameter id="v" lower="0.0" name="mutationRateV" spec="beast.core.parameter.RealParameter">0.7024901703800787</parameter>
#                </substModel>
#            </siteModel>
#        </distribution>
#    </distribution>
#</input>
#
Sample	posterior	likelihood	prior	theta0	theta1	theta2	theta3	theta4	theta5	theta6	theta7	theta8	theta9	theta10	theta11	theta12	theta13	theta14	theta15	theta16	theta17	theta18	theta19	theta20	TreeHeightLogger
0	-4026.7281948127793	-3037.306837271631	-989.4213575411483	0.08987100570224606	0.05829613584362662	0.13374599488223562	0.1253915503736576	0.09372959971290179	0.17440469957064156	0.11497101615942365	0.09118458563455742	0.09624941256898803	0.09265525793864748	0.0835445125819139	0.12068649874808171	0.19558435059926593	0.10613094315638767	0.08028903724469283	0.1662817425752062	0.13412167518006407	0.10798215034111995	0.12963629121248432	0.13854573040139187	0.06945619686728537	0.0014247833329702891
1000	-3678.499832017462	-2673.8027675209296	-1004.6970644965321	0.10052598443703568	0.08518138744991345	0.0897523748884758	0.11748227972016685	0.11974781366941953	0.058447494226810566	0.12356575087369882	0.11977274373342639	0.10012125697591051	0.11793472452535582	0.10051825929138375	0.11860691938553745	0.08588232269197933	0.17944300048872208	0.15261230445462476	0.11343082580596699	0.10093226370479859	0.10746123401348218	0.16525226267720525	0.08334429052202513	0.05375958451527698	0.007988543050539147
2000	-3926.159002882636	-2918.5776377921684	-1007.5813650904674	0.07069821485111465	0.11637870843014178	0.12304736937385852	0.14312637416296592	0.12177032994545565	0.09249144221082603	0.04749628202632095	0.06359034985096848	0.11575593512714699	0.08601209200798333	0.06446028777761706	0.11765067865286877	0.09076845704051313	0.11663587807156663	0.11979864832143546	0.14547115576321562	0.07040774464025759	0.06386969496945995	0.045575855593895084	0.1212978885570446	0.09659356765613808	0.006199361258439209
3000	-4056.850257044107	-3065.6357335245275	-991.2145235195795	0.11961330150919632	0.10691198815742455	0.08843372091509814	0.10454743515555716	0.10337961973814626	0.12052893653729768	0.2264157004285565	0.12262552379976004	0.0964502149638857	0.12254422276299852	0.1698172713826421	0.06631913880829003	0.0690589228848754	0.13238403288220982	0.08860187158728246	0.12245450477874802	0.07386668756541065	0.12820998870804173	0.0940835700211418	0.1973913684473228	0.1813157342984554	0.0013824733500481263
4000	-3911.522081330813	-2917.859912715172	-993.662168615641	0.1709804655651606	0.1269113748444738	0.11488579714401119	0.08413350612034422	0.10262807742035429	0.09019342801867541	0.0997972964685756	0.13122312969425093	0.09148961344553394	0.12217990572465653	0.048651359675854614	0.16286276615328826	0.07996294344028884	0.06480708671915028	0.12352704974438557	0.12162383721424354	0.10983201312209284	0.0951774591723246	0.09848101325931014	0.10838600313472059	0.09106543211798014	0.0032670133673623923
5000	-4067.8552660206524	-3082.9611570992984	-984.8941089213539	0.08975069077304818	0.10644682617544773	0.1083506490355993	0.08660135980535225	0.1608579877515692	0.1270346291939543	0.09437705852364695	0.08487671968351844	0.10385296926589897	0.12698672957549142	0.10562691926638476	0.10250623031098248	0.11796990676297775	0.1087236923503356	0.09837561288057416	0.08493282754947609	0.1284729290599614	0.10055777032073747	0.11308951791734798	0.11126486133126069	0.07389668477225465	0.0019278804885575623
6000	-3844.7948560274026	-2846.9527043891567	-997.8421516382457	0.15696912115540945	0.1521422917647853	0.08909991597604622	0.08645398260282262	0.16907423478272657	0.1275403301570034	0.11372228673185042	0.0826431962375872	0.09188771992413017	0.13887271433249765	0.11255506852595937	0.10816223854496233	0.07822388110420675	0.10251446537623933	0.10729009413487042	0.06487536128310842	0.07673633724456348	0.1104922949668923	0.10259597508083804	0.11451929225897439	0.11335332198925618	0.006094469443984117
7000	-3948.512264494181	-2947.2695513290196	-1001.2427131651618	0.12053532502901589	0.1470323653529231	0.12563292069583032	0.1277427764857947	0.1522434021433088	0.1547114324293806	0.08622192961824188	0.11572657375237487	0.0822526348051531	0.06213192202953777	0.08415023760000748	0.09084910887273923	0.21652292761423075	0.11478090157211512	0.05464244833637542	0.16397982096048505	0.07744219561112109	0.1181503191027174	0.09659755308364101	0.1918404553951	0.09273225383479256	0.0036787480946893878
8000	-3669.574883269152	-2666.4511657867843	-1003.1237174823677	0.06968484512374654	0.10021387009847475	0.04937563009175087	0.14233046273120847	0.09535318592800512	0.13015494794342866	0.06304499337878232	0.0844484746061429	0.09439864362538672	0.16978299071146827	0.13194377714054312	0.11834418396795009	0.1037633353584347	0.10134646084165215	0.08260824268324563	0.08233740513856372	0.15415343124575942	0.06351672618233502	0.08282750409138923	0.10094796309846293	0.09279959248920636	0.005671606912509626
9000	-3966.905313916342	-2975.332408136257	-991.572905780085	0.08254688817042868	0.06534227194108172	0.10056521146963127	0.10287786003139578	0.09873909189177468	0.08833564475272304	0.06462700688642554	0.07438478857832108	0.1337340668436123	0.10412450713261107	0.11751426363249705	0.10128155897530354	0.10447011364174055	0.06272097240703664	0.13953656787313304	0.14673929254191279	0.09980870951548096	0.09503567265592176	0.12004802416105032	0.0916117808302752	0.12296363608371891	0.002820966947799408
10000	-3941.8023370140277	-2946.2579466759103	-995.5443903381174	0.09852702498267323	0.09218775773661146	0.10939810190502801	0.07223534180996453	0.08535428335039727	0.11211578628498087	0.14668998235783406	0.04927242240823382	0.07072170152796131	0.11212323236879639	0.10391055622246412	0.12855161029491544	0.07943143486307151	0.09238677216883319	0.08590136663457883	0.10353460348737185	0.11480023553706543	0.1389729265638624	0.08921139245102715	0.11527189841342633	0.15315744908364815	0.0034769576269978336
11000	-3944.7063205794734	-2953.2824520756244	-991.4238685038489	0.07634275532730887	0.11085221562626052	0.1024783505588877	0.10907741631954927	0.09105680761516613	0.10390982360501126	0.08340313288285804	0.09037340607824226	0.09952914192222015	0.09977297408738146	0.07285412967302297	0.07160598851656336	0.16333506589041236	0.13406816070914432	0.11878167466795155	0.11016337196587195	0.0676489790949455	0.055542786308132336	0.12397578322678218	0.12639817542173154	0.09664330625174261	0.0032090571699131694
12000	-4053.906489560665	-3051.5784298413546	-1002.3280597193101	0.0673442256949675	0.06866242722246513	0.1742515809940115	0.07631379593606705	0.10696606781227888	0.0894056405008444	0.13182495458711022	0.11690595725842971	0.10409614257342102	0.090504215232152	0.13287235049683133	0.07064945979333233	0.13770737727447868	0.04357683658336751	0.1061525637309946	0.10849439561584209	0.07257603955228732	0.0709228114163892	0.11089274835020889	0.06560889414903971	0.03779513736996685	0.0024230362451623847
13000	-3922.138243701218	-2916.2968549960474	-1005.8413887051707	0.10373187672213999	0.07800256278654494	0.26012519168640474	0.11775240375025922	0.07891260928079835	0.09502777372842951	0.09351200071354451	0.11917327309805296	0.13427919632010854	0.08773618809218384	0.09405243337697518	0.11135997212672331	0.10774743189305405	0.07474447037082581	0.08130594342076763	0.10523684838586674	0.1152904265455405	0.10415519712426796	0.13410390514065243	0.10135670417058897	0.06361481217833143	0.010537918321381056
14000	-4172.970652118161	-3185.286306654845	-987.6843454633155	0.10982991974975885	0.06180890829307135	0.13228915653194995	0.1091236004918471	0.09804027593711102	0.13166748735591807	0.1996569692576946	0.06881892913806985	0.08520772644133515	0.08304039469754025	0.16338979170828435	0.10512527426475872	0.12076584776956963	0.0723033300514129	0.09422771319091519	0.10218810536115505	0.15949634599949947	0.07326055449144751	0.10988985123465997	0.14721249938536082	0.08834167653989769	0.001457285521784289
15000	-4014.4513859509852	-3015.5906900034433	-998.860695947542	0.06120857727702165	0.10446993168696474	0.12783852003910323	0.07782615550617504	0.10741922140082177	0.1297173533521958	0.07604501305999968	0.17962450692160778	0.10389689286758333	0.09122909168113423	0.12738235754234706	0.1215062324306542	0.1379630747256572	0.11914794287484176	0.06027383188318394	0.08819163175605513	0.16879624892590397	0.11065562805928925	0.13107150226777403	0.11796134606722122	0.1415053860361971	0.0071562946119318885
16000	-3587.0301795445575	-2572.629007001288	-1014.4011725432699	0.1217416512734616	0.10921694085902532	0.09211263299941216	0.07943875900463729	0.10509006342996785	0.08441734272390489	0.11006568901872632	0.06905823653784814	0.07946484356956257	0.06306048941615841	0.1069990362849732	0.11952558286534022	0.15141093329066022	0.09493246768049579	0.11798877987451384	0.06212814622436832	0.10653278734283968	0.0647105175219369	0.15002588589726726	0.0712268614645601	0.060293568822949485	0.021111129314859076
17000	-3716.709306517691	-2709.8991217169732	-1006.8101848007178	0.0927804864678964	0.08126217987725667	0.1356560910805684	0.11297969118303793	0.08882342208157103	0.06549221539741379	0.07603253037170465	0.12489183186159397	0.07801465081089458	0.08427052023918635	0.0933692347217798	0.08421658422728241	0.07010745180308936	0.13290188059078234	0.1015903283357795	0.12051336377456581	0.10438197399377268	0.11096989352518563	0.10379328446811782	0.0614243219925299	0.07975543014354265	0.011785841748463347
18000	-3927.55076964734	-2921.565209928052	-1005.9855597192883	0.1396198615054504	0.062216921224614335	0.12444672254074997	0.1645867181863216	0.11999893055128961	0.1220568207027855	0.10353653147793061	0.06742582236536539	0.08794021682638894	0.14181744742846883	0.06326572863368311	0.13688275609246636	0.12880745655895062	0.13930401572130005	0.07243224911481673	0.08068803323488465	0.11212120082797844	0.08823565588752909	0.05882151036921255	0.08650378880638576	0.08421673892454672	0.009350258501366521
19000	-3928.0551389392203	-2928.0547979477465	-1000.0003409914736	0.05814056992211291	0.12367486268537609	0.0766867454344563	0.16264225755308445	0.0793156437868652	0.10601891365609477	0.07119784639882298	0.14268007999640242	0.16423352167820798	0.10041251236783788	0.06559271133429957	0.167194306906557	0.1897843890080535	0.08862334941526093	0.09995292090504476	0.11931022612085264	0.11073839293435249	0.08160005355019669	0.05001634467498624	0.07622893554452394	0.15616992950642486	0.003549923810215861
20000	-4089.133389418239	-3095.2574639859713	-993.8759254322679	0.11179172695707608	0.0701902396150659	0.08655142864987218	0.14499025639917323	0.07511226986685397	0.13647894056572218	0.15486977043247338	0.158517678322286	0.11097255180270757	0.07177726958891517	0.1689847454659471	0.0984011368215594	0.07913641894114919	0.08769498210200662	0.09902826929467531	0.09318847053079746	0.05930215195511968	0.07173204728925898	0.10522997791128831	0.15343134185547969	0.1199964874169712	0.002887272109023337
21000	-3455.351172073857	-2444.016835204959	-1011.3343368688982	0.06694672711764785	0.06536473165474094	0.16106569676410276	0.08165645079615298	0.10608943260925369	0.10635384980944347	0.1323818837770131	0.10826356762947974	0.10311901370306076	0.10728787656416974	0.11466347466991408	0.14734108446848324	0.1132364477431855	0.13877858821965872	0.09717199256920465	0.10337923678543635	0.10959007018112576	0.1034531417395213	0.1303093871644248	0.06788351266370224	0.10919645442031065	0.028666733141415154
22000	-3999.7364160998577	-2996.5778681796905	-1003.1585479201674	0.1329575190504322	0.09909355771469372	0.07399053771151819	0.1788868806371867	0.09446441438001837	0.122621591185625	0.05881655604031202	0.13881303920641452	0.13370158447571653	0.11560332087563117	0.11155174933769448	0.11417954659762644	0.08490142317199893	0.11940100678155265	0.1346989396027104	0.09223895258082476	0.1328642522400973	0.18666081703869444	0.11973512424507762	0.06847456568976928	0.08824709682024967	0.009912579435893389
23000	-4026.676073662743	-3030.927023596729	-995.7490500660138	0.05268133140031859	0.12625471183800827	0.18710148085921408	0.09601930405218417	0.03787549764541729	0.08164838672745006	0.08163787343386138	0.08501571224807955	0.09400956116264872	0.09748833992008557	0.12480105696636602	0.06792381422355444	0.11781487208841611	0.12244802623044035	0.11667291987457575	0.1121105275882851	0.07272949321211537	0.09047723735460624	0.1083124395835503	0.12803882327634591	0.10550268539159913	0.0026212382476627455
24000	-3929.64233922084	-2932.2204300070107	-997.4219092138292	0.07779748086899156	0.1025581928169424	0.1101511361451205	0.1744867767662535	0.14196747077403177	0.07129207887833838	0.1141824032420635	0.1038761239105011	0.09121238284670923	0.14465227977926742	0.14077321679819824	0.11969350580801462	0.12770431806123275	0.09409144555983084	0.08305916313510452	0.1535346332703142	0.11764761555162606	0.07654645749427294	0.08829859367444678	0.10152751991502743	0.1571734853980382	0.006540611399492284
25000	-3267.952897794302	-2245.782854679623	-1022.170043114679	0.07248177979142237	0.08217091577715648	0.14534198507159368	0.09395211701559204	0.14702584651735986	0.05127196430786031	0.11336145619836246	0.07865632350359476	0.051909403074399695	0.06904591048639563	0.14824368278907302	0.13987921593476893	0.11598249717016447	0.05631505087761053	0.10988488491870671	0.13006350276830797	0.07551771847490714	0.08181252512329254	0.1027352798203212	0.09046398749730328	0.08458878823803562	0.024390305373395964
26000	-3662.6740791745947	-2648.948362841371	-1013.7257163332239	0.13760467575701676	0.12831263081470826	0.10394160274895019	0.13944499013700898	0.0866623070680233	0.12680467144464505	0.07751594814553271	0.07480173439846953	0.14689354825322762	0.09688662740717496	0.08992663803472999	0.07491024203277133	0.12315741099106371	0.10354146982031749	0.08183533636749915	0.10728889058872366	0.06747719067535098	0.1119554005596826	0.07485975811653785	0.09552952160603641	0.13983279670459273	0.04323689181312011
27000	-3893.0211141278132	-2879.722529723352	-1013.2985844044613	0.07914523249341095	0.1040890213546828	0.07381363564885654	0.12810463393050558	0.12770753343173083	0.18243418450690196	0.07625825306784861	0.12267990888565104	0.091091789029393	0.08814751864173023	0.1018703291163	0.06163388695064876	0.0843943172058144	0.06900694343935995	0.1484057266449026	0.04904238522126589	0.0942761314653543	0.0769425675619409	0.2783899075227165	0.0521507288137339	0.1502637422252923	0.008084238813689911
28000	-3928.3544094903195	-2930.8207528802764	-997.5336566100433	0.2018657031596882	0.07636963890297105	0.09320716856529625	0.10255011882917248	0.12833851280269826	0.11168076751441144	0.12448326625726173	0.07027923709628617	0.0720729462064906	0.10688215010929766	0.07037380191922873	0.1186512401463768	0.10618632742178821	0.14739919411012029	0.07501366859591961	0.1371249980778664	0.11400922712332462	0.07401673297202649	0.12840691755373085	0.08113757292857153	0.08428395298620997	0.004213982948650607
29000	-3807.707209798525	-2802.9221404100713	-1004.785069388454	0.12045482319301898	0.08686445289444758	0.09817792842130153	0.09185288130200668	0.08735597334709502	0.08441148155731656	0.07111168056234016	0.07756597349066596	0.10131216851507291	0.0717460793946409	0.10198838549651586	0.10739147687542469	0.09056025126300878	0.1415820794679157	0.06031412477358324	0.11229306664479854	0.05831236819857341	0.09211379741729674	0.17595238656366324	0.10273148170116708	0.08863948326466342	0.0067463350052753375
30000	-3684.3455292055974	-2678.8430218164253	-1005.502507389172	0.0855481654439617	0.13308295030757528	0.0711008542088687	0.11086501146697891	0.10372944104516273	0.09846911166846045	0.11671372549803655	0.08822697865255123	0.07276440135682381	0.1242142838186127	0.12103843223108998	0.12867440114690729	0.1298687123419757	0.11013622067548934	0.1366592168042238	0.18395946322161524	0.1283889497284882	0.09039034799325758	0.08258220047082342	0.09242928444897221	0.11570408494481682	0.015207600748355556
31000	-3574.6948226854947	-2555.8056076291473	-1018.8892150563477	0.17380892134778161	0.06138960210561182	0.1435465272965575	0.15226850732126865	0.07847821746906083	0.04543433753205123	0.09916418331016102	0.16324110513415852	0.10664142117919775	0.17136347776992497	0.04595226863628753	0.1816894722693876	0.11343765716408141	0.08773505609948984	0.0879429760287365	0.05353691006117039	0.10503230509718246	0.1198337767576232	0.0657190850948725	0.08558004139561795	0.1194646282666822	0.013204470799446002
32000	-3649.609866467654	-2645.6495451970577	-1003.9603212705962	0.19002336233928427	0.13322342561433037	0.15927669309833228	0.1087480496811781	0.07906202949445924	0.10074875982225741	0.0688306661866722	0.07024823469786666	0.1068385001421643	0.075999173369649	0.11687619694131247	0.10994598311604141	0.100138767708898	0.14180427495159362	0.14437990318770288	0.07765115410559513	0.14150675531381857	0.1288061943097334	0.09030108548654159	0.17280615406939806	0.11338323708215588	0.007941353352316334
33000	-4051.731195207049	-3056.87113839889	-994.8600568081591	0.11408136977469072	0.08843845530044052	0.11943590664320815	0.15963597650678543	0.09122937181917706	0.08846415405334995	0.09777980365247947	0.10586393420513755	0.08216437414372244	0.1543597765639459	0.15310497250701632	0.08246943270085767	0.0742444109856759	0.09238146955321302	0.06873728996687054	0.12387798809394995	0.07006726908273463	0.07587056013479608	0.12243130979965067	0.09454347266724344	0.07671432960628297	0.0027659852525307995
34000	-4065.057308435813	-3066.720269842646	-998.3370385931672	0.1464154966414192	0.06779932006846372	0.040401477443273937	0.10306031442792403	0.21463998047969737	0.13551777829683176	0.1237358793001221	0.12709173840141227	0.11215931960655791	0.10908524226917254	0.08986243812341922	0.1084158840602209	0.17427166627536558	0.20203031113774086	0.1000666705221922	0.09872768462619316	0.0895275861626364	0.14909374409560555	0.13023125141339112	0.07540443836099782	0.08672958622918858	0.0021425792285261268
35000	-3686.5640211735076	-2677.892646326816	-1008.671374846692	0.14617290849239184	0.09681026031371939	0.11693559860585019	0.12327284283178763	0.08628744829910938	0.08429771631897615	0.10345890696316926	0.06287631818444998	0.0705316458268482	0.10884773719466771	0.09108989502024312	0.07298695619889642	0.13178207126560754	0.09435031855291237	0.09601976034284765	0.09598333002591691	0.1028393430345995	0.11614107071119073	0.061210917774469964	0.11497337850661087	0.10629974770361607	0.013328616696843005
36000	-3491.481137568961	-2477.924127481113	-1013.5570100878482	0.10081639908216711	0.11918666550296557	0.13619970746159765	0.09522594779118503	0.056019325833799795	0.04603918592048372	0.07148065581505408	0.06089820286318939	0.15507986309821448	0.09529538783405406	0.08483207609548789	0.147479246939795	0.12300305512145741	0.07719370110892977	0.12010064584666626	0.144459815524053	0.127194218643727	0.08464846334131192	0.16826826359499997	0.12812032783208835	0.09445299777661523	0.015574656451711258
37000	-3027.255361541916	-1995.6000635780101	-1031.655297963906	0.10796879773732698	0.15755289787443677	0.08554878614343284	0.1279893192631244	0.17987789163284265	0.13694080566527422	0.06002949740268764	0.12893615139421372	0.0873069986420208	0.09913555310720683	0.12052939081330803	0.09098475188165972	0.0878775955500871	0.08642878287545075	0.148551493133317	0.05519574921457288	0.10577969779450332	0.0820654633018952	0.15194858083702334	0.13051557922351814	0.13438132039145342	0.1133622211484835
38000	-3299.3138782341157	-2274.5296757766137	-1024.784202457502	0.07823268743427338	0.14472152362288523	0.14815768934731396	0.046525015045943245	0.14304312067556907	0.1068687330734056	0.07549918735155574	0.18111416492695345	0.08917653520372686	0.07058451001526529	0.1014430288748557	0.11515607830734033	0.09606954605469083	0.08068024223608787	0.12422051873311155	0.08119390270273387	0.07570757883591964	0.08871899047412914	0.11574940694675648	0.19845054568969292	0.11000135129947948	0.04799910401502093
39000	-3329.590505543528	-2316.042552045256	-1013.5479534982718	0.10742559572151666	0.07122266517301659	0.09464517288396886	0.11534935137475488	0.1420731506620951	0.06380701721710777	0.11619985245545036	0.09745204135050266	0.12497444959081588	0.15238533100866788	0.12105857282950794	0.11590093001659887	0.08491798703078346	0.06895950191950419	0.1217760367184127	0.11427959995970743	0.11554595308691717	0.13409242080366016	0.13608361577619943	0.10293945399510485	0.11432184834319704	0.029039996850122114
40000	-3727.8350877827766	-2729.040305597112	-998.7947821856646	0.10103824978191035	0.15007235362807467	0.13213107136640953	0.06613602286565363	0.13161910237320956	0.09205854254651225	0.09161949865586448	0.15923539186169225	0.0744200915302732	0.06573942996214861	0.0680918415951664	0.12323361508737744	0.1032149387284425	0.09625645840412721	0.09291352172337064	0.07074286446315001	0.10017417229402235	0.0858364136481886	0.09635822142646928	0.0831145184575976	0.0900200385483832	0.004565134326052123
41000	-4113.747658240936	-3116.134152566099	-997.6135056748375	0.20885404334998892	0.06680776071393607	0.14133942718389175	0.08822673434129302	0.059038090519046536	0.11106112030409586	0.1508024025125292	0.09217436114242397	0.1666817814368021	0.1154350148124591	0.11155139638631173	0.047195127021624546	0.12053349901252913	0.13889301735481038	0.11427974831795122	0.0612325614123715	0.11471550622205968	0.1297289887142224	0.07419899957491662	0.09166163774274791	0.08035156989108863	0.001805089028926572
42000	-3322.353675214552	-2307.5267979413393	-1014.8268772732127	0.2077231092221672	0.07112473341878595	0.07126577044047484	0.14420306238570543	0.0846882976093514	0.0840304425667213	0.08526960726149609	0.09265849043381855	0.16383968079517558	0.14649082716428916	0.09007348785363212	0.12537615579635686	0.10473245127710229	0.14372330027062866	0.14167922505901184	0.10642647243552035	0.08839892840999078	0.10630867574955023	0.10669254773460324	0.12459399609500504	0.08590739327574048	0.020560055876946138
43000	-3517.9033491717405	-2510.4533813902112	-1007.4499677815293	0.11758791402839802	0.12009883653676955	0.06941259421721926	0.07979136265482818	0.07346710528982466	0.17211684669345093	0.0882686989783364	0.08472233903114812	0.10936477244895731	0.18067312600575272	0.09432153302325698	0.08869955788274751	0.06722034567587785	0.09350920265467613	0.11886495310888101	0.10635393876963595	0.09142085286255822	0.1248254753855066	0.12816103164614878	0.15827258231006058	0.14310811034356583	0.010979260573355883
44000	-3938.339278651945	-2934.3398590535335	-1003.9994195984114	0.11179244166750407	0.11152891459406383	0.07591722898781268	0.10365264226407812	0.1454443268689266	0.0642834914263146	0.12595091387814822	0.06665052944638676	0.11009170152525058	0.08390239380197743	0.08283092913192415	0.12740103392916813	0.0899344750286951	0.07194512200567527	0.14101969105493334	0.11845194594770843	0.18186500489725874	0.06410619589263507	0.058832083479083974	0.08742570494959895	0.08631461374173882	0.005520858043447891
45000	-3767.9438152562907	-2761.7594722777335	-1006.1843429785572	0.09050631432319951	0.05539550659307425	0.09729264219763849	0.12559130813756933	0.12547424578780156	0.09112623140071023	0.08379464317041874	0.1305080415653228	0.12027792957934094	0.12584833035165546	0.04783022547271983	0.06883688798691608	0.07932142066836562	0.15172590927285357	0.15393950003437348	0.11930369198239514	0.18134333595667146	0.1547455352937186	0.14598349290967677	0.10308100614542631	0.08167531435228424	0.007738497226356804
46000	-3921.3853909136446	-2921.8012650740893	-999.5841258395553	0.059891130173615595	0.11923149203558257	0.0651940938639037	0.13337398442511575	0.12932341246586754	0.0979652830140434	0.11370880209724199	0.0932473433454919	0.11314775323621298	0.16490269407146418	0.09422186608159196	0.0953272121985735	0.07644137062250578	0.09080388121027586	0.060307042403174756	0.11508269216497738	0.10193757790597152	0.12745360502821984	0.08716124125984151	0.05951243999209286	0.12063033981983165	0.0048524206480623
47000	-4048.1130502068636	-3052.6047515499163	-995.5082986569472	0.11022268090536066	0.07875020721958133	0.06878344734708555	0.1442840931948564	0.06511688158822809	0.09968750462781996	0.12541826591164318	0.09709354406452562	0.08653146672494227	0.058761827252378857	0.15408672604844875	0.11011434706533128	0.10760268893315987	0.09052128492518276	0.11394110392806331	0.16513134800923496	0.1593280583750671	0.09679412886532109	0.1363235824379118	0.07456664309884006	0.09485637747354503	0.0045151462179101555
48000	-4052.164012832397	-3054.94755898093	-997.2164538514669	0.0893934516235435	0.10363429836065902	0.07773574754266864	0.16885773232677306	0.06414363733467456	0.10111893259916561	0.08491896256745053	0.13330704644884714	0.10600678834100741	0.0695272094370468	0.09981291333984832	0.08687892301711961	0.14810139499629982	0.08953390831560169	0.06381799890734902	0.07654946018643619	0.09355877424544705	0.16748859876353636	0.09321061325016856	0.07268934712126782	0.12317495454324127	0.004573105222380706
49000	-4099.437952723528	-3101.932433396794	-997.5055193267339	0.05910040276999722	0.09147281937941969	0.07472922908826407	0.1001493967619867	0.06704377751822986	0.17207514970565058	0.1252137838051926	0.11146940971908946	0.06547991662666688	0.1036100602302071	0.0861990564101927	0.052622267622956485	0.16788393541036273	0.07057088226759521	0.1626286867429116	0.09115425509255712	0.1580407271440727	0.14657314280195258	0.08198356255066515	0.1473961156541044	0.09744739607501511	0.002740754147671497
50000	-3475.832866010943	-2475.3379536159728	-1000.4949123949701	0.08290907534485364	0.11801946186627561	0.11256651957720948	0.09472741312806812	0.09191631052519939	0.11651548534426702	0.13689428270015588	0.10085550701589673	0.12113302287158093	0.1299940141967472	0.16011084796018538	0.11351395391157959	0.07799320443242086	0.07878243095731523	0.08421364728102466	0.14677666316200413	0.11107300721697427	0.12857173362014798	0.13635749709684056	0.10930467882443405	0.13513300066738337	0.0158211874159927
51000	-3893.0369481006496	-2883.229716567168	-1009.8072315334817	0.09362485667501977	0.11002841388148968	0.08522091866637418	0.05937659416027897	0.06579489099542428	0.07006920769246364	0.07615075371244273	0.1268377395307356	0.12509300934634224	0.1169926246903257	0.09090667752973543	0.06526931080164243	0.12337368269374528	0.07714608726230529	0.18223801099731327	0.11735531183690323	0.11406062606016931	0.09359157076580714	0.07410325385762108	0.15446161499693795	0.14224289845115862	0.014964137990265289
52000	-3601.332011510167	-2590.1833326507026	-1011.1486788594642	0.13062153794271386	0.13321241815027499	0.1440962395854347	0.11095036372888349	0.11239388885224237	0.14325094115344353	0.13754094163074848	0.09707976333898588	0.08506434580021473	0.05174086184453167	0.20752963413372422	0.04477216609562108	0.0958031174031512	0.11378284582570486	0.10664133813363902	0.08299077401522034	0.1746723037285532	0.10791306308467506	0.061461949222107064	0.12378105860835138	0.1156602402866773	0.013175650481287042
53000	-4013.6783712000283	-3012.578855132899	-1001.0995160671291	0.05270127868184255	0.09934747741328286	0.10881267898826377	0.13552632697333125	0.13179137938249527	0.08770220165873428	0.07164035698530709	0.06606481612966743	0.07109889606163014	0.1198836288581747	0.07990742190873446	0.08654964178210155	0.11977738099490001	0.10152064138975511	0.09456255395291449	0.0791249796984821	0.08368274861949579	0.09772313714531385	0.11715602447152756	0.17067849400546345	0.055234842954424664	0.003434013765257714
54000	-3551.218788995505	-2545.0581678374856	-1006.1606211580191	0.10068900418092606	0.10314862395693172	0.12313209313932506	0.10336879362611708	0.13134471439274403	0.15211749029989816	0.08072630350495032	0.10464302833798624	0.11373827385457176	0.10932467656289667	0.1439408993619726	0.07433401375435217	0.10973614970614383	0.11315003993129362	0.17810749641771875	0.11602731407002628	0.14854443781708165	0.059517499405951226	0.08641228555372148	0.1057198488691219	0.17632798775752326	0.013258803132492948
55000	-3691.5710682014537	-2683.7052923395104	-1007.8657758619433	0.07072884985390297	0.09175210104339349	0.09512411592662746	0.08326129471981897	0.07482110384712394	0.19761267589302264	0.06859017867858312	0.12229534126209086	0.14134258598051663	0.10103426426225874	0.10411756176057922	0.07586405343742353	0.09419883188006704	0.10871884309273126	0.11026930264517505	0.11560549345609084	0.11801306881554456	0.09636701220561718	0.07144477067387729	0.15265676314622167	0.09515781459987958	0.01232769170552045
56000	-4104.998882033275	-3112.7495989651707	-992.2492830681039	0.11132386421460756	0.07917969861424962	0.10393858178908108	0.15319179171417469	0.11614557300062286	0.0857445584239666	0.13573186710260385	0.08300760461409001	0.08647252941431607	0.14742257050077603	0.11462356873799376	0.07647793426247208	0.07341879244862713	0.10675448616042765	0.13522072740798338	0.12206001049734805	0.0778288128768271	0.17261873395630342	0.12705563580044918	0.08162029563082208	0.07578163592313648	0.002336587465900981
57000	-3648.3549331838785	-2641.747662450844	-1006.6072707330346	0.10396321020332185	0.08685858411586497	0.11807708234095544	0.09641278720709513	0.04460070738188909	0.13869790297963405	0.08170411539916254	0.08901959645962632	0.08598581145678504	0.12667602588214863	0.07271812548872804	0.0974689253317368	0.10684564393562794	0.09242385014876714	0.1311581836682795	0.09524298888936787	0.1686241875349846	0.16846690132981545	0.1027035252052501	0.13915389730343775	0.06381166697559972	0.008050270344281732
58000	-3628.113851059989	-2624.5988749612393	-1003.5149760987498	0.14145071959210462	0.0872532831166748	0.13298888342616377	0.0755570871835549	0.11645836789658078	0.16439760424954844	0.11969091360198587	0.164295975062422	0.09633466523912647	0.08431518435055103	0.07812978770548981	0.07048875007087085	0.08169117623781302	0.11052266298557538	0.1398200383287336	0.13754648632377212	0.10094975079014447	0.2054585958579075	0.09439825012074439	0.12921131030284994	0.11837862824486897	0.0064986691320361905
59000	-3881.7320063174384	-2889.0894872177796	-992.6425190996588	0.11546642351413074	0.11490008391331615	0.08184785286778813	0.10496702471539918	0.1103309240900032	0.11776918335958701	0.050740740617009505	0.1512119692208098	0.11627671216182324	0.1080131864030031	0.09546208244289203	0.0791428459225961	0.09132899768274809	0.11561408642484426	0.15533240628801806	0.20052359567075603	0.11804936350673505	0.1210142328959344	0.1633570329707865	0.13169496464285316	0.12290591199041902	0.002308435134641399
60000	-3353.9667198824527	-2338.2954869496552	-1015.6712329327977	0.11359719601883812	0.0856627905639789	0.05726739816310505	0.0972417704082474	0.127809871108111	0.17996728713678814	0.12884725963320323	0.08797923299253547	0.12002618822600422	0.0814531685450078	0.049106845239534666	0.061694486261821745	0.11296035749008104	0.13778932539200087	0.18331071115607603	0.1103984178633725	0.12354849892923941	0.07948236107701609	0.06266631340227564	0.1430184648772208	0.11639274880194539	0.012088051385269865
61000	-3907.3023137158143	-2898.444343676581	-1008.8579700392336	0.10151013634686568	0.08046768203809443	0.13025328349036916	0.10718502508509879	0.1508461043814838	0.0707549728076605	0.06250615624854673	0.130582283532686	0.14291544365537967	0.09101201004988953	0.06937403444642486	0.13305476982636702	0.11756637620604594	0.06113945938204804	0.10377734662285568	0.11261802862189066	0.12117227921154701	0.11666045161359351	0.06155123960124559	0.0833597708881312	0.09488654683369699	0.010959876936292988
62000	-3549.816859045435	-2525.70144103911	-1024.1154180063252	0.07760893510681612	0.0642516429431686	0.24162596480168852	0.0934786260337813	0.1896744819939061	0.10582094340391372	0.054829522138186405	0.12759460926205338	0.09031971624358999	0.057779827193126916	0.060423737989866826	0.08130858942928922	0.10507675340041214	0.13455764863931025	0.10366790361602775	0.07826670888089479	0.10567736067980767	0.08662945477568355	0.11703384924687249	0.14193682553362882	0.10773085445792914	0.025231356908094825
63000	-3696.4005337061553	-2677.7433377666775	-1018.6571959394776	0.1527008405651195	0.08965326718133	0.08606443766447197	0.06738295192634765	0.07065550490928882	0.07423112582018646	0.08527824997900393	0.11113388456082145	0.11172034946344225	0.11145163237643126	0.097422835817462	0.09258077354293752	0.06743016522706054	0.11707724954270074	0.12303384678250978	0.08490615842585034	0.11317028394805634	0.05755524437172355	0.14046698648036185	0.1276014222713728	0.18742423047866114	0.03689315080278487
64000	-3768.412943576115	-2764.4784555636115	-1003.9344880125037	0.0996125761668818	0.07949759487139789	0.12960993209384647	0.13266982956142737	0.10832373525820135	0.10546183777136493	0.09054609878658948	0.07832844893873596	0.1408859195127988	0.13710424915014255	0.13921803857967582	0.08150502467938228	0.1316542508419062	0.11067657204334254	0.10150092210328385	0.09382343265802466	0.08020859091311527	0.09924646400186556	0.08421418919488902	0.0817646635703929	0.1719823844986109	0.016067233197148142
65000	-3933.7032187277614	-2931.1857327350463	-1002.5174859927151	0.09095649403203891	0.16687246233795264	0.15047694287356805	0.13352072817523059	0.11853100331424822	0.16776508153498923	0.1725527064345916	0.09723345526806955	0.06829794615350598	0.14340635145345088	0.09583191806933843	0.13626253676032304	0.11889987566269795	0.07695056731676263	0.12511076732673534	0.07119544699913447	0.1010720593379605	0.0645254175016322	0.14174493891418974	0.14515656073183672	0.05242790381119443	0.009296731785644842
66000	-4207.13969900373	-3215.023534062001	-992.1161649417293	0.08160380707658685	0.1362341212866215	0.07364341497857105	0.2053600726999936	0.08935254894170734	0.10843652023279439	0.1033782854173864	0.08799672772643691	0.08879480406891538	0.15966311759154675	0.11630100759118034	0.15141886763894832	0.16905937524947628	0.0883415063229979	0.0643427652526231	0.12402644150993695	0.12072431048664792	0.09468349635997435	0.16764941461578625	0.11886481854863272	0.06113462840165598	0.002410036819168285
67000	-3866.85882236345	-2864.7335417018426	-1002.1252806616077	0.05889059295093077	0.04478154586945113	0.12192129504285942	0.11812717068925958	0.10956367069567684	0.14564809622134206	0.08991242072882986	0.09657084768408405	0.14072149406447537	0.09275750815891631	0.15597507817605993	0.07651269890103006	0.21341664474525027	0.0952502218972071	0.08582131717044526	0.06459882805386069	0.15211841630993825	0.14856791586858445	0.1340792279015362	0.09731773040320306	0.13895129389934685	0.0039944910636099
68000	-4048.41057308948	-3057.5360287057165	-990.8745443837634	0.10204739770350293	0.0958490942093197	0.09403802171269476	0.07251430810321495	0.11872701365594159	0.07760223985960452	0.12738072085674626	0.11793969465239827	0.07308806002812539	0.11165437905592585	0.15583868900494247	0.058212502240144556	0.09037746699549407	0.09110302439352508	0.11036022742341746	0.13418916227893377	0.1132855462768456	0.08136736949229466	0.0995244758371519	0.1007811312972348	0.09304428407271718	0.0025555532692766955
69000	-3576.5544295243726	-2571.912694078443	-1004.6417354459295	0.05306612460946427	0.11585875428987638	0.0657773875809089	0.07874465719324751	0.07595863043559346	0.08679160868736442	0.11828144833780727	0.09582955710174158	0.10941036000176953	0.13556311410402472	0.07150356129658317	0.08258486990866111	0.0695661759934338	0.10299196342684948	0.12347367696445792	0.08858197477851538	0.10920929978121223	0.0648411231312923	0.07539276824726951	0.11443481229875267	0.08817969418213387	0.006346311069149263
70000	-3608.9554362879485	-2596.322368212456	-1012.6330680754926	0.09929757680419068	0.16489831749246056	0.09643614469245036	0.07189302554050404	0.06459183468322194	0.060262453113351	0.09445343149122598	0.09669259942953665	0.0788966215992354	0.07465245195703372	0.14353272036707043	0.09506807118733217	0.05501870353447772	0.1355742735893059	0.10676210522355631	0.11642244130566619	0.15019133504830287	0.08758717955980463	0.10909072140271096	0.12351354887449148	0.17855728841201451	0.014083761770401666
71000	-3882.724054651959	-2883.1755937487433	-999.5484609032155	0.12858191597962568	0.06365600544765693	0.0700013683895033	0.061464227759291785	0.17333714629504826	0.1508053321592007	0.14287342309745057	0.12822170363080163	0.10926500559806299	0.05813129725712183	0.049277318852669776	0.10694358333271677	0.11950824073448782	0.08666769038173738	0.13273489656977205	0.09328080059024847	0.1173882238718128	0.09072483358675561	0.10029938011902327	0.11590784419923261	0.17766365410653354	0.003870135957083652
72000	-3924.965987084256	-2926.522944840786	-998.4430422434705	0.1046141731310611	0.08775733404646106	0.07420577684429834	0.08335762555664317	0.14388861014715046	0.08977028211336811	0.08068617908773143	0.08767505568463792	0.12518895687146334	0.0738258554827479	0.07187108358890565	0.12569950633059446	0.11107494248762043	0.07708089084736762	0.12633428710622294	0.08387763173918504	0.1360118641588232	0.06301032203403725	0.0971562827655726	0.07895143945261794	0.0633917278754653	0.003195671463135211
73000	-3369.291521154011	-2345.237782111755	-1024.053739042256	0.16192615518452588	0.11867944012179213	0.07480730428957497	0.11478280037528957	0.06073527731323917	0.07451285208539976	0.0998463853198798	0.10170226035087013	0.148336596122172	0.16080101821191603	0.07796537083679493	0.1219324794359633	0.08781093756469747	0.14469204855248563	0.08399908140629428	0.16034995811404792	0.11317764119564751	0.10118291848058725	0.1752923648492951	0.10433173314459701	0.11516143442048188	0.06627092782100646
74000	-2884.695107424093	-1856.827837807741	-1027.867269616352	0.08001777349084511	0.1242526520576546	0.07516410935335013	0.185208817927646	0.16625500103689048	0.12414946503693218	0.12150010754975644	0.1330508378345246	0.10766586774488565	0.19674520591455721	0.09342030301287589	0.12459390376525517	0.08414704483497056	0.11142626794293709	0.09250165087922929	0.1263395782156602	0.1487506147585637	0.12083588504634957	0.0632569072108851	0.11417183316089592	0.10388009620610804	0.128532221751736
75000	-3516.850037378287	-2514.221955908913	-1002.6280814693739	0.08067771119930042	0.13250517357364108	0.0962351075718413	0.09566342280686381	0.08413850808644291	0.11836089564959175	0.15586123333965737	0.12044392104873393	0.08780563215857463	0.13658370340703194	0.1322217055238931	0.06862897330430026	0.12869004826194055	0.11793509745736208	0.10979030097811104	0.10630553378710629	0.131432895980716	0.1421294315166443	0.1209911122391292	0.10721478821913298	0.07746609200866275	0.01799345680515854
76000	-3814.0088586172546	-2807.9146205918914	-1006.0942380253633	0.11177319728892185	0.121731592170795	0.19454296312850466	0.07908145315070064	0.1046154700931744	0.14354219884269728	0.10790746973718486	0.09504389478558613	0.08168137941909336	0.07840790865293684	0.0926826417699457	0.08333514031065528	0.16587537216350662	0.12440278460518275	0.09760400945074164	0.13098175404734202	0.15156152761323424	0.1391156337133397	0.10983208066566226	0.1308917313150516	0.1262181474234437	0.01802789566341762
77000	-3581.6884876611257	-2575.5704894382493	-1006.1179982228765	0.06893257364172249	0.13717042930605022	0.16921964285361316	0.04490393463385179	0.07754104358006086	0.07450958015463414	0.058048479211012055	0.09884994920240488	0.11078974302821541	0.0630928934828609	0.11658791104111214	0.09972994450915865	0.11357897533020772	0.1068550505374015	0.11544320640139029	0.07396664277237026	0.06166047730227381	0.15571416093412496	0.10087402061199155	0.13231451227556731	0.10212597256744971	0.006357879996972981
78000	-4004.024281929166	-3011.157263853172	-992.8670180759942	0.10676384940259889	0.07018682989920623	0.10120368564528825	0.1758557141737324	0.07204216970844515	0.16867913388794806	0.0906572496927735	0.08913128326409021	0.07715741781986149	0.10556054554016318	0.08296750919172474	0.11219072870514024	0.07866756910093346	0.09781097122994321	0.08897976893384534	0.09027969026917852	0.09938342132763865	0.09671057581499175	0.08845730941861062	0.09929037371069138	0.11738998638970052	0.0032259290106176515
79000	-3973.6755790130865	-2979.2604040335905	-994.4151749794959	0.08267786999147445	0.18270907840134334	0.15731187987849446	0.10662717615741088	0.11616517540212379	0.07037246122482668	0.09949550778206663	0.10672163931535371	0.11007618297837915	0.09384609404846567	0.06526153554713386	0.06966169994473558	0.08254910251918769	0.15170952013890887	0.10328355394189431	0.11863716448495093	0.10257945440559353	0.10407550871321747	0.10874510617917571	0.11428681251395202	0.09191020859439547	0.003984795681464125
80000	-3957.77337001317	-2949.865526529063	-1007.9078434841068	0.09729728785725697	0.16220923954124086	0.07045575902476756	0.15410648027255594	0.14460606184021102	0.07619430611379067	0.04357333334021949	0.15375206117166076	0.15130604002202858	0.13418553093667254	0.09008539138264235	0.1065867842910859	0.09580351268980163	0.055271362259591526	0.10266170590689246	0.06598068069732063	0.10326702081396788	0.11597515205890244	0.12071447289828227	0.11058608556270579	0.06265548523194503	0.007864447220922437
81000	-3975.6317089562153	-2978.4291294425766	-997.2025795136389	0.13001910087694304	0.0640126736308069	0.07285205177526355	0.10057213018256835	0.07563953549792729	0.15380356288853447	0.1433929148763391	0.12555401485394163	0.0430657567592	0.07869421803801997	0.1327675465884497	0.08702222826623757	0.06368899970974724	0.0950757233086942	0.1278263749232242	0.12334660487538296	0.12383405989381652	0.08110152603986416	0.07720763958292505	0.08740657257060722	0.09325017919482462	0.00220121679479727
82000	-3927.580591152252	-2920.3706973347903	-1007.2098938174615	0.12384448381812702	0.0663551810006997	0.0732761657607745	0.0931679408612042	0.078507760772795	0.11504581307536459	0.15107924602181774	0.16352200892317528	0.07982091021865036	0.09216402405654132	0.10854873896498089	0.08776289700014857	0.061487536856339634	0.12383265496333969	0.1376806430461085	0.20081678256061816	0.054071260786201655	0.10876164301587898	0.06668098111111417	0.0735803848509762	0.12712830803500771	0.005685629502800612
83000	-3190.200247079727	-2182.835814326626	-1007.364432753101	0.11570581679610502	0.09246620622636592	0.06732537603618183	0.17314778124874183	0.13333306278308713	0.12175016292426886	0.08115269195446101	0.12024707130452997	0.07038168689947243	0.09022533327283624	0.13374184006395604	0.08607731498964226	0.11494511032531625	0.10444851657689465	0.11413051881886824	0.10099697992263841	0.05036813339341367	0.07993689105362566	0.0792393912496665	0.10935931123444655	0.15057973425004975	0.011495733966374298
84000	-3663.5677771995815	-2655.8388798182955	-1007.7288973812862	0.10244359626094814	0.09034028494267592	0.1337772608325532	0.08781178647382443	0.13261434983824982	0.09432120026466838	0.0513748913822848	0.09710765652553888	0.04103666094510894	0.09859574763570748	0.07822347901863365	0.10358172185531861	0.10475869600383024	0.09257014355466177	0.09456406541867028	0.09018741384203299	0.06808170114057376	0.1527511146906892	0.0800177936417971	0.07682233614783941	0.10696734057500784	0.008288132857267747
85000	-2688.21002441143	-1664.1620265268364	-1024.0479978845935	0.04772368539701478	0.06745458226395736	0.13051964551540968	0.07694314389660768	0.0862465298541147	0.10443335986249563	0.13158391973515238	0.09293079404035456	0.2079433052755201	0.09601014825741384	0.04851593673346201	0.0880025852713521	0.10255839797493431	0.09987984747106991	0.04675988408070361	0.09294357931640565	0.12025552178220875	0.10337367923819976	0.06678439028705639	0.1066350963434166	0.10485476530724445	0.03236522021964221
86000	-3795.7515787863213	-2792.7076989130746	-1003.0438798732469	0.06765613651000327	0.11762810081737543	0.09298513982380816	0.13517920662742205	0.09499083653206497	0.07930975784668177	0.10727263478504427	0.07301270829600348	0.07198690643222762	0.19478047854242395	0.11466733843905891	0.0967033499794225	0.07814724200859176	0.086900667786609	0.14227786027302367	0.10285372244343811	0.12700249909611763	0.1359393520071562	0.0814403962100529	0.09851245495568403	0.09600888927507717	0.014967298932794316
87000	-3858.623651469944	-2855.366837386988	-1003.2568140829555	0.08047049881589005	0.09233484914261199	0.06721666938641793	0.11383576954561014	0.100108411532366	0.10836790733170366	0.12556939549729382	0.1476483888934207	0.16736034474480116	0.12844116197860417	0.11816429845937376	0.14290107880811148	0.09720848313130696	0.11417592056573206	0.09022950258573637	0.11521058301229241	0.06250841446038857	0.08210553714341107	0.09393605284302424	0.11697383904516012	0.15086146511423498	0.012617664119151207
88000	-3915.256622437371	-2915.941637127205	-999.3149853101658	0.17901242369775228	0.0530832505372851	0.14081355821327207	0.09347081043159162	0.07010342617576226	0.12996055875549659	0.07585282817283924	0.13088721220395655	0.11396760244824868	0.05496319778842784	0.10043697600167359	0.10019450333927395	0.12368801843402985	0.08101418935682869	0.09985853409570851	0.06428657668537817	0.09052931882508457	0.1097061561208175	0.06609988451750506	0.13274720803023335	0.1016965249255876	0.003404503824922024
89000	-3900.1228966028975	-2899.250121963809	-1000.8727746390889	0.14120006124051215	0.09519853560819666	0.09008232691336755	0.06835331493407193	0.1408011825662591	0.09654294829926043	0.0869108322755992	0.0976330428659437	0.11651681553828587	0.05703231826709212	0.14383580633353277	0.12104718035231106	0.10153657675147333	0.08560914006364234	0.13867015926310644	0.07504831025799867	0.10464977475153414	0.1293704800221836	0.09410760410177557	0.06438279772904999	0.1240330479752782	0.008463378528986362
90000	-3870.657341066367	-2865.6476883937385	-1005.0096526726281	0.082866039361085	0.09381167348605399	0.12770697423358465	0.11978410418367066	0.072748272643323	0.14646250480879427	0.15022893590947992	0.08033179121885897	0.10232416577853133	0.13224270588601678	0.07875779263931657	0.1209664862395816	0.1822298305079107	0.07959999326713937	0.16474883593141754	0.17231313014693292	0.06630532535152592	0.12367768170645195	0.14414424178286853	0.09282686629985405	0.07235462355757141	0.011408497634071103
91000	-3434.5919197645317	-2408.1291387175634	-1026.4627810469683	0.0783065878455255	0.03690540212874389	0.10220137906082861	0.10184998930812361	0.06958919844123769	0.10403918403468893	0.07016776604316222	0.09924567405870648	0.04695202639005129	0.13616363397017764	0.07019548011266448	0.10577917338038378	0.08587628160017748	0.13770754671232383	0.10105078632459862	0.08540478158106381	0.13444902272055012	0.09999991138863813	0.11189106414785589	0.15606966091929644	0.09562656168401618	0.04104756691146372
92000	-3883.602078713335	-2889.4218781561435	-994.1802005571915	0.08914521126830666	0.08373378593124074	0.08684177887539832	0.08399636845507212	0.13602649739849465	0.1256723657008378	0.1553317121338628	0.12228153916095365	0.12275500135861846	0.1476476489930488	0.08668917519695354	0.08578147030565093	0.14262682262715812	0.10012237246771906	0.08181911741555885	0.16431240344770826	0.10570372792596207	0.09438445759349721	0.06883862600928731	0.06376437583837516	0.11214338363870681	0.004069003890205989
93000	-3751.9707381405515	-2748.7270220413625	-1003.243716099189	0.10683314192803324	0.10490212650197113	0.06394727267526469	0.12380340904583624	0.1258028479770995	0.08075902131194207	0.09575371280008951	0.05537158016471985	0.0826379566401058	0.10659383290273439	0.0864289602980708	0.10451224542609545	0.08294112742683252	0.13383752670165555	0.09780790465335737	0.07065031216872654	0.11000185722029514	0.11076057389823502	0.10852680791208558	0.12492716850671391	0.20385577725499404	0.0070352796047190615
94000	-3710.3215074721616	-2694.222488198883	-1016.0990192732784	0.06550983685243066	0.08187466212499539	0.1042743995628844	0.1352022458937981	0.06472685293128545	0.09095324019317633	0.13547669886659142	0.10196995532524254	0.07015978211599054	0.06184668707770775	0.08465048325672525	0.15934307391660402	0.05444511401414827	0.09331848877781368	0.14221609915101574	0.0651634725326503	0.06601454473981275	0.13432820104924226	0.03978829219929694	0.06786568735694028	0.08465903661593424	0.00757154071875808
95000	-3633.2106505521524	-2626.0766818174775	-1007.1339687346749	0.0951706301093854	0.10134845428941851	0.07860815890641192	0.08535588752983145	0.07573191907898673	0.08466193831429562	0.10713784318868144	0.08724626248315565	0.09324143713089286	0.05955245959845877	0.10853854785214789	0.0925666338224108	0.1040988259846537	0.11895161353819692	0.11969885081189707	0.09129567414872392	0.07130663962464864	0.08206175897965266	0.05720379682003179	0.06213785796311976	0.10843142318917814	0.011885992152158074
96000	-3740.696501037557	-2741.4654409104187	-999.2310601271383	0.09242011184344436	0.13188422337777048	0.11222662794757715	0.09980578733974366	0.11801710597662639	0.11545834152962779	0.1282435224775457	0.19312857063512318	0.10808601729671198	0.14659630441187657	0.08938546944487313	0.13837410010308426	0.09692573451002857	0.08556167710789804	0.133970373415265	0.12388763416617242	0.0851720419569311	0.1394264102556079	0.1309982506951285	0.0693045241543807	0.1390573972013908	0.006201390257458879
97000	-3484.589897134467	-2478.317070732982	-1006.2728264014848	0.05840242107213061	0.1338412594908248	0.1038443539704565	0.09209124391196497	0.17721743553519897	0.12239332601702164	0.07579947985044741	0.13141562874935903	0.1302647193949656	0.04925882562151446	0.12182689216710477	0.12357505313535028	0.07378571680437314	0.1477511618310414	0.08576797422813952	0.13437881843858734	0.11579563204422261	0.09790493320153727	0.14894150822008126	0.06389980791347072	0.13805639168561992	0.005945958642995533
98000	-3861.6685086013854	-2865.5932340619725	-996.0752745394129	0.1331493824890735	0.11376230976068513	0.10390413692689013	0.10812633066681089	0.07779497610681982	0.1485493843622195	0.092253237126789	0.08960884325474756	0.09362096386077855	0.14421166632666751	0.1526172473875556	0.13446279767986136	0.1256662517840816	0.14721198005903263	0.05233512775806717	0.07920634496358529	0.08663745726009564	0.1267732242908923	0.05859517101399863	0.07604425905462608	0.1692808385922349	0.003121785908818696
99000	-3922.555396276763	-2918.762304372729	-1003.7930919040341	0.13392672629255517	0.057089722622220423	0.09910866656092755	0.11435011336848849	0.08928374688672784	0.12029755889198007	0.12828663451295338	0.11610723865806472	0.10163180837189385	0.10183962674003297	0.10127999884540557	0.11350819921740912	0.1057902781888488	0.1479195799028936	0.05824441701903795	0.17083972356828925	0.15220703071687014	0.08516548558454824	0.14616339788033458	0.09395242356477877	0.06448694335365592	0.008684711049361362
100000	-3992.385482821353	-2989.3368744582667	-1003.0486083630861	0.06967420714803044	0.10128721076177041	0.09118373968257652	0.1313734728021291	0.10272937410893421	0.1075564247272874	0.12438322235219375	0.11030814566316341	0.11214073110808498	0.13057028449487457	0.07158704406212314	0.10424064824646637	0.1040517969902906	0.06323611597585713	0.22318131744241762	0.14566870957706413	0.10288053476115906	0.10877452696015598	0.059843468485293615	0.18234610375919802	0.05875493671992622	0.006200336551635937
