#
#model:
#
#<?xml version="1.0" encoding="UTF-8" standalone="no"?><input id="posterior" spec="beast.core.util.CompoundDistribution">
#    <distribution id="prior" spec="beast.core.util.CompoundDistribution">
#        <prior id="lambdaPrior.Ai" name="distribution">
#            <parameter id="lambda" lower="0.0" name="x" spec="beast.core.parameter.RealParameter">10.0</parameter>
#            <Gamma id="Gamma.0" name="distr">
#                <parameter estimate="false" id="RealParameter.1" name="alpha" spec="beast.core.parameter.RealParameter">2.0</parameter>
#                <parameter estimate="false" id="RealParameter.2" name="beta" spec="beast.core.parameter.RealParameter">200.0</parameter>
#            </Gamma>
#        </prior>
#        <distribution id="snapprior.Ai" lambda="@lambda" spec="snap.likelihood.SnAPPrior">
#            <parameter estimate="false" id="alpha" lower="0.0" name="alpha" spec="beast.core.parameter.RealParameter">11.75</parameter>
#            <parameter estimate="false" id="beta" lower="0.0" name="beta" spec="beast.core.parameter.RealParameter">109.73</parameter>
#            <parameter estimate="false" id="kappa" lower="0.0" name="kappa" spec="beast.core.parameter.RealParameter">1.0</parameter>
#            <parameter id="coalescenceRate" name="coalescenceRate" spec="beast.core.parameter.RealParameter">10.0</parameter>
#            <tree clusterType="upgma" id="Tree.Ai" nodetype="snap.NodeData" spec="beast.util.ClusterTree">
#                <taxa dataType="integerdata" id="snap.Ai" spec="snap.Data">
#                    <taxonset id="South" spec="beast.evolution.alignment.TaxonSet">
#                        <taxon id="SthBarrington_BT10a1" spec="beast.evolution.alignment.Taxon"/>
#                        <taxon id="SthBarrington_BT8a1" spec="beast.evolution.alignment.Taxon"/>
#                        <taxon id="SthBarrington_BT9c1" spec="beast.evolution.alignment.Taxon"/>
#                        <taxon id="MtWilson_MW12bm" spec="beast.evolution.alignment.Taxon"/>
#                        <taxon id="MtWilson_MW5bm" spec="beast.evolution.alignment.Taxon"/>
#                        <taxon id="Termeil_Te3bf" spec="beast.evolution.alignment.Taxon"/>
#                        <taxon id="Termeil_Te3c1" spec="beast.evolution.alignment.Taxon"/>
#                        <taxon id="Broadwater_BW10af" spec="beast.evolution.alignment.Taxon"/>
#                        <taxon id="Broadwater_BW19cf" spec="beast.evolution.alignment.Taxon"/>
#                        <taxon id="Broadwater_BW31am" spec="beast.evolution.alignment.Taxon"/>
#                        <taxon id="Dampier_Da11a2" spec="beast.evolution.alignment.Taxon"/>
#                        <taxon id="Dampier_Da19a1" spec="beast.evolution.alignment.Taxon"/>
#                        <taxon id="MaresForest_MF13a1" spec="beast.evolution.alignment.Taxon"/>
#                        <taxon id="MaresForest_MF17am" spec="beast.evolution.alignment.Taxon"/>
#                        <taxon id="Olney_Ol20bm" spec="beast.evolution.alignment.Taxon"/>
#                        <taxon id="Olney_Ol4bm" spec="beast.evolution.alignment.Taxon"/>
#                        <taxon id="Cumberland_Cu12a1" spec="beast.evolution.alignment.Taxon"/>
#                        <taxon id="Cumberland_Cu6a1" spec="beast.evolution.alignment.Taxon"/>
#                    </taxonset>
#                    <taxonset id="North" spec="beast.evolution.alignment.TaxonSet">
#                        <taxon id="Kerewong_Ke18dm" spec="beast.evolution.alignment.Taxon"/>
#                        <taxon id="Kerewong_Ke21b1" spec="beast.evolution.alignment.Taxon"/>
#                        <taxon id="NthBarrington_BT4a2" spec="beast.evolution.alignment.Taxon"/>
#                        <taxon id="NthBarrington_BT6a1" spec="beast.evolution.alignment.Taxon"/>
#                        <taxon id="Dorrigo_Do2c2" spec="beast.evolution.alignment.Taxon"/>
#                        <taxon id="Dorrigo_Do5bm" spec="beast.evolution.alignment.Taxon"/>
#                    </taxonset>
#                </taxa>
#                <parameter id="RealParameter.0" lower="0.0" name="clock.rate" spec="beast.core.parameter.RealParameter" upper="0.0">1.0</parameter>
#            </tree>
#        </distribution>
#    </distribution>
#    <distribution id="likelihood" spec="beast.core.util.CompoundDistribution">
#        <distribution data="@snap.Ai" id="treeLikelihood.Ai" pattern="coalescenceRate" spec="snap.likelihood.SnAPTreeLikelihood" tree="@Tree.Ai">
#            <siteModel id="MutationSiteModel.Ai" spec="beast.evolution.sitemodel.SiteModel">
#                <parameter estimate="false" id="mutationRate" name="mutationRate" spec="beast.core.parameter.RealParameter">1.0</parameter>
#                <parameter estimate="false" id="shape" name="shape" spec="beast.core.parameter.RealParameter">2.0</parameter>
#                <parameter estimate="false" id="proportionInvariant" name="proportionInvariant" spec="beast.core.parameter.RealParameter">0.0</parameter>
#                <substModel coalescenceRate="@coalescenceRate" id="MutationModel" spec="snap.likelihood.SnapSubstitutionModel">
#                    <parameter estimate="false" id="u" lower="0.0" name="mutationRateU" spec="beast.core.parameter.RealParameter">1.7346278317152102</parameter>
#                    <parameter id="v" lower="0.0" name="mutationRateV" spec="beast.core.parameter.RealParameter">0.7024901703800787</parameter>
#                </substModel>
#            </siteModel>
#        </distribution>
#    </distribution>
#</input>
#
Sample	posterior	likelihood	prior	theta0	theta1	theta2	TreeHeightLogger
0	-1575.6116101108378	-1398.7380282361041	-176.87358187473362	0.19386391761454963	0.04067222096179136	0.1887346595637771	8.47308400265528
1000	-1566.7668271788468	-1402.1347892978883	-164.6320378809584	0.16687230241790024	0.05428592947438865	0.08825820989875345	1.0639648595591353
2000	-1573.6705436544607	-1410.9862935997471	-162.68425005471374	0.11923799940390531	0.06568077401266588	0.11064285560869234	1.301638334609309
3000	-1566.4637091359514	-1400.849562126838	-165.61414700911337	0.1760160374038067	0.0405801316315056	0.12877454938194677	0.7220862489075981
4000	-1571.3080644625998	-1400.0030403632181	-171.3050240993815	0.17816894897183796	0.04558960179511197	0.0503677815073098	1.3401770351165487
5000	-1567.6046461623923	-1402.1336721519383	-165.47097401045406	0.1596546527677276	0.050897644541537806	0.13654288140353213	1.3129013823768747
6000	-1566.2877365238726	-1402.3599359050954	-163.92780061877716	0.18999320357594987	0.051016719449909376	0.11361029568757458	0.6027806383208404
7000	-1566.850857287361	-1399.8573140877074	-166.9935431996535	0.17661727038888686	0.04263076656727824	0.08998258301176904	1.2495418456102958
8000	-1567.1452449177996	-1399.953003737001	-167.19224118079853	0.17255909834696492	0.041380985886333925	0.12466230835634513	1.884942221638837
9000	-1566.3535194492367	-1399.1036897966842	-167.2498296525526	0.19317238707198814	0.044764007930752255	0.12097260440770186	1.819632490250318
10000	-1567.6958810356248	-1403.0391092310729	-164.656771804552	0.1492488897563967	0.0482618189518496	0.08768866877399777	1.1710797520259852
11000	-1566.541498961418	-1400.5131242673074	-166.0283746941106	0.22024483326472807	0.05703401414111401	0.10887126137362253	1.0162107761255874
12000	-1567.0394244284662	-1400.36366907245	-166.67575535601623	0.19398062157354837	0.054042545928997356	0.07009040688644819	1.2198911109895971
13000	-1568.7466699551192	-1407.123964443143	-161.62270551197605	0.14192840893075148	0.06114637640367465	0.09902457281903065	0.7227723985007442
14000	-1567.1837551926237	-1404.5403815074833	-162.64337368514055	0.1663364348185177	0.0672497259606083	0.11471282743958489	1.0303325854047027
15000	-1567.684506471579	-1401.4240749725757	-166.26043149900318	0.20754553515424834	0.059448098387633846	0.06415777910283407	0.8806277817208464
16000	-1565.809298547065	-1400.7266295669394	-165.0826689801256	0.2018248735506959	0.05375928211679372	0.13820768244892223	0.8181504098580242
17000	-1568.6185220438476	-1399.154801914455	-169.46372012939256	0.18156329276384767	0.037182325230660195	0.07259421658654178	1.8365147641905752
18000	-1566.8557025302305	-1403.1421167998353	-163.7135857303952	0.16661372264145008	0.05886644138099978	0.08233653521583684	0.9288565896748865
19000	-1571.2884899511187	-1399.7503842692722	-171.53810568184636	0.23667973933129288	0.05377970075248162	0.11011752211072945	9.655236559389467
20000	-1566.43653833043	-1401.8243292728175	-164.61220905761246	0.15925277945392022	0.04607539306579017	0.12186849078592367	0.9973806198840054
21000	-1567.7891086245177	-1399.5584401379572	-168.2306684865604	0.18085687070998913	0.04324395230695765	0.11436749221787156	1.7647942723718328
22000	-1566.9813798418493	-1402.4761531984989	-164.50522664335034	0.17477502672308953	0.06129665342861299	0.09952154439545723	1.8605387252389967
23000	-1567.4454066404578	-1402.6702319864069	-164.77517465405097	0.18133319149420546	0.05882474207910794	0.06591160170286486	0.7819654775795595
24000	-1572.277947832057	-1398.3301731121621	-173.94777471989474	0.2229652201373402	0.034831643026834135	0.24305754080224026	0.9506544214451115
25000	-1565.9731767009978	-1401.5463974296788	-164.42677927131905	0.20531637958229024	0.060278755126873786	0.1077448402345808	0.8842828455669555
26000	-1566.6632502548991	-1401.7691775420863	-164.89407271281283	0.1630274708740578	0.04852824350218078	0.0825492858856132	0.9967756779687804
27000	-1571.4224884654745	-1408.7185932554326	-162.70389521004188	0.1505970129454207	0.07516088347219238	0.16790135849827822	0.720049653117577
28000	-1569.1473970994623	-1401.1824284463937	-167.96496865306867	0.21148912069608677	0.0621946373666972	0.13527869266898587	3.539639776990996
29000	-1567.958342492148	-1404.5754863153668	-163.3828561767812	0.1709977049169285	0.06772478869767692	0.11550713843806218	0.8767977338011183
30000	-1568.2718749071641	-1403.184600746218	-165.08727416094632	0.16502941523131245	0.0555006703878735	0.069110352136674	0.7961731245048687
31000	-1568.0680294964427	-1404.493758609105	-163.57427088733758	0.14775228718622468	0.04455367755551977	0.12210311700215777	0.6367336574700514
32000	-1571.143893474079	-1404.7136230261654	-166.4302704479136	0.1524162518463731	0.061641794995824346	0.05067088979252289	1.2168087921765582
33000	-1566.3262975055982	-1402.9469886945753	-163.3793088110228	0.18414884817450314	0.0648637951247741	0.12827200256222898	0.967720650294408
34000	-1567.0164805797165	-1400.8988466795722	-166.11763390014434	0.1837217028568819	0.045183563250509845	0.12559655857688343	0.7075094791479043
35000	-1566.9174147335361	-1398.573029387915	-168.34438534562113	0.21054912862393452	0.03876199567929448	0.09077138876794934	0.9788890612972793
36000	-1571.123194272252	-1403.9010202215643	-167.22217405068784	0.17185548922250365	0.06731832068713303	0.06709320401379373	1.3529530899022384
37000	-1568.8112312647088	-1399.0786423805876	-169.73258888412133	0.23100883276269113	0.04190011819573298	0.1793779384178559	0.809939138755563
38000	-1569.4060762634322	-1407.8154099538428	-161.59066630958927	0.15063796348893643	0.06979594114718297	0.16104418882343877	0.6812931891676869
39000	-1566.0331255141987	-1401.2729553429406	-164.76017017125804	0.19247716961645125	0.05950392679365336	0.09717879063964575	1.3085913499350479
40000	-1572.861219288724	-1407.7998545107598	-165.0613647779642	0.1536315724093842	0.07780741284474552	0.09771838227107313	6.411775254528995
41000	-1570.770093538966	-1403.212179678417	-167.55791386054895	0.14262056418319058	0.04159564949127877	0.0679699995710498	1.314109104338066
42000	-1568.879140860698	-1402.8076711748272	-166.07146968587085	0.15647632798215852	0.053732203233333366	0.1330880969931592	3.4648088917124276
43000	-1569.5865389487453	-1400.528188650824	-169.0583502979215	0.18202922388660403	0.0513122176026876	0.08987761991441526	1.197734917127649
44000	-1569.815028679606	-1401.293915193961	-168.52111348564495	0.19027384983188333	0.058438857953682956	0.1561804939696057	1.0943337724748365
45000	-1566.5803673151374	-1399.5851555748015	-166.99521174033598	0.2124896855146574	0.05259907599861328	0.10394178445893135	1.648768434887688
46000	-1569.535755069526	-1398.2778410253409	-171.2579140441851	0.20963297681120754	0.030390689752877263	0.11912885570773066	1.3988209011094803
47000	-1569.803994427055	-1406.7552958264762	-163.04869860057886	0.13711707942528645	0.06181927655531516	0.1071904946903192	1.655203388078086
48000	-1567.843776941604	-1400.2987097118832	-167.54506722972064	0.1693258905211923	0.04175202863514359	0.13156362542131994	1.2763836256744052
49000	-1566.654940239326	-1402.8206037725313	-163.83433646679455	0.18669610084086383	0.06601738094960861	0.10994692508759524	1.1622234794765425
50000	-1574.263086758194	-1400.2549544757692	-174.00813228242492	0.22625394173140706	0.04158172044852616	0.04338028951443987	0.6752944323628659
51000	-1567.7196353995942	-1403.0447598876854	-164.67487551190868	0.15207623040012758	0.051759783462593106	0.0888569203266746	1.4975034672837921
52000	-1565.759825113993	-1402.4773192471243	-163.2825058668686	0.18340454258013658	0.059871929293504864	0.13541322301901074	0.8116541212305108
53000	-1569.6273482317763	-1401.4206663934883	-168.20668183828806	0.19606844583747604	0.061483114179113695	0.08442351534901156	5.819725095540511
54000	-1568.4025168670973	-1401.2883486008543	-167.11416826624304	0.16867549956508496	0.05106762592030117	0.07558048165239367	1.7321985696329545
55000	-1572.3684283870002	-1409.5564148138399	-162.81201357316039	0.16349771285259312	0.04512919363705648	0.11576091081754644	0.36296038694749855
56000	-1568.1692493920123	-1406.4312754980854	-161.73797389392695	0.14587262886624233	0.06322588245158779	0.10815128638112376	0.8298412725294491
57000	-1569.104732441307	-1402.0772147363116	-167.0275177049955	0.22911758434820875	0.06653513360521025	0.069068298844492	1.214600510455721
58000	-1567.0400271212948	-1402.0184272798583	-165.02159984143654	0.17906529352684175	0.046833132268085435	0.14375240261197395	0.6198428682783835
59000	-1569.5502900377778	-1403.0110046686996	-166.5392853690783	0.15710133624254963	0.04563452551150639	0.06641728161374828	0.7248876070023756
60000	-1566.130879811667	-1398.9709186728076	-167.1599611388595	0.19998192998421935	0.042083907475980974	0.09121810429911473	0.9994609433735192
61000	-1568.5666335129783	-1402.0077859456023	-166.55884756737595	0.1751682946602521	0.050770837306101387	0.05501992202323434	0.7470619298284659
62000	-1566.7842572882173	-1398.7171727757209	-168.06708451249642	0.20063724509808661	0.04132442258839399	0.16429953583111662	1.1265963715992524
63000	-1569.1655698265238	-1398.343269085505	-170.82230074101884	0.20905695926582285	0.034330161082487216	0.07116170833213659	1.0914305690339474
64000	-1566.373074841833	-1403.004928759102	-163.36814608273076	0.17866150939854109	0.06206432405559782	0.13242825052434515	0.8521524428066026
65000	-1570.556913949867	-1401.9908515739266	-168.56606237594053	0.18863540603897871	0.03994813475730292	0.0548106580254245	0.574850846715526
66000	-1566.588383597715	-1399.736192524737	-166.85219107297797	0.1987358844713148	0.03926079764987073	0.1024619567573128	0.7313261435688405
67000	-1569.5752403926283	-1407.3282360958806	-162.24700429674775	0.14836981470415045	0.06938288015099457	0.079984403679501	0.8435395032250521
68000	-1566.1448124407293	-1402.274196325516	-163.87061611521344	0.1649933786200219	0.054608424143550674	0.11208381344122585	1.127934782097227
69000	-1567.6383806547078	-1401.628068723301	-166.01031193140662	0.17446322520891638	0.05528615442266095	0.06754646943452745	1.1564472276952364
70000	-1568.7929071029125	-1402.8647269284675	-165.92818017444495	0.20985490769853923	0.06574803670466216	0.10992071166230935	0.7902824306740683
71000	-1568.6610574154656	-1402.9364417762752	-165.72461563919046	0.1776798131538952	0.04712235452954971	0.06533936718510154	0.5872117901974179
72000	-1572.8675765797316	-1402.5480522743117	-170.3195243054198	0.1857693062145594	0.03470417186869746	0.21614685335444714	0.47863384312372864
73000	-1566.9026966094248	-1399.642467366744	-167.26022924268057	0.1834493676649597	0.04540759763094256	0.07609701809688638	1.4764925267815354
74000	-1565.5415189257185	-1400.918056427216	-164.62346249850253	0.1842913955399715	0.055001698722569985	0.1274259751163152	1.246235716585629
75000	-1566.6946746135059	-1401.6234872703035	-165.07118734320235	0.17226945098417995	0.051243520733268114	0.13905855226885241	0.8590617397264375
76000	-1567.8404254049992	-1398.9582541027075	-168.88217130229162	0.2255964434590391	0.048576833597629314	0.1163394393503939	2.5893484468809893
77000	-1567.5317573712323	-1401.9454816146663	-165.58627575656604	0.19194535909789337	0.043430565425441416	0.09912749126392331	0.5685169956511877
78000	-1565.682263897088	-1401.6924915791196	-163.9897723179683	0.17511699357379376	0.052723455768748526	0.09570779313306307	0.8578902375340962
79000	-1568.2442450638416	-1400.2553832392794	-167.98886182456226	0.23794439469866543	0.05685328165087297	0.10674370441676614	1.9797283797159495
80000	-1568.7726235787861	-1401.2115387423732	-167.5610848364128	0.16568743472292008	0.04862289459824845	0.08887960568062513	3.122501753969438
81000	-1570.6117005494878	-1403.7375284936866	-166.8741720558012	0.1966377443576045	0.07311315724159952	0.1495928685791018	5.581568128840326
82000	-1567.146155844178	-1403.1826853573284	-163.96347048684976	0.15161933362657068	0.05167903739582022	0.10336109314808899	1.187216387335529
83000	-1565.4509846398682	-1401.020146354499	-164.43083828536908	0.1762654547543223	0.050814467818950354	0.10439064167977824	0.991517157550427
84000	-1567.7760010411216	-1403.1974132797147	-164.57858776140682	0.1783027002002378	0.061981303312840796	0.06456433619170031	0.829125105512257
85000	-1567.921725460988	-1399.7098849534818	-168.21184050750608	0.17304758079813207	0.033886862926022776	0.12513707282532602	1.3706108731381632
86000	-1567.3768807378979	-1404.4163665314504	-162.96051420644744	0.15505039123594866	0.06170044389422951	0.09976100685878485	1.2092703617466423
87000	-1567.221877106249	-1403.7894128115636	-163.43246429468536	0.18104370376522272	0.06831355098442451	0.08401313536975924	0.9949416792566907
88000	-1568.0746889643585	-1399.2427126648477	-168.83197629951084	0.20333864601459103	0.048900048294048086	0.10987961079616511	2.0576069869845943
89000	-1566.8531698041302	-1401.357013200703	-165.49615660342727	0.17963420649796513	0.05664671708691354	0.10886382543035504	1.8114304600439755
90000	-1567.8677209281134	-1400.909327031075	-166.95839389703846	0.21622013179783234	0.060991673544413386	0.12068231726715514	2.163013019222288
91000	-1566.504999197044	-1403.1217485227116	-163.38325067433243	0.18078664289404414	0.0628039367844743	0.08436396265440876	0.8416234789245702
92000	-1567.2940751921415	-1402.501432549279	-164.7926426428626	0.1547620978818488	0.05001249022190472	0.1091246931040155	1.4662426301376188
93000	-1571.0068545224717	-1403.2710980661095	-167.73575645636225	0.22677728863647556	0.06957372237653334	0.08444173719163754	0.8686576515267384
94000	-1569.774375467028	-1401.6724497997775	-168.1019256672505	0.15396778343825737	0.04131577971880532	0.11330245525386066	1.7809849691626534
95000	-1570.9037417248874	-1400.5491594462314	-170.35458227865604	0.2727828168456274	0.05070492656615043	0.1163499108191771	1.063601093113687
96000	-1567.2173075812093	-1400.6892682691773	-166.528039312032	0.23212318176650754	0.055302219436018894	0.11387563665025055	0.8443150355892792
97000	-1568.0354287104506	-1403.4820333615362	-164.55339534891434	0.16321876464825807	0.040914732205098454	0.10191123026842883	0.5651632489155103
98000	-1570.517322524476	-1398.7592573467941	-171.75806517768183	0.24274952897432	0.03182546536405075	0.15377857232336828	0.8874644559163662
99000	-1568.4650912801378	-1398.5241937777378	-169.94089750240013	0.1966451900037098	0.03311317565708278	0.08454113517364387	1.2963181296953066
100000	-1567.1573953289485	-1404.4825926642734	-162.6748026646752	0.17949293708871575	0.058435384744424994	0.13295219212721374	0.5637511735651692
