#
#model:
#
#<?xml version="1.0" encoding="UTF-8" standalone="no"?><input id="posterior" spec="beast.core.util.CompoundDistribution">
#    <distribution id="prior" spec="beast.core.util.CompoundDistribution">
#        <prior id="lambdaPrior.Ai" name="distribution">
#            <parameter id="lambda" lower="0.0" name="x" spec="beast.core.parameter.RealParameter">10.0</parameter>
#            <Gamma id="Gamma.0" name="distr">
#                <parameter estimate="false" id="RealParameter.1" name="alpha" spec="beast.core.parameter.RealParameter">2.0</parameter>
#                <parameter estimate="false" id="RealParameter.2" name="beta" spec="beast.core.parameter.RealParameter">200.0</parameter>
#            </Gamma>
#        </prior>
#        <distribution id="snapprior.Ai" lambda="@lambda" spec="snap.likelihood.SnAPPrior">
#            <parameter estimate="false" id="alpha" lower="0.0" name="alpha" spec="beast.core.parameter.RealParameter">11.75</parameter>
#            <parameter estimate="false" id="beta" lower="0.0" name="beta" spec="beast.core.parameter.RealParameter">109.73</parameter>
#            <parameter estimate="false" id="kappa" lower="0.0" name="kappa" spec="beast.core.parameter.RealParameter">1.0</parameter>
#            <parameter id="coalescenceRate" name="coalescenceRate" spec="beast.core.parameter.RealParameter">10.0</parameter>
#            <tree clusterType="upgma" id="Tree.Ai" nodetype="snap.NodeData" spec="beast.util.ClusterTree">
#                <taxa dataType="integerdata" id="snap.Ai" spec="snap.Data">
#                    <taxonset id="SthBarrington" spec="beast.evolution.alignment.TaxonSet">
#                        <taxon id="SthBarrington_BT10a1" spec="beast.evolution.alignment.Taxon"/>
#                        <taxon id="SthBarrington_BT8a1" spec="beast.evolution.alignment.Taxon"/>
#                        <taxon id="SthBarrington_BT9c1" spec="beast.evolution.alignment.Taxon"/>
#                    </taxonset>
#                    <taxonset id="MtWilson" spec="beast.evolution.alignment.TaxonSet">
#                        <taxon id="MtWilson_MW12bm" spec="beast.evolution.alignment.Taxon"/>
#                        <taxon id="MtWilson_MW5bm" spec="beast.evolution.alignment.Taxon"/>
#                    </taxonset>
#                    <taxonset id="Termeil" spec="beast.evolution.alignment.TaxonSet">
#                        <taxon id="Termeil_Te3bf" spec="beast.evolution.alignment.Taxon"/>
#                        <taxon id="Termeil_Te3c1" spec="beast.evolution.alignment.Taxon"/>
#                    </taxonset>
#                    <taxonset id="Broadwater" spec="beast.evolution.alignment.TaxonSet">
#                        <taxon id="Broadwater_BW10af" spec="beast.evolution.alignment.Taxon"/>
#                        <taxon id="Broadwater_BW19cf" spec="beast.evolution.alignment.Taxon"/>
#                        <taxon id="Broadwater_BW31am" spec="beast.evolution.alignment.Taxon"/>
#                    </taxonset>
#                    <taxonset id="Kerewong" spec="beast.evolution.alignment.TaxonSet">
#                        <taxon id="Kerewong_Ke18dm" spec="beast.evolution.alignment.Taxon"/>
#                        <taxon id="Kerewong_Ke21b1" spec="beast.evolution.alignment.Taxon"/>
#                    </taxonset>
#                    <taxonset id="Dampier" spec="beast.evolution.alignment.TaxonSet">
#                        <taxon id="Dampier_Da11a2" spec="beast.evolution.alignment.Taxon"/>
#                        <taxon id="Dampier_Da19a1" spec="beast.evolution.alignment.Taxon"/>
#                    </taxonset>
#                    <taxonset id="MaresForest" spec="beast.evolution.alignment.TaxonSet">
#                        <taxon id="MaresForest_MF13a1" spec="beast.evolution.alignment.Taxon"/>
#                        <taxon id="MaresForest_MF17am" spec="beast.evolution.alignment.Taxon"/>
#                    </taxonset>
#                    <taxonset id="Olney" spec="beast.evolution.alignment.TaxonSet">
#                        <taxon id="Olney_Ol20bm" spec="beast.evolution.alignment.Taxon"/>
#                        <taxon id="Olney_Ol4bm" spec="beast.evolution.alignment.Taxon"/>
#                    </taxonset>
#                    <taxonset id="NthBarrington" spec="beast.evolution.alignment.TaxonSet">
#                        <taxon id="NthBarrington_BT4a2" spec="beast.evolution.alignment.Taxon"/>
#                        <taxon id="NthBarrington_BT6a1" spec="beast.evolution.alignment.Taxon"/>
#                    </taxonset>
#                    <taxonset id="Cumberland" spec="beast.evolution.alignment.TaxonSet">
#                        <taxon id="Cumberland_Cu12a1" spec="beast.evolution.alignment.Taxon"/>
#                        <taxon id="Cumberland_Cu6a1" spec="beast.evolution.alignment.Taxon"/>
#                    </taxonset>
#                    <taxonset id="Dorrigo" spec="beast.evolution.alignment.TaxonSet">
#                        <taxon id="Dorrigo_Do2c2" spec="beast.evolution.alignment.Taxon"/>
#                        <taxon id="Dorrigo_Do5bm" spec="beast.evolution.alignment.Taxon"/>
#                    </taxonset>
#                </taxa>
#                <parameter id="RealParameter.0" lower="0.0" name="clock.rate" spec="beast.core.parameter.RealParameter" upper="0.0">1.0</parameter>
#            </tree>
#        </distribution>
#    </distribution>
#    <distribution id="likelihood" spec="beast.core.util.CompoundDistribution">
#        <distribution data="@snap.Ai" id="treeLikelihood.Ai" pattern="coalescenceRate" spec="snap.likelihood.SnAPTreeLikelihood" tree="@Tree.Ai">
#            <siteModel id="MutationSiteModel.Ai" spec="beast.evolution.sitemodel.SiteModel">
#                <parameter estimate="false" id="mutationRate" name="mutationRate" spec="beast.core.parameter.RealParameter">1.0</parameter>
#                <parameter estimate="false" id="shape" name="shape" spec="beast.core.parameter.RealParameter">2.0</parameter>
#                <parameter estimate="false" id="proportionInvariant" name="proportionInvariant" spec="beast.core.parameter.RealParameter">0.0</parameter>
#                <substModel coalescenceRate="@coalescenceRate" id="MutationModel" spec="snap.likelihood.SnapSubstitutionModel">
#                    <parameter estimate="false" id="u" lower="0.0" name="mutationRateU" spec="beast.core.parameter.RealParameter">1.7346278317152102</parameter>
#                    <parameter id="v" lower="0.0" name="mutationRateV" spec="beast.core.parameter.RealParameter">0.7024901703800787</parameter>
#                </substModel>
#            </siteModel>
#        </distribution>
#    </distribution>
#</input>
#
Sample	posterior	likelihood	prior	theta0	theta1	theta2	theta3	theta4	theta5	theta6	theta7	theta8	theta9	theta10	theta11	theta12	theta13	theta14	theta15	theta16	theta17	theta18	theta19	theta20	TreeHeightLogger
0	-3021.194055539186	-1984.6810087100191	-1036.513046829167	0.10425474666290714	0.14505617804409507	0.07363295273715255	0.11345189614093253	0.13061919668792468	0.0662371204887828	0.10575242586482388	0.17892713144957206	0.07398390223599134	0.0685291835424378	0.06525539651515568	0.08038725565716162	0.1494101321359934	0.14395454893901655	0.08661760641083416	0.05503372615963816	0.09895997894835834	0.13608367986521427	0.10058702477541955	0.12234688391219194	0.11661283504842453	0.13366909076898564
1000	-3178.5068795136763	-2154.4086156865083	-1024.098263827168	0.0853118568395956	0.14829447254107997	0.07335467102841171	0.09528146433465588	0.09346994073788963	0.13991993037007067	0.1568261752319409	0.08546415344187677	0.07602484134922341	0.08864749535075624	0.13895824371077964	0.08675134718263477	0.12672320015813474	0.1373021546909352	0.08818064320289691	0.10677335098603646	0.11493251797184129	0.064599206639167	0.10634882296339164	0.11466900433160648	0.09742678332997928	0.08859209264042177
2000	-3163.6580665449546	-2124.828864273722	-1038.8292022712328	0.13058481086211401	0.045401012339318585	0.05459009633407068	0.13071945564332885	0.082612421818273	0.07972318372170366	0.08567021718728972	0.19598206850587085	0.1572234425219035	0.06814184548992079	0.07004864392996268	0.10826023877731655	0.07248775703213416	0.05963546943127776	0.07637344610311657	0.07758249324927498	0.16539694254247259	0.14521116920049668	0.09692474967160405	0.09655392529937927	0.0838130222249796	0.08302189049111519
3000	-3084.336786656897	-2061.758400941469	-1022.5783857154281	0.09560016537785378	0.09877280171292055	0.10313551220628214	0.06886174849738251	0.11075440832567081	0.16072141444906324	0.06736087282287971	0.08899680957740959	0.18663887705086796	0.04137605488152671	0.0918023376973105	0.07406723347907544	0.08141641074183736	0.08928082018051857	0.18332456759961369	0.07727287887770948	0.1626732689560589	0.10494317011337242	0.1186164667243358	0.1064624780644144	0.11754496781462587	0.033315245552221005
4000	-2805.3699512052035	-1782.77422803897	-1022.5957231662333	0.1261712687856916	0.10811487729909951	0.08840209431538387	0.11428000020749136	0.15893818650819386	0.1485267001662459	0.14558035150412343	0.0939182716421214	0.07158417433841238	0.07462461302356464	0.09687773300323746	0.10557972019854647	0.13848355379559515	0.12340906178154375	0.11909677727747076	0.12029384861881255	0.08205071295365497	0.12146323474882784	0.07734810611324999	0.08470690475963075	0.06785485203537493	0.0715757539876267
5000	-2433.058545361542	-1407.1108317519345	-1025.9477136096075	0.09729730615708006	0.07385500196094238	0.10219252547447615	0.07736848593038045	0.12768938309665426	0.11648788631217587	0.13221945581953595	0.09331072382046265	0.1083570070945335	0.12297409748506005	0.10895210329974679	0.08669201780709293	0.18894267156725245	0.14956945689152062	0.11151868171239351	0.16003291396537883	0.06308463018933932	0.09448787562948947	0.06553301645077768	0.10703312235423232	0.09792277118838588	0.08067603194788649
6000	-3783.7840405627594	-2783.7479023089127	-1000.0361382538465	0.13123360696362718	0.115333011782832	0.09784357265371199	0.10271190081425291	0.16076533997347126	0.10258946699929307	0.1544261056638638	0.10424974775902578	0.10830156833290847	0.1237134385351704	0.09625485039332014	0.09121640380516655	0.14805245226215963	0.09512807330415168	0.08836456030778544	0.06958112098274319	0.09127889988509875	0.056576073594422314	0.09615988499371807	0.13506560784006968	0.0834747548302796	0.007822696644637176
7000	-3142.3824899738565	-2130.707664086984	-1011.6748258868727	0.12396359767675007	0.08279284195239485	0.106037302156304	0.12362460407656226	0.12015464244456577	0.0499844882157342	0.0788717315525283	0.07715777094185663	0.1027707379132302	0.12331296071292026	0.12148720373938639	0.1120188613605734	0.11980702793390491	0.11779923444863874	0.08480280348229144	0.08464171483397255	0.08928387673836168	0.10846201171583193	0.09913502574592355	0.11125907017962303	0.12782331274542866	0.020051652731294074
8000	-2819.308340485652	-1796.1190868730032	-1023.1892536126489	0.09080494783861534	0.06924997624616248	0.12604630399194885	0.07873958270988222	0.1154779208158881	0.09300333513746817	0.11936462767346073	0.1418640296536223	0.10337548514101029	0.09986465090222875	0.14681180419264164	0.09777939428591274	0.14584715102104953	0.1160507863606796	0.09305619530208836	0.11296529302587421	0.08875279410309626	0.08334454681165396	0.13233874688464703	0.08086735645629045	0.10015512487991904	0.08044622931863857
9000	-3772.2985481132355	-2775.9518570907385	-996.3466910224969	0.08257389269331283	0.13439174057960915	0.10779453865418338	0.08702377853522271	0.09081041405374721	0.14271727375629756	0.07045820849255667	0.0853144409799955	0.11724025136662634	0.16890313606848342	0.14263486796582092	0.0967240983875597	0.07373805311792181	0.08010826196398187	0.09904360991905786	0.16718579604951564	0.1141213837934666	0.12973715377711656	0.09681787076584199	0.10019857622471934	0.08779088519294435	0.005524593156030585
10000	-3991.297125972678	-3002.9552571257273	-988.3418688469505	0.12069831266812674	0.12063793262936783	0.0938091632921254	0.13337502788913874	0.09412405040389868	0.16479119346828133	0.09285975335101876	0.08523522263481068	0.09055432179706813	0.100061760364365	0.08176199063911488	0.16960105795765262	0.09682467286474726	0.1237175857729423	0.13475087900132954	0.08626280444501173	0.09142847726407695	0.11588577076880703	0.10419357923834831	0.10824730498061617	0.09920329986534321	0.0025066475565851997
11000	-4038.8931062805277	-3049.1778654907944	-989.7152407897333	0.1166440093387908	0.14989275321304263	0.11316419383743843	0.14851264563821043	0.11810373799567186	0.10786751113905901	0.09975198437146417	0.08648295161113984	0.07059195516644147	0.17015786387741821	0.09021193698606216	0.11693796281804135	0.08178398738356615	0.10474173190453456	0.08705441372999176	0.10147138237747848	0.07089585063580064	0.13415268322962545	0.10928275900172738	0.07356889526907846	0.1355069079437778	0.0026829233182524437
12000	-3719.094454052114	-2705.9308325776074	-1013.1636214745066	0.06973814879037094	0.10323651828899522	0.13837851847394747	0.07934852216841236	0.07184960354012872	0.08486444948084665	0.05836932770104703	0.08744854540945488	0.06406557174755426	0.08727511587992864	0.1148736279837017	0.15430256597866468	0.12011345113183561	0.09452272583576443	0.08568267752152828	0.09478162538142	0.12878287736719635	0.09736261816886241	0.1906152054395708	0.08163084328461798	0.10358994632650284	0.016623479249604646
13000	-3737.5874945369605	-2732.9291623446134	-1004.6583321923472	0.11344613217737799	0.05445350626930156	0.09268340914804903	0.11256253463177857	0.13029821465441935	0.10717085485459721	0.14549903941058848	0.13761789737134933	0.09243073072634156	0.07571986116541064	0.09324268965791285	0.155692429784226	0.12791506338880462	0.15952499348527982	0.052036191630970376	0.14754254264231081	0.15454487037246417	0.11707284105924531	0.13935692481279768	0.09000712553200586	0.11657636235814658	0.009315800882898531
14000	-3222.8702853004393	-2200.2430631704497	-1022.6272221299895	0.1023347562074563	0.11692683573473145	0.1100299639267303	0.1464796861815613	0.11277785616049926	0.10451454484799418	0.10766185911986219	0.1786835276181602	0.07576782558919233	0.09653145361704188	0.059340017257275446	0.14232693454259102	0.08451880806573248	0.12213072433877058	0.07188146423546987	0.15044171280662902	0.06472354005090648	0.09254158731319159	0.09142954712195933	0.09746190170375832	0.09733320162636211	0.05968284570814319
15000	-2595.7396770242376	-1539.2381829177466	-1056.501494106491	0.09480271777037344	0.11134650772504127	0.0877427784614661	0.0838347514696137	0.1461762842001988	0.11872011913128724	0.10540369442848867	0.0624490849636629	0.06617399143698481	0.16631933404010907	0.05777039126065041	0.09307612677261735	0.09639369992077418	0.10465443128054412	0.05119701130180498	0.08487277613738411	0.12230478220954422	0.1625022532959784	0.1245320302251558	0.0815729267035764	0.08973136198591485	0.8320706654242331
16000	-2746.030371076453	-1685.434219235162	-1060.5961518412912	0.06831758342803856	0.097285686732066	0.0676275969047696	0.04197121859275219	0.11193151836748025	0.06519750696266183	0.08417114076797651	0.09364277533987404	0.07315768458806614	0.10989301306956355	0.07169043270474243	0.09916495300827477	0.05175687499752711	0.0770299346395061	0.10266724722653645	0.08511163216328471	0.06487951467751539	0.09761183202998325	0.18781572497478782	0.14001983501645474	0.09029519371596316	0.640655441453219
17000	-3383.398002181241	-2375.3825800554923	-1008.0154221257484	0.12628543542238851	0.11606626798972179	0.0942210992135436	0.10134503251343202	0.07008596415447468	0.1390977912895418	0.14738334410255682	0.12807928317224404	0.16112934710994087	0.08193790346841043	0.08897104086718695	0.08912522647651222	0.09353458106357973	0.10079757419632746	0.0768417158499353	0.1121388369695594	0.09801739913075852	0.15404364820242405	0.12288244608154575	0.13284581566886725	0.11570714101183446	0.021112615341815064
18000	-2569.6189069996226	-1553.1778806606433	-1016.4410263389792	0.13488365702724253	0.1035735526171616	0.11977539719252202	0.12087894895694413	0.07964549461823085	0.049787800365039075	0.08127251340687126	0.0853937462634152	0.08215305501799722	0.11202340796369095	0.10197747580804167	0.1116534923520839	0.12223867072346198	0.0703286942811932	0.10620269175575514	0.1020628214097066	0.12823501454888156	0.14962956922323983	0.11783107140158212	0.11203755213733296	0.14957380256942338	0.02979190664167642
19000	-3654.172304621479	-2648.802683906864	-1005.3696207146149	0.04819350825561955	0.08604455284444187	0.06879796777024946	0.11171249376852457	0.14754031743459023	0.13805534227800972	0.08224419419452046	0.0942240520551705	0.10701829588050554	0.07033564028545163	0.12781284994438183	0.09774981328257652	0.09031688138579387	0.11169386179091582	0.13765837022943914	0.07592265114106385	0.08575877775981541	0.060610652735673363	0.1517173617153182	0.12541040756312982	0.16178026367636003	0.007569810657881168
20000	-2676.1495173992244	-1643.6284494154215	-1032.5210679838028	0.07828227203175674	0.07263760521935872	0.11885768863836312	0.17735640741792397	0.08191651484327893	0.17255521877982521	0.057874937306190685	0.08804517937618939	0.10731902533287967	0.09177453703011774	0.06274978764896821	0.10672442052082919	0.09108755125130236	0.1343990526263192	0.0916250635677505	0.06239309785780586	0.08236205494477641	0.13687559051134915	0.09920796959903938	0.14422128423297495	0.09181040172517829	0.07051788091489822
21000	-2864.2434025662674	-1841.358316725381	-1022.8850858408864	0.10722015336166395	0.07058756043766536	0.13577740284052148	0.08238301440271703	0.13362427732043888	0.09370322119502962	0.09740384588778238	0.08279032249704756	0.1377522289641425	0.15568669781354302	0.10249828758755869	0.10887319479357686	0.11670763807406125	0.0722453012426531	0.060524878997890705	0.061797779828307975	0.09212372911313524	0.04910533893176382	0.1060976208153743	0.13488002396751764	0.1357477151970954	0.034932060444589255
22000	-3437.3887141618748	-2428.243393662653	-1009.1453204992216	0.09858462946975505	0.11157731158497157	0.09113800258954742	0.10049648932902408	0.13544322132938347	0.11827323231471974	0.0904823975040158	0.1418830716909308	0.08608602623601408	0.11065826070463203	0.13571900502284096	0.08989822319479092	0.08166168546527784	0.07118053587821473	0.1296225441078539	0.1091965973710377	0.12404137146585678	0.07845276356417277	0.1494019195315908	0.10383443130134061	0.11327110652034308	0.022685095709221347
23000	-3133.8125238172793	-2116.462608574154	-1017.3499152431256	0.07804127741196888	0.09888695302615426	0.1580251801103116	0.09045867847261126	0.149455618488475	0.0940720931226174	0.06907475049628836	0.0874292603740637	0.08632901230553694	0.05866868824553394	0.08219969006119726	0.10020508884374328	0.10027744395888372	0.07882899110563633	0.10473526326456727	0.13307536824970514	0.08688504977663324	0.1082077874215352	0.10877741748546182	0.08436372951641534	0.05837641067838178	0.025194760311817475
24000	-3301.484058840175	-2289.8431605979467	-1011.640898242228	0.13303687986816243	0.11464204713034377	0.08590832760999295	0.16589135567716418	0.11310225904371457	0.11744814964087362	0.11842836289440434	0.08633595617033565	0.07025775928471277	0.09110485337075343	0.1431376480712962	0.09304374810547066	0.08499087048626537	0.06531960803021174	0.08680573048214477	0.11378997168013825	0.09286346792069775	0.10313221296956752	0.13868552447826282	0.06257214326828803	0.13636788422200918	0.01999260068601175
25000	-3679.380968262879	-2679.250105250121	-1000.1308630127578	0.0663246146889351	0.10087661124408555	0.08378782269723732	0.08808588842995106	0.10278145760753614	0.10031528540244007	0.12535059958349531	0.11058458858130768	0.06380436252081828	0.09974564990038962	0.10654510797693711	0.10382772705327173	0.11851586927289592	0.0682695558256418	0.06585074158812383	0.10340095121386794	0.12380262114944565	0.10097589603454066	0.11609391265514808	0.07709624148922761	0.10445856885896791	0.0074604542381740855
26000	-3363.144058792942	-2366.6551702338415	-996.4888885591002	0.12964222464851163	0.10488328498199206	0.11447757871939611	0.15123477640849592	0.10291037758315646	0.12587662193579827	0.0680667632845552	0.11313963713378955	0.07688722540710412	0.10305065011263137	0.1989130947705969	0.0943492717121387	0.12786793889708856	0.06843438845878769	0.08338309170361696	0.07374675572333267	0.08626394634976343	0.1081851404323032	0.09837978662578278	0.13168411288924295	0.08701982045465251	0.004504010104536317
27000	-4113.556086141201	-3116.8902736990303	-996.665812442171	0.0973902068990117	0.15006874377302817	0.09758086509708921	0.07694130956268154	0.17922903027824597	0.10381058480143301	0.172748594583016	0.0670722516901986	0.10689105226249308	0.10446098950217333	0.17529881026668942	0.14476296342110057	0.10503810118642065	0.10112134517098535	0.08150770508914129	0.1208919453231621	0.1637460586430852	0.18884722040656202	0.05828915896677784	0.06918962601898208	0.07121651964863139	0.0019630246808245997
28000	-3267.0703842322737	-2244.309574792326	-1022.7608094399474	0.12298054786450907	0.11584458082012147	0.09238944104314607	0.07463291792456693	0.08545842915681642	0.0978959715188362	0.08121499068130389	0.06984091564998592	0.11426366252415325	0.16398801058592405	0.11503010029294332	0.11859992017271508	0.1280763233347124	0.1583848338255622	0.15546201478292387	0.1279096376075178	0.13052830924085732	0.058681111276533235	0.10051518247573168	0.10348559408007445	0.07311473027011636	0.05134577972641547
29000	-3270.819273655393	-2243.4647218931045	-1027.3545517622886	0.12649852010117243	0.05730583183174428	0.15301154695395666	0.1274847444416906	0.08446565657508527	0.10829192174826704	0.18525052285860716	0.11058806543138866	0.08745047811792768	0.09958355864133084	0.14661658921257714	0.11020710992444882	0.09391055938647924	0.06052296147731182	0.09659199468628517	0.09683659517203969	0.08337098856830592	0.08425304160788336	0.16760214872156876	0.12110716748567794	0.0662595885780983	0.06623595958514172
30000	-3143.656349072189	-2124.2170216030004	-1019.4393274691887	0.07430940650331724	0.0849318139823444	0.09948699605914237	0.16431464003191906	0.12142781832835084	0.101201382921984	0.15150886429553875	0.1179512921070044	0.10029366774418101	0.10299479631327288	0.15058105391830814	0.10865132986860088	0.09928296531513958	0.10852870978109276	0.0788733783717772	0.11086390174519795	0.07138228131297977	0.10741050460479737	0.1123546015328052	0.0752593915925115	0.13793673466517423	0.058776299882496795
31000	-3541.7822476187753	-2535.378701465135	-1006.4035461536404	0.07049188034417234	0.11235469715107863	0.10845031942636763	0.07656273788233396	0.09262177553393618	0.07637753754387697	0.12848121657189937	0.054960447115388	0.10672757737360707	0.08691594987862596	0.10222948085713249	0.1047152204797262	0.07194482308179992	0.05596475483425286	0.12488030583856403	0.08335465330520679	0.1200389929827281	0.1920222031031747	0.10818638101442121	0.1114137195938733	0.15684027128700687	0.00952519330292799
32000	-3573.085992420726	-2558.601482442601	-1014.484509978125	0.12365935702962728	0.11871469650877987	0.09182506506278489	0.097470129493863	0.09364715841831796	0.13632815499890594	0.11315917110295974	0.11527076613879382	0.07318863720621921	0.1344651812697034	0.08988725872325667	0.09704021999125739	0.11376743186403479	0.08169244216129075	0.08119708949727594	0.07465024600710049	0.1308082568885738	0.12216664089116566	0.06319900144069952	0.10775563608758976	0.11721329555093911	0.04619212069096248
33000	-3211.3007757124856	-2191.7316064336146	-1019.5691692788711	0.1531725591805784	0.11019303175132192	0.15432319655822963	0.08659124724162882	0.10898237597956635	0.05594617860506178	0.12919212449383444	0.06096950284708708	0.09901277513837135	0.09613487394641802	0.07427222236040548	0.1264362397692539	0.11277941325148583	0.16004977330425	0.0708588700505346	0.10112303914010007	0.0673524301904038	0.13262911481649695	0.09804965787727486	0.13866026661698364	0.08750346342266688	0.03523467298110048
34000	-3566.633197504209	-2556.2681886501573	-1010.3650088540517	0.12638480239199235	0.11016946614090287	0.10952208076366289	0.10527307358412438	0.082404361266398	0.11682823829682468	0.0776728927228113	0.0606573696201498	0.15628873333591395	0.06571029208914042	0.15666748163332048	0.08034361419824787	0.11330177924918426	0.12667988034065347	0.17211502446649585	0.09914192261157487	0.06450335893575121	0.16030400893329944	0.14566337973929436	0.09263411910032851	0.08953288248814487	0.018465491180825105
35000	-3333.1207506163255	-2310.8823069831283	-1022.2384436331971	0.16498448129197457	0.06490956321102169	0.08771771987348011	0.08229304863785601	0.1011752601298286	0.09501827398430722	0.1092361866123908	0.14718206557453808	0.13239889765473414	0.1617289234468422	0.11601018895625144	0.07280059905710384	0.0638407954022489	0.1293661451624606	0.08962420472010318	0.1333565809268613	0.07064532493137302	0.08334613915779686	0.11736332486861673	0.13151334678426196	0.23275772674271145	0.03625243946782375
36000	-3510.119100668057	-2495.923637177182	-1014.1954634908749	0.06612944479766034	0.16206914360766692	0.12145177267803992	0.15255667628929873	0.05847367207942565	0.12572070197221688	0.08722369429384987	0.0723406254094666	0.06006575467930099	0.10222279670812001	0.1101465640302485	0.14551975548073923	0.12279666470584596	0.12700758239118592	0.17065531804249084	0.06782060269819488	0.07178647624412542	0.08787523031329923	0.14240922695634356	0.07968856998522895	0.14391293917541387	0.018442855432839498
37000	-3436.2842960316048	-2422.686231481316	-1013.5980645502888	0.07462318441758838	0.07585213487152692	0.09336704588497005	0.08292210948933215	0.13320201262426798	0.10814355014435689	0.10347015609878346	0.08385335138329038	0.11272212310417921	0.09960040851419967	0.08660514573747706	0.11096517377325937	0.09631243739408131	0.09716996889486221	0.11190354180197286	0.09949566130227516	0.12455587467655581	0.08740827267489691	0.07924113573294933	0.09286384923175414	0.043368622272340354	0.025381478012594234
38000	-2960.3708336631	-1939.1358425137316	-1021.2349911493684	0.07063002183929964	0.07578491610309745	0.0528124849884561	0.17575726245685375	0.07960800687134523	0.09687564701874278	0.11397305382898139	0.0739575366565323	0.04407793444551689	0.1864761820942096	0.06784330847637535	0.13755155238827008	0.08668288534981518	0.06731262693728722	0.09645817254426528	0.07972835726146811	0.13217469089932232	0.0870031437241507	0.07675796191900904	0.12102981948780396	0.07212132124025511	0.01586401437673046
39000	-3482.796971075815	-2474.7168599526	-1008.0801111232148	0.06340232914616711	0.11192434070902076	0.11541397361816991	0.10282386940635647	0.09502876320190455	0.10909858977125385	0.13183414226807177	0.0683979570683105	0.13501496509841854	0.08438348679426863	0.07564773301657654	0.13565721347355672	0.09468102642403645	0.13460446960986827	0.14669600234654628	0.12601016246655608	0.0825607586064293	0.08232163319614905	0.11304359201178726	0.08466294776643087	0.13480361614576722	0.014314051541976838
40000	-3506.797866486174	-2495.712238483748	-1011.0856280024257	0.09179541849437037	0.10009287401532883	0.09758592672426537	0.07882978166412671	0.09539935067338791	0.1584747722789922	0.08086665658907147	0.09335272283149434	0.09310125385331584	0.09918404851896657	0.18948115115567196	0.13628214893740717	0.06416830082164146	0.08020229075812825	0.10070373916789963	0.08581224166191281	0.11508132514873032	0.12196582951529067	0.10369811855335478	0.11238976122811782	0.14550417146163813	0.026216083163766238
41000	-3492.0218614612477	-2471.6595943417024	-1020.3622671195451	0.10115154212553432	0.12455009636619897	0.10949181029502977	0.10483366449327208	0.12374620075005216	0.07170922363182505	0.11821015243056006	0.05155015804366288	0.09822199367050789	0.10800378940451445	0.08329000431438598	0.07742958221093461	0.12161668882621697	0.07314624076625213	0.15113850284914693	0.061179999281655954	0.05435933511414467	0.09719555921360042	0.048011894957748394	0.13671118952782307	0.15141078738889013	0.02359122666977707
42000	-3828.575608025133	-2830.296249097585	-998.2793589275477	0.10171488283323993	0.06663106559926292	0.08067203857663056	0.09930157459986641	0.08867190067208824	0.10446336595812808	0.11179612108539952	0.09114279915945306	0.138321267635414	0.10326883878965411	0.0868603011414814	0.12156288453499407	0.09986506700229836	0.06901004707232306	0.1306622762546334	0.12254491707951341	0.11212566525752728	0.057112664941336405	0.15936327281054194	0.10125830612251106	0.0816332403598276	0.005919847322443317
43000	-3782.433784837032	-2792.740205586014	-989.6935792510181	0.10490617314430743	0.1548979520721645	0.07316855042172445	0.07226510543445881	0.08000289762330651	0.12168611410348351	0.07332429816059392	0.16460492814315492	0.09987004383655315	0.10512779098112854	0.10118534735413019	0.10525798018540322	0.09393108563404323	0.1209654039126083	0.10953668137592379	0.14247259933023165	0.1229508540832853	0.131328366501633	0.11728084338736766	0.13612580462662566	0.09926361444010802	0.003210998498630129
44000	-3367.714146024684	-2357.868891848397	-1009.8452541762866	0.17219649150402572	0.08158841769317189	0.09784626075926707	0.07016171256919512	0.1428796393228059	0.10282896615699863	0.06982955006622606	0.10795135425624108	0.08743788646414963	0.138555734772524	0.07893369214776622	0.12596111836677115	0.1240974214200167	0.12220079209823445	0.16889391665647127	0.14448887766583982	0.14745420212012322	0.07513186297716724	0.1425428307137836	0.16951726941212159	0.1318211350587991	0.019355203620145856
45000	-3932.6149066282987	-2934.070404665059	-998.5445019632396	0.0901779598426651	0.0896164354979887	0.07047911563670846	0.0929600907806629	0.11790259587551531	0.08782937382472476	0.06665441048857179	0.06544821648120133	0.11497365964004158	0.12303269814929485	0.06946125440867665	0.1356354423555045	0.11237654965492874	0.07553873545475859	0.08523256668237246	0.1445831034217079	0.11052039403593449	0.06325837619830552	0.1310938298533427	0.11642094045536805	0.08346394756048331	0.005792400825320217
46000	-3268.3175327944446	-2257.994332714808	-1010.3232000796366	0.1521072098557688	0.10839807689055544	0.10130994072816749	0.08221476089997906	0.10290391007756265	0.0852575585741795	0.08832926544267404	0.08005813725065433	0.13667854989130304	0.12206433190179063	0.08087836229922225	0.16138494189490651	0.13589327957892922	0.04494007553033636	0.12236026268527961	0.098120804937027	0.0948021942113883	0.07494080979704641	0.06652606555482383	0.06800173815789329	0.09321365243625743	0.011412054020714796
47000	-2803.235624076954	-1782.2891745044942	-1020.9464495724598	0.19686215028998244	0.10374009229241403	0.0969194590425935	0.0688399979202061	0.09746177895853593	0.09685944036537497	0.07437665203663572	0.12752037337091257	0.0663582927832296	0.08035731973383549	0.14437546447848915	0.14468060381230177	0.0862720456620165	0.10883673968201965	0.13845539011113162	0.06600404734509861	0.09730576604400772	0.07463759851237169	0.06229263242924681	0.10997589964791078	0.11093308156245078	0.02840539123977162
48000	-3251.976400839732	-2245.512956115318	-1006.463444724414	0.1259897185856173	0.10098305587721684	0.09601447911746064	0.12663827098048572	0.08394232886802509	0.11983912194968578	0.131868373050022	0.07952308878680794	0.06963331425882183	0.04943402800733602	0.16575902211320173	0.12146216024920944	0.12827548572774533	0.10161403843377421	0.1315977373975689	0.06526244133660491	0.06346224315874714	0.10139958884800614	0.08181266071082907	0.11617016028175083	0.13499015648735577	0.010944733180208225
49000	-3147.3569162966205	-2130.1492430675107	-1017.2076732291096	0.14576322357575788	0.14662629623288634	0.13426054361450493	0.1215169762422691	0.11649931015851525	0.13529332493480606	0.08287075664984267	0.07030228583363198	0.11807213884319957	0.08665865470667415	0.07549259466892888	0.08547612810418888	0.04638835754234351	0.06440420756421804	0.09977613824541555	0.11696560802497684	0.11572427791328914	0.1441766703125758	0.126587304512399	0.10770713411985067	0.14575725610841067	0.028693720761230418
50000	-3458.6022174119294	-2453.7343412908044	-1004.8678761211248	0.10091771733426033	0.0804610085610461	0.13643162506593592	0.06207057852086502	0.0961861974723321	0.10097939132981128	0.10739324925086925	0.08321597860109838	0.08868899796721441	0.092444199697515	0.11563819437761877	0.10283362009550504	0.10908712727928692	0.08905174048490917	0.09686120614380206	0.14895435546064842	0.11644981549165043	0.09621120956350089	0.10959628900501964	0.10283932761332562	0.10617369349388046	0.017684710159066756
51000	-2998.0449679703306	-1979.093900238608	-1018.9510677317227	0.1379124766293116	0.11977505878796685	0.1257167515038372	0.07528885430019298	0.07409592707736169	0.09173496491499897	0.1308448683677285	0.11758191693900032	0.08506399548072587	0.19687881082859526	0.09665905028329472	0.19710454134526262	0.08071382973036831	0.1364939521049865	0.14497908145327967	0.07689916847469669	0.0768048540440947	0.09829905184261233	0.1191067803386807	0.08765842183038192	0.11077450423333662	0.025301991961202298
52000	-3396.7328712183844	-2383.0319791052384	-1013.700892113146	0.052059256106795564	0.08487955260538127	0.07579122338354355	0.09195986168362838	0.12990323578444674	0.0658446576526594	0.0709116242891782	0.08901229043698695	0.10207206406200363	0.07182918683386692	0.13678189499857155	0.07943582976677563	0.07363228284382624	0.10559216667473323	0.04744107811611425	0.08414544439045875	0.10878503805927901	0.09936818580756455	0.12352413709842623	0.10885698863697622	0.08698825301124583	0.010044981350823151
53000	-3823.666938389034	-2814.0780763185	-1009.5888620705339	0.10775228796453151	0.0876372495549942	0.0919310100469295	0.08325805447560526	0.13607189549595763	0.10159251172375329	0.09616995751829656	0.06303359339010238	0.15199455123888475	0.03402072346685678	0.11282738438647345	0.07620939277183175	0.11749033137530296	0.09507656269429782	0.18282955547924276	0.07368897698345753	0.10015012315390082	0.05130837853522645	0.08069022130364303	0.09242336848057858	0.12291516431451238	0.008853216957476937
54000	-4165.411016521395	-3169.755446440022	-995.6555700813734	0.09344505483800544	0.07871288468903175	0.18448052782292404	0.09199668323937786	0.06858689008508444	0.1266569645632089	0.07297141779278697	0.08123088695833194	0.12341149846965561	0.10802705264038055	0.11004977121712389	0.11105213277400547	0.18730155788878983	0.09677522230456262	0.058077890645955366	0.1392557702303527	0.20388678258802642	0.05794033245084342	0.10634757380996442	0.09057092685084271	0.07001842178938152	0.0022413486136498707
55000	-3670.487344642517	-2664.8554511569887	-1005.6318934855286	0.0986824157895424	0.0763765627127998	0.12317735560609816	0.117084684663556	0.0487828329937401	0.17372096745406204	0.07332231563276433	0.08767983811209541	0.08802680962464259	0.08342823932574739	0.12447403313978092	0.1515233154995948	0.054993974244954044	0.10621815431666187	0.11217583910290954	0.10098181411985338	0.12543659442146107	0.1253313718401819	0.14912031527380326	0.12986667599091964	0.10362475035927898	0.013848946643276227
56000	-3553.5063479122673	-2557.626874641412	-995.8794732708552	0.09689613429140385	0.10507123726001588	0.12920815052560852	0.1202428526662232	0.09847838949146805	0.09686736244575782	0.07684688478360419	0.06709613397437994	0.10162080658989645	0.09997980870025464	0.07304267714702234	0.19815304174724505	0.07460213371985494	0.08224722277404059	0.11670787139732537	0.0889319964356801	0.11086810395043743	0.0875300891922082	0.14236649199999274	0.07246789154829325	0.1487749600368714	0.005793074454846681
57000	-2977.1161457011794	-1962.3038438883723	-1014.8123018128072	0.04883166615486485	0.10831654484083111	0.15336932307940446	0.07529406215723271	0.12032239362250391	0.07590076679090163	0.05874746904892386	0.10899899087927742	0.23917523003973426	0.08246250023331059	0.1200934460805159	0.1235891362017305	0.11645247737897478	0.11839549500150591	0.10129958222774658	0.08965268200286718	0.07469542466863269	0.1103496049640094	0.09475688033449119	0.16847349448572704	0.10351788757876174	0.02084830906592142
58000	-2969.167582836119	-1941.5227559751606	-1027.6448268609583	0.10030948853424944	0.07194715263741014	0.10525650874633911	0.08144163361623881	0.1157969160187949	0.16559233232866974	0.08157075480075625	0.1863618383976027	0.08932975080074614	0.08420740052765163	0.0929782005855505	0.10240986176739528	0.13495245973680897	0.11625748899594383	0.0960635684725698	0.11018188204695355	0.14707785352531455	0.25936886115134483	0.07232969402741131	0.13406428233661835	0.11044633230930805	0.06790963383644047
59000	-3380.981282182599	-2374.937156060076	-1006.044126122523	0.11453393341737003	0.13844819036599246	0.05867502180511715	0.07038455015991757	0.05955668259231243	0.08384150545589981	0.14610379423229516	0.13266927187384153	0.09847959801755485	0.08304593870399152	0.07285575469771431	0.18343015011427294	0.11054504916104307	0.08892791249624704	0.1749863800812462	0.06906308108202083	0.09275741684132398	0.09104535086708085	0.158682116907977	0.057605994981628134	0.11818939555937116	0.006871597449475231
60000	-3119.465351757729	-2111.8434103267246	-1007.6219414310044	0.09446574766351358	0.08983303518895844	0.11462475316512488	0.14732864096855344	0.13873191545528543	0.07778911116546403	0.06958668083752596	0.08846642767321172	0.03660372764339509	0.1013566961314185	0.09545871255747386	0.11309675218771877	0.09376617661142672	0.09857114405666774	0.14065399829473973	0.08471339472435929	0.07520297181742581	0.10232788789761098	0.06756459701762611	0.12699913524629566	0.10599966780189177	0.01019826749468856
61000	-3645.4216715706693	-2634.1384452549523	-1011.2832263157169	0.1527255855804067	0.05740433846617398	0.08641758086594294	0.13961457237265995	0.17563776053185554	0.1517459948741586	0.08668412225462133	0.06453238636469628	0.09769989719047378	0.07799958268369561	0.12479033819443917	0.08690758579114795	0.11443801334656249	0.13845848760583065	0.09247703618984515	0.11125125388425842	0.125350754618742	0.11355466063752628	0.13846029009264457	0.15954924801033	0.09062168666028676	0.016343089316665716
62000	-3673.031397430301	-2669.5934582664054	-1003.4379391638954	0.08373812404129932	0.08559497219462268	0.12117707695602224	0.0990547774048219	0.11110164779588776	0.13549761329788182	0.0819497749845516	0.09457811827261729	0.1541177208399382	0.07276268651359573	0.15279812922925198	0.09455054309978729	0.11048388233791916	0.11980677035584092	0.13272492441894312	0.1118948533926783	0.13740658233171887	0.17706292775217158	0.12820996546983346	0.07541097696226069	0.12445098410477118	0.011601892415162508
63000	-3270.7127671134604	-2245.6898171900457	-1025.0229499234144	0.05490582189962405	0.11290272460457713	0.08323170876681509	0.06481653141286431	0.10530424430419975	0.0886158893867792	0.08449356099802023	0.0821744236285202	0.08264020435564098	0.07922333447875005	0.1534714510079004	0.15550452173829118	0.08154236153442608	0.07696105190263884	0.07644198843264674	0.13755648467765316	0.0801975245687174	0.15348297386737314	0.13480360669852348	0.06062550420683145	0.11056512084058373	0.044287335589300425
64000	-3496.46513593295	-2491.4056987561485	-1005.0594371768017	0.09227860431527092	0.13513075578064673	0.10731603649661167	0.0823914834228744	0.13882708611057204	0.09064629337341681	0.10582595001237399	0.09285759900729781	0.06900455086785931	0.055016757648595135	0.08517661709037133	0.09956212868892544	0.08192681933438462	0.06521167863492223	0.09066230968745188	0.09988657350650916	0.10882684823182788	0.08752480462281077	0.13007104730840807	0.06534777536517603	0.16100306505858222	0.010294805244748705
65000	-3786.8461969839627	-2776.3106561787286	-1010.5355408052342	0.10102867563114064	0.10198702221901898	0.03932090750611802	0.1713453724953993	0.07294556861805303	0.13977310809459617	0.05686440947061754	0.11291375196551684	0.07884238760706841	0.08757210460625654	0.1356372906539772	0.09837089148593871	0.13986504587000276	0.07566825138137409	0.17443146909181087	0.08265240560931363	0.11554959707599112	0.05431668691315919	0.12929471913943752	0.1134810817955927	0.11172993886222643	0.006492025957232624
66000	-3730.846872410927	-2725.924789335029	-1004.9220830758982	0.17142262651136236	0.1657326133671345	0.06952874983224613	0.06802989442678661	0.17472077168474426	0.11236968691632851	0.18108881738516802	0.10293125263467277	0.08860095166042647	0.08845398818496301	0.14710617930553418	0.10271541082597635	0.13075142771162712	0.09280831215500854	0.13277114193558417	0.11424752804251034	0.12071938809315037	0.09494466190851436	0.11138332515688339	0.06004019339073329	0.12445204864691835	0.008565273673196837
67000	-3817.984927941056	-2820.700938456069	-997.2839894849872	0.0998722235598039	0.1492178181868443	0.09796870171571628	0.05430453463861403	0.07896590622091071	0.16546598734357082	0.10547072931560059	0.1190631820616252	0.08416368070511811	0.10318063778784389	0.06076346987100763	0.14538731462604448	0.0737200371433432	0.06406514943541469	0.1116656689791193	0.11234409007403653	0.0758968428183482	0.06392870643931793	0.11052513635545944	0.11081636765337534	0.1038726675247038	0.004416025895430666
68000	-2972.475030164806	-1962.8267513654657	-1009.6482787993401	0.1407864253805658	0.14658995591456878	0.1314311481465447	0.0906339237646877	0.09261212107195925	0.12161260025051944	0.20677652817010417	0.09292736816581845	0.06680236316156273	0.10548083174849882	0.16227017143196873	0.07451128675265614	0.11888722397482462	0.14088302510924727	0.1336277440026117	0.12190414443513022	0.1086423563212827	0.08241759431230593	0.0808762204907051	0.14228054557413375	0.1322883679991372	0.015493592215978649
69000	-3618.795601676952	-2621.023010998819	-997.7725906781332	0.11519210135392836	0.10242326197150016	0.12218818257494854	0.0978412237522328	0.10039704466379694	0.15678450027239477	0.08786955216249794	0.09231910205776117	0.08205488745516633	0.11631544640260158	0.08254966540582784	0.12855092260198597	0.08619268179667366	0.16203399300438373	0.15565848286481937	0.13637797308381255	0.1280746784617498	0.08189510859637462	0.09063850378674691	0.07880051285636444	0.10590030982504565	0.0065421981355803125
70000	-2482.2625560274437	-1461.489535657396	-1020.7730203700478	0.13401118095501072	0.06381598522511073	0.15347272261590558	0.1577201964436691	0.18415863604009575	0.1491042541329372	0.11430632972373866	0.11360691105350551	0.11408519596217181	0.1188467426817808	0.11405075267552732	0.14170069450301404	0.08072123119200926	0.041172321650852384	0.07484338412354329	0.0987146536626365	0.08200682118997189	0.12830915991089356	0.11160567676820059	0.0982459726656945	0.11360831526763873	0.035905708823843696
71000	-3689.2388752381294	-2684.5856858130633	-1004.6531894250663	0.11977828070787142	0.0824905557185583	0.09710981925237717	0.060121159565467805	0.12152530367848138	0.08037790095735482	0.10744675711185944	0.12072184848789896	0.09175302849048661	0.1269205403087387	0.11574963779646516	0.06860658524380508	0.1317954160362622	0.10636508622304845	0.12412702964471042	0.12859634719597846	0.06741953147389428	0.09337477970377221	0.1108565453206927	0.10765431705807438	0.1535296130896939	0.011467358989510599
72000	-3868.337659858372	-2864.284665894757	-1004.0529939636148	0.12252897455258956	0.137841095417154	0.14082547056071426	0.12480342941171801	0.12889090804647796	0.07839723817266095	0.1366342538366317	0.07223933337505982	0.17277769860700978	0.08434703447493698	0.13285815396203265	0.08791378458565373	0.11948082012108932	0.13435873086613476	0.06371610564574794	0.1270874567403378	0.11945411282792459	0.1523394346237486	0.13117104263157278	0.09631327531956412	0.07144457519278305	0.010490851254040184
73000	-3695.9527759660596	-2684.462973845178	-1011.4898021208813	0.11964488223077056	0.12785001492113013	0.0683823019752503	0.06979724800367249	0.11498007403565241	0.0780193308121048	0.07994113328558711	0.1302957800454025	0.169033194775849	0.09724526322700226	0.08835391862172755	0.07008408275275717	0.08800690706820477	0.07369023145635314	0.14702029908965727	0.06915186055399364	0.08748263153522547	0.11188454090591955	0.11013671797134526	0.11653872753647324	0.055630836777679	0.012319138400774397
74000	-3271.8324296305705	-2266.8270412057523	-1005.0053884248181	0.11113655174078131	0.14470685402466302	0.13115334888429891	0.10164060795949158	0.10147236827986315	0.11316530847352539	0.1098909376915172	0.11332932197217914	0.05994744840253444	0.10518745724501444	0.10233319707790853	0.11526125690230418	0.1281293211605626	0.08795208163013028	0.1255924917371368	0.08037343836008809	0.10526725677852866	0.0684644066469207	0.19030472495498177	0.13202999603656448	0.07323901847896602	0.012015522548682716
75000	-3246.484013836153	-2232.3827997012204	-1014.1012141349324	0.10869509810244063	0.08817132152731803	0.08736275033639661	0.14671569440949903	0.06813641517587427	0.13348652726440147	0.13577318094462867	0.06840836500230588	0.0686721853553715	0.07449066767971384	0.09520280485697086	0.1016510299380529	0.13506460799969366	0.0704942412964923	0.10230894762003956	0.14005727871663287	0.16705127471631545	0.062291131419944475	0.10584914189173114	0.09978799315663214	0.1295875432493607	0.01803393523740742
76000	-2453.5748938729143	-1434.5486489171622	-1019.0262449557522	0.08061558520004011	0.1512300521890289	0.049093690206856194	0.09492274103222345	0.11044972128898328	0.10203472916154609	0.08806992383684573	0.14372509495043131	0.0706524049239011	0.1199731122284863	0.18806809368711982	0.09342699377173423	0.12630261831022527	0.14687600907187276	0.0821678428967347	0.07333529948199362	0.11188920132881468	0.09006535671147575	0.12242238860402928	0.10576160613558312	0.1150263278507727	0.039382790606516956
77000	-4068.475072904099	-3069.9920165178264	-998.4830563862726	0.07889642820503255	0.11599377169985992	0.126945076712724	0.1434533587296081	0.11744023425798975	0.03481546143214732	0.09912620108654362	0.15722407336806724	0.0936610239926886	0.08500041963167673	0.15212197658038626	0.06432513577198987	0.08251879178511773	0.09155702592059019	0.13691765019877503	0.13190662515234672	0.11972287650401209	0.1529499629405218	0.050146348460231964	0.09119670780918285	0.11717053190286861	0.0027401577142747743
78000	-3769.91828278024	-2775.6501621694138	-994.2681206108265	0.0956909876949539	0.09329486232156467	0.07704759035818812	0.10143339026755889	0.08059177681595595	0.0946933111805937	0.10883103079740837	0.07051427511684817	0.09931221674985577	0.07021584177650103	0.10699290236117939	0.10885919853839639	0.11184057167399909	0.10109993515137514	0.10928020801090763	0.12698720797566906	0.08601833367559265	0.09778496574425918	0.09563010419998559	0.09143197508050149	0.1520443052062122	0.004852574141482129
79000	-3799.374998296828	-2802.82288030971	-996.552117987118	0.0859776857413757	0.06816139628666813	0.06922460342766232	0.12062279696373371	0.12201855414798478	0.17880321419300843	0.12634149749318443	0.14662862633567356	0.07340824179674865	0.10803671182267086	0.1396553437820714	0.09300811282813475	0.13696692702629437	0.08060891076336253	0.08975216794407401	0.15390019278742634	0.10939452425132049	0.16603523496526862	0.10079381713849953	0.10968773783636954	0.11966932560207336	0.00373849827827558
80000	-3776.727224695056	-2778.3071527582406	-998.4200719368152	0.12592169965032074	0.06346727725194734	0.07314666887263804	0.12176528249124835	0.10652490078567546	0.10311178958620806	0.06460124948887286	0.1054606923547406	0.08357109967258547	0.10696178416463395	0.14137264458766585	0.08666454840634422	0.11081703258331436	0.12476768583006387	0.0695270092272097	0.1468832927795804	0.10393993273615298	0.11958581051303638	0.09489441582998955	0.09871237831742984	0.05618922579240323	0.004810397701401919
81000	-3851.190734687049	-2853.27434883789	-997.9163858491588	0.11798403276391937	0.10538300416587636	0.14367132824877935	0.10337674250103245	0.08839883312872313	0.09517598469536274	0.14232637214214042	0.11565462285970302	0.07630597786214344	0.09717391515787745	0.09741391700824183	0.12970200419180594	0.1710953057978795	0.11231712213080053	0.078591851639155	0.064511070293844	0.0671246784310158	0.11592528713767752	0.05644487148221889	0.10264523136216205	0.059910717221549656	0.004345149863435236
82000	-3625.279331316888	-2623.554167206928	-1001.72516410996	0.1373714125797205	0.20295896883378106	0.1272630579759098	0.14401641038949217	0.0659421628672011	0.1573723999209928	0.12536339973711558	0.18443288735978408	0.07987633242656211	0.11609321816459629	0.19033551919406055	0.08180747118335377	0.07236157367203748	0.11555934659242434	0.10417855843310883	0.11050110280344361	0.09454417602355078	0.1474602872299866	0.12135191348072784	0.0874580315729525	0.07982343333319107	0.006988276158413747
83000	-3055.3686261334915	-2045.3264411747077	-1010.0421849587837	0.13636140468861388	0.19343228938714604	0.1194211859679569	0.1455616239683215	0.10821214546605247	0.13297082672525531	0.1108806323015436	0.11784434824276432	0.12848270526792402	0.07440077439584415	0.1621217173985348	0.08744100297857917	0.0785927061942295	0.06759283767496127	0.11855964199580128	0.05919025999459655	0.05640868975075132	0.13288561586320624	0.06727981689890207	0.07998847448880671	0.058663473483304876	0.008952408733446018
84000	-3444.664617178466	-2428.6793000347584	-1015.9853171437074	0.06010434075992904	0.08657329166889867	0.04354011807610039	0.09648585253076027	0.04304210431264704	0.1328819712633209	0.0954056150176696	0.06511290342160429	0.09028980581694707	0.10994758491110551	0.13917017294819098	0.12473462070792735	0.0897697134196665	0.08965538449290095	0.07897031483777528	0.09888363817768105	0.12275797685974194	0.1371192487031659	0.0802131119855242	0.08784174691830327	0.14092536551544618	0.013043908288552754
85000	-3183.4557441304364	-2169.9466916329375	-1013.509052497499	0.11688420732570981	0.06339457987543373	0.1327285485231533	0.10266336633610702	0.07934273136437638	0.08667102589146902	0.10295280696814872	0.14844429497837358	0.14227413818623866	0.13421748712855758	0.10074368809848426	0.053670834941227055	0.12955506513298448	0.10100745462405522	0.10867130362053366	0.03292270248367549	0.17295703914054153	0.17873621853890861	0.12712622415631233	0.09263163535343096	0.11896095297049997	0.01450746728344685
86000	-2912.3840643424583	-1892.858433823473	-1019.5256305189852	0.12485310853679189	0.12965351360170455	0.16632452889628574	0.14010589443331092	0.05689412040194802	0.10883245746440845	0.1380552200369255	0.08414066457199351	0.08681792377740231	0.08251562791138697	0.09994388770070779	0.060880208614186505	0.06280977035749417	0.0828133851835474	0.09453029343535359	0.1162961699530899	0.10769170504988491	0.1116705750542253	0.18005197797116082	0.175802618894588	0.08783673325556761	0.02513104049906204
87000	-3224.632906000916	-2204.080462655945	-1020.552443344971	0.09819045466205349	0.06966181810068416	0.08507235185505939	0.11332521438827664	0.061126311511980225	0.11062571493323123	0.11885664906854532	0.13890144964263937	0.09921392724196425	0.20127999819890008	0.1388588734512357	0.05628304864212106	0.08478653898644989	0.09493212082359183	0.16652011334704062	0.059988338377694635	0.11007411194974738	0.14421974430721832	0.15556221677721105	0.08049647430886352	0.19189143805917605	0.02150746482003879
88000	-3266.7612917601173	-2248.625816481967	-1018.1354752781504	0.07137465196799782	0.0709217822438292	0.10584443629166926	0.03841893032139534	0.09501270019879574	0.07980870674553944	0.1209151914055131	0.11195784853376727	0.0721559701709277	0.1255389309936762	0.08082623800374926	0.05549426305315403	0.08876106550675182	0.1004429482473861	0.11590113030688262	0.09365641558069587	0.0637742651274887	0.0932268383234522	0.08212539727077182	0.10673482288456856	0.15505878370853748	0.018088562772593672
89000	-3482.894649964321	-2466.489138720265	-1016.4055112440561	0.11442708507757733	0.10827492627112689	0.08913309845984435	0.09615657720772863	0.05969173104009606	0.07079379521340372	0.15259676908252487	0.08891931652806337	0.09332855082935546	0.13444440011158915	0.10078960741611459	0.07645001363725602	0.10787464052483461	0.11302351785060456	0.08369873474223366	0.11700562615018796	0.09748994118764219	0.12222859101973621	0.16694850783656567	0.08732862572995223	0.18804981085693948	0.03125147581630972
90000	-2806.7253230291517	-1780.1818322537438	-1026.543490775408	0.08796203759572323	0.06938515406326504	0.07672536472149027	0.11034383325055847	0.0334518112399743	0.153671810482194	0.14284130875399742	0.15063234783023893	0.12214420666969797	0.13089980008817076	0.10572917408843849	0.11930519397239366	0.1094966165882849	0.08277751493623872	0.0913804402473413	0.06817372110095112	0.16465728910325733	0.17083874052929238	0.11737228098387842	0.12201276434549631	0.09912390965264144	0.049286714787907554
91000	-2982.235858267297	-1949.341076168851	-1032.8947820984456	0.132493321859319	0.10559963208348042	0.15204467177170064	0.08469004753692673	0.1046581659463042	0.08201396407005877	0.1437411842115623	0.11627267878998775	0.09472811484434353	0.057744864049779375	0.07719491369314462	0.11575135122648998	0.09236563144082562	0.25723330363346325	0.0616953999815426	0.12117899342582328	0.07140059515554353	0.14526661002518762	0.09934185825056323	0.09253094636685176	0.12232766576986702	0.08011244865558745
92000	-3353.6323005874565	-2341.1747505149006	-1012.4575500725558	0.07578220716983451	0.11638793349208332	0.1344181258654692	0.060250631218736216	0.04939088055310631	0.10820620438426118	0.1024105194253407	0.12782585741388094	0.1246987768447131	0.07821202551060534	0.12998396677607607	0.09053203660814423	0.1058551891364017	0.09228260107647206	0.09837392568045587	0.19494291160453142	0.10911465973362909	0.10076469437361482	0.11554375439449753	0.14950951094792878	0.13122257793685402	0.018526777847458608
93000	-3749.488915854664	-2742.6281036615974	-1006.8608121930666	0.14008403978844733	0.05739185312919453	0.09158920074078583	0.10426057576721533	0.09657486826260656	0.11227788639800788	0.06959780496776587	0.12432898854645469	0.08879378223002185	0.16733810673987906	0.0887395679115968	0.12322199126329081	0.15196057564916174	0.06877309099786444	0.08331605649974086	0.10734248035408415	0.1977802242758888	0.0694451250424867	0.11073143928908269	0.10688440370409473	0.09149399755008263	0.010651415598926522
94000	-3950.4741051022024	-2960.7313406541766	-989.7427644480257	0.1855934575187346	0.1301597183188861	0.10190779395786836	0.09147366773430969	0.09376385122235584	0.1364447004338168	0.15855932055778799	0.14121016802685732	0.11583056514535088	0.10659086721814758	0.10443758245417172	0.09576332197448863	0.1080375671256987	0.12881759982230687	0.06529019695392059	0.09166160987904699	0.0989087785369384	0.092219979496581	0.1171669635388222	0.07640557105705298	0.07528344319259221	0.0035081019270697187
95000	-3633.9492439055525	-2632.4135782195563	-1001.5356656859963	0.10000969351050867	0.07024015187248703	0.0830241675668304	0.12153618614116592	0.0984995625664718	0.110828232785052	0.09206702945045804	0.1411082305523973	0.12379295411873499	0.06407713731122727	0.10209507113419083	0.09191235597552429	0.11201100849877503	0.1151808152384792	0.07906555682459157	0.12787393246244613	0.08171230046273806	0.1461365283807797	0.14835854759799175	0.06461082488749721	0.08509136320251547	0.008572895347124665
96000	-2554.8921933554757	-1541.2822627630462	-1013.6099305924297	0.06442317957612007	0.09440293343758814	0.10570657214181592	0.09935749115233307	0.15674012621663697	0.0880996393601191	0.1086294073464629	0.1278121018432932	0.20071510600445328	0.11059251137760308	0.07588523859153716	0.07313915570695394	0.11928380908821064	0.14182376217138215	0.19848086903743836	0.17884913873177133	0.14102919269492115	0.09171155096765837	0.12510073187287887	0.14688112831553019	0.12646760030211374	0.023740910223478233
97000	-3092.303198305319	-2083.7923550183523	-1008.5108432869664	0.15743943279146663	0.0668575745456173	0.08031672785852219	0.09009194675097586	0.0902376306289175	0.1000163872532201	0.13347609942920127	0.14807354788803448	0.10318735712824487	0.15448394271390695	0.11266774852506742	0.13635781602431782	0.126498455301875	0.1112966342501919	0.09018826611351537	0.08645151868445805	0.06452990916018353	0.05136422332622481	0.11138673286132003	0.10937111928644287	0.14236444388321196	0.01541442738753109
98000	-3643.127587881609	-2634.551164551105	-1008.576423330504	0.10609794104049833	0.10354699121809946	0.10582328683061008	0.08391784341022057	0.06332215892728867	0.08934456229198913	0.09237751073429422	0.1465602355831361	0.07755346224750016	0.06513834377315049	0.08681615266625786	0.08286505255466628	0.05410768156163631	0.14421909729996782	0.1307724121838759	0.1266825295976627	0.1810281088521665	0.08366273604768812	0.12434934046466656	0.12429002703014302	0.15359208809568697	0.010388221510276466
99000	-3990.8102765096455	-2999.0925813710546	-991.7176951385908	0.11126266100235037	0.12844916162660666	0.10878916602022264	0.09241555396509397	0.09210301307658296	0.11397026711454526	0.09877789345587322	0.0826734580469485	0.11590544757636656	0.13450100402477924	0.0949644266717093	0.14404796556483335	0.08750221025030414	0.09272438943346996	0.0828102190557383	0.1008352330723554	0.06552867951732375	0.03935418011189054	0.15776679370935817	0.0839828175551322	0.10261114419712938	0.00184345337596221
100000	-3692.872665397669	-2686.3880088884302	-1006.4846565092389	0.1203944956699987	0.11863967365072775	0.04205884659182786	0.08363555921249882	0.1353460412407374	0.08831257105394229	0.06203883103556648	0.17081235709393894	0.12014045474176985	0.08294527235456127	0.1216593817835447	0.09181116676609286	0.10798313892621177	0.09654426265589335	0.0767390689410573	0.10763599651048207	0.07882586322224008	0.14273885894349325	0.07869356843271738	0.11967416688491161	0.18970917626914502	0.007717773294680667
