#
#model:
#
#<?xml version="1.0" encoding="UTF-8" standalone="no"?><input id="posterior" spec="beast.core.util.CompoundDistribution">
#    <distribution id="prior" spec="beast.core.util.CompoundDistribution">
#        <prior id="lambdaPrior.Ai" name="distribution">
#            <parameter id="lambda" lower="0.0" name="x" spec="beast.core.parameter.RealParameter">10.0</parameter>
#            <Gamma id="Gamma.0" name="distr">
#                <parameter estimate="false" id="RealParameter.1" name="alpha" spec="beast.core.parameter.RealParameter">2.0</parameter>
#                <parameter estimate="false" id="RealParameter.2" name="beta" spec="beast.core.parameter.RealParameter">200.0</parameter>
#            </Gamma>
#        </prior>
#        <distribution id="snapprior.Ai" lambda="@lambda" spec="snap.likelihood.SnAPPrior">
#            <parameter estimate="false" id="alpha" lower="0.0" name="alpha" spec="beast.core.parameter.RealParameter">11.75</parameter>
#            <parameter estimate="false" id="beta" lower="0.0" name="beta" spec="beast.core.parameter.RealParameter">109.73</parameter>
#            <parameter estimate="false" id="kappa" lower="0.0" name="kappa" spec="beast.core.parameter.RealParameter">1.0</parameter>
#            <parameter id="coalescenceRate" name="coalescenceRate" spec="beast.core.parameter.RealParameter">10.0</parameter>
#            <tree clusterType="upgma" id="Tree.Ai" nodetype="snap.NodeData" spec="beast.util.ClusterTree">
#                <taxa dataType="integerdata" id="snap.Ai" spec="snap.Data">
#                    <taxonset id="SthBarrington" spec="beast.evolution.alignment.TaxonSet">
#                        <taxon id="SthBarrington_BT10a1" spec="beast.evolution.alignment.Taxon"/>
#                        <taxon id="SthBarrington_BT8a1" spec="beast.evolution.alignment.Taxon"/>
#                        <taxon id="SthBarrington_BT9c1" spec="beast.evolution.alignment.Taxon"/>
#                    </taxonset>
#                    <taxonset id="MtWilson" spec="beast.evolution.alignment.TaxonSet">
#                        <taxon id="MtWilson_MW12bm" spec="beast.evolution.alignment.Taxon"/>
#                        <taxon id="MtWilson_MW5bm" spec="beast.evolution.alignment.Taxon"/>
#                    </taxonset>
#                    <taxonset id="Termeil" spec="beast.evolution.alignment.TaxonSet">
#                        <taxon id="Termeil_Te3bf" spec="beast.evolution.alignment.Taxon"/>
#                        <taxon id="Termeil_Te3c1" spec="beast.evolution.alignment.Taxon"/>
#                    </taxonset>
#                    <taxonset id="Broadwater" spec="beast.evolution.alignment.TaxonSet">
#                        <taxon id="Broadwater_BW10af" spec="beast.evolution.alignment.Taxon"/>
#                        <taxon id="Broadwater_BW19cf" spec="beast.evolution.alignment.Taxon"/>
#                        <taxon id="Broadwater_BW31am" spec="beast.evolution.alignment.Taxon"/>
#                    </taxonset>
#                    <taxonset id="Kerewong" spec="beast.evolution.alignment.TaxonSet">
#                        <taxon id="Kerewong_Ke18dm" spec="beast.evolution.alignment.Taxon"/>
#                        <taxon id="Kerewong_Ke21b1" spec="beast.evolution.alignment.Taxon"/>
#                    </taxonset>
#                    <taxonset id="Dampier" spec="beast.evolution.alignment.TaxonSet">
#                        <taxon id="Dampier_Da11a2" spec="beast.evolution.alignment.Taxon"/>
#                        <taxon id="Dampier_Da19a1" spec="beast.evolution.alignment.Taxon"/>
#                    </taxonset>
#                    <taxonset id="MaresForest" spec="beast.evolution.alignment.TaxonSet">
#                        <taxon id="MaresForest_MF13a1" spec="beast.evolution.alignment.Taxon"/>
#                        <taxon id="MaresForest_MF17am" spec="beast.evolution.alignment.Taxon"/>
#                    </taxonset>
#                    <taxonset id="Olney" spec="beast.evolution.alignment.TaxonSet">
#                        <taxon id="Olney_Ol20bm" spec="beast.evolution.alignment.Taxon"/>
#                        <taxon id="Olney_Ol4bm" spec="beast.evolution.alignment.Taxon"/>
#                    </taxonset>
#                    <taxonset id="NthBarrington" spec="beast.evolution.alignment.TaxonSet">
#                        <taxon id="NthBarrington_BT4a2" spec="beast.evolution.alignment.Taxon"/>
#                        <taxon id="NthBarrington_BT6a1" spec="beast.evolution.alignment.Taxon"/>
#                    </taxonset>
#                    <taxonset id="Cumberland" spec="beast.evolution.alignment.TaxonSet">
#                        <taxon id="Cumberland_Cu12a1" spec="beast.evolution.alignment.Taxon"/>
#                        <taxon id="Cumberland_Cu6a1" spec="beast.evolution.alignment.Taxon"/>
#                    </taxonset>
#                    <taxonset id="Dorrigo" spec="beast.evolution.alignment.TaxonSet">
#                        <taxon id="Dorrigo_Do2c2" spec="beast.evolution.alignment.Taxon"/>
#                        <taxon id="Dorrigo_Do5bm" spec="beast.evolution.alignment.Taxon"/>
#                    </taxonset>
#                </taxa>
#                <parameter id="RealParameter.0" lower="0.0" name="clock.rate" spec="beast.core.parameter.RealParameter" upper="0.0">1.0</parameter>
#            </tree>
#        </distribution>
#    </distribution>
#    <distribution id="likelihood" spec="beast.core.util.CompoundDistribution">
#        <distribution data="@snap.Ai" id="treeLikelihood.Ai" pattern="coalescenceRate" spec="snap.likelihood.SnAPTreeLikelihood" tree="@Tree.Ai">
#            <siteModel id="MutationSiteModel.Ai" spec="beast.evolution.sitemodel.SiteModel">
#                <parameter estimate="false" id="mutationRate" name="mutationRate" spec="beast.core.parameter.RealParameter">1.0</parameter>
#                <parameter estimate="false" id="shape" name="shape" spec="beast.core.parameter.RealParameter">2.0</parameter>
#                <parameter estimate="false" id="proportionInvariant" name="proportionInvariant" spec="beast.core.parameter.RealParameter">0.0</parameter>
#                <substModel coalescenceRate="@coalescenceRate" id="MutationModel" spec="snap.likelihood.SnapSubstitutionModel">
#                    <parameter estimate="false" id="u" lower="0.0" name="mutationRateU" spec="beast.core.parameter.RealParameter">1.7346278317152102</parameter>
#                    <parameter id="v" lower="0.0" name="mutationRateV" spec="beast.core.parameter.RealParameter">0.7024901703800787</parameter>
#                </substModel>
#            </siteModel>
#        </distribution>
#    </distribution>
#</input>
#
Sample	posterior	likelihood	prior	theta0	theta1	theta2	theta3	theta4	theta5	theta6	theta7	theta8	theta9	theta10	theta11	theta12	theta13	theta14	theta15	theta16	theta17	theta18	theta19	theta20	TreeHeightLogger
0	-2115.523992076506	-1073.9063325588006	-1041.6176595177058	0.06772864324328744	0.10767636322098344	0.09578195777126117	0.11789179044601257	0.09626873834089465	0.1412714988224674	0.07475023654571676	0.045507190590003105	0.07260685894584358	0.1038920238897371	0.07367620124472839	0.10268373298861298	0.09074226841913169	0.07229494332098431	0.06149083010018551	0.08566570293153776	0.05975107400560769	0.09562302463488817	0.07890665348946622	0.12289628058994917	0.11610059098736818	0.18898764433749501
1000	-2087.798009645284	-1051.150955467819	-1036.6470541774647	0.14495091312985905	0.12429489251978902	0.11865324213051787	0.05961203033893674	0.11143521935790227	0.14589817153149157	0.07368162819320402	0.11400876710650241	0.07819309091667047	0.12534816615187613	0.11376636905124247	0.060052444303012494	0.059428777358621995	0.05817442588990222	0.09987738322488272	0.1295188938275617	0.12006138640830703	0.1234768613537776	0.10336306691232486	0.09430437203902639	0.06226177104913431	0.19309628517909594
2000	-2110.4228282725026	-1075.4453271502227	-1034.9775011222798	0.08741140617468922	0.09587852821567706	0.08577670243130851	0.1134473663745366	0.06683576679747398	0.06894511469288082	0.08798687911559945	0.15603486709648767	0.11591542115184544	0.10694114686160199	0.10832651678421687	0.11456713325886174	0.13289816585762934	0.10779901362228778	0.14336729793397465	0.09118582246970336	0.09048625910483574	0.09637110749273399	0.07695404695865217	0.11185510308035329	0.13016269299728572	0.2871475328361053
3000	-2111.0990443674564	-1078.6982076989311	-1032.4008366685252	0.08018244299968542	0.11850382431132216	0.08410696738352712	0.09801114443554253	0.09820534118591932	0.1049523890832106	0.08077364447030015	0.06647174062319686	0.0838677767849448	0.09881363854091645	0.12425613371702092	0.17652784712526756	0.1513778076420306	0.11230124796670382	0.07137413537858504	0.12317063739381885	0.10591770777788238	0.11095509373888858	0.08698897669507226	0.07250983191803015	0.11112143342173857	0.251866792079459
4000	-2090.577204799395	-1047.9887911255757	-1042.5884136738196	0.11099600867363835	0.07355024590913148	0.14780333632947512	0.1294371805379116	0.08153069195055439	0.10653000263118216	0.08644163821793586	0.18208910784168408	0.15333695000071104	0.05927934925056237	0.13153292224975802	0.1207906217875102	0.07759289255125373	0.05004057325223474	0.13001122545307153	0.12005034696291707	0.03958151251675624	0.08136626446177675	0.09475320063954636	0.13344167365019952	0.17304294991464592	0.22677368163353973
5000	-2171.8729456869296	-1118.8674656987134	-1053.0054799882162	0.10360782796561144	0.0908809021463617	0.043660629462060736	0.07395058630909064	0.18597951341734048	0.1912610083957741	0.08076049961811771	0.09176134788030259	0.04921413601060069	0.11820796318074943	0.08745954252866553	0.1236432864652168	0.05073253459495373	0.05095941368061227	0.09185262520791096	0.08855602481606668	0.09549770107793629	0.07945715069034769	0.09752435466680874	0.07154082282165487	0.09366738420420788	0.24992862886247894
6000	-2151.666087878597	-1123.8449786247502	-1027.8211092538468	0.11092554133371482	0.13019072354359432	0.09532636733548121	0.05597408800150614	0.0752794941659019	0.1097400998886135	0.1651891373907244	0.10555104802044973	0.08945316526600913	0.12044729702074654	0.17080825719063608	0.10572941792052797	0.07925990038546948	0.11133836615057716	0.10664809499418541	0.12919362097902817	0.10076026730072578	0.10035484113295633	0.09414032276256891	0.09609432097646602	0.09868925355636912	0.17027254790855384
7000	-2154.6981161779586	-1118.326128844478	-1036.3719873334805	0.11636097262222052	0.1014047772761878	0.10853124529904021	0.06360126693734657	0.05978406012091472	0.08408359423381931	0.1316577483807865	0.08779455025381677	0.12554180980435087	0.15862425389373763	0.10570715182469101	0.10340530117244275	0.08513693407409537	0.09434819458931729	0.0991758762853542	0.13104112612400032	0.1465465113206856	0.11612516843645092	0.127754061920899	0.06291755257393498	0.08083557331245336	0.29027091287039014
8000	-2123.1218693033934	-1083.7992323166443	-1039.3226369867493	0.09600372895691549	0.1320859865468568	0.05271315186300356	0.09045794379769376	0.15454929221838942	0.08106051997933877	0.15148454573473286	0.09752311509291131	0.0704146251654794	0.1267033724126678	0.10250382292967522	0.09692247454495144	0.09976505303756879	0.07917798672605995	0.10778485658900058	0.09919317564991838	0.14112578996558173	0.07157783214329279	0.08400632962495151	0.12257334208047603	0.12590175618044502	0.4224165051024263
9000	-2098.8652891322035	-1049.3693204956915	-1049.495968636512	0.13254863565264619	0.10103869538276403	0.13496372609799298	0.08361261419682459	0.19092029896143853	0.07171069942820901	0.04345439247733984	0.11535231762170046	0.09312966826797768	0.09397875459158632	0.13053480590723124	0.05318808003981599	0.08775891526538418	0.14499027864303057	0.06972677741440057	0.05794198439205439	0.11775921924123982	0.11662731857165798	0.19393743009488568	0.11923790686966647	0.12537783508259934	0.4479479047953117
10000	-2052.9275641140885	-1007.3433134555529	-1045.5842506585357	0.0715976121733428	0.13457252253299143	0.14428233606822777	0.10511248111363568	0.07813648050670227	0.07337087487014021	0.09650290170434371	0.09394600862159914	0.12406730113107078	0.07257888637488012	0.1716516462949905	0.10291925204221905	0.05555734351862819	0.048095743743355346	0.09576750809798996	0.12424324588515948	0.11519306562594521	0.1404144776812513	0.10462444723180139	0.17498652877720444	0.08245345850725079	0.38312663706783656
11000	-2047.279724910689	-1007.627174708598	-1039.652550202091	0.0943433111851538	0.1269678149766782	0.07444591960757431	0.10497237273182133	0.1382603701182565	0.11422455733125599	0.062221102501620426	0.08424007255838316	0.06938380033357751	0.1750988278490945	0.12492349795490844	0.11317815439524857	0.1011450737818994	0.09716963521695411	0.10439913150779312	0.10480310794614389	0.0995589242099934	0.1389323595119127	0.0876220655314154	0.12390638601090191	0.1317104732021001	0.5966925936802843
12000	-2087.15195129729	-1049.2578298595356	-1037.8941214377544	0.05330392406788724	0.07807687124087478	0.085344813515581	0.11034848001685463	0.0980988313102288	0.07905714105925117	0.13709852062071615	0.11356088015016373	0.06552500367786084	0.162049580866735	0.11728002882599015	0.07291378836404676	0.07777695554850637	0.10423760913580347	0.13163562971446488	0.08352745119337793	0.10831027974817663	0.12826136756534248	0.06881327385716882	0.08303624032195195	0.17905726446580333	0.2324070072871306
13000	-2115.4422041045145	-1085.365529520333	-1030.0766745841815	0.15183508923682293	0.11242383623215785	0.07169698814307311	0.10474356912791763	0.11204751863794528	0.10001994175591598	0.059570340972669326	0.06840161290471733	0.09150295984246692	0.08850069424673569	0.06210236444002963	0.10205272500447311	0.1738092606284466	0.07474366436202295	0.13141427823162063	0.12954510815465495	0.156842848269966	0.09402929117465775	0.08711533643400236	0.09352549869724722	0.10877525999169137	0.15659297093903146
14000	-2076.734604943304	-1036.6070747209958	-1040.1275302223082	0.10100802405236985	0.08231113168168222	0.09014852051524806	0.1173712147296543	0.1537493463829949	0.13880610300378876	0.07251215301167929	0.12389188795516826	0.20675093019031293	0.08828194035735785	0.10379701878584173	0.07372025616063135	0.09000487151526698	0.06555120442745557	0.07573903818862669	0.0620452986720211	0.08246267266579431	0.07468901119197209	0.16180759204696765	0.17218155660841916	0.1006623675419807	0.27412181680706277
15000	-2097.5035948937766	-1061.389315026507	-1036.11427986727	0.055560586483434	0.07282149615635491	0.08717112384140512	0.09602880919334572	0.07112113095323441	0.06235291935531989	0.15413248574224556	0.12021797966056018	0.07681968370181493	0.1058329473119004	0.16072511298504255	0.13001622513019206	0.14804280851628562	0.1164389087953184	0.132277631030615	0.05488526769804577	0.11928311760138939	0.09690794305510644	0.14375755072803792	0.08062302803591823	0.12885481539689447	0.21202078986422926
16000	-2137.183479687752	-1095.0062460246793	-1042.177233663073	0.11083455399972146	0.11250217141859294	0.05714295424128014	0.09400507738092705	0.09931032061185796	0.06197111961906696	0.16301014923482857	0.09526956244740915	0.08165454899169593	0.07786286646808899	0.12906807263901246	0.1050276940455442	0.07608830350044525	0.06010211305642569	0.061930202259270546	0.09018032805507085	0.0822159546556526	0.08641234025694555	0.09392336984362	0.12484675155603892	0.11794779625348212	0.31117571372651925
17000	-2146.850353321649	-1100.0895920774021	-1046.760761244247	0.10420311784282922	0.0931817892061174	0.1662089688793813	0.15118233356263652	0.15262199208559926	0.16839429510869094	0.1358224422667201	0.0821408677888099	0.07131049749997004	0.1435041083785496	0.20500228697120862	0.12611774394893954	0.132174932079609	0.07661260279639515	0.1573744567491879	0.05946598880342988	0.1658539410658915	0.05706714899162194	0.12058724077374923	0.09569510116010958	0.12886455777438938	0.3423381564491287
18000	-2092.3414132195076	-1059.6867308664318	-1032.6546823530755	0.07201456389286336	0.09834522449727523	0.09220058957006363	0.1332520397755903	0.1379589431058442	0.1236959270642006	0.09232820837902316	0.1068028832296024	0.062226978862110746	0.119672503407069	0.0914918922574338	0.12506357362692427	0.09147775290594183	0.14141929415622553	0.06917116516350325	0.05653450505989157	0.0969581817472764	0.10851078980188533	0.07869609158823854	0.08136616501198879	0.10856274383824	0.2307301923501406
19000	-2105.4203129743737	-1074.306817950164	-1031.1134950242094	0.08489828191218993	0.12174507613890925	0.08447551563127374	0.08019329682390854	0.11005886464774352	0.09298508958818864	0.10581784033335694	0.13995053067663452	0.09452738930044949	0.12995128902938333	0.12326053352705979	0.09793387007030843	0.13933926363680676	0.08187363049066786	0.11237377538287925	0.14145663924165489	0.08843263551418278	0.08492303619200356	0.10484354112119745	0.11868354535156733	0.10497635003445879	0.33535772700870137
20000	-2144.8360099598576	-1103.1837597716205	-1041.652250188237	0.10432175869892112	0.13941577985667092	0.1532219356593396	0.05553016042204494	0.08611976850404944	0.13667069468267565	0.1418911668389673	0.08137692967018266	0.11713479822823811	0.09491239231367611	0.1384886507597909	0.05716050102591994	0.08997248073601684	0.1474735002080288	0.1203812697526263	0.10583172461924052	0.11901435331117362	0.1867159375079517	0.0670488242803932	0.1058745238792952	0.08905181358528598	0.4212288885206567
21000	-2101.3312889482395	-1067.592046584212	-1033.7392423640272	0.14839028265796422	0.08729544906825809	0.10409005718600825	0.13291149544092892	0.09587019913639971	0.12942497027344524	0.13357982168415045	0.08468268040132582	0.10438560130782162	0.05946015186661178	0.07633309671817137	0.0840106960821867	0.07432980674520942	0.09202792468640644	0.11041663252064944	0.07067509863635628	0.07652091913062571	0.0788613570715554	0.07563404503049719	0.12826466918565607	0.12288610320073855	0.2224689793016663
22000	-2094.79266967899	-1061.5065261487807	-1033.286143530209	0.07995067948387927	0.10731617913867617	0.19095530931731167	0.07626919805218275	0.09533766074059356	0.08277999151944844	0.15033117872457788	0.16726514511050086	0.09675651507182034	0.07518708375283188	0.07514965805427776	0.06753376056268279	0.09666555514314777	0.0683698858506486	0.12920646593514004	0.06981790503505955	0.12767572938749835	0.10902387374784117	0.06383036309188657	0.1596051840648596	0.09858893185822408	0.1584979593766207
23000	-2090.4932639625304	-1058.1208389955032	-1032.372424967027	0.09513633522508982	0.10049813507965982	0.07552695750963224	0.12889223428752564	0.10242224040965946	0.07418825636850145	0.12254804423637755	0.12419082425406812	0.08479920261339745	0.08635444677802664	0.07704522056438068	0.13790385432924301	0.11910595165910166	0.057427706556667645	0.13246207355603254	0.08268937627212491	0.0634473507551733	0.09053686985482945	0.11512123798807687	0.09103142779381056	0.14530301892519373	0.14939767526961378
24000	-2122.510666998529	-1086.0318931458962	-1036.4787738526327	0.14140940812259017	0.0802194863860323	0.14641991465645227	0.06613896807229822	0.10521428982655175	0.10901568537366961	0.09241932144567404	0.09067126012005564	0.08506372663443679	0.04952248657937485	0.0764873666504691	0.1119805583330803	0.09572573695665575	0.08375735779836029	0.09537355737715024	0.10423380894610483	0.07674000016815685	0.09935309564699889	0.12991577032675386	0.11750861238299386	0.16593898000029478	0.17354297431137333
25000	-2131.7652230148324	-1092.2237438124548	-1039.5414792023778	0.0742627101177987	0.06095771853327696	0.1561943412741896	0.06436742930612496	0.06554481398627558	0.142159909045318	0.1076172264344425	0.16625453345211477	0.07052112163768448	0.06690443985359593	0.10773704469315615	0.09592117920447157	0.08220573372827629	0.08938237578879585	0.10891583759812035	0.1554963170261406	0.1260056859305206	0.09790530047206522	0.0895502283816298	0.08197136603842016	0.07078168514628175	0.166392915936434
26000	-2120.492701330185	-1084.2790983933833	-1036.2136029368014	0.06214373670970959	0.12686832440502405	0.10238296193485516	0.13118859565706484	0.06509670743025563	0.06773234650574765	0.1352803848268713	0.08721769425480719	0.1278574321328646	0.10517346297205982	0.11970905277664604	0.09367101028489372	0.11194414686669235	0.06390756361272654	0.09469043886057867	0.12822527186203794	0.13892203867848602	0.06942749735922804	0.11912864351637223	0.0916573232940284	0.09395401561911629	0.2606132027231461
27000	-2110.098404849965	-1070.3207050693052	-1039.77769978066	0.1247668142114011	0.1746542350147842	0.08709102092586332	0.06198902929636711	0.11050185584819192	0.0870498674239497	0.07041592946785372	0.08660338872361628	0.058711963051491546	0.1635925814877768	0.11027204624158601	0.20622897362344472	0.11430819390286703	0.10807176909777526	0.07245951978399415	0.0634359617786471	0.08073820289671028	0.06969048800599281	0.07433078922427885	0.08939286072644659	0.13729708697117451	0.14129012161724847
28000	-2137.3809766389804	-1111.4984951289769	-1025.8824815100036	0.14394496955996303	0.13631725020253244	0.07341149437511346	0.10644435268011405	0.13137873422357776	0.1317609453838461	0.1087382859885626	0.08676974728307572	0.0744257228422963	0.14082449324583754	0.11959718263567265	0.1621374406006822	0.11427396785140312	0.07693715413364385	0.10786536791383822	0.14113637615728075	0.08787389493427541	0.1354996752702288	0.09708273685249737	0.12271776445112545	0.09815566818504812	0.12377446790079115
29000	-2112.6692490511186	-1073.9152706507132	-1038.7539784004052	0.17467602699009302	0.10154491797976747	0.13214594710169644	0.10909702409409891	0.08309405195357357	0.10249396890756603	0.11154161584921113	0.14008278609577207	0.0751982510098231	0.08843618358036369	0.18888942293705452	0.12677637948783482	0.0867747961039712	0.06353273658659986	0.08644508421593503	0.15216866327545264	0.051334431361375846	0.07851852034946688	0.07160948006962449	0.07826328078998895	0.09087024940241913	0.18045304854953906
30000	-2140.408488176312	-1098.88699304772	-1041.5214951285923	0.06120541269101916	0.09754516109660719	0.07373131877027368	0.08150649386411897	0.11330487910076088	0.13482393236386944	0.09756460366722144	0.10927411182077493	0.11808146899682764	0.06748552791883994	0.14081040860268523	0.06944684526645904	0.1798623264032443	0.041190220414611185	0.09550117909408135	0.14164070822063954	0.1484458389387054	0.10195755792381067	0.06873405210246669	0.09425252173266223	0.07711359309007217	0.20682446373422814
31000	-2124.635007547702	-1080.7164834355117	-1043.9185241121907	0.07592470439792376	0.10925514238319481	0.08566076446805115	0.03589941319142439	0.08678315939423538	0.1475474494528652	0.08490814182158453	0.07213618615544096	0.12696822997554025	0.14441396704369577	0.10137167137243341	0.18593142631951734	0.0855280889007466	0.09546447454319117	0.12004382354190035	0.08385683582307708	0.15878215134576337	0.05210451130138334	0.13054012605709928	0.0872619018033249	0.14264120385502682	0.2514024695399265
32000	-2095.635642523091	-1048.6301001274778	-1047.0055423956132	0.1164085552689038	0.08850130863311169	0.1068783266136133	0.06451691640948774	0.08309533231031842	0.08812773702160649	0.12746397369626034	0.03756524468514114	0.0751867592496679	0.10088795672402551	0.11143477916253025	0.08538221940779765	0.07695691256261979	0.07612372744417435	0.07165869242114328	0.0592384658466167	0.11568950939202352	0.07704416946978439	0.15572707812823877	0.10468700276945322	0.08948174383219572	0.4136374255790612
33000	-2118.538377121726	-1081.1724394881232	-1037.365937633603	0.13241292865705753	0.06628007120582187	0.10950228549095359	0.12176835665083711	0.1302524098576693	0.11244471960497476	0.13499917388733312	0.09654326651440938	0.10130598905012378	0.08499826246809104	0.09832207784235981	0.1543993407959419	0.17397090676480406	0.04755080875213993	0.09154330389030214	0.11321053410505086	0.1048158155790467	0.06278834976968273	0.08603830212644036	0.10488828890720403	0.09476907741111756	0.29817495722888354
34000	-2145.240160534124	-1113.1498517401917	-1032.0903087939319	0.1314254822173371	0.11934412112774108	0.1305166926544067	0.0815792095813661	0.07846493727749318	0.08654163867748922	0.10906055446420679	0.09654326651440938	0.07663191401606714	0.07750750091205068	0.09851573951762368	0.06057854900943223	0.079559697292315	0.08161955104840503	0.09243140495127186	0.118046567258011	0.08743292707970712	0.08791249228500768	0.09301663767244943	0.11407376245273303	0.1366725927801903	0.13877208105064381
35000	-2102.8355380453886	-1063.1098323229548	-1039.725705722434	0.2093853925159249	0.08342887161353904	0.08113091087694108	0.09347356137459534	0.17546488853101805	0.17810684462361692	0.08498349733578368	0.09855848541923484	0.06581904481048775	0.07922657031634613	0.056018276878597714	0.1345599342263161	0.087332500881718	0.10573980121332277	0.1375669274103549	0.1585629296881216	0.09257210119114344	0.0793557605687178	0.12796316268412397	0.10610475458636148	0.12718887894058575	0.2676585264016993
36000	-2071.2450193321865	-1024.6729554352862	-1046.5720638969	0.16190415150247583	0.06935405920290842	0.07773694756390212	0.06544663149179507	0.10863483520130324	0.09906190584865422	0.09937465554602824	0.1357221541767643	0.07821815267062217	0.10153611734457563	0.08350793983963412	0.15043227615487156	0.05071465508182665	0.05383261811052637	0.11421813430990282	0.10158167040963653	0.10655411184696066	0.08875655988708957	0.060291908813632875	0.10273844349502527	0.08638373208845956	0.4597947799413066
37000	-2089.4569111512033	-1054.897072109263	-1034.5598390419402	0.12506071541990438	0.07766322726998512	0.07745745107703579	0.09308841367875333	0.08098944191290629	0.14628762855030092	0.06870848566173456	0.23162069703029234	0.10397643056828158	0.1530820555327871	0.11291933340084767	0.11087920678758449	0.07610941228431178	0.08543677068145256	0.09051916790784263	0.1461911233492861	0.07220416237674605	0.06655689519119656	0.09604790509923268	0.09042404550531608	0.14560686784949056	0.17780648779055858
38000	-2066.700523022919	-1026.2460296982042	-1040.4544933247143	0.1010507012033181	0.1374690370684137	0.11056999911108921	0.06433140564377837	0.10577277392198504	0.08827901545576342	0.09217430315127047	0.07896205582818366	0.14685562175821315	0.1914628401300528	0.11926008656946838	0.09560108084137561	0.12555014947886026	0.08430212286237654	0.09489935858997271	0.11434180083781303	0.09786733214606978	0.15760639648008773	0.13279975374187017	0.06649906518242626	0.08956504320436807	0.5308346404190342
39000	-2094.7533139197844	-1056.5201953255041	-1038.2331185942803	0.1172609938121574	0.09554451863991267	0.059506441388359886	0.11271209379776498	0.1015099387523684	0.12797917756876684	0.08853921299672719	0.16921071089531498	0.077625319305887	0.08907722240221937	0.12831299384377554	0.09985486406953215	0.09470198575366022	0.07075898336922223	0.07011208364369764	0.1365776025362675	0.0688002188790164	0.11043489572540001	0.10608022582145919	0.10037046192794585	0.08610073832439914	0.393496228591969
40000	-2111.9404825156125	-1082.4474686780147	-1029.493013837598	0.06605596196574706	0.12082562647760405	0.11201380958463032	0.10517413716058238	0.1270534444706499	0.10218278161641536	0.11240737327600726	0.09279977733149321	0.0786741825145306	0.15030352276488734	0.09432934507824059	0.07912187121536016	0.050490631725061304	0.07705342127469728	0.11672824497700975	0.07457057819540357	0.08348763520178731	0.15372984463981684	0.0762286047148521	0.09345817172690817	0.1465467440210373	0.13156691650902858
41000	-2076.535933421407	-1036.1154602701308	-1040.4204731512762	0.116642527052015	0.12663561556925046	0.10204899025251284	0.10440889438989259	0.10817829530175986	0.10020128682046624	0.09038951537238343	0.1668559753458169	0.10089742910127605	0.10651529959258366	0.10254211528498053	0.11402307990130942	0.07539282634435324	0.08137156089597052	0.12641238862555962	0.03219474876153898	0.07887245990681793	0.07786203471512311	0.11085828159323627	0.07138195659259566	0.13628424697371685	0.3403489106314282
42000	-2041.8320563026732	-1003.6718910734751	-1038.1601652291981	0.08424631106942547	0.11197651550968499	0.12534912843553217	0.13183922918527888	0.11939798208690384	0.10096936543469916	0.1307216476095406	0.06716103114583045	0.0506948258897892	0.12748908452055482	0.11448389956295009	0.09200043529485187	0.09722364768950306	0.039857042834662314	0.0888875183858585	0.11091787913315425	0.1169758361563155	0.06876276239732977	0.08952490283789818	0.08197498410495979	0.12786626371799875	0.28188855634968674
43000	-2063.942195933487	-1029.8818983026179	-1034.0602976308687	0.11842725122068526	0.13053101604260853	0.06386786924569739	0.09771549066333847	0.09676182201719681	0.14608331144100709	0.09357540843565162	0.1439467320233977	0.11563992888174063	0.17964004606955752	0.09374931661737483	0.0675294358512888	0.08951660241995157	0.05424204553144523	0.11501764263454284	0.14427616269621418	0.140005327820868	0.10645953523996925	0.1526756643850664	0.10109165367624004	0.1500152891376308	0.2904784352524222
44000	-2125.4936787951865	-1079.4927728034015	-1046.0009059917847	0.14142885818972084	0.07743585038829225	0.10439586633072716	0.11557772462353308	0.08440505487243664	0.06977342069111207	0.14257234035119204	0.08082653522195661	0.20688302955386262	0.04651900853985828	0.109350377925786	0.07832229576907349	0.10203514469325711	0.10284104837150845	0.0758653593408226	0.11148987210787913	0.08134948358507578	0.1374795558388716	0.13791032001049913	0.19308338758216356	0.10677858648096349	0.4967717018079479
45000	-2078.6711406431587	-1047.9899055038163	-1030.6812351393423	0.09396990137663576	0.13157430335767575	0.1019352383086688	0.08490473028625165	0.08829485153861086	0.12197556305569332	0.15884713201600478	0.14806154726022042	0.06398169969538336	0.07437330431300226	0.11930917221692108	0.09301612103153814	0.10186030793954295	0.09937373058683617	0.10715347713844334	0.14560886732005765	0.0833713052238545	0.1559985829913322	0.11571911725269546	0.13196094682097512	0.16688411161905825	0.18264172631384007
46000	-2161.56327445207	-1127.0883306449418	-1034.4749438071278	0.10035900225461482	0.12755880554065688	0.05240344010262144	0.16847159035796666	0.0676700541314737	0.08271641768636595	0.10899582209074839	0.0847904496288575	0.15902546523388975	0.08831454862455347	0.14935951336183	0.08819032272468591	0.14145029145815244	0.07822529905608627	0.08047624435141545	0.15640281514140905	0.1978398775499703	0.11386509350340052	0.10901061750628828	0.11562344601804668	0.11299654485451026	0.17140382202720778
47000	-2053.8063447750646	-1016.8756772998825	-1036.9306674751822	0.08970748132646535	0.1341265970094558	0.12609497405214198	0.08515087305315984	0.09761713662930897	0.12140407810615242	0.07962497901160781	0.1113061424453117	0.11666810025987123	0.0788290720263821	0.19812134762167508	0.10846780820319951	0.0717531823681148	0.0745518262688112	0.08091568434368757	0.08395317322186152	0.12820537587821204	0.08421466681190792	0.12289482116305661	0.11448907824944095	0.09378359988854457	0.41068463247250653
48000	-2092.2085112512827	-1062.3268348667395	-1029.8816763845432	0.07252287763105725	0.10791350286099655	0.08109245897323733	0.09859850222832495	0.1495024943581337	0.12539487008693762	0.16474746511561367	0.12124108088653636	0.1541731221866096	0.07924491327864899	0.11137005807226104	0.08535819361149642	0.10904172773638675	0.10202778154477081	0.12047103666456092	0.09947515869873852	0.09704506122413159	0.06015829123782295	0.07524150907512024	0.0951345742632498	0.15514995092204295	0.1954552298509968
49000	-2107.6308835718273	-1071.7605398164937	-1035.8703437553338	0.13831367240066603	0.10721261625433184	0.09898922136921731	0.08653191161397734	0.14253006177627264	0.09066784710054483	0.14850573385844063	0.14431362687120575	0.09091585806104337	0.053712579159915695	0.13281004339553418	0.15219410378374298	0.09343037109451545	0.08098156066853379	0.0830722200169329	0.08803736750503179	0.0732749784671452	0.06475698097613887	0.06572673689819186	0.07936774271210931	0.1292435249660337	0.1789583940778642
50000	-2108.731100912246	-1072.7678098270321	-1035.963291085214	0.15375503216262834	0.06880374961869247	0.13477416022151262	0.11897913763570937	0.13765604607140475	0.0678146087666292	0.05400135500653606	0.06046954457280209	0.09178199481480229	0.09025064155882552	0.08597801121367156	0.0807839801088147	0.06978157578904066	0.07939036878000721	0.05939178316254032	0.11702857324953625	0.09110965054567438	0.13048103782555792	0.10069404810435131	0.16686128825604468	0.12517214326407047	0.145072005234566
51000	-2129.8462782957727	-1093.623854553848	-1036.2224237419246	0.05492454745741198	0.09729536092641992	0.14433069617823197	0.09974825103422962	0.1431910448832007	0.09171719637540714	0.09768765942455657	0.11048741817682711	0.11168453275442697	0.08085592075394543	0.0742071138799482	0.10207859858894815	0.11605823077538147	0.0638629030618637	0.09329653776367118	0.10347707561386901	0.10794457728740012	0.05966830015174388	0.14137723707585328	0.08121412812437485	0.16202410935940148	0.2194898610825469
52000	-2122.8093816611336	-1084.5084367196282	-1038.3009449415053	0.09744444752027108	0.12859005752039898	0.13478465109818122	0.06529878737038444	0.10482115927829548	0.15543666434009573	0.14000092597488	0.10722694541177943	0.07687093465940406	0.09423332387617586	0.14181319965060069	0.12112271997688033	0.14156500239530204	0.04238563906496555	0.12353906524467338	0.16833677492364293	0.0637797119412585	0.09580205037389641	0.08319799299953427	0.08022680094041143	0.09451899642372344	0.19083592552312817
53000	-2077.9190089017457	-1043.3354133292285	-1034.5835955725172	0.13492337945188107	0.12704665622039166	0.11438512769718333	0.059174976885644964	0.09528011096964832	0.1070689421055905	0.11502209471390824	0.08717742868515635	0.10074271207047769	0.08599562336406365	0.06112284691292415	0.0962256320845407	0.09263019556308015	0.0938707231146512	0.08855755975526211	0.10796519192514288	0.11214862032438629	0.10149200278608039	0.10260528228068874	0.1231251313798868	0.05374665210263736	0.2671815630733297
54000	-2061.4525125343757	-1025.0439393345168	-1036.408573199859	0.08442392587405227	0.09728312658363084	0.11936236563003091	0.06575753223938534	0.1200933976091565	0.12649544109307398	0.13303817169002513	0.15788633201549995	0.1973521191761546	0.12400442727651587	0.0878018025775379	0.0895575278192054	0.07446000945649164	0.06969484119667518	0.18278047803731035	0.09028599788089316	0.11254650207343093	0.11765972165454175	0.09356078261599075	0.08409245165122642	0.08495826840311939	0.29665184484885526
55000	-2098.016868920213	-1059.2669417718253	-1038.7499271483875	0.11233955485650507	0.10101257957564402	0.050831174370272764	0.07366585761985422	0.1023596989902669	0.10076797476281403	0.08733609605343734	0.10805163124111054	0.0972097660323909	0.13330173724400043	0.10932993079185424	0.09753111866834219	0.11223643742548886	0.08673780636725338	0.08852693218670755	0.16274387739466825	0.06137250780690823	0.05810915587616882	0.12975868035005256	0.09276209136285973	0.09925313338819645	0.3346643348791395
56000	-2078.5098613913324	-1045.715744152355	-1032.7941172389772	0.13350682335489097	0.11529026008875592	0.08910607197239769	0.05862516778943211	0.1306251394495527	0.12216162131042282	0.11607903869360547	0.10620372245415365	0.10566433184459036	0.1362864842131719	0.20844980184116751	0.09946752439942656	0.12770343791416114	0.09008549851972909	0.0972162242114916	0.07951066283488306	0.10123664844613758	0.10768054803196399	0.09358776251763787	0.12198770389688098	0.1534854731286766	0.29733162988569767
57000	-2105.2809144737002	-1079.3087048466891	-1025.9722096270114	0.10072623772358191	0.11476922261524762	0.08613819927229448	0.10332621846127926	0.12538981294269344	0.1165885819560041	0.09618015929542106	0.11866599931003469	0.09488018966280592	0.11069403208100728	0.0977326593428644	0.0834216332588433	0.09129453125493255	0.09250648507483744	0.12425357567793079	0.14100933599708346	0.12076039189175977	0.12984209659509752	0.09382286809750881	0.0898336915850905	0.08907207985106272	0.22302039784725147
58000	-2070.576773747712	-1029.9468944891926	-1040.6298792585196	0.10269394823094302	0.12874728540271313	0.15478684831524459	0.1391770138880173	0.1842022927088554	0.08937345847421105	0.07513467723706804	0.1525280241778778	0.06810836670475118	0.08219103904147695	0.10076453734802564	0.07895817161348892	0.09681662039368436	0.05179917286022963	0.08729236425564496	0.09619065811610798	0.09257217031478616	0.10096138908950855	0.08738145354955099	0.11748159100917284	0.09836421109127592	0.3999371398549194
59000	-2075.185013521502	-1039.3665677863091	-1035.8184457351929	0.07876085026341204	0.13377545588709472	0.10487376461397761	0.09910449736406471	0.14384678180784796	0.09476341923104596	0.06551819753174389	0.07561323872633194	0.14361659367759708	0.1340507263746846	0.10018025721907439	0.08977058160342635	0.08476484950029489	0.08746169296093428	0.12640278852332343	0.09544086990297612	0.07572096261645968	0.07790932377622291	0.07092391833021276	0.1329710249713305	0.0925001521030541	0.3130321030630737
60000	-2061.635381777908	-1007.2689653058274	-1054.3664164720808	0.08249091938048768	0.06886216278106459	0.0760178627497047	0.0871346153198226	0.07806460031054199	0.23454676579502143	0.11323257877903825	0.11377638085706948	0.05879277181322615	0.143488026071413	0.13443294834634217	0.06983666889370754	0.1096717706837299	0.03944174753541353	0.12678284251809677	0.12520500116148245	0.12963224683983013	0.10113506458346376	0.03615694467721442	0.10864659216197259	0.15659445621292076	0.45569942963335786
61000	-2073.6124101315318	-1037.561020029291	-1036.0513901022405	0.12763139966453874	0.0650357507074261	0.10683800430515794	0.08061263926334136	0.05088948708546968	0.08741288534364147	0.1000782543311092	0.12485731987681772	0.09272500548575674	0.1202393630785348	0.06734351711843302	0.10469097572357211	0.08526455187439365	0.08867397865309157	0.11553804169327804	0.11876607504220507	0.09837585248222885	0.1386590781072207	0.08825260204056137	0.10788677181575484	0.2008774452843463	0.2772071318880155
62000	-2128.2714808399905	-1091.569114046226	-1036.7023667937647	0.05293655698702602	0.1061837164339967	0.17137394882282914	0.09975420323055012	0.04360078681732546	0.10614890991055147	0.13557817824151205	0.15057922854468145	0.11105101223447456	0.09514298598792045	0.08010045235795286	0.1722254141025597	0.1234858268290257	0.06938030091946965	0.08378468439064567	0.1222229530018192	0.1012314612019479	0.15688644712992175	0.08071505303029604	0.08431087784366213	0.10524883958449922	0.22623166356849383
63000	-2135.3566529857894	-1098.420848526824	-1036.9358044589653	0.06929955969880908	0.12507641366938907	0.07525456661114742	0.09408656774052794	0.11178284236360883	0.06335823744964564	0.12166134584088745	0.10019253447183135	0.14874984792122906	0.15766999536912957	0.11509579597313219	0.1430232962260034	0.07040051811042966	0.06603409400594727	0.051598825207553795	0.0778465438251598	0.09620440677569041	0.06259880041974716	0.17503788393994557	0.08322522296137014	0.12216176436586328	0.16868199268119383
64000	-2120.60378243996	-1087.7269777951922	-1032.8768046447678	0.07640241266272682	0.07927002540260375	0.11752615745754419	0.1140384474913868	0.08789873348853089	0.08908977553723094	0.1208136045287061	0.058917306174948864	0.15665472436304478	0.0640830782379631	0.0752973137272044	0.09098716240542593	0.11702276198360122	0.09065038885338927	0.11469461482435997	0.11055856750034244	0.09132450416370534	0.07593416248450821	0.08317633462514532	0.12948885573287766	0.1455505582257347	0.21936155016314163
65000	-2082.242013750869	-1043.9043643665102	-1038.3376493843584	0.06620118084444229	0.127832835255295	0.14870506929142688	0.10967615912833098	0.07217365002812326	0.16104358706273345	0.0976982640668119	0.08988061556647557	0.09692522602379353	0.09506565895231305	0.05951668326110285	0.05590012605795994	0.09616160371328043	0.06293840016721954	0.08521099936648696	0.09146980658125643	0.07513818313726742	0.16687691024771883	0.0970750352027998	0.08847149399468542	0.10388518786782656	0.2085399259710085
66000	-2088.180908602861	-1046.5417772268354	-1041.6391313760257	0.09536627366207923	0.17485409282581482	0.10638284235856052	0.05483898796962769	0.18696354003070198	0.11591544750626381	0.14137233029865579	0.06339222261072955	0.13508873367972402	0.12991504268528092	0.12784758651889136	0.14411903990428176	0.0749674228201086	0.07340185439808831	0.0718016971871163	0.09475475364916537	0.0870527255844995	0.06645734698474742	0.058438983755442944	0.12232478378661442	0.12274558820744255	0.27700077687970864
67000	-2073.0527780195707	-1033.273593882271	-1039.7791841373	0.08228740223647593	0.1238766226471928	0.09377056203647526	0.09769294883491676	0.10689626702243686	0.11912228786367131	0.06950293744933864	0.10743756368159418	0.15898012042632098	0.10549641731793062	0.06396156562435223	0.0768182113879925	0.06259760012020985	0.055107124715533536	0.09105222843401949	0.0413899278162138	0.10578383820802342	0.08298000932031308	0.11312626933376894	0.1511264036115989	0.11363373237646279	0.23863714830502378
68000	-2069.778742343947	-1037.8051785633238	-1031.9735637806234	0.11452998643211257	0.05986955746833372	0.10975466429518356	0.10029223994679036	0.07207679717939756	0.10675577873164106	0.09189376471451803	0.10273865160351361	0.1523425331594488	0.08560933578312073	0.13334846362789066	0.06530324311866025	0.08690157756389158	0.05548889152328123	0.10744889228002329	0.14460945960208127	0.1377705780440259	0.11283083824774359	0.11814028859994513	0.12462484106307996	0.10526013358369982	0.20410492929472918
69000	-2091.555164062612	-1051.2989763385374	-1040.2561877240748	0.1073670449190401	0.14184805311900942	0.12703091398219435	0.09431353241690117	0.11143379256079657	0.11022258967608811	0.13525971821525096	0.0501661461151508	0.06205267043732818	0.08521247893365086	0.08072339391923782	0.07393122065161749	0.11712562445055073	0.10584634928099786	0.10538782741054821	0.12961480661321453	0.11967229883762141	0.048010508099442586	0.1419506361440655	0.09558901235403384	0.09038436400575105	0.3648207563581829
70000	-2093.539431637707	-1055.2673061772407	-1038.272125460466	0.11264068192185307	0.21883146065547016	0.15086018729034997	0.1324199649052574	0.08821652026689492	0.12256061854311255	0.09699346830913223	0.12297145191489546	0.12769947201099027	0.07155303149959452	0.13350034375872502	0.10993135804486971	0.06497437897571037	0.08274859843244822	0.09338992364463507	0.1385193941832249	0.12055433658101034	0.1268355644491001	0.07165430708470658	0.08996757726316026	0.13871573695217998	0.3599675843183951
71000	-2060.6086032034054	-1018.7816344397029	-1041.8269687637028	0.09047667982807903	0.10661988085062749	0.20096480056699556	0.11164121006157104	0.0824768815671763	0.0862036758584173	0.1370772593480198	0.1027502308572991	0.11202639840594521	0.05892311278891815	0.09418472796047597	0.11846583975514535	0.08380598267817584	0.08239399778170654	0.12700305780584079	0.20367058393166143	0.06439917323362888	0.1202271576941997	0.07680634675294414	0.05224530719317792	0.060383951840553056	0.2789883749588048
72000	-2056.2228973082683	-1020.1061896314135	-1036.116707676855	0.10984124724875385	0.1683220918955611	0.07124623569229996	0.06019794501367211	0.09684680184648774	0.12638624099133097	0.094855692605511	0.1058137179847064	0.09648940297392358	0.13289934830545846	0.10342036188907501	0.13019823445508014	0.13794752127472493	0.06475540059047542	0.09899336713965005	0.06156833862856592	0.07745444650010068	0.06813129167406513	0.1175300900590322	0.15618472970379155	0.07996878969965489	0.2561534305102185
73000	-2086.1237458316236	-1055.437016667204	-1030.6867291644194	0.13980363000195173	0.11420434697021889	0.09124846678128036	0.09158900319856071	0.11700477947956842	0.11255898822043968	0.07265074442695302	0.1487442695806982	0.13313098155729164	0.07222458836628474	0.12168842116169801	0.09318441379808182	0.11214653071668675	0.06682654484242465	0.13601690338638112	0.10085264795840441	0.10628260106379232	0.07411786777180965	0.10937193069574576	0.14884043050578527	0.09698527160423645	0.17834258642224443
74000	-2091.856487750909	-1055.3134173478377	-1036.5430704030714	0.05409654087995736	0.09454599352738438	0.08109895559829146	0.101918244891284	0.11134186965019766	0.11530002130039839	0.09142431400503077	0.08005944237442009	0.11775172523839064	0.0933154681823403	0.09813869840130196	0.0813210198150406	0.13256368545354075	0.09790538713823331	0.10903129594469853	0.12719305128697087	0.05906865897001301	0.09388594211258235	0.0833218487211855	0.1307263716890896	0.07383785805947297	0.2774360964112234
75000	-2098.439995842706	-1056.3171358439668	-1042.1228599987394	0.08652076663692024	0.09161751847782248	0.09008478966180057	0.0695906156172669	0.08481827471937882	0.11276440462198942	0.06202519474822906	0.15314951769787855	0.14308294556576787	0.10206047695614259	0.09167930867298302	0.14727321814404676	0.09683060578690442	0.11058380693626109	0.1510822357329487	0.20097492983486967	0.09193847108376033	0.07400386710039329	0.07415201055125076	0.107903109040902	0.10409633064224005	0.43640104198101737
76000	-2097.8038989621023	-1049.9252677742777	-1047.8786311878246	0.08506610003819697	0.1383950077106662	0.0921011613903299	0.04533021546746405	0.09879791590283787	0.07316739090291322	0.07733559326278315	0.17565154696647142	0.11155506393094872	0.10206047695614259	0.11518583355747179	0.08835544100537329	0.06361842339176892	0.08213743813547891	0.0695213544395587	0.1186960902698007	0.11387885651801881	0.11265083095413157	0.11985489815749104	0.0610928514459127	0.08739766778834208	0.5724370967462249
77000	-2055.4537913817735	-1020.9275064125587	-1034.5262849692147	0.09323350738679383	0.18394435361950767	0.1317553731226002	0.13561753752107245	0.08088136600479882	0.07026326907990348	0.12319564226109765	0.08972713697968912	0.09362081068124867	0.15563524190924855	0.11123789249213911	0.10706057357576652	0.09837732250681022	0.08548039997533562	0.08858145690181461	0.08556510275217023	0.11154769310665258	0.09253278644920734	0.07265355776486095	0.06428825042152023	0.19348205541800395	0.24298670510395137
78000	-2076.528540507282	-1039.5089811029156	-1037.0195594043662	0.1478315015569498	0.1134445632364534	0.15437610883277225	0.10473027646545459	0.054871328813435184	0.07528723743928609	0.06019523420412013	0.10327947204171602	0.09931269121556549	0.10304840691118503	0.16076076083639249	0.13543739793521542	0.07466086335640693	0.05998603298484573	0.08663149593993696	0.09032529384262951	0.10512879739488928	0.06697997396633407	0.16962904439375312	0.07710744774392359	0.11768074489455818	0.19718792611609942
79000	-2064.174079184505	-1029.8263701008632	-1034.3477090836416	0.06987119949003287	0.09095796112656089	0.09887808790712696	0.12302836835320678	0.10961874412336296	0.08108003597598465	0.12045396464343937	0.07633213155639149	0.05811574486774479	0.15231220494186062	0.07267726897162095	0.10545489412085396	0.11232426496025323	0.09687837988434411	0.12413770737775472	0.11922474501183011	0.11143061552785691	0.10655846434952719	0.08525102444245372	0.09436035700333155	0.13549871579137812	0.2845367710836444
80000	-2097.8093244043284	-1060.85075306822	-1036.9585713361087	0.10487354033681968	0.10842500315554553	0.09130693449649813	0.13301185417597014	0.07843287102496935	0.06987386157682314	0.07848224508851653	0.17334300321566176	0.08775142574948522	0.09970768660099537	0.11736063256848732	0.08695627310117288	0.11009360686828695	0.09413134428599351	0.12454884088146216	0.08147729084193904	0.09611890446336022	0.08054322963110204	0.0912980826328139	0.11082169054143153	0.07341672140029891	0.35385316861724464
81000	-2098.0510680784796	-1059.3072892202988	-1038.7437788581808	0.09027870507089845	0.089419020145347	0.10446949255809793	0.09990848243014595	0.09026134069256006	0.13731401999074636	0.12750604541581334	0.11708523979372094	0.08376918499707367	0.08175917761227455	0.13393037752950715	0.13213216484733709	0.10697149697402299	0.0626332726772903	0.11925265486959849	0.05072263244627084	0.09093562170566714	0.0510839147137897	0.08427388779951459	0.12314641301347051	0.1201692750877576	0.2896741247830744
82000	-2084.095709831676	-1045.0084236830683	-1039.0872861486073	0.10912776112077126	0.10122718050176481	0.08314885065983804	0.13063904686347544	0.11165132736692344	0.12834706112759348	0.08403626708517205	0.13652955352022292	0.1103565614194966	0.06518479915379699	0.11459884617816285	0.12810917689123358	0.18380194113023118	0.040975563823620435	0.15275757186924657	0.10962796193861027	0.12924065029322193	0.12655072020383956	0.06250420760149746	0.08383669059269912	0.11589567553490415	0.26371539469991506
83000	-2096.326495266214	-1056.8189412432353	-1039.5075540229789	0.10784067013571827	0.05677765786943678	0.19519236776636345	0.08341424496694344	0.08358870600715876	0.08083061484303829	0.07524196875254117	0.07578688314614097	0.11874058561137472	0.14407559258721117	0.07363122129515988	0.07698046438012658	0.09258551091335283	0.0918069465655348	0.08913194400508737	0.07999458700925677	0.10654011340848037	0.1250898657384374	0.08056713190327576	0.0746931249919265	0.12411500547888575	0.22377364402598907
84000	-2134.2696706407914	-1089.8178083931884	-1044.451862247603	0.06860267068325704	0.15172731026409061	0.08039524801512077	0.07446286662735462	0.056863193588692205	0.10245788913065193	0.11831967612042994	0.08993080462444404	0.103137867222719	0.07108816504916828	0.09574911296627167	0.14270379290103474	0.061491232116549374	0.10232144634599441	0.1027247336795621	0.1737400299755791	0.11015575391241207	0.1089352859286606	0.1223059162504986	0.13643576442182337	0.043905939776270005	0.20534348391627716
85000	-2124.53446216915	-1076.9173557805043	-1047.6171063886457	0.06742496895033641	0.09708512802285094	0.11435009577204874	0.1165809922497144	0.09671193742436042	0.11050503793734255	0.07832476047291294	0.09337769604878132	0.1074641743203994	0.10893703823578402	0.05149561258508897	0.06055839011207008	0.12936778110810818	0.07065782633640331	0.10602865483762476	0.10954117480695381	0.11106868824321325	0.04886387703726352	0.15788619231801246	0.11685978567224414	0.04815177188058906	0.30039320806839237
86000	-2101.193894743624	-1065.8568466830181	-1035.3370480606056	0.05618833135535861	0.13340751822582356	0.16336623196000147	0.08722573909142509	0.07114468537245182	0.07323822300865722	0.08739718049810215	0.13684966133002197	0.09206746522286623	0.1298693133871743	0.14442939496003257	0.08056437413504597	0.09223263390651348	0.06717467975930806	0.09963514726188494	0.11053617153016891	0.12346397724695611	0.08533987538870669	0.11745990121067021	0.08368097789483159	0.07500448674102703	0.1941070969501509
87000	-2145.756609780996	-1109.7331129694394	-1036.0234968115567	0.16079813695317785	0.15019969161752963	0.13004297262385114	0.10639719398786816	0.13746799473253307	0.10913368428161367	0.10030114227311389	0.11623705032828174	0.11959625736127194	0.1336986827296687	0.051163632248516826	0.10453119178925314	0.09304593863901993	0.06893962365996287	0.09947022884482412	0.10393988290872873	0.08396814242077633	0.09603339198434531	0.1051419125065104	0.06797479935397556	0.14045342193762322	0.24555477589629632
88000	-2100.7849932324343	-1061.724094698262	-1039.060898534172	0.09525178508270894	0.05616244751504869	0.08194324291298256	0.08692626600271218	0.09859316676503055	0.07756155164825866	0.07210841358262167	0.0570349487411251	0.1709152657736038	0.07247345424548841	0.10164482880279993	0.08867038118451609	0.08305281294808385	0.07966806965386111	0.08396085346043126	0.09195655849257159	0.14856923500123495	0.1124291896638364	0.10707165973273568	0.07364689157839766	0.14716630185047389	0.1974761447538337
89000	-2081.3225751310483	-1037.1116521607657	-1044.2109229702826	0.06055833105801718	0.07078002097916898	0.07192100602726388	0.0712569960200009	0.0758017116067845	0.06506607911565773	0.05597237067895596	0.16963038164844021	0.10330531477681089	0.0856886867282779	0.09290919044937952	0.11300505892709678	0.10291711203229803	0.11517673346158894	0.07942610241119322	0.11576622931849526	0.11248476572539372	0.1209577452406007	0.11021666817468162	0.14175953761318552	0.08380119174428818	0.4714927401429664
90000	-2045.4555417673623	-1009.101538987487	-1036.3540027798754	0.07843323095286413	0.08081578698656892	0.15520840052573187	0.0961636594740919	0.06880725425771264	0.10105051065480285	0.06117928112493178	0.19153847677807387	0.10337519555142002	0.0997919524882801	0.13752343093232797	0.14845121356093938	0.07762226618104738	0.07569692808035411	0.1141770570393443	0.10123035337493214	0.08076699850045495	0.08247867177250567	0.06033938881473622	0.0990005253062791	0.17170012892867484	0.23181604028707475
91000	-2089.5164769174344	-1041.4664292796417	-1048.0500476377927	0.11500926675319546	0.08298415218971363	0.10219146727439145	0.11276315412358909	0.06796936459397919	0.09500176393434168	0.14864614868688997	0.18277073952264303	0.028367456033431188	0.12393558903790515	0.09153206066789728	0.09431527176429394	0.07660275836240214	0.09480903332555354	0.07322542838284031	0.09785583596291046	0.06877181180238129	0.0965179545764376	0.07833949798852474	0.1261534675380494	0.11614348250399131	0.45937983081252765
92000	-2122.3230028389316	-1079.8575857708051	-1042.4654170681263	0.06083947976298605	0.1156644959757105	0.12439601410452601	0.07224975713892959	0.09153792598300543	0.11993522027167547	0.12683900347115082	0.09506099038355205	0.09397048951708295	0.15194068382713186	0.17382823387290916	0.161559406902074	0.06862588701130398	0.0865082271735288	0.16908472049980577	0.1396434901785833	0.04948323424965267	0.10959759239912079	0.06790008111149841	0.11271263964620375	0.08379356631092692	0.3004225472315033
93000	-2082.1351555252336	-1047.2044058159681	-1034.9307497092655	0.08172926357981378	0.12297002030769752	0.10235691926427626	0.07898692662843822	0.1046001332934434	0.1196889586464551	0.10103754428459807	0.1439580246738938	0.1242320001824622	0.12864181397281715	0.15575069232566507	0.13306316097770823	0.15038930039256448	0.08049652077217889	0.13253814088429	0.1528169675035224	0.12431029852204395	0.14865942954970995	0.040274537829646066	0.13401315280450085	0.12836817216443705	0.290191848119313
94000	-2130.0584600497205	-1091.9961363393425	-1038.0623237103782	0.13931520468835393	0.15789156390913883	0.07735635023479961	0.0998529344858218	0.07164117548403123	0.11188342406841065	0.06931750569221468	0.11095717858175616	0.09637434628351096	0.09897402463119125	0.07357541708336836	0.16999233699999447	0.09669568077240576	0.06098073766342962	0.06815653431444671	0.10063154254119434	0.06514340408969253	0.1000431787037499	0.07211709815017515	0.11898925286903747	0.1257484276842814	0.183392477473643
95000	-2173.8193091151247	-1140.396136186165	-1033.4231729289597	0.08698813298212263	0.16830913270605002	0.12193859058671243	0.09672042063436312	0.15772220433104472	0.08107031972946675	0.14506576525323178	0.08183995107036927	0.09785370496490624	0.06843428920024354	0.1344511516246476	0.14657531958743647	0.08364964441095157	0.09648907685950171	0.08179461090467922	0.08324794542704778	0.08217937317416894	0.08701903756606352	0.07746270507670495	0.11270366470462966	0.09777059239692908	0.16996803998268484
96000	-2129.4870135525853	-1096.5942955206765	-1032.8927180319088	0.1342396017575306	0.15231158158929511	0.11192520106947093	0.15075429155281952	0.11550502419325195	0.13008075391533105	0.06029012656962068	0.07908035534761665	0.14613183936347635	0.11370100852176263	0.05662382994409012	0.08699912625962034	0.12316723860568078	0.08384678572467383	0.09187945770288189	0.09476259657967256	0.11132585853336831	0.10003365919596512	0.09929378635657343	0.12103703489307331	0.12469769030885496	0.1490277021618888
97000	-2099.399237412147	-1061.8645478828369	-1037.5346895293105	0.06216502498148641	0.09074896201412265	0.12414883177663813	0.1003104174935552	0.09226018762732205	0.09215900671322783	0.08618645006942907	0.08221620563964793	0.10752457008685636	0.053012863312271764	0.06542228756512108	0.10857525801980214	0.05959523628764669	0.0587243373820611	0.07722758291782462	0.07370891839582747	0.06448067130823859	0.10961150936156118	0.08382301189425514	0.12053647574500487	0.16424841433412044	0.12159441685314519
98000	-2129.8179289990053	-1096.2848357665207	-1033.5330932324846	0.12045875089552488	0.07480999401714335	0.10722888981931852	0.07456094303913688	0.10170275539093487	0.12869358381872645	0.12955010636193964	0.0768441786932373	0.126841746695073	0.11640939597941159	0.10794016786393952	0.09197798843718892	0.11787437810722239	0.10036327362451661	0.07617255007006327	0.08626397228931512	0.11187225261761764	0.11992037769829249	0.1451890402455582	0.09641653602479558	0.10248476357928601	0.2992784437740526
99000	-2109.7998703782614	-1076.0172371368317	-1033.7826332414297	0.06957085252998564	0.1096423797143925	0.09256365455904712	0.06752638636006539	0.12864750580270085	0.11195470883566505	0.09988610403467132	0.11314569160535065	0.11965257557597535	0.13962380274898523	0.07709323449558739	0.07246532090223923	0.05783716310202542	0.07594730992896742	0.17227213218576096	0.12574881765003024	0.10401899514853157	0.05718622327903446	0.08309937756457815	0.08456586436285873	0.23849217653666668	0.1054937900594658
100000	-2098.9569442447164	-1061.5784231746004	-1037.3785210701158	0.08332379554499561	0.07676006639501773	0.10534588433804115	0.08313092171525006	0.08467607549741064	0.09907914076079195	0.1429581027878026	0.09014041884568426	0.09202859410026581	0.10491179925675229	0.07078072605045316	0.1178538002209878	0.06195555695407608	0.09793846484306848	0.08036780952891547	0.12333416268917037	0.11329665900368094	0.13919364840716042	0.08391057123666783	0.11829553607784042	0.06712565419314726	0.35659930618958463
