#
#model:
#
#<?xml version="1.0" encoding="UTF-8" standalone="no"?><input id="posterior" spec="beast.core.util.CompoundDistribution">
#    <distribution id="prior" spec="beast.core.util.CompoundDistribution">
#        <prior id="lambdaPrior.Ai" name="distribution">
#            <parameter id="lambda" lower="0.0" name="x" spec="beast.core.parameter.RealParameter">10.0</parameter>
#            <Gamma id="Gamma.0" name="distr">
#                <parameter estimate="false" id="RealParameter.1" name="alpha" spec="beast.core.parameter.RealParameter">2.0</parameter>
#                <parameter estimate="false" id="RealParameter.2" name="beta" spec="beast.core.parameter.RealParameter">200.0</parameter>
#            </Gamma>
#        </prior>
#        <distribution id="snapprior.Ai" lambda="@lambda" spec="snap.likelihood.SnAPPrior">
#            <parameter estimate="false" id="alpha" lower="0.0" name="alpha" spec="beast.core.parameter.RealParameter">11.75</parameter>
#            <parameter estimate="false" id="beta" lower="0.0" name="beta" spec="beast.core.parameter.RealParameter">109.73</parameter>
#            <parameter estimate="false" id="kappa" lower="0.0" name="kappa" spec="beast.core.parameter.RealParameter">1.0</parameter>
#            <parameter id="coalescenceRate" name="coalescenceRate" spec="beast.core.parameter.RealParameter">10.0</parameter>
#            <tree clusterType="upgma" id="Tree.Ai" nodetype="snap.NodeData" spec="beast.util.ClusterTree">
#                <taxa dataType="integerdata" id="snap.Ai" spec="snap.Data">
#                    <taxonset id="SthBarrington" spec="beast.evolution.alignment.TaxonSet">
#                        <taxon id="SthBarrington_BT10a1" spec="beast.evolution.alignment.Taxon"/>
#                        <taxon id="SthBarrington_BT8a1" spec="beast.evolution.alignment.Taxon"/>
#                        <taxon id="SthBarrington_BT9c1" spec="beast.evolution.alignment.Taxon"/>
#                    </taxonset>
#                    <taxonset id="MtWilson" spec="beast.evolution.alignment.TaxonSet">
#                        <taxon id="MtWilson_MW12bm" spec="beast.evolution.alignment.Taxon"/>
#                        <taxon id="MtWilson_MW5bm" spec="beast.evolution.alignment.Taxon"/>
#                    </taxonset>
#                    <taxonset id="Termeil" spec="beast.evolution.alignment.TaxonSet">
#                        <taxon id="Termeil_Te3bf" spec="beast.evolution.alignment.Taxon"/>
#                        <taxon id="Termeil_Te3c1" spec="beast.evolution.alignment.Taxon"/>
#                    </taxonset>
#                    <taxonset id="Broadwater" spec="beast.evolution.alignment.TaxonSet">
#                        <taxon id="Broadwater_BW10af" spec="beast.evolution.alignment.Taxon"/>
#                        <taxon id="Broadwater_BW19cf" spec="beast.evolution.alignment.Taxon"/>
#                        <taxon id="Broadwater_BW31am" spec="beast.evolution.alignment.Taxon"/>
#                    </taxonset>
#                    <taxonset id="Kerewong" spec="beast.evolution.alignment.TaxonSet">
#                        <taxon id="Kerewong_Ke18dm" spec="beast.evolution.alignment.Taxon"/>
#                        <taxon id="Kerewong_Ke21b1" spec="beast.evolution.alignment.Taxon"/>
#                    </taxonset>
#                    <taxonset id="Dampier" spec="beast.evolution.alignment.TaxonSet">
#                        <taxon id="Dampier_Da11a2" spec="beast.evolution.alignment.Taxon"/>
#                        <taxon id="Dampier_Da19a1" spec="beast.evolution.alignment.Taxon"/>
#                    </taxonset>
#                    <taxonset id="MaresForest" spec="beast.evolution.alignment.TaxonSet">
#                        <taxon id="MaresForest_MF13a1" spec="beast.evolution.alignment.Taxon"/>
#                        <taxon id="MaresForest_MF17am" spec="beast.evolution.alignment.Taxon"/>
#                    </taxonset>
#                    <taxonset id="Olney" spec="beast.evolution.alignment.TaxonSet">
#                        <taxon id="Olney_Ol20bm" spec="beast.evolution.alignment.Taxon"/>
#                        <taxon id="Olney_Ol4bm" spec="beast.evolution.alignment.Taxon"/>
#                    </taxonset>
#                    <taxonset id="NthBarrington" spec="beast.evolution.alignment.TaxonSet">
#                        <taxon id="NthBarrington_BT4a2" spec="beast.evolution.alignment.Taxon"/>
#                        <taxon id="NthBarrington_BT6a1" spec="beast.evolution.alignment.Taxon"/>
#                    </taxonset>
#                    <taxonset id="Cumberland" spec="beast.evolution.alignment.TaxonSet">
#                        <taxon id="Cumberland_Cu12a1" spec="beast.evolution.alignment.Taxon"/>
#                        <taxon id="Cumberland_Cu6a1" spec="beast.evolution.alignment.Taxon"/>
#                    </taxonset>
#                    <taxonset id="Dorrigo" spec="beast.evolution.alignment.TaxonSet">
#                        <taxon id="Dorrigo_Do2c2" spec="beast.evolution.alignment.Taxon"/>
#                        <taxon id="Dorrigo_Do5bm" spec="beast.evolution.alignment.Taxon"/>
#                    </taxonset>
#                </taxa>
#                <parameter id="RealParameter.0" lower="0.0" name="clock.rate" spec="beast.core.parameter.RealParameter" upper="0.0">1.0</parameter>
#            </tree>
#        </distribution>
#    </distribution>
#    <distribution id="likelihood" spec="beast.core.util.CompoundDistribution">
#        <distribution data="@snap.Ai" id="treeLikelihood.Ai" pattern="coalescenceRate" spec="snap.likelihood.SnAPTreeLikelihood" tree="@Tree.Ai">
#            <siteModel id="MutationSiteModel.Ai" spec="beast.evolution.sitemodel.SiteModel">
#                <parameter estimate="false" id="mutationRate" name="mutationRate" spec="beast.core.parameter.RealParameter">1.0</parameter>
#                <parameter estimate="false" id="shape" name="shape" spec="beast.core.parameter.RealParameter">2.0</parameter>
#                <parameter estimate="false" id="proportionInvariant" name="proportionInvariant" spec="beast.core.parameter.RealParameter">0.0</parameter>
#                <substModel coalescenceRate="@coalescenceRate" id="MutationModel" spec="snap.likelihood.SnapSubstitutionModel">
#                    <parameter estimate="false" id="u" lower="0.0" name="mutationRateU" spec="beast.core.parameter.RealParameter">1.7346278317152102</parameter>
#                    <parameter id="v" lower="0.0" name="mutationRateV" spec="beast.core.parameter.RealParameter">0.7024901703800787</parameter>
#                </substModel>
#            </siteModel>
#        </distribution>
#    </distribution>
#</input>
#
Sample	posterior	likelihood	prior	theta0	theta1	theta2	theta3	theta4	theta5	theta6	theta7	theta8	theta9	theta10	theta11	theta12	theta13	theta14	theta15	theta16	theta17	theta18	theta19	theta20	TreeHeightLogger
0	-2241.3320261540143	-1199.811975189161	-1041.5200509648532	0.07687072974621838	0.07862334780160432	0.10640290249962277	0.12252914846561487	0.14815980511049207	0.04737144934564887	0.0821438581105594	0.061332241732901076	0.10755021242927221	0.06980377816428546	0.08427921780804316	0.1006342544464806	0.09686630653009487	0.11099292603599774	0.10061404811205803	0.06560250355637223	0.12862859528586298	0.08985920122853241	0.12008027528707375	0.13214411837142498	0.07843136710379604	0.2190214954359622
1000	-2247.222958029686	-1213.2783269408426	-1033.9446310888438	0.10855851065336271	0.069249990156658	0.09975220851322442	0.05658766161613014	0.1565674788350153	0.07032297677828125	0.1318399560130351	0.08950365232323731	0.10014124007734652	0.10574714134711906	0.07837479464318205	0.08549625118499536	0.07947326721861787	0.07547356838613606	0.07956326615050452	0.07423139646137673	0.1441718261895161	0.07449029026676035	0.10047510906529479	0.06820102258964444	0.09910728268941585	0.12551188482056336
2000	-2303.9263969279336	-1277.4431169348638	-1026.4832799930698	0.0965885544619746	0.07703520789007764	0.12224176552757039	0.09166396263403757	0.055618473015471646	0.06391338835863024	0.08708080959178861	0.15502884081076126	0.11286627008707603	0.0921278157300352	0.12616553477039763	0.11627219205845052	0.11538406483075514	0.1330420762254076	0.12116704079725867	0.11772589842333515	0.07965221795034566	0.11158722327602641	0.106753122761313	0.0962332509405964	0.19720900192075358	0.08247001482344712
3000	-2400.0392234349583	-1363.2847371071875	-1036.7544863277708	0.08914048468677321	0.13450327706783027	0.06487100224384032	0.1693932432820032	0.10964013591209329	0.09381663013734604	0.07838383395362201	0.15151805702157992	0.07423425219749152	0.07597045892663669	0.04623283661269996	0.07399918921189948	0.15743892500028214	0.11374575531998442	0.08320394856299136	0.12070120923370425	0.11284800432429805	0.09771880535122786	0.14985114632121804	0.13275321196060155	0.08047477933756579	0.12267156673835783
4000	-2382.425767361923	-1349.4083176515587	-1033.0174497103646	0.1059358693642284	0.09811871923694868	0.1266315427662636	0.07885009180613205	0.12128519354706632	0.06550254771667938	0.15587457793191592	0.0820387809575036	0.14416424103187808	0.06709208570920215	0.10587401368076842	0.0886121396140089	0.09486855057744273	0.07764922641069125	0.07735471538879395	0.13041027450196843	0.09730129759577869	0.12292511112476673	0.08804937944841687	0.09374659739861833	0.14124217786564466	0.14628792634352475
5000	-2510.5173216738754	-1464.1622173795015	-1046.3551042943739	0.14291669533947446	0.1185572303362104	0.10550909653240419	0.0645387652974111	0.1239461175680099	0.15463455102629892	0.17218779883536164	0.07153556519196023	0.10109663653329193	0.12907856748408883	0.09312378048099947	0.08838004430648089	0.09302215064099832	0.08390535768051098	0.06275476608606903	0.11223585143207743	0.09415787229607724	0.07732103304191598	0.13352208215442787	0.09942214807170702	0.07123462337101377	0.5070353783301137
6000	-2332.609670882383	-1298.2057935053715	-1034.4038773770114	0.08790619016859721	0.07190667545624031	0.11782719580013766	0.08679872595416818	0.09965226773737382	0.10315256870214438	0.08292196536737126	0.10596503167263484	0.12516557548124296	0.09870607932041303	0.11012310661463347	0.06871464306480331	0.09330463107663632	0.11282862721355205	0.17833136974364047	0.136302898187661	0.07062220854287087	0.1741623951245024	0.12710562758020558	0.10753266189526707	0.14139323034586324	0.2174881276702868
7000	-2270.8543016391495	-1231.4654681538814	-1039.3888334852684	0.10907812304233433	0.1237902917111964	0.19999322211327455	0.07495973788401485	0.10905837707723413	0.10649031675933694	0.1502063363268336	0.08810517905059727	0.07672850034901432	0.07724442689473648	0.14256122121561765	0.058431141984102083	0.09753403157496993	0.09839129262984786	0.10572697407237226	0.0624016849594899	0.1270058144353232	0.12304407120432376	0.08337897093004738	0.06942667253619907	0.06487671696927706	0.22030590633311525
8000	-2260.0089002346363	-1219.25614882588	-1040.7527514087562	0.17595555652977704	0.12358824533727128	0.07220720655422892	0.0648785450235189	0.10636303883664397	0.043577415331940324	0.0657256304573733	0.1162803069801411	0.10357878277833699	0.14897375414724395	0.13986251647198134	0.20262812086033993	0.10799678541885072	0.0750904391839383	0.11165986277144965	0.1281186390209309	0.10090142694707223	0.1533005043771941	0.09010163194663412	0.1123126349686876	0.08586692245920717	0.20058789034536798
9000	-2250.3306006899124	-1211.2572110401304	-1039.073389649782	0.0683153964287786	0.09902499226465897	0.08743544997458215	0.09364829563870807	0.07431682544915819	0.07607669699913848	0.048296375018603746	0.10124852601817491	0.11494347243593345	0.15015840206738781	0.09264132378849338	0.11350433715177553	0.1502013615795263	0.12283557038641181	0.08035408917341542	0.1254785094347165	0.12622804133158302	0.16910532704404074	0.1411983228708006	0.09140695751810693	0.11258674300868894	0.21574906860016765
10000	-2360.2517096020574	-1325.1985693503095	-1035.0531402517481	0.08582221408761558	0.0951775173178581	0.1610427409318787	0.08983694895993243	0.14176013259432604	0.11803278182941473	0.11707866924328508	0.1058333322407017	0.14893913021785793	0.1105821158898382	0.13891093649597955	0.06652924026525675	0.09522756895391397	0.09356621889542814	0.07055712592005269	0.09622733551232449	0.13860011953424217	0.12149348220960465	0.130459875802053	0.05638574707038015	0.07576379118526545	0.1364459094805446
11000	-2561.184311932232	-1534.4778925593691	-1026.7064193728627	0.07583383422690719	0.11701818763553597	0.12465219277880153	0.11793070465034598	0.08112969711220056	0.09297439686874563	0.12152917512589921	0.10097307627130005	0.07738819410628321	0.06577595621994195	0.07257830437124896	0.09390040686631547	0.11564331391361005	0.12294640393681089	0.13053136611180188	0.09555777988372298	0.05385745588911156	0.10752676003089082	0.06761103087166327	0.0871199494209878	0.08863098716432692	0.07023720759025928
12000	-2462.1580430286067	-1427.0859109200214	-1035.072132108585	0.123443579473276	0.07622462457243609	0.08605677327283773	0.13760134681018613	0.14481902410379469	0.08967428824590588	0.14565488581305555	0.15193034334360722	0.10820645548589967	0.13081630405533853	0.09863055196594034	0.13085573514680707	0.07601414573016624	0.09090424737768517	0.1113343924931901	0.15340095153223918	0.10942878414602898	0.15658887073610786	0.14333087962872607	0.09880119129947998	0.056238399122523694	0.19955693740884767
13000	-2534.6066714520107	-1484.7854226148838	-1049.8212488371269	0.138958351854699	0.08364395963807283	0.10299397960538377	0.1367422272305802	0.12794279475431916	0.11829703635166543	0.05298017429935361	0.08930124316192789	0.12283899696335566	0.11480116687696075	0.14219884696001667	0.10602251615210125	0.057570101155405916	0.10801363477346179	0.09380334378365167	0.07808655843914804	0.05769530525276524	0.09503368436480805	0.1472865159262035	0.09495210257949402	0.09369169539500895	0.7849782808035098
14000	-2285.22472436067	-1245.3728951723529	-1039.8518291883167	0.059445705168709784	0.092273713189882	0.16441202822074483	0.03969258665696175	0.06234546468470811	0.05653684405666811	0.10884140952056011	0.1322006032717512	0.1734654698674492	0.12101258535988622	0.09474024346465496	0.115533885857015	0.13283091805585284	0.10082239358775703	0.08980372355926618	0.1358003114184641	0.09496727242177368	0.05535580260978021	0.08008685691913241	0.1119677118596571	0.11632476150393889	0.16149282378843224
15000	-2307.973053090361	-1266.7239098056161	-1041.249143284745	0.11210472431797298	0.11112064247721117	0.07279010819000725	0.1093157808248847	0.07641936231337056	0.1268851881713538	0.09708970987184583	0.08656449652146386	0.09062322970287301	0.0986630496346051	0.08305154324612322	0.08652584626808027	0.15281552956764616	0.08667359586673899	0.10117501821357236	0.18599860861169695	0.10051120063031264	0.14140824241813787	0.07479916376330754	0.12323175709013269	0.07293415130624091	0.5461812898158288
16000	-2204.9817560865013	-1156.3876568349053	-1048.5940992515962	0.1441268897306277	0.10437513841033863	0.0978067958315315	0.1390933908139741	0.09345814292007866	0.12293270969494297	0.053463761246319894	0.11105882356181626	0.07384322315138908	0.10834026207050318	0.09586224028359047	0.12217564561750241	0.13706010712101815	0.07676962842444666	0.07346700643071133	0.15322548927658725	0.14932766380735882	0.10280979562421029	0.14800806366012018	0.0812547559009382	0.07650932300934996	0.8971445796771497
17000	-2252.0885583110994	-1212.0641914883774	-1040.0243668227217	0.08314635505937527	0.053901017366918415	0.09051683753438809	0.11341702694818183	0.10542264936179148	0.06625122322218253	0.10463136574476758	0.0600014155417143	0.0842465258939823	0.140024686707621	0.1031923287489755	0.09191101853471867	0.11642636150011487	0.11560320311122091	0.06580984340022157	0.11687274478872291	0.053136224896334454	0.12624718645580124	0.1123731526700388	0.09895823839426826	0.11775552532808636	0.30159083883242505
18000	-2203.225140740661	-1171.514650664028	-1031.710490076633	0.161925465568599	0.10627654220226965	0.11311073305327067	0.13972875803703147	0.11746575904394839	0.08723966626932192	0.06348021177183785	0.0897058366478663	0.1270351857618029	0.1063496783454121	0.06627121745822827	0.13078894308438266	0.10057048480508753	0.1305426263592985	0.09067328496951264	0.10328044874010849	0.10544494042298676	0.07271125205107298	0.11276335769400653	0.12570316087553912	0.18239117505246535	0.17682128823296614
19000	-2207.5514515501413	-1173.81268229328	-1033.7387692568614	0.13651722638899094	0.05061648920857959	0.08054075130319986	0.10741619593780015	0.12668821666105573	0.1095086380142227	0.11148662782461599	0.091734037922247	0.06353081936921581	0.12506649644480647	0.10887519256359922	0.06367385886902828	0.08323592387179006	0.1494779584532494	0.06973452382817574	0.09725023430224493	0.07813290611669946	0.13878404906678196	0.07339100010515956	0.14348215499464245	0.07491456545161189	0.11706527865558908
20000	-2281.3417649462035	-1254.3245150938635	-1027.01724985234	0.07289425653867199	0.11955883512670898	0.08615865680945613	0.07494843826850332	0.1327856250197939	0.12798008265662011	0.12493059530214998	0.09618009724877866	0.10048753749798046	0.1383472139072922	0.10722543635506898	0.15263424751027987	0.10860237326425545	0.08146409957768685	0.08178660854261645	0.11712110234459576	0.1008447013709973	0.08206926157783175	0.12476351642193557	0.13926493094486087	0.09665344186562694	0.11120408673063731
21000	-2276.2862973522033	-1251.837079171285	-1024.4492181809185	0.13321799744394627	0.09548644992977647	0.06331149421884659	0.08476826753762037	0.10780635856122538	0.0958102699906982	0.08336325532259033	0.12529355809795678	0.09325132326831742	0.12419352885923475	0.08057858625775012	0.1445836552858973	0.07407985589899553	0.11435764933659384	0.07242578660173433	0.10202973512964314	0.09164999672395419	0.08400708203003494	0.10467727811049368	0.1255612061794368	0.08006572560468951	0.07654257799974633
22000	-2412.676682600336	-1394.2283044162446	-1018.4483781840914	0.07585377282672445	0.08629071668797746	0.10641541806931268	0.06428875299159183	0.07064866326718064	0.10063571444124629	0.09164224462134538	0.18898203575394198	0.13331585945540844	0.09177060067801711	0.13259151781915185	0.14917266468200244	0.08776570376574591	0.127927622059312	0.056176977039962515	0.16691646585382425	0.07368438978140782	0.09510761550899063	0.08108734837567023	0.11215897685873075	0.09674970142816902	0.03645207583797631
23000	-2298.2984255618876	-1253.6531481879992	-1044.6452773738881	0.10288431070563381	0.10459452271912519	0.07845324286814848	0.1547051088450074	0.23702204457730291	0.17675635561144243	0.22684874488007564	0.1471478374577051	0.11763045085449532	0.12079185019974571	0.15844981679745127	0.06251379089564636	0.1308577032585436	0.10291367500102597	0.07182677841770217	0.12150170247389203	0.08184895697514845	0.114211663933149	0.13686265436726444	0.10665726917608062	0.10325225794084278	0.23010109020380345
24000	-2274.596848201385	-1242.9118811766434	-1031.6849670247414	0.06571966885591342	0.09440761557768068	0.09763943716657927	0.0865974162211556	0.06686593359919835	0.1862813047824314	0.11316463813018565	0.10488942539015358	0.1038764372470963	0.21500139962876602	0.0904222561803211	0.07934052219741658	0.12700700135367476	0.12595367625605408	0.09842036588261042	0.1471428276485669	0.10032411955344674	0.07144118860710905	0.10671172021736292	0.13586905712373606	0.12666504763571293	0.09444142544578196
25000	-2232.9930133868966	-1211.570669842487	-1021.4223435444096	0.09995839338547742	0.09368638966866438	0.196686763899999	0.10556541311491567	0.12337044706746719	0.1281217826284487	0.07965896062721926	0.1290606509581031	0.14977097565961636	0.11291748310656538	0.11270019424437379	0.10221444986356548	0.08562375183809137	0.12731802802435244	0.11973449217951668	0.07605090331176163	0.16090481271737206	0.0800585638529028	0.1251407908244398	0.0633490419081394	0.11879060576339312	0.06746182753048045
26000	-2375.4806822525834	-1340.3998267136467	-1035.0808555389367	0.12137200809938108	0.08889798848848378	0.10980586164690137	0.07742107153566455	0.09843386955123865	0.15185083885127207	0.1292521798035477	0.08888284407481599	0.10917929017030616	0.11380002387490314	0.05181953112664973	0.12922515191739634	0.07672225321135213	0.16869922475049004	0.06832130266432278	0.12354096364923779	0.08495257067302715	0.10862243464725062	0.09873631323307226	0.09117650324750946	0.04828263419631595	0.11968483513285144
27000	-2468.923667569183	-1446.2676739121766	-1022.6559936570064	0.08947183521656146	0.13925736665529126	0.09682512092297416	0.10280333778518622	0.06451471377442551	0.13468076254634254	0.14222653329851995	0.10111306907322364	0.08668121623976069	0.18947782312584585	0.10222138477840595	0.09668583660586766	0.09367086323059838	0.06922722672240907	0.11373368138553587	0.07446013530041008	0.05467421140521229	0.09811416343436513	0.12896814033538678	0.1351248596218465	0.16259407234928192	0.04627765295424885
28000	-2202.898434591011	-1160.8528062189378	-1042.0456283720735	0.09193630288781873	0.06565210416757168	0.0807413324769024	0.09273247633250535	0.0766826070333871	0.0790894213928846	0.0743782404400103	0.06842050030593312	0.07788378034093736	0.08432826698214632	0.10166806065883445	0.09026294578435033	0.061778126844480453	0.09295694588687937	0.11811908963528915	0.09069126482771288	0.08734824077161395	0.1176610423214706	0.10129134852241196	0.05954842752749847	0.11816916180953599	0.21977771082982459
29000	-2157.252580621787	-1117.3157472229823	-1039.9368333988045	0.1443712870456391	0.10376019634506412	0.09703263331775068	0.05113902166570606	0.1972201220545023	0.13584730596797462	0.07575793220765777	0.15814698385656617	0.06904040243155524	0.11791166191643083	0.06509777864629036	0.10209883787556498	0.12336785018386964	0.07188012324336644	0.05442899303703364	0.13482257758891547	0.07057703473520202	0.10817999778218154	0.10901039154897789	0.07487101110263376	0.0858877490573455	0.13618744218561657
30000	-2334.8256987119785	-1308.124310865061	-1026.7013878469177	0.11347778240656983	0.04816490848079052	0.10612108354714928	0.08945920035345002	0.16639564230264264	0.0747999973604856	0.11531494999863556	0.09040808356313282	0.1058687992366094	0.1297582372703429	0.09512787235426173	0.06130863750790768	0.10666290084009045	0.15465608505955045	0.08244334531560947	0.13860397734889232	0.09258777111819622	0.1475987791939921	0.09100309576237617	0.16515498658981922	0.12144203271344965	0.05853310613596589
31000	-2367.512549817184	-1326.7536085384313	-1040.758941278753	0.06520312025885072	0.08925055114976317	0.13483484317725505	0.08317193413723557	0.11870709319045418	0.08878324508071908	0.101953241167024	0.10597252256645288	0.048076645495827346	0.16020278470507554	0.16323576041323956	0.07187633272855477	0.08921430982250489	0.17331348164647067	0.14796446785094847	0.08083021707377622	0.09170219252044835	0.24953033090378549	0.09306431395120984	0.15431986881008108	0.12515341332350421	0.14459918961627283
32000	-2382.8443020859636	-1353.8470632902813	-1028.9972387956823	0.09593770204262174	0.10259192585527761	0.09844273122695119	0.18308577620669958	0.07149400155676125	0.07103734811668837	0.0633121467649937	0.11090122287704425	0.10613990951728342	0.08342171270598114	0.1192624398962773	0.11160989259063298	0.08408520304043572	0.14068665607472985	0.10911089409317702	0.07428939974314853	0.06397617287287714	0.08105435330481524	0.09388988625145735	0.08932363280539289	0.09765602939595719	0.11057237855707104
33000	-2239.298648313061	-1198.433108759723	-1040.8655395533383	0.10394308089771573	0.10490718208799762	0.10352461319227904	0.09231822588850043	0.08710222158608306	0.055188699564032544	0.11073594102952664	0.12798776453827387	0.10424328297128968	0.07745036698200945	0.12321802796700271	0.0764266217666026	0.09126280873593547	0.1243026878855416	0.08656954659443618	0.07874439374801019	0.20698195856474078	0.10215263300365787	0.12333754744195759	0.08461319557081937	0.09958788271735647	0.26138160910399405
34000	-2248.168392259704	-1208.2874603269433	-1039.8809319327606	0.08230391124477883	0.14529134258458654	0.11461606094644665	0.09593782040588841	0.08813910309783117	0.08058531289332446	0.0789413596483341	0.0834705311511181	0.08236015255083627	0.08664432224958724	0.0672755760339344	0.12326619871817766	0.08810253837647207	0.13463097466891977	0.2051835015779819	0.06894686555177801	0.1840143746075072	0.05091873888717577	0.075873683009774	0.12019616600550967	0.08240160415738748	0.18530043259798043
35000	-2381.1075820547703	-1338.7245888767775	-1042.3829931779928	0.06832514527377727	0.0743218524679943	0.12905336907533752	0.11796989875359319	0.06416271677034009	0.09901247032428069	0.16997483824498627	0.093345297456813	0.07003509475212888	0.024155626393420226	0.09598265700224028	0.17204000060116065	0.13458490055631267	0.10503137435520289	0.08096537792292768	0.09533904542919704	0.12903504641937746	0.09702511355195093	0.139883587693851	0.065952018168904	0.17118012804519508	0.11206821764542464
36000	-2360.424894955087	-1345.4590599641224	-1014.9658349909646	0.08688275431895098	0.10866265816676832	0.14446801789372463	0.09340013141367669	0.14684185909100805	0.15553409623275147	0.09479914521255471	0.11656397637140788	0.08224925588173651	0.11852428718791876	0.1032966153738584	0.07912177142262058	0.09177244521108381	0.11031813818056005	0.13815851346595606	0.08785591569332098	0.13507925460316958	0.07127558775275235	0.11689262566621016	0.09489623659895803	0.12344412092051951	0.04061632951445697
37000	-2278.757529119517	-1243.286994871744	-1035.470534247773	0.13907786995844368	0.10533985273236773	0.16745899974896775	0.10076676139426022	0.12374565297833931	0.08013176794157807	0.1271719734995416	0.10257362915277664	0.07947133613403035	0.09742403779761664	0.07455640148386987	0.10493908677076756	0.06559821886683352	0.11354055596216465	0.08122769945852538	0.07995372201872762	0.059611930542251126	0.1479703542114681	0.053348726728030205	0.04706147530659577	0.12933843130624498	0.09646090144046222
38000	-2271.644977354732	-1232.6347728827907	-1039.0102044719415	0.08024535115308803	0.0841590700334044	0.07690084394933508	0.11356175016037814	0.09096092568400901	0.10380917879938649	0.10878956013880854	0.10199067040855361	0.1584129841312038	0.17745723893489596	0.09191498881945354	0.12484651213287183	0.12836977802642863	0.16716109113176464	0.069000327152693	0.11612539578813418	0.11332911741410406	0.1380121258713442	0.14945717083724316	0.10018339032800687	0.1484846943145199	0.26860876962382085
39000	-2405.418124349648	-1357.3674854355886	-1048.0506389140596	0.07017778824556226	0.08240291097479062	0.09833694484301962	0.1134348001395563	0.09283040792075364	0.06415751384731821	0.08353458316497042	0.10871161145206364	0.07444511179495476	0.14717685791582025	0.06524145814448694	0.1363374788727502	0.08372319974472198	0.10598747466641484	0.0854112448478547	0.15680656435691231	0.21932352301767552	0.0997112285685191	0.08537265581344346	0.048108328879994625	0.06965825137389278	0.24921318196849818
40000	-2520.253669741096	-1470.922580975383	-1049.331088765713	0.10854355402911343	0.09837795509462546	0.13632223964555726	0.15478261827980697	0.0829283179099163	0.1484046713696964	0.08392748499465413	0.10366625531559592	0.06990946318119937	0.17120840955247174	0.12407915062345809	0.07141121287627356	0.08366313264069392	0.05179606818935659	0.15814476464031627	0.09469867293496333	0.16115059854761227	0.16468111357125018	0.1532479626767095	0.11744086374482515	0.11761249902902589	0.5107174258552177
41000	-2635.972211106602	-1599.3424821975714	-1036.6297289090305	0.1040808661981654	0.11160120142199662	0.06654544545468671	0.10025974013177943	0.0890998293203183	0.10686518919544656	0.16785942897048878	0.12358386348365676	0.15554549434771278	0.07444423044369379	0.15391515587613447	0.12534700726297376	0.07613469140554097	0.0803434937213012	0.08985165375297965	0.07405072966152412	0.12615172745419112	0.12348435462460686	0.10537939003071396	0.07429293867462278	0.09006057620272469	0.2497893468844633
42000	-2427.430997987226	-1387.260938651397	-1040.1700593358291	0.11210193014007917	0.11427399462212603	0.11198190309397724	0.07824650132397894	0.056674054436320315	0.07613265938022215	0.10623506257957066	0.10228721511060355	0.1284302196060549	0.09296650168352365	0.07358471425232552	0.12887634463485365	0.08513520889747916	0.1223740833388345	0.09534883483754884	0.13294658724675043	0.10000831702594283	0.10139772095793202	0.11611408965839823	0.13522800876303342	0.12294889071062186	0.3858924668730796
43000	-2251.109932383849	-1211.4991114588615	-1039.6108209249874	0.13296019114155413	0.14049184149843955	0.07898054732531495	0.13154041576430012	0.06775731126437567	0.13476898721343394	0.09572026314024422	0.06747059093772005	0.11815267894257833	0.07542231093272914	0.050662834554755114	0.07723070095366731	0.1325294289885845	0.1373269090306403	0.12645186706878161	0.051975958315324304	0.11812241554965697	0.20007609232512646	0.06363418910943237	0.11769378135820056	0.10626198792155375	0.11638148894509039
44000	-2278.1691968865043	-1248.9882473186722	-1029.1809495678322	0.0659564603488684	0.10205916632239306	0.08447075566780442	0.06719170001322622	0.14348361849603414	0.10110605369134554	0.12622543557773472	0.07422071658476649	0.0581996067586466	0.10813755116690414	0.11760088203792383	0.08199106402745092	0.11251550105833519	0.10882577993426207	0.10683069430791232	0.08804131139800757	0.1155559207018051	0.08150632106756685	0.12226794530340496	0.08759197231865591	0.09828480256566298	0.11116571286001885
45000	-2327.484232749297	-1298.819936160152	-1028.6642965891447	0.09946615379970451	0.05336947033964255	0.08547710871340947	0.086118121096634	0.12504229895247754	0.05935294093837701	0.08143418641835046	0.062140049465075946	0.09324413028701636	0.09093852067090184	0.05968845753574492	0.1550196062510258	0.12443765044148719	0.07714793396749488	0.0916577224050775	0.11572409296086447	0.13125225534899054	0.07401826852871655	0.08912742264451502	0.12358054027122505	0.06714261804616152	0.06706785549720873
46000	-2210.2186023942704	-1176.863678398971	-1033.3549239952995	0.08458276510251855	0.09938962670658108	0.06772295745147482	0.11364330757593628	0.0778927097291902	0.10719048459418724	0.039585470097249324	0.1369563622752883	0.12083306215798094	0.11880264703292663	0.0798153972316422	0.12964232854795577	0.17986114191545474	0.07940112510726471	0.1373669168287805	0.09752347022440508	0.07251715792896662	0.16487541095586483	0.07084925721898615	0.13002082197563808	0.090251208001572	0.12150275686307872
47000	-2265.8285820984447	-1218.2015577437785	-1047.6270243546664	0.08539376819612202	0.1458427048897784	0.13363222781112358	0.0746399859572888	0.07956321395674423	0.15526511146839614	0.1670724306229545	0.07677023358988073	0.08414415466345969	0.08847378036179405	0.08115821498593301	0.20060902801471783	0.14519369230304294	0.13878188201798392	0.10136036668094639	0.05788885210241851	0.13379607093933515	0.1099389081153962	0.06391779614472617	0.12100991976863329	0.08107356383020901	0.3188376816129169
48000	-2341.1648970262404	-1313.1347778920804	-1028.0301191341603	0.12104650908297217	0.10907766113122375	0.10186291778284662	0.12459151671193981	0.1869401039664937	0.09326548264314231	0.10894478932644619	0.12012488337977853	0.13931726503687392	0.055535485196972496	0.14122607037330248	0.09754902706822326	0.06893010179466924	0.09752343986487412	0.1240695632140895	0.07709582192263881	0.1272399279911854	0.0984053760140793	0.09783025731270208	0.11078637340839526	0.11044942630041814	0.15205098830469904
49000	-2250.169601088457	-1213.3228216062557	-1036.8467794822016	0.1294707628835371	0.12074200688773377	0.08900009510733004	0.04941690645689027	0.11468298572245691	0.1333352438749788	0.19445616077286512	0.12289469116620215	0.1508136330618006	0.1072646069499875	0.15809264456960279	0.11761024597182751	0.12150780399865878	0.09398204699208136	0.1503304867337318	0.07543213044874161	0.13799302268939898	0.1261938489238838	0.11782087611882089	0.13249766098669766	0.10625569737286548	0.24961554941861405
50000	-2208.9744545759922	-1168.6455374854554	-1040.328917090537	0.23291861076426526	0.08391902953553887	0.12412716307815298	0.10843379848551596	0.09645163168041794	0.08022588503407706	0.17406157467358338	0.11809182787691393	0.06520724160083818	0.10126880704562008	0.07911031526546151	0.06018839973342372	0.10511162435185441	0.12157095770450937	0.11733016017485397	0.10006776293150575	0.16100199774172347	0.08545135640277861	0.09012478651814966	0.050958454569824854	0.06980274716776656	0.13007242585636103
51000	-2285.0789892762555	-1256.5541120634489	-1028.5248772128066	0.06707386066654307	0.1118950129509279	0.07797905276670068	0.1282779456593471	0.12321193093394607	0.09523924916042496	0.09979030107946535	0.10216563499041958	0.08152196246456606	0.1562798873283779	0.06860224340796335	0.08058078766685708	0.10344457370112776	0.07830447633150853	0.11296091109162053	0.15469222450110864	0.09477440449611013	0.09791114047203223	0.09556018325668124	0.1369290603216477	0.14413759127779213	0.10413608699728617
52000	-2258.638369243564	-1224.6225745986112	-1034.0157946449526	0.07982595100714619	0.09302856315481305	0.0897418278377822	0.10245249958812189	0.10171068059309182	0.07335531531675497	0.07127075779646001	0.08535280026581783	0.0933630055055461	0.12193136151630699	0.0807643933436299	0.08057544125271152	0.07475057687685156	0.16545302148517083	0.06946407218621095	0.08814153778046042	0.08972721461392767	0.08450396097702728	0.0781006630519084	0.13829648990088872	0.08564466726442585	0.11669137327428032
53000	-2196.542029018806	-1162.7882986206534	-1033.7537303981524	0.10171502295372338	0.16241846337246013	0.07591973450138653	0.11201667409880617	0.06935759474914081	0.1386833211646146	0.13313032990033918	0.10811996313667026	0.07422392841820093	0.05935426990169631	0.10110868739523841	0.10416442070147143	0.09318220947162735	0.09634166743133094	0.10016830182701172	0.16407218164729478	0.10859349235546736	0.10126019291596945	0.21540766903541594	0.10137986239956512	0.12201273594192033	0.18551999623706117
54000	-2338.767762685566	-1311.0395949176702	-1027.728167767896	0.09984256970852115	0.09858061706606458	0.08664123949980229	0.13012222560848855	0.1342822176576034	0.07023933827944615	0.16141560853931383	0.11239269868840183	0.10217676239905306	0.11463843894750016	0.13888708668017485	0.12151614569609828	0.1325887284188011	0.07041493445380088	0.1060915300407915	0.10152440381605267	0.09970249267340286	0.08674992258566604	0.04295482904556688	0.0604076490928938	0.12301824478077968	0.09371868387656752
55000	-2204.3630776213054	-1179.3043692268666	-1025.0587083944388	0.10168572794388818	0.12879911062020874	0.113077790876772	0.10887088986559777	0.08117519983295775	0.13172384051347585	0.0947209756776048	0.1027431339858346	0.09744607618705355	0.0777133012013646	0.0763173644294922	0.0959598109771641	0.09750590386343691	0.1850311059680789	0.12403616186279585	0.10443379260454609	0.085989157922607	0.09808467749457644	0.07855557219794283	0.12384333025118398	0.13052817997133428	0.14272037024010203
56000	-2199.767484916233	-1168.2454950766612	-1031.5219898395721	0.09804187712321873	0.10976102544808677	0.13924260639595898	0.12805437318202678	0.07468173463152707	0.12161546059456278	0.09633089527365234	0.09615443859163679	0.11781108290177418	0.19875731407335692	0.07707310697190048	0.1382957948653777	0.10104343947421005	0.12386351045477956	0.15263867873598325	0.09729198961373631	0.12116590618284825	0.08237283209522735	0.12460321435750865	0.11305579490454572	0.13236643554245953	0.2512983692799353
57000	-2264.8235113735154	-1229.1912330437397	-1035.6322783297758	0.09493178585100215	0.11235831598549746	0.10539463403394923	0.10537333018542094	0.11862184401591441	0.11092044952912916	0.06023079584689495	0.17608845013105096	0.051781382450806566	0.10145697004661128	0.09878262023029342	0.10671886490776049	0.07168628100693376	0.1057933381601888	0.08422197088838115	0.10975302587910621	0.08345017209593156	0.15884923552221358	0.13423949399433086	0.12455663238002673	0.07572066030621426	0.19746157267207315
58000	-2340.106666622499	-1293.2497874748474	-1046.8568791476514	0.07793161291851794	0.10063388877100715	0.10718688889492851	0.06543938301468304	0.08278247013478778	0.07875041721395638	0.05558863230884051	0.07382351574517185	0.10563566021600843	0.05813607735559089	0.1048330725591965	0.06425764070346465	0.16049741190081163	0.10341871786870016	0.14817924163067278	0.04393084073921685	0.1148640675532157	0.10219281722111459	0.10464840561308847	0.10882344986473823	0.06975761857105316	0.2767050151645303
59000	-2401.136862566582	-1370.2962564952522	-1030.8406060713296	0.13685099403650305	0.06501231000719913	0.09558638163080264	0.09058170400890622	0.11551565625513674	0.07945156661072263	0.0707666024836625	0.0714750655612065	0.10525141131508815	0.11388491385342751	0.13059274204745253	0.09304962008058514	0.09859325364513241	0.17136498930182384	0.10876267363219796	0.14179929230875005	0.1355885585305266	0.0769662046286787	0.09737416581126551	0.1025405113372899	0.09422098073502981	0.18562325690200762
60000	-2359.9428061768886	-1313.6630877742843	-1046.2797184026044	0.05113813955737453	0.10214862381901249	0.06515927771203332	0.06788076145981466	0.0689587017318185	0.06788306412508324	0.09489075399952758	0.14925085987913422	0.07577219845530067	0.10538161811657991	0.06910887101155197	0.0931560190594206	0.06676106563926687	0.15069281822372016	0.06004280554608453	0.07281517707104462	0.12146926418669961	0.11551074938666438	0.13457405254452587	0.09703212078600114	0.13081076390643082	0.3025368378121092
61000	-2478.864947249997	-1430.7513394287298	-1048.1136078212671	0.07101669227539521	0.10940549242641019	0.12482405502221493	0.12647545475832522	0.08515941099166938	0.15876245898176838	0.11741852712496778	0.10403472923877023	0.11041828885971902	0.07180888057328794	0.1458456433114471	0.11939889025266233	0.10848946473851692	0.05183980653922606	0.06537754832890284	0.12255948187543099	0.04811146530401343	0.09610582752174664	0.05203982331917758	0.0669316180478247	0.09169262461699088	0.4077614295095821
62000	-2368.81052836486	-1331.5466858415095	-1037.2638425233506	0.09262875208549153	0.09807897338785919	0.10451269842961347	0.10643783858981823	0.12557809475235743	0.10023645844310604	0.0868070359250656	0.1737351965353667	0.08778997106599226	0.10347126257204894	0.13661047670123022	0.06705859578637517	0.07118196779802072	0.10307638036611093	0.12385269249403694	0.19564937056291917	0.0674544996945765	0.1473392862081011	0.08627405753729715	0.11382420560487348	0.13013262637916861	0.256400536732793
63000	-2265.6265133078273	-1232.1067206293906	-1033.5197926784367	0.08939626373338178	0.09660963301571866	0.14926340885875441	0.09515200765739931	0.09878651618609041	0.12084838798957914	0.09248244124755695	0.1219599295994828	0.09528159081846198	0.1123980227515355	0.06453472763165324	0.09520582932751367	0.12896954247634623	0.1055227225515153	0.138364312668404	0.11064493207789262	0.10061540029714695	0.12962066094835956	0.11034329869889019	0.12344972527659515	0.10964298700855621	0.29985289717950453
64000	-2253.8793765297864	-1216.5523066222436	-1037.3270699075429	0.14495508127751694	0.11538356518837357	0.09050587128748237	0.09580362158253729	0.11457272370404298	0.10806555495194299	0.16187452726847215	0.10763955089403272	0.11206485496110792	0.0746043099953207	0.10446647350267435	0.05388891246207106	0.07331330633586149	0.1359049558667243	0.08535740543057298	0.04991993486953152	0.0872007181085952	0.12141746662647891	0.14387625694468584	0.09871700463572149	0.07186125747177553	0.14269976611001478
65000	-2283.6937279572394	-1252.7507014853381	-1030.9430264719015	0.13712972591173064	0.150960041456911	0.08219702582530558	0.08154211717990563	0.08957195519774637	0.07726804930046717	0.11129930513638153	0.14420158360899077	0.12776781776359047	0.09949668549648549	0.06185119950541061	0.07905509497018981	0.08132865366598128	0.10341154627580929	0.09951473740043638	0.13428121005629412	0.08182856583678844	0.07395955970038157	0.14150809475839862	0.09972347343849705	0.07585373208019494	0.13350030738309782
66000	-2301.2227059817906	-1268.8225641879076	-1032.4001417938828	0.09831007776511015	0.0894205761200055	0.07853187525152851	0.1441503797625742	0.08062355518118162	0.10837993687294081	0.1215115324943924	0.09974951950315487	0.08281773921495872	0.08074978981032511	0.11777978076643685	0.08716549178418441	0.08004824123763109	0.12970935885359675	0.06147164898140375	0.11212554165456182	0.10612783909921226	0.11593321218510087	0.08607272560679129	0.098827035354271	0.0741980029649103	0.13669770828177982
67000	-2250.2201054950165	-1225.5526610336365	-1024.6674444613798	0.13865737488156352	0.1131353128203145	0.11832043813450936	0.10726824597614447	0.11877258481769003	0.11511217957572019	0.12273887318522571	0.06340133875745312	0.07107867208583525	0.08493155813753674	0.07884684488147597	0.12986660829975408	0.12211935881185862	0.13727021078302795	0.0722745317351662	0.07998491029300481	0.1197881828033622	0.06048781251637286	0.17500377526734104	0.13894063975461077	0.13442507574402465	0.05961637279462022
68000	-2323.106917154422	-1298.189829528677	-1024.917087625745	0.07614521014351669	0.16630634727950583	0.07797605107027478	0.15928732225342326	0.12771466130995834	0.13483476854501467	0.09508948775930169	0.10724801966703021	0.09520621591213	0.10265932496308083	0.11500065301326762	0.08737507215799391	0.10960378066189806	0.14388117155047533	0.08270692650497309	0.12329490974528276	0.12030960580158442	0.09133687386755963	0.12878798006525768	0.12160194808790248	0.0666845340862973	0.10076662812438311
69000	-2252.5497040407595	-1213.2709648727866	-1039.2787391679728	0.07252807292774989	0.1249355341677671	0.12168188011373575	0.08050785740652858	0.09798098433887356	0.06741295526621231	0.10949100335751104	0.08182958625155624	0.08209769630216453	0.10174179562094814	0.0916106459520441	0.1310467457076067	0.07473230653473284	0.09049751445913896	0.07469288232312479	0.07989425573131734	0.11676697719668223	0.11117391532220883	0.07378151067860461	0.06329534542983097	0.07204367306816586	0.2808345220143164
70000	-2269.5055482135604	-1225.9026814406275	-1043.6028667729327	0.11374573623274419	0.06609497183135403	0.12803168210980437	0.12802870241666153	0.14193700469615447	0.028464926644904156	0.12035731026175553	0.0710502012909315	0.11931664860978476	0.08471461642227947	0.11205044766868566	0.13465039889240743	0.09951797007372316	0.12248150717706918	0.14499037484684069	0.15677579207590375	0.08189992957281034	0.058993290431539044	0.11599427033319852	0.12690222028525344	0.09553682466252054	0.2864091478822798
71000	-2280.1507249262704	-1239.943822142161	-1040.2069027841096	0.11661703505948455	0.08046260776521658	0.0793068754259506	0.1260614485222923	0.10778661659056357	0.13178378625632242	0.09165423990324525	0.09472606057863231	0.06190436115880278	0.1296049512927866	0.10341493733024126	0.0757963571504862	0.13539676131721468	0.18921795298111624	0.12382864867878962	0.07898158672377655	0.1359737907488651	0.08719051152127098	0.12144780460720807	0.09189312487869	0.10593220977241753	0.21997682819421388
72000	-2320.0978515533498	-1290.3005087358808	-1029.7973428174687	0.13263524954748263	0.07275363437569614	0.07477400255992593	0.06981207107148639	0.1511027777310831	0.1657037540728017	0.13544957914444825	0.1168759098808174	0.0788809304789313	0.10297919963643731	0.12736278865150497	0.14568836546449307	0.12514895973403783	0.058297702715999614	0.10851163578173142	0.08034957601031857	0.10203224677927268	0.1064848551972385	0.10145599865664455	0.13532907691143112	0.1170714957290086	0.11840970423647941
73000	-2270.7571445408457	-1232.8164805988074	-1037.9406639420383	0.07638464912869944	0.09588528848639251	0.12727821583011828	0.09730266216517418	0.16868470732709628	0.05930857199446179	0.11869184291512729	0.11017698162225585	0.13348573374560915	0.07261484286199874	0.10255743345602081	0.09392047640185557	0.11739240720388001	0.0882842322755791	0.13390798220828393	0.13938479737245027	0.12289368262885893	0.07735196157885253	0.14857196341674012	0.07248386294274253	0.06361285478656195	0.16406320078521128
74000	-2411.3558677387737	-1351.3034708097762	-1060.0523969289975	0.10835821444174389	0.05206429359643615	0.0863043250502852	0.09498554730985712	0.09433769746437787	0.12315277956831414	0.15560434083882746	0.15633950774768124	0.18517780572270828	0.07062980805323492	0.08427461732551479	0.08913209802937073	0.07600971398111189	0.08476829709913092	0.16438794976297508	0.12545202608415287	0.10527501114327396	0.19814998293991695	0.09671717781276992	0.0789292186084248	0.10417606537432193	1.2909006099155305
75000	-2273.2104810075843	-1229.9830965157998	-1043.2273844917847	0.1262198540029652	0.08709324725607477	0.11058129198574784	0.09203848868794262	0.09778164914497177	0.08438316208157177	0.13410122035910804	0.10444408044687184	0.07799152871420428	0.06828202705877297	0.11394445436961041	0.07850267694169276	0.11034939999200778	0.12292098229594985	0.1249509625636236	0.07077532047053416	0.08849165175776799	0.09500048176652033	0.0960591429321256	0.13839055001550352	0.08419773053190686	0.7009884791724176
76000	-2344.2061209626754	-1294.7311517165213	-1049.4749692461542	0.11945728468684488	0.11255979313571925	0.1513367305424339	0.12013002584666205	0.14341222194671516	0.07488463156312583	0.14664476310545513	0.143638136538555	0.10252424932012168	0.033722959383755746	0.12439683609023074	0.10807450598017436	0.09179219917499545	0.1351617057409294	0.18983600979370152	0.09097348091355055	0.10783270438280061	0.09841904123746753	0.0978915109813642	0.09192431998364173	0.19542109555826603	0.5638231036499113
77000	-2324.4673584097563	-1280.5161540956183	-1043.9512043141383	0.06055133947001245	0.12080452905672501	0.10416837347496123	0.15221506515399855	0.13903395522609976	0.12104968096651121	0.08305526614620752	0.09823165437884333	0.13953985965360746	0.1365796357991349	0.12533257434867157	0.10018084644893797	0.07967039058591087	0.15463210763592075	0.13338622133712907	0.09178789707659564	0.13166156015774153	0.11916853307585622	0.054868544646938126	0.17104399973092166	0.11372497697559993	0.3900003897564954
78000	-2391.5201895233067	-1333.4672615996005	-1058.0529279237062	0.08060882350144705	0.096458346104049	0.05676312084064403	0.06759068035256362	0.07573656078668417	0.11251960189342536	0.13956578519559518	0.17827079034751414	0.08708751288767017	0.08205372263063977	0.10921821865727607	0.14877049510596074	0.06704233724057218	0.07617791885048143	0.09759615606808998	0.1385570070877255	0.13591064863501817	0.11513221231499071	0.12074093010780561	0.08034928392546536	0.13081413609091713	1.0590346022628512
79000	-2291.39011290028	-1247.282231889324	-1044.1078810109561	0.04046190468921907	0.0678550637604687	0.09927407658210444	0.0835482230130436	0.15495896820490349	0.09778400136587925	0.12771381317750982	0.12615486443033466	0.1352536646759466	0.05527307516642832	0.08136870557351557	0.07362072085919516	0.10752744352106494	0.06179292800102166	0.15844981316230147	0.1374910888550014	0.1605411781996999	0.09225692563535745	0.08061613936165797	0.11414578722506796	0.06150405484406555	0.1780925515470787
80000	-2501.843953499923	-1464.913206123504	-1036.9307473764188	0.12168778469174706	0.09304268620411182	0.10293585694102036	0.13604923756057907	0.12697192086805714	0.1187463133985481	0.1524769392539003	0.10893883430531176	0.10923038141297609	0.05769944871641997	0.08504797092372968	0.1200565503919144	0.08774468141860077	0.14167244306328813	0.11038622523592526	0.10907138466020823	0.11937407788752735	0.06801314809509199	0.09853241578853267	0.06873310189026823	0.14617005876045003	0.305090023176672
81000	-2332.8190812255457	-1294.434573405576	-1038.3845078199697	0.15532901561745685	0.1233001354673639	0.09927446936278757	0.10436181545921783	0.08927934464629057	0.13369127837742667	0.11010984455607453	0.09215226788852031	0.1066212732372827	0.14491803220279031	0.13583951853245763	0.08618308631183559	0.10776221264431594	0.14563355201928482	0.07632828817680916	0.11721394078669103	0.10321867340205297	0.1281276543724821	0.11129458161812597	0.1110575513429195	0.13855113988424103	0.6413098317641616
82000	-2345.3340192084024	-1315.4676460691924	-1029.8663731392098	0.09299455324311844	0.07621154093741887	0.11529136772291315	0.08215734941342144	0.08624016607089537	0.14226933861832924	0.14197382422413965	0.1489889340290225	0.07875268742345008	0.1145483412290984	0.12471294243335418	0.1099358667737611	0.10854895864794653	0.16959513302536441	0.0818713356362668	0.15456801804776965	0.11541119696025999	0.08227266043336275	0.15031756085503847	0.11734713724534744	0.17659805708476806	0.1562941676047828
83000	-2223.883596064533	-1182.6722694019775	-1041.2113266625556	0.14171560815491827	0.12163397190387704	0.06648532349616723	0.13610033966950985	0.14047267256158577	0.08282141097310278	0.1345185007770934	0.12346294134597406	0.11897483543259584	0.076400856509872	0.06662655730758626	0.16036169289597124	0.20407416085866417	0.07833389259545029	0.08562830846259689	0.0747370109616194	0.17291303872613067	0.0615975258028819	0.13893627493015917	0.1393314389204825	0.15230687512334465	0.20529383382457153
84000	-2217.723187622758	-1179.3324842641814	-1038.3907033585765	0.07457149964852905	0.07860398239060831	0.0414503450583886	0.1092280706145764	0.10202160540296491	0.08163718251686407	0.09858417878019789	0.11302180254080874	0.11014021293120878	0.13084831130308072	0.1373415743744126	0.10841442794172679	0.11065121630132342	0.10393169638086329	0.06718944261340826	0.0948248825742542	0.10433985493457658	0.093378153189169	0.1362911837220639	0.11244851084814617	0.18849669296110788	0.21939420664172116
85000	-2312.0028664172996	-1264.190208646955	-1047.8126577703447	0.06521093357772863	0.06683729828643464	0.0774642844995055	0.08916580273767974	0.12417178482101879	0.051279995879809026	0.11889683930744252	0.08427996949598102	0.08819215931650473	0.09297954089629124	0.11927262653708601	0.06095131255656292	0.1362728278481526	0.10569700258825154	0.10316536378176992	0.08104774788697679	0.11144895457978643	0.06780710963808786	0.09929986900262457	0.10656904817541427	0.13991198253343373	0.3782594256352325
86000	-2290.044007960598	-1251.242960690383	-1038.8010472702151	0.05322486180877712	0.09493765150141746	0.07551814251108897	0.10436955721702786	0.11759158369511143	0.1257820400871372	0.07956945574070082	0.14361688875068754	0.1011744145323502	0.08568618457895526	0.0946360195223373	0.08121905947775801	0.1351401916416968	0.06471717038029523	0.10581427027107505	0.08335849119511543	0.11488050037693005	0.1317181570067446	0.1616640246016472	0.1362407980032695	0.10595209556076246	0.1874806892085053
87000	-2305.0069708370243	-1272.370750661921	-1032.6362201751033	0.11691215877593107	0.09229685405354975	0.09423639225974613	0.11348130782952832	0.13260215685575147	0.10017294532202206	0.10237857981312548	0.15811527896344263	0.13743250268162407	0.10684882231532017	0.099716893420286	0.11476400677294211	0.11595361484640208	0.07897648374654621	0.14424522361340836	0.08116698480659698	0.07497846304643535	0.10367648551592568	0.08957995336283156	0.08460614763019081	0.05761674425855476	0.1875719062503407
88000	-2389.6692638190816	-1339.4020263805492	-1050.2672374385324	0.0680533102326067	0.06233317662641891	0.13910037124907068	0.13114296773325207	0.060756731118396676	0.10998145005091835	0.1374949157453698	0.16288011596034824	0.1393581576848421	0.1352489670494483	0.17785683934771807	0.1650933566046982	0.09694048363823216	0.056487240109921115	0.11927866359807854	0.13132478720756377	0.12775074435730527	0.11964650201369627	0.11042638472245232	0.10881996961539842	0.09679543497579306	0.5661816821437133
89000	-2254.883439966263	-1216.7583871145498	-1038.1250528517128	0.08741382590421909	0.10620289492497317	0.07864309518255316	0.06395056452205747	0.08596287847156024	0.058818585040805754	0.13967481872725984	0.10129381723053771	0.05660121538375148	0.13407613735050986	0.059448934378076405	0.1065634690320287	0.14995009308251084	0.080956303639537	0.12402843182976134	0.0916405554923964	0.09077324731215522	0.09921999900913009	0.09142447917579141	0.11067108756038684	0.06008807201061764	0.11968826270419029
90000	-2311.6333608937366	-1268.8013798050686	-1042.831981088668	0.15616031493490443	0.11746936938777469	0.09249908633371921	0.0572487011927136	0.10767238808108329	0.08847498678502913	0.1388024343885737	0.12676530497384916	0.11016143789699742	0.14364080029239834	0.10019340284711023	0.11435902050844414	0.09039315390418197	0.08604235820485866	0.09268096948425243	0.08009889173030976	0.06518515043725566	0.12618799562512029	0.07080527483230406	0.0943432060960292	0.05965741976116679	0.3403132849421889
91000	-2133.977774888076	-1100.710022042179	-1033.267752845897	0.09040748594634414	0.12593916127916185	0.10737887871655179	0.0774644002618676	0.07386847882079066	0.11121584090967215	0.14388885099276724	0.08452119745472075	0.12317341322958762	0.1333548059965843	0.08181086459793278	0.07590915387696692	0.11245302968834296	0.12680378035520776	0.08445468834986772	0.07749830513325488	0.09178839692927422	0.0963420643305523	0.10606163231817138	0.06959911237481232	0.0862746079733832	0.27066407901486583
92000	-2202.0697494944857	-1158.1992696218344	-1043.8704798726512	0.1058974426104411	0.08783593672644671	0.044203460291718316	0.08303251574213037	0.06211727759893326	0.13512681090119713	0.05040087442903037	0.08127648686592855	0.1025952629420456	0.08288577760180864	0.09808602597584934	0.051567228937730365	0.10095350324753337	0.09012069979314008	0.07693846486925093	0.15295728700100128	0.11739242029932762	0.06764736675775979	0.10749441872298275	0.12647832993914127	0.09741562838473318	0.18334246613755376
93000	-2330.29303803445	-1305.3408465167117	-1024.9521915177384	0.12994562761877418	0.11530133284351272	0.060945737710509026	0.060744380912538344	0.10329033519544539	0.15556775141833468	0.08407872157194383	0.08766506802041289	0.1369570014019294	0.07397903465608278	0.08716408385706227	0.06970585419335969	0.10826003227766816	0.13554945220856104	0.12868338156019482	0.10349704573451397	0.1068056457864929	0.1377416654680007	0.08149156794995233	0.16837770103280453	0.10635189971038006	0.06983404217349777
94000	-2314.3820753704504	-1270.6201392207531	-1043.7619361496972	0.07312647626759314	0.07628832682687074	0.1030977791731054	0.07100155833998993	0.11915400522948756	0.06571292231752444	0.21667604714515817	0.08520834719608493	0.10916877510461367	0.06231686609339932	0.08888054588690941	0.13760223366478117	0.11408450276505616	0.09327347969119561	0.05601392279273076	0.07228829703958342	0.1581196642506394	0.08934147428575741	0.11994924110810783	0.11432631292625345	0.13819972630344043	0.23439637897702387
95000	-2412.8881684291428	-1374.4003267983712	-1038.4878416307713	0.10402307974748742	0.14513652192466125	0.1363531998880387	0.13247418355461024	0.09091173658497989	0.07076045610321721	0.0660745952749808	0.1383417936429086	0.08005217616439825	0.11162246538626139	0.17528340847118856	0.13597038547702905	0.09439263438656378	0.1361373243325705	0.0913990537237021	0.13048642830020526	0.10137945065609873	0.1381596156526961	0.10370658424351925	0.10208644580589234	0.15094351479341847	0.32284880108392117
96000	-2514.3454136336413	-1477.1973504606958	-1037.1480631729453	0.06576215670694595	0.18403707148818124	0.07987998597165001	0.10467265250281262	0.12459362501148848	0.11560630178122452	0.11231061637553443	0.08195356831682572	0.10095508059259488	0.09697219789171087	0.08794117508748159	0.05653207942482699	0.15862886108710736	0.10074296157781794	0.14950644184854814	0.13634997576722405	0.11285374098655909	0.11122585347343224	0.11402869394862379	0.12100697069759854	0.09293870693290926	0.26081274080681704
97000	-2477.650287666365	-1425.11296385833	-1052.537323808035	0.06339113708681124	0.05293752615448243	0.10289561893849732	0.09793105043607352	0.1437850186640751	0.1808297575505331	0.1334358071001898	0.20875206836410803	0.0939170691222333	0.09819856942406398	0.09350501860687697	0.04051668085299107	0.12285968699209576	0.04316731705879299	0.14067185624673537	0.0847574837978473	0.15868038862294523	0.1165679413700853	0.16477883909735372	0.12090835699612039	0.10756900237068572	0.3485530948644914
98000	-2296.922567961079	-1264.1525995455709	-1032.7699684155084	0.14896991703612877	0.1293545999152865	0.07296867372445452	0.11051285801881161	0.08136123096505339	0.190800693022227	0.09373271953171025	0.10024266120562217	0.06566700551847506	0.10363114578526197	0.0818773257990783	0.11123139210644846	0.0845112519751251	0.1024471038945189	0.109484468222876	0.10400255100706626	0.07695324045934698	0.10180580899811377	0.05448057375101291	0.10049021512387905	0.07136697514391108	0.13751996322900847
99000	-2311.007537380444	-1260.1968991642343	-1050.8106382162098	0.08430429569671036	0.13031467546409475	0.10784256627086866	0.16411307722864626	0.1359221919347476	0.10948598640329464	0.08723106755798744	0.06870311345416878	0.14457665593229885	0.05426770180034313	0.06657016436985994	0.087527163436118	0.05918182258004922	0.05800882804177921	0.12866315192928915	0.11628898078058739	0.11409698639433007	0.10273840333873278	0.078763478354872	0.09976584499487277	0.10982168566596684	0.6632970409758824
100000	-2335.8872770474645	-1305.3483532719322	-1030.5389237755326	0.10235961872807332	0.10454766904054195	0.09112120109737389	0.13757684079255314	0.13156604085184667	0.0873959649642574	0.14794819423714584	0.1973748595863895	0.0791051150448849	0.10503648070524231	0.12175706353210805	0.10103725459748146	0.1364287063676533	0.10817776057314839	0.11818622933797979	0.13073171215942914	0.09745762213466043	0.1334461261088129	0.08102030268848372	0.1201506121830483	0.13255578457556835	0.15886965415511625
