Sample	likelihood
0	-1202.6092733828834
100	-1314.5461476232656
200	-1224.9784687062602
300	-1244.5600714623965
400	-1216.6211220243008
500	-1253.0152057714936
600	-1230.8646405680295
700	-1291.0371947034937
800	-1298.2489810610602
900	-1258.3540189152536
1000	-1243.1725078615495
1100	-1249.8668898865978
1200	-1227.9333499013928
1300	-1192.2843915729784
1400	-1228.275507882149
1500	-1232.8138971881972
1600	-1256.7446761001277
1700	-1223.5629794372885
1800	-1184.924973896768
1900	-1186.629239287105
2000	-1162.6365069515425
2100	-1170.3084254404037
2200	-1151.610207372935
2300	-1162.7611876477638
2400	-1124.5138949798668
2500	-1155.669344133412
2600	-1160.414024191956
2700	-1162.8505045932106
2800	-1177.2207705500973
2900	-1180.9574735146477
3000	-1176.410284613018
3100	-1163.7056654458615
3200	-1129.9511688052794
3300	-1200.1004715333509
3400	-1200.1090244949457
3500	-1219.7791852979665
3600	-1204.095076607285
3700	-1232.3057260364496
3800	-1264.5103154951262
3900	-1203.1094654882816
4000	-1216.3536214131807
4100	-1234.305801457171
4200	-1186.1801738642864
4300	-1168.9360926633094
4400	-1209.8220982882729
4500	-1162.2084345943015
4600	-1192.2566287298885
4700	-1212.8027798101493
4800	-1211.6980820696854
4900	-1226.7310146137913
5000	-1245.1703757603277
5100	-1213.352782183387
5200	-1195.7903134220435
5300	-1179.0626203377942
5400	-1179.2544160820974
5500	-1178.028581101436
5600	-1237.0652426557854
5700	-1258.0547336562313
5800	-1254.8747062799814
5900	-1174.827795107144
6000	-1183.7195143443328
6100	-1180.6842473328659
6200	-1187.1755651926358
6300	-1151.0867601723226
6400	-1147.709578676704
6500	-1214.2309045116579
6600	-1205.7635402473943
6700	-1228.7568376273625
6800	-1226.8424067137814
6900	-1152.8639821098488
7000	-1147.0524392142197
7100	-1170.71557379389
7200	-1172.6567913954016
7300	-1191.4377436893067
7400	-1193.3702437495233
7500	-1149.8685193529363
7600	-1173.25926426775
7700	-1193.8554292452127
7800	-1148.1871012143088
7900	-1119.7955212710924
8000	-1129.904914901881
8100	-1124.1864110980678
8200	-1183.3396677586693
8300	-1200.2061563981779
8400	-1220.8487510318657
8500	-1193.8813078861317
8600	-1203.3779118683397
8700	-1221.1067955232456
8800	-1379.574043914797
8900	-1224.0386447128624
9000	-1220.9775519264363
9100	-1164.3216513035832
9200	-1175.512385049029
9300	-1140.3716840283962
9400	-1189.8087695013214
9500	-1199.3111516631907
9600	-1223.6938786318233
9700	-1154.050806205009
9800	-1150.4613482929292
9900	-1180.1753900440685
10000	-1174.956102483319
10100	-1190.761885370006
10200	-1208.9255660451042
10300	-1217.8936773270618
10400	-1202.4348391561853
10500	-1185.3239244160766
10600	-1233.4969936556315
10700	-1204.9280625915503
10800	-1246.735635437763
10900	-1253.3447041208008
11000	-1230.4380644263333
11100	-1239.6214335597926
11200	-1157.6192077214657
11300	-1141.570675240134
11400	-1151.5094250454451
11500	-1127.5952323333902
11600	-1151.728738152125
11700	-1162.4930258633906
11800	-1155.7928165502983
11900	-1158.4901412178629
12000	-1174.3915818307203
12100	-1183.7201209711443
12200	-1178.9487268398661
12300	-1157.0987659044195
12400	-1148.9857457752105
12500	-1143.0449693450846
12600	-1147.5037128707554
12700	-1132.1585496862367
12800	-1124.3343483472893
12900	-1122.9686442090538
13000	-1209.8415329218017
13100	-1201.1110684139453
13200	-1180.704221585477
13300	-1148.8637180337248
13400	-1145.3355336940263
13500	-1135.8218767508483
13600	-1141.8969754013306
13700	-1135.6900330592846
13800	-1134.1198451964312
13900	-1104.9463748067292
14000	-1102.5154789909982
14100	-1126.7653415024695
14200	-1109.5670394377664
14300	-1160.9774467215075
14400	-1164.630632114179
14500	-1132.9684284685889
14600	-1166.8099197842887
14700	-1153.9102381942841
14800	-1170.2425860808657
14900	-1242.441647638182
15000	-1147.5761511173182
15100	-1106.123837840527
15200	-1155.3473115381541
15300	-1086.1974300745558
15400	-1069.8598400601322
15500	-1083.6466243019245
15600	-1063.496250480592
15700	-1061.8822110886156
15800	-1084.87649600056
15900	-1100.1691500851944
16000	-1096.6459283152526
16100	-1107.2430144603156
16200	-1090.1572610132857
16300	-1131.7229005510762
16400	-1130.2255948548209
16500	-1109.7792073664273
16600	-1132.3035863192347
16700	-1208.4308952868987
16800	-1256.4675877453258
16900	-1247.3536492820062
17000	-1223.7577050888026
17100	-1256.2184597111182
17200	-1242.8809512725898
17300	-1263.1899851727092
17400	-1160.873078295934
17500	-1167.370805778944
17600	-1165.8907050753646
17700	-1156.187109897608
17800	-1163.4738561935008
17900	-1181.1547115596009
18000	-1171.3478398252103
18100	-1125.9004310609682
18200	-1171.5226898375486
18300	-1161.4014463994065
18400	-1168.6345797779259
18500	-1154.7707068365135
18600	-1119.9840811404747
18700	-1200.8586450048688
18800	-1175.1882266841799
18900	-1150.4156390232554
19000	-1088.9642932369368
19100	-1093.7623272315157
19200	-1106.2585228250416
19300	-1078.6637125020386
19400	-1133.649384211569
19500	-1144.2015574437341
19600	-1113.5807015922703
19700	-1139.970698646259
19800	-1115.4258382283144
19900	-1123.2389067277581
20000	-1115.925676935894
20100	-1091.3094409664586
20200	-1130.1627281979997
20300	-1132.9083964765177
20400	-1113.3771506449236
20500	-1117.9566939781732
20600	-1123.170672345602
20700	-1159.0180604424518
20800	-1188.419599789439
20900	-1168.48229932525
21000	-1099.0425109971673
21100	-1186.5214775241056
21200	-1169.817644040019
21300	-1175.8517946796057
21400	-1164.3584322657894
21500	-1162.8161711981877
21600	-1108.5430188683827
21700	-1172.5776862596517
21800	-1154.9718682215923
21900	-1195.351801420455
22000	-1128.263581097981
22100	-1196.263621855245
22200	-1185.5644310179048
22300	-1189.4458979601532
22400	-1196.0790647796093
22500	-1177.4033867475232
22600	-1179.6491746525392
22700	-1204.7103379583432
22800	-1182.0921069773542
22900	-1217.4509644388384
23000	-1209.9375681012034
23100	-1148.6172648992758
23200	-1228.3834866273214
23300	-1218.480394976393
23400	-1287.4937843810746
23500	-1188.2385079332876
23600	-1149.7207824650811
23700	-1122.43349205192
23800	-1136.0920260900525
23900	-1125.4567214245692
24000	-1150.355271367455
24100	-1229.9893093856383
24200	-1293.9532788730912
24300	-1245.7875506994365
24400	-1255.943363587316
24500	-1129.5752346512133
24600	-1125.1995296841767
24700	-1096.546928726197
24800	-1129.5329021230732
24900	-1167.8415723143466
25000	-1173.4076627356576
25100	-1190.316745478008
25200	-1113.1567091844934
25300	-1114.6406561814567
25400	-1132.1256289871135
25500	-1132.1447159733846
25600	-1171.3223855021304
25700	-1159.79318316595
25800	-1138.5793919091998
25900	-1155.1118316872394
26000	-1206.7245803611686
26100	-1169.2855981252285
26200	-1177.121289504482
26300	-1076.7192110170315
26400	-1130.3598279360292
26500	-1103.380064915628
26600	-1135.9769200732771
26700	-1109.7870204106239
26800	-1109.858640003873
26900	-1206.8103789370364
27000	-1134.9159690779368
27100	-1127.4839153992152
27200	-1163.1109462376585
27300	-1172.817237541164
27400	-1174.774859051771
27500	-1175.470436583077
27600	-1177.4242666993243
27700	-1196.0488224413102
27800	-1174.8938483332329
27900	-1138.525385784174
28000	-1135.6079002126949
28100	-1167.217326118957
28200	-1152.686171854193
28300	-1172.3493629855257
28400	-1174.7202066326304
28500	-1169.4641175034049
28600	-1187.2604106068497
28700	-1115.036286124026
28800	-1105.1210954491714
28900	-1110.4401517545623
29000	-1098.1544094010371
29100	-1080.708320943805
29200	-1090.4939264642076
29300	-1076.5573415968381
29400	-1078.9670310064694
29500	-1075.3426903321038
29600	-1079.2839495244136
29700	-1080.8138211596604
29800	-1103.1697716912174
29900	-1095.03974846323
30000	-1097.1283558409789
30100	-1172.7799969833527
30200	-1144.017880472412
30300	-1132.9832146992953
30400	-1106.8903408892525
30500	-1156.4764146614689
30600	-1094.362382888381
30700	-1098.7980572963781
30800	-1128.420021532162
30900	-1132.4502751765317
31000	-1119.5354687070992
31100	-1119.385710866972
31200	-1118.1381259828836
31300	-1110.5838481783753
31400	-1094.5224315354099
31500	-1101.4172505452827
31600	-1108.6424126384122
31700	-1104.0244816121965
31800	-1080.8081129217783
31900	-1115.4211912019061
32000	-1100.6248773925943
32100	-1091.7942456669941
32200	-1123.5751127297845
32300	-1123.8463222718478
32400	-1135.7681753496877
32500	-1124.626899090224
32600	-1123.6144199514185
32700	-1124.797700581548
32800	-1151.9480650379464
32900	-1208.3542025674808
33000	-1182.427693340301
33100	-1179.9083589637755
33200	-1173.7296410560223
33300	-1181.7447421479906
33400	-1195.8344044299715
33500	-1184.6921266791192
33600	-1260.6151667757795
33700	-1230.289605995415
33800	-1251.5379150190477
33900	-1252.9697940758201
34000	-1241.3524976882152
34100	-1224.1856239367316
34200	-1232.2525937248545
34300	-1192.9982872150729
34400	-1217.9274830020584
34500	-1214.7273624716781
34600	-1220.8898647716194
34700	-1243.060503047752
34800	-1174.6155728517601
34900	-1178.923720090611
35000	-1167.7540670228987
35100	-1171.6402470439884
35200	-1175.3015149236292
35300	-1156.0865685796837
35400	-1149.1364182845086
35500	-1162.3463016083997
35600	-1160.7882523972958
35700	-1159.684314304189
35800	-1227.5502461337996
35900	-1186.8285583305033
36000	-1180.47655413789
36100	-1152.9925030693005
36200	-1150.4965796362826
36300	-1196.1831228194249
36400	-1144.6520803039268
36500	-1167.7207896909913
36600	-1188.7469286334763
36700	-1194.6300642689102
36800	-1181.2085104986304
36900	-1203.1163550781914
37000	-1204.4525918844233
37100	-1126.3336725166466
37200	-1172.312634481042
37300	-1193.3357475158969
37400	-1149.1339057304194
37500	-1144.6790822030034
37600	-1150.6933227825275
37700	-1150.9893621713509
37800	-1143.8789230571906
37900	-1112.8925577727261
38000	-1154.7241113317837
38100	-1138.8073864435783
38200	-1132.8953942513083
38300	-1155.7098476505635
38400	-1153.2157827206047
38500	-1176.9002469326908
38600	-1151.8981925832552
38700	-1163.9736290777205
38800	-1138.5951654464197
38900	-1161.9994350446298
39000	-1174.973585748558
39100	-1129.353842886417
39200	-1159.8254760821972
39300	-1148.209595443703
39400	-1142.2358092222973
39500	-1175.3995574454586
39600	-1142.7049233437606
39700	-1162.4243679398487
39800	-1164.1555860319095
39900	-1195.9013122790525
40000	-1157.9734223535495
40100	-1154.8175878780257
40200	-1144.5365679948954
40300	-1146.051148904827
40400	-1158.2425074377616
40500	-1173.5670637647295
40600	-1149.751119601996
40700	-1154.7714306103592
40800	-1171.7662331292513
40900	-1163.9361121712964
41000	-1198.893977730206
41100	-1183.4943691584272
41200	-1200.1220935268097
41300	-1254.9749411575401
41400	-1251.6336595446537
41500	-1224.80853578683
41600	-1192.6279771499308
41700	-1150.1749704564618
41800	-1122.6883446366353
41900	-1121.137781940313
42000	-1102.7480066460103
42100	-1150.5295504791134
42200	-1180.5450417711468
42300	-1150.6770524426465
42400	-1150.1316497566859
42500	-1177.8929821562692
42600	-1153.1143213449018
42700	-1162.6391556538179
42800	-1206.1146137473445
42900	-1210.393314204424
43000	-1214.9005355969389
43100	-1193.5848083354942
43200	-1232.7887157873197
43300	-1198.423521528909
43400	-1354.863672181759
43500	-1299.713193890237
43600	-1307.304120447499
43700	-1249.643561406162
43800	-1271.5410812283155
43900	-1288.4383827847887
44000	-1252.0668158079413
44100	-1326.094800427004
44200	-1231.894143884843
44300	-1250.7962460623514
44400	-1238.770363869369
44500	-1218.10008178481
44600	-1211.5875601708435
44700	-1186.1092211883736
44800	-1234.8756079431266
44900	-1201.3614025082945
45000	-1261.4448227546384
45100	-1245.524548845798
45200	-1265.4369617903005
45300	-1186.8052742490154
45400	-1154.6826889498598
45500	-1217.769373562042
45600	-1262.0785505767533
45700	-1269.8996786589119
45800	-1255.518820051055
45900	-1213.4412451649562
46000	-1235.7387642424324
46100	-1219.5002090990386
46200	-1210.2209536417768
46300	-1185.9799674551716
46400	-1173.6588490300405
46500	-1126.8997480226005
46600	-1110.8910292866888
46700	-1121.3161648894877
46800	-1135.9454815751549
46900	-1151.3383769361753
47000	-1112.4198317031917
47100	-1165.6992222367444
47200	-1188.7779160538446
47300	-1154.5227021485625
47400	-1173.170084391664
47500	-1136.985029233274
47600	-1107.3041569441343
47700	-1117.0618725213287
47800	-1126.6789637356799
47900	-1142.592144190671
48000	-1120.6008778925534
48100	-1119.945372598017
48200	-1121.822018491142
48300	-1108.99637198576
48400	-1104.7334480841293
48500	-1123.8955328104041
48600	-1175.319360797951
48700	-1131.3382229671838
48800	-1145.7175967549583
48900	-1146.8324686281733
49000	-1140.187472159622
49100	-1222.113240521424
49200	-1211.0630691651209
49300	-1181.9762829498084
49400	-1185.885582906078
49500	-1178.7421623980247
49600	-1145.771437273639
49700	-1099.2232031105445
49800	-1074.253827529413
49900	-1154.2533547474754
50000	-1181.032050289754
50100	-1146.622551276294
50200	-1147.0731228366078
50300	-1155.01657046959
50400	-1163.7335151701363
50500	-1134.4368036316635
50600	-1193.0385186173667
50700	-1160.1344179803455
50800	-1214.2836008284985
50900	-1208.557100677263
51000	-1202.8723801347412
51100	-1189.0987975086925
51200	-1205.242470016501
51300	-1201.833140940537
51400	-1215.7440707790115
51500	-1169.347941181349
51600	-1135.8929231819404
51700	-1133.3788599337583
51800	-1221.4848571633
51900	-1166.4307135840836
52000	-1149.2206249832357
52100	-1152.5547317388477
52200	-1167.702386861036
52300	-1151.143192801526
52400	-1139.6694044797962
52500	-1143.2131637393763
52600	-1137.5536374177148
52700	-1068.4028534749489
52800	-1081.6277217071365
52900	-1087.6472944731788
53000	-1065.2917903356104
53100	-1060.7041995035258
53200	-1086.2658906319828
53300	-1110.8754873643318
53400	-1116.975890416892
53500	-1151.5230194090225
53600	-1171.3760962762856
53700	-1179.2467382814345
53800	-1188.2536581073853
53900	-1122.8545410506892
54000	-1129.36535627805
54100	-1195.0523844312756
54200	-1123.1717495270059
54300	-1129.891170282659
54400	-1149.376302196718
54500	-1144.0668371006009
54600	-1112.0372308729382
54700	-1161.684845816261
54800	-1209.859730581962
54900	-1126.6044209139934
55000	-1079.6162786223988
55100	-1157.1771174736953
55200	-1077.6581858528923
55300	-1132.8166481670448
55400	-1134.165705103439
55500	-1126.168655940528
55600	-1127.396369778817
55700	-1192.9775153799874
55800	-1170.5224136597997
55900	-1174.072652316267
56000	-1187.4076237693175
56100	-1129.9046812156664
56200	-1128.1679202468806
56300	-1168.3650555627796
56400	-1126.257267618393
56500	-1107.9398002439962
56600	-1132.780004041378
56700	-1115.2925607131024
56800	-1122.9444071894484
56900	-1133.2457985698222
57000	-1116.9498815182383
57100	-1111.5871370323118
57200	-1124.6827149975425
57300	-1147.783994067623
57400	-1150.164875133242
57500	-1181.2192607697082
57600	-1170.3629986269584
57700	-1158.0066888885653
57800	-1217.9772212302682
57900	-1182.2326842810774
58000	-1154.1458110783794
58100	-1173.9856825647555
58200	-1178.9522669541077
58300	-1141.7856083679671
58400	-1169.6867199750343
58500	-1239.3419718269856
58600	-1236.017440830154
58700	-1134.4342671668944
58800	-1140.3492398994129
58900	-1109.993046677079
59000	-1105.3542289960071
59100	-1103.7606846056067
59200	-1085.3364204787338
59300	-1111.294926015537
59400	-1130.3033796232876
59500	-1152.754915612976
59600	-1175.6734484509725
59700	-1164.6625851841554
59800	-1145.7413689754549
59900	-1197.9510695776364
60000	-1195.1681167750075
60100	-1204.7515102934526
60200	-1160.0696333799654
60300	-1134.7824934484547
60400	-1149.4857340951837
60500	-1109.5293098790908
60600	-1192.0201320574652
60700	-1132.5614739487385
60800	-1136.823657011585
60900	-1110.227527656416
61000	-1078.0085932166364
61100	-1077.0170804038266
61200	-1071.102502673584
61300	-1090.0999703487905
61400	-1085.0622136697707
61500	-1174.0962924441285
61600	-1163.5640198568367
61700	-1073.4590688880035
61800	-1134.0165513790548
61900	-1095.4858083852162
62000	-1143.2168532190956
62100	-1170.6936348875474
62200	-1207.0039840204927
62300	-1165.0383480566513
62400	-1172.5454291996973
62500	-1158.1165822365938
62600	-1142.345357950738
62700	-1105.5102754537597
62800	-1099.0942980973343
62900	-1100.6825999855491
63000	-1098.906096715315
63100	-1151.6986460913652
63200	-1108.9467986494642
63300	-1134.9769784819864
63400	-1097.3317079721182
63500	-1136.0513334516843
63600	-1162.6003516728813
63700	-1167.1580899423766
63800	-1122.9281946548485
63900	-1100.2332412077753
64000	-1125.7170755191407
64100	-1150.595233147511
64200	-1227.42431168892
64300	-1185.0044735075026
64400	-1154.501866619178
64500	-1163.682154100874
64600	-1159.860180172524
64700	-1158.2303454632333
64800	-1146.483047667545
64900	-1158.9028104573406
65000	-1165.622934723286
65100	-1139.3224263035984
65200	-1129.9999417304966
65300	-1141.7689198001635
65400	-1153.6388757048026
65500	-1138.4868164924478
65600	-1169.849125148749
65700	-1177.8930611148464
65800	-1194.8868975519913
65900	-1272.9997590611422
66000	-1270.03565908938
66100	-1208.0601486954686
66200	-1183.4905131367173
66300	-1203.3957855612402
66400	-1168.7503101869552
66500	-1146.6378874659326
66600	-1136.774608751092
66700	-1143.8811137808807
66800	-1144.2684460080889
66900	-1162.1710714615872
67000	-1172.5139008733333
67100	-1211.4489745137835
67200	-1172.0013830198948
67300	-1212.20464138233
67400	-1191.6805243929514
67500	-1179.151913962475
67600	-1179.4598195348797
67700	-1195.2629375876647
67800	-1228.570037670351
67900	-1244.5182781382643
68000	-1235.1256927316356
68100	-1270.0508945676772
68200	-1192.7207065415687
68300	-1175.4640897974618
68400	-1118.250857160037
68500	-1140.382011603246
68600	-1174.544919385831
68700	-1255.1516589212913
68800	-1179.9169388619225
68900	-1138.5554229958361
69000	-1143.083394033489
69100	-1138.0384172961965
69200	-1138.529007322279
69300	-1133.5570224083176
69400	-1104.9900898377982
69500	-1143.5055668327389
69600	-1111.3476410530482
69700	-1084.3290832862037
69800	-1085.531816116075
69900	-1103.962450630255
70000	-1117.2831889469205
70100	-1145.2622945577734
70200	-1093.2953653508623
70300	-1122.6736791534765
70400	-1111.622653510922
70500	-1196.1596265657236
70600	-1238.6014950000247
70700	-1193.0203750697622
70800	-1206.3637976349112
70900	-1211.8295141313945
71000	-1181.71229090616
71100	-1207.359459766218
71200	-1224.0868605196704
71300	-1188.7012182652245
71400	-1218.7519579310424
71500	-1208.9285032424898
71600	-1199.6021693849343
71700	-1239.4872282548736
71800	-1246.571952291075
71900	-1230.0964987108916
72000	-1249.566476819691
72100	-1245.5363813740012
72200	-1195.8483193532782
72300	-1271.7049827633512
72400	-1211.5218596982172
72500	-1300.5804906559658
72600	-1227.4918363359316
72700	-1323.820174322313
72800	-1375.0076142322305
72900	-1216.0732707949417
73000	-1280.3224687133445
73100	-1202.4851831653637
73200	-1210.4848464333031
73300	-1177.3608886040627
73400	-1232.6180112074424
73500	-1313.0538668395957
73600	-1316.9556176205706
73700	-1236.760364080213
73800	-1262.662094995811
73900	-1252.1272313724323
74000	-1227.4500043329235
74100	-1193.2109653306666
74200	-1185.3772481794272
74300	-1157.3270790319802
74400	-1124.064933323174
74500	-1146.9300442368105
74600	-1139.2285600702762
74700	-1104.100149857115
74800	-1108.4629811296304
74900	-1127.337895345049
75000	-1114.8044096262888
75100	-1145.119828084375
75200	-1146.6741810257722
75300	-1156.1682064732242
75400	-1173.5693852114389
75500	-1277.4701427699802
75600	-1167.7554334525287
75700	-1107.9953208820336
75800	-1163.8358019068246
75900	-1169.510471273958
76000	-1152.9875915677621
76100	-1121.7106763220338
76200	-1123.654697423988
76300	-1130.8364961260672
76400	-1134.0771323838703
76500	-1138.6128806239303
76600	-1107.6501759772223
76700	-1078.9712800904879
76800	-1102.486868410105
76900	-1152.0952720477421
77000	-1117.614474743104
77100	-1071.396272518919
77200	-1111.5707035213009
77300	-1096.4065942769455
77400	-1118.888326577485
77500	-1132.9406108041724
77600	-1053.8551568972712
77700	-1066.6379002504493
77800	-1100.4040506181218
77900	-1161.0012902694612
78000	-1124.2677137661105
78100	-1089.7385415666017
78200	-1107.4356032544304
78300	-1114.5275628079842
78400	-1158.0462517044757
78500	-1095.549563494448
78600	-1093.7729308325702
78700	-1112.8776104985538
78800	-1077.8291354793612
78900	-1119.7449656004171
79000	-1097.3142747075738
79100	-1102.5112016317453
79200	-1104.798025916465
79300	-1085.2474191691865
79400	-1069.6341732000926
79500	-1065.9993400486828
79600	-1083.8759063226094
79700	-1115.3101753642302
79800	-1109.8982939883065
79900	-1138.0198315267244
80000	-1110.0791892015482
80100	-1099.603310273169
80200	-1124.6223566945873
80300	-1193.339959683349
80400	-1087.2725686548188
80500	-1105.9119840821434
80600	-1071.694646878561
80700	-1079.5296989502401
80800	-1093.7366164637199
80900	-1050.2921993720988
81000	-1134.712076288596
81100	-1127.161592976697
81200	-1154.363295129558
81300	-1127.1652991250378
81400	-1117.1241114721265
81500	-1132.1873534264914
81600	-1167.6310727357366
81700	-1110.1612328562817
81800	-1080.5773733967833
81900	-1096.8739873463676
82000	-1080.5038440507878
82100	-1107.8779309686452
82200	-1130.2482483192223
82300	-1127.395834839703
82400	-1125.1017501631234
82500	-1140.6249688638165
82600	-1175.4241848192644
82700	-1170.1347696858363
82800	-1146.2833177883315
82900	-1148.98051933145
83000	-1133.6497940035213
83100	-1084.721815404838
83200	-1072.173152094875
83300	-1107.923575102551
83400	-1116.1803511967823
83500	-1149.8343580483759
83600	-1158.952726620262
83700	-1148.5162530352227
83800	-1148.243074730259
83900	-1167.938527898938
84000	-1164.1605640137507
84100	-1163.525193991072
84200	-1210.4974675211456
84300	-1173.2643354594645
84400	-1205.0096165477928
84500	-1154.0661482351206
84600	-1192.4078669844882
84700	-1211.5930696599728
84800	-1206.4726675668305
84900	-1201.893272286855
85000	-1189.0394159328473
85100	-1198.5153058056046
85200	-1260.9973854053605
85300	-1222.641053028924
85400	-1187.0375625323363
85500	-1151.6306788680572
85600	-1157.2510911423228
85700	-1182.343435413179
85800	-1283.7986886838028
85900	-1237.6591653503037
86000	-1201.9152003635606
86100	-1189.2785351102873
86200	-1238.2374709666487
86300	-1166.7715370639805
86400	-1180.8041300857751
86500	-1171.2833736477505
86600	-1171.4669275464562
86700	-1152.630428364039
86800	-1158.8484942360988
86900	-1168.7598846310254
87000	-1172.5576678769467
87100	-1169.3284198721074
87200	-1229.7839238212566
87300	-1181.4083386508714
87400	-1200.9281797255908
87500	-1209.5337336396344
87600	-1161.917557688286
87700	-1166.130019282979
87800	-1136.4145228863224
87900	-1166.9895390386548
88000	-1165.2669304280203
88100	-1170.1878563766354
88200	-1113.3399052459838
88300	-1111.8656064053514
88400	-1118.953370984666
88500	-1121.2348975820205
88600	-1172.0861061733267
88700	-1147.2287716252126
88800	-1156.937625223837
88900	-1138.4669504316048
89000	-1174.4135888387348
89100	-1182.0709388342605
89200	-1162.7675723644556
89300	-1164.3729754344854
89400	-1170.0031675782664
89500	-1163.0473251551655
89600	-1183.5394373188153
89700	-1227.4014263629942
89800	-1207.8066361475514
89900	-1215.572657756661
90000	-1195.0451652568756
90100	-1194.5275604505675
90200	-1228.9618043394078
90300	-1179.5696695260006
90400	-1171.8398967767353
90500	-1166.8173515335939
90600	-1152.3280370579287
90700	-1127.9514754585853
90800	-1095.8615328598457
90900	-1099.2560531348836
91000	-1180.317319281563
91100	-1123.132693293054
91200	-1138.9081915466081
91300	-1145.1230345940703
91400	-1179.9516138102847
91500	-1174.2644066307678
91600	-1156.6613338858378
91700	-1191.5880103240027
91800	-1113.4125151736694
91900	-1176.1298239119171
92000	-1139.387503198339
92100	-1125.8936215073134
92200	-1095.7111102685299
92300	-1097.1107331011633
92400	-1090.5980696984252
92500	-1091.895432677063
92600	-1096.7423000506021
92700	-1147.3966867726663
92800	-1158.2147268752024
92900	-1118.3315821095202
93000	-1145.504429684332
93100	-1170.2959525832548
93200	-1141.00127349536
93300	-1201.6338196445827
93400	-1201.9274379732915
93500	-1303.7137328495935
93600	-1206.462752728758
93700	-1223.606671254275
93800	-1229.5160791767435
93900	-1187.1429229795
94000	-1122.6927468964054
94100	-1132.2130251156166
94200	-1147.9202982328673
94300	-1137.1644815543186
94400	-1161.7528380537342
94500	-1120.5518150669325
94600	-1139.3991536884175
94700	-1149.6524753739573
94800	-1195.8223773677869
94900	-1205.7859382826443
95000	-1192.3675911708742
95100	-1175.0717603128537
95200	-1157.2969085741179
95300	-1159.8080562436096
95400	-1158.2974024913592
95500	-1177.3699070203877
95600	-1146.3319084316688
95700	-1239.2844325801564
95800	-1178.8466448706138
95900	-1157.0573851280192
96000	-1179.5474773660806
96100	-1247.5420091947242
96200	-1240.0108061518579
96300	-1271.45946341159
96400	-1239.7934916539612
96500	-1238.1321112370783
96600	-1225.8932291818348
96700	-1213.481580480599
96800	-1227.5053759713592
96900	-1231.497494819952
97000	-1206.4538440622002
97100	-1241.9021615006295
97200	-1312.583347910116
97300	-1325.284869673278
97400	-1297.9045948559738
97500	-1243.2383989739953
97600	-1255.0720016136295
97700	-1173.8471830996539
97800	-1192.2259148911032
97900	-1195.68979750133
98000	-1234.0805824175084
98100	-1245.9339924185751
98200	-1167.7861527023892
98300	-1183.2542529641814
98400	-1165.202601131406
98500	-1205.2990647007487
98600	-1177.4576019107262
98700	-1297.3754225668881
98800	-1257.8264777363338
98900	-1220.137870621397
99000	-1281.6891558043935
99100	-1345.306460855499
99200	-1243.5773003084753
99300	-1325.039652970973
99400	-1185.897178421846
99500	-1168.9875320990282
99600	-1171.2685090841048
99700	-1184.1062016072428
99800	-1143.0106592495129
99900	-1163.452003124111
100000	-1176.1133980430739
