#
#model:
#
#<?xml version="1.0" encoding="UTF-8" standalone="no"?><input id="posterior" spec="beast.core.util.CompoundDistribution">
#    <distribution id="prior" spec="beast.core.util.CompoundDistribution">
#        <prior id="lambdaPrior.Ai" name="distribution">
#            <parameter id="lambda" lower="0.0" name="x" spec="beast.core.parameter.RealParameter">10.0</parameter>
#            <Gamma id="Gamma.0" name="distr">
#                <parameter estimate="false" id="RealParameter.1" name="alpha" spec="beast.core.parameter.RealParameter">2.0</parameter>
#                <parameter estimate="false" id="RealParameter.2" name="beta" spec="beast.core.parameter.RealParameter">200.0</parameter>
#            </Gamma>
#        </prior>
#        <distribution id="snapprior.Ai" lambda="@lambda" spec="snap.likelihood.SnAPPrior">
#            <parameter estimate="false" id="alpha" lower="0.0" name="alpha" spec="beast.core.parameter.RealParameter">11.75</parameter>
#            <parameter estimate="false" id="beta" lower="0.0" name="beta" spec="beast.core.parameter.RealParameter">109.73</parameter>
#            <parameter estimate="false" id="kappa" lower="0.0" name="kappa" spec="beast.core.parameter.RealParameter">1.0</parameter>
#            <parameter id="coalescenceRate" name="coalescenceRate" spec="beast.core.parameter.RealParameter">10.0</parameter>
#            <tree clusterType="upgma" id="Tree.Ai" nodetype="snap.NodeData" spec="beast.util.ClusterTree">
#                <taxa dataType="integerdata" id="snap.Ai" spec="snap.Data">
#                    <taxonset id="SthBarrington" spec="beast.evolution.alignment.TaxonSet">
#                        <taxon id="SthBarrington_BT10a1" spec="beast.evolution.alignment.Taxon"/>
#                        <taxon id="SthBarrington_BT8a1" spec="beast.evolution.alignment.Taxon"/>
#                        <taxon id="SthBarrington_BT9c1" spec="beast.evolution.alignment.Taxon"/>
#                    </taxonset>
#                    <taxonset id="MtWilson" spec="beast.evolution.alignment.TaxonSet">
#                        <taxon id="MtWilson_MW12bm" spec="beast.evolution.alignment.Taxon"/>
#                        <taxon id="MtWilson_MW5bm" spec="beast.evolution.alignment.Taxon"/>
#                    </taxonset>
#                    <taxonset id="Termeil" spec="beast.evolution.alignment.TaxonSet">
#                        <taxon id="Termeil_Te3bf" spec="beast.evolution.alignment.Taxon"/>
#                        <taxon id="Termeil_Te3c1" spec="beast.evolution.alignment.Taxon"/>
#                    </taxonset>
#                    <taxonset id="Broadwater" spec="beast.evolution.alignment.TaxonSet">
#                        <taxon id="Broadwater_BW10af" spec="beast.evolution.alignment.Taxon"/>
#                        <taxon id="Broadwater_BW19cf" spec="beast.evolution.alignment.Taxon"/>
#                        <taxon id="Broadwater_BW31am" spec="beast.evolution.alignment.Taxon"/>
#                    </taxonset>
#                    <taxonset id="Kerewong" spec="beast.evolution.alignment.TaxonSet">
#                        <taxon id="Kerewong_Ke18dm" spec="beast.evolution.alignment.Taxon"/>
#                        <taxon id="Kerewong_Ke21b1" spec="beast.evolution.alignment.Taxon"/>
#                    </taxonset>
#                    <taxonset id="Dampier" spec="beast.evolution.alignment.TaxonSet">
#                        <taxon id="Dampier_Da11a2" spec="beast.evolution.alignment.Taxon"/>
#                        <taxon id="Dampier_Da19a1" spec="beast.evolution.alignment.Taxon"/>
#                    </taxonset>
#                    <taxonset id="MaresForest" spec="beast.evolution.alignment.TaxonSet">
#                        <taxon id="MaresForest_MF13a1" spec="beast.evolution.alignment.Taxon"/>
#                        <taxon id="MaresForest_MF17am" spec="beast.evolution.alignment.Taxon"/>
#                    </taxonset>
#                    <taxonset id="Olney" spec="beast.evolution.alignment.TaxonSet">
#                        <taxon id="Olney_Ol20bm" spec="beast.evolution.alignment.Taxon"/>
#                        <taxon id="Olney_Ol4bm" spec="beast.evolution.alignment.Taxon"/>
#                    </taxonset>
#                    <taxonset id="NthBarrington" spec="beast.evolution.alignment.TaxonSet">
#                        <taxon id="NthBarrington_BT4a2" spec="beast.evolution.alignment.Taxon"/>
#                        <taxon id="NthBarrington_BT6a1" spec="beast.evolution.alignment.Taxon"/>
#                    </taxonset>
#                    <taxonset id="Cumberland" spec="beast.evolution.alignment.TaxonSet">
#                        <taxon id="Cumberland_Cu12a1" spec="beast.evolution.alignment.Taxon"/>
#                        <taxon id="Cumberland_Cu6a1" spec="beast.evolution.alignment.Taxon"/>
#                    </taxonset>
#                    <taxonset id="Dorrigo" spec="beast.evolution.alignment.TaxonSet">
#                        <taxon id="Dorrigo_Do2c2" spec="beast.evolution.alignment.Taxon"/>
#                        <taxon id="Dorrigo_Do5bm" spec="beast.evolution.alignment.Taxon"/>
#                    </taxonset>
#                </taxa>
#                <parameter id="RealParameter.0" lower="0.0" name="clock.rate" spec="beast.core.parameter.RealParameter" upper="0.0">1.0</parameter>
#            </tree>
#        </distribution>
#    </distribution>
#    <distribution id="likelihood" spec="beast.core.util.CompoundDistribution">
#        <distribution data="@snap.Ai" id="treeLikelihood.Ai" pattern="coalescenceRate" spec="snap.likelihood.SnAPTreeLikelihood" tree="@Tree.Ai">
#            <siteModel id="MutationSiteModel.Ai" spec="beast.evolution.sitemodel.SiteModel">
#                <parameter estimate="false" id="mutationRate" name="mutationRate" spec="beast.core.parameter.RealParameter">1.0</parameter>
#                <parameter estimate="false" id="shape" name="shape" spec="beast.core.parameter.RealParameter">2.0</parameter>
#                <parameter estimate="false" id="proportionInvariant" name="proportionInvariant" spec="beast.core.parameter.RealParameter">0.0</parameter>
#                <substModel coalescenceRate="@coalescenceRate" id="MutationModel" spec="snap.likelihood.SnapSubstitutionModel">
#                    <parameter estimate="false" id="u" lower="0.0" name="mutationRateU" spec="beast.core.parameter.RealParameter">1.7346278317152102</parameter>
#                    <parameter id="v" lower="0.0" name="mutationRateV" spec="beast.core.parameter.RealParameter">0.7024901703800787</parameter>
#                </substModel>
#            </siteModel>
#        </distribution>
#    </distribution>
#</input>
#
Sample	posterior	likelihood	prior	theta0	theta1	theta2	theta3	theta4	theta5	theta6	theta7	theta8	theta9	theta10	theta11	theta12	theta13	theta14	theta15	theta16	theta17	theta18	theta19	theta20	TreeHeightLogger
0	-2241.9992907865626	-1202.6092733828834	-1039.3900174036794	0.11725812448042405	0.13105865762200927	0.09037612360830441	0.032084019143422515	0.10736641692345289	0.0874784332092708	0.10718543373910615	0.12655125935718817	0.0831587011693972	0.1472301636691184	0.12831584908117682	0.10553284294489808	0.09195903606341357	0.0791650104198888	0.17022598607734804	0.06578991754046169	0.09990450543434648	0.09134852012075766	0.10373672912026069	0.09663065350774042	0.13806875308114583	0.19434995039148514
1000	-2282.224639946478	-1243.1725078615495	-1039.0521320849284	0.13537223047882996	0.13078648137791907	0.12480950190310987	0.11449678930226406	0.10930424216735501	0.0664709068112674	0.11830059015400116	0.11587245912097115	0.1023979501123476	0.08230365231272893	0.12328639845315197	0.05470653758748763	0.05016486316030429	0.04854610822430965	0.08020439677324288	0.10334087616411751	0.08128909983220109	0.07258735694570889	0.0917142632659543	0.07567580225409644	0.046050123338151075	0.10286284868875079
2000	-2199.6993901453825	-1162.6365069515425	-1037.06288319384	0.06559063408563635	0.08464875454035542	0.09628485591821133	0.090946750440949	0.044941749226411865	0.11574283807458198	0.19570458370494126	0.08136828233372098	0.08999461877746151	0.12985046445473264	0.10455543254081255	0.11931003048220176	0.11803205596771724	0.06248769289714105	0.07661101915552747	0.09472837534516851	0.09080705438762615	0.04296108071453007	0.11996349006365206	0.09825774892081623	0.09249722363250018	0.12260946944220813
3000	-2214.013280820668	-1176.410284613018	-1037.6029962076502	0.0809605749304612	0.12435817192073934	0.1361796958411335	0.10354552637715257	0.11807880818599285	0.08205509558612668	0.08701044305374149	0.11397982594029522	0.08815768173210961	0.13773342355834328	0.1250694954340174	0.13799073650521204	0.15098874464606776	0.057624835517594106	0.0602686624742048	0.13340257053299312	0.07428073574037457	0.06391939728361944	0.15049610325110224	0.08369637997479265	0.0448003339807459	0.1481960195536229
4000	-2245.2943259718413	-1216.3536214131807	-1028.9407045586609	0.10141821470509811	0.12125698368662048	0.08899579738416648	0.09040824188984971	0.0642987574774482	0.09727669176142982	0.08955312990254537	0.13840010407423345	0.19964641913896597	0.15863109773222517	0.10532996017600975	0.07967571597769342	0.11169981854154563	0.10584561957588297	0.12341165655696193	0.07128846061131258	0.12632060074683216	0.1405830521605937	0.09266378643539686	0.13796989959109587	0.17876707550617985	0.11301919148661572
5000	-2276.995081942712	-1245.1703757603277	-1031.8247061823843	0.11762855989010071	0.06369784282118203	0.10211672085322392	0.07910024386125684	0.14287586248512507	0.09284720416736096	0.09857046762120043	0.11858427943814948	0.10000447558132174	0.08125108474239935	0.12600714822888676	0.11960205018957556	0.11690485823490723	0.07932871500988492	0.07289767194416563	0.15499511314682377	0.10828502599241716	0.0836261848630989	0.06417481583239992	0.08535386312904805	0.05629979311617476	0.11225698584933315
6000	-2222.3212757809138	-1183.7195143443328	-1038.601761436581	0.11486747373066322	0.100388039781458	0.08080068449307437	0.15439103681122987	0.13136121590476532	0.14354286919695658	0.13678302832934136	0.10154535561918097	0.10052146655536799	0.0943505918158506	0.1310988029834718	0.10281678509123363	0.08787034067449753	0.0673630143388656	0.1256406199259142	0.11179734089282346	0.11217385719040698	0.18649407044219646	0.11488321449251473	0.0806042603349787	0.08912060059353735	0.3193318019088634
7000	-2188.479181018896	-1147.0524392142197	-1041.426741804676	0.067100068003375	0.06760302972265018	0.0743367669436883	0.09553232910851736	0.17610991784733732	0.10184238104703407	0.1265761307552974	0.051545405580867905	0.10492951098931277	0.0900503286448414	0.08041927785865656	0.10635658595866623	0.10027008068932634	0.09771633043519372	0.14617592767099719	0.09277078670087399	0.11892792404860178	0.11036240892843177	0.13418407608944533	0.0878825882154455	0.17908092103462345	0.1904404432418255
8000	-2165.5757802037897	-1129.904914901881	-1035.6708653019084	0.15049679518984482	0.15437484324860995	0.10630117615970155	0.08235113763856408	0.12274338005104311	0.10730681304778146	0.06343818352931228	0.08469426218093813	0.11983170399933633	0.06080688894907876	0.08214566646595706	0.10590749259811937	0.09209623577682838	0.09466695653421382	0.13217494604347818	0.11625595335948032	0.07579484700781729	0.09752234586034335	0.11928472074723348	0.08108636461412161	0.14006861797464545	0.18152209252776974
9000	-2245.916656116464	-1220.9775519264363	-1024.9391041900274	0.09750981498980704	0.15661826354764735	0.08555297128044068	0.09524288666410706	0.08620638884949615	0.17253704144218587	0.084505221563931	0.14938535080885085	0.08046955515501758	0.12842832381167985	0.08380774737593097	0.12112083305320108	0.11198795138304107	0.0498981652914121	0.11501952791716485	0.08772393682645321	0.10981639908262261	0.16167983183267007	0.13459587312824106	0.09682796838490483	0.09551052662956158	0.06269964520117942
10000	-2219.466407373374	-1174.956102483319	-1044.510304890055	0.11236732410569998	0.1976727477907152	0.0995454587038627	0.07442057155522849	0.15770347143909538	0.05049947322685521	0.11131368691676781	0.09882059863058501	0.1392247378718296	0.06854614555912993	0.12305840217798879	0.08410756503249976	0.066603514370388	0.0818220507779868	0.05464560313598215	0.080663424830608	0.09500495828441952	0.09981308107360909	0.10501834555372636	0.08054833097787392	0.14019949367926784	0.1966490261915394
11000	-2262.5959798861913	-1230.4380644263333	-1032.1579154598578	0.08783245406902322	0.09684580294413264	0.0651352688275985	0.10877295239513061	0.1074674226198752	0.13407165329643128	0.11710172625255635	0.09051567394272288	0.15658382683032143	0.12538933167003802	0.1565304715728689	0.13514204560334114	0.17630676862433778	0.05698673571558272	0.09329812705132415	0.18238515159892943	0.10527996644907317	0.11591877208181298	0.14814253212530776	0.10418528590116286	0.09387473809669712	0.1391279855750676
12000	-2211.987884076969	-1174.3915818307203	-1037.5963022462486	0.08873419937544334	0.10884605235873936	0.13135003133485135	0.0972653600850537	0.09333968365520015	0.1248464742923054	0.11635854082848314	0.12970976452891794	0.1227575436293427	0.08195772798292697	0.12580138203282604	0.1162920024174874	0.08383319933657926	0.09493914191041987	0.05102192192611349	0.0816713553430626	0.10798539891165423	0.1042102341636775	0.15211387609167454	0.07936234451513563	0.08479087647506342	0.41644799212309636
13000	-2242.571816327044	-1209.8415329218017	-1032.7302834052425	0.11943881746471198	0.17735102549638646	0.07461989894729365	0.08936217699857148	0.0752357069126808	0.1357841142971866	0.09799411195738773	0.11238014799881173	0.1377732661925486	0.13173006916915114	0.14341561223094382	0.08609127079323374	0.13802870015645963	0.1312667063725261	0.11584946523733487	0.11790291020986045	0.08672673351613787	0.07699811526256667	0.13677457654574293	0.08835964822313044	0.08557061113313064	0.2236963356527008
14000	-2141.3464390937484	-1102.5154789909982	-1038.8309601027502	0.10902966534884462	0.049904222832776	0.09505090832818544	0.06989318014521823	0.08199782744350013	0.15716293836580264	0.10978613899049211	0.10970633655965195	0.056042833574518856	0.10790793104409002	0.1504588583621726	0.11931200768872997	0.0837705451935353	0.1233865082767575	0.11782201082587362	0.11386624181136028	0.08050216339182725	0.097298807169381	0.10377980687840614	0.13377981280156134	0.08636804057283667	0.34285840864321826
15000	-2172.0961341341717	-1147.5761511173182	-1024.5199830168538	0.08767272785968308	0.08654143185097575	0.0724513414207571	0.1131653810341134	0.08291116269307341	0.09740885680635789	0.1286533211655434	0.10669695167129434	0.132735660244886	0.08407613927308515	0.12708739639383335	0.12461005498613438	0.17295545717549313	0.06683069198802763	0.08797002923493519	0.12622915587747954	0.13999644256166668	0.1451107864603732	0.12195354380230823	0.1131497754946461	0.12199878808307847	0.12769197230669874
16000	-2132.6789536640144	-1096.6459283152526	-1036.0330253487616	0.11092208361783158	0.07449654235555435	0.11336765402564	0.0853631774441579	0.10657756057030375	0.08066031967758075	0.0909960295484472	0.15553414807195295	0.10388136041737915	0.07627115070496117	0.1842671103021401	0.08422416098642246	0.07915610019354329	0.11878179137476536	0.10326511592985804	0.08073598656537674	0.06271600176411184	0.08632243229188893	0.09045126499923306	0.13627740251628223	0.08167962788494	0.22909552622951182
17000	-2254.133392900497	-1223.7577050888026	-1030.375687811694	0.14702938079075337	0.06980603263263581	0.09059737074052478	0.10374513716077623	0.07900278872728118	0.0905703242107157	0.059003967848374625	0.12962044934411407	0.08406628612037821	0.07478686847962336	0.09683343044522674	0.13943441877444382	0.11104790664696985	0.08284358137339505	0.05444532418761108	0.09884071770726678	0.09297605478514055	0.07213196146833203	0.10152221960406049	0.1308080832382533	0.1314245020298668	0.06584839074772993
18000	-2201.5699569342214	-1171.3478398252103	-1030.222117109011	0.15558489139654974	0.09293066582335226	0.1420203726291113	0.07359635352053305	0.1205188887984686	0.12168723882387346	0.0611021350648174	0.12774484724092655	0.042824959435265576	0.10866167529834908	0.12502495144288525	0.14939630502435483	0.14250913347564154	0.05732741273898143	0.1733681966992384	0.10052910825597058	0.13933013747158074	0.10552217566327243	0.11935725652246605	0.09546014219507416	0.07601518895133866	0.08877670367016895
19000	-2124.703330852443	-1088.9642932369368	-1035.739037615506	0.0805437810730571	0.09073642664140312	0.09096297297699077	0.09359689610788097	0.13975177902409314	0.12351188719087924	0.11253087356127796	0.16040454224394693	0.10120847273950194	0.07853489866348616	0.1135078938511435	0.08434047083839599	0.07681167890311674	0.11746023709406977	0.06834753048848816	0.08397048776224357	0.10681314613150247	0.1206213394267541	0.1912174630836996	0.062073967412028155	0.1197168568191263	0.23333398956628507
20000	-2154.3633039861666	-1115.925676935894	-1038.4376270502726	0.1437429816732045	0.1517623563485473	0.062356674779784876	0.11036365363040027	0.12384687991949114	0.12765254220887995	0.10008968723548893	0.13350221657354489	0.11613635048837258	0.13576796827487325	0.0866352791570961	0.08824583620270911	0.06769432143591421	0.0867535557398392	0.12174641458865973	0.04252258118040796	0.07767829983451455	0.11604502716896951	0.0876612899115579	0.11086825863239431	0.0690875996660666	0.1779660149856657
21000	-2128.2848198915144	-1099.0425109971673	-1029.2423088943474	0.07759468482549102	0.14298796551668158	0.08618913091427391	0.1046845697071392	0.14325324264526595	0.1266325060918436	0.08390580327617936	0.10198329415798815	0.07675321732394706	0.11927406354933048	0.06576553718164922	0.11204298829656939	0.13731917486000034	0.07746068810532175	0.11203894912410273	0.13508161160205573	0.101147167291154	0.13189814605841355	0.07647369641040215	0.11331500714701784	0.10545403292152263	0.1455983216124593
22000	-2164.168160085121	-1128.263581097981	-1035.9045789871402	0.08829260424307633	0.10856105377352634	0.059424053470672034	0.08455313753328261	0.09746992590095906	0.11116976396659624	0.05769522361414898	0.09777533208438118	0.13065133723659425	0.11509410538633107	0.07651087629638487	0.07469501900669955	0.18706477556081275	0.059572356628731	0.11049449241255274	0.10615314196479626	0.11411231984144302	0.10486662489312808	0.13339957494975282	0.12925336054023018	0.1381145681149152	0.14451589375216892
23000	-2244.690080102191	-1209.9375681012034	-1034.7525120009875	0.07941205618277387	0.11792234511932612	0.08598516503320192	0.21258845278595861	0.1307107216872518	0.11530885521947308	0.08148534625917925	0.11695230212822216	0.1078126960011644	0.08849620444226668	0.13828672452962854	0.11194478153413671	0.0669499152676636	0.11051257746941333	0.1138093148829193	0.09032955087845748	0.1259973966244885	0.08795437760923226	0.1397546179548569	0.1273218124081731	0.15778393924182568	0.17216539668523137
24000	-2185.2066604663273	-1150.355271367455	-1034.8513890988722	0.06705952415490105	0.10678261303856683	0.08332412395384312	0.10513592502989132	0.11467931685926668	0.12301325369075544	0.11738470962629134	0.09492288939476208	0.13874305562473804	0.0452621834087329	0.0774189608044209	0.10362276270711424	0.16399714456755607	0.1095296994510352	0.08964350342361159	0.10381808784065606	0.15986373762350353	0.08042722379970468	0.11933855570184529	0.13263753546463647	0.09619934055169468	0.17855079047894074
25000	-2212.5645333238294	-1173.4076627356576	-1039.1568705881718	0.16183888520915446	0.08183879215716569	0.10435732813757741	0.170121477978923	0.08151126039931259	0.09810039199367176	0.15365759925862307	0.08391091147962101	0.10137583769917434	0.12750132742161574	0.08455673052610292	0.08919435474386951	0.1408528135933236	0.08047283054886875	0.07141422417519014	0.08479910618883303	0.15326108808481032	0.10259959307477702	0.11360916784590187	0.11516348675246138	0.07254550384589463	0.32078444153436714
26000	-2237.977965548541	-1206.7245803611686	-1031.2533851873723	0.08321314864557044	0.08974876157755968	0.08130537362750723	0.08188010720788912	0.07513161154863546	0.1589537740120132	0.08115664003966817	0.11569132475802181	0.06390924983442332	0.1472297697513863	0.1484522037239239	0.11159896674973226	0.1127000242583524	0.09576948912763537	0.13960394294345713	0.08303326013082601	0.08922291314589693	0.09031752837584474	0.05661017341288887	0.0672863982030035	0.12914200375458174	0.15894636205148963
27000	-2176.6520134546627	-1134.9159690779368	-1041.7360443767259	0.10461182953509564	0.10439207128478008	0.09536641559457718	0.03639490741172571	0.15371858791831394	0.09289260684031056	0.10444169266838844	0.07484165922940074	0.06889505603356903	0.09358124205408778	0.09229983135389437	0.1452684974097787	0.08152348025005661	0.049790462321741356	0.07032808310853021	0.16362398883362822	0.09359048901757255	0.0732865390868298	0.043470666317591215	0.10709523189810981	0.10683394204555023	0.13583233076425794
28000	-2171.4046055494455	-1135.6079002126949	-1035.7967053367508	0.09353882166095935	0.16668049089137615	0.10048654974587362	0.1206948028988917	0.0975012673074673	0.10749031676213658	0.09998985140077912	0.06496292970668213	0.08853999667679661	0.08409381430556735	0.0631481667714816	0.14718877562828522	0.09156479519299457	0.058411261774973536	0.09642604354917125	0.11633029346949465	0.13132212190342574	0.058560325565147765	0.09816869987300582	0.12130450412697778	0.08073546906369738	0.1893491561394176
29000	-2128.3744889002874	-1098.1544094010371	-1030.2200794992505	0.12944296672979236	0.12063599647673055	0.0804716504813067	0.09785278173025007	0.08131307214604168	0.11354799475987397	0.1361205348387186	0.10003383420134873	0.10774390616422753	0.07496221391395136	0.11770408554198658	0.05850396529777804	0.09268247541472507	0.0987503576325729	0.1307562030018681	0.07595464650086692	0.10183603091113215	0.11817256420666471	0.09892893178391485	0.10377520897155543	0.05962691498561844	0.16212315851396283
30000	-2133.3762984618525	-1097.1283558409789	-1036.2479426208738	0.15699705544975825	0.0743288210379204	0.10057434982903837	0.130723910206578	0.17350015774553293	0.12499617348713832	0.11643965065951664	0.09212293671909559	0.06020648740241137	0.12599149399223813	0.07412661571342374	0.09991864023670198	0.13138008640663792	0.06406587668590585	0.0563325813944982	0.05836818470190015	0.07640194572531814	0.10029430538590639	0.10977828953629139	0.06850075795010718	0.09502420499027928	0.1451522060229597
31000	-2158.1286489150843	-1119.5354687070992	-1038.5931802079854	0.12306987069006739	0.0736920367792367	0.16560644011976516	0.09340410310069194	0.1078641355866716	0.10292098333493462	0.11871824558768826	0.08243801121107197	0.06443559749239043	0.10762821702659311	0.07001677878649952	0.11857515233941138	0.13365267865612912	0.14224976373393783	0.10923474176657116	0.09061628680550214	0.059503346164751524	0.09585642019171481	0.08166766153791123	0.08789334714624175	0.1313841060663345	0.23186294018475917
32000	-2137.3818492065616	-1100.6248773925943	-1036.7569718139673	0.12738955863316415	0.1593313270794905	0.15270074552788146	0.12380192154736604	0.061379653330140095	0.08208325883935147	0.08977764060604532	0.09639689520797773	0.11795240499678347	0.13280016619005974	0.09122024948332438	0.10762819414940336	0.12047619413757382	0.07849486831973408	0.10552299094239785	0.05849864771150715	0.08342813548061456	0.08984291033016246	0.11292033474026884	0.10189994196266956	0.05776534324250001	0.2606702069966087
33000	-2227.9907740335407	-1182.427693340301	-1045.5630806932397	0.12636523054257423	0.07943408523180567	0.09679199355841196	0.07723338849333783	0.07372186800452565	0.06838835298513943	0.13922203395396318	0.09781056882125971	0.14315972074336675	0.11147480656300822	0.16785910236474882	0.06237829678855633	0.07588520599321703	0.05076557369177706	0.13307471787400216	0.12713473302364806	0.06728544160803653	0.20266722281194335	0.17984651556437148	0.12120752771533588	0.17602946698242042	0.2146846066123371
34000	-2268.5919175606923	-1241.3524976882152	-1027.2394198724771	0.12440829148618099	0.11739879912481814	0.08715372165192184	0.11032909717073704	0.09524237079990219	0.07841298590862343	0.09429359777084108	0.05878818238751585	0.12584322249218666	0.1017556492231438	0.10310977176411619	0.08850427559546921	0.06067303393040957	0.08875641291617363	0.11965643353787304	0.09864409633354285	0.13221489490329089	0.1269691861759408	0.08739333749122419	0.12032755277844057	0.10121771516932201	0.12522033043045402
35000	-2199.988531851175	-1167.7540670228987	-1032.2344648282765	0.09272557493639	0.06009220193490125	0.09763068301866559	0.09849095484327774	0.07383513524278965	0.14175037814651814	0.11983987242009483	0.11293683435127276	0.1017469540321351	0.15015283537560037	0.10161958303236937	0.10519482574373004	0.09242912116161513	0.092089815350715	0.10006852156583625	0.11930288336843804	0.09987986894735083	0.10033958237621479	0.10685666488895579	0.10921446617282828	0.07329607610370964	0.22888324454967618
36000	-2213.8149956834113	-1180.47655413789	-1033.3384415455214	0.1071616659660483	0.10677275555045965	0.13258142811437354	0.06433639949387232	0.16640198945020582	0.19064617402595188	0.06568781685633979	0.12617719779590617	0.10581837978285419	0.046867460429432406	0.05475116265034408	0.06707240510953978	0.0855355843424292	0.10936149212067293	0.11007348131648967	0.15492039966618198	0.10050463663508667	0.11303847403989975	0.12523783433953742	0.07676850223397948	0.07873250582513676	0.09585763077898107
37000	-2234.412931241909	-1204.4525918844233	-1029.9603393574855	0.0687318286747458	0.06295643015289434	0.06331973290110555	0.12184437619162465	0.08041562839930076	0.062083619426683036	0.1676637694929746	0.10694052001265551	0.1780309548853049	0.14619045788273025	0.07901148682074335	0.1337190585418915	0.13737105650505435	0.08991057458689376	0.0846750263913132	0.0937957736536323	0.08713640671874502	0.11488770075575885	0.09799395525391749	0.11003778800452804	0.1357485233866725	0.11400939132706778
38000	-2200.1937759346174	-1154.7241113317837	-1045.4696646028337	0.1311055126188384	0.07506963911003181	0.11695686251297327	0.09908858750090105	0.08148874651056918	0.07251613148062216	0.07186146417888178	0.09659657114756415	0.182405806236	0.06642473522623353	0.08623530158463838	0.09611537872942716	0.17551454672033254	0.07105167562810985	0.10824590104110841	0.17470315527837357	0.07179804916701228	0.092730105375472	0.1399278838103512	0.1681068598924556	0.19954870002866784	0.2739178649779524
39000	-2218.796030385257	-1174.973585748558	-1043.822444636699	0.066761960631167	0.09224577630664149	0.05764542262410213	0.14658879908768058	0.07819975374502149	0.09115195349920127	0.07677394368956868	0.14900884504939568	0.09374832172084305	0.07840508089669836	0.10933985640602832	0.08195256497886855	0.1295930684628693	0.10244118233687292	0.06519043185132242	0.10865914877605945	0.16678808135308562	0.10154944362498292	0.11681502567400909	0.15074569324763404	0.10109135775263625	0.4227495673027503
40000	-2196.905928594639	-1157.9734223535495	-1038.9325062410896	0.07934303890887999	0.10274041564563807	0.16090221663726717	0.09500646728862888	0.10487606840481863	0.07877489741718428	0.05216827553456298	0.05806610028319284	0.1340277089003485	0.0974787592583655	0.10567056214299957	0.10683047181044061	0.11544812344917958	0.10447694819666861	0.1007928687195122	0.06220450776855498	0.06459898764282973	0.12147629272595455	0.07238558761098857	0.12168260599341962	0.1086033707523237	0.17835244491823685
41000	-2239.0283015802834	-1198.893977730206	-1040.1343238500774	0.08943468356391061	0.14482868666777188	0.05008408535672236	0.12073458866084581	0.09674473769498686	0.11054273076986368	0.11105419954738203	0.08806426664495189	0.09646602819318505	0.14233937207922134	0.09784482974636016	0.07134533632148647	0.06553870992774237	0.13430770250497892	0.1142840235260345	0.10108161121569961	0.11372291287514848	0.120068277496129	0.09037206315751081	0.1471271143175064	0.07079573910658393	0.34381283075006946
42000	-2148.4219315700802	-1102.7480066460103	-1045.67392492407	0.0923066581928091	0.143934597344415	0.07793623135907586	0.067021625261262	0.07418396807025447	0.06868701882561294	0.0704334553279926	0.06969828213704135	0.1980405784509797	0.13084371527593633	0.05621671064741083	0.07147451660246852	0.05742021181920641	0.07303348409335245	0.11796689619745489	0.10696100384811584	0.10198866089663801	0.053812351982496724	0.10321278005337335	0.07502533273382277	0.11925633890360077	0.15881932731983758
43000	-2255.336643798758	-1214.9005355969389	-1040.436108201819	0.05695234077978529	0.08632413976314697	0.08315602502952671	0.08999219248220422	0.12183024361215404	0.06725900333610729	0.0665423430256233	0.1290639099883667	0.1550611576469505	0.0701297132432937	0.1282506224561535	0.10139769165140637	0.04495861616930202	0.08461072207008019	0.0874710540367851	0.1150826029088708	0.0928267058852066	0.13051033546194424	0.15585984956370064	0.07849913556124907	0.07844817112078604	0.12938214942364598
44000	-2301.268044919936	-1252.0668158079413	-1049.201229111995	0.21106191023677054	0.06312951512743545	0.049142323989587074	0.07180760226806002	0.12559266466872251	0.13285720624789255	0.13645903073815957	0.1285778944484341	0.07280750578588759	0.11227719323810531	0.11188923227276547	0.08681722956813522	0.141855295657321	0.059730860865542405	0.09425775187718906	0.0776713315484281	0.08031965468595537	0.1138529413945895	0.07601410115586514	0.13643799065008114	0.24422404071373305	0.21479580966413336
45000	-2297.2377790076353	-1261.4448227546384	-1035.7929562529969	0.08978570140839477	0.131411504964455	0.1579801668737199	0.10415102262580948	0.08964644229114133	0.08721604465967975	0.0649276081809095	0.09372188703267315	0.07468506906996022	0.11419307487309856	0.0793982713142997	0.1511529169530919	0.09160130198812794	0.14102837691367154	0.12050240332639393	0.08353961501614561	0.11703999645137071	0.08698707674098508	0.11872685297399038	0.06539056660992096	0.09938439885674895	0.205508964327045
46000	-2264.9385015484977	-1235.7387642424324	-1029.1997373060656	0.10712186952879815	0.1574039384915564	0.1101812279510098	0.08709231766382337	0.11105369916726517	0.12366156236434624	0.11692287820310907	0.13546550749336372	0.08996296811260086	0.10336068324526754	0.1162243020879291	0.07762729884210795	0.11669548220091419	0.0991629258082686	0.10843636935971303	0.07091039574987103	0.15971468193719185	0.0715534696170071	0.09592907476262197	0.1047807553377359	0.08346772580885253	0.18152907215864317
47000	-2152.7204094522904	-1112.4198317031917	-1040.3005777490985	0.0901224389282314	0.056424426782783886	0.07782172055871124	0.08275308132837003	0.13629670928319146	0.06757495077061959	0.1171486997463569	0.10883389184094182	0.13073614029432348	0.14576964824690974	0.11515114558197387	0.05516549994926285	0.035772350257309814	0.10885496153820665	0.0958437728178811	0.079829752650231	0.1264770203253409	0.1034571472412433	0.05589171891733174	0.07592477219578188	0.1861159578680175	0.1287642378116158
48000	-2158.88430723923	-1120.6008778925534	-1038.2834293466767	0.052485501285121874	0.07930849321960352	0.13084499509927325	0.07917997296585011	0.1555266337040166	0.08448012514632054	0.09952785443405698	0.10354077826856864	0.14343795071355347	0.0796549501874535	0.10113878049688897	0.051134305671929885	0.07239117816221972	0.10292596782034	0.1889620819907041	0.12469838052056513	0.1196578757180901	0.14219807268524118	0.0819190292085506	0.08276377149365316	0.08505572088827995	0.16546344029695118
49000	-2182.3992122559566	-1140.187472159622	-1042.2117400963348	0.09274298959271417	0.14722064566773546	0.09605832174167935	0.07220931150023112	0.08462852818214894	0.173651901700554	0.12095411726664408	0.1024448212019479	0.07825002019632069	0.13311182526608326	0.07351059620713722	0.10423541593467911	0.18636159819108158	0.07604802363924902	0.0760831179139369	0.06122918343871727	0.13871984043156263	0.11779266604081237	0.11492307801612756	0.047329034653117705	0.06350374810561783	0.1772032561154488
50000	-2212.225983050602	-1181.032050289754	-1031.193932760848	0.1572270217963883	0.07400579861933025	0.13123408714929283	0.10397610569508502	0.13264706961042153	0.07303591623292721	0.12554234157468466	0.1043618778268617	0.07381391265371039	0.11880231542111093	0.12021837629322979	0.1335481711086415	0.1483524537987167	0.09558191929240077	0.15802069575838618	0.12913808583094646	0.1341985104559522	0.07296266188781314	0.09449020119003017	0.10227120136845176	0.16039534730574875	0.19598490117042724
51000	-2236.8091828604693	-1202.8723801347412	-1033.936802725728	0.05989154118846052	0.1342701159439239	0.11659289824009213	0.09565169251913441	0.10403075653862595	0.07655286058259703	0.11074201613613313	0.11110536262323026	0.17022092648747977	0.10448497450698134	0.12744596599762212	0.06957619264105316	0.10804826376921314	0.12083447937885222	0.11237970600125076	0.07049064287587116	0.06920628865982331	0.07359205976967685	0.09642878261031512	0.10106300028735023	0.1944516909298058	0.20703076605885504
52000	-2183.7756072612246	-1149.2206249832357	-1034.554982277989	0.1582588213238309	0.14684847883052354	0.13057235670459064	0.09044102777546964	0.09558796772188301	0.08090822278084554	0.09698184189381595	0.10837333519884909	0.14009562283561292	0.14484307324411957	0.16082556338957504	0.08815842474084316	0.14336762335872694	0.046763995532115826	0.09521744995414295	0.11607709022051521	0.06763427706630706	0.13080021203017672	0.10369789609291166	0.09918980345345797	0.08289869050318391	0.18918205680784406
53000	-2095.1336785151916	-1065.2917903356104	-1029.8418881795815	0.14494445584597498	0.10136860508698253	0.09690337322158442	0.10177224423050495	0.10776171087635242	0.14317891352045511	0.10237794792316675	0.1448279799920513	0.08911337656930572	0.07032242023468763	0.13882395945679446	0.09851629074727064	0.15227215914981224	0.09925901391875425	0.08365470844006132	0.15271319562225655	0.15361421521152852	0.0802086613974932	0.09412461798080854	0.14201286890400758	0.11091716472481433	0.21180940559966913
54000	-2159.793068263293	-1129.36535627805	-1030.427711985243	0.10299164018864619	0.12447624345398235	0.0799647402153032	0.08131259307418935	0.13596398994877387	0.09186187121985409	0.09306991617311523	0.0830703957570795	0.1195653436839811	0.13990013977829294	0.14506636418563443	0.13340493965052108	0.1293069761523235	0.09838199430414327	0.1639194117585245	0.07830916014512258	0.04597306677123437	0.1086142481520153	0.16291441088051334	0.06904264020641131	0.12429328665408165	0.15595471951234754
55000	-2108.6762857326976	-1079.6162786223988	-1029.0600071102988	0.1467757608941187	0.10591056183810339	0.09640085466852161	0.09876009363233054	0.06347091226962352	0.07332872753574539	0.20152451955561948	0.11043061069336003	0.11090139629643245	0.08170611703749428	0.11581608293086668	0.11966067785968275	0.11736581381786723	0.07954637816082451	0.10602168884135665	0.08461395591481238	0.12304685371404045	0.0890042874465322	0.08748595288240396	0.12296973350718617	0.1789748776922611	0.11581282522054205
56000	-2220.0891316349507	-1187.4076237693175	-1032.6815078656332	0.08330122959440048	0.12000560302901922	0.09613048139156562	0.0863957901846478	0.09980371011435003	0.14532401918937563	0.06229676135221643	0.09198131999098348	0.08891894026709883	0.08274078150016506	0.1273307873590248	0.09302322943485508	0.11405815712533063	0.12188693491873015	0.10069237835108906	0.10737742431872264	0.13840764170495948	0.09126071042286381	0.06427604845521584	0.10679732831383365	0.09388108207350843	0.22094425165734008
57000	-2157.2077412290446	-1116.9498815182383	-1040.2578597108063	0.06113993795748676	0.09086197786871292	0.13173303831815825	0.06917228109526662	0.09829226284170481	0.09681250459254406	0.07354653934451603	0.14593530752295425	0.15429419829293675	0.09521908609722754	0.06842323421435552	0.10272745997960335	0.12812758691006176	0.15302060977925933	0.0687498651082804	0.14084648441561923	0.15179548397290726	0.08744364922288904	0.08919074548530405	0.06164262723699003	0.11832606609841588	0.258491815973546
58000	-2197.4057723381857	-1154.1458110783794	-1043.2599612598065	0.1821077731735902	0.07444949108901402	0.1539983064755302	0.126058369475858	0.09312230146825869	0.05047475529406732	0.11986321744390685	0.13332198155684025	0.06719072329383861	0.11020715845845512	0.030726256321156033	0.1680207603885283	0.06610800576205138	0.1054693299788282	0.0993771786555445	0.1203809519830034	0.0796777658302077	0.08064505768216679	0.12589832312864108	0.09509901183379255	0.10248262989932155	0.15325109315666735
59000	-2147.3979236215637	-1105.3542289960071	-1042.0436946255566	0.044128364549247553	0.10445644364718527	0.0708483580028512	0.07037837173468686	0.09730927304091705	0.14773995801876544	0.05656711449636906	0.11556625839142308	0.08957572174265264	0.1240794755986527	0.0411625528405261	0.1407348999541925	0.07842722075990421	0.0916470752003352	0.12888978496582096	0.14114684888784268	0.105801812513562	0.12359596391945148	0.12790981167564025	0.120564073979003	0.1209044623929149	0.18910581698614365
60000	-2222.260065081494	-1195.1681167750075	-1027.091948306486	0.11793083213402604	0.09747867557823513	0.11710951624324291	0.07384258682491554	0.08457365271518391	0.1448114627957534	0.0802357498659027	0.15325484090434047	0.07146341474113131	0.09984151099855758	0.12999327438871447	0.13522340615675638	0.09276143272225765	0.13485459740071182	0.056965475638115895	0.13260300764216798	0.08729751090253265	0.07456517780405966	0.06636977801419393	0.13408237270775106	0.15131310095663572	0.10648082597845097
61000	-2111.0175991486476	-1078.0085932166364	-1033.009005932011	0.10459724351157068	0.07710566727555285	0.12128448959253958	0.11810349179208096	0.1264215060305636	0.12686657733270923	0.14211657913050735	0.09939941245969795	0.11236410526506654	0.14432521387948216	0.13019647847103566	0.0905023579913642	0.13133868190899298	0.06992196257144354	0.08212885598029072	0.11988648621588521	0.06957933392735963	0.07442139032814031	0.10246571322119187	0.10850916588960727	0.1730118293211441	0.2810458609012168
62000	-2172.959243573241	-1143.2168532190956	-1029.7423903541455	0.07018778737164681	0.0634317107818575	0.15678461680505237	0.0972989139124438	0.12856388519259818	0.11631774918943753	0.08646193598575855	0.08966713955192229	0.09509229240461035	0.082190293693005	0.13627396310669515	0.09233387331025211	0.0811311587042832	0.06171121167138833	0.09490760298940452	0.09659980547792708	0.07358393428372431	0.1231423822867825	0.0810025477281602	0.09415258648388901	0.11910033698536485	0.1104685485356588
63000	-2126.8932030314604	-1098.906096715315	-1027.9871063161454	0.08761334984160336	0.12909436795260015	0.13908177979501662	0.10125139385817505	0.15644159234951074	0.07359805273866303	0.1709812998900347	0.12603399122038944	0.1061136367533757	0.13329326503891084	0.10431896628195314	0.12853537163799386	0.10159192378850268	0.06169705584074356	0.07312652486036982	0.13346566864245232	0.13517473598210789	0.09379753105317375	0.0820043267685198	0.14461104674118094	0.07462875370654967	0.12855607065345187
64000	-2170.226058575212	-1125.7170755191407	-1044.5089830560712	0.060290673410622005	0.05782430815733171	0.06050754086189716	0.13566281397467903	0.1338430726451106	0.05555631216928013	0.08793201383549228	0.10086569819079737	0.15096025612833813	0.08399290773507909	0.06644446697875292	0.21216318762348235	0.05827043482755113	0.06637559774980697	0.1448069676936915	0.12464640697315837	0.0682041637072989	0.11479815336335605	0.12835068097359287	0.0735623887591666	0.15174375820911987	0.15808721425386713
65000	-2211.3029045103053	-1165.622934723286	-1045.6799697870192	0.14908077702170106	0.06785119728064608	0.10945493198780365	0.05405774973134109	0.16521829123684012	0.10559434343839127	0.1628269115364102	0.09907954448940083	0.06575865992776302	0.16282206253251352	0.08718224412752816	0.1148756697596294	0.10295346412414587	0.15824040076183296	0.05994984815349398	0.11484954527077496	0.14266614212464335	0.09024186033422316	0.07177394573306613	0.09458974163771583	0.0969608112598286	0.41988998876909917
66000	-2299.4262493355723	-1270.03565908938	-1029.3905902461922	0.1578473109207329	0.0789514295072576	0.13443154760561918	0.15316204156515983	0.09557696751549868	0.12732252275821915	0.08910690573917963	0.11870114676636535	0.11902987480044336	0.0989497759810622	0.06652900793973222	0.05462449843766067	0.09301730438813188	0.14873650268825084	0.0903555676171819	0.044994288911620654	0.0782258137000762	0.10551268981611582	0.1181622722010662	0.10342219858597328	0.07572985575018631	0.09276478317369911
67000	-2213.1762657320082	-1172.5139008733333	-1040.662364858675	0.1393131607695291	0.07855967215638923	0.12324107058804644	0.18611718804867913	0.06619330999590516	0.08358365352721613	0.09953292350697829	0.08427914125924758	0.1415430987821981	0.14189893359971886	0.09838414216037694	0.06582595256179438	0.06135744174069923	0.08229368503377416	0.11175542622824668	0.1654614307655644	0.07658952377712196	0.08163490282386769	0.10589862490896351	0.07778758355532736	0.07909181488259222	0.217735601891204
68000	-2279.5915061305923	-1235.1256927316356	-1044.465813398957	0.1025335817041967	0.06007773455545685	0.08990165733695143	0.14278280165120957	0.04857475377797182	0.11809662815332264	0.10153876462086178	0.1687420796841008	0.08382937924890359	0.13238161586460237	0.09286495078760833	0.08376805329079064	0.1276241295135625	0.12691744753590548	0.09881342374059389	0.09226134220515074	0.09997661916146154	0.07065137430196727	0.09339217492078082	0.15587419932695754	0.07132128069176548	0.2511728464671414
69000	-2174.1758014235925	-1143.083394033489	-1031.0924073901035	0.09966855201919245	0.10778320097410014	0.1115424150603561	0.09165414791242338	0.046986560652908384	0.07510360852359926	0.1042642594353522	0.10768115810961636	0.08143369845606432	0.10273141702610661	0.10758994127891154	0.09399994000478439	0.13998412731071003	0.11225102051512482	0.1646653107428364	0.08183476027524964	0.14381859961545046	0.15351990068072888	0.09148900715727562	0.10625584072018149	0.08303026234562715	0.12448943936239887
70000	-2148.8514324957187	-1117.2831889469205	-1031.568243548798	0.12386748236017976	0.16309015233211094	0.1235347062370241	0.1754465482047804	0.0842165297919383	0.15265540238937012	0.10105217453010054	0.05523065206323376	0.08248499063372212	0.13308714347239103	0.09843926158477596	0.08371886478891356	0.1338766499132514	0.12134513820554743	0.09239331479791506	0.10712262134991436	0.0875349517583832	0.1408064088964646	0.14035631646983643	0.09939453145075758	0.10989200470760166	0.17396537898260392
71000	-2229.780345720863	-1181.71229090616	-1048.0680548147031	0.11139353133961817	0.08478105724861498	0.09296813113597151	0.07797032702032707	0.051676647260383936	0.14170112752366718	0.13783790817342648	0.07187342186537335	0.09282256734808543	0.1305143863015922	0.12580160851891933	0.07834110960547323	0.058348502559121905	0.08744853330947044	0.08974518316563039	0.1710127388739695	0.09355394464818162	0.1495762604171445	0.1517031926517448	0.11309932863403889	0.1510957137129103	0.4226803894580825
72000	-2284.677909541666	-1249.566476819691	-1035.111432721975	0.1355460753763348	0.15974496665469098	0.166635156569871	0.10875054477417441	0.09072986380963097	0.08515672028624828	0.10535624803140681	0.05525601535052417	0.12894380610946604	0.09203780315049387	0.11544700841318624	0.07929477038017918	0.11607822064272492	0.0685071865396015	0.11982955858643551	0.08699701727414036	0.0591834823646528	0.09427967010235282	0.12077339011532691	0.0828865509655116	0.13648866430415818	0.1250271321017701
73000	-2309.5781428745627	-1280.3224687133445	-1029.2556741612182	0.1544406671857472	0.10670307514258853	0.09056835426440903	0.06808995483481714	0.09980495593841904	0.11478202706666414	0.10515393563063644	0.08410175563174575	0.08766767226765732	0.07924703981320683	0.08463890034270224	0.06536746001589004	0.057332606364453954	0.05483980531293711	0.08127769201381177	0.09890839841496321	0.09767099245487662	0.1028878261303133	0.08914812030996477	0.09450038744844581	0.11694760338869921	0.07402509795835026
74000	-2257.9092963122953	-1227.4500043329235	-1030.4592919793718	0.10574066441738758	0.10720490371749981	0.09336887852154573	0.13694127744714013	0.1073297123894645	0.10062535221511107	0.17198766231036142	0.12391612772527594	0.0864687042044626	0.07186871748394691	0.11291370309780037	0.0769724747972888	0.12698027691668853	0.06777638647761997	0.08188386298178031	0.06006458441451236	0.13493506415362969	0.09070037823224845	0.07372885195038122	0.09288743443532406	0.13177044469164542	0.0991616116666903
75000	-2154.9914764875048	-1114.8044096262888	-1040.1870668612157	0.12247531580599454	0.055304513019762705	0.07491122062560245	0.08850679942155996	0.17805681346372126	0.10564643367479017	0.1340482847385567	0.09390675826481262	0.164086482589922	0.13546721449725987	0.06779376720883203	0.15514498653086856	0.057760635175679066	0.10776778096538488	0.08106082538175367	0.15270813977799153	0.17140064114118378	0.08508539470542173	0.08749027500654666	0.09665708965621204	0.11750877369151652	0.19953013692184052
76000	-2182.107847506605	-1152.9875915677621	-1029.120255938843	0.10471048168201529	0.06439502183344907	0.07862890678855125	0.14996395856981956	0.12168872399276667	0.14932519744365585	0.059530404811654954	0.06881281258713394	0.13923439471915108	0.07994001263360984	0.09544139010716517	0.1163148621187121	0.08792079983336043	0.06411414482678311	0.12751587123290056	0.08166805369732365	0.1157164522222839	0.13936545895324798	0.08400164826272676	0.13474375362131036	0.12860787160075093	0.10033962047415573
77000	-2149.5446052889038	-1117.614474743104	-1031.9301305457998	0.06728225686944171	0.09950436009647286	0.05279199762196806	0.08663435322351612	0.0936116459737809	0.0963434281087738	0.0818336292418807	0.10512224810877817	0.2135980813519091	0.11444800309524587	0.0816597939504161	0.12629061755221951	0.09373494898503977	0.07637931529913343	0.1642748051111663	0.10891780979985191	0.11103035485376755	0.06794777629540373	0.10836246343921216	0.07831064744975763	0.09186396206110375	0.1297666769205649
78000	-2146.592928391351	-1124.2677137661105	-1022.3252146252403	0.10289797751946485	0.09674804080434278	0.08649180036794188	0.10937744130087966	0.10482731148265909	0.059516730652062144	0.08650472268315498	0.09899676380346145	0.06725449603012872	0.09364965404637936	0.12014353906452449	0.08453967240177687	0.11011348865127335	0.12263616688823432	0.09445419567770381	0.09369110527710613	0.1377283565443493	0.08039480812597363	0.08570985950657635	0.06021083825770717	0.10401462352877872	0.09367028190042745
79000	-2120.5481667683052	-1097.3142747075738	-1023.2338920607317	0.07312528933225139	0.15733389649278276	0.1440972957381884	0.10045888816973422	0.07853990950242151	0.1339732923973661	0.13379509066129688	0.11406940777765637	0.09684961642591519	0.10985245914643531	0.1361503380952927	0.09211536472281251	0.09197472058084674	0.08270702114826582	0.13303928700535786	0.10204755860207664	0.11366832825832768	0.10072025387606362	0.09426607241730782	0.09296884748274868	0.15086287354796274	0.11325452614365432
80000	-2140.0432006097044	-1110.0791892015482	-1029.9640114081565	0.15273641932149745	0.15562498949479217	0.14124373539970803	0.12351203405736094	0.11336560368060936	0.11110889140980655	0.11144297739612155	0.06920860919763747	0.07562866057598017	0.07438486819823399	0.09867854954349921	0.09017262604192719	0.06488884206309109	0.11212796777355785	0.07353320003932491	0.10616491920768092	0.07740678911847926	0.09154381417420866	0.08475678773313364	0.07446553801620517	0.14824908108343407	0.1287154217989861
81000	-2182.101565077627	-1134.712076288596	-1047.3894887890312	0.11658101506040498	0.0925082706936463	0.10066679425660144	0.08810038080436278	0.10003164673318546	0.16697117599140202	0.08070381732316927	0.08072200302542328	0.08856528234524152	0.13150150846031228	0.0464301053234494	0.07241538884722147	0.17636765021993991	0.06426055330578627	0.11640946425292596	0.06895116454699136	0.11934682692742277	0.09102970273202557	0.10117910316686016	0.06008035257341605	0.1460032724761677	0.4515933357000068
82000	-2116.1400186909386	-1080.5038440507878	-1035.6361746401506	0.11498085279136996	0.15568564627087458	0.08767835519602614	0.08167096656851747	0.10396269624582867	0.07228263069436654	0.13626490003128966	0.10372327713208182	0.08058034066075183	0.10004058168284492	0.1676533483939087	0.16181808265412095	0.08576735031759163	0.08211363849567156	0.09540379354866417	0.07112047865902416	0.06934457764391272	0.12149257977653083	0.15714281806658995	0.05432095332533769	0.06748492916174	0.165522629081324
83000	-2176.888830653689	-1133.6497940035213	-1043.2390366501677	0.09727884313899057	0.10264733491215061	0.1561273636300903	0.11787399260949663	0.16816538904543066	0.15521863902100938	0.07497538458350379	0.1020409687056426	0.04460599687373059	0.08434876735817574	0.10135774834973582	0.11959516436044257	0.1538724801701966	0.08373960866238575	0.0923560863646725	0.06058127545361905	0.08404768467510829	0.07461047635682498	0.08503301679055524	0.0695522111640158	0.15014980774707082	0.22529842358812296
84000	-2205.744426552315	-1164.1605640137507	-1041.5838625385643	0.1513445485760506	0.13155992455723683	0.10509744433472572	0.18784482454793897	0.07056102871100042	0.0910177261709527	0.09692462701823894	0.08872583600533229	0.09644373734165204	0.059762296773186396	0.09850856239415168	0.09003450014461344	0.12397085332494316	0.0839376148298199	0.10939759750805117	0.09807758196952547	0.10704486557266137	0.10141443773971236	0.08916556252823385	0.05178378091475584	0.19928722709550803	0.2781473009878044
85000	-2229.1195631195496	-1189.0394159328473	-1040.0801471867026	0.07719127160146816	0.1362791687873942	0.08694162827772334	0.05188108211926101	0.168061955057403	0.1129979331781289	0.05450206374389108	0.07990582109567497	0.09656232948797687	0.05297964833138817	0.08319518163713933	0.10905826003270806	0.07362220964252661	0.10719212215947506	0.11484507962040126	0.1585966402842576	0.14103981347763295	0.125529952635179	0.1052856428844374	0.10472955804710131	0.16038842015063498	0.15893949286890785
86000	-2240.7042084909544	-1201.9152003635606	-1038.7890081273938	0.06511760950160782	0.08327726225380683	0.1253754696705174	0.11401741007364492	0.08972819315010448	0.08186126013768602	0.08888041146985247	0.10179622748721759	0.06486161144907966	0.08166692186909459	0.07547824216510639	0.14225832216603623	0.11540709664965013	0.0690836737968088	0.05507883815086205	0.06913380731615601	0.1208645761638467	0.10108717200454868	0.08042900678523617	0.08187180107980492	0.19257395568119046	0.15212628125684605
87000	-2219.2209351060956	-1172.5576678769467	-1046.663267229149	0.10480419877353547	0.0955872604742647	0.09625339413209624	0.05006593783034662	0.10204205038896079	0.09954705557062227	0.18005693397632677	0.07841724425481848	0.06986649130557362	0.1066010901898544	0.11775829121888576	0.16992410947596703	0.1037626004494714	0.14589982389321549	0.05999383430838948	0.15741880681928772	0.15453529147888612	0.09051308369723546	0.09737870062738965	0.07993527738274184	0.09274789093027253	0.4866683499695765
88000	-2202.0063325726587	-1165.2669304280203	-1036.7394021446385	0.06212334599259204	0.06502718530016209	0.09187439006500293	0.09694579438394067	0.07329309845154044	0.15388057845153033	0.19080721175794702	0.049947891762853115	0.11089353153565225	0.14103966198133525	0.08251436706247618	0.15335077894396112	0.11752038330708724	0.08127941588746963	0.07695640673252753	0.09769973700367017	0.12978416748838406	0.13963720400627827	0.10973657465650284	0.12389665424345486	0.09927970663792544	0.19530180035776243
89000	-2211.844766414534	-1174.4135888387348	-1037.4311775757997	0.039164203437400194	0.10787247077920277	0.09195836512857251	0.14648406833308722	0.10004778305829128	0.1407259192907554	0.10745587056986876	0.11170355523928799	0.11447076092145017	0.05819643371782283	0.06400057854796873	0.11872609363283675	0.10111042983640753	0.17789922232154728	0.08657151796201892	0.06076029574785213	0.0676028806100325	0.08902140642254865	0.0783324030814367	0.0693503171140735	0.12333987111173815	0.12243588276175955
90000	-2235.53297636318	-1195.0451652568756	-1040.4878111063042	0.0835474557999233	0.05395089731768182	0.09262809229018734	0.1117926380544844	0.06326176730772043	0.10624963389408257	0.06746985436626088	0.13607209956790697	0.09648881738472392	0.1466928101890817	0.13859504230756295	0.08834463321211618	0.10085533074580211	0.09928255564085987	0.08526546640560928	0.10569688749347003	0.17032381409129496	0.06707902730574632	0.10057181661026214	0.06913285439963254	0.08979699444483905	0.24629951077394846
91000	-2219.5635387133225	-1180.317319281563	-1039.2462194317598	0.1158728303945936	0.100579925307198	0.08046355038850436	0.12242065019728963	0.06253522801947181	0.10596325487792464	0.08660397020488375	0.11341785363712402	0.09997102770873705	0.08511544643224937	0.0358369364912518	0.14684103435503154	0.0784074299214096	0.1495705998602641	0.12288020654894959	0.07538515541357295	0.1702046712880028	0.056455625271767576	0.12502860288558887	0.09966959986067006	0.1406744640307683	0.19317473693483184
92000	-2173.0514715254785	-1139.387503198339	-1033.6639683271394	0.1480764970032667	0.05638720675688964	0.13147579118284472	0.08031242381669317	0.0855430520115493	0.11186354234424209	0.09072048122909698	0.08599990560347195	0.16458347028914935	0.0890585012839559	0.09951813333620568	0.08983491083098945	0.15058848450031653	0.18015439648480702	0.11727295065144369	0.18845791035411358	0.08540790101242951	0.11080962353520663	0.09427030477830768	0.1042472062351245	0.09439677066274038	0.1841675150093542
93000	-2188.3445870952364	-1145.504429684332	-1042.8401574109043	0.10595742312160152	0.12759033790016633	0.07434404938476616	0.09188984313098604	0.08625425764897013	0.12056605409180893	0.13167610982143607	0.1032694705122138	0.09417551691592374	0.08657059923282107	0.08502227404677093	0.12400685975487806	0.05240192158277374	0.05959833658995385	0.1110513750108788	0.09423544295942449	0.04694162860981214	0.07567411423622325	0.06444157287418845	0.08119449065257306	0.1277260527633008	0.23583742135481273
94000	-2161.541975961819	-1122.6927468964054	-1038.8492290654133	0.09603083058048248	0.11087952112550366	0.0772746510701233	0.10224188228294732	0.06259094342654414	0.08565845666612604	0.10911917376599692	0.09600522470660944	0.11132951692858684	0.07712322784375503	0.12675819999023813	0.1004881127681383	0.07724586749957763	0.0833076955493811	0.11290877926101643	0.1644229864925002	0.08522586404888925	0.10820618782871691	0.05606451821766907	0.06855283383103286	0.09487184498320995	0.2599882798729722
95000	-2230.6740884983246	-1192.3675911708742	-1038.3064973274502	0.09178422049249628	0.07352209557333517	0.05161092251003661	0.058062955293855106	0.17247775498008136	0.1237478135426499	0.0813370445873146	0.16410513304137905	0.0697189687000927	0.09659414237667303	0.1396858478905249	0.09492602926752657	0.15122918797045373	0.07010070500889932	0.12629019821253587	0.10969057160175551	0.1121972038017282	0.10760862425351726	0.11678868412681437	0.14369298785727597	0.1242496065801765	0.18176476436242503
96000	-2218.9799124710157	-1179.5474773660806	-1039.4324351049352	0.16489449671398101	0.16400448939035442	0.0940190630020267	0.17481537432759708	0.12420254998983035	0.044870459461869926	0.1012334555064619	0.132840366570795	0.12161344665151105	0.11036227915993649	0.11193502825562471	0.08905064064580738	0.1358652891190885	0.06669088780873973	0.07962651307428398	0.12535767928668273	0.07258844662367427	0.08301516683800297	0.07371315922216934	0.04123644205796563	0.12239827439503255	0.11723900657466675
97000	-2253.7376361321267	-1206.4538440622002	-1047.2837920699267	0.0557275821867045	0.10472091094972935	0.13894133366461575	0.06537077947652474	0.0805893666860034	0.08542496867416526	0.0615749599393241	0.06444143861770879	0.10725419131526234	0.07239644165619426	0.10446005137030444	0.14432877849345396	0.06316395612793405	0.049408652493288886	0.1252403684059006	0.06332564142066525	0.08008360034033875	0.09506319403475905	0.08670930395400375	0.12578835020650023	0.11278077752963746	0.15338117262595896
98000	-2281.605283453452	-1234.0805824175084	-1047.5247010359435	0.05434669127638323	0.1149932953565579	0.1638871341085037	0.08680807635849527	0.15235114772051103	0.09003469452104204	0.07304336286000816	0.12209826275564373	0.14557914551028434	0.09731669422126057	0.06781560653585385	0.048335396392900166	0.08809221022820968	0.11799821032729595	0.1133607231981959	0.07736582894639932	0.06665530567791285	0.13363916029037787	0.128575173074241	0.13903668184392304	0.1424620064285415	0.3379875200461647
99000	-2314.9234625042236	-1281.6891558043935	-1033.2343066998303	0.12135663937415439	0.10008123479018312	0.13763221983919915	0.17857996945042226	0.09665829297121782	0.09242818956505586	0.10823576440365885	0.07877533436230687	0.16144983097941545	0.07057813445471722	0.11934016520245266	0.06523339744383609	0.11117471073177886	0.07843620639230144	0.13400286295050473	0.12552816544771414	0.18235602772002985	0.07288670368519848	0.08558716218884688	0.09288187548356285	0.053288025511822434	0.08782522217280792
100000	-2227.1241882646427	-1176.1133980430739	-1051.0107902215686	0.0637059361709629	0.11568449547613147	0.13389141876208566	0.21327989137289063	0.07785540744835108	0.05469116510922957	0.14272290705725355	0.04424473264442576	0.11506810985313838	0.07294477254050152	0.08758058405359044	0.12601047546490377	0.06959356880517305	0.20884867078379946	0.09117502320238223	0.09427760138698499	0.07870966626624078	0.12744269727033086	0.08078836663820327	0.06807447846154903	0.07585462330057122	0.2520605581292097
