#
#model:
#
#<?xml version="1.0" encoding="UTF-8" standalone="no"?><input id="posterior" spec="beast.core.util.CompoundDistribution">
#    <distribution id="prior" spec="beast.core.util.CompoundDistribution">
#        <prior id="lambdaPrior.Ai" name="distribution">
#            <parameter id="lambda" lower="0.0" name="x" spec="beast.core.parameter.RealParameter">10.0</parameter>
#            <Gamma id="Gamma.0" name="distr">
#                <parameter estimate="false" id="RealParameter.1" name="alpha" spec="beast.core.parameter.RealParameter">2.0</parameter>
#                <parameter estimate="false" id="RealParameter.2" name="beta" spec="beast.core.parameter.RealParameter">200.0</parameter>
#            </Gamma>
#        </prior>
#        <distribution id="snapprior.Ai" lambda="@lambda" spec="snap.likelihood.SnAPPrior">
#            <parameter estimate="false" id="alpha" lower="0.0" name="alpha" spec="beast.core.parameter.RealParameter">11.75</parameter>
#            <parameter estimate="false" id="beta" lower="0.0" name="beta" spec="beast.core.parameter.RealParameter">109.73</parameter>
#            <parameter estimate="false" id="kappa" lower="0.0" name="kappa" spec="beast.core.parameter.RealParameter">1.0</parameter>
#            <parameter id="coalescenceRate" name="coalescenceRate" spec="beast.core.parameter.RealParameter">10.0</parameter>
#            <tree clusterType="upgma" id="Tree.Ai" nodetype="snap.NodeData" spec="beast.util.ClusterTree">
#                <taxa dataType="integerdata" id="snap.Ai" spec="snap.Data">
#                    <taxonset id="South" spec="beast.evolution.alignment.TaxonSet">
#                        <taxon id="SthBarrington_BT10a1" spec="beast.evolution.alignment.Taxon"/>
#                        <taxon id="SthBarrington_BT8a1" spec="beast.evolution.alignment.Taxon"/>
#                        <taxon id="SthBarrington_BT9c1" spec="beast.evolution.alignment.Taxon"/>
#                        <taxon id="MtWilson_MW12bm" spec="beast.evolution.alignment.Taxon"/>
#                        <taxon id="MtWilson_MW5bm" spec="beast.evolution.alignment.Taxon"/>
#                        <taxon id="Termeil_Te3bf" spec="beast.evolution.alignment.Taxon"/>
#                        <taxon id="Termeil_Te3c1" spec="beast.evolution.alignment.Taxon"/>
#                        <taxon id="Broadwater_BW10af" spec="beast.evolution.alignment.Taxon"/>
#                        <taxon id="Broadwater_BW19cf" spec="beast.evolution.alignment.Taxon"/>
#                        <taxon id="Broadwater_BW31am" spec="beast.evolution.alignment.Taxon"/>
#                        <taxon id="Dampier_Da11a2" spec="beast.evolution.alignment.Taxon"/>
#                        <taxon id="Dampier_Da19a1" spec="beast.evolution.alignment.Taxon"/>
#                        <taxon id="MaresForest_MF13a1" spec="beast.evolution.alignment.Taxon"/>
#                        <taxon id="MaresForest_MF17am" spec="beast.evolution.alignment.Taxon"/>
#                        <taxon id="Olney_Ol20bm" spec="beast.evolution.alignment.Taxon"/>
#                        <taxon id="Olney_Ol4bm" spec="beast.evolution.alignment.Taxon"/>
#                        <taxon id="Cumberland_Cu12a1" spec="beast.evolution.alignment.Taxon"/>
#                        <taxon id="Cumberland_Cu6a1" spec="beast.evolution.alignment.Taxon"/>
#                    </taxonset>
#                    <taxonset id="North" spec="beast.evolution.alignment.TaxonSet">
#                        <taxon id="Kerewong_Ke18dm" spec="beast.evolution.alignment.Taxon"/>
#                        <taxon id="Kerewong_Ke21b1" spec="beast.evolution.alignment.Taxon"/>
#                        <taxon id="NthBarrington_BT4a2" spec="beast.evolution.alignment.Taxon"/>
#                        <taxon id="NthBarrington_BT6a1" spec="beast.evolution.alignment.Taxon"/>
#                        <taxon id="Dorrigo_Do2c2" spec="beast.evolution.alignment.Taxon"/>
#                        <taxon id="Dorrigo_Do5bm" spec="beast.evolution.alignment.Taxon"/>
#                    </taxonset>
#                </taxa>
#                <parameter id="RealParameter.0" lower="0.0" name="clock.rate" spec="beast.core.parameter.RealParameter" upper="0.0">1.0</parameter>
#            </tree>
#        </distribution>
#    </distribution>
#    <distribution id="likelihood" spec="beast.core.util.CompoundDistribution">
#        <distribution data="@snap.Ai" id="treeLikelihood.Ai" pattern="coalescenceRate" spec="snap.likelihood.SnAPTreeLikelihood" tree="@Tree.Ai">
#            <siteModel id="MutationSiteModel.Ai" spec="beast.evolution.sitemodel.SiteModel">
#                <parameter estimate="false" id="mutationRate" name="mutationRate" spec="beast.core.parameter.RealParameter">1.0</parameter>
#                <parameter estimate="false" id="shape" name="shape" spec="beast.core.parameter.RealParameter">2.0</parameter>
#                <parameter estimate="false" id="proportionInvariant" name="proportionInvariant" spec="beast.core.parameter.RealParameter">0.0</parameter>
#                <substModel coalescenceRate="@coalescenceRate" id="MutationModel" spec="snap.likelihood.SnapSubstitutionModel">
#                    <parameter estimate="false" id="u" lower="0.0" name="mutationRateU" spec="beast.core.parameter.RealParameter">1.7346278317152102</parameter>
#                    <parameter id="v" lower="0.0" name="mutationRateV" spec="beast.core.parameter.RealParameter">0.7024901703800787</parameter>
#                </substModel>
#            </siteModel>
#        </distribution>
#    </distribution>
#</input>
#
Sample	posterior	likelihood	prior	theta0	theta1	theta2	TreeHeightLogger
0	-1577.3634960794398	-1418.101769122586	-159.26172695685395	0.16578162888894532	0.09271116497289736	0.09977843765145372	0.40043071564982063
1000	-1579.8667332916093	-1420.0504647817406	-159.8162685098688	0.15358203441303095	0.09326006312089524	0.15080894719123508	0.36498176614328237
2000	-1579.2505391323534	-1419.7991905671165	-159.451348565237	0.14884279812376755	0.11349214089901749	0.10871023480828071	0.6115496505646154
3000	-1570.5051040538697	-1408.3035538167292	-162.2015502371404	0.13852043458662944	0.06512915759721974	0.11060157675053132	0.7327389463990155
4000	-1574.012394807682	-1411.379937661312	-162.63245714637006	0.1242531014065579	0.07024471770517463	0.07985556565647284	0.865704489789303
5000	-1570.279853878907	-1407.7256829939433	-162.5541708849638	0.1365953236419389	0.066325788480139	0.10648562961977666	1.442577973610799
6000	-1575.4873957318296	-1411.7596944002235	-163.72770133160623	0.11878479790625811	0.06691784355520196	0.09242447926748593	0.9039302424114453
7000	-1583.1246695503276	-1422.0038306916908	-161.12083885863663	0.13524137819907092	0.07434433087406028	0.07607484048467913	0.32045006682228744
8000	-1571.3909577410489	-1407.877625270385	-163.51333247066393	0.16771219820628006	0.08408348874701878	0.10773807268446199	2.6068282099864066
9000	-1568.2399051000602	-1399.756009495216	-168.4838956048442	0.1732831486923711	0.03896528264353666	0.14452820993472534	1.8710332693334548
10000	-1573.68591536502	-1409.279091363453	-164.40682400156692	0.1885459165696368	0.09505020057081105	0.18276717186831798	1.5263507918981964
11000	-1601.1966368790534	-1442.4635886468132	-158.73304823224012	0.1519587354819803	0.06754758901815426	0.16087563900337581	0.14230755790420666
12000	-1573.6116465550397	-1410.3928037043947	-163.218842850645	0.12409242389104563	0.043519419237854635	0.09354191976235691	0.4954573042375567
13000	-1571.439649024528	-1409.252136230053	-162.1875127944749	0.16902939698728123	0.07453226718734839	0.07027118126767076	0.5428839273357693
14000	-1582.106121727598	-1418.6158370341232	-163.49028469347485	0.09266535463638255	0.04921365202243908	0.07683776124818181	0.5687556661628859
15000	-1568.5705215914224	-1403.0624483708102	-165.5080732206122	0.14505180944961604	0.04440900595787089	0.1171775506317204	1.5074238798457171
16000	-1567.9951404301316	-1402.6167403872116	-165.37840004291996	0.14992054924564152	0.046056035156672157	0.08758790343248973	1.3826588904510952
17000	-1575.5796419158416	-1413.4410973879476	-162.1385445278941	0.10523277178480639	0.05622046964642018	0.11154551517805304	0.8520571395242682
18000	-1573.1139882159769	-1411.400059405536	-161.7139288104408	0.12320583213947627	0.07009483942707648	0.11778382336248751	0.9130572634517955
19000	-1575.2771073612162	-1415.4674908647885	-159.8096164964278	0.14931686247172585	0.099789251491631	0.1362993380012693	0.6555871265196689
20000	-1568.9890117804662	-1405.031297712105	-163.95771406836127	0.1982780616443175	0.07391429682794802	0.07178163681401917	0.769527189725724
21000	-1587.0864886162333	-1427.596159419871	-159.49032919636232	0.09005911387679291	0.08139692684030843	0.09848875386606541	0.47160403418136637
22000	-1574.3169558010395	-1413.407046136048	-160.90990966499163	0.14617767824571595	0.09322047906007801	0.0795798436078873	0.7901172475578985
23000	-1571.055421023263	-1405.1817281514266	-165.8736928718366	0.17779793036008643	0.04305709657082782	0.07748296500425504	0.459003531323559
24000	-1578.7817760161042	-1419.1138383650691	-159.6679376510351	0.13544599373214522	0.08773546758934762	0.09142916580268207	0.427120683380813
25000	-1585.5255222707544	-1425.5585870030848	-159.96693526766964	0.13016913973116032	0.10180153183653026	0.08262316882456304	0.38881018467313305
26000	-1569.801471052694	-1405.4639581601773	-164.3375128925168	0.16164868281904873	0.05475175914364919	0.06273405333226138	0.5716943195136355
27000	-1570.5589984590329	-1406.3747296794477	-164.18426877958527	0.14766377783490436	0.046186971167046446	0.1044992988950143	0.518724953479863
28000	-1583.7792805989807	-1421.9945202312715	-161.78476036770928	0.12625815109736102	0.08545575122202555	0.062163594929568536	0.3942733617865532
29000	-1570.6796693195654	-1408.7007243297303	-161.97894498983501	0.1412687859630812	0.060210575353993205	0.1251136169793136	0.5497935221990744
30000	-1574.370838491555	-1413.140666301888	-161.23017218966714	0.12263187396124306	0.07699642922593149	0.08483427686197301	0.8818666718499663
31000	-1569.581405098157	-1408.3341887697543	-161.2472163284026	0.17353076694090333	0.08279944994802436	0.11790610453114861	0.7399421325732717
32000	-1569.3072548242517	-1404.471068486424	-164.8361863378277	0.16956380083974418	0.05640983354537797	0.06384460105336813	0.6135018524942472
33000	-1581.1045516499462	-1418.3889191784597	-162.7156324714866	0.12631835588826978	0.09930730980815258	0.051026230111627824	0.767156391334611
34000	-1572.490054978091	-1411.9973886331438	-160.49266634494722	0.14967787929803447	0.09070523185530124	0.09455029632344442	0.8653454434291623
35000	-1571.927866254927	-1410.6813110491914	-161.24655520573563	0.14810251080648135	0.06932364332022034	0.17331151722980928	0.4757723354163467
36000	-1569.883061752725	-1404.023578273153	-165.85948347957228	0.15483362850550356	0.03850041639414704	0.08270476730870079	0.5814157390124496
37000	-1586.9375465574158	-1424.6201320235527	-162.31741453386314	0.08608411478659721	0.061569387037706105	0.10054790738317179	0.48015194076963663
38000	-1570.9946856870502	-1407.2657157264116	-163.72896996063855	0.16052488043012772	0.04753407393984548	0.07632975253673074	0.4477320633240678
39000	-1567.6870073606842	-1405.3590751256756	-162.32793223500846	0.1523853531052726	0.06312999909556748	0.1468316391416304	0.8958703069255731
40000	-1572.1276655069	-1411.0552552157467	-161.07241029115343	0.13356581413055407	0.07799316028008546	0.09032328832546148	0.9757931311139258
41000	-1569.8785347229111	-1407.9601251912468	-161.91840953166442	0.15029666414659354	0.07068586290502347	0.0756101039099101	0.7267000926410588
42000	-1578.3592942715854	-1413.2961443495037	-165.06314992208175	0.12176813301937686	0.07937873701499859	0.11148055031956006	7.818834614164616
43000	-1572.36394884921	-1410.89360878215	-161.47034006705996	0.14086464086933234	0.08304978564792327	0.0823584405680426	1.1022856100980338
44000	-1572.830436246229	-1411.4951338648543	-161.33530238137473	0.13403362368941057	0.0592924935483365	0.08342544571484298	0.47467899600527913
45000	-1575.8382655635828	-1412.003138559826	-163.83512700375667	0.11624352517363674	0.06759765693159475	0.12502174106444597	2.117972699308168
46000	-1567.5395643738734	-1404.3064691456557	-163.23309522821768	0.16399554643292602	0.06540573613112838	0.08377807498199656	1.1052030296305309
47000	-1573.0705344100725	-1405.2455895809685	-167.82494482910406	0.15256590127166034	0.06210678753537764	0.05908866115799249	0.8934409203946703
48000	-1572.2888376655824	-1408.7975641238386	-163.49127354174377	0.1830297323448483	0.0827955742373143	0.09339775385212169	0.6310041242332736
49000	-1568.6924923699519	-1404.388074208211	-164.3044181617409	0.15075103714745	0.05938600443242463	0.10676046837680936	2.2982525466881545
50000	-1566.2874390784493	-1401.8695464032285	-164.4178926752208	0.17634339009437175	0.05041137541332547	0.08480262599446894	0.7362958319873634
51000	-1576.125651578586	-1413.3051578548163	-162.8204937237697	0.18790997072990404	0.10601652658865117	0.06866800211291944	0.778085885475311
52000	-1570.6583287173953	-1407.2188044917361	-163.43952422565914	0.1663635792978416	0.04957949600112884	0.08786451019630272	0.43860321998145696
53000	-1569.1581263284554	-1404.8673900642334	-164.29073626422192	0.1423734142217687	0.04810907297605649	0.10478900989161313	0.7479798745840628
54000	-1570.8548658114446	-1409.2199457599474	-161.63492005149726	0.19186365973195935	0.06670484951119186	0.13111016007916262	0.4175892355417656
55000	-1574.8713431505712	-1413.7295386029116	-161.14180454765952	0.14084015345287282	0.09022542875201861	0.1683357917621927	0.6986904410860324
56000	-1568.2482222538715	-1402.2034382742663	-166.0447839796052	0.1674478912763083	0.04101448055146119	0.0743840907531144	0.6532679569349497
57000	-1568.8640644226634	-1407.0903921688791	-161.77367225378418	0.1816080289539387	0.08147648932877619	0.09525006742227446	0.8345979365098104
58000	-1573.3554398959006	-1411.229650133308	-162.12578976259266	0.14189555745565757	0.08519811584698005	0.0706012368990451	1.1331088838493528
59000	-1572.9276882617135	-1405.7300281572664	-167.19766010444718	0.13726764898990207	0.05611380127031943	0.06272448764379336	3.4758621097164255
60000	-1566.7241755926693	-1401.5798038457679	-165.14437174690144	0.1866842889413376	0.06002403143865956	0.09356735680152992	1.4652005545682194
61000	-1567.6513960831032	-1404.5305189032908	-163.12087717981248	0.1723577297722523	0.0704897175318702	0.09229281732445763	1.3031127036232388
62000	-1579.37729411633	-1416.898830975513	-162.47846314081704	0.11732449562592724	0.0867735665796639	0.0669917686471072	0.8115578059665263
63000	-1577.7524087993945	-1417.7485607463739	-160.0038480530206	0.12666755174421826	0.08978501571838368	0.10771303103542774	0.5567263811117993
64000	-1569.9575401620473	-1402.7039748968068	-167.25356526524055	0.1744416261456899	0.03153475058307539	0.11575756261325096	0.5413227574316707
65000	-1572.0236798565538	-1411.0133665098379	-161.01031334671598	0.1382903756768015	0.08197949194903681	0.09731080539947787	1.1192655509973342
66000	-1570.0008979687555	-1408.0476255460653	-161.95327242269005	0.14296102391475268	0.07250904454609469	0.10945247757516656	1.3802486302297559
67000	-1584.41937594784	-1426.1497905836472	-158.2695853641929	0.1264886263389004	0.11404080841237192	0.12014902809001729	0.4646324470289652
68000	-1566.1763013278467	-1402.9986096932857	-163.17769163456086	0.16149175206734984	0.05484200338149593	0.13154257358394433	0.8835100901905526
69000	-1570.1813885454285	-1406.6626937705864	-163.51869477484206	0.17658349792162914	0.07847696500688098	0.06311397078855936	0.8564057183525099
70000	-1571.6101019099378	-1411.5947334093478	-160.01536850059006	0.14315498612122138	0.07800681597968556	0.10270843231330502	0.6006060644592577
71000	-1565.6980517938382	-1402.3458441053149	-163.35220768852344	0.18153398981847627	0.05594471439188843	0.12126198863672602	0.7291248620134744
72000	-1576.0415180884745	-1413.472064211021	-162.5694538774535	0.21988364203196156	0.07969899927516612	0.10844360026551364	0.39441917600797477
73000	-1577.5855514879024	-1417.9027160217884	-159.68283546611406	0.11613039612598731	0.08200856836711222	0.13803881259845752	0.5563561173048455
74000	-1577.8245710537255	-1416.823793987589	-161.00077706613658	0.15563742468562772	0.11301572662503805	0.08216231812506795	0.9889425759412639
75000	-1572.456861675968	-1409.6776478410598	-162.77921383490826	0.1669715808715864	0.09097794627977246	0.08041132791760937	1.3602324955205176
76000	-1584.73499560924	-1424.4830336800646	-160.25196192917548	0.122584631068363	0.09429873096153425	0.06624993113732475	0.40383081822543915
77000	-1574.8731767994423	-1409.3914955525322	-165.48168124690994	0.15169352860263632	0.06976674531011832	0.04167604621737018	0.5779373243947866
78000	-1573.616397842865	-1412.3509845182825	-161.2654133245823	0.1777533184107136	0.0794908085625028	0.14934892636854427	0.42070161596289257
79000	-1569.7614059213333	-1405.9145586332843	-163.84684728804905	0.17360633941716155	0.0769904773019036	0.08893127773783083	1.1913758186858658
80000	-1565.7283109667571	-1402.1936261493183	-163.53468481743874	0.1683939572581945	0.05468245920625072	0.1084067773052791	0.9717161722654281
81000	-1568.481322675608	-1405.8446459941933	-162.63667668141457	0.1529684792416101	0.06697083738276108	0.08416021650258608	1.0251180676556646
82000	-1572.4422969484463	-1407.4316052029567	-165.01069174548954	0.16830998851173484	0.03858524269443974	0.10893064456797841	0.39055608592169533
83000	-1566.6466103451867	-1400.0089334978554	-166.63767684733136	0.19458549175225578	0.05223754401064463	0.08018834622703319	1.3761558990775993
84000	-1568.7785476460738	-1405.7496961347792	-163.0288515112946	0.17260218241054726	0.06494023480237932	0.07075301637894411	0.6166105874493594
85000	-1567.4007665644972	-1403.7111751959449	-163.68959136855233	0.15543930221342647	0.056748978443459365	0.08693044688429233	1.0053623772396083
86000	-1574.301594946142	-1412.599389158142	-161.70220578799984	0.18195336461397052	0.0783893793031482	0.07639407841209127	0.4308488949633362
87000	-1570.1561033955068	-1406.5523483664533	-163.6037550290534	0.1394207735057179	0.06263262278777781	0.08552358968298003	1.5563354096220732
88000	-1577.8968112605921	-1412.6371551637717	-165.25965609682052	0.13525110415896854	0.08746231422781993	0.06735687916983395	5.195959728068045
89000	-1579.2553253006113	-1420.4693007331807	-158.7860245674306	0.11562470582276003	0.0867244368440362	0.12059297734657358	0.4911463956186901
90000	-1571.8695330745747	-1410.5602748246233	-161.3092582499515	0.17920432530418506	0.08234344379606694	0.11180650228916583	0.5204474606332101
91000	-1566.5686855390063	-1400.3671221100403	-166.20156342896598	0.18531321549734328	0.04841369686977663	0.07176209367345306	0.9180531895024692
92000	-1570.0606001264255	-1408.536307800935	-161.52429232549056	0.1451561475513646	0.061983506019244794	0.15241540608315676	0.5373546106909796
93000	-1573.6865824690983	-1412.359274579967	-161.32730788913145	0.1186895327292888	0.07099204713165626	0.1240977888016092	1.0467737575912779
94000	-1576.1795387670263	-1415.5279753368304	-160.65156343019578	0.16133867966509918	0.10672204617231704	0.08307861035768388	0.7362202441277796
95000	-1579.967190026996	-1421.2108447555506	-158.75634527144524	0.12471510156876242	0.08624132115877588	0.114143821760036	0.4013426036713288
96000	-1573.3092581015403	-1409.6847819249979	-163.62447617654234	0.11733297931874749	0.05372867099074484	0.07504571649094509	0.9361287076178456
97000	-1574.174805206571	-1414.1207896904525	-160.05401551611843	0.12880107241585798	0.06500707108115181	0.11244182761415197	0.4410382700082158
98000	-1571.9317451673332	-1407.9300585403253	-164.0016866270079	0.12340705447338383	0.053193343603829	0.0996314737256942	1.223105502531714
99000	-1576.2851529236118	-1414.9848134616443	-161.3003394619675	0.1752137865105008	0.10341473659640081	0.1247050658007034	0.5826971005613064
100000	-1569.211298587837	-1404.5648118578765	-164.6464867299605	0.1456521839849528	0.055139451557157576	0.07848212665798741	1.069654134739397
