#
#model:
#
#<?xml version="1.0" encoding="UTF-8" standalone="no"?><input id="posterior" spec="beast.core.util.CompoundDistribution">
#    <distribution id="prior" spec="beast.core.util.CompoundDistribution">
#        <prior id="lambdaPrior.Ai" name="distribution">
#            <parameter id="lambda" lower="0.0" name="x" spec="beast.core.parameter.RealParameter">10.0</parameter>
#            <Gamma id="Gamma.0" name="distr">
#                <parameter estimate="false" id="RealParameter.1" name="alpha" spec="beast.core.parameter.RealParameter">2.0</parameter>
#                <parameter estimate="false" id="RealParameter.2" name="beta" spec="beast.core.parameter.RealParameter">200.0</parameter>
#            </Gamma>
#        </prior>
#        <distribution id="snapprior.Ai" lambda="@lambda" spec="snap.likelihood.SnAPPrior">
#            <parameter estimate="false" id="alpha" lower="0.0" name="alpha" spec="beast.core.parameter.RealParameter">11.75</parameter>
#            <parameter estimate="false" id="beta" lower="0.0" name="beta" spec="beast.core.parameter.RealParameter">109.73</parameter>
#            <parameter estimate="false" id="kappa" lower="0.0" name="kappa" spec="beast.core.parameter.RealParameter">1.0</parameter>
#            <parameter id="coalescenceRate" name="coalescenceRate" spec="beast.core.parameter.RealParameter">10.0</parameter>
#            <tree clusterType="upgma" id="Tree.Ai" nodetype="snap.NodeData" spec="beast.util.ClusterTree">
#                <taxa dataType="integerdata" id="snap.Ai" spec="snap.Data">
#                    <taxonset id="SthBarrington" spec="beast.evolution.alignment.TaxonSet">
#                        <taxon id="SthBarrington_BT10a1" spec="beast.evolution.alignment.Taxon"/>
#                        <taxon id="SthBarrington_BT8a1" spec="beast.evolution.alignment.Taxon"/>
#                        <taxon id="SthBarrington_BT9c1" spec="beast.evolution.alignment.Taxon"/>
#                    </taxonset>
#                    <taxonset id="MtWilson" spec="beast.evolution.alignment.TaxonSet">
#                        <taxon id="MtWilson_MW12bm" spec="beast.evolution.alignment.Taxon"/>
#                        <taxon id="MtWilson_MW5bm" spec="beast.evolution.alignment.Taxon"/>
#                    </taxonset>
#                    <taxonset id="Termeil" spec="beast.evolution.alignment.TaxonSet">
#                        <taxon id="Termeil_Te3bf" spec="beast.evolution.alignment.Taxon"/>
#                        <taxon id="Termeil_Te3c1" spec="beast.evolution.alignment.Taxon"/>
#                    </taxonset>
#                    <taxonset id="Broadwater" spec="beast.evolution.alignment.TaxonSet">
#                        <taxon id="Broadwater_BW10af" spec="beast.evolution.alignment.Taxon"/>
#                        <taxon id="Broadwater_BW19cf" spec="beast.evolution.alignment.Taxon"/>
#                        <taxon id="Broadwater_BW31am" spec="beast.evolution.alignment.Taxon"/>
#                    </taxonset>
#                    <taxonset id="Kerewong" spec="beast.evolution.alignment.TaxonSet">
#                        <taxon id="Kerewong_Ke18dm" spec="beast.evolution.alignment.Taxon"/>
#                        <taxon id="Kerewong_Ke21b1" spec="beast.evolution.alignment.Taxon"/>
#                    </taxonset>
#                    <taxonset id="Dampier" spec="beast.evolution.alignment.TaxonSet">
#                        <taxon id="Dampier_Da11a2" spec="beast.evolution.alignment.Taxon"/>
#                        <taxon id="Dampier_Da19a1" spec="beast.evolution.alignment.Taxon"/>
#                    </taxonset>
#                    <taxonset id="MaresForest" spec="beast.evolution.alignment.TaxonSet">
#                        <taxon id="MaresForest_MF13a1" spec="beast.evolution.alignment.Taxon"/>
#                        <taxon id="MaresForest_MF17am" spec="beast.evolution.alignment.Taxon"/>
#                    </taxonset>
#                    <taxonset id="Olney" spec="beast.evolution.alignment.TaxonSet">
#                        <taxon id="Olney_Ol20bm" spec="beast.evolution.alignment.Taxon"/>
#                        <taxon id="Olney_Ol4bm" spec="beast.evolution.alignment.Taxon"/>
#                    </taxonset>
#                    <taxonset id="NthBarrington" spec="beast.evolution.alignment.TaxonSet">
#                        <taxon id="NthBarrington_BT4a2" spec="beast.evolution.alignment.Taxon"/>
#                        <taxon id="NthBarrington_BT6a1" spec="beast.evolution.alignment.Taxon"/>
#                    </taxonset>
#                    <taxonset id="Cumberland" spec="beast.evolution.alignment.TaxonSet">
#                        <taxon id="Cumberland_Cu12a1" spec="beast.evolution.alignment.Taxon"/>
#                        <taxon id="Cumberland_Cu6a1" spec="beast.evolution.alignment.Taxon"/>
#                    </taxonset>
#                    <taxonset id="Dorrigo" spec="beast.evolution.alignment.TaxonSet">
#                        <taxon id="Dorrigo_Do2c2" spec="beast.evolution.alignment.Taxon"/>
#                        <taxon id="Dorrigo_Do5bm" spec="beast.evolution.alignment.Taxon"/>
#                    </taxonset>
#                </taxa>
#                <parameter id="RealParameter.0" lower="0.0" name="clock.rate" spec="beast.core.parameter.RealParameter" upper="0.0">1.0</parameter>
#            </tree>
#        </distribution>
#    </distribution>
#    <distribution id="likelihood" spec="beast.core.util.CompoundDistribution">
#        <distribution data="@snap.Ai" id="treeLikelihood.Ai" pattern="coalescenceRate" spec="snap.likelihood.SnAPTreeLikelihood" tree="@Tree.Ai">
#            <siteModel id="MutationSiteModel.Ai" spec="beast.evolution.sitemodel.SiteModel">
#                <parameter estimate="false" id="mutationRate" name="mutationRate" spec="beast.core.parameter.RealParameter">1.0</parameter>
#                <parameter estimate="false" id="shape" name="shape" spec="beast.core.parameter.RealParameter">2.0</parameter>
#                <parameter estimate="false" id="proportionInvariant" name="proportionInvariant" spec="beast.core.parameter.RealParameter">0.0</parameter>
#                <substModel coalescenceRate="@coalescenceRate" id="MutationModel" spec="snap.likelihood.SnapSubstitutionModel">
#                    <parameter estimate="false" id="u" lower="0.0" name="mutationRateU" spec="beast.core.parameter.RealParameter">1.7346278317152102</parameter>
#                    <parameter id="v" lower="0.0" name="mutationRateV" spec="beast.core.parameter.RealParameter">0.7024901703800787</parameter>
#                </substModel>
#            </siteModel>
#        </distribution>
#    </distribution>
#</input>
#
Sample	posterior	likelihood	prior	theta0	theta1	theta2	theta3	theta4	theta5	theta6	theta7	theta8	theta9	theta10	theta11	theta12	theta13	theta14	theta15	theta16	theta17	theta18	theta19	theta20	TreeHeightLogger
0	-3667.2452702569376	-2661.268188570086	-1005.9770816868519	0.13167175070129053	0.1006422619798823	0.096205585330794	0.1137746563385364	0.0671777888929869	0.06376985635481608	0.08835633833522226	0.10319225379178933	0.08475582297038298	0.13179087136920184	0.11124508036005192	0.14014846028550576	0.11751523261177228	0.057804058121880456	0.11752081772323991	0.13009419302215466	0.07712632536269126	0.08662829246405361	0.13451526038262965	0.06691719151238935	0.13456930127353617	0.014366391806362613
1000	-3856.2161767439966	-2849.124826658548	-1007.0913500854483	0.07832069000148865	0.07762108954861517	0.09460689242546284	0.14813294917193498	0.12782526710244488	0.06356569949143703	0.12030526804613564	0.12763936798780798	0.08979839416702323	0.050457530753702656	0.08668241706470171	0.07554412477226376	0.07544478712781705	0.07764206041974303	0.09169441407626036	0.1219060264511445	0.11855591555648082	0.11312480380511639	0.05579146974144779	0.12726789206044087	0.14850124225994876	0.011504186535502978
2000	-3966.772313227458	-2969.464628358256	-997.307684869202	0.10774051057647119	0.0703836878262228	0.12601260507521897	0.1316355972157863	0.0908787426425034	0.13725838518856132	0.1378121067842122	0.100473453430692	0.16306987029518347	0.05505875380714654	0.12631150503271674	0.116956527788258	0.11157376820994948	0.11246172230138317	0.13548312336591023	0.1254156326176584	0.08260815798560381	0.1014758670739456	0.14189070440550225	0.08388256805143489	0.1031064923219751	0.008903352606116759
3000	-3731.407937985331	-2732.5654675617193	-998.842470423612	0.09776797513126553	0.061697651987066025	0.12323094970644889	0.08835151739636217	0.17726270399790456	0.15387028389928675	0.08872877747222252	0.08956808530221455	0.10939231547839176	0.08710578566975222	0.1393484075369003	0.11658206873729357	0.07060916214323519	0.13268159931534465	0.11278579353817979	0.09856495824078805	0.09447918455432064	0.08355045112703717	0.09027414538985239	0.09265172833640889	0.1415271126264572	0.007597854490237494
4000	-3515.125371276412	-2515.37912768432	-999.7462435920919	0.11629318395929518	0.10935257579684203	0.09344531234913402	0.10307543830602624	0.08462658597643606	0.15567925739027183	0.06724799229497463	0.10867351044463514	0.09685162850891349	0.1440702073416119	0.08579424677515332	0.07651565676494336	0.13611946637847666	0.0917622244173102	0.11335512702759319	0.07021623288745775	0.11370994438765654	0.096289570068754	0.07614722837278154	0.10766315417801492	0.07473358173088974	0.007805178832270159
5000	-3990.491346359167	-2997.9886963412087	-992.5026500179584	0.10811719470626849	0.10611977876267767	0.06511262004351123	0.16551967800373782	0.17550857222186866	0.112934681295451	0.08835822254898544	0.1385911411181121	0.07074223986422415	0.1268079050157873	0.11036866737158244	0.20408597675790838	0.14719133267430992	0.09302036271122233	0.08536351615094513	0.0905962332531101	0.08856588539204939	0.15024533620009162	0.11841891826807946	0.1036428711262037	0.12409760014601151	0.0022145678374807377
6000	-3907.874191182875	-2910.613507014541	-997.2606841683341	0.12425923044568123	0.08381670901091179	0.0876157010864514	0.05763157585958146	0.06095706463939866	0.12540372123046079	0.06496592907801589	0.09550910823787397	0.1419064507663716	0.14568011421734603	0.19079336652490747	0.09995395915459292	0.09797859056766282	0.1328178899731112	0.17002291705352954	0.18425691650027173	0.10404176117865582	0.15624243847897631	0.10313767446858241	0.08780980569082349	0.0782688696449574	0.0031136265951952615
7000	-3606.1626503320517	-2598.7490896475224	-1007.4135606845293	0.13416619439214397	0.09890131586264231	0.1677592141704226	0.1252120556704661	0.08418694936453977	0.11015306837124311	0.08123321155253051	0.19124658750618695	0.17579131986962404	0.08936490423546858	0.09008120209917067	0.14125402881801805	0.08464925509365089	0.07000621069733431	0.06814711732103253	0.04257197726495076	0.09788373457897435	0.12517150935348315	0.14066173557782471	0.12627135680505838	0.1250996579937964	0.00661796253169784
8000	-4027.2381181221594	-3033.8379873021695	-993.40013081999	0.1013921704735576	0.12930369673828362	0.1272014045819751	0.06302556823776376	0.18549589613419495	0.1219236652180843	0.09038875987366857	0.11713156784444945	0.11781211187935245	0.061315101875024994	0.13533653619503005	0.08130200277652352	0.10801298491082217	0.11864775177530616	0.13096502795647466	0.08986644378990782	0.10452263927836279	0.16763319715214836	0.13522002575702802	0.14305317509843812	0.09239518357130075	0.0036735084188270614
9000	-4107.133744781812	-3114.2780556462203	-992.8556891355918	0.12095690473976153	0.10750739526752448	0.12993922012923342	0.07741428440800124	0.09561123569563726	0.14716141152713552	0.0570400481974483	0.07909966197746629	0.11234954729665485	0.09307376134724159	0.13463431076839757	0.08199239714164795	0.08225172164821538	0.10292556138102511	0.1289919831016558	0.07676825342033346	0.11237078915128194	0.16799126523765184	0.11372391492998156	0.04987129217309372	0.06530683489825241	0.0017121524839953945
10000	-3900.097267778493	-2901.0257458944625	-999.0715218840305	0.09039648857611556	0.09658565882575221	0.13781146559289803	0.142652136381878	0.11633832073254684	0.0842270782743242	0.12333759858627576	0.17819198711164172	0.07654998333340009	0.15328135731884776	0.12980998663171808	0.17903616022698784	0.13472763939505622	0.12573346096487908	0.11248298688508823	0.12018788706965106	0.14390123825922224	0.20732772221490162	0.13104608762824613	0.10856987230439251	0.16396818284361306	0.005623534252695659
11000	-3710.474895885743	-2697.3961874609463	-1013.0787084247969	0.07071698150620681	0.08233413407057731	0.15800850840386937	0.10291371919411078	0.08494217033035127	0.08938744189900572	0.1191119827028583	0.13597751289415505	0.15856118158762897	0.1388583372463934	0.104121211380067	0.16271458164518796	0.15251230773175573	0.14044999521740156	0.15406900084530128	0.1199170789255712	0.15795905196253981	0.06736320773637511	0.07162984677718191	0.11249361922298919	0.044590204984404955	0.012671023769521094
12000	-3642.7805801496147	-2638.613197367662	-1004.1673827819528	0.07102860200108857	0.09071425140043458	0.11109470425122801	0.09674370509012206	0.08396617005350726	0.09954131828973492	0.12602588664287315	0.09577479657532599	0.09566240578821572	0.07550262420953299	0.08094696236843911	0.1025624677540239	0.17050845092197445	0.06786300861085	0.07729952070005607	0.05974478197125809	0.07617655340019162	0.08894656812148828	0.11236689231697432	0.08452423931578176	0.10724363715594995	0.008175308755961725
13000	-4061.7502868113816	-3075.7343184470114	-986.0159683643699	0.06269378587326854	0.07526900830542958	0.08863409820115217	0.12086872973014587	0.12288450521713958	0.12052186529415113	0.09400366418523022	0.14145128479880972	0.0848231439112821	0.11144269060830758	0.14977591023745748	0.09575575402493174	0.09466550251435399	0.09454025669581623	0.12060106261295901	0.08912867274092745	0.08717662332181121	0.12019845574397717	0.09840212760191933	0.11077499923750998	0.12636107245398573	0.001977645535505096
14000	-3812.9096950686144	-2809.269073823539	-1003.640621245075	0.06228385522571433	0.0635756401995159	0.13760744211370496	0.13119263881775658	0.09399260209885982	0.12242268689791783	0.12640192928684102	0.07377125367101481	0.11004064149046398	0.12771505760573826	0.1708077004554892	0.11440306042166223	0.08722689769335744	0.06981347242709128	0.11861793040322634	0.1148457380635358	0.14103224588167723	0.07895921769450773	0.15954711257571988	0.12112209869988817	0.09319011416922193	0.009336709769018807
15000	-3797.2713677124075	-2799.3436568759967	-997.9277108364106	0.16079837762920549	0.10390902764048146	0.09079830136678281	0.11343488300765303	0.14355190042544325	0.09244239550982723	0.11277052110621198	0.05018363790971484	0.11157712293831494	0.11513014972857843	0.08444384018247054	0.09065759931796637	0.10934325455249859	0.1916410346762571	0.10929637140844373	0.09904919877896291	0.12556374304643755	0.1273400803315389	0.10304941530432406	0.07968714410092542	0.14214413096779732	0.004941870515879708
16000	-3489.0660653752793	-2476.7889653467787	-1012.2771000285004	0.13429074796536528	0.06815077493465854	0.07235424356275652	0.13211319597785007	0.12223668627982069	0.1196292855351623	0.12007665385977011	0.08226625381177331	0.07074864839358323	0.1233886351452695	0.08692103562396539	0.14594769987760953	0.09914817040671672	0.12912889847081094	0.06727713832360048	0.08691940540219878	0.10345825972236489	0.07420671809330123	0.10638140371984163	0.10671271665266685	0.11054726251020897	0.0238908366236138
17000	-3910.403607246453	-2914.0217295665916	-996.3818776798612	0.10390596300985902	0.08316502342609568	0.06727983705723307	0.10926962848925559	0.13407119634558612	0.05143008503037206	0.11652194288734288	0.10553006895717588	0.1601022474744437	0.09792647852210927	0.13707481994118262	0.112994815040955	0.12482144386944113	0.15801760900311312	0.09233763752009007	0.0944255217662443	0.0624293083073315	0.1398044543069773	0.10155746941780695	0.08920731428698565	0.11669108712180266	0.004317350042019902
18000	-3797.279358500094	-2802.3606050833528	-994.9187534167412	0.07368534400992682	0.12479546410339602	0.128845892964087	0.12165057645871233	0.0792554867820156	0.12154343427463737	0.1013511136643766	0.0926899457337617	0.0654070960231802	0.10719775856179015	0.09590995193640973	0.07220927288445012	0.08043228787759889	0.08546974454101137	0.08042505313724717	0.11478859984499493	0.13317303946462114	0.1042080360416523	0.08613419171185675	0.07805179108411396	0.0642769644545678	0.0040538346382663695
19000	-3925.8081606281257	-2921.687778492282	-1004.1203821358434	0.17073525640070011	0.04200726169005801	0.09365105098240623	0.11788578764809544	0.09112380751134512	0.11733422911115335	0.09041536276122845	0.16734381332648168	0.10484975102462463	0.1345380884013052	0.1579372390381152	0.09283651861260132	0.11547492926632494	0.0548919356541872	0.13181001182903032	0.12623593312953704	0.09356558150327156	0.1268977855735915	0.05987429943277599	0.08244686955427286	0.14777268759997167	0.004913315398412644
20000	-3100.9794700815764	-2083.5993135265694	-1017.3801565550069	0.10199894921210938	0.08889851135469339	0.08698323542577807	0.09439413640929496	0.1619714028384676	0.07954283361987748	0.10786455487215917	0.11559639466501613	0.13942224442512421	0.1482928047862763	0.11963225040735621	0.07299584686574352	0.08557427321616254	0.09859276014853813	0.1649480295991688	0.18769261185957345	0.127623053563938	0.08585347968056267	0.10843022987420903	0.08576352088659508	0.10105878883385909	0.04282742700880032
21000	-2944.22526572443	-1909.3856190425247	-1034.839646681905	0.0627723548319313	0.1085856927992354	0.08766086044618171	0.07562320499415708	0.17170021404792737	0.11148889973159182	0.11446846360588105	0.10347539966428358	0.16637321901554636	0.10423890213529957	0.07859082923732724	0.12316625747222205	0.09233732688907335	0.08053783606210378	0.059189130378494534	0.0883291693014676	0.07278552948505716	0.10775034202961663	0.12557083699644564	0.18574497832324166	0.1157269719119312	0.12145057546930077
22000	-2986.4155491836245	-1960.6688467887416	-1025.7467023948827	0.09445309979026764	0.04792160836353745	0.11231280926622336	0.110180101809719	0.10145233114727899	0.11579623643673345	0.09620546975018489	0.13322224272475316	0.08502878506082315	0.12079712097992015	0.12498787573517096	0.10337604998305257	0.11795649903548651	0.09444997222769132	0.10171475200757434	0.10020428210583317	0.08840767427245458	0.09989778012553487	0.07604122519617451	0.07615212759589296	0.11069488573247147	0.07936360199255099
23000	-3775.098630879632	-2764.4078257025985	-1010.6908051770331	0.10441557848914963	0.07411021927955486	0.04412901328197855	0.09607527825991258	0.10317391806528439	0.07683863649662359	0.10247753399857351	0.10518379594563428	0.07073139761713843	0.07211129313452835	0.09720237858289324	0.08575761748531173	0.049091613070953666	0.07981870922255359	0.10054409259890132	0.09294206554561346	0.12216719059060464	0.13892614351786214	0.07686540989766626	0.08860987291103814	0.0904663783029016	0.007369113279876827
24000	-3929.438092767266	-2935.335714592825	-994.1023781744411	0.09416329262213295	0.0974014961433133	0.07355101128072469	0.12865005580583744	0.08118804122343824	0.11610930839421692	0.08544291528885727	0.1010669101203664	0.05525595138317566	0.12045510864640743	0.0881635086175998	0.10571591694898888	0.12312847881963901	0.11019956612258172	0.10538382304573879	0.08668354316685128	0.06236775505779964	0.1138144961072249	0.08254913898779569	0.12407870936692134	0.16496011291182347	0.0026954874974513287
25000	-3857.8226015642035	-2853.808202385859	-1004.0143991783443	0.06661096843556526	0.08707234827428396	0.1028125525696607	0.15733166327595594	0.11737232879041928	0.05316471560172309	0.10317309452826036	0.10892254779424512	0.14740986164966308	0.09653357891847436	0.10373312892629431	0.17126512579907593	0.13527624821969958	0.0781656430713392	0.11454754743272594	0.14579422392161295	0.09434840763685517	0.12210795990243399	0.12845133299845823	0.1624728446702711	0.09796893267517924	0.008697798374361439
26000	-3676.2892546137628	-2667.848926574483	-1008.4403280392801	0.09785135795485947	0.09614398676403399	0.13338375619343168	0.05981632419211901	0.06450187166481013	0.06586879538265585	0.10681086271733232	0.08605980180159915	0.10221867407932603	0.10142273768727966	0.02732476636073834	0.08382102778029643	0.058481048257278796	0.09279585988048077	0.08662441304651611	0.14159847872105413	0.1278942253538096	0.09325578695664093	0.16809168203882469	0.14034469053412507	0.11935073798869213	0.004352721736506705
27000	-3861.997264435873	-2862.2167113364862	-999.7805530993869	0.10987670128022696	0.09815842540609421	0.17473906408935402	0.1280090959569455	0.07143850190318056	0.09370927288611615	0.13675695655479078	0.09959748892303297	0.12507374255454295	0.11146710378425895	0.1784654787293339	0.03691021330603674	0.13281850296303913	0.08640265420157793	0.08718056801751167	0.07239560282320016	0.07849033473595006	0.10805294117965814	0.17240852852067903	0.1386856943428217	0.09951979577091982	0.003175909415569977
28000	-3868.8962186441026	-2871.6265773993528	-997.2696412447498	0.045241022729292	0.0755925502659375	0.1434756032049872	0.152486104697077	0.0991191631034856	0.08061273503418769	0.07010208290844633	0.08396879319963457	0.09415331201362574	0.14466348419363004	0.09881896834238957	0.15244411502287064	0.11877226040913372	0.11914807068027865	0.10945775573905275	0.08624173146577252	0.09170144538229164	0.2015012515944662	0.12957342032700767	0.09938582217811115	0.10692095390578236	0.0027658764360914854
29000	-4088.9281120336377	-3097.7266432608026	-991.2014687728351	0.054665962913596974	0.11511988658656183	0.08168226327047906	0.1111673866389828	0.07677575146365342	0.13427292837135404	0.09049986263373536	0.10892454144338776	0.0818327602617642	0.08118077532888264	0.13088968462398276	0.12274197518158174	0.10342796937317227	0.15386639614976558	0.10975619581828504	0.13788084865642508	0.08094140066634711	0.08452505261135858	0.12102390917227676	0.13771188054834224	0.09434518306032921	0.002082210242243469
30000	-3970.386970059224	-2970.8433373224375	-999.5436327367868	0.06639566262861926	0.1035282229834828	0.08408109805909807	0.09190860462906221	0.09684937909695049	0.06256165145764753	0.14453216732369667	0.11348694401823878	0.07182191643546187	0.0996478856537004	0.11830344052791923	0.1626001990162093	0.09728699071165553	0.08456786105229401	0.16630078118213604	0.09106588430837308	0.0981952510754922	0.14177591118840657	0.08842395516793193	0.0553690397343987	0.07615628539399252	0.003378105730836775
31000	-3361.199982340309	-2332.482205971046	-1028.717776369263	0.07258124229854644	0.05926848034471616	0.1456979756529317	0.059353259015419504	0.07539498278228014	0.07525121905845826	0.18464720969214354	0.13154670818517683	0.10273385219390088	0.1105549183308595	0.08343018908627549	0.0961876293337114	0.053801544946888775	0.12642396443489057	0.10630824356757596	0.14110847890543224	0.08414369937614372	0.07987667480527273	0.08343250595549453	0.13940158542406939	0.08938952770223181	0.047345152911353224
32000	-3607.451571104318	-2586.698643874358	-1020.7529272299604	0.12659047640991106	0.0919124321963042	0.12324316632063771	0.0722228846793809	0.1452353530416023	0.1002571961641887	0.11266387097370252	0.12873690647086275	0.1341237256944089	0.13535626554378932	0.10710473422572453	0.042580370983078195	0.1382922875132389	0.11041566008109077	0.12710995728700217	0.10701004810624846	0.14294330514100367	0.07967239036032643	0.10829498498242726	0.1021605521554909	0.15540793462292019	0.06884781031629068
33000	-3310.2922848482726	-2294.431995779724	-1015.8602890685489	0.15907809150924218	0.13547899736332217	0.14078431921210718	0.09290525462484187	0.10664885303504323	0.05104899798853998	0.09753144364982469	0.06711857769032012	0.08820912099255335	0.0779579637340352	0.0826384609851435	0.11725138466811787	0.06710811379363368	0.0767584232980425	0.07817811819863639	0.10992086475227114	0.0765141149523662	0.09253598843802532	0.12222310070297111	0.11382153865210158	0.10226351388308585	0.029321841135320378
34000	-4018.4120524356763	-3022.2496221964007	-996.1624302392756	0.09759092488144418	0.11837713102465129	0.11403665533929908	0.15055333042154623	0.15833648019425192	0.13461137636203963	0.14103884889765383	0.11496965530833621	0.1771048983205326	0.07138851584146289	0.09487363436610878	0.11876123932984455	0.1371340915087358	0.08786637451259678	0.10093570615389924	0.12949738852010173	0.03994834536345836	0.09980853669529434	0.06228576007510706	0.10970264827031219	0.12286333271220418	0.0023004756115884064
35000	-4067.4695932145587	-3076.0076600587404	-991.4619331558184	0.04518805823504517	0.07387888128979925	0.11594610652255097	0.06434650598866572	0.09240406393914384	0.13807306015048867	0.12223340084459927	0.1420935089559012	0.14016076584864268	0.07183395679840306	0.10275911848637516	0.1261787866538139	0.08324796712691611	0.10023100700738682	0.10205350455780803	0.13222207650263862	0.09209189962741698	0.10080159926817896	0.08318920345717566	0.059992475829665555	0.10530161643393796	0.0017798419755359748
36000	-3725.0439842239743	-2716.5039243105066	-1008.5400599134676	0.061426379990231476	0.0736847957223659	0.13341023168036248	0.11100310139221709	0.07177189609723404	0.11175588844880227	0.1589190413178882	0.12860060706230492	0.09926207691144219	0.1151743902530647	0.10614981432372741	0.05729726655084715	0.06259445631293016	0.12174262755776558	0.07436649835286634	0.08095129740328715	0.1440756052097212	0.14246076629816057	0.09282770895297525	0.1479297997754036	0.08451318674796157	0.013795634982964154
37000	-4022.5025282962515	-3030.5180635973375	-991.9844646989139	0.10402802274193564	0.1269044788807207	0.11994176677109306	0.1405316107600592	0.10582151006587154	0.09946695846681142	0.1118922304571768	0.09315018205131963	0.09892687919678453	0.11542803480015777	0.06977424009059338	0.1205535128393229	0.06461891369177429	0.09940157069200146	0.11100755302588594	0.11985912144672412	0.11398713169171701	0.07981796403287725	0.11266208726292211	0.11074645660451735	0.07476075321739907	0.00540637528359388
38000	-3559.0810075770332	-2552.8225138953408	-1006.2584936816926	0.10249842238526488	0.1149142162985364	0.1206948957500041	0.10918114117951482	0.13408607717613502	0.10442256741046996	0.12742267774653984	0.13298654473845273	0.14166085981890258	0.1153155980910722	0.09388953125315457	0.06284528064544281	0.10627049726368386	0.2300547475761656	0.09244850025356727	0.16503749708556759	0.07712287160848143	0.128438443904947	0.06850546626006661	0.0863626512428436	0.10829741632533223	0.013705260139085068
39000	-3638.46170414151	-2633.611141064477	-1004.8505630770328	0.10524070650662244	0.21004052624823952	0.12351141369054554	0.14804443988098934	0.05840838118198325	0.08143168162281672	0.12788956797440684	0.08561105997866715	0.05674467404808288	0.09873600243972348	0.07893500527349437	0.1066621344010723	0.10568049943517606	0.12096513113170251	0.12874754340614802	0.1306919853664727	0.16937841234697995	0.08256072031467811	0.12741741027607797	0.1300183394368994	0.0870612074378845	0.007328036461073659
40000	-4018.0428744479914	-3030.4864832027156	-987.5563912452758	0.12848703330052821	0.15080826059744848	0.141756488167846	0.11876479078105692	0.091267979979462	0.07260524956884529	0.15160276882767743	0.05411792142863706	0.08434682373093096	0.058859152360669804	0.10086957924104736	0.14979270735647005	0.07452552030632707	0.12175541135760404	0.08413438417235722	0.07878974712701357	0.07961526916240519	0.10302502764197709	0.13522248373158993	0.1225029060544739	0.12281107094140653	0.001208463109884895
41000	-4070.88035924202	-3070.328593079825	-1000.5517661621948	0.10476246662930751	0.07417453775130732	0.15473904517015333	0.08117374922900576	0.07502500330323927	0.12188728098118111	0.05065393776862685	0.20567357413922838	0.07465321770485203	0.13904810701011208	0.03665879699153295	0.13064379802496784	0.10979298069647443	0.11979590183331816	0.09378810124659569	0.08326883645720289	0.12966941374639807	0.11634563813415394	0.08680454892994108	0.07131099468534714	0.09707976830266964	0.0033028419868465792
42000	-3861.848171471802	-2856.925056310546	-1004.9231151612556	0.10235709032877514	0.11348540043912288	0.058392688517683124	0.09851084529611207	0.06832881745780772	0.0873215475716893	0.09761452954442937	0.15374046932701357	0.09465944293054493	0.09604365283116749	0.09978823736092102	0.14914957067912882	0.08802838695338651	0.20367825136613488	0.0957852646132404	0.08090145340889968	0.12125405732896101	0.09295763521153474	0.0729762798583147	0.11130587250359733	0.08867745254484218	0.010978261334574189
43000	-3889.2097316677036	-2897.041651338809	-992.1680803288946	0.09814553239718657	0.08162037702662976	0.07275197372790992	0.08590363290551523	0.10894713332366698	0.10206883624066981	0.08373535786967176	0.1128955761343316	0.1608791707808149	0.09201724301225842	0.10848254850094415	0.11404236613009273	0.1387654139093692	0.11547568742871617	0.10446321623883537	0.1611310694096357	0.1317351494842174	0.060168622403722165	0.08227264654362539	0.086142665062157	0.14406714219223682	0.0034301156453281343
44000	-3379.5863724188557	-2380.180510109983	-999.4058623088729	0.11171775906506891	0.11595546040042604	0.13150132385718605	0.16231720619503212	0.1362666994012521	0.1524122182793288	0.11724825879782427	0.11684651142011797	0.07931705871158769	0.11410397286608788	0.11431102980064117	0.09283226415194389	0.09128913963278935	0.11377107963752649	0.10811613464310445	0.1227074305873053	0.1596042494342528	0.1032768618943646	0.0899208578899975	0.1046046955878926	0.10671761680053116	0.009961842664549476
45000	-3614.435837465661	-2594.289527522143	-1020.1463099435177	0.09023313069988846	0.12864574170538737	0.10524848924377618	0.077799250233172	0.07901365435908608	0.10981386191434957	0.10317005717086472	0.13841627375443713	0.15849090662719853	0.09214838347179123	0.14185022217846222	0.054789073931512104	0.13839977238018755	0.0852670903590666	0.07938822119219385	0.062047049378054824	0.135343653710504	0.09145068998390886	0.08072262142064153	0.08876377423661408	0.08012603940283775	0.041117016739415396
46000	-3919.834984866316	-2918.019371447978	-1001.8156134183383	0.11220037270328254	0.07412516471480299	0.06085789742708906	0.11232878472499824	0.07012383860521171	0.11321537781442796	0.1512993182484957	0.08802912176158796	0.1080281479412801	0.20042788015420304	0.09829105688335397	0.11031524085851967	0.14926012524895343	0.10936131975099099	0.09820188952387181	0.06080390475852438	0.06177431784451771	0.10208358467378456	0.12172062462127571	0.11475627574647916	0.08706833297272314	0.005429610384247847
47000	-3475.9794183040995	-2472.0992478903163	-1003.8801704137832	0.08484235267628681	0.06970273344752126	0.08352041159871249	0.09994603638498513	0.11349337317982522	0.12314594668636035	0.06847763046290645	0.0831902154553019	0.10257980895470566	0.10049032903508288	0.10499313458441743	0.13498085717151748	0.14693002204414998	0.1022282298115795	0.05289717782480436	0.10724647235340924	0.1385440217986226	0.09458490623639619	0.11767336886991525	0.14500870477740582	0.13687553935543406	0.009084488364514707
48000	-3995.186727899698	-2995.8644919988624	-999.3222359008355	0.07588370727095325	0.08226718861794584	0.07603644701279655	0.12017266557683523	0.04942818205116595	0.08825931622183138	0.09512715667109238	0.117379303017656	0.09514675497318956	0.12505320799149366	0.12278430403923304	0.10374366642264371	0.10594628845950435	0.14134730347020727	0.06262036672352989	0.12919745179331524	0.15252406292140855	0.10843724851904833	0.12470073506127792	0.08664589980713644	0.11054058898066983	0.0056451861221403265
49000	-4014.9588336009238	-3021.866860888316	-993.0919727126079	0.11190274551563224	0.06031635656222574	0.07206126033785151	0.12000683388781233	0.13057148886033185	0.1081327573529038	0.10214633559228038	0.15591432588539408	0.1031404200867091	0.12896354638443275	0.0800230312206962	0.11425053456851145	0.12697564077718138	0.1189367927555035	0.1084688726535404	0.14252898158215244	0.10140139679110964	0.12619427979478356	0.12266355354366873	0.045811422996980246	0.120248740903102	0.0029353654413445045
50000	-3313.5546812631796	-2294.174152696834	-1019.3805285663457	0.06131801320330479	0.07618430110208035	0.13861048068899573	0.07559422386721469	0.10010863835836646	0.08605173594200964	0.08649974045245064	0.1408683772805145	0.06656835252148621	0.11536400856372388	0.051339703677628606	0.07164642660017147	0.0692909051880479	0.08627434124084367	0.09904256048514129	0.09358439880977837	0.09643687917858947	0.1305553811336105	0.1843643060736285	0.08791413368140404	0.07099670338243708	0.015079951532437463
51000	-3229.7799971868812	-2202.6439699670136	-1027.1360272198676	0.09762186517341925	0.08253150229658104	0.08622996291243047	0.18610773998447228	0.1641566928079847	0.05842392800524685	0.14402160171843445	0.07246347669516784	0.13754134703288304	0.10336649613363509	0.07549744399332121	0.11138785315801002	0.09748182693854082	0.11243395558030903	0.11232533453521096	0.13171573779977006	0.05586693136863293	0.11959621415537465	0.10949098620170038	0.15440881357947045	0.1160800494711913	0.06805403062479319
52000	-3234.1250242468213	-2206.96678087728	-1027.158243369541	0.05787696817187337	0.1262253327607258	0.11185062035088314	0.10544942794636737	0.08393172237904253	0.09889648433513464	0.07713889320002172	0.13588863597277032	0.04264566327708259	0.09881417547808141	0.1139296813164817	0.0859463521181473	0.10594120172897692	0.07176826710073357	0.10602536516840809	0.13186909559919222	0.07680587266866058	0.11085293481823973	0.12964400742603716	0.08696897265847209	0.10213732330789432	0.0668671214664032
53000	-3966.0541789949507	-2970.3462915711725	-995.7078874237783	0.1247063908570867	0.09773151304270807	0.14039157914937594	0.12466352957322377	0.11586780368770126	0.05965572125396176	0.15288635129371428	0.11442690766458995	0.0713620999064415	0.10220616248234522	0.059199098529651335	0.11533890014543408	0.11075195671842025	0.11822346291236867	0.10807717037372326	0.09758950101337001	0.10068355055745512	0.06690423382659097	0.09468663165042751	0.15628809553222264	0.08061011509290238	0.0031499808536808666
54000	-4099.226271120885	-3100.585418663315	-998.6408524575703	0.09794897026771845	0.09740820973326349	0.08696590688733456	0.0919322740910804	0.059654352812376236	0.2086147605512367	0.09672829544241153	0.09852638740578465	0.038023473561843726	0.08901673114244842	0.13217827436810614	0.14557840858445067	0.1548107619894843	0.06611990281100996	0.1029766216618161	0.10461509447168113	0.12518585668990545	0.09181185577885	0.2150012897373318	0.12286004687598609	0.0720405134082976	0.0011753529220756582
55000	-3660.0695717488625	-2663.882142835457	-996.1874289134051	0.0997867988252533	0.15437427532669099	0.12176454379077775	0.09319207742341301	0.08941048137946099	0.09657387501839107	0.07958508006633651	0.11023061943422373	0.10328164965315606	0.058327024968924175	0.0873134740014746	0.08965163219019934	0.11966824664853572	0.0639873045661646	0.09255294571885248	0.1204577948128562	0.09956954050224118	0.0867548362160979	0.11471078204330111	0.11239205878633755	0.0804773763127997	0.004579355663491231
56000	-3777.9762285463244	-2765.220564453861	-1012.7556640924636	0.11734118826346579	0.11042543714201686	0.07986815527671708	0.08023568642088341	0.17458815363494973	0.15900895108701638	0.09111712081655561	0.05654055247141339	0.09679479542100615	0.09821693619543233	0.06890681436115399	0.07166753623552154	0.11330081964932019	0.05720980232018035	0.16419697646085687	0.05530809177020398	0.09094827772932207	0.08637811244370576	0.07694354281536889	0.07395138381079967	0.08541662917779687	0.009522246891183592
57000	-3713.8210980321137	-2715.836885880067	-997.9842121520468	0.12743695276946368	0.1698916749081709	0.10857923344054753	0.10639407836706209	0.1125191022800994	0.11741060411868476	0.14047150817140977	0.11793425194229916	0.07977182785721645	0.13267766915503876	0.07387189482326377	0.08488656387004909	0.06537571307721551	0.1252695849049197	0.09257509338084857	0.0880672062351924	0.10928708089497659	0.11611371923428081	0.08923070798996048	0.11777703259955774	0.1615974313892825	0.007132892070122052
58000	-3595.0255083594043	-2588.832835318561	-1006.192673040843	0.06053765713076072	0.0772150647467033	0.08060797783418723	0.1349457406546431	0.11088923896284633	0.12985905920071886	0.12916340988672978	0.11869400263490884	0.12615948554184409	0.12144118738152762	0.09055482889736576	0.12146737676004649	0.13483398348746053	0.06442786055389937	0.07469930205959864	0.14069205999654338	0.10651742673625463	0.1172953935499328	0.12504296204403165	0.12497155616983482	0.08241662344154939	0.012531192097756527
59000	-3975.8670003651705	-2974.1712414129074	-1001.6957589522631	0.14345311519263562	0.1178213523174366	0.06653512787209286	0.08233941090589351	0.134802137349143	0.0982353363945446	0.21816196389677617	0.14859812362655697	0.12445846278260878	0.09379348591029815	0.06429545149605818	0.08609919878813829	0.05941630339741031	0.16336187343699407	0.12433858972505944	0.122450938307161	0.20168018149025682	0.1202706118429843	0.15430423264934837	0.11880951422854899	0.08185088168369968	0.0035713304638254908
60000	-3589.798848765886	-2591.7056356209905	-998.0932131448956	0.12187483700038626	0.08802192631317231	0.06465634641179221	0.10478654443083553	0.08984256084304738	0.11364803085692335	0.11153076323354116	0.10116145254856597	0.08857133444758897	0.16753612700225942	0.15700464594054248	0.12577299956678203	0.08430206730405441	0.11219930814555706	0.1256468053151912	0.13556032798772683	0.08094622176551099	0.1565924079749477	0.08976538149796176	0.08439817545399368	0.12057728933552057	0.008253406117799908
61000	-3863.5494833173207	-2867.7196660582126	-995.8298172591079	0.11186439494743636	0.1571797753661267	0.09065230708780987	0.0921101766986512	0.07792335905711914	0.10805634019174136	0.16009245172813205	0.12766950120789858	0.09997995952173698	0.07507254892420921	0.14521791001933468	0.10067437294654293	0.0812256292072962	0.11931090034215751	0.10824516350875978	0.0921368683281255	0.13462967984702948	0.09262271784831323	0.16164065063373725	0.06517921652283919	0.09723956131871464	0.004843284688560415
62000	-3974.30503184745	-2980.1916581613755	-994.1133736860747	0.07010328668130036	0.0717448749074534	0.09250456844377888	0.10525285127773558	0.09773806266168177	0.08198066197028245	0.07180938549403702	0.1248154697735517	0.16993842842640644	0.1462942733036867	0.1687789929430627	0.11915751501868475	0.07104509590972252	0.11369078592888246	0.13607290694525828	0.09771965957166368	0.0758571307435915	0.061505534966165266	0.13379621627557747	0.14412941293631576	0.12423997174781441	0.0023107373345917586
63000	-3766.1395994472164	-2763.7312751334007	-1002.4083243138158	0.09726910099915423	0.1051574426683128	0.11486384010493046	0.13505974204976218	0.0834440804633985	0.08591585965376114	0.15019165522165337	0.1002200125963445	0.09236831512196443	0.11637471044519092	0.09883842325725348	0.15114386096564658	0.16419453042832727	0.11407588929880964	0.14221911141409088	0.12312160747480813	0.0790876523736559	0.064944520070155	0.1099726298497161	0.12793657695529603	0.12745814049428003	0.011539659822833559
64000	-3754.181956081791	-2753.7456749759035	-1000.4362811058879	0.08837667039603833	0.11192930515522044	0.07378188689893721	0.14276685469357864	0.09626191644037026	0.06369682219630989	0.09879178866961154	0.1051183506626023	0.08961461468900993	0.06632434325244618	0.07568926049217846	0.054321753920295125	0.09715395581830577	0.10377956704589018	0.1095194518976048	0.07022977350259114	0.11474170087246721	0.12416238974786627	0.18027740451737378	0.1343596189674142	0.11697418111959942	0.004215712406109764
65000	-3520.3472120896663	-2517.0190254771564	-1003.3281866125097	0.07057221574209448	0.0968054871342455	0.08171476749203788	0.11990882505246717	0.09962424314190613	0.11053562657703732	0.10184584242197738	0.1691610483088824	0.13598921192137725	0.06946275674237656	0.10512892028688438	0.08046942522068116	0.06840096575442298	0.050112457882930436	0.10128760439387019	0.12867581448509385	0.11314609809198764	0.06403637278861625	0.113884286336188	0.121462563707325	0.09876268857738076	0.006300713366974674
66000	-3849.663090451067	-2849.0672374384294	-1000.5958530126376	0.09270333491941013	0.13498432113195394	0.10928330999353683	0.10791090656717457	0.05950793709117693	0.08673105302291982	0.12237819329751723	0.07181302946874239	0.11708198097417237	0.10677682250570336	0.13385663824245614	0.07136340758921694	0.1040075983503951	0.08312201128365089	0.11929183551983984	0.11160267206134146	0.0751826650524702	0.10765523959941457	0.12906886400479084	0.08068032024902193	0.12148802423307754	0.00775576607903821
67000	-4021.5258706371633	-3022.967202963579	-998.5586676735841	0.06781348005328773	0.21347152464986804	0.11797912466411026	0.1162274719851932	0.15235050596524943	0.15866346321193708	0.07367244945606584	0.13676927067513958	0.10867554860195	0.11077589334271348	0.08424894637048964	0.09548796257250408	0.046076351198032786	0.14691402288146854	0.161234604544524	0.08398335216102226	0.09114126878776671	0.07674866223679383	0.1353795415208959	0.10400789955729509	0.08025702596583058	0.0028529638727178602
68000	-3932.9578970478196	-2940.765141964949	-992.1927550828703	0.06720464041858505	0.10991334070944084	0.05919424456427592	0.08034478651700844	0.07063901996404304	0.10962335601884522	0.20424103059387802	0.11520109748932247	0.11785274296434944	0.1142822172856533	0.09790631739836339	0.166099947206712	0.10173404823143276	0.11698931399443788	0.13887858437847247	0.0798983294694351	0.13943675134985312	0.12230675670043258	0.09522525037424982	0.12164558803732314	0.1327682796475234	0.0021698970606958403
69000	-3891.935593593627	-2900.036630817032	-991.8989627765951	0.12671265337673146	0.08911869394192243	0.0932336805637172	0.09411037090813947	0.09161493277750862	0.10622785451938899	0.12229285781410078	0.08826558294955338	0.08479302708878123	0.11927300007016896	0.17259731275416446	0.08390191849024672	0.10967849669485427	0.17023320882410922	0.08798588450859725	0.1308938515478783	0.11149743652393933	0.09610285074095905	0.10055133833952463	0.1138420885621108	0.07400835984016073	0.004047305730564603
70000	-3618.0075639461897	-2617.7266215912896	-1000.2809423549003	0.14097615602930844	0.09243214082704951	0.07670074203603787	0.07675375793108148	0.154524569268616	0.07889174052669315	0.06730552544692417	0.0973135035799873	0.07058179849767472	0.10200352325133172	0.09341537606506127	0.10458930926848241	0.1348106035829096	0.09039249272023261	0.13657900817357752	0.09636497223365414	0.13983367212551356	0.10670238433403127	0.055259102344312305	0.10216605344702369	0.10768364388021381	0.005908621074099386
71000	-3943.0522539669223	-2944.5015921463896	-998.5506618205328	0.08785139739957032	0.13765549084153683	0.06387697803094133	0.11272877168464711	0.09771813841202506	0.10944841192379326	0.08259280978001272	0.07511999237719812	0.05960367936536385	0.06114797404454499	0.08797741505784414	0.09740419572534649	0.05408130203398819	0.1323801602285206	0.10776630922995971	0.13251629232453652	0.10790293103413955	0.13372694366602325	0.094681404058311	0.09543357447039912	0.11257446136470313	0.0032364230718440004
72000	-3705.7898102246118	-2717.9373590987652	-987.8524511258463	0.10227166031881738	0.0959592590441387	0.10058547329301352	0.10450487964294715	0.12496881095562679	0.10340591765177984	0.10964959395735978	0.15109328181117107	0.06514787667227437	0.08793029031275314	0.11048459941754013	0.1441505632506975	0.12599329995230454	0.08938157836917247	0.10919851287118428	0.13401024996424052	0.09056479586236717	0.08050781571081482	0.08493127010785383	0.08167245413261154	0.13288569734414685	0.00217132932170014
73000	-4047.7000835837166	-3059.526718135705	-988.1733654480119	0.09119366851644793	0.1402137778509608	0.1692610871147247	0.13156604717842785	0.13480366804232824	0.08454595482016261	0.12201757762018955	0.11812764969358429	0.08913340920559616	0.1051099333667562	0.13211858745783955	0.09328052803472392	0.09070238436066207	0.12628119749807562	0.13916666985875017	0.11169402905861472	0.0734766890013145	0.16300148007069043	0.10291795832460682	0.07858389049313068	0.09140268673937423	0.0024362000421500433
74000	-3757.905563545063	-2756.488631251931	-1001.4169322931322	0.11354969005697543	0.08649775611007138	0.10265913344111932	0.13106940793633554	0.07770854741644082	0.08775329469741834	0.1549831997319491	0.037729493290012094	0.12145847077807041	0.08345145925945625	0.14187032213112918	0.08066982177471876	0.1368537865991016	0.12880317159708063	0.1185279387353526	0.17131792040585447	0.12656239278020576	0.08789329556904989	0.09523445693100385	0.11717039204653121	0.10924803311682074	0.005756766112914874
75000	-3941.234507565116	-2943.127705672393	-998.106801892723	0.09632839143735067	0.15153678428756015	0.11710998174862523	0.13653855328729572	0.07334778024677631	0.11868587375866217	0.09744514655790838	0.05640971148170501	0.1306025126698979	0.09053720612125113	0.12403660209187795	0.13300158683822985	0.06356371046609473	0.10277080790916956	0.07507959937955898	0.07628405646370678	0.1052386136129314	0.11087178306014862	0.08603228998666851	0.10944164811110127	0.072009744403123	0.004585587748604831
76000	-3955.7617988464167	-2956.7829173976206	-998.9788814487961	0.07852571993245032	0.12523678890623943	0.09082739196207694	0.11889533097636572	0.11535523204788495	0.10942159667209646	0.048466109459064564	0.04620415651843094	0.12478517695099815	0.14182526425636463	0.06277919567932187	0.07227988595530353	0.05474270585029194	0.11279589253067657	0.0843772877106831	0.11321831512591564	0.1543743403447402	0.06450381505408719	0.09900073578150234	0.11765318992330853	0.10746937454499013	0.002418010115736923
77000	-3878.5029877206043	-2891.0160361014155	-987.4869516191891	0.12741857950942975	0.10470649345339213	0.08373691581944696	0.0933016927282477	0.14699215287354822	0.12109512191981942	0.11908904853225066	0.1204708840077612	0.1017543279928325	0.11238747308044465	0.1174581559488486	0.08590089482407587	0.150237413083742	0.12537169161602155	0.10520484621492666	0.07041075748646154	0.12931020945688743	0.11962868473820887	0.15374503650768465	0.14421452585728453	0.12130088511554439	0.0025376220886210383
78000	-2971.4290048723383	-1951.4068927974156	-1020.0221120749228	0.08107104311131771	0.12194989796781837	0.12144406066132508	0.132881343454106	0.05773510740011096	0.1678040045025131	0.06815593690481658	0.15538795641903083	0.07481310393041908	0.11194015012667786	0.08782633900514147	0.07027824249695298	0.09254892585422068	0.1447967585721982	0.17057118761545167	0.1168530984683036	0.09217389520694055	0.10692017046163603	0.15543046015477488	0.10623185843752034	0.06864816123379533	0.026536925806081867
79000	-3832.1148638329323	-2828.16321374458	-1003.9516500883526	0.14574045195797605	0.113177404054871	0.09639342896653857	0.1504630709686404	0.08602811268048538	0.18856549944692322	0.0726004233691001	0.18372378334450712	0.09336699725467576	0.09136471209067228	0.07033172563330149	0.10125686375741286	0.08986810804104212	0.08208640135117787	0.0680037848801114	0.0578870889907637	0.06649283756010758	0.0963355472587842	0.11856768494444281	0.10993303086050944	0.09172022807986943	0.004723925150542633
80000	-3880.250407195559	-2878.5149929416157	-1001.7354142539435	0.11588565676455607	0.11521572896268123	0.13931380846923364	0.15733259756926002	0.09515049396442915	0.11578951569588362	0.10229781253642864	0.08992891168410436	0.10492086603225972	0.08131330342116565	0.07668141370990118	0.06357636143707565	0.22368519062083383	0.1266347286945727	0.1373187768506366	0.12433309297013184	0.07592342725944172	0.07443021985654441	0.07521753743090417	0.11037049492621893	0.1510338029556394	0.005291290973811728
81000	-3766.2483156916032	-2758.47484293707	-1007.773472754533	0.0466448889503737	0.1535033509544052	0.12555222842637156	0.06053129723738234	0.06762872583204466	0.062834234209017	0.12729455498456707	0.0986010260032155	0.09088631369852841	0.0827969169473984	0.06343157280567939	0.10603072782747251	0.18546435106630532	0.09828352532521199	0.11564877068137443	0.11489139295407472	0.17025481760466668	0.11661048809704451	0.0730093418915335	0.0964227395081769	0.1227145106837728	0.005886588767694794
82000	-3721.717031853025	-2710.475518514157	-1011.2415133388683	0.15930205943290965	0.092819979627853	0.1117417765193427	0.06966186601426526	0.04472290627214059	0.08144195206143012	0.1309558872002087	0.13416248613066784	0.09723822390058498	0.0793053742000087	0.14513137602702772	0.09258295789923131	0.12178207851809972	0.1518354893582721	0.08160326350515469	0.11814270674635297	0.1522424633213573	0.06629619965026672	0.09738446343924993	0.13819564554162617	0.08428686923570841	0.01377629164413112
83000	-3204.0126476868163	-2186.1231160674374	-1017.889531619379	0.16104965421581752	0.10735052304551748	0.12460366582833807	0.15860524522323555	0.09365397759804601	0.07106928184072904	0.15135324027897545	0.08364313587700829	0.07659309348248827	0.08637308842229062	0.10304580706492168	0.06299821559384652	0.11146777106054892	0.19771645030355603	0.1299546805075933	0.09861951901618549	0.10633408952502951	0.11839998714218333	0.10038163634510334	0.11717650407989678	0.09087742062252699	0.03254649558515229
84000	-3690.8961772340026	-2674.1114165009035	-1016.7847607330991	0.10223926053860863	0.09757476136467198	0.07544076121554234	0.1168413757202399	0.09865712561032583	0.1514498041740276	0.12199403463066512	0.10776994371684111	0.21373804503281932	0.08681952889642211	0.10297143757147996	0.12401383470059416	0.061683340350457215	0.11607265027128169	0.14616461848066212	0.091010673292424	0.09252644387516623	0.08709967952097018	0.05801196285206825	0.09310836849111713	0.06942132226867556	0.027877998816562093
85000	-3535.483531712205	-2524.2023311094895	-1011.2812006027157	0.1175882180719097	0.08538673536370707	0.09068002383827124	0.18046807135276857	0.11764079377647524	0.09432483472852472	0.15946681608918156	0.10000190518929049	0.08887663867746665	0.137927244644752	0.07496568226197306	0.06846640851477619	0.08316249552674845	0.12586259506067432	0.11718389254025395	0.07618748162446946	0.10900227431434113	0.07537076336636725	0.056106351146004686	0.05681242529631855	0.09545772268343616	0.01241978200744591
86000	-4017.128927434732	-3020.5208141189237	-996.6081133158079	0.11550955847166652	0.10350520561732658	0.054067410835741354	0.11304872858374448	0.1269172831073773	0.10070720970776413	0.09690257114186257	0.08736802551897269	0.11249896716667207	0.0929618391335943	0.1702629403995947	0.05969856347522067	0.11943051906641038	0.13771082575212928	0.11214612470635721	0.07052819315962354	0.11871754570375902	0.13479167416084706	0.09641180844389927	0.11469998409372768	0.0840879490656876	0.004942941629326313
87000	-3741.765537426076	-2737.901901607875	-1003.863635818201	0.10542420772418908	0.07537090393350565	0.08765213254261559	0.11358767875454726	0.07818484153517181	0.09746648193375088	0.13113093321296146	0.0640308680125075	0.09698190963691335	0.07175949342655467	0.12934828628349382	0.10325416858550232	0.07340238173477363	0.09943231178939799	0.0774105708858765	0.1134080155215467	0.09060438863010026	0.1233431926928993	0.13000439381730108	0.14441238285892338	0.0921611243387021	0.012494171719161232
88000	-3619.803787380367	-2618.1400496648116	-1001.663737715555	0.12160569855783195	0.11249911995185914	0.06912828513561173	0.07447534347887877	0.11428013316863507	0.1026992347703847	0.11124263807453971	0.10113468267766215	0.12456924278243431	0.10269098532588807	0.15784084286512612	0.06014961269731732	0.13789132122512654	0.08863832877424015	0.048516468131471535	0.10470353311743123	0.1283479339836974	0.09861808343583647	0.08087028444477208	0.08985283721035238	0.10166967468629319	0.010158087573902498
89000	-3542.3121313561655	-2539.712293921934	-1002.5998374342317	0.13402270960624715	0.11006481979005045	0.1481185166233273	0.07416407389388865	0.1218970326612378	0.0951555003090828	0.11182788248979886	0.13668347917719154	0.08131357472929114	0.07420872461479879	0.11492785893178951	0.1286567015135429	0.12376727686506112	0.15802177647283014	0.10631456577699593	0.09604022678992347	0.14529283121253206	0.08413406185296796	0.08805285389144862	0.08239710415058557	0.08292260309872536	0.009729125566587955
90000	-3809.4612375648594	-2811.015077225813	-998.4461603390465	0.09962454869068765	0.0941522993193236	0.14201236702941944	0.11617698083858208	0.09616120237946867	0.08661726746388144	0.12596864300804458	0.11649607727378035	0.09466311266744915	0.08425815112790537	0.07965966881972622	0.12287179523071504	0.11951945998583346	0.07150676820976723	0.11809782210712949	0.12003702139886471	0.11894797665959139	0.11692287507186647	0.09404585356476185	0.1308059938254119	0.09082761171959576	0.006932887805636865
91000	-3718.525924907254	-2710.886604520804	-1007.6393203864498	0.1232319158632628	0.13614306878331764	0.05862560204259354	0.13661258019485029	0.0959671612173134	0.1097321319915611	0.10630938728620906	0.1241201504228918	0.04097685219861254	0.13673917448250222	0.18535385654874106	0.09703473981883451	0.14822175157561718	0.08528909066836106	0.10109929585212139	0.08006629246523275	0.10373851467647081	0.1091214390585526	0.11145517270623946	0.10562731822587103	0.13871683486450498	0.010124339157379914
92000	-3705.444157552116	-2698.679008315963	-1006.765149236153	0.11212242089126317	0.10757302311955645	0.07380622586699195	0.12746468894518379	0.1465846312605185	0.10708416758986658	0.15680671880190206	0.11464393853226998	0.13762632939925726	0.09532799465648882	0.06755297970314368	0.088938343102657	0.10303915547807128	0.09464895513417944	0.058314255171529085	0.07165609219479677	0.07967011934511195	0.1628205581507551	0.07896609452393141	0.09748161719910683	0.08359454780289136	0.011743941823472862
93000	-3555.822702000745	-2552.0831563689117	-1003.739545631833	0.09022094686358503	0.10657076667122659	0.13741091953289492	0.1332318701695735	0.11493012837222452	0.14533351363561162	0.10844346457162371	0.09489411431371685	0.08081343882837289	0.13376415521962298	0.0780385574984975	0.07556128325434903	0.09010181320038431	0.06881564904176281	0.16181844632708847	0.12284822367961065	0.1490630976462486	0.11917864201432032	0.08152120270751964	0.0534650807513366	0.12595455636391617	0.009877049119811578
94000	-3835.2291641243273	-2823.5039219635137	-1011.7252421608138	0.0730652076896073	0.13930013509953737	0.2569798870747085	0.08136732962469119	0.1661551035212183	0.03403002897062199	0.10674109126421061	0.0995607597253033	0.07842762267318285	0.1381991101523275	0.13153454832735734	0.10916704358360527	0.06876610893917108	0.09008365414840615	0.10080744145900888	0.082114437763156	0.1485994785818797	0.09892714348354913	0.11948849953622848	0.12763772318553357	0.08676193827639572	0.006323238696744976
95000	-3772.297673795134	-2766.3760738610254	-1005.9215999341087	0.1433382899908396	0.0876664285875485	0.11410362210909598	0.12411044765862199	0.07516047266160077	0.07924046075083867	0.05549034785801198	0.10878387935519551	0.17137495961727325	0.09677368638674753	0.0990495617381564	0.12989627475676527	0.08436855844740865	0.05772831748059807	0.09882234973460315	0.07829498876231387	0.17735582165338326	0.07256294741043832	0.13134301613453195	0.16879429107908817	0.1083442451239441	0.00762476687320881
96000	-3573.2589045532154	-2568.2659357234993	-1004.992968829716	0.08243847523966424	0.10280006958017278	0.11332051534422564	0.0811869911607247	0.1107851261216807	0.15870397363916716	0.14787530810494642	0.05281902297823024	0.12865960577531474	0.060040038937989114	0.13545143199026438	0.10691070949480726	0.1583643157694776	0.10727212434330179	0.18107538718251093	0.10517193595734037	0.10382739234421967	0.11849236728514055	0.10937827076545488	0.0809458735461402	0.13439389788537792	0.009410733950492644
97000	-3693.399932016303	-2680.4927904507017	-1012.9071415656011	0.15173732229147174	0.08895889977470263	0.132765421059724	0.08940782687842166	0.20908593543955636	0.0791185845620951	0.14466630263906816	0.0685907403771491	0.07728455115125078	0.11974696368169567	0.13277898501212682	0.09863408291994397	0.1807351434753037	0.12873696569794146	0.13840316699127808	0.0700644839935301	0.1073944967593906	0.09011262545764906	0.11312325300099565	0.07877933768778475	0.09440010997789218	0.017152332572635803
98000	-3613.7188879658065	-2604.452049804491	-1009.2668381613157	0.1286160198293933	0.07218626859348144	0.05813770349213027	0.12070956070141199	0.10217773041473695	0.07732718020735779	0.10897435795274105	0.09687923725476386	0.17185749166332984	0.11799317463603413	0.12505424381653668	0.10832654912092184	0.08510037860530359	0.06829406175682111	0.11975876111943622	0.1457338181287733	0.10559593635035786	0.11324133135114207	0.11290552617642811	0.08767623881861522	0.12320935512468101	0.0216959195527085
99000	-3907.9063769051972	-2894.4878041948223	-1013.4185727103752	0.1503265491820284	0.0941748937171139	0.08270913382791617	0.12148825805169883	0.12624138225951706	0.14517656143214508	0.07544247827152169	0.10249524870698387	0.04438405931065687	0.10219315238725905	0.13853454569349558	0.11722970926868431	0.06745477311001681	0.10541523764990147	0.10330732644250573	0.22291015516573887	0.059612803447672835	0.08858359504015409	0.10175017799444214	0.06439967232384947	0.06779574371662683	0.009338375571703915
100000	-3461.604014161115	-2463.933276288762	-997.6707378723532	0.10030160945293656	0.08735743497023347	0.06326900719477184	0.09401708570973821	0.11527681713342354	0.14628493689577027	0.10299058206826904	0.08253918006216197	0.08573611374503175	0.06917039007543774	0.13758015242110405	0.08382741392107505	0.0702863720620242	0.0952648050880773	0.07590391113049401	0.13454372399123302	0.11625700914389671	0.13469016295283828	0.0925578342078898	0.1068074747271804	0.10541239830210089	0.005236130514674341
