#
#model:
#
#<?xml version="1.0" encoding="UTF-8" standalone="no"?><input id="posterior" spec="beast.core.util.CompoundDistribution">
#    <distribution id="prior" spec="beast.core.util.CompoundDistribution">
#        <prior id="lambdaPrior.Ai" name="distribution">
#            <parameter id="lambda" lower="0.0" name="x" spec="beast.core.parameter.RealParameter">10.0</parameter>
#            <Gamma id="Gamma.0" name="distr">
#                <parameter estimate="false" id="RealParameter.1" name="alpha" spec="beast.core.parameter.RealParameter">2.0</parameter>
#                <parameter estimate="false" id="RealParameter.2" name="beta" spec="beast.core.parameter.RealParameter">200.0</parameter>
#            </Gamma>
#        </prior>
#        <distribution id="snapprior.Ai" lambda="@lambda" spec="snap.likelihood.SnAPPrior">
#            <parameter estimate="false" id="alpha" lower="0.0" name="alpha" spec="beast.core.parameter.RealParameter">11.75</parameter>
#            <parameter estimate="false" id="beta" lower="0.0" name="beta" spec="beast.core.parameter.RealParameter">109.73</parameter>
#            <parameter estimate="false" id="kappa" lower="0.0" name="kappa" spec="beast.core.parameter.RealParameter">1.0</parameter>
#            <parameter id="coalescenceRate" name="coalescenceRate" spec="beast.core.parameter.RealParameter">10.0</parameter>
#            <tree clusterType="upgma" id="Tree.Ai" nodetype="snap.NodeData" spec="beast.util.ClusterTree">
#                <taxa dataType="integerdata" id="snap.Ai" spec="snap.Data">
#                    <taxonset id="SthBarrington" spec="beast.evolution.alignment.TaxonSet">
#                        <taxon id="SthBarrington_BT10a1" spec="beast.evolution.alignment.Taxon"/>
#                        <taxon id="SthBarrington_BT8a1" spec="beast.evolution.alignment.Taxon"/>
#                        <taxon id="SthBarrington_BT9c1" spec="beast.evolution.alignment.Taxon"/>
#                    </taxonset>
#                    <taxonset id="MtWilson" spec="beast.evolution.alignment.TaxonSet">
#                        <taxon id="MtWilson_MW12bm" spec="beast.evolution.alignment.Taxon"/>
#                        <taxon id="MtWilson_MW5bm" spec="beast.evolution.alignment.Taxon"/>
#                    </taxonset>
#                    <taxonset id="Termeil" spec="beast.evolution.alignment.TaxonSet">
#                        <taxon id="Termeil_Te3bf" spec="beast.evolution.alignment.Taxon"/>
#                        <taxon id="Termeil_Te3c1" spec="beast.evolution.alignment.Taxon"/>
#                    </taxonset>
#                    <taxonset id="Broadwater" spec="beast.evolution.alignment.TaxonSet">
#                        <taxon id="Broadwater_BW10af" spec="beast.evolution.alignment.Taxon"/>
#                        <taxon id="Broadwater_BW19cf" spec="beast.evolution.alignment.Taxon"/>
#                        <taxon id="Broadwater_BW31am" spec="beast.evolution.alignment.Taxon"/>
#                    </taxonset>
#                    <taxonset id="Kerewong" spec="beast.evolution.alignment.TaxonSet">
#                        <taxon id="Kerewong_Ke18dm" spec="beast.evolution.alignment.Taxon"/>
#                        <taxon id="Kerewong_Ke21b1" spec="beast.evolution.alignment.Taxon"/>
#                    </taxonset>
#                    <taxonset id="Dampier" spec="beast.evolution.alignment.TaxonSet">
#                        <taxon id="Dampier_Da11a2" spec="beast.evolution.alignment.Taxon"/>
#                        <taxon id="Dampier_Da19a1" spec="beast.evolution.alignment.Taxon"/>
#                    </taxonset>
#                    <taxonset id="MaresForest" spec="beast.evolution.alignment.TaxonSet">
#                        <taxon id="MaresForest_MF13a1" spec="beast.evolution.alignment.Taxon"/>
#                        <taxon id="MaresForest_MF17am" spec="beast.evolution.alignment.Taxon"/>
#                    </taxonset>
#                    <taxonset id="Olney" spec="beast.evolution.alignment.TaxonSet">
#                        <taxon id="Olney_Ol20bm" spec="beast.evolution.alignment.Taxon"/>
#                        <taxon id="Olney_Ol4bm" spec="beast.evolution.alignment.Taxon"/>
#                    </taxonset>
#                    <taxonset id="NthBarrington" spec="beast.evolution.alignment.TaxonSet">
#                        <taxon id="NthBarrington_BT4a2" spec="beast.evolution.alignment.Taxon"/>
#                        <taxon id="NthBarrington_BT6a1" spec="beast.evolution.alignment.Taxon"/>
#                    </taxonset>
#                    <taxonset id="Cumberland" spec="beast.evolution.alignment.TaxonSet">
#                        <taxon id="Cumberland_Cu12a1" spec="beast.evolution.alignment.Taxon"/>
#                        <taxon id="Cumberland_Cu6a1" spec="beast.evolution.alignment.Taxon"/>
#                    </taxonset>
#                    <taxonset id="Dorrigo" spec="beast.evolution.alignment.TaxonSet">
#                        <taxon id="Dorrigo_Do2c2" spec="beast.evolution.alignment.Taxon"/>
#                        <taxon id="Dorrigo_Do5bm" spec="beast.evolution.alignment.Taxon"/>
#                    </taxonset>
#                </taxa>
#                <parameter id="RealParameter.0" lower="0.0" name="clock.rate" spec="beast.core.parameter.RealParameter" upper="0.0">1.0</parameter>
#            </tree>
#        </distribution>
#    </distribution>
#    <distribution id="likelihood" spec="beast.core.util.CompoundDistribution">
#        <distribution data="@snap.Ai" id="treeLikelihood.Ai" pattern="coalescenceRate" spec="snap.likelihood.SnAPTreeLikelihood" tree="@Tree.Ai">
#            <siteModel id="MutationSiteModel.Ai" spec="beast.evolution.sitemodel.SiteModel">
#                <parameter estimate="false" id="mutationRate" name="mutationRate" spec="beast.core.parameter.RealParameter">1.0</parameter>
#                <parameter estimate="false" id="shape" name="shape" spec="beast.core.parameter.RealParameter">2.0</parameter>
#                <parameter estimate="false" id="proportionInvariant" name="proportionInvariant" spec="beast.core.parameter.RealParameter">0.0</parameter>
#                <substModel coalescenceRate="@coalescenceRate" id="MutationModel" spec="snap.likelihood.SnapSubstitutionModel">
#                    <parameter estimate="false" id="u" lower="0.0" name="mutationRateU" spec="beast.core.parameter.RealParameter">1.7346278317152102</parameter>
#                    <parameter id="v" lower="0.0" name="mutationRateV" spec="beast.core.parameter.RealParameter">0.7024901703800787</parameter>
#                </substModel>
#            </siteModel>
#        </distribution>
#    </distribution>
#</input>
#
Sample	posterior	likelihood	prior	theta0	theta1	theta2	theta3	theta4	theta5	theta6	theta7	theta8	theta9	theta10	theta11	theta12	theta13	theta14	theta15	theta16	theta17	theta18	theta19	theta20	TreeHeightLogger
0	-2040.501846681325	-988.0663834784789	-1052.4354632028462	0.07035690150000845	0.08169601086803427	0.09273359676974313	0.10920443528533015	0.08954710347178554	0.10732589305476094	0.04722148384806783	0.12252008682728716	0.0765104556516807	0.12282410093942035	0.09049165063532574	0.2022980254092286	0.08678203598849624	0.0378143218032327	0.14578267817200255	0.0754320789067522	0.077809434966539	0.08211975194479113	0.057478708175158565	0.10643029221890013	0.0993086742503144	0.6596654893044345
1000	-2034.738188215083	-985.6307915840697	-1049.1073966310134	0.09579855337635308	0.09046233686632851	0.14470772635161105	0.07461745495081272	0.05491987421187301	0.0977489832541837	0.10460962781269527	0.11023163757401641	0.0680848688428581	0.14339766528174175	0.0921986475791704	0.12190035911943913	0.08784466332810778	0.0507199677854487	0.0498654004404137	0.12270039883650494	0.07014092689905402	0.08378253364263305	0.05764023896015128	0.05171469350987034	0.13246337293390148	0.3937351035134932
2000	-2033.2074553683613	-982.9100465970885	-1050.2974087712728	0.04788445268449256	0.08259427085473556	0.08520186811036756	0.0586329289982428	0.1074093230783285	0.13374348594674437	0.1391174710987291	0.08826305571751822	0.04500595083399813	0.11931092068199432	0.06333880642854649	0.09457050822348388	0.07898950667999573	0.04219532531398688	0.07056245019714676	0.08134316714804883	0.06819533084036716	0.189313683197265	0.08216880524658426	0.12548044107693096	0.11294094676126709	0.2929831960680389
3000	-2033.5289182526126	-979.0276616278934	-1054.5012566247192	0.08119299403863857	0.06884268630214212	0.13391290156510996	0.0802856914837092	0.0787164224357228	0.12124977626857715	0.08626592994196301	0.1131366443100846	0.05140726832679003	0.08391740515769144	0.06334267871066965	0.11259040854572863	0.06882265662298422	0.04350769622977851	0.055777272538435445	0.13686580833973197	0.049354450907245724	0.11135841865203518	0.18232141907340052	0.10808682788744964	0.08597749519615944	0.4677192584955243
4000	-2031.018439047651	-976.6063827042221	-1054.412056343429	0.08823401765120857	0.08072566890609714	0.1149750085508223	0.046197238010118144	0.11205325784272725	0.12372677572367789	0.10600342366817564	0.1328652755696614	0.042279750929508086	0.13266440243144875	0.14180096182196456	0.07741991441935699	0.07309254193556015	0.05042263070540932	0.07621456935373	0.07377553252866653	0.10531561596459986	0.15242312193007196	0.07775152515070473	0.07595034180487895	0.10598641553118736	0.7566753990682518
5000	-2027.0699117427462	-981.9545612099733	-1045.1153505327727	0.06722848082892412	0.09481459767756664	0.11891205825449039	0.061270837769239445	0.0989954601820558	0.13851949584262754	0.1667577345943902	0.1367795079776889	0.09738575118048577	0.10591062475831071	0.10399057031175071	0.08768391574557884	0.08054913716332819	0.049513255591401184	0.1481569254898375	0.05537505662896039	0.1022359776492506	0.08440505314863737	0.07576550715634278	0.09340293874317843	0.10724516820507031	0.625611354471081
6000	-2036.1993499598711	-972.2474046565341	-1063.951945303337	0.041127111511273906	0.09245257029477781	0.07329020979486704	0.04058365629376898	0.07341692518022043	0.11134511026188883	0.12381686395433379	0.1376830592417621	0.05637573883984455	0.10237025962917412	0.11541697226875747	0.05500967253591195	0.1414877844565704	0.034092117553359884	0.07780655302183351	0.12250806089524596	0.05026491811369966	0.133891288791648	0.05946350101338677	0.06010271566298091	0.1290969793625176	0.5731455351665282
7000	-2024.1716080250785	-981.5021849897317	-1042.6694230353467	0.09247870466358665	0.10109801107306125	0.15233548501976804	0.08771325481149089	0.057650904057675596	0.08675325233570455	0.13265546521211985	0.12350101950964017	0.09034835098310842	0.12425696184565535	0.07561760447024542	0.12149082074809604	0.07632571677056342	0.055333594735218976	0.10788254309044326	0.09804313733335247	0.08665439780455	0.095640044392673	0.07788656977616015	0.09671578236746305	0.10073503930094903	0.6513835264904964
8000	-2032.3404495798477	-977.6624910663933	-1054.6779585134543	0.06874313855036916	0.1102390435820551	0.13772840278651924	0.07655108335738943	0.1691053329453153	0.1367306603479336	0.10826462246111276	0.06542917628015728	0.09805867700386747	0.0976997445824011	0.1225133614328303	0.11572047172104144	0.07187553045890971	0.027847704780534357	0.07512454773244165	0.10698067838297716	0.06835200877237795	0.1289590230166269	0.06665241927559121	0.12731258870821063	0.06133763168610486	0.827966813557016
9000	-2030.2066945561915	-974.913636916552	-1055.2930576396393	0.0945707144343436	0.07384689728284212	0.12591834319475226	0.03140867189752138	0.10556684885031473	0.052242327815908464	0.12971804201833018	0.08774326275604327	0.09063671391687028	0.11578224164784187	0.12132947737266503	0.09332290164787796	0.0972167810094358	0.04683469650960984	0.05878421092058703	0.09734721203097496	0.05762471259350844	0.11838361802756657	0.10428555932186674	0.0476711014205679	0.08901350522715074	0.5585276680720871
10000	-2037.1400923554002	-975.8057486838617	-1061.3343436715386	0.040886309451444634	0.11537449000177122	0.0644185240044664	0.04236135024039988	0.1490671868460238	0.08020857878292247	0.07128039482176315	0.05201046939798213	0.1099354843564279	0.0821528191384206	0.09473131812835954	0.08325305239544135	0.09654857524164162	0.03826562192248992	0.09114938537640146	0.055848645283606745	0.06615063600944035	0.15768125421612925	0.051388771276530784	0.07234380216158197	0.1538553745972676	0.390914293123386
11000	-2036.2556352102645	-978.7106890565158	-1057.5449461537487	0.11554956106198705	0.11416467216302777	0.08049955056092309	0.03599956299967439	0.09717046954192975	0.1345254370810503	0.13183692060835314	0.06464483019546406	0.0848495610326109	0.08962160709130934	0.06684972165432801	0.12032475738445728	0.15004469023561753	0.06471494527224979	0.11377678102403638	0.07953628068226615	0.04701050342577414	0.0903186536319787	0.09313794000409722	0.05236510293366305	0.06799906841318007	0.7197027439875003
12000	-2027.919077530951	-976.4503587213921	-1051.4687188095588	0.08096678076392119	0.07883827543461858	0.08614826040078695	0.0859141789311341	0.09167308802023309	0.12052837239564114	0.07267034932421172	0.12172598533025035	0.09449355747127669	0.16210043503781493	0.0859149716503648	0.10501264115249227	0.08198007851372899	0.04491232238428849	0.04090874899798426	0.056099065894721425	0.08454586908259318	0.10842406755060045	0.06301808289803322	0.11042503800573367	0.13247795122628864	0.6508691910122676
13000	-2028.783020303558	-978.2441871720621	-1050.538833131496	0.09816247035580777	0.07689671261869303	0.1757493661566725	0.0597781274513453	0.10427871059947925	0.1617579704433861	0.11690916412183491	0.09568539317625492	0.10051189995073777	0.10547062945729752	0.0757854433962727	0.15619665055254325	0.0654977731061511	0.053324452097413155	0.06794282430074261	0.06488162816700886	0.08261661427731301	0.06569047852496668	0.09413019606068909	0.07896135501316483	0.10954591868990098	0.6479677828213964
14000	-2029.2547469493993	-976.7078252442794	-1052.54692170512	0.07039704753705334	0.11817879718137077	0.09263137195271824	0.0569019101773475	0.05794743005303966	0.14616100974919433	0.07032655814085978	0.18831048677756554	0.049071009148037165	0.06829155575323897	0.08779034731745382	0.12231294273464757	0.19444181108251385	0.05468502753754544	0.09832093159071795	0.06307996423049456	0.08394742949639551	0.10774215011825644	0.11664772946512103	0.14442434160908235	0.147945971682037	0.5109907509334215
15000	-2033.121636159639	-974.2937901366541	-1058.8278460229847	0.07203462862763842	0.12766578182581295	0.08772222239544039	0.04100738605194715	0.13647324637201438	0.10287718916203291	0.06367503372944944	0.07399531106409409	0.06708229114799312	0.12023318368868521	0.0917598914601719	0.19541749481277854	0.06940792906834835	0.04397030593805595	0.04220174909785356	0.10240031971470162	0.1164342472742309	0.08283826029099196	0.07802225872236992	0.06437171467386787	0.06907769123723993	0.5439799062977139
16000	-2031.8401546590203	-977.8587515491093	-1053.981403109911	0.08227220923627492	0.10195808014914767	0.11585715201323564	0.057467998407794665	0.053275265316641604	0.08634455598612306	0.08656363352090952	0.18166136621386367	0.06879482497263338	0.10917164581626802	0.03206820313014198	0.094633517426415	0.04591614062556397	0.07118010465361499	0.07835358425441745	0.07745611157474686	0.07326840677704656	0.09810080752123428	0.11447613075495752	0.09921607444382455	0.08999384798014957	0.4716935926191972
17000	-2033.7679313139934	-975.6462278267769	-1058.1217034872163	0.10020498063926554	0.1263819610482314	0.12964186576551862	0.03741666506287028	0.10098433259191715	0.1086685658009514	0.053018809676602004	0.10780833216082802	0.0640126718328327	0.0857093805054113	0.06039489336636566	0.10754333502388497	0.06095514521061198	0.03680252716871404	0.06031353827416424	0.06525915303115899	0.057372734963497506	0.15058167461713315	0.10685393272918352	0.13631206740953294	0.1623083659076637	0.46597542657879487
18000	-2032.8431682243704	-982.8817922233885	-1049.961376000982	0.12307248691919068	0.09847841825321224	0.09260930773487534	0.055703852016937554	0.11984323570853272	0.12646224704551934	0.13483897030846126	0.16498331454181614	0.03950791819936328	0.14097580448039362	0.11321319074969675	0.0594744292646132	0.10645069353098217	0.06485263105415881	0.08579289425205774	0.08643757619689413	0.0792730852482092	0.08039900579493828	0.11599868667943915	0.07240187416686551	0.09442681708630299	0.7313432133469508
19000	-2041.2859017573023	-977.1268371728844	-1064.159064584418	0.06916448475140229	0.08040850060086104	0.20022217034743775	0.026847498689914758	0.07191840449064944	0.12714984966515877	0.10560982845074157	0.11118107625968356	0.03618247444148932	0.08330866290097587	0.13124726787463187	0.055394792465746606	0.06903961601654159	0.04337043633316823	0.12599484365777514	0.08384856596467195	0.08559832870255545	0.13120314684208154	0.16641055988040424	0.059128512619310195	0.16286682233771754	0.47577850854532966
20000	-2021.5878025138977	-974.6979378672081	-1046.8898646466896	0.057615053450455936	0.0920664772829128	0.09530043333485631	0.0776945412316457	0.08204506108845411	0.14635239276176315	0.0840119372398689	0.11757856890208382	0.06655386972761289	0.10554118478380482	0.12887957420358417	0.09051540391898659	0.07454300467474266	0.037091875832820795	0.10739899529054169	0.1004262555267248	0.06827158088914505	0.10014715227352157	0.11813344172331573	0.11645875661904298	0.08705889727286467	0.6228457597107675
21000	-2027.082360128305	-981.3346742411735	-1045.7476858871314	0.07509940379655025	0.1456021466338063	0.08420112653698139	0.09178281477825781	0.10089691998024797	0.0935485616543563	0.11319740145726256	0.07952899750495188	0.09163525654858315	0.16939847919539258	0.11560440305755741	0.11644149639691587	0.05996248281054326	0.07066940862393169	0.06253925507132764	0.08825509816207554	0.09619096568660253	0.11097669985619127	0.07855641306779611	0.08186397076370709	0.2073859324558567	0.6970154091236946
22000	-2034.4527315581672	-976.5597766122854	-1057.892954945882	0.07201602316808339	0.07221395910844632	0.11567565387872436	0.06808731428111305	0.10738737366353909	0.1669484517570535	0.11667292511081488	0.03757567257069836	0.06696187793528059	0.05843666348296986	0.06451634982784607	0.134619732408733	0.06595075724262528	0.04204508580620836	0.12444630565363651	0.07728054818143627	0.06582569613014046	0.057650068367673495	0.08868652360354083	0.07726882019231818	0.13263890358787492	0.49749949319875464
23000	-2028.25131248946	-970.3529170474684	-1057.8983954419914	0.05333899147033344	0.07457462881418521	0.14132804243006875	0.04580369309787514	0.076095504279052	0.0882428950605337	0.1294492324875284	0.14903928226783042	0.04491597707566692	0.09034403182943106	0.06865129273198753	0.08560612406168543	0.1274517207986355	0.046203202655684866	0.17405752267822008	0.10012131737466189	0.07983524235605383	0.09175140308814006	0.10842148755593169	0.09717035216653826	0.06546064158509785	0.8405337926591729
24000	-2028.4556352808804	-975.8668474349216	-1052.5887878459587	0.07269778991281964	0.11852988401766294	0.07022637240224107	0.026267023246640906	0.09663706176689785	0.10417869470920159	0.09886902838029964	0.12849710585813334	0.06776821694530329	0.0917435368520831	0.10155270804229413	0.09075296731492395	0.07847174865404183	0.059531260554263526	0.05551189979715846	0.10323742675489268	0.06684852745433895	0.11931689988886576	0.08912805525626961	0.12794132093964647	0.09845466604435019	0.6587814516003669
25000	-2029.1921824518345	-965.8014921985881	-1063.3906902532462	0.05263499261680124	0.17133081581727322	0.083742782124451	0.056229099718815026	0.07440151116883077	0.11182390481629445	0.08520353200360888	0.15104439477912918	0.04248878786149375	0.0959973824216426	0.06864257443098615	0.09879100688163504	0.1081217112625121	0.022249162959518523	0.0808915045602367	0.11780761612690524	0.06316853695741956	0.12820968603981833	0.08591759732000948	0.10699607337879091	0.08977718890236382	0.7709619368300726
26000	-2034.2007436543695	-967.0632271286074	-1067.137516525762	0.06648188434547402	0.0905613956063126	0.09778812538830726	0.07257659872768057	0.1684768436146149	0.15010447784055295	0.07182017070744146	0.0694256277700224	0.03736495720930105	0.18610143193023623	0.09933762207054707	0.11971024989318377	0.03202681545212265	0.05458837786808687	0.10602904202819893	0.11588046092739579	0.046126675969192794	0.13191773704165205	0.056781805662562294	0.1720611394863058	0.1530723467782916	0.9307667448634596
27000	-2026.26762002314	-972.4737316775264	-1053.7938883456136	0.05785935390471237	0.09560001288086599	0.059704593159127704	0.058838266480267465	0.1011539136546128	0.09796505990436964	0.10415811358642194	0.12970221100410084	0.08317333790525931	0.11406589753798585	0.1098221045418208	0.15759944648109048	0.05364000784592106	0.03852922115474241	0.11692650275108786	0.07058160329332884	0.09490800474156671	0.07909433298540701	0.06871348668510499	0.1051348099629767	0.1420920309651779	0.8139949764139038
28000	-2026.1673089728156	-973.005015925727	-1053.1622930470885	0.08418178395175853	0.08433298031402942	0.10698402506037911	0.06636741289318619	0.08486176179009991	0.07148891036761978	0.09214319576930266	0.13109649631502507	0.14599209824667334	0.119646199033947	0.06344219417726413	0.07015197859534379	0.10851577489062407	0.03195568993173717	0.08056457466593894	0.09008633047871224	0.07704675678600618	0.06943305762392665	0.10092443530709436	0.0672850569885768	0.12477598008848906	0.7940780767733717
29000	-2031.1023856724012	-974.3340093982729	-1056.7683762741283	0.061155839664977486	0.11634692180805525	0.12326347668752569	0.08613424230637126	0.05001945788089805	0.11384976221253489	0.0721990311983676	0.06972498150526564	0.03794837735854751	0.08121123753789694	0.07715081726996131	0.07234569849194086	0.06714661816266602	0.04613059337036885	0.09360099186614619	0.09770356751619087	0.0695815557316789	0.08729496607754864	0.17093828034246472	0.16489215968365384	0.10337328857889122	0.592584822511191
30000	-2023.433150204044	-964.8606645791908	-1058.5724856248532	0.0425122178555506	0.13073423810128287	0.07570126371510252	0.04894208251445218	0.05815841547506013	0.087001123274844	0.09091874287330884	0.10013773179970124	0.052051514514856054	0.07664032096694262	0.1393975901432635	0.09854401019979041	0.08451128632929915	0.041648759729802864	0.08248964221564148	0.08669811159852017	0.08095671450671821	0.0888679185248357	0.1322670644416097	0.08030123505097354	0.07144349211473826	0.7462095641805688
31000	-2032.065380735191	-980.121608989959	-1051.943771745232	0.06504297442784596	0.14005690717391525	0.11547307568857437	0.07345984629610959	0.08962727838792141	0.06390128644055496	0.09920855292546739	0.07989762987538403	0.04571852757719885	0.17234954389556714	0.10480243177596792	0.08291808344644605	0.06332156746787265	0.05409792463682879	0.13191300659170246	0.09171285805027267	0.048397564716831994	0.07160158099897351	0.10970112172391025	0.150816149296233	0.13917373856707627	0.5513641605585798
32000	-2035.692104067146	-982.6509309130327	-1053.0411731541133	0.11637627951816806	0.11766107972851285	0.08739240559508726	0.0692651862900511	0.08533702614632356	0.13126159630120066	0.09304769334531995	0.09783147357183343	0.10367122246707236	0.07456621055769971	0.07340356961059138	0.12979081478671642	0.040385674973298036	0.033836819476368137	0.06887548096453945	0.06099686418745463	0.09379180881041284	0.09091160821421866	0.07919297351047629	0.15691062240736858	0.10635686422209197	0.5265577627067478
33000	-2031.2145434263493	-981.3136053706606	-1049.9009380556888	0.06320138504044065	0.13640303370678666	0.10730991403119552	0.028683678342591626	0.10335739480949903	0.13102391118941115	0.07103155578289067	0.13789869707989802	0.15699090478812422	0.09062620789376973	0.056799591165542326	0.09828333941488977	0.10764470623807355	0.044470835909043875	0.08171740637214771	0.09666469044663835	0.07767001866075479	0.13412920825935212	0.07501578921097937	0.11195633398604055	0.16150864458180605	0.4298146212900404
34000	-2024.0091373184082	-976.6778687431937	-1047.3312685752146	0.09478590207044274	0.07925995189864168	0.07855459706958927	0.0445997378090531	0.07042957791972794	0.10417886734518356	0.08457113852736971	0.12363602896422501	0.045995934961883006	0.11868637926644698	0.07779576471969057	0.09306397657706571	0.10547487957198425	0.06845800172909308	0.08432849974908987	0.07995299505701248	0.07164911905488659	0.07114919924114077	0.09528642403777203	0.09067539481681976	0.10800235876982618	0.4599538881340026
35000	-2026.9996081659683	-970.229705717659	-1056.7699024483093	0.0777344121701459	0.06717031544519209	0.1254383047866236	0.06739574240793583	0.12020173255366323	0.11026245568638827	0.0866430101469498	0.06730035558010031	0.03681157648442524	0.11859493767385494	0.07795633000615404	0.08335563591274296	0.04922389711942339	0.046022718476453485	0.066613527387254	0.08699647853669731	0.05218467454471604	0.08950613623233047	0.11684111199022336	0.0970438116403469	0.09015333135214551	0.5895053977990726
36000	-2029.4171114991293	-973.8139625677163	-1055.603148931413	0.1092848060949658	0.09057267957231724	0.08657599133333274	0.022441066561404075	0.0857777202504708	0.11742063991189697	0.07585334883764665	0.11181502026915115	0.06961060685040565	0.11050264411979148	0.05055176679979275	0.08667950414377987	0.0882502293010911	0.05552244755896315	0.061184666610691184	0.10488238442054476	0.08195378354952033	0.12594576081995268	0.10641016744974582	0.08391326875824032	0.08374221264029608	0.617901512088189
37000	-2024.0204940445064	-974.5132324386867	-1049.5072616058198	0.045261617714386554	0.0929526009669336	0.08857814604588557	0.04482534937733359	0.06978681787935959	0.12709656183593576	0.0997240743967891	0.08186398853917308	0.0719222986083232	0.13946847423860603	0.06041900109405281	0.07972476881100028	0.10926455457676465	0.05378756958890484	0.10833726752311602	0.12274480318631197	0.055136655152765994	0.11229901091509076	0.14642513420790954	0.09332784907551388	0.08163949355771478	0.4445221579621474
38000	-2032.3142044611773	-980.3860990551786	-1051.9281054059986	0.07745540468169976	0.11083466478984559	0.07873096696870598	0.09008990252512271	0.12527199713556778	0.0806803944332963	0.06540065647284347	0.12848779186749867	0.057693627800729	0.11922533421185873	0.07457758107403097	0.15527886712427894	0.12743993872696133	0.044730699732808396	0.1420049852221302	0.09256963700996342	0.06313522426986524	0.09046542116680098	0.13040006849347655	0.1520102284652634	0.056026841638768206	0.7837702782203195
39000	-2025.052598902491	-976.4465156649964	-1048.6060832374947	0.08736168020633588	0.0908062172536805	0.07909020133366507	0.07523453035487543	0.07779092853716055	0.07670498239332761	0.07028320026110023	0.13262697576141488	0.05599398338529105	0.1315003415377109	0.08986579825134161	0.07098423719832211	0.08936060334571537	0.04825861351369003	0.0686166720321064	0.07998617936249754	0.05522290452426728	0.09745476319548475	0.106704223014786	0.09029799311530975	0.10191021206464793	0.5120574185892455
40000	-2032.3158898792353	-974.1096211710951	-1058.2062687081402	0.08549360046303826	0.07078105480296344	0.08288832701350642	0.06938100236545713	0.088688169645191	0.12604029487210777	0.10068466479864908	0.08026686403318607	0.06448240302913992	0.09522493025456451	0.04795209229259063	0.13207036963331803	0.06284807813968181	0.05584195912151063	0.06366890242424482	0.10660894470478154	0.05235827074984843	0.07884240557488173	0.06032916905142178	0.07591521770823137	0.05921837791990675	0.6991976466285968
41000	-2032.7303100411707	-973.65925339605	-1059.0710566451207	0.04750329637811739	0.13533615748121655	0.06859272124530588	0.04176935180990173	0.0347171543191314	0.11653750371769665	0.11663599565431786	0.10291087673393193	0.06502525119378047	0.08938822230659299	0.11826505759124753	0.16746972960582937	0.1331877066164605	0.05091079455608271	0.10400682992710332	0.06745156423739856	0.07679528022257204	0.10578894601853986	0.12346028229166006	0.07689265341326092	0.08658088525380402	0.6515050946521442
42000	-2024.5400915362509	-977.5623541597784	-1046.9777373764725	0.0865948223777329	0.15908557410839438	0.11571192756499904	0.05771259461985023	0.08158728495118142	0.16096481301949206	0.08662897327848379	0.11419936668399928	0.04590628841450482	0.15173859662617883	0.09159437642777027	0.09800528313218973	0.1271291009403332	0.05858010415726461	0.11486543266887561	0.09298400311927571	0.06369639647282266	0.09360110922043385	0.12286218047865118	0.06928993612454737	0.0533061143585786	0.4694289796909197
43000	-2025.886034508816	-976.4822909282825	-1049.4037435805335	0.08566734823765025	0.14681412388323448	0.06904532926077946	0.05718098585252077	0.12338423988136615	0.10205822605483965	0.07547960129098011	0.09695676385067724	0.05566429478143767	0.07899179840006948	0.07003989056953665	0.09916238874151828	0.09069426082975235	0.055634287981805045	0.10596315503828901	0.09041834793492583	0.06999120464929544	0.0680678698892682	0.09672434337351937	0.07839492972864856	0.10143625650548621	0.6432434800159653
44000	-2030.1264350305714	-977.8215797061224	-1052.304855324449	0.06165874737174643	0.11095064227073127	0.09758771361509372	0.06010884346188462	0.15531153522133018	0.09324814387825206	0.1142266174716685	0.09417697141884593	0.07564499923644742	0.09792800006821767	0.07848910813991783	0.08364444774530219	0.040226883519583354	0.06394999927188066	0.1275059035769069	0.1005581805404432	0.08952331921836025	0.08593576660052143	0.06350630993114709	0.11930161576415126	0.13613126239756881	0.8825186971290563
45000	-2027.1821859844022	-976.8511833667268	-1050.3310026176753	0.10295648835795927	0.11224006192645637	0.05097312784689494	0.07277286538237686	0.14073356178589136	0.12112223708106808	0.07881607099393012	0.12172886899322234	0.05599072733598879	0.09228589928944153	0.1356075784884273	0.11549533839802142	0.056508944484894665	0.045319647760934244	0.06862837479498636	0.06781455115193405	0.12059350152119193	0.1803234535705737	0.09611897980896093	0.07544509423159684	0.11540708369486485	0.5507307828703427
46000	-2023.2214355813858	-975.4208900091294	-1047.8005455722564	0.11452955569559065	0.13501166494169106	0.11631016733776103	0.05563290243083309	0.10616690883652655	0.14686728325008896	0.05121234624103597	0.10304741070116762	0.06985547655690105	0.14509532631512037	0.11121415696642076	0.10657325687350735	0.11060801040394169	0.03971364560172713	0.0692002798733735	0.04982069504335559	0.09607019332941225	0.11586933230553373	0.07569849749938086	0.05378239747663033	0.14412902622945997	0.3801315062494554
47000	-2026.9937238670364	-975.7241774271749	-1051.2695464398614	0.09709158968835468	0.08568053371003993	0.08294280790727414	0.04728037019512677	0.07566146860417	0.12181266058469531	0.1070859689417831	0.18729096220803235	0.059153665685185756	0.12146588443992692	0.10543411949098375	0.11087761099135424	0.0877609360737446	0.035114816878862726	0.08101077820758416	0.10875218719503686	0.08433839216723522	0.14160993029069796	0.061979302814600755	0.08805465082846979	0.10546642019425209	0.624543100510348
48000	-2032.5671998161545	-967.3713673747302	-1065.1958324414243	0.07077687826899995	0.09224455925189418	0.08829355712708355	0.04688946190831316	0.04221115699942314	0.08022153257264925	0.07949655006382716	0.15724494626137886	0.08047830977605124	0.12384539445415192	0.05015479674006314	0.10548921372809886	0.1366509393343246	0.03537610372006724	0.08785554551265094	0.10299701951160069	0.056189467263196985	0.09338295319862956	0.0747779172181355	0.03132020963401633	0.1377444972608574	0.5140237447408162
49000	-2024.2840702271192	-974.9330750632124	-1049.3509951639069	0.07101945478095287	0.08932945866583804	0.08966240051848387	0.08485299584050313	0.1347408265135185	0.10980192505967686	0.06676314408921913	0.10923870255654142	0.048882943694636395	0.1558707630552008	0.0769205524193556	0.11702539757203506	0.07078089188748829	0.035263405274008154	0.11210679130083431	0.06114225458040582	0.11675065950490815	0.11710213306317828	0.10177245054776243	0.12098725108296571	0.07854945327497888	0.512569593717839
50000	-2026.7223925410224	-974.8906082656274	-1051.831784275395	0.04782634028941317	0.08576577022581683	0.08332532822496823	0.07009930653947749	0.07976378842875853	0.08325172784704821	0.07155467162962866	0.11395267267171422	0.05256873942686141	0.13233544052024973	0.07460059603822113	0.09362550040887248	0.06002434408796784	0.03723513957386604	0.07152023343547108	0.08206653371212849	0.06791146403747847	0.1448359530391669	0.08494688548869711	0.07763634639535018	0.12990848364277088	0.36357322973416967
51000	-2023.331838899091	-978.4227035750499	-1044.9091353240412	0.08207954052945583	0.1380639787886999	0.08375600641194136	0.07774782110045601	0.07084627112518134	0.1260112431223037	0.09643065561866468	0.11676161206103802	0.07759348169116051	0.08313459317603232	0.05415180008274453	0.09291659532935152	0.16111296385160997	0.03634018472703918	0.09396815650014662	0.09605620800266597	0.07434264618222136	0.08720038891245231	0.11907567268130771	0.12853889400932544	0.10310884774580176	0.44946842077396487
52000	-2026.4851909229526	-973.9099849433333	-1052.5752059796193	0.053997277420747676	0.07980174583922355	0.10792556251324341	0.050116628889156335	0.11164080380777519	0.12966501162125463	0.0828340661156778	0.07886735883505788	0.06632968050744671	0.06051436709650661	0.09514065238145593	0.11433604906646457	0.12311612381762731	0.036613478779806696	0.06578614215506601	0.11260139523148155	0.09073305564069271	0.1232641656971711	0.09297829018606746	0.07753235836926484	0.09383400334644418	0.5918712346227288
53000	-2040.5834247435535	-973.1111614842575	-1067.472263259296	0.09247109942621251	0.10733860934030541	0.046035681597682954	0.039213566988116545	0.06239534793311189	0.09067246005623979	0.06822557167495699	0.09317693207866967	0.04223444504576128	0.10308176589983972	0.08069543123800965	0.10682007499072663	0.04964678762347494	0.06828957155283308	0.058159984827166444	0.06686774101885745	0.06738475311106965	0.10001337249369584	0.05644075108784802	0.03987767890260408	0.10729427064894606	0.5867618184179083
54000	-2026.0150154953549	-972.1645875747902	-1053.8504279205647	0.06683024080289146	0.17017961623435435	0.08178812949658408	0.07802456840909365	0.0818732802121923	0.1253432024477787	0.0790880264645816	0.08647253454353193	0.04604958823631598	0.1418072375536743	0.05451866152641002	0.14155879165793087	0.11152282740137688	0.04325449929013549	0.1084398584943415	0.0524117249353323	0.10488805232477043	0.08773131010344994	0.08224947874852766	0.04810824765820669	0.10970420944506201	0.4515789542085677
55000	-2027.0421832709822	-977.1382583654178	-1049.9039249055643	0.08592828368701014	0.08928432035032205	0.07816878921419136	0.07951442222890548	0.08468484277515972	0.1358222152629843	0.10134071112497828	0.13357272875504297	0.04213512482457134	0.11652063939750706	0.11190817346005329	0.10907862082150054	0.08499947743465919	0.03416179877815895	0.1529806494825883	0.07460232410629411	0.08495272166414829	0.10630151139498192	0.11613750844666247	0.1440620289451764	0.10769762625756368	0.7890270122291627
56000	-2025.5907293271066	-977.2590947875382	-1048.3316345395683	0.06910108072473017	0.12842910506236757	0.11225971063351083	0.055427852704709506	0.1218732774954856	0.0891584085494197	0.08967264832752374	0.10531551529216646	0.10601135286648189	0.1303194038646841	0.06390373480701235	0.10963238931283777	0.07789673202184934	0.059664842210453324	0.07679338802148072	0.049203159845243656	0.0828869219930917	0.08868182069334521	0.07531996641082783	0.05570812331843898	0.1254426556455328	0.5187636448758282
57000	-2023.9495869561185	-977.1704795702474	-1046.7791073858712	0.05146288718930488	0.13738100040305387	0.0939704697547167	0.06024491205059699	0.09089265395171152	0.08471383695448563	0.09513790913538353	0.14271564355579192	0.07900389433080934	0.13630304892202513	0.07307461984703581	0.129828714438589	0.20047572259846327	0.040209132342756096	0.11619456254496757	0.09330375239271738	0.059799241769623104	0.12423917800962421	0.07873337242853301	0.06778097493382679	0.1192483968807904	0.3552416467692896
58000	-2031.9304631925752	-983.2612932908016	-1048.6691699017736	0.11620654769575739	0.07682925554251599	0.14039661881707274	0.04418862472852962	0.12477942441582462	0.09868248212340214	0.12805947688545347	0.09076948208182599	0.0979127141976648	0.07455626736116058	0.11225599428635065	0.10284285913788829	0.12305756073403297	0.0420397886176802	0.08985904835921667	0.1398812285985873	0.04421927886876254	0.10104862332847808	0.1294658978237946	0.07748536844795166	0.14116343049977076	0.582049086416134
59000	-2024.9026271468401	-975.4960470694647	-1049.4065800773756	0.16100861489712698	0.08799227622804259	0.1330257699839178	0.076357807118178	0.09740624270194603	0.11363566609416628	0.07376805194582202	0.11805699736982839	0.05013258399162566	0.09201582344916918	0.07495004935776892	0.13554778577979132	0.12231951871960885	0.056986935910699074	0.07227030265075385	0.07742926632604324	0.0773232104008368	0.11016115964302574	0.11306214136169078	0.07913226621256399	0.18177290267070628	0.8466926328423646
60000	-2028.371989964891	-978.0571927640242	-1050.314797200867	0.08745474208514593	0.06575657232824983	0.13762397973628446	0.055814975853267924	0.06844161032374224	0.1165692218649448	0.11870406819909608	0.10423761535989415	0.12355002642218003	0.10011034487609868	0.057715061163235014	0.1447678369672212	0.10770643489890913	0.05157579017877618	0.05167981483217854	0.09886582027778514	0.053175364671078404	0.12752440245319774	0.1176634848342782	0.07957628354133384	0.09040459190871868	0.5993005590167916
61000	-2029.465434631718	-964.6172731719416	-1064.8481614597763	0.08765318741137107	0.11551847495697012	0.08855981585439407	0.05760462181708333	0.13500023871508798	0.07615813131557837	0.09162481567592443	0.09696575983989793	0.03304908828011327	0.11207748465612481	0.06181527472895365	0.07830493181517405	0.21306525896075867	0.04977498934743647	0.08649411137605925	0.05774368441158583	0.08640924142607881	0.16485979231155304	0.04422502632117287	0.05500593324900857	0.11695758532493263	0.7681133316879475
62000	-2022.5336360290826	-973.0830965841463	-1049.4505394449363	0.07242348338243963	0.09648236151401263	0.090828126901268	0.061748607950924864	0.09483481823645853	0.13964908331016024	0.07532480346382382	0.10365299820515297	0.0468235878605971	0.08229750744688236	0.10939075482111911	0.11895126523017534	0.13893993176778202	0.04957545784450517	0.05888655475050612	0.12536786076637282	0.08200394852606696	0.14810669449708377	0.0814173955012855	0.12150194350975223	0.08005042790271738	0.6923122424165462
63000	-2024.8176968657942	-972.0974378430044	-1052.7202590227898	0.07998794075477049	0.1628318546086437	0.12600018484375283	0.04261149639468896	0.11971154623979739	0.13410367606892276	0.0761493870859845	0.08421793232997174	0.05693832323797583	0.15345829689531967	0.08089830159245623	0.14503999379091145	0.08731056877189294	0.03957608646845819	0.09337101955523651	0.10755667345804441	0.0941473213507858	0.10254250206450706	0.08427212326081436	0.1221506271198458	0.08661751006219726	0.8245188279784254
64000	-2030.1802994190782	-981.6649945707859	-1048.5153048482923	0.1843783274089841	0.15130272306411424	0.1521363024012024	0.0630936689462802	0.1345318500428963	0.1161660619009559	0.08822050582081896	0.07432919530968575	0.047916222821459055	0.1192960697979348	0.10424903971011647	0.09105005852747355	0.16251933847733874	0.03568759938744299	0.08220993608254155	0.06550944267417647	0.0776272193617031	0.09589736098438735	0.11750447597995194	0.08850118955559268	0.10836762973714502	0.42816592507036655
65000	-2029.9708968433492	-971.3093868953442	-1058.661509948005	0.08988872819395921	0.10325784053986803	0.058298878752597025	0.07750647615631963	0.05686254474480399	0.10249217666624469	0.09867645153989917	0.12005549471482539	0.0526258565096743	0.14622822055721102	0.11506785653997209	0.09252911136300448	0.13174434068460344	0.026427993988898276	0.07662670723057406	0.07468643532235558	0.08496632644306577	0.11533795152480225	0.09402511528060023	0.04695467447151399	0.0809275462604931	0.7552637677340323
66000	-2026.0473286062334	-969.5465790110676	-1056.5007495951659	0.05865323588736363	0.1154490316662855	0.09398945880952277	0.0846921631421532	0.09306068294172958	0.08028066183558805	0.0550975410130286	0.12837912777998253	0.04067837070875754	0.12586620996638975	0.10513634412348494	0.131964075452634	0.0696861527173599	0.03888734658609427	0.0657150442496683	0.07744218890196	0.08551610667772751	0.10020749710502341	0.08313387318439269	0.04644828037090857	0.12172070926980216	0.5969524958713076
67000	-2031.3859163171164	-971.4043487469309	-1059.9815675701857	0.08794477149748604	0.14037717499571117	0.13810624105648697	0.07358866048880236	0.07639570310468784	0.15309307311813192	0.07066840296089894	0.05240437789930332	0.03890452982537567	0.10513509120579415	0.0954384402966236	0.10014308707469066	0.072586457484167	0.05034824545716591	0.07704931224156568	0.06717412787991786	0.0929382873080601	0.198155353921089	0.06926181840681749	0.07148135619735799	0.10257043566860734	0.9391235272455685
68000	-2029.145144894682	-976.1949345256696	-1052.9502103690124	0.0885854873860251	0.09391115128587829	0.09903476123135878	0.08318096511259214	0.0645091076718268	0.09618719101618084	0.1264259528279789	0.07632131270938136	0.1293637727195323	0.07037809555672568	0.07366789375953069	0.10295751082819682	0.055228987119353506	0.04263771916513485	0.1115209396453527	0.05037039058930862	0.09001472484647917	0.12469725184538223	0.055414028470503494	0.049393832248659474	0.15681592878660983	0.4806280697225445
69000	-2040.7846650195659	-968.2702758341236	-1072.5143891854423	0.11102661807193573	0.08654144683707134	0.12451310112950516	0.07128390582321714	0.07621024869535549	0.07059725472937059	0.08619981282345207	0.10977102014608175	0.017575986350401383	0.09136564584802619	0.065607535344985	0.13665679167617711	0.05684619489645958	0.04141894144563088	0.05605046188369587	0.06583616118161317	0.04428587284501732	0.07436867242401138	0.04243487795811448	0.10046298242415075	0.13583992756576588	0.6102618260622804
70000	-2025.2786718118496	-981.7415573495783	-1043.5371144622713	0.08187021536286992	0.08118867527917206	0.11657970736327074	0.08452269888211084	0.12724960644193287	0.17121106192328092	0.11527707046008438	0.09076369859299237	0.05158472002882855	0.11567309633160258	0.1270400959994488	0.09233399602690077	0.09351881254528299	0.05734600292576007	0.08511391146552112	0.1004159627998009	0.06299326742474978	0.12558424642540267	0.0891435344689555	0.09039927429755648	0.10586163436322206	0.6036533131099984
71000	-2025.8847619589656	-979.2330162965521	-1046.6517456624133	0.05982447636038482	0.07487403899317188	0.09339363918749363	0.13278099805954635	0.13823206464097454	0.10487686052989793	0.11333695832563939	0.0902130691277843	0.0780882327053474	0.08914593842343325	0.14881252443099643	0.1282509025567582	0.05091882924294892	0.0370782151915517	0.0659280950525223	0.08369599024943443	0.07573549631807404	0.10264991693220021	0.11644410954219146	0.090461274011025	0.08824437606666598	0.48296543031316097
72000	-2028.5162025324926	-965.5672904163356	-1062.948912116157	0.05626393629710044	0.09095355100224276	0.08273974682017166	0.0579284048926169	0.09680250028547596	0.1195110319468969	0.0789253114761612	0.1141005293813069	0.03265891767114198	0.10396303195142104	0.055034666645119266	0.12248358033680351	0.08971688974383195	0.04181004077154376	0.09788408518225979	0.08824206878269529	0.052661615886857416	0.0936052060211811	0.06091450244801401	0.09819110853484392	0.21639837645529778	0.6639247332981535
73000	-2027.5825775547237	-980.617956924489	-1046.9646206302348	0.06879048352226544	0.1014012529859842	0.11454751792296533	0.04190723667949499	0.0986759871212179	0.1187008193445289	0.07024432801598952	0.08205841039741377	0.05100890047839743	0.1749192384172957	0.10817860944699353	0.11914438881498966	0.09194069433325007	0.0647609562139081	0.09856065293063249	0.10941444917607158	0.11595798620158346	0.10664802073099626	0.0684561196683815	0.08359126924275304	0.18654407856030758	0.4558155954315557
74000	-2026.5169906318692	-973.2516592319578	-1053.2653313999115	0.0814812483180633	0.1288392385021888	0.102060743024736	0.05884244412298323	0.07284755625720161	0.1028763545854215	0.0928730916638252	0.19826681692391102	0.04220198809048151	0.10813022636540177	0.11616878974011556	0.07094205792751493	0.07455909812361254	0.0377599854061361	0.09564822628770199	0.05089709943462403	0.05745318386881768	0.15529091180910673	0.10883237485582674	0.08786567359424825	0.10976688663289834	0.41372988938475336
75000	-2022.328084705714	-970.1376579341076	-1052.1904267716063	0.07630032929123583	0.0928046306652692	0.1348197621336929	0.04751034907119251	0.16260020730341374	0.11144994955717101	0.06104944473939934	0.1096593380836295	0.0671879718595969	0.14723222012747658	0.11340474642776628	0.08983864343504655	0.11597622930160457	0.04369588052801594	0.05176868825121387	0.07743574579174893	0.07693932710776119	0.09628121444816393	0.07204549673487591	0.10392046648737911	0.07646100334992213	0.6215260484904964
76000	-2040.4305636525169	-987.0409208933369	-1053.38964275918	0.06218570380041084	0.09311487329789511	0.09214124130829057	0.0828074458728094	0.027351591914897628	0.1039768665894227	0.10120649946939807	0.0947648496830265	0.10202760167828934	0.06184968073835853	0.08236107873152967	0.13728616924864803	0.05170045225288554	0.045578106472984464	0.08105841432291377	0.14042336946171607	0.09320233337156492	0.10587151651274346	0.09867249689903518	0.16186376633433516	0.08845769942562598	0.45696173811358054
77000	-2027.6391642781932	-969.6102599493713	-1058.028904328822	0.05490510809073642	0.11095127298623758	0.09243006561322348	0.04826835928664264	0.06629450053596433	0.07644893775836192	0.07813962205654984	0.1431371860282095	0.03758120167936512	0.11675333614236183	0.07870729171728964	0.04958352615180888	0.0709698953789438	0.04690598911862963	0.08645348015480192	0.10036072966164337	0.11259505447510508	0.10076116967432341	0.07921698413143058	0.08581342607948839	0.10999201090641356	0.5851497740270374
78000	-2032.456188734246	-973.4689747133842	-1058.9872140208618	0.06593045272834598	0.1297237331667628	0.1624354074643384	0.04425363203894911	0.09941069031024405	0.05997510204073924	0.08694131755799543	0.09456092810582256	0.09307043470668631	0.1177111085783029	0.05222566334819831	0.09087936644620317	0.11817404828242105	0.04615228549500812	0.08121303918638421	0.13047228201580024	0.055750988732265076	0.08156943016613646	0.10812056119194542	0.049298120391057555	0.11622872973356999	0.8645281219916008
79000	-2030.5542330159624	-977.3757030560445	-1053.178529959918	0.09732417125123814	0.09100658724823994	0.07897195920065724	0.07758345204599947	0.08664239006393586	0.14979891630654726	0.09747993878906219	0.08060660323567168	0.09792999875085402	0.12883399143498322	0.09686185304339712	0.08178550553969711	0.08388109191498787	0.02624368698221293	0.0807039340775942	0.042759993426792146	0.08284928032323108	0.08878339400638552	0.09613537446461567	0.11904291080113204	0.12017510060878975	0.7141910279210855
80000	-2025.4383651528751	-966.9524072113976	-1058.4859579414774	0.0711233245341091	0.08934673138456345	0.1088123714860246	0.08199555046914352	0.1207790830329097	0.09366460814823241	0.07779233493995152	0.09680794110717403	0.032531894649592524	0.1279466854399256	0.07452580685949815	0.1269024772039653	0.10367778290421033	0.03521242349650679	0.06439122489612968	0.12682643327538737	0.0600104804696768	0.06409431180141462	0.05867423454322509	0.08861809338362771	0.10490792056882822	0.6949776889973417
81000	-2024.1483752902268	-980.5996522786348	-1043.548723011592	0.09855364180448756	0.0833278820237072	0.10466719791378383	0.05240579294235912	0.09908801205359737	0.07381194126289543	0.12311372202953381	0.11965537523942231	0.041273690879616645	0.09587238744437634	0.07423170527129833	0.11910815386226362	0.12088902125329333	0.05453021437236586	0.09274880603636407	0.10543347303766731	0.05750860920927681	0.10183740128344375	0.1308203396436207	0.0792441434769409	0.12345665372808179	0.37955765938388664
82000	-2025.7847625167733	-973.6509966373551	-1052.1337658794182	0.1052285910768217	0.12496573626750312	0.12202590922288276	0.07090916490207685	0.07968089923865111	0.08792115367017068	0.09893790819611094	0.11105898056137586	0.05579457307183028	0.06830969718040118	0.07108679979021339	0.10600796574708493	0.09592562976996967	0.039750204950046525	0.0687676892205059	0.09618641335353517	0.06605980086734567	0.0823881610946306	0.07945366051047865	0.07445970485867405	0.07016235148313532	0.7126601948921776
83000	-2030.3045460356361	-973.9669781146762	-1056.3375679209598	0.0479381063107586	0.12057365758225277	0.07656773316960087	0.032549286547453815	0.17689547294551472	0.16830516773939835	0.06941237924712144	0.09166522577884106	0.08238075202525864	0.12085232165981094	0.0688675796923998	0.10360501967671523	0.08650323302661694	0.030018291040041094	0.1206713506481917	0.11940493573126353	0.10463584655346975	0.09155855523532432	0.11909148051828475	0.06427694290900168	0.10509233519079676	0.42693849205111933
84000	-2029.3323234152192	-981.3201698743544	-1048.0121535408648	0.050856401694164	0.07559759088003207	0.12373966589825901	0.08956291099219545	0.09481685210238225	0.0925043820056603	0.0629477855529457	0.07657147325249217	0.05719101608951152	0.12221131964795731	0.09477311894966746	0.11374684399771054	0.1751619096614684	0.048149970224419726	0.06932828855029474	0.08351109540484568	0.10492985103133577	0.1062128289510262	0.08875924265189518	0.1298779123537649	0.1564280616862136	0.48961674342808537
85000	-2037.1233697430375	-978.8414376206059	-1058.2819321224317	0.02880979362626458	0.10052640969453412	0.1026270098815291	0.03750349688690524	0.07467154973990119	0.11552472153371533	0.12148243553643745	0.08007151160514195	0.06010813376749965	0.16314298299185512	0.07979114721098089	0.11672984394883433	0.07925957948937663	0.059233724910396926	0.10256987325211958	0.11221085826923974	0.08237687288222721	0.08605025094927896	0.11876317010880008	0.04601665374218192	0.15443633546557797	0.5685536131264003
86000	-2028.5648513549106	-968.5341881431855	-1060.0306632117251	0.05411879732123211	0.0837438476107242	0.08908283472021651	0.048745726227205896	0.10269579837813901	0.11529227626088413	0.07279284972262545	0.06538111500812936	0.037396908308350185	0.13764685976429505	0.0730372192022885	0.06749527355581175	0.07231821533035293	0.04118431914708461	0.08188108686065092	0.12473541823281448	0.08855085469565284	0.06741284927147083	0.09956023564130344	0.10506736389557342	0.09106615339786399	0.7314763736697918
87000	-2035.1304698985164	-982.0259245561078	-1053.1045453424085	0.08260464434800512	0.07813489472203504	0.1575713973290131	0.05464166201469317	0.13981855750415628	0.10566628661021757	0.07964505899978054	0.06363788312499245	0.058316715796353655	0.11179142803540312	0.09361788821056438	0.12076401909509138	0.05334896045158993	0.06389282775192885	0.058714894779127086	0.07429084416026982	0.073479071430436	0.0931220806473676	0.08036075410910191	0.14535846868824076	0.09111205083048143	0.6576093076313564
88000	-2030.5936895432399	-979.8985462107644	-1050.6951433324755	0.08872400428548471	0.10172070447897553	0.10538448711668572	0.05526099946149474	0.07607607921123752	0.09568487268543513	0.0687441434698005	0.1320668600073144	0.05671827903050454	0.07156032445250744	0.09714151693511507	0.045303305255705306	0.08409065933904868	0.05259638563289958	0.11405123092038681	0.08468411865877339	0.08220905059826039	0.1478240112253083	0.10400208712985501	0.07833306019999249	0.08656432986579109	0.5732874826170486
89000	-2027.0877526918307	-982.9021733342955	-1044.1855793575353	0.12927845412547992	0.062394323240764216	0.09539168469055062	0.06950439325153197	0.0753803577782459	0.12382943645625313	0.057612709516264904	0.11055349152801787	0.08033437770826317	0.08414335988161131	0.09310024102150301	0.10608049154606142	0.11400161623468195	0.05806356914530311	0.09913525726941501	0.08104047989275018	0.07643838680751515	0.11681058151051173	0.08881419512827378	0.07052913530554243	0.06557962479156687	0.4612301244410728
90000	-2040.9213921154806	-971.8168719961712	-1069.1045201193092	0.12626577164700653	0.1305386313271913	0.14482655015304444	0.06389292387375727	0.07370905759486554	0.08979739293209595	0.14711862131801975	0.09385845089765166	0.07388501316938753	0.07744660510071057	0.02629409944241729	0.1063227788483232	0.059240489082040236	0.023689842203946012	0.11189295914374489	0.060281376824221196	0.04906882955915814	0.052184654344485534	0.07119109859993399	0.0657943642314223	0.07886823603118663	0.548662911819714
91000	-2038.316624984403	-982.3206920655966	-1055.9959329188064	0.07584477562460383	0.07846085733318743	0.15711335354128245	0.04480560951555149	0.09790928223546315	0.049975050201516075	0.10287690539450313	0.11458769085192475	0.09735420246706879	0.10823897591601149	0.10246572918267162	0.10048494184542334	0.0850149619930145	0.03276919620930265	0.06338638143632856	0.042735556856240864	0.10516193245484456	0.09172636927262172	0.10619592253855674	0.10558034877721717	0.14687598531980123	0.6302027416476318
92000	-2030.6047583750512	-967.6179726361283	-1062.986785738923	0.06717976230341656	0.1609957304111206	0.07129236425490826	0.032526934841866195	0.15320535910928965	0.06917380695292806	0.07296501345519248	0.10683256369128806	0.06513938617672882	0.19399532029114708	0.05795054900391291	0.09485678666281909	0.06579277412935977	0.04535059375054227	0.08553824188282308	0.08694392954358746	0.05290814565654596	0.08613475831356081	0.11721071071486966	0.09484782962176974	0.11500482414821686	0.7304358754565822
93000	-2029.366216918421	-984.3001365280224	-1045.0660803903986	0.08943883673912119	0.13021498942862245	0.0861766731728245	0.06520340020176887	0.15404400894728373	0.09436430440666976	0.08017974186472356	0.1507871725334115	0.06009681696621249	0.205662444856444	0.06795311352964703	0.1357509756843028	0.09551122680742259	0.06321058272673938	0.10882852790414271	0.09027213063593831	0.06340096600906298	0.12441288959324379	0.10924165869874586	0.10152214929268448	0.11159068754835086	0.6132042311832328
94000	-2025.5604404230148	-968.0351167615837	-1057.5253236614312	0.05479576665927696	0.054462813905565545	0.12424806846759938	0.04877913483763237	0.1254829386247594	0.06422243271431557	0.10879916386843355	0.11532032024529118	0.05670336142170898	0.11236858913020215	0.11051592418729485	0.08069978168111817	0.048009502107116776	0.045106741215932895	0.05656258571669395	0.12278822017151333	0.0718003471619085	0.13587817497758076	0.12077561581062374	0.09451849217488566	0.1469026068489807	0.6853222173629283
95000	-2033.9844391346778	-972.6851744134518	-1061.2992647212259	0.056882604778897575	0.05892333806595363	0.06818600660100568	0.07297698976835709	0.08087540031319733	0.11618880235093915	0.07716466321105042	0.14158782180500604	0.07799343642193801	0.08430419133562198	0.06213200772448407	0.09566157499005805	0.08730170743912871	0.021163432745997867	0.07209197586454202	0.12919676394830934	0.04197485141024302	0.05719269214700297	0.09660156269206895	0.09562274721866107	0.08895384361517178	0.42424560104843206
96000	-2023.2313628542113	-971.7927159245553	-1051.438646929656	0.0961737205641477	0.1197793260726204	0.11093783169145437	0.055031419033452995	0.07873648940880708	0.11980245679893495	0.08057107189618595	0.11438562961925977	0.04506647556451672	0.1116128072985114	0.08985576548337686	0.12110951187541866	0.13123916404973532	0.034443205518030685	0.08768518075860576	0.06414394670440403	0.0596587896544963	0.07998994469769613	0.0667477557445591	0.04945468772776711	0.12279393696137962	0.3814058534867981
97000	-2027.6473112085146	-977.1032323949872	-1050.5440788135274	0.08061366179761095	0.09487186327726244	0.1077027035474522	0.07669471162140944	0.10928293321657531	0.12015636184194925	0.07631856422343586	0.10826644182766132	0.06270049122406236	0.10222916608066049	0.07743258034257787	0.06490371576037701	0.08598242014767807	0.055248085554430934	0.0667391806549251	0.04310625750427909	0.09050191585869834	0.10982202253941177	0.062027878848451665	0.06481098354185744	0.06925593993434248	0.48439951118807223
98000	-2024.5785335636538	-965.3912772595216	-1059.187256304132	0.08013932127090036	0.04620124122598048	0.10864962821893077	0.040487278921677645	0.06297357491856886	0.08224064147928034	0.09675011060668001	0.1189791682460627	0.05158373350721368	0.16537815927147906	0.10563103359510959	0.05006003029456785	0.10793612190895846	0.03675068958008977	0.08184665993340974	0.10025338461415029	0.09075429303071196	0.09383842400861427	0.10419019533361125	0.07388680710899963	0.11541398489417849	0.6655654964946485
99000	-2029.2330488139523	-978.856420965853	-1050.3766278480994	0.09001374231396961	0.09982463618017137	0.0728981581575207	0.056452715889403954	0.06240720654186736	0.0946885401652259	0.14768756919765397	0.1178352528221007	0.044189787089018585	0.07411116854756114	0.07840884748476727	0.1573285136283832	0.09433356036150678	0.055064662389369384	0.10050340519285744	0.10786674585496898	0.05314715564836355	0.13621171934269757	0.09064332876082454	0.11153426753261067	0.13475057902274384	0.4615316640785625
100000	-2021.2682124561757	-972.1121926139565	-1049.1560198422192	0.04104659509639609	0.11943952474133981	0.12581777873197666	0.06440124511712444	0.09021489403115637	0.11003923709149374	0.11400428417754004	0.10904489298654794	0.06582969136302957	0.08910470894897472	0.062435707714748684	0.10359517468121329	0.13957332115604154	0.03832894672079764	0.08311581514625217	0.10703236593946368	0.09904146067991504	0.1353237959036329	0.10204265822685614	0.05859861336959281	0.07199276138700667	0.4941880751038519
