#
#model:
#
#<?xml version="1.0" encoding="UTF-8" standalone="no"?><input id="posterior" spec="beast.core.util.CompoundDistribution">
#    <distribution id="prior" spec="beast.core.util.CompoundDistribution">
#        <prior id="lambdaPrior.Ai" name="distribution">
#            <parameter id="lambda" lower="0.0" name="x" spec="beast.core.parameter.RealParameter">10.0</parameter>
#            <Gamma id="Gamma.0" name="distr">
#                <parameter estimate="false" id="RealParameter.1" name="alpha" spec="beast.core.parameter.RealParameter">2.0</parameter>
#                <parameter estimate="false" id="RealParameter.2" name="beta" spec="beast.core.parameter.RealParameter">200.0</parameter>
#            </Gamma>
#        </prior>
#        <distribution id="snapprior.Ai" lambda="@lambda" spec="snap.likelihood.SnAPPrior">
#            <parameter estimate="false" id="alpha" lower="0.0" name="alpha" spec="beast.core.parameter.RealParameter">11.75</parameter>
#            <parameter estimate="false" id="beta" lower="0.0" name="beta" spec="beast.core.parameter.RealParameter">109.73</parameter>
#            <parameter estimate="false" id="kappa" lower="0.0" name="kappa" spec="beast.core.parameter.RealParameter">1.0</parameter>
#            <parameter id="coalescenceRate" name="coalescenceRate" spec="beast.core.parameter.RealParameter">10.0</parameter>
#            <tree clusterType="upgma" id="Tree.Ai" nodetype="snap.NodeData" spec="beast.util.ClusterTree">
#                <taxa dataType="integerdata" id="snap.Ai" spec="snap.Data">
#                    <taxonset id="SthBarrington" spec="beast.evolution.alignment.TaxonSet">
#                        <taxon id="SthBarrington_BT10a1" spec="beast.evolution.alignment.Taxon"/>
#                        <taxon id="SthBarrington_BT8a1" spec="beast.evolution.alignment.Taxon"/>
#                        <taxon id="SthBarrington_BT9c1" spec="beast.evolution.alignment.Taxon"/>
#                    </taxonset>
#                    <taxonset id="MtWilson" spec="beast.evolution.alignment.TaxonSet">
#                        <taxon id="MtWilson_MW12bm" spec="beast.evolution.alignment.Taxon"/>
#                        <taxon id="MtWilson_MW5bm" spec="beast.evolution.alignment.Taxon"/>
#                    </taxonset>
#                    <taxonset id="Termeil" spec="beast.evolution.alignment.TaxonSet">
#                        <taxon id="Termeil_Te3bf" spec="beast.evolution.alignment.Taxon"/>
#                        <taxon id="Termeil_Te3c1" spec="beast.evolution.alignment.Taxon"/>
#                    </taxonset>
#                    <taxonset id="Broadwater" spec="beast.evolution.alignment.TaxonSet">
#                        <taxon id="Broadwater_BW10af" spec="beast.evolution.alignment.Taxon"/>
#                        <taxon id="Broadwater_BW19cf" spec="beast.evolution.alignment.Taxon"/>
#                        <taxon id="Broadwater_BW31am" spec="beast.evolution.alignment.Taxon"/>
#                    </taxonset>
#                    <taxonset id="Kerewong" spec="beast.evolution.alignment.TaxonSet">
#                        <taxon id="Kerewong_Ke18dm" spec="beast.evolution.alignment.Taxon"/>
#                        <taxon id="Kerewong_Ke21b1" spec="beast.evolution.alignment.Taxon"/>
#                    </taxonset>
#                    <taxonset id="Dampier" spec="beast.evolution.alignment.TaxonSet">
#                        <taxon id="Dampier_Da11a2" spec="beast.evolution.alignment.Taxon"/>
#                        <taxon id="Dampier_Da19a1" spec="beast.evolution.alignment.Taxon"/>
#                    </taxonset>
#                    <taxonset id="MaresForest" spec="beast.evolution.alignment.TaxonSet">
#                        <taxon id="MaresForest_MF13a1" spec="beast.evolution.alignment.Taxon"/>
#                        <taxon id="MaresForest_MF17am" spec="beast.evolution.alignment.Taxon"/>
#                    </taxonset>
#                    <taxonset id="Olney" spec="beast.evolution.alignment.TaxonSet">
#                        <taxon id="Olney_Ol20bm" spec="beast.evolution.alignment.Taxon"/>
#                        <taxon id="Olney_Ol4bm" spec="beast.evolution.alignment.Taxon"/>
#                    </taxonset>
#                    <taxonset id="NthBarrington" spec="beast.evolution.alignment.TaxonSet">
#                        <taxon id="NthBarrington_BT4a2" spec="beast.evolution.alignment.Taxon"/>
#                        <taxon id="NthBarrington_BT6a1" spec="beast.evolution.alignment.Taxon"/>
#                    </taxonset>
#                    <taxonset id="Cumberland" spec="beast.evolution.alignment.TaxonSet">
#                        <taxon id="Cumberland_Cu12a1" spec="beast.evolution.alignment.Taxon"/>
#                        <taxon id="Cumberland_Cu6a1" spec="beast.evolution.alignment.Taxon"/>
#                    </taxonset>
#                    <taxonset id="Dorrigo" spec="beast.evolution.alignment.TaxonSet">
#                        <taxon id="Dorrigo_Do2c2" spec="beast.evolution.alignment.Taxon"/>
#                        <taxon id="Dorrigo_Do5bm" spec="beast.evolution.alignment.Taxon"/>
#                    </taxonset>
#                </taxa>
#                <parameter id="RealParameter.0" lower="0.0" name="clock.rate" spec="beast.core.parameter.RealParameter" upper="0.0">1.0</parameter>
#            </tree>
#        </distribution>
#    </distribution>
#    <distribution id="likelihood" spec="beast.core.util.CompoundDistribution">
#        <distribution data="@snap.Ai" id="treeLikelihood.Ai" pattern="coalescenceRate" spec="snap.likelihood.SnAPTreeLikelihood" tree="@Tree.Ai">
#            <siteModel id="MutationSiteModel.Ai" spec="beast.evolution.sitemodel.SiteModel">
#                <parameter estimate="false" id="mutationRate" name="mutationRate" spec="beast.core.parameter.RealParameter">1.0</parameter>
#                <parameter estimate="false" id="shape" name="shape" spec="beast.core.parameter.RealParameter">2.0</parameter>
#                <parameter estimate="false" id="proportionInvariant" name="proportionInvariant" spec="beast.core.parameter.RealParameter">0.0</parameter>
#                <substModel coalescenceRate="@coalescenceRate" id="MutationModel" spec="snap.likelihood.SnapSubstitutionModel">
#                    <parameter estimate="false" id="u" lower="0.0" name="mutationRateU" spec="beast.core.parameter.RealParameter">1.7346278317152102</parameter>
#                    <parameter id="v" lower="0.0" name="mutationRateV" spec="beast.core.parameter.RealParameter">0.7024901703800787</parameter>
#                </substModel>
#            </siteModel>
#        </distribution>
#    </distribution>
#</input>
#
Sample	posterior	likelihood	prior	theta0	theta1	theta2	theta3	theta4	theta5	theta6	theta7	theta8	theta9	theta10	theta11	theta12	theta13	theta14	theta15	theta16	theta17	theta18	theta19	theta20	TreeHeightLogger
0	-2065.0832868720945	-1019.2012939447411	-1045.8819929273532	0.12184792355504404	0.07198956976955466	0.09973128054795878	0.09270574627800351	0.1023376355124972	0.10332761861229849	0.09125271065140633	0.12915620375227269	0.06744903100775788	0.13270190907795365	0.09595247622220926	0.06794037319634182	0.0906188454040054	0.09199158498614207	0.0792967833457452	0.04213961653651105	0.0664922220880949	0.08681309712565673	0.1213219515392739	0.09767858771290895	0.15233469555870474	0.6199764422124031
1000	-2063.600662672116	-1021.2923831901568	-1042.308279481959	0.04740852942176283	0.10225114529206895	0.2019373174325998	0.12004521642962318	0.06272353612656376	0.13529921685125265	0.141626956816853	0.148647285354286	0.12345974045845919	0.10556622334235595	0.10377446860562209	0.07345155254066711	0.11128275930278975	0.09661238375195415	0.07761718487372225	0.15716940424536496	0.11663839825952355	0.10504032417918277	0.1354563748760891	0.11076822713313317	0.07923851399016042	0.4872305365772851
2000	-2046.0863322328414	-1008.1617001458392	-1037.9246320870022	0.09342607630251794	0.0916872997242166	0.08266768837822705	0.08555746248054165	0.08681715323124081	0.1407830726278808	0.12718367650022183	0.15844181733725152	0.16373605683736603	0.09831115471344364	0.08115082074684199	0.138214894664171	0.1056866537068087	0.07573292151066019	0.10882520976498739	0.06602907863059163	0.07769974321061267	0.08143906073096971	0.11293516966087191	0.09102157165438508	0.11050531348080384	0.42881931654026473
3000	-2051.475046157412	-1014.5656923170773	-1036.9093538403351	0.1237262177932567	0.10382818638003757	0.06812248223595582	0.08968774838705118	0.1229313588494632	0.07919504316866176	0.08452286775885168	0.10369943146369943	0.10771669742874948	0.13112913418038963	0.08847870837152123	0.09798916617563526	0.08883136821189919	0.07194353858166722	0.09906308867642473	0.10208331863241363	0.074176388968212	0.12300571533674248	0.07400543581282086	0.12236972999439784	0.20697937621252221	0.35220438923778513
4000	-2048.8022300934736	-1008.6503484574843	-1040.1518816359894	0.09361945271175552	0.13117745533849376	0.16161827968695766	0.12639995222161335	0.06683093111507006	0.1516772568741072	0.07025851609427057	0.08240036646942614	0.10393615264686884	0.15574459464178655	0.14332726634592582	0.05983562909311792	0.1029047846661228	0.08736041981240747	0.0836590131877264	0.09793510845329707	0.1060603723143158	0.06640315205863005	0.09124794589184836	0.08978287035881566	0.0832434281197774	0.4657514446050922
5000	-2047.6038165938803	-1010.4202890553485	-1037.1835275385317	0.06058782927468817	0.07441840977027685	0.10854795981269494	0.09305239051511466	0.127537164442246	0.08301577114961348	0.13684749103821578	0.17579578802324644	0.17095819961127395	0.10092394683692028	0.1395887947874406	0.12394985269531524	0.11899584025421044	0.0981910207310362	0.0745020399341048	0.10440174275454564	0.0631252708954014	0.07530432029208248	0.15116764126478846	0.12128886119502248	0.18935497002347465	0.3081764335963017
6000	-2044.009240870103	-1000.9332456882872	-1043.0759951818159	0.08351654106646283	0.1684723388674605	0.09946465246430584	0.06964637985199133	0.13255719125123647	0.19047672931495616	0.05228926481533004	0.06094215179334997	0.06403042439767148	0.08994210567713495	0.111259851820003	0.15387893472086808	0.06676661828411433	0.0557273340175868	0.09429500404777151	0.11193760650554097	0.11450858228306868	0.1408400086607659	0.061183224398147405	0.1391242431298816	0.1254136046649185	0.24475415621172356
7000	-2043.1074625903864	-1002.2388359291931	-1040.8686266611933	0.06963338825929648	0.10861541185460918	0.09067924850570183	0.0715290022796161	0.089714288115565	0.08769834654641116	0.12856016117009406	0.11553985300534124	0.11069418130506926	0.11047309845810815	0.09101153562413059	0.14180720594857024	0.07767297619636183	0.07143352924618585	0.062120938157141106	0.09968708911807356	0.05359088584052092	0.13287446456073967	0.11710059123184748	0.08290437070422288	0.19262443555589762	0.4247077239287118
8000	-2067.93287785336	-1025.4843712810027	-1042.4485065723575	0.10165563116789454	0.12212594101304278	0.12137716521323727	0.06933304057524567	0.11817532770394543	0.13090890058838237	0.1354283959673111	0.09533689766371002	0.07317966560554097	0.13331280068566706	0.10125446449136406	0.14165625595452028	0.14381041930960156	0.08281397375919765	0.06998504436193995	0.119980496339592	0.07275038728534729	0.05635006580379104	0.06945888526358084	0.07949445196622473	0.09679756379927322	0.5146353900453733
9000	-2038.7744727966892	-997.0106852609231	-1041.7637875357661	0.06396545570857501	0.1342786234988443	0.08221461103604054	0.12083476969387053	0.058995202759669234	0.07577564777487245	0.09496483278097112	0.13126700820532367	0.05912617556722638	0.11542454105175672	0.1081831933711423	0.07169856762393452	0.09441410512465175	0.07155086927634143	0.11388317036467885	0.08199909561316508	0.07562178971420837	0.11881828122843406	0.04722087493888962	0.10218533401624898	0.1518454215052778	0.33333877421990915
10000	-2058.8303466315283	-1022.2648997449753	-1036.5654468865532	0.11247153989188742	0.09542556071405812	0.10425581648115739	0.09652066931605034	0.08539932958398887	0.1276534920585565	0.07491176396468296	0.08868902350924514	0.09244003798004369	0.1167354698773404	0.09756224154166414	0.10929243317256082	0.06937459551828773	0.05810946201842437	0.12774824579160535	0.12728452917082395	0.12771981563637227	0.13737251504501036	0.09750813528279856	0.04485425704561278	0.1431433788360708	0.30720816171413173
11000	-2065.1224172192497	-1021.7120379926557	-1043.4103792265937	0.13795250590752803	0.11311513986342253	0.12426482436320543	0.08168002382404647	0.09194778627548636	0.04731023933229561	0.07565841505782986	0.09796418620729014	0.11729535926065565	0.05881364699614652	0.09151201208146277	0.09886385313033876	0.08599340982702237	0.0864748400810597	0.14269176615716983	0.05434843484931759	0.06145279946539843	0.10371944049505201	0.08139050972497526	0.16398108218901178	0.07179355163949917	0.35426637302792874
12000	-2052.753182550263	-1004.6390985898631	-1048.1140839603995	0.07711870614459093	0.05901186104307178	0.08340385574909435	0.05236086805256897	0.06250219784830943	0.052593451420104326	0.18344869746685655	0.08135967224106613	0.08071228416862078	0.1685098087634752	0.10661971607158267	0.13012880605097257	0.12390193671407469	0.11568137209372255	0.12579304254882312	0.12176200165608721	0.07877637676854705	0.15544510029296782	0.08619012406442615	0.04987833372346854	0.13852423477946954	0.4221587907331252
13000	-2048.1768571307866	-1005.6819386820174	-1042.494918448769	0.12567818187287214	0.07980973789838769	0.10426708162373197	0.07415149904686598	0.1298612057449266	0.08735089910761128	0.14104652653347363	0.09567024626274907	0.07563681343505142	0.11849917054178767	0.12680813696071755	0.1438637782767571	0.08779181454754427	0.06160849529520005	0.09058620551299987	0.0898452418864283	0.08859715428845803	0.10762712560005931	0.1113710659328228	0.05988179946495173	0.08025310692860481	0.7391328686444526
14000	-2062.079851438574	-1017.5742702656837	-1044.5055811728903	0.0882108805546255	0.1383788593692055	0.09010748837015038	0.12850740471135735	0.11242824167001159	0.1720831920234657	0.10922352749310736	0.08531086225060615	0.06348053514314887	0.08461991710012207	0.12209262792324373	0.12512505341172173	0.07453330862442542	0.05833874962831746	0.08403991968119395	0.05250288255579487	0.10991575198897383	0.11358574663972466	0.06440500977242415	0.0694036713219586	0.1262648057279281	0.5596722547151916
15000	-2042.3229652273671	-995.4864585656079	-1046.8365066617594	0.07298850883409655	0.09082049245891015	0.058391999564729714	0.08901643410498482	0.12776726968051672	0.07157827834973417	0.14021055735467203	0.09306066297783304	0.06601909027704007	0.11058045236521923	0.14515592447139425	0.08800131866665968	0.06356170704394933	0.059491264259336325	0.07925622721967535	0.1833551669726105	0.11282980221569505	0.0644019090887014	0.09433268026134531	0.0723150531159539	0.12247310895525407	0.5364551816186485
16000	-2058.9948216988396	-1009.2153552054914	-1049.779466493348	0.09664625845025623	0.21186442924954846	0.19215268320113615	0.07508590442383214	0.09000343111835454	0.12581160280319767	0.0857725703742408	0.094437303095282	0.19719456540216335	0.15089029976568666	0.07826012158066642	0.16417979485309964	0.07583468196323236	0.06634704097126622	0.06668350682235846	0.10908100907714371	0.05540567870059594	0.13986289734459356	0.07069010576485063	0.11353186042815408	0.05076105676521127	0.44569630601351784
17000	-2051.816821318775	-1009.0998210417523	-1042.7170002770226	0.09341532692887802	0.063616096122397	0.1434533332413335	0.10446941483979602	0.07729513644734731	0.10682170387307496	0.061298963451789146	0.07483706617513511	0.11557071959896273	0.0823682071637313	0.13043538313132974	0.11248743091648829	0.11787225550559041	0.052156549317373936	0.05554038719354065	0.14512269145672418	0.07987750496499776	0.11426259380283743	0.0927496393137511	0.11207589132408573	0.1174961031268533	0.4340464557087104
18000	-2052.479098352545	-1014.8944884681979	-1037.584609884347	0.09116212060669411	0.07149758923770709	0.07840542145298245	0.06504562140178141	0.13074639485443595	0.12926125420982396	0.08099068184214049	0.07447053943666883	0.07661314387522858	0.11627187592671896	0.11740703102643472	0.20458441197342336	0.10485522877097044	0.08098075138382946	0.13168360020240197	0.11137650935967738	0.10536212827850548	0.07541825767233735	0.11517695778653429	0.09840448508986341	0.15977577029724588	0.32070972223623573
19000	-2051.897026460694	-1010.5883742713231	-1041.3086521893708	0.09407899658930717	0.0706088652060247	0.08743728440635343	0.08006936526256665	0.11954178461780104	0.0869425725316893	0.08100529897318602	0.06983765770946146	0.07114559218259196	0.15055115609998274	0.180764619909883	0.1431816791739575	0.11601157252468641	0.05400203736700316	0.08966533740178012	0.0734366642268353	0.09048642133506722	0.09485449519413773	0.0664711667371161	0.11989677169334001	0.13706985726147844	0.2698200122815452
20000	-2088.396800699451	-1055.6880230298461	-1032.7087776696046	0.09609861270873975	0.09292819173387205	0.055976342013705854	0.11179384570949491	0.07037065506850024	0.10263059345329385	0.1060210647014695	0.1076479063026461	0.11340562291111449	0.11341146014774649	0.08907191768858949	0.16486009203924942	0.08820250814369263	0.05722352985827156	0.1069614724841372	0.08593748657975064	0.1361785745545375	0.08712403506756135	0.0944923063841259	0.09658390341282218	0.07048022332568533	0.18404017705792264
21000	-2064.8624446599406	-1034.4335249137132	-1030.4289197462274	0.09337610170575462	0.12030411885329152	0.11407887438707331	0.055096820446242915	0.13827346901418036	0.1437848240558591	0.15008002610523785	0.11794193413013537	0.10135862051067455	0.12435340267888041	0.11851626552776359	0.14146984684207498	0.13226733920229675	0.09174513438855623	0.13836462982413225	0.10533183775677721	0.10057266265358136	0.0800953310062687	0.14397437473723693	0.07400247630670505	0.1698926170621643	0.2148155498181323
22000	-2084.3701325407237	-1038.5006152593098	-1045.8695172814141	0.12086203918712576	0.08950384474379508	0.09034310940028019	0.046617977229094304	0.045072079503291576	0.09317058452155327	0.13967262765431784	0.06820719823991427	0.09136213562830373	0.1413790046522259	0.09364497329180412	0.13123353982757596	0.15257869336458216	0.06799662133928186	0.05839402950853021	0.0689622387903254	0.05790931583802758	0.16754118752971636	0.11191294944900737	0.10896597085234415	0.062290786340796565	0.16359072284463325
23000	-2058.4883030474684	-1020.1760618602608	-1038.3122411872075	0.04737730590237767	0.10206856409845824	0.11032528038002534	0.09256130562126905	0.10721831049863048	0.12713760630498633	0.09855539666865129	0.09297370503851853	0.1109809033721149	0.05350705593167144	0.07817608524101481	0.14210239954751455	0.09392110402787927	0.07038850717825104	0.09760241949781893	0.12393682986284453	0.09673681233976436	0.09303579485903252	0.0729665421109906	0.0930460287142606	0.13056896619412608	0.34097624039544483
24000	-2046.24286096299	-1007.6948797728099	-1038.54798119018	0.09510413311446232	0.0883406810988874	0.1363610898083011	0.08213263063522423	0.07530595781035343	0.10670926063452067	0.12227442258409038	0.09212348633714909	0.1016389107296888	0.11659548382870046	0.09764493879690064	0.13040028588088162	0.21678963394981493	0.07620811085691427	0.07526963702357754	0.04742104324399359	0.07450035526553823	0.09177736620253207	0.1488042819685573	0.09388225518586882	0.11373987912937936	0.3085536345198467
25000	-2075.066273842274	-1037.910506147004	-1037.1557676952698	0.06632356298840361	0.11661496586366495	0.05134322574243117	0.09520880457905961	0.0856984987548364	0.1428695505656651	0.17364012562572317	0.10531949575093268	0.07273711088703744	0.07038898863697973	0.06602892818886485	0.13486005165135245	0.14705583496791966	0.10366180271690781	0.19809082536058034	0.14841135658586338	0.1199178914304254	0.09908152738193644	0.11476255263413827	0.08830931829755863	0.11443408703628387	0.2431870343186537
26000	-2076.325700065886	-1036.8962666593006	-1039.4294334065853	0.06391424831558652	0.10739150303150384	0.0691976323964125	0.15588344577858307	0.09408380584388788	0.07823076262469209	0.19057572369274192	0.10038559490603416	0.07119974326474025	0.1621557935451044	0.12731981894720884	0.1081763512602688	0.1148209141004857	0.09244551585469675	0.12049448414390354	0.16933447324243509	0.09396649923052411	0.06574574527502662	0.09098722912354675	0.08219832412952162	0.1282173924288201	0.2758120616426518
27000	-2052.0432923920343	-1008.9249307818185	-1043.1183616102157	0.08371265548934125	0.12617252928844375	0.07185881913746696	0.04121981038726638	0.13680353093163874	0.09397176206892141	0.13262549653676442	0.08626410510878653	0.056237943999866494	0.12703946883891437	0.09690542907966199	0.09277512557306691	0.12753943829823233	0.06798139839060481	0.12852289114366847	0.08690266943837241	0.06196516782389705	0.12769222535807304	0.11273821914084295	0.11091882790861608	0.12324396256368869	0.3895289480079138
28000	-2046.5743780032078	-1008.8337572491723	-1037.7406207540355	0.09120263418092951	0.08549295592900014	0.09935300427876835	0.07236663259892741	0.09660432258695897	0.16511840472945266	0.07127116555293041	0.08741378787467338	0.09484360277884303	0.1329322560855934	0.05139338703274226	0.07359306388706492	0.07425902025228875	0.08144353224536331	0.06817658474019772	0.14695228532453936	0.11738782663653358	0.09399341117849529	0.0937741244584387	0.07594128081879091	0.14697788823812066	0.291543834904348
29000	-2050.1852357309726	-1009.0909000816515	-1041.094335649321	0.10140643043173835	0.08361368097223235	0.09173570736322878	0.06499826576458961	0.10861411084753457	0.10922094701868507	0.1346226397528824	0.12054540618690726	0.08524382688312457	0.04915321600714456	0.12812584755098688	0.07579896673889948	0.07997861148322886	0.06190145286470924	0.11204472215972795	0.1567028070540984	0.10127207434747935	0.12446713178306279	0.0807623438650891	0.11039422089043159	0.07459332957946808	0.4544402675827283
30000	-2056.3941687293946	-1013.9148418695752	-1042.4793268598194	0.08521386833096939	0.17188994750976644	0.13562231012015907	0.12897670856102733	0.11974541238071064	0.08268865144307713	0.10645814742661719	0.11992611568572717	0.08576120017038467	0.09421621602489037	0.08558162533371058	0.052464528523429844	0.07295401088229271	0.06726360487055948	0.10323410340374874	0.09379537832748173	0.1056022976038113	0.06967039428942716	0.07618694996855294	0.10589094304989023	0.06863937622136711	0.4093071941183138
31000	-2047.6664115923115	-1007.1991705049973	-1040.4672410873143	0.05885987370568576	0.06668439040427826	0.12399170644094896	0.04432096095639217	0.07126026345870912	0.10977048326924403	0.08247169510402269	0.06088649085925021	0.11588201722425964	0.13066910346496233	0.09291907377372449	0.09396425252731685	0.07741822208931062	0.06106569714957888	0.1188766975407872	0.16135730286502786	0.12440710649595917	0.10880550289064873	0.10254512231121342	0.08870575364465563	0.1444278586442772	0.3011408380334054
32000	-2071.5230950398354	-1034.8180658646504	-1036.7050291751852	0.08858346878235386	0.10408867821976418	0.07536586327245533	0.06551306852564016	0.13066607730703952	0.14273203649885138	0.17239198196830616	0.10965310753185142	0.1481670236755061	0.18486588602156276	0.10746346260359038	0.09130199556678784	0.0725167201700537	0.08284689034533785	0.11122198045404796	0.11325614551770008	0.15354681705659792	0.1892803738269657	0.07279763062689305	0.07902333960425527	0.10786658776487751	0.32518263646721857
33000	-2056.0578121316876	-1017.6504835660033	-1038.407328565684	0.12051996970903785	0.09485526745216617	0.10269649467389338	0.05827088686499588	0.0681586926582663	0.10886732157794912	0.07928632737904412	0.1281236271852361	0.08939882710201696	0.14052478412564692	0.12781045117607268	0.08431893871151287	0.16658559805896406	0.08396573192719729	0.10265632938757059	0.05975210150932917	0.11035787196670738	0.10858809866835296	0.1210001695984247	0.13152786515711032	0.1351900756527527	0.470747660812935
34000	-2065.8356555785604	-1030.3083143886818	-1035.5273411898784	0.10714606754217457	0.14810777315206436	0.10890399736284075	0.07325897328967532	0.09686307359697957	0.1146900655575215	0.07110092825546906	0.08932781426686442	0.0958391241085299	0.11608738916180515	0.09171464598937538	0.10031290611671159	0.13828529940599693	0.07503658968913027	0.11677336690925198	0.08902028426426724	0.03950996952625703	0.07167769366623555	0.1059655668615785	0.0636118969079666	0.12027173049441019	0.21896902390034167
35000	-2062.6076045089385	-1028.2962749898763	-1034.311329519062	0.12377249535414113	0.08436278462712596	0.08637587282225313	0.06994819793547483	0.12095574815915541	0.09725758722611738	0.12857409175407242	0.06651099968399297	0.07056577750550803	0.17038171419962098	0.08297147886371568	0.10256071685072117	0.06506101228137894	0.06688840843167998	0.1086349211293215	0.09224324869336589	0.09629482883321497	0.16819849088744013	0.08323167496998193	0.09373769157696513	0.08295604882571278	0.18939939376017834
36000	-2078.2815704657987	-1044.1075347059027	-1034.1740357598958	0.14866611923303832	0.1309629327373283	0.10123267842599694	0.05582126300636821	0.11418795809913279	0.15272981823170478	0.0657227254406275	0.1182387575754254	0.09569326020809917	0.06485032973451726	0.13996664663264938	0.15791874177721477	0.07947999891640531	0.06369069224003483	0.11910078789667075	0.14442976030601243	0.07135005859727062	0.07747252665733301	0.10387122792960297	0.06879893400780807	0.14802910730424895	0.1359043926319989
37000	-2071.2575775038194	-1029.5043879169307	-1041.753189586889	0.08011904286364888	0.12422607322071962	0.1070292122419029	0.061147634738293904	0.13533069382583338	0.07349552056401135	0.08578892526332055	0.11133345414227824	0.1209026599045923	0.1008541606317089	0.09331310233912098	0.09653960911396689	0.05576666780668679	0.0661472802162568	0.06441280292262158	0.0491257438741086	0.08604244838842211	0.08766125930292178	0.09131660364585374	0.07963215545846218	0.10348516472437815	0.2756586141030465
38000	-2088.986270710536	-1057.686733970182	-1031.2995367403535	0.0901178343813078	0.09839706645917749	0.1415681933104425	0.1677684777858165	0.0827778967289047	0.09937025910056567	0.08829979415527318	0.1317566264649326	0.07024117946821753	0.14355089122725032	0.0993522045515833	0.15730007866834825	0.1031041930160785	0.05149074422342549	0.16987036121649388	0.12359121420167676	0.11860059346190072	0.07363367426329631	0.11388159859197283	0.06881307372178443	0.09536859515514874	0.16888986138371043
39000	-2062.608389937989	-1015.3455566027197	-1047.2628333352693	0.06418244239732068	0.07167089307628255	0.12963032886780043	0.08658046896418434	0.12619150190132897	0.09107353122440842	0.06639187172960086	0.08793274281967425	0.13768297593377524	0.1052456176634791	0.04565391134059959	0.0991472082871307	0.12443701873752616	0.06368273754835152	0.10760698013777982	0.07719210583957511	0.0453806363384615	0.09379710964281378	0.11959254155635085	0.10907484227012922	0.15864530235806512	0.369701030820611
40000	-2074.2859300769705	-1031.5366875266416	-1042.7492425503287	0.12827649055799806	0.09558475839485957	0.08551317791292025	0.08816072975687654	0.1282424604924701	0.06575872532226454	0.15332359926799025	0.13393410883697882	0.13564602294806338	0.13594357336373378	0.07659575316545109	0.09948468128599253	0.18576116140582002	0.03839747834864145	0.11949178289198611	0.13208425735018156	0.04508794699975522	0.0742993466816069	0.07875969672401734	0.11921490929551899	0.07520719772852523	0.2307138013284194
41000	-2070.124589757032	-1023.32008858763	-1046.8045011694019	0.10789600777574368	0.09453333631121406	0.05601063127753467	0.11830624436233933	0.06033046851373514	0.13217746108215503	0.08531904917128644	0.09965597577907458	0.11208503240644398	0.07037050032282009	0.09222638004010209	0.07287751935484339	0.06674960463817725	0.08694935937815196	0.19714292156364757	0.07794802448574215	0.059174270327772366	0.1268844606140289	0.13285726989057256	0.08375585250907269	0.15809747384525433	0.45940902538819633
42000	-2036.9027830433524	-999.7212116710409	-1037.1815713723115	0.06032277933540432	0.1202143719725999	0.08571752368394397	0.10373382636697787	0.0896912677630444	0.11450659758275529	0.1195729813015179	0.13211703192534377	0.0674502453005478	0.12355353531896919	0.15129783259217244	0.19123666462256705	0.1620140651657314	0.049255171473801436	0.12037519635158687	0.10834411785999544	0.09718138745787505	0.08191167160148226	0.15223530694185244	0.0680446294954999	0.1575704627699103	0.2552331283796391
43000	-2033.4694784177666	-997.6491480448396	-1035.820330372927	0.0841605059687932	0.09349192545931026	0.08808736374877585	0.13150128204171752	0.09587420496950935	0.19555647011601168	0.11570732808139383	0.09020047707320138	0.10259910662664545	0.10539729873541898	0.09966103028317126	0.12406400323311727	0.12839698632934451	0.058819464135495554	0.13442124703066624	0.12491249168297808	0.07208586727411236	0.1182896879780091	0.12472223872384743	0.11644295435650615	0.07789486661522588	0.43356334616512676
44000	-2054.469920575225	-1000.6690263206197	-1053.8008942546055	0.13361102196378896	0.22353331829337633	0.1615920491575315	0.06975775900135613	0.16504542217509371	0.0657785750390516	0.12242917186412457	0.06514861105914697	0.1598578778975547	0.16805809756830511	0.07246020744986388	0.12794874058217892	0.06205488467900613	0.06510376634418957	0.12601982961644195	0.10905780291409609	0.06921754671458166	0.08250886496878136	0.11923548101145595	0.17143279893979627	0.04766775107506204	0.6115049249053708
45000	-2046.3587041073515	-1010.6663612739111	-1035.6923428334403	0.11596272345274385	0.090419417688619	0.11170315770995329	0.08496157042505577	0.07857512509485709	0.10041449396172175	0.1011990645791352	0.11897533329418924	0.08918258013483477	0.09432778608669143	0.059161047064469806	0.1051996585386102	0.08069747350999121	0.06823455015660362	0.11485433529467438	0.09155435381585901	0.07712940133117896	0.1122048889983369	0.07956770428693283	0.1294412305532463	0.08818950887866835	0.4379860581992474
46000	-2057.8798605550596	-1014.5687279152463	-1043.3111326398132	0.1567387774734827	0.1440088544727763	0.14587612564448924	0.1937155681802284	0.06087412144303055	0.0953496253905504	0.16256901015746908	0.06874330527975	0.08978267604241817	0.09224602344172032	0.07689676465975141	0.08771567820760486	0.07981229089523668	0.0860280119952241	0.0829975696832378	0.09308154031503961	0.1078090399650387	0.15835113570932785	0.06491673754820187	0.10063131659557219	0.0699254400236438	0.4906088024041848
47000	-2054.7595413539734	-1006.7370594184232	-1048.0224819355503	0.08821868455954393	0.04895004138611787	0.06706463090026599	0.10363310827323995	0.1021820067836714	0.12740428858011094	0.1508332292170703	0.08634362011824077	0.06407215927128565	0.1199720381309511	0.10288374319245348	0.167880545587237	0.12594414809356105	0.06225791801325813	0.1007977934709185	0.12992189138078503	0.04789085427221706	0.08271327178185378	0.09927697633529879	0.06354999306928918	0.12198469306929383	0.5770210669858553
48000	-2039.9414441416916	-1000.3852809693807	-1039.556163172311	0.06361146053965806	0.09640349546681377	0.11899419015394963	0.08667906282065772	0.05728920679206908	0.08409861549831485	0.0889740078595588	0.11459798583919403	0.0991229457389253	0.12214152544081	0.1036866847725511	0.1566601707138074	0.09501756291545786	0.06434413290530426	0.06828550807197113	0.09338928777322836	0.0965666508796761	0.07099691608773932	0.09204596628205088	0.049000290302928885	0.14398869778137735	0.3139142365906178
49000	-2031.7984967593065	-988.1856327877443	-1043.6128639715623	0.061795074446352787	0.11548187568655208	0.08517724135000707	0.09677031323308459	0.0710415138850108	0.12438560684177824	0.08539039992743178	0.10933337975202771	0.0753767809706388	0.07197237948239542	0.07251240774345781	0.1055111414452836	0.10195580590929047	0.05462998065825067	0.11499702510529411	0.16720198491595087	0.09832330033938326	0.06374046490766984	0.07311280196800145	0.1419862019454313	0.16529665866119422	0.43173956771005234
50000	-2039.103076138079	-1003.9915325331679	-1035.111543604911	0.11191929683360771	0.10631775955406898	0.10296211519901817	0.09919574900261655	0.07874222734466231	0.12910367879531945	0.0807829398733721	0.12706863510884694	0.07002116228455606	0.07722547877363631	0.10645823933287389	0.1294244021658634	0.0983699454828428	0.05017633318196632	0.08854810464114807	0.16607315455403432	0.12136655539496774	0.0862807763768184	0.1231706824703403	0.06367827708906318	0.10210131270350806	0.2733407040174123
51000	-2046.1609352248483	-1006.2083747399212	-1039.952560484927	0.06872540970509632	0.10997984784219425	0.07909662461080036	0.057805093325138154	0.08094105104989172	0.11254372458816106	0.11111776802559188	0.127531802617572	0.08600215408062045	0.07151084028577694	0.09277962936817405	0.09200991856773866	0.08163744332675822	0.04718476530254672	0.09664968584585266	0.07332868699232191	0.18715605323634277	0.09472769497586439	0.10154411170996253	0.08487110568437613	0.12370719383768881	0.3008283490103485
52000	-2065.164652649478	-1019.0180029242078	-1046.1466497252698	0.1089638991362337	0.1109141392465884	0.057865726658737786	0.09556533183449752	0.13285544889164302	0.11295694228575298	0.10380275598291228	0.1301750701772843	0.04406144367984658	0.09919243111986356	0.09405787193859885	0.08197042949909498	0.09513315579339494	0.045608290278353766	0.06015614985936986	0.0858589489662429	0.08027854303772965	0.10365592616484041	0.13259934682019486	0.0725876848347612	0.1762818883754633	0.3305968752443068
53000	-2047.6305666144021	-1005.286095284163	-1042.344471330239	0.11730784298752484	0.1724192596407103	0.131118913698346	0.0462417669868616	0.16366998093108512	0.12496728369383196	0.1615837883886329	0.12414173123566415	0.10250412824004354	0.0919872647840142	0.08354473970088194	0.1146321697922545	0.06948794884689648	0.0957874667025814	0.0647588287951231	0.16402740597720336	0.0660568802270152	0.04661780174365911	0.08713898610824626	0.09154516466788269	0.14207191278312348	0.2653288571682776
54000	-2055.4302832677067	-1014.8682324546388	-1040.562050813068	0.10929689948407689	0.11392175174425785	0.12777940783324881	0.10066248131421336	0.06649140467326682	0.07950491795955683	0.06940219870225017	0.1008691029907851	0.08107303985411046	0.10018666605781025	0.12089281897176439	0.10693069761552178	0.06108059611227583	0.07269231361909509	0.0686798492604553	0.13010950960388168	0.10587941954057646	0.10258522857896595	0.06386121870725876	0.0834796870564751	0.09651517836173155	0.37386055831906406
55000	-2066.0286212590904	-1023.5740214550793	-1042.454599804011	0.10451596178009373	0.1384489925756645	0.11566991366157854	0.0683366818470934	0.08535649779434791	0.08480591129778485	0.10924674713029738	0.08057483420047787	0.060415103393641555	0.08567797406121191	0.060730206909226606	0.13371464934496397	0.08277042095280014	0.10114142175470034	0.06831680207345496	0.0784259192458689	0.045022479422498755	0.1680623693471474	0.08093583188100817	0.14457764360004358	0.10711282949623248	0.2857289269940603
56000	-2054.0895506851793	-1011.4553593204197	-1042.6341913647598	0.10258155553007246	0.08881501404301197	0.10751935089846544	0.0749034684913854	0.093687477246615	0.1158506757436097	0.10975955255141912	0.16900061265940908	0.09127217728063501	0.06472188056755457	0.11563598318408419	0.06573211835322598	0.08602570076991493	0.04453915723342215	0.11100144900427232	0.07803759742915839	0.09609329737866176	0.06220878590346582	0.05859171328869699	0.10597193401534992	0.08981545520996474	0.30663496131259776
57000	-2050.1862711238764	-1008.3296821649329	-1041.8565889589433	0.08435809428026261	0.19770554937167967	0.09533653596662084	0.07859505105036095	0.07758862732022781	0.0897231668278307	0.12599424520386682	0.10480666733516548	0.09931524923915759	0.1269621165252665	0.04379312734551446	0.13952989434173937	0.1211141552115211	0.05808506088255079	0.09221584073263973	0.05472106046565196	0.09518396960337391	0.10687139822073369	0.10193982680163897	0.05832411726364371	0.10254201804089708	0.2800833759111189
58000	-2059.2883315205486	-1007.2780010609557	-1052.0103304595928	0.043136010256636416	0.04610734521942495	0.07469268162533187	0.05559205185029533	0.08076470127471247	0.09301070625209043	0.07091356464434537	0.06755792432643125	0.07370208885019536	0.07375986583816838	0.11805218014974925	0.05138578799958992	0.0918785005360674	0.07571402758331382	0.10963693852068081	0.10013941774635375	0.11753028138200994	0.11082793449238067	0.14096385758551275	0.09682480581830316	0.11673954821419148	0.5265527594466336
59000	-2054.5529037205424	-1002.1391150032107	-1052.4137887173317	0.08642257218150814	0.05648850567959741	0.14568659576233056	0.0669976262059756	0.05524708902016021	0.11517618539042022	0.14870616042877677	0.12147124823001504	0.11155402462617241	0.14129421732939312	0.04159876272811618	0.16419537367499915	0.0791335334017702	0.07923814441183079	0.044756791250843135	0.1287393607612659	0.07983995617013981	0.05989568984981171	0.06462444135675766	0.14815148691838181	0.08072564986011924	0.34814232424457164
60000	-2055.445299771278	-1007.0013744568048	-1048.4439253144733	0.05797562308545585	0.068814516788915	0.11775382857473034	0.03431594986398652	0.1466372041202311	0.13194502779295178	0.09141792586135782	0.15134301377409276	0.04671992962839914	0.12544312873014205	0.09630929953018975	0.08808720950365284	0.07720620665419972	0.0780281200031893	0.07261315293382621	0.14500346690778462	0.10211280385275187	0.10004927130294333	0.11200559760604975	0.1261778060481891	0.05359480267225089	0.2804956572652532
61000	-2059.026276903087	-1007.3212288743553	-1051.7050480287314	0.06652191784493007	0.09752132134347676	0.07273371167557904	0.07494149919580388	0.06911562766186313	0.13979950358386514	0.06869262940275753	0.1411264124257114	0.0866234884586082	0.04321805477168661	0.08424953428489391	0.13546271657825082	0.09520986608104873	0.08232428519150914	0.06541619350469008	0.05479545803636503	0.08334867308513916	0.09977262802338402	0.06147110086477463	0.07261863359675316	0.1545230550787227	0.49188222805329795
62000	-2052.0840355635673	-1008.6802261503371	-1043.40380941323	0.13725978372699726	0.06548119651813233	0.09634233092447894	0.06685408692860657	0.13160598550915595	0.10100454409267358	0.1731189775647502	0.13643477881484417	0.09842629578832263	0.08791455932184332	0.09063688184327295	0.10535290699049293	0.08906698206804547	0.05865583571474999	0.06643889623211512	0.057779453182046775	0.07100607502392714	0.09217195871197767	0.08081974337427641	0.10974630939586766	0.11508670773461135	0.48699135300598023
63000	-2056.331630397106	-1021.5251310817096	-1034.8064993153962	0.0755027209679038	0.10605826713064385	0.07843957247147344	0.0883979965182423	0.0876283205574183	0.12482340636837512	0.11536060825927706	0.0913437282481273	0.06952977242407071	0.15521654060100187	0.15345863710547905	0.10419936208253874	0.07311729210954528	0.09520884506525036	0.13087626867638985	0.09935749159590306	0.11578090528392712	0.12453017279173186	0.06704342540923314	0.0940768805842911	0.11508670773461135	0.3164308476260227
64000	-2066.988431630264	-1029.6060809694409	-1037.382350660823	0.12525345449993572	0.07025224214824254	0.1060431305651022	0.06616916265143365	0.12288924183078714	0.1399449544254003	0.10396715128959888	0.15996748453309292	0.10256596610601955	0.0753081874791191	0.1567541844084311	0.10861140451779308	0.11066429919850636	0.05591425236512612	0.10631037914618768	0.07355391476987892	0.07349258787241511	0.10058912709551891	0.10504206451222341	0.08460876903412244	0.10495436880541882	0.33218136944373133
65000	-2046.1483126171624	-1008.7751946293382	-1037.3731179878243	0.0931420207734227	0.11726261616970413	0.06632819616714138	0.09374199616016889	0.15818035457842103	0.09143013600203677	0.0803325107189475	0.08675181121793456	0.05632986637295269	0.14298715189130903	0.14631580547585557	0.10085098595068552	0.10951376909787297	0.07129887940663329	0.07859764379904258	0.10561612925966742	0.08460802768172979	0.14714259844689243	0.07506560812606808	0.09911208454864523	0.16545328681690394	0.3068354551216534
66000	-2067.4765408031226	-1021.4689796825367	-1046.0075611205857	0.1333404289916252	0.11412953632869659	0.1150634710794102	0.12918048429900778	0.06469301359768573	0.08792135060281209	0.08763011980834495	0.04989234254777649	0.18534805186244974	0.10388713373682304	0.09228873386124997	0.1054173426446188	0.11125543285237832	0.07996153576988031	0.10943997218788831	0.06895126446374948	0.07900650753485429	0.08045206453144721	0.09056524728497568	0.08898538809371379	0.07530897575537658	0.7578505956673285
67000	-2048.7333566638317	-1008.2177631749759	-1040.5155934888558	0.0720544358400642	0.100985794537549	0.1629893389138292	0.10238735405148147	0.10952337401223322	0.09947351441045985	0.1451666704308746	0.04680998651762541	0.12955896635046796	0.08931319444288743	0.12813297330200688	0.1487062945248608	0.11820944137248085	0.047842763008429434	0.06711975314381437	0.09397516886316801	0.10259657920417979	0.11022363623502518	0.05935618101762676	0.08425139448914384	0.09703815912485583	0.30872091701203086
68000	-2072.87442290575	-1019.2612146381229	-1053.6132082676274	0.05787610893661155	0.10044077643900769	0.03565389940341112	0.11984720205600928	0.07754897697158891	0.07118098866047065	0.0500822205014407	0.10183510744630923	0.1493137721287706	0.0891380797033194	0.06602113450688865	0.08330902876607262	0.09602003044539396	0.10562659247094883	0.07028895450224346	0.09056362999055706	0.11169502262136044	0.0907505483388994	0.04390361358789852	0.06541861461743034	0.12093471389301672	0.45482422392757693
69000	-2037.076428573855	-995.3524111089106	-1041.7240174649446	0.0470911617543674	0.09909014357169127	0.13517515204144046	0.07599090466005386	0.08179154520914746	0.12846549529685491	0.11362796760668042	0.07848533651253643	0.10941042819421336	0.08371223149758855	0.0694123341553604	0.09872391978839531	0.08388354944229559	0.057914442138389095	0.07672101154672846	0.12320960173013436	0.09018675830683004	0.09995869125938786	0.08381838673263439	0.14103573738280145	0.09232581943142973	0.39542926572644327
70000	-2043.3779859043564	-1005.5582383003343	-1037.819747604022	0.08362498833100619	0.13270687758024327	0.09481585203761098	0.10200884884200513	0.15717219378718214	0.07724241351771359	0.07347608664660474	0.09330492004576672	0.11590429435919969	0.10455284781658512	0.0817363677055067	0.06671004144739252	0.06340481447152313	0.06052356027942244	0.11129679205996039	0.09705807284466555	0.12088849609439614	0.07539882745241204	0.1023227464475185	0.11275883315052852	0.11884236945297316	0.3690958023729281
71000	-2040.3159352608725	-996.8605309242096	-1043.455404336663	0.07479819813246026	0.09378062921894424	0.07901649794905906	0.10000673073699297	0.10346075520551364	0.14516739114186622	0.08834202014811476	0.07575167352633448	0.05468945007780855	0.123925459549966	0.053123604988621814	0.07351158048249445	0.0936401208455513	0.04934958119244193	0.09280706916326867	0.1299121693920914	0.09494490878639693	0.15028241305517945	0.07934920999980076	0.07576870805693348	0.13372715456236758	0.33965606854321156
72000	-2045.1283827757961	-1008.4286098350177	-1036.6997729407785	0.0634206177456236	0.10893685846233825	0.10071741860602271	0.06906747697403147	0.10536486094811018	0.12197816310559058	0.10226956159116894	0.09696519146551168	0.13959253788870143	0.22781423376234927	0.12941786422539675	0.08804080826940042	0.1270249022385604	0.04100731019719296	0.13880723533079478	0.11336291353666776	0.07994625139017428	0.06959197808483507	0.10913871737825201	0.0790258403306998	0.15684886141034726	0.1767893277227019
73000	-2070.7169651717195	-1029.001496313499	-1041.7154688582207	0.1734543750030827	0.09015677622047795	0.0665806098615706	0.09852602046908733	0.0729582736675979	0.08933472381231217	0.10040335268349679	0.12104343333684636	0.0820728781075902	0.12857508717558572	0.0989635064635038	0.09478439588175082	0.0855088372234332	0.045856909611822344	0.14119904578515743	0.1282633335645872	0.11214881045228839	0.11599147147909399	0.0811383851918638	0.07922164646208375	0.09264773952557698	0.2987676987070219
74000	-2068.917136110635	-1031.2326809244123	-1037.6844551862227	0.1471601860338047	0.17471287381961725	0.12782292900930387	0.1012156486093306	0.0674909869060298	0.07070048238963109	0.1409352260996877	0.08723812354602435	0.06566896130460975	0.10369212241720165	0.11973219929034758	0.14817604656254058	0.10169012986498474	0.08608576845645248	0.11944117481684918	0.1784524354892648	0.09463982139083854	0.08310441414005205	0.0774780354640618	0.06580329868074894	0.08096159339070219	0.2513151715194999
75000	-2056.451275223127	-1016.3057416502335	-1040.1455335728938	0.12020313225924352	0.11169793241270623	0.06682425037496473	0.09085700912511249	0.0988272974748716	0.08251788155139148	0.0613087452247475	0.14066199166432455	0.09686326044811734	0.11240654796420269	0.09025542890540332	0.18015547900086754	0.08852548764630486	0.06812347802578576	0.10020034915539346	0.10374066855037832	0.06113295261965654	0.11508667061303227	0.07550902350389932	0.055141478641022326	0.16977445141979194	0.25638197122616646
76000	-2039.7284946588748	-998.7211358703764	-1041.0073587884983	0.10327217225740488	0.08871620599502225	0.12627389219914958	0.057260724221932485	0.0724096411208473	0.18030228427926903	0.09377397458669073	0.07128323150997695	0.16183691016859253	0.14935550327581107	0.12665766166943004	0.07932118541122767	0.11644834198433081	0.05939381432741614	0.06414054063867322	0.12523086710793188	0.09474046444365147	0.11680387681982171	0.08473712480734426	0.06694840953239618	0.13178041363125675	0.35406415412268366
77000	-2055.3928017942817	-1008.6666830311634	-1046.7261187631184	0.06419319358207119	0.18700160396742818	0.05053883267857023	0.0949774277830914	0.19905243960788965	0.07509951456879939	0.07568888284498014	0.09310694575187298	0.08698492162061083	0.10147839820803292	0.05535102603064213	0.08652987642442236	0.11876008894796425	0.06280390259762897	0.10076033358796438	0.09675628415053213	0.05853500838868559	0.11086402160558827	0.098943036299507	0.1208273089450643	0.07874836878378462	0.2898613868615096
78000	-2060.5433156849917	-1011.1853182318647	-1049.3579974531272	0.15509733561656122	0.17153229781128254	0.11603656872810589	0.07925750149162455	0.07726083931472956	0.0934523855447084	0.1470507508387253	0.16354422778022232	0.08510629391831537	0.10428929391691476	0.05960687104250717	0.11235799314187962	0.06109390313939921	0.09599580655967305	0.10084271658169981	0.13183571121059487	0.07131005759747258	0.10539877272944391	0.09906989469142605	0.045210002835333205	0.22624327474467107	0.5871260123828683
79000	-2047.2822115615586	-998.0219626300235	-1049.2602489315352	0.08234127346843144	0.20907618091233224	0.0755823619858564	0.067726413725035	0.09054986585449767	0.1366048994186745	0.07817024790355864	0.08603680329915707	0.07089905274977232	0.10204294342133777	0.08540207075500901	0.08306911715639871	0.07712193828343016	0.06763428071196148	0.08172171425668939	0.14367895862162516	0.09463517618910297	0.10899852298832483	0.13842536682405823	0.06474102287845984	0.12180466060350675	0.7053391942583226
80000	-2048.2414161889146	-1007.8221248096474	-1040.419291379267	0.07737059902536715	0.08053781293925871	0.11433781849479101	0.08118044308245342	0.1323062587682576	0.06918831465465387	0.1502273815868568	0.1441803348656619	0.10947083968500196	0.06991118825422246	0.06162583718323418	0.12562793521271443	0.06407588347400907	0.05736600244281342	0.07284376422031337	0.090030267125613	0.05533670158002407	0.07507261400862739	0.09372796268834063	0.08188321271129448	0.12425719436356322	0.2162316955403242
81000	-2041.4673069656915	-1004.1233278704527	-1037.3439790952386	0.10577340862500009	0.08752753307697379	0.1047606496944957	0.0760472498255953	0.09109817281926089	0.10398613870131078	0.12964978640823777	0.11338428995305776	0.11110098795417093	0.1568716712006498	0.1257962629950223	0.08198836150442367	0.09052781597906034	0.06641644949821031	0.09614479830246209	0.10532943631174567	0.0626398629479673	0.06007261602603097	0.10222338470508585	0.13155157196316072	0.17162352536642175	0.3570553042868453
82000	-2060.206092344686	-1027.942886544698	-1032.2632057999879	0.11094416852309796	0.10478873536549975	0.11337282010608252	0.1130230524043932	0.11246183341078457	0.09473208174062867	0.10491184093737857	0.08895523834075703	0.08646589132426111	0.10276108694442217	0.12613115948691736	0.1886807750846873	0.12721061070385373	0.07079581230983972	0.11100564982519673	0.13194449957651305	0.0856476217198455	0.06696933040322522	0.12390021219657454	0.07458685946641287	0.11527675039782076	0.29723854831352364
83000	-2067.892870311596	-1024.0758709327224	-1043.816999378874	0.04619890775651568	0.12788093274529858	0.09173890109282919	0.05588242644299046	0.0882032666000699	0.09389756059488905	0.12379202367348566	0.09444458708265746	0.10989478078590863	0.08070547029502025	0.06143908180086479	0.12544439585948844	0.12489315520940299	0.053301571269825265	0.09544137890221333	0.04611211710405566	0.12803614911812047	0.12558493537482204	0.14121651250636613	0.10735467298042199	0.12367863959423446	0.3015591143869588
84000	-2062.8678682431546	-1023.1084141090237	-1039.7594541341311	0.082989696868579	0.045369467277869086	0.12856035168537977	0.079511434832033	0.1196507101887979	0.12169445039171069	0.061973795328509225	0.0886137963140571	0.13132906997217278	0.10934508743516674	0.1489483440359808	0.08402613132481646	0.15839121944964868	0.04901924805101903	0.11574052616973618	0.09828904696108877	0.07507514842390818	0.09702671166193226	0.05817564284503013	0.10598570449964793	0.11444411671630983	0.25052671721400754
85000	-2068.966765296136	-1029.4834687877483	-1039.4832965083876	0.08889003593761162	0.09229255818994135	0.12842649505383413	0.06502448670877531	0.17569671054938027	0.11592201094797412	0.09946777782486542	0.13069697687145312	0.10969407209436385	0.14270090834030372	0.07081388041585862	0.10281494760828297	0.10774436298171518	0.06455825807839957	0.10703265039847815	0.14059058361129817	0.08603902805382388	0.07579682316928565	0.09966744890350299	0.10338356885381007	0.05356556567807431	0.3368269032787035
86000	-2072.7459090251928	-1029.39006696277	-1043.3558420624227	0.09317944132271523	0.1169764115092462	0.1113626770555311	0.057476138994169326	0.09284662841837212	0.09008729865680908	0.06103910689444697	0.12429471463535742	0.048520617828490716	0.135937319610965	0.07969784124678139	0.07797830581619719	0.1043712621310369	0.04584003039254351	0.08526540653522176	0.12915593598022634	0.12907532705579178	0.10853942652079158	0.13815506740101524	0.10378755302283131	0.06977271500608163	0.3318782868693508
87000	-2068.5195677937927	-1027.6619257271782	-1040.8576420666143	0.08810287230008597	0.12836239976618863	0.10397826474191976	0.13344132841263143	0.06996397828008527	0.07191040365383834	0.08080391008967168	0.10860950948968946	0.07560331756032969	0.09342029721445715	0.09812360073691663	0.11181366959823522	0.1024913107456742	0.05332543073132661	0.10319955777919083	0.16742567142455156	0.04113229988973786	0.0975604591506645	0.11462137779035822	0.061887092110134004	0.0967020799372467	0.2664609281506051
88000	-2064.4781966315586	-1022.6535166668941	-1041.8246799646643	0.05779094947130503	0.16238429675300925	0.08839350016813527	0.06258695670950616	0.08989893582288819	0.10356348418836801	0.15155776090925963	0.07121531800343087	0.06319009829977373	0.047334034653257445	0.11988466705997808	0.14886843268671218	0.12372961244640508	0.06449898156903441	0.1202543307687963	0.11877858703194312	0.07580763243580539	0.18013839729290823	0.11007580545157146	0.07688824573431187	0.10947804961627505	0.2341899901809117
89000	-2071.780252680599	-1035.2501307221842	-1036.5301219584146	0.10106453932435107	0.06463250101461154	0.11970663905087471	0.09306758093978036	0.06739711652386744	0.06894948771687145	0.07369022074245138	0.10424214212242311	0.0672555892326978	0.07322106217378568	0.13961043551192653	0.10519359911191672	0.10957485773310734	0.06839837722566983	0.10686288718647433	0.1357230104056838	0.14036310027961627	0.0650165403549131	0.17674818219091012	0.1021164536422988	0.14351088939433718	0.23058130871296134
90000	-2063.622163503227	-1022.4986631673382	-1041.1235003358888	0.09736727530390157	0.09214343555687778	0.07428057669548574	0.08273444545940828	0.0592081060925987	0.09282917677066026	0.046242890396214834	0.1299572150521806	0.06027646166667485	0.14568613990047558	0.0613552442314258	0.15146795627263018	0.06450179281553935	0.06745092364503351	0.1239527848702037	0.14038749343543017	0.09363475237521696	0.11216799697881133	0.0735175130564465	0.08769091837704902	0.14611699012712545	0.20983200769333046
91000	-2058.4024217418264	-1012.931286431276	-1045.4711353105506	0.12555685881598058	0.09525265018243573	0.055227170532570764	0.10815753243434016	0.0915150391836666	0.10352093656364766	0.08661374485274527	0.12153606658563032	0.10958052827827888	0.1219634761409568	0.0992553008390941	0.16165975248606299	0.06582425427195285	0.0446964295439023	0.09926480642158587	0.08995397069778115	0.04880907909978984	0.16116479502840944	0.09253439770017922	0.06515212512265046	0.07000776731081058	0.39381923991188605
92000	-2075.5324049824467	-1026.8647786957247	-1048.667626286722	0.20934509918553296	0.08467244900569963	0.18486178490505698	0.07765131006115879	0.060280000160985246	0.13890009905660802	0.0899827809063049	0.04472727940052581	0.10410089454038046	0.11203623173594177	0.08250130915596211	0.10669462270882066	0.06183303897229906	0.0843395847659162	0.08278666565630582	0.07808870268454937	0.10349282625486902	0.06955516178606126	0.12050823696918644	0.09782523662371706	0.10744954466148787	0.4100122436939789
93000	-2066.1372680784275	-1023.76792321818	-1042.3693448602473	0.08468365956197982	0.123998204455988	0.06289339261626009	0.09719812643192885	0.12326320603899299	0.10148039296507864	0.09032853111245928	0.06647902032451126	0.04469051899219967	0.09591014531986955	0.11413908191122993	0.09970239520688719	0.13619242835545695	0.11058101511418078	0.1115348935530101	0.08992014625037255	0.07882054490662953	0.07815155770935983	0.09731685908599452	0.1760306718464765	0.08439674391402757	0.4143859147824344
94000	-2041.5968603611002	-1002.9710602363734	-1038.6258001247268	0.1302176075006892	0.09734663467802558	0.10084658241131911	0.06909803786546362	0.08769656518086759	0.13299057220465377	0.09638748666144419	0.10248142777921562	0.08693721569524882	0.10234468336008244	0.11857024449635747	0.06772837809222593	0.09850236869710885	0.055049562113907644	0.14774115593013373	0.10144645998143129	0.08103629725761093	0.09973861946863359	0.10265460626563869	0.07634518875781034	0.12053478765107911	0.35063192368803153
95000	-2040.590236912761	-1002.6206596086522	-1037.9695773041087	0.08469608890019428	0.06547464673274023	0.08993400414702146	0.075327889145655	0.07996677725252632	0.11312670041146962	0.16199868541119983	0.11057814994398316	0.11695324079220663	0.12316769596157683	0.08768956866426136	0.1312907044601318	0.06693714114528011	0.08917367236597813	0.133579003093925	0.1452673063569262	0.10226667705423645	0.0607559753750842	0.0976646877205421	0.09091652332754754	0.11673941196098163	0.4176203049480697
96000	-2078.8767363459247	-1031.1317964163786	-1047.7449399295463	0.07764654538054629	0.08795122256597591	0.0759560175969421	0.07129887235837101	0.18552702741273858	0.08170024217128151	0.09071312549641444	0.08986812370864167	0.03526276184225539	0.08504463757332113	0.09634086974801312	0.07931907496969974	0.10203300246068944	0.10567266688884339	0.10026188569784959	0.13152872717793826	0.07610042558370719	0.1137265288653919	0.06713978488091957	0.11553547835370631	0.09448577348717516	0.46671767616967236
97000	-2056.4718131577433	-1019.5271533744894	-1036.9446597832539	0.11927649045515541	0.091689797680321	0.1325734344879228	0.08227609662640598	0.08955103847110729	0.10895604391816396	0.09539947593143741	0.07098773075386605	0.11690149724058037	0.10409554594866315	0.0984137303779334	0.08750216217630748	0.08904780305475322	0.05501439963892784	0.0805387319422856	0.07522828744425292	0.11620832349241764	0.09989824019122814	0.06945233933672505	0.06034389066046196	0.10546966365778893	0.278229513980968
98000	-2073.067074336162	-1037.6616270756872	-1035.4054472604748	0.08946669517793213	0.057650097360395045	0.09774554631610345	0.08999446956452119	0.11502971463833779	0.11833328861172412	0.09727556894914358	0.10649042704403369	0.10947380744925694	0.10700885736699507	0.07585422605627772	0.12356939885441677	0.08289732729426084	0.08769134661540345	0.07083575594611805	0.11154455075750253	0.05490162265547814	0.08080005324253088	0.14359939041043046	0.06796801765103197	0.10272552899244237	0.23655560768230777
99000	-2063.3061325739923	-1033.3394087553345	-1029.9667238186578	0.10960122240004228	0.08754309877618917	0.07212485515191669	0.12348780207498095	0.10587486605678667	0.10441482893723396	0.13013735141600682	0.09172207116231329	0.06977087919553926	0.10655595664844884	0.12641916011154009	0.10822062506166763	0.1109364289944479	0.10113302095015059	0.11978502695579542	0.09225884334610908	0.09372837570345464	0.096482733009326	0.13571555967774526	0.09597857502835015	0.11644649319654954	0.3271809225296829
100000	-2038.0627683506486	-990.2682259227045	-1047.7945424279442	0.0629037133607837	0.09594734179924584	0.07524705422241092	0.054952136086922204	0.0923725911101057	0.1090580573919633	0.09061013795000893	0.07799275024758641	0.08557156653425839	0.0940074195193802	0.09072200334032335	0.11758831895032842	0.0535784524209109	0.05940052137248607	0.07651886996558833	0.10355048469372337	0.06859848196642968	0.07008721132816385	0.0452344378259728	0.08541390282467162	0.06454696810052123	0.2594115344690049
