#
#model:
#
#<?xml version="1.0" encoding="UTF-8" standalone="no"?><input id="posterior" spec="beast.core.util.CompoundDistribution">
#    <distribution id="prior" spec="beast.core.util.CompoundDistribution">
#        <prior id="lambdaPrior.Ai" name="distribution">
#            <parameter id="lambda" lower="0.0" name="x" spec="beast.core.parameter.RealParameter">10.0</parameter>
#            <Gamma id="Gamma.0" name="distr">
#                <parameter estimate="false" id="RealParameter.1" name="alpha" spec="beast.core.parameter.RealParameter">2.0</parameter>
#                <parameter estimate="false" id="RealParameter.2" name="beta" spec="beast.core.parameter.RealParameter">200.0</parameter>
#            </Gamma>
#        </prior>
#        <distribution id="snapprior.Ai" lambda="@lambda" spec="snap.likelihood.SnAPPrior">
#            <parameter estimate="false" id="alpha" lower="0.0" name="alpha" spec="beast.core.parameter.RealParameter">11.75</parameter>
#            <parameter estimate="false" id="beta" lower="0.0" name="beta" spec="beast.core.parameter.RealParameter">109.73</parameter>
#            <parameter estimate="false" id="kappa" lower="0.0" name="kappa" spec="beast.core.parameter.RealParameter">1.0</parameter>
#            <parameter id="coalescenceRate" name="coalescenceRate" spec="beast.core.parameter.RealParameter">10.0</parameter>
#            <tree clusterType="upgma" id="Tree.Ai" nodetype="snap.NodeData" spec="beast.util.ClusterTree">
#                <taxa dataType="integerdata" id="snap.Ai" spec="snap.Data">
#                    <taxonset id="SthBarrington" spec="beast.evolution.alignment.TaxonSet">
#                        <taxon id="SthBarrington_BT10a1" spec="beast.evolution.alignment.Taxon"/>
#                        <taxon id="SthBarrington_BT8a1" spec="beast.evolution.alignment.Taxon"/>
#                        <taxon id="SthBarrington_BT9c1" spec="beast.evolution.alignment.Taxon"/>
#                    </taxonset>
#                    <taxonset id="MtWilson" spec="beast.evolution.alignment.TaxonSet">
#                        <taxon id="MtWilson_MW12bm" spec="beast.evolution.alignment.Taxon"/>
#                        <taxon id="MtWilson_MW5bm" spec="beast.evolution.alignment.Taxon"/>
#                    </taxonset>
#                    <taxonset id="Termeil" spec="beast.evolution.alignment.TaxonSet">
#                        <taxon id="Termeil_Te3bf" spec="beast.evolution.alignment.Taxon"/>
#                        <taxon id="Termeil_Te3c1" spec="beast.evolution.alignment.Taxon"/>
#                    </taxonset>
#                    <taxonset id="Broadwater" spec="beast.evolution.alignment.TaxonSet">
#                        <taxon id="Broadwater_BW10af" spec="beast.evolution.alignment.Taxon"/>
#                        <taxon id="Broadwater_BW19cf" spec="beast.evolution.alignment.Taxon"/>
#                        <taxon id="Broadwater_BW31am" spec="beast.evolution.alignment.Taxon"/>
#                    </taxonset>
#                    <taxonset id="Kerewong" spec="beast.evolution.alignment.TaxonSet">
#                        <taxon id="Kerewong_Ke18dm" spec="beast.evolution.alignment.Taxon"/>
#                        <taxon id="Kerewong_Ke21b1" spec="beast.evolution.alignment.Taxon"/>
#                    </taxonset>
#                    <taxonset id="Dampier" spec="beast.evolution.alignment.TaxonSet">
#                        <taxon id="Dampier_Da11a2" spec="beast.evolution.alignment.Taxon"/>
#                        <taxon id="Dampier_Da19a1" spec="beast.evolution.alignment.Taxon"/>
#                    </taxonset>
#                    <taxonset id="MaresForest" spec="beast.evolution.alignment.TaxonSet">
#                        <taxon id="MaresForest_MF13a1" spec="beast.evolution.alignment.Taxon"/>
#                        <taxon id="MaresForest_MF17am" spec="beast.evolution.alignment.Taxon"/>
#                    </taxonset>
#                    <taxonset id="Olney" spec="beast.evolution.alignment.TaxonSet">
#                        <taxon id="Olney_Ol20bm" spec="beast.evolution.alignment.Taxon"/>
#                        <taxon id="Olney_Ol4bm" spec="beast.evolution.alignment.Taxon"/>
#                    </taxonset>
#                    <taxonset id="NthBarrington" spec="beast.evolution.alignment.TaxonSet">
#                        <taxon id="NthBarrington_BT4a2" spec="beast.evolution.alignment.Taxon"/>
#                        <taxon id="NthBarrington_BT6a1" spec="beast.evolution.alignment.Taxon"/>
#                    </taxonset>
#                    <taxonset id="Cumberland" spec="beast.evolution.alignment.TaxonSet">
#                        <taxon id="Cumberland_Cu12a1" spec="beast.evolution.alignment.Taxon"/>
#                        <taxon id="Cumberland_Cu6a1" spec="beast.evolution.alignment.Taxon"/>
#                    </taxonset>
#                    <taxonset id="Dorrigo" spec="beast.evolution.alignment.TaxonSet">
#                        <taxon id="Dorrigo_Do2c2" spec="beast.evolution.alignment.Taxon"/>
#                        <taxon id="Dorrigo_Do5bm" spec="beast.evolution.alignment.Taxon"/>
#                    </taxonset>
#                </taxa>
#                <parameter id="RealParameter.0" lower="0.0" name="clock.rate" spec="beast.core.parameter.RealParameter" upper="0.0">1.0</parameter>
#            </tree>
#        </distribution>
#    </distribution>
#    <distribution id="likelihood" spec="beast.core.util.CompoundDistribution">
#        <distribution data="@snap.Ai" id="treeLikelihood.Ai" pattern="coalescenceRate" spec="snap.likelihood.SnAPTreeLikelihood" tree="@Tree.Ai">
#            <siteModel id="MutationSiteModel.Ai" spec="beast.evolution.sitemodel.SiteModel">
#                <parameter estimate="false" id="mutationRate" name="mutationRate" spec="beast.core.parameter.RealParameter">1.0</parameter>
#                <parameter estimate="false" id="shape" name="shape" spec="beast.core.parameter.RealParameter">2.0</parameter>
#                <parameter estimate="false" id="proportionInvariant" name="proportionInvariant" spec="beast.core.parameter.RealParameter">0.0</parameter>
#                <substModel coalescenceRate="@coalescenceRate" id="MutationModel" spec="snap.likelihood.SnapSubstitutionModel">
#                    <parameter estimate="false" id="u" lower="0.0" name="mutationRateU" spec="beast.core.parameter.RealParameter">1.7346278317152102</parameter>
#                    <parameter id="v" lower="0.0" name="mutationRateV" spec="beast.core.parameter.RealParameter">0.7024901703800787</parameter>
#                </substModel>
#            </siteModel>
#        </distribution>
#    </distribution>
#</input>
#
Sample	posterior	likelihood	prior	theta0	theta1	theta2	theta3	theta4	theta5	theta6	theta7	theta8	theta9	theta10	theta11	theta12	theta13	theta14	theta15	theta16	theta17	theta18	theta19	theta20	TreeHeightLogger
0	-2031.0698594967241	-982.7961638867087	-1048.2736956100155	0.051240789042404346	0.13160636656860225	0.09643692050770859	0.0825798962892099	0.15529742421637613	0.11015783936373613	0.08969782823178099	0.11088985190151254	0.07728285634273213	0.09684072885460346	0.046653508020568425	0.05180937499182621	0.05969135620832717	0.05985815467897844	0.09325274561070651	0.13611159706230982	0.07910742447588352	0.07137937469038502	0.09834963298204488	0.07487719315384891	0.11720738788162305	0.4071132622381395
1000	-2031.2326488423855	-982.9299037002908	-1048.3027451420949	0.1112991854887292	0.07030292522052631	0.07394400355349784	0.07130768474311407	0.12352238877233727	0.16549810556275563	0.09984402469517561	0.10879052452867802	0.09640631019306521	0.1663571547587642	0.09124657832587764	0.11969845827702888	0.12667104227144468	0.053248899894100137	0.0737579749757885	0.05945419408409417	0.09964870412207781	0.11596787313711907	0.11240192148852603	0.10444416065078962	0.04869231397994015	0.6785485770591294
2000	-2031.986992410616	-987.5466399596601	-1044.440352450956	0.11302098012657329	0.2092525127024676	0.14971362927255874	0.04658725518797916	0.09426668620955514	0.1387297485235041	0.07159172033136152	0.08390271838120361	0.056283938767177404	0.08006345133069231	0.1063584505648657	0.08392305053634835	0.07000766909603082	0.06083403092662187	0.11395628612523916	0.11617731528653684	0.10753990804652826	0.07406625747849566	0.08828444704004483	0.10704996120189125	0.10762113320968165	0.39677261500896227
3000	-2023.882261733926	-980.3065258144933	-1043.5757359194329	0.07006510711988272	0.1333347284363921	0.11506709795117293	0.06459391484206625	0.1380565978103136	0.13059982209702906	0.06418366303283125	0.0980379052796421	0.06833267190709941	0.12751541332189945	0.14123757309957508	0.09959508311304545	0.06598665678439028	0.0554475849566207	0.07703665793752569	0.09545513634704553	0.06154618437517196	0.11333815612821531	0.1216175577697194	0.07014381028812355	0.1578304711852512	0.38084005100703006
4000	-2033.7238904142	-987.5367778271277	-1046.1871125870723	0.08790018975016421	0.11734418402661817	0.0966936258253994	0.06644467772418947	0.1300649197408698	0.17877488201173602	0.14372855310174634	0.1117764721887262	0.07538349736517917	0.09896602503876732	0.09167218736377768	0.10672189166348371	0.04601533127692665	0.05490296298040374	0.07291962374037879	0.12328482577955865	0.08005003454719163	0.11499674670849855	0.08155475417748176	0.1261198660437097	0.21581035051363037	0.5011178073598701
5000	-2038.6291160216551	-982.2313716104927	-1056.3977444111624	0.06417564510916487	0.10343684772151887	0.06962559480368725	0.047447799970178256	0.08861864053976301	0.15214480914319178	0.10568150706184357	0.1235512346767435	0.08470630644187342	0.10525610913875469	0.15224752293296134	0.09565260824209501	0.10503115809234292	0.03191849359358872	0.09462100245957393	0.057040286909413	0.1439947572857838	0.12164179582065021	0.04248840195709569	0.07247298328450529	0.08532120403068041	0.511602021773506
6000	-2034.2420122394192	-991.2982916005789	-1042.9437206388402	0.0689622651535678	0.06083291278493417	0.0974200239238346	0.06116900554147998	0.14809461913797944	0.08643690346208069	0.10805619177338997	0.07065592147030343	0.09402899456148041	0.0839621206383932	0.15312029688325074	0.07982043567135085	0.10861944919329514	0.06556834369174976	0.08872141331198165	0.09963354390808475	0.09463756814925602	0.09384492904180748	0.10460001163005316	0.0713355060407989	0.10384716906340653	0.5269753251256714
7000	-2047.034066284661	-995.2077150661648	-1051.8263512184963	0.050170467972526424	0.1306767064917654	0.09741715618521324	0.10634711052053816	0.049745493295037246	0.06428256164941927	0.08526456029068111	0.1604995110272363	0.12101395797637901	0.14083845810429846	0.1033343695001781	0.045920220250556226	0.09976147458807588	0.05522397180700968	0.06438904250711566	0.11453968293090058	0.08498342025755463	0.12948482486432214	0.11054059250805745	0.04266014548482766	0.14672515136304712	0.4350239247131562
8000	-2053.7529759924378	-1000.8150770464277	-1052.93789894601	0.07377108165313337	0.11427523333986225	0.0820017414080358	0.10206998856875911	0.12438603610255841	0.14997159349545225	0.061015868786160894	0.0790799417367718	0.12057831473803901	0.0889446774443974	0.1851252986314068	0.10811524424390322	0.16230445001471736	0.027967067065582586	0.05934320375363758	0.0855428668488394	0.0874251789101028	0.03441608975250065	0.08878704456923647	0.1190775054100593	0.20057717947237297	0.3056970776488018
9000	-2025.4833935858546	-981.2765508107667	-1044.2068427750878	0.07850173711695824	0.12955009900990413	0.12720108061356847	0.05543443515792936	0.12140847125541435	0.1269894020455424	0.1119076729653137	0.09615151380607974	0.07205622138561604	0.11310538873606982	0.1551392073297442	0.07018342284030818	0.0755581123700806	0.051057001022072716	0.1035302896908461	0.08894782455779017	0.08819672011521024	0.11420686910927402	0.05931384193054966	0.07881607376382477	0.06452095638296496	0.465227543007079
10000	-2029.7449470460122	-977.8171306878792	-1051.927816358133	0.09298261432039744	0.09079884609292017	0.05549889786979912	0.067962165767605	0.14627246113325687	0.07962234310447848	0.13519012343736161	0.0733898336903817	0.09776331848978426	0.2005415336505712	0.10367899315986975	0.09506581428897518	0.08854461273196121	0.03494166285848504	0.07153809184598259	0.1070773705614958	0.09662855062137343	0.17926238486610743	0.11544551067480754	0.04571919844646907	0.08156680439820177	0.4796607394478202
11000	-2027.5125241026303	-982.5084026903887	-1045.0041214122416	0.06297445345926588	0.07894286322966194	0.12247638911556398	0.04988341655895996	0.15431281965251709	0.13133172065737944	0.07148624914856522	0.11574402940243061	0.08503034891455952	0.12213211042733847	0.0941524232138145	0.13847362833846033	0.08578563050593618	0.045173488443277975	0.07586186985458286	0.06905694117771084	0.07269319748077652	0.10432448967123902	0.07301989709557581	0.07506148296792865	0.16048649292834674	0.32027504167196635
12000	-2032.215185907769	-977.8402122314935	-1054.3749736762754	0.06081596999893613	0.11147859235826571	0.07107906306785791	0.07775659747587411	0.08060082685287996	0.05602768886702613	0.11429214031423586	0.12694026507072756	0.06634564337994478	0.09266738175039363	0.04785034750191518	0.09038783376911655	0.07482075569803374	0.03758930737747204	0.09359598121230281	0.06329684574901431	0.07007512029312257	0.13623709857847568	0.06363491295270331	0.06595926574843787	0.15266217642739316	0.37675114562322765
13000	-2035.6697139304345	-984.1841880645989	-1051.4855258658356	0.07151938724736813	0.09878479582183715	0.23782232821726396	0.0797582001413045	0.09700270736107133	0.08595442227257441	0.0663749406625882	0.14468687055958088	0.05141608559905109	0.09461874125719498	0.06383291865330729	0.10340155023018119	0.1454486783008704	0.039030901871333824	0.09341108158001017	0.11227491876001824	0.12522509993664702	0.15483559991526424	0.10902343998170196	0.06735373824908292	0.08926005173963016	0.485134166373164
14000	-2033.3403317692987	-993.7829586304742	-1039.5573731388245	0.1250761577584718	0.1108318955799633	0.09001722683875128	0.07303162242173265	0.07214429990002216	0.2071758849197371	0.13820177427641664	0.09364913482202293	0.05606710342071981	0.12121938617117636	0.0677458615995015	0.09237985931607887	0.15306634178312553	0.07483819656028436	0.08388290103960105	0.10627003059961972	0.06775682486378055	0.10850293681180048	0.11335548986701371	0.1151262694013044	0.10761268235587808	0.33734947688068817
15000	-2030.007771622585	-982.2587893469185	-1047.7489822756665	0.04314343906985966	0.08524312102433762	0.07000155394246864	0.0898438796215769	0.09803097633287737	0.09604263480651087	0.10073183639314198	0.1495733061368277	0.1039509769607333	0.14156370059268406	0.07375086856221733	0.08949444107699271	0.11103884504913936	0.024256521446041155	0.08697379688118927	0.12221036482843023	0.07221019460552955	0.11754397663018602	0.0883895214699983	0.10863912664825061	0.13561626227787704	0.3809183199178612
16000	-2033.2638892446053	-985.61806033647	-1047.6458289081352	0.0799497695999429	0.13864052830554602	0.12019201284210561	0.05933717348799578	0.1275702368056761	0.09307561450283504	0.11176805668236944	0.15116946111151308	0.12127499680372221	0.20159457654847254	0.07954893594511175	0.11537021048658713	0.08398716954459176	0.04141394995741557	0.04359894632567821	0.07174413936464076	0.09209718179898674	0.09894640470076685	0.06282725499724205	0.11206108536420228	0.14463797135832396	0.36401438263215286
17000	-2031.433621096348	-985.6314384535698	-1045.802182642778	0.07724147290958011	0.10754912486000989	0.1081997295250113	0.052391942036328625	0.14673845739128485	0.09301770236732047	0.10752915712132516	0.12400617599509312	0.1324877418722403	0.18987655206225063	0.11218616659200942	0.04840397017453565	0.1167894372103769	0.06890236878522267	0.11787438917111187	0.12772564400831432	0.0691795872167877	0.1715522406211962	0.13172410384447672	0.04935360775866872	0.12434559410066849	0.5217414173388812
18000	-2034.0113745645895	-978.7206716231402	-1055.2907029414491	0.06745365651607514	0.15343548948113997	0.037545069859797844	0.043129284564159744	0.09629735292298369	0.08251298811637467	0.08236687532133179	0.11308184383490061	0.0480924335150455	0.14065025214875645	0.0879919051645914	0.12151591369485264	0.11406893640989779	0.0441604885324592	0.07623795225639472	0.10262201855226982	0.07321764148189344	0.09061152682332545	0.07771187999354444	0.09836160075584505	0.09722828464251329	0.5030370065053469
19000	-2033.0659527059536	-986.1641253065004	-1046.9018273994532	0.053318737716739395	0.11534053960933978	0.10279123033900538	0.06457361309290358	0.11893909690779163	0.13644717146219407	0.07409970924356087	0.1280721894017705	0.07920391416686987	0.1136831512968282	0.09589718599514295	0.0848979475538435	0.03853499490036365	0.05387079437609727	0.08560137754383827	0.10506627910207597	0.06287141577566774	0.15670516238866342	0.0831060791228354	0.12868290790533737	0.10783891081270011	0.41925947234607025
20000	-2038.7685627539468	-993.0733784463155	-1045.6951843076313	0.1098457428592895	0.13058899679482538	0.07306696253886895	0.04264194702776449	0.07941642828555177	0.08376680999654695	0.14560756732781302	0.07807882134664627	0.04518829302537872	0.10337948798688082	0.1073394559911869	0.10590445235233685	0.0771036970104714	0.06553520594975933	0.08380588270639712	0.15142562197006249	0.09110323826168687	0.13529725364699785	0.1166872473515999	0.11813162603567028	0.1437446973283781	0.4664014255858695
21000	-2036.1415751717618	-986.621033058009	-1049.5205421137528	0.06053425253626937	0.049974939690242845	0.1512850843003672	0.05372096640998661	0.10227992848799257	0.10881250000156492	0.12321075697482146	0.18243782039247952	0.08752011150667222	0.08720694685484573	0.17738491433099104	0.0688434328405345	0.11289234271358595	0.05240825040995122	0.1088039250788114	0.15111909550061295	0.0768346348449395	0.1460407853819854	0.06486658399322605	0.06198238085317496	0.07810658317829733	0.37703284318871705
22000	-2031.0717775558887	-979.6105577186944	-1051.4612198371944	0.07755001793553228	0.11906681202669218	0.07883892951861257	0.05067991439670649	0.09565213943419998	0.1316921864835232	0.13346366232065562	0.08914956834119377	0.15263867380132942	0.1616727494430822	0.1096377468068784	0.13741068631100334	0.05184706659877388	0.053845121688415196	0.09023867641032451	0.0701443061118262	0.08685063287810922	0.051262596262976315	0.11204209747144152	0.07507852746621278	0.12402456299303811	0.6397310043605192
23000	-2032.629275259166	-971.4139664636944	-1061.2153087954716	0.04844713529296674	0.12433142040815437	0.08573399533438655	0.05771971790737236	0.08467261967445547	0.05116237072714369	0.07825827908570367	0.08241841477787505	0.05507464645028652	0.1674140664671036	0.0691766159900993	0.07477030629907469	0.06420569841845447	0.033496837461928164	0.06137695569326349	0.10747243989787476	0.09878069588125565	0.15740651314839255	0.12596069656030717	0.10802674796162556	0.14247016994535935	0.739181616655254
24000	-2034.4484638898252	-978.2030897026035	-1056.2453741872218	0.0510165912662518	0.11693173049587295	0.08086843943711318	0.09344974655320387	0.16637964586620793	0.11046220006248882	0.055281307743207775	0.06799584145101148	0.0598021884451375	0.12613782081117667	0.08793615266411085	0.09660438315215017	0.06166337733829	0.051651396048263694	0.09703425936964218	0.06215854428046583	0.1059227450724686	0.14286860749125324	0.1700476330350652	0.12959236927363593	0.08809032253858277	1.0143467484373991
25000	-2030.9324531436503	-977.1955366221882	-1053.736916521462	0.07498473240981371	0.10539717389559838	0.09683393053600137	0.050624136636455236	0.08871717937473296	0.10280835103711831	0.08799861671816367	0.10809565262296353	0.05491460826770064	0.09163530916090454	0.05990445644160557	0.1203118019659712	0.05737647841442078	0.04827768007613222	0.08172318694989367	0.09255772563446926	0.1458738281046902	0.10310970502193167	0.13249534714652778	0.13078057270281826	0.05432509850867672	0.7421579390388573
26000	-2031.1374000399574	-986.6285567970056	-1044.5088432429518	0.083927126018963	0.10104602080301449	0.12571975275911415	0.07942503205021095	0.0747530011176693	0.09481916801447321	0.08231403433092807	0.13039874774368898	0.1324325336134541	0.16971326678495222	0.07879002252936576	0.1297093787289113	0.07737570870116454	0.0694446028437078	0.09244974598551461	0.07394906924517074	0.09387246459355796	0.08654421529945389	0.05218316446316337	0.0722760107227186	0.11782586169974715	0.6000697238431394
27000	-2029.6909081330505	-988.4383205873535	-1041.252587545697	0.06360709983347827	0.07669099114625008	0.1066976709581086	0.06530458360947256	0.16219321776431012	0.09425100227330092	0.10450754728581185	0.13047974103815177	0.09829552818107551	0.09588582723935554	0.10819031409137407	0.09661559139173204	0.04858834382301648	0.06332014090486683	0.07554166303698846	0.0751887026594713	0.06473876935500375	0.12415411207772607	0.08923085048299106	0.10111751252033957	0.09455730822150235	0.3250631850089194
28000	-2033.4458051821896	-978.9079397284888	-1054.5378654537008	0.1002233865123743	0.10644847615869223	0.15415791486723107	0.09406673275594404	0.08496796902171341	0.09469012683734604	0.06727844117703687	0.13624574661069808	0.07050407203917777	0.14370253095824664	0.051112123794794434	0.07891062825320597	0.08216133741805151	0.04251148782284285	0.06586104475591761	0.11733346470480963	0.0729992752974681	0.1540034191093657	0.04812680166222927	0.049984313891470296	0.16702281670604158	0.4622576642616808
29000	-2043.3255516086747	-981.1412461116261	-1062.1843054970486	0.08442936007100346	0.154979935438896	0.047030570501825686	0.07100761661430703	0.09177283719391222	0.030107742771540456	0.06420741863366203	0.0758573949010796	0.0382236238153405	0.07461035525764435	0.07594429525653001	0.08890765942261687	0.11920001537063366	0.055335449274116794	0.10674968121178169	0.15727955919387	0.07695758160831422	0.11701950869206985	0.0808125404053192	0.08573871349866032	0.07998650002765989	0.48172468351925857
30000	-2026.1787166762397	-983.9559156587676	-1042.222801017472	0.09004833887473328	0.12110648524263887	0.0745763338931849	0.07447881785484287	0.0814343587150006	0.11173599920884404	0.14420956505193128	0.05589991106039479	0.07760581726608602	0.11132031293582757	0.056664270305799604	0.13967997820165534	0.1270953163128739	0.058713752432321686	0.07261922572758345	0.09386103499077689	0.09183762555351285	0.14202924087290866	0.08859878826861231	0.09301016383454425	0.10917536377107893	0.46511179733913216
31000	-2033.9436590652308	-985.6972187303186	-1048.2464403349122	0.051621920602846094	0.09673803819197213	0.12393288737197174	0.09389148209336584	0.06540329105289908	0.13911499073212122	0.06802478283519495	0.08439788389131904	0.09417450837621229	0.09384850959259582	0.10901333458487875	0.08762338517944544	0.10438442541624406	0.04920014174719841	0.05980048708464548	0.10467095353878937	0.04669740431804987	0.11349861734146131	0.06587280408699056	0.13353825922472679	0.09322971341586654	0.45553477681892907
32000	-2033.1057373902802	-980.8815019799597	-1052.2242354103205	0.06533640713149089	0.07750922650962705	0.0424052322398457	0.06424055414517885	0.08930014331130667	0.15022735468149712	0.07209813676967776	0.06076093828524559	0.06374641262058228	0.05413578515269981	0.07772176324554964	0.08479468529311582	0.1268166247632013	0.04768773797105272	0.08665400225569958	0.11278934896043466	0.07898048932690166	0.09560072387133671	0.0846779378333029	0.11574877675400991	0.15623452517653327	0.3862071046296321
33000	-2029.0364130925864	-982.4851504655016	-1046.5512626270847	0.08925689793771406	0.07615591449774264	0.09211067552474088	0.09477347859478567	0.13105014372209783	0.07903892881084038	0.10471734532975456	0.048865329963604674	0.07711218087820498	0.10819693127550742	0.0700485845634653	0.10169870437242859	0.09636971636143014	0.052067876578532936	0.07699998398188086	0.09344894719320915	0.08567108840407466	0.13556196331112685	0.09572105578760792	0.1218541967930428	0.0896998684485966	0.7280511265584245
34000	-2032.2827318366749	-972.7699477586744	-1059.5127840780003	0.07890936942053119	0.13221525103407497	0.1393029277414767	0.06174018595474834	0.0713692073346797	0.12195083292515987	0.07659104643604078	0.11232063423928136	0.029306482908669666	0.08236538247075023	0.04098570625940129	0.11587353477185634	0.12120772928691179	0.039080663730450514	0.09231551653872888	0.14226110368063402	0.06512329610103298	0.08676599703252548	0.09998217206827084	0.09956946030340487	0.15176161128806193	0.5943619323173892
35000	-2039.4684400035953	-990.3154537500428	-1049.1529862535526	0.06844469971059669	0.08032357080813646	0.06535401543351789	0.06274672266149463	0.09095392246605437	0.07037020039761434	0.16379853054875881	0.131284416839895	0.06930144992046337	0.14570761961687173	0.11628440787263858	0.07754109969335994	0.0798746973252304	0.0472186661839564	0.11257962105027092	0.18339362998998016	0.10082411720907918	0.1092605241880227	0.08482036663567195	0.08327398631683619	0.11443054913883487	0.5525514403878802
36000	-2036.0669093481788	-988.3318369609904	-1047.7350723871884	0.042533130315930485	0.1112138502731451	0.14349107343486428	0.07625219631959719	0.12450568937558758	0.06877217419156971	0.12096930335148057	0.13345105947736696	0.06641834390445754	0.09160177132817057	0.06996427408185389	0.1635320123110764	0.09481397343015238	0.05189390857804108	0.11277172862950714	0.051687474694441626	0.08491192544021338	0.061389958611461855	0.07451833981400477	0.14764499031399692	0.08312969328748712	0.34772118863660423
37000	-2033.9036326828257	-979.5721005977371	-1054.3315320850886	0.09219085312019207	0.11191337980838142	0.05759378039056173	0.0642647049378225	0.09885275487142887	0.11298191445076865	0.08303513031470587	0.0853343089723181	0.05298045668038015	0.08713220276321397	0.06591828138692511	0.06322684940476576	0.0988216650223249	0.03047233249409746	0.17091197809750786	0.11973021158148964	0.07041202051668133	0.12923305118064446	0.10121034568408994	0.10314072056427474	0.12814757800901233	0.5580705841148418
38000	-2035.7531359397044	-990.9257313530146	-1044.82740458669	0.07351609269995758	0.10155900865034334	0.1172542031411861	0.06733959404019049	0.05995067497617589	0.09705363442397115	0.09534205725229873	0.0943372239400416	0.09834261173610763	0.10160592483977811	0.0969841021242975	0.08442170908136208	0.09135664160278918	0.0575501438686315	0.116457849959148	0.07469741358563851	0.06559443351550091	0.10322044918187628	0.1119971972465619	0.06100431167550463	0.17620752716321292	0.5085745634000756
39000	-2029.84947812152	-984.9339215701935	-1044.9155565513265	0.05008083736628163	0.1322480598190414	0.16108875432625427	0.06615789893656755	0.0950705998980077	0.10992648002258552	0.08681533305563639	0.08491718166067605	0.08320709166061495	0.09670510150619527	0.08869066513981286	0.08540299107153357	0.07522829278079	0.040844237094527544	0.06611277095908073	0.0654968526292619	0.08255325678774225	0.12248147587265545	0.11399930452593095	0.11254360545304361	0.14407040073283425	0.3529035417167177
40000	-2027.726249115874	-983.2210003037326	-1044.5052488121414	0.1024201236201377	0.08570028685745852	0.1330541533401517	0.058897661509004356	0.07132087836488905	0.09740742861268695	0.09025835962823925	0.0872985482214659	0.05438529741519138	0.1361955235303511	0.07738509602829179	0.09712814174985958	0.07102256856595485	0.059881506693348276	0.06390950501247536	0.0870885312686576	0.0886369173608151	0.10618234938360124	0.08800759740385744	0.07105353550250135	0.11873018232670021	0.4250177359296662
41000	-2034.0258550762164	-989.542965884313	-1044.4828891919033	0.07959161829595135	0.106847638092095	0.08359274800803775	0.09655586367911977	0.08652019803686381	0.09265295648187437	0.09984446463336268	0.1787213053745918	0.09328198017948817	0.11379095253864553	0.10423162541767819	0.08658616785539744	0.06926069699528091	0.04374306547951574	0.08565529755905617	0.08080999445395168	0.046553954305726	0.13538521660654135	0.09343719325135157	0.0647243644479638	0.0968656787642094	0.3820977453916536
42000	-2036.8731455231841	-987.6246934954576	-1049.2484520277267	0.07173838738575378	0.08278190270333217	0.1124741042824698	0.05946360195616536	0.17567249512869773	0.07350705008214177	0.07442324919756255	0.11513679828453469	0.031751126467745625	0.07960054796036327	0.07800955544352145	0.07514927524999357	0.08334372067419342	0.0459337698902946	0.09381480904668901	0.08790830995593404	0.08904996048432044	0.139525222309025	0.10777672176261185	0.12490426743801937	0.14773206934062724	0.36375820044104445
43000	-2042.8074268180183	-998.516612461792	-1044.2908143562263	0.10266316207662164	0.06559285532117301	0.08338350188701367	0.0539109947969318	0.07864920510576079	0.09953592847983714	0.059304073123601156	0.13011363242711815	0.09105149153624914	0.11929200205951772	0.0811722679749105	0.12924435238354925	0.12854829136558144	0.0437507041441666	0.11821657084678483	0.14215690089151042	0.07489226268659467	0.0911857898376452	0.0933143923088231	0.1609186503015108	0.16623047106476216	0.3427306456265915
44000	-2035.6864769456317	-991.5324866717192	-1044.1539902739125	0.05948828912239104	0.15187934813564208	0.08500790884062798	0.11919862306263936	0.16230951666269558	0.07547121232417194	0.1169574301082297	0.12330019122988105	0.0826835205235316	0.09354764314847303	0.08627476276860394	0.06470302611007168	0.08698657307103298	0.05773551376498226	0.10259124459946112	0.11311640087271457	0.12971710737959882	0.09057625444120379	0.08796865289338765	0.05973001013958898	0.1265071333317573	0.587541757590583
45000	-2027.3822180359614	-974.432553065167	-1052.9496649707944	0.0710367762411233	0.09266213702918434	0.07399484509287867	0.06982738362649496	0.07573406113303313	0.1332058700882891	0.09786932821058544	0.06781223263818668	0.07260140090295232	0.15036020962855062	0.10349465079406844	0.1782516618705079	0.11181901954375846	0.03347780642177191	0.09604502929722773	0.04279900229797545	0.12247083106523435	0.1213917855438453	0.11453658758096825	0.08436488872818779	0.07760900425010109	0.6197957170279118
46000	-2041.5489000016714	-984.1409539884809	-1057.4079460131907	0.03761452787941957	0.1288217374929181	0.22708818234887354	0.0606482724811635	0.0663910140649471	0.14708078475624647	0.09657637280099945	0.0775960369800848	0.08747341093564562	0.12972000073221346	0.045685417927507826	0.1179584112339396	0.12610089739604993	0.04859886942499794	0.09575912506027477	0.11348773004105012	0.08051296253802025	0.08252977528130026	0.0770862170029899	0.10398668669094575	0.1474014572179147	0.6061058081525648
47000	-2033.5498387363887	-983.1052603106357	-1050.444578425753	0.12514972225957666	0.07652746852248869	0.09378050533730502	0.08678063036512414	0.09630256966508619	0.10662503463830945	0.07898091080145435	0.07139802630383554	0.07814147471029766	0.052087628250788685	0.06294661457109901	0.1511056040699931	0.19916898180585518	0.06058427159333374	0.06894523345387343	0.0671433190125203	0.07477274067110713	0.08548797761438605	0.13294615329380283	0.10101677849289084	0.083023600881756	0.6413184938858931
48000	-2030.1560652695518	-978.2942285852519	-1051.8618366843	0.08700586801107815	0.09800124154069946	0.11432116051282709	0.04700309847862363	0.10511559849916419	0.15911989488209388	0.0922580676149751	0.0744447944294807	0.09107046181237695	0.08616041587724624	0.1399610786174555	0.046244022887424165	0.1691806015358106	0.03908116997500588	0.09442424308009166	0.08832010498294822	0.07605930895638034	0.12859734591720878	0.08259353617846027	0.09135394633234174	0.0814354342457469	0.6511737383063851
49000	-2038.9113242034946	-982.4228678375468	-1056.4884563659477	0.06628934256901367	0.17936104554572074	0.078298254570316	0.10446788924639233	0.1254346162318086	0.09331980354777596	0.07806963481316702	0.14719525304370573	0.09321242129981382	0.07543849962341491	0.056222322425266556	0.09899112707402241	0.05418181198022905	0.049714946176423594	0.09590658385269862	0.16221985351119594	0.05138022173304744	0.12241570158575524	0.11289178333529121	0.06137368890699413	0.12935488473462056	0.8871077879965628
50000	-2036.782098042086	-988.4521856114384	-1048.3299124306477	0.07906583112837223	0.0769814734680771	0.08639697996494979	0.05192819103863286	0.09499020390136728	0.10197485775542915	0.09704193468966402	0.18705641516653554	0.08012144245868798	0.08335425841100946	0.06698938574721623	0.1301333176125938	0.12933546556201156	0.056564871694785586	0.12731154974307765	0.10663037581296361	0.08619342997253633	0.12360177344512807	0.12166780039917352	0.0736083567150687	0.14510273499373247	0.6447399237224476
51000	-2034.506402196234	-979.5502349094191	-1054.9561672868147	0.06748045241876136	0.08412372298925168	0.10168491009345913	0.060513087996265244	0.057526288581028436	0.1608512907712892	0.08767072036024141	0.100935489436321	0.045606402680971735	0.10247050614254527	0.054887728485243044	0.13032535631581946	0.06903195036208963	0.0444306435482582	0.08280418701271111	0.10981720747169971	0.09248528250720349	0.16409366051816934	0.12293889028326817	0.16267640834819563	0.05350099751961629	0.5007054140778477
52000	-2037.1874923087685	-981.6868105432674	-1055.500681765501	0.11432358103421894	0.13367279392163298	0.07045129414885452	0.07180789632313575	0.1398387593155949	0.1779092649982969	0.08008796780609109	0.10715191277898828	0.048959557906213036	0.2325611318238115	0.1317013205601494	0.06717930859683907	0.10657997899403686	0.03693462794106265	0.05532223311077114	0.1029351124377158	0.05309059583659433	0.09348531977152064	0.1456215580804238	0.0814691770150482	0.09173134167875613	0.46602289872782415
53000	-2024.9435655870839	-973.1922545080101	-1051.7513110790737	0.08383517356629763	0.10074631727871651	0.07348831817557518	0.05033558547980821	0.07279391802739066	0.12083618658162257	0.08898024547228962	0.07766645071718015	0.07339404594852819	0.08659013054561221	0.09235384955537086	0.11083234783883392	0.07599721122739196	0.03840386362238901	0.07210594868830318	0.12023126789464612	0.044551320299848055	0.1281412700333311	0.10412407635730929	0.05977410427926265	0.16613266330366833	0.4238399711461208
54000	-2026.0244974134725	-978.8598713946162	-1047.1646260188563	0.08010480274215336	0.08836294944352827	0.06402730131157482	0.08916853399567216	0.08074078369241203	0.12502555882347136	0.0756797859818266	0.11377513897060774	0.03935935323751725	0.11547942500492661	0.1759093209820487	0.10735870804207945	0.11090338939953924	0.06421156377125953	0.11395195777413872	0.10484778459346047	0.06499303272266686	0.0764844979842805	0.09070167881278356	0.10230733160392094	0.12384589721550467	0.5987419713140537
55000	-2023.4965554878167	-977.5650791507871	-1045.9314763370296	0.07653843035396007	0.07274317368522915	0.08141992225866136	0.07772824280180551	0.12814437188190242	0.11821420173485783	0.0939740463637092	0.11690346652148537	0.053418819722286424	0.1374233042770791	0.10497540240788736	0.07512026179404295	0.11882043792855879	0.03674132823052095	0.061201950803779694	0.11056673067398932	0.09972228060738561	0.08212697043594133	0.11047249056386661	0.10117231805924332	0.07899651810740452	0.4801679172625157
56000	-2022.73871591922	-976.016696772163	-1046.7220191470572	0.10190565033743008	0.1451039841895707	0.11021020221712859	0.04812590647926989	0.09901778559769786	0.08766689572949371	0.09000037439207907	0.07977441797830716	0.09976704134544757	0.18294580454294815	0.14118457890887112	0.11675390165266053	0.07980143580004728	0.03502268963790972	0.05618012500542544	0.06572284115812696	0.10517411139904562	0.10698260659979289	0.07631214273594686	0.10343025342164164	0.11415905342312069	0.4465144468179035
57000	-2023.9888986205606	-972.6487746553064	-1051.3401239652542	0.08415129319256656	0.09150374262959371	0.06132123742966717	0.049223508144658916	0.0784615790889661	0.08107614953250243	0.08222286981274453	0.12055225231350665	0.04444842161424011	0.11893084576391738	0.08706145046744723	0.09446412990463621	0.12817935142075704	0.05267722944282135	0.0909643019144041	0.12666762177929117	0.06967857087217029	0.11123736452783384	0.1363703914676693	0.06931837334062584	0.107992225547799	0.6367856287411002
58000	-2033.2464509383904	-988.4658925531427	-1044.7805583852476	0.11079276693264858	0.1421603889158963	0.18153870786370163	0.060059249404193944	0.09655294721198936	0.09769567355344193	0.05703374969266075	0.08894192936671047	0.053871524017162845	0.15928032780077553	0.07375073430514344	0.11535227738237976	0.07572315965930126	0.07968910236789922	0.15568592619519256	0.09832793385489147	0.08769830018888682	0.1116783663019362	0.08970298542175409	0.052922819780014486	0.12932064091516937	0.3924535737922176
59000	-2038.1053752187422	-990.0003494158069	-1048.1050258029354	0.05975464547882229	0.06916819822823564	0.1229594729083611	0.09193246827107392	0.07976311254933988	0.12461245979342385	0.07955149298200945	0.11674513025826459	0.09402198905325651	0.07018760101028125	0.11700848701146184	0.08759847682864463	0.14296766047337328	0.022824440807939606	0.09577277932559128	0.12170397678286803	0.05666110720722026	0.1190316465011328	0.05997924451004097	0.10810246577368891	0.08174055021236899	0.3312396919186843
60000	-2039.3726404962397	-979.178151932141	-1060.1944885640987	0.07102846470594301	0.07800848920698594	0.10418317938666072	0.07918021944065524	0.05335690648542839	0.09451878212694241	0.060240705968361	0.08234084765504245	0.025575920992021717	0.06319107902643686	0.14999357167934252	0.0823434914189708	0.1376371683022209	0.04974687739247096	0.05553564939006309	0.10473432616393993	0.09569343366208817	0.07406700346763644	0.11537613590283126	0.07974220728871133	0.10472067356222105	0.5231919770242259
61000	-2036.8971008711546	-987.388650191499	-1049.5084506796557	0.11590262082028689	0.13666946389475412	0.05722336113407298	0.040152054503803485	0.08905809906263634	0.11270080415301814	0.08552085922647629	0.11313065479310674	0.08999495547111343	0.06988817622823858	0.09270882195774013	0.08619628023539971	0.11357341730131605	0.06428549411335892	0.05442228336511959	0.14567298331555487	0.10581112382907969	0.0877186610356125	0.07750362496202963	0.10178758389483318	0.10711929646867722	0.6665559362266925
62000	-2030.7084150815817	-984.2517474646778	-1046.456667616904	0.08179572928955413	0.08538672522742453	0.0892079910038965	0.11656358897635824	0.07164678653355114	0.11901975383748616	0.08841625758170955	0.09688755216946099	0.08999495547111343	0.12652574331307548	0.07170678377467027	0.10036660169783167	0.07448780628354329	0.04879128483284138	0.06329286704440301	0.14374025243979277	0.08822830063105531	0.06939375354073461	0.11416470207751483	0.07239370037112272	0.16102141137114362	0.5085356506959193
63000	-2034.6975351153258	-989.3296464287523	-1045.3678886865735	0.08556054084738139	0.10463859248200827	0.07314180784724389	0.10731136477765212	0.13764337148015654	0.10209130049898438	0.08438247851610227	0.11295998187654467	0.12419456518471321	0.1337316341515804	0.10552104964269739	0.13684764586050963	0.16243265058363485	0.03871352593567577	0.07480781538694915	0.11506022660025791	0.039986237117845096	0.14285580867420467	0.12797204960649844	0.09123286522352228	0.10393461445123253	0.4478308174264158
64000	-2032.8509302360749	-976.9694355612754	-1055.8814946747996	0.06844229196939684	0.1025728100106666	0.10558232429815954	0.04202815353418479	0.09348592848262943	0.08903249461921445	0.09952836147291726	0.1907999571803903	0.04241732037327178	0.17159065211821753	0.08659056070636076	0.0991227830948766	0.09378318372245295	0.052079249051106544	0.04132435807722228	0.08470437876962686	0.07160150129956558	0.1835094753415232	0.0927647580393588	0.09365390311620067	0.10695799546348422	0.47324593378307783
65000	-2031.6011043084475	-981.2360457343532	-1050.3650585740943	0.049858566458126335	0.08705225203527898	0.06700342459892238	0.04925557390957155	0.07149118544578598	0.07664821627040273	0.08735611107451188	0.1219748863926624	0.07674189201323381	0.10135819372713917	0.11710229554299417	0.079642900851164	0.09269537669990968	0.041866188277491716	0.08885000841927314	0.07611356558521491	0.056241256131097636	0.09462932056948059	0.06482892578466028	0.10478461448097968	0.11978471886634344	0.34674966450411215
66000	-2029.5730953498835	-976.0555638363082	-1053.5175315135752	0.07989778414057988	0.1189826604747315	0.16225847088025824	0.04030692244008329	0.11098278496659715	0.0600996087409025	0.12452143893848669	0.14058304244998218	0.05900620625356393	0.12421156170931248	0.08638016992609153	0.09667389134388675	0.05217172761469277	0.033850908195749436	0.08870679180446028	0.12299268244173665	0.06108767845001656	0.09295190455831683	0.0897166634015057	0.07315310445895959	0.1841534347872928	0.39232461085277814
67000	-2054.1403561457996	-988.157104989975	-1065.9832511558245	0.05400464053008986	0.1148290555563635	0.2445958669146051	0.053664969288651866	0.15400274155670166	0.12863678369022716	0.062075468696798634	0.1514648019103252	0.07959669928127443	0.07155019578142785	0.05231502221635609	0.09540405560259994	0.047770441982304866	0.048099278139004574	0.053855506903490585	0.07752057643312459	0.10623750833708358	0.046638382243071624	0.08411348563480343	0.11812339055263099	0.13868032433121538	0.5496541915392309
68000	-2043.4342367147751	-991.9340442618445	-1051.5001924529306	0.05998642550147252	0.1170997081821423	0.13318821396236444	0.06368737031595424	0.10927058482174248	0.07430685388234558	0.12974535080961774	0.1500978685602412	0.16166276475608912	0.14108103082268056	0.11033855629052285	0.0744089300156048	0.11377056986049715	0.05389036974243684	0.057601789812491824	0.07554261771733149	0.033785500749476886	0.11550027276120892	0.05637262403972315	0.06762596284154668	0.10892354065401874	0.3916858810375132
69000	-2040.457491194731	-990.8281315806639	-1049.629359614067	0.08941077392394041	0.12709950904892306	0.07184194621322568	0.06064964912394946	0.10276867879186098	0.0815375670717006	0.0991133008361241	0.1175739599183019	0.068749054758727	0.18289181869966667	0.09430982160275897	0.06923684785591327	0.19254892803400447	0.06026917891846568	0.1157147958823984	0.10342311724968895	0.03430033702277159	0.12113025508035538	0.09855490109401677	0.0824142195068147	0.11231946299986173	0.4961619956661965
70000	-2041.1954183254534	-991.7454126527367	-1049.4500056727165	0.13598977634608062	0.13539857920918025	0.15373186295706948	0.054257414088521964	0.12168438443968267	0.062060778415968465	0.09250671458237338	0.10945985340340074	0.051634272864892874	0.1505174251786556	0.0844080666496369	0.09827644051172837	0.10544798888082002	0.05255695893609457	0.06312022569880316	0.1061616171356131	0.0551254745845091	0.0905039902655902	0.1430913550523273	0.08205227982047231	0.07046429141095077	0.497965860201065
71000	-2031.517101510996	-982.9677855769446	-1048.5493159340515	0.08454281297959652	0.1028333852206365	0.10800942338954186	0.06223341491262578	0.1425557857497491	0.09938819590384723	0.07785182695223661	0.10329051203669272	0.04334370842476418	0.20299732224414185	0.15195391545503467	0.10527857558952819	0.05541090912179042	0.06735739393598666	0.08464309510806661	0.08104318132921629	0.07582764929766096	0.0984184391804481	0.13165677059238554	0.1424328866955157	0.12467914856808973	0.636788429422513
72000	-2033.3456169876054	-973.5738395220549	-1059.7717774655505	0.11408693304708094	0.08813433841804542	0.034799906775400576	0.06414877251581712	0.0910283201427506	0.05757180738223709	0.0671948209399083	0.14629083212934432	0.061266467526272864	0.15562847237913127	0.1525168068865788	0.09271552174900062	0.0567607064464732	0.032712654044504755	0.13569804037518235	0.08466940644338483	0.07863939184615175	0.10922160445257678	0.09421636988937825	0.06891475263749902	0.0980632915426928	0.5676621309317988
73000	-2045.084692739935	-990.577167457514	-1054.507525282421	0.06460675210752131	0.11168356353733164	0.06732549929523216	0.06578116246811963	0.15246777185116855	0.07318231370728545	0.14345644203287877	0.15795864481049066	0.053134345522718875	0.0920911421092773	0.06590926764421307	0.07770271595406142	0.060151066455529464	0.07312435761812972	0.08158052460561385	0.1531601194561559	0.14732533631556366	0.15354265219364532	0.15962528569436166	0.038519072143719316	0.08892267565007465	0.46716512807125876
74000	-2023.2612115437096	-975.7139663790832	-1047.5472451646265	0.10247837899833838	0.13097486623974583	0.13425820127034577	0.0658677690955935	0.09328894447954056	0.11666029401003106	0.073874319928741	0.09310049100568181	0.06350922223795019	0.12759150506789094	0.12468932487775579	0.17294807182567082	0.13279497191279935	0.04562526627308598	0.0858987321305349	0.08346713835598521	0.06873514632579596	0.1649723853309278	0.07117803737874065	0.05186637438799943	0.14426518252590223	0.5244823218964865
75000	-2032.6536089330616	-984.0714749201156	-1048.582134012946	0.12679735714995335	0.09357695413963187	0.06935771984806194	0.08631915374701231	0.06181278486355593	0.0676373463486061	0.09973277972162692	0.13116045827750256	0.09156420337390192	0.13777212335130204	0.11857370265724336	0.09917167105821617	0.08806945238691269	0.030910314313548307	0.08109969400142297	0.12298731799495774	0.1586079329210017	0.07674130537195542	0.07467113698257817	0.06254698757568815	0.13204032396361293	0.5259084294623895
76000	-2034.8923532434878	-976.4702129552265	-1058.4221402882613	0.08294708934172354	0.08469057312260632	0.07849164304957186	0.04737551082886034	0.08108470138926109	0.11041609035172377	0.12309227753874022	0.11019041628529024	0.04532017692904312	0.08622853793494319	0.09359985380014335	0.15065105232848022	0.0489581196899419	0.0465306449561433	0.0690077271325245	0.11150495954745772	0.06407542133608472	0.0987364597841429	0.15043937085075834	0.11549147421074517	0.20348964093222094	0.7277956195963914
77000	-2026.9725421242601	-977.0169072729774	-1049.9556348512829	0.11310368825242956	0.13637814053987385	0.1213732121305165	0.03260183489344765	0.13975650461172506	0.10125643853508526	0.08417663933509449	0.06982521582618958	0.09592386973443996	0.13626024091308783	0.07869141261746172	0.09306642274390112	0.06925748550119404	0.042284946955089386	0.0746455318389829	0.1156728515180901	0.08609257376601648	0.11022229701336023	0.09786992026140276	0.08330027258768442	0.1292151128362209	0.5958089945317382
78000	-2027.61356587595	-979.2156901544404	-1048.3978757215095	0.10170472537027206	0.08419746597903098	0.14605015270298338	0.048063920673709015	0.07903812172255276	0.10415074226275806	0.1100552717562746	0.12752204261501882	0.1025540622822187	0.0905966889467515	0.0927972628435774	0.1101482340866489	0.12895389078348993	0.040561954306644867	0.09632900786706508	0.09088537744194511	0.10756210624296353	0.10025787248270687	0.13892430732090555	0.08056315719307103	0.08955042851795826	1.0262119691289893
79000	-2032.1676967909766	-977.3161739106724	-1054.8515228803042	0.09145283637237216	0.1294149257606628	0.14116846872302552	0.09543372824236206	0.06987669939689813	0.06672903928658157	0.05393611224594572	0.07338196227376079	0.12022130704259745	0.14488445979624043	0.0756352753332352	0.14430362806651406	0.1638106661426586	0.024023496931760507	0.0786051905497962	0.09381323262371892	0.08465016588650104	0.1201135015986971	0.07870120791497934	0.08370150539259472	0.10368020121003892	0.7362576956238874
80000	-2028.1478031691706	-975.7240277721014	-1052.4237753970692	0.055389620625742694	0.07320666420517359	0.10224714510090664	0.038158292976566324	0.09566124008579689	0.15301345383539441	0.08696538232021125	0.09143899116327196	0.04862460061210215	0.09345102963692103	0.13681628401316984	0.08411762532286367	0.08589947568264363	0.048134433616071656	0.09218023053598999	0.11700620677574353	0.1193913372216093	0.14191444221677632	0.09469205872053407	0.08450781070549764	0.17803119649580657	0.619703422097337
81000	-2033.4619317564436	-987.1910787185288	-1046.2708530379148	0.04888020196710957	0.07176569912393456	0.0552505242597826	0.07770085696083806	0.07973002430247818	0.06179433775962993	0.06095881801954137	0.08901610429479147	0.06453879315820685	0.11756329244832248	0.10699654114187898	0.0955153030048145	0.10942098167719701	0.0767905127963897	0.10876088502908757	0.10429152687696118	0.11044211467903692	0.10467763441546152	0.06170248237033864	0.11192653436033696	0.10892144417076892	0.4612558397833757
82000	-2031.8063934901602	-979.6826537839606	-1052.1237397061996	0.06766109702559246	0.12572282954150754	0.11656453477121875	0.0568328986091329	0.09399174198686265	0.0935857151441022	0.1075232393682615	0.14237734642906924	0.06074876650799042	0.1454517703017614	0.06582706533865153	0.10018779218379177	0.06998346209919593	0.041085027779895276	0.11630178830998666	0.04581627720451954	0.09665369900485904	0.12090293805703281	0.0846986070779664	0.05704176662801655	0.132222079881107	0.5330262888065437
83000	-2029.433271857815	-969.8493304039655	-1059.5839414538495	0.06856044137994355	0.06724870334328843	0.0786888474569217	0.030871277918947112	0.08454786262047433	0.11248195119827034	0.09800481544674937	0.055066762713409316	0.041685468418379834	0.07537094970261382	0.12220535375045354	0.1345649444882079	0.1053803460123169	0.03306128140088363	0.11483087640581467	0.07414571284950956	0.08135614428769583	0.11202556963115995	0.0666234658775034	0.0924772051742348	0.12279857366167743	0.4573701050939484
84000	-2038.5798468600638	-985.7661864366022	-1052.8136604234614	0.1287534913980811	0.09033207660192422	0.06915423432962615	0.06365939801246244	0.09962372665855164	0.07256773524527996	0.1302143480415141	0.0876937371055899	0.05703380310810182	0.12158276562777538	0.0939847190904926	0.09947645118692226	0.06932984700861368	0.03670912915288835	0.07598374274729854	0.07067154805727209	0.06999326846365285	0.09790582206865428	0.1053453446463025	0.12956684861087184	0.06842179033654139	0.675793198917111
85000	-2033.8203872722765	-988.7523859230902	-1045.0680013491863	0.08426952215289502	0.10053970451701434	0.10667153812151241	0.04689159495612287	0.09099377078204104	0.10650741478046473	0.08816011342197667	0.10936985355369175	0.0682792489575794	0.09205247479847231	0.1016892235548852	0.11146728683735112	0.08638314337280174	0.07074499897885593	0.09153356848878617	0.07620095989120275	0.07275729127849326	0.14578596748147335	0.1156821818796454	0.09217239040029201	0.07690727594481699	0.662025888648055
86000	-2033.303750916315	-978.2184940620248	-1055.0852568542903	0.060722563906213896	0.1238427805494187	0.10218805747493655	0.0739816749971105	0.14291526858183795	0.15709792654092178	0.07843164829125823	0.11955915964887705	0.06937112286767057	0.21589512842306907	0.1003488791373224	0.11089205401632637	0.10368052048323237	0.05405085459333648	0.07382718868425149	0.07469301506548566	0.07636793509297589	0.08069457342920544	0.07699330631518067	0.044871310984519144	0.13783993776677167	0.9202314531485307
87000	-2043.0111484837012	-995.3527266223442	-1047.658421861357	0.10728976847940423	0.09290799029395373	0.14816342198627694	0.10352707507539495	0.05379203821307603	0.11839456046540506	0.07218359327394568	0.09705992652171312	0.05892331879072989	0.14127692430004993	0.08881610040903469	0.10103028381858081	0.17453881317275932	0.061546678496212634	0.08121308574595146	0.14241731513228714	0.09948956432023433	0.10404342509609157	0.1012298169087333	0.0961349692133773	0.09618969337963353	0.9879951767234454
88000	-2028.365975900428	-976.5062441390872	-1051.8597317613408	0.1131526578441996	0.09209084212912465	0.12045518377950055	0.07275212605410046	0.07917439529349894	0.16618017758413386	0.12126311404373578	0.09119271373113462	0.10202945152784346	0.1419571818894546	0.0847505997850443	0.14893765924775745	0.08768814936380362	0.03793977656369071	0.11538931227571696	0.09331290607952901	0.05100652382430004	0.1050331358187723	0.12236504587966283	0.05622343745965874	0.08210127680188314	0.9678508515413167
89000	-2029.8587031063175	-977.2581000561948	-1052.6006030501226	0.12287109838015763	0.12513010777821715	0.10237624402396857	0.05954894514564105	0.06531394047314268	0.1307954368235647	0.15544285737533708	0.10492461723855037	0.03569694449222647	0.13851034691762043	0.049839614168335385	0.13300604937259683	0.1611519615753026	0.05489786600727689	0.09579795438447225	0.050507759640284255	0.05549180684862844	0.09501286297393315	0.1070277548570184	0.09163367114104973	0.1223304867511485	0.4691139505237307
90000	-2028.8733353195455	-986.3622126588637	-1042.5111226606818	0.08273785317359307	0.09979727982183724	0.08611719559031186	0.04885618027884368	0.10011077310847416	0.10006170105636808	0.10448477589214836	0.07234303000976937	0.08110559997503101	0.08036816200513434	0.0756673190179696	0.13244998307031117	0.07105428330449201	0.05024510012862441	0.0995561941080604	0.08620853125858559	0.07900334206592097	0.14132651508623237	0.07434046482208444	0.14375651626992647	0.1062252654942777	0.3684049694411485
91000	-2029.9099670717042	-984.9079970762823	-1045.0019699954219	0.07375307225478016	0.12176506446874327	0.10464888552136611	0.08351939843437402	0.10263979499868724	0.09185683790017049	0.08252141765330144	0.05059137069565916	0.10034122418954972	0.14128392630753991	0.07732362515613893	0.08183283861086839	0.09769289575306817	0.05500675890217326	0.10353603518196938	0.07705229465188944	0.12395751137189343	0.15016538803465307	0.14444809923264476	0.1109569906566239	0.17921651065076036	0.6555353560744626
92000	-2039.4410156727422	-982.5974438705949	-1056.8435718021474	0.05710171904616868	0.10583315725492114	0.13986599395381163	0.07332788363768385	0.1392459442062647	0.13145395002087842	0.06416285394373804	0.102096832842374	0.060093599320108056	0.0681831029373705	0.1145610870783782	0.14127302110643866	0.09878272824792522	0.0535463953725118	0.18689361112923636	0.06934159171245148	0.08835739167038283	0.05126064826055768	0.05916492239937503	0.04383149579525763	0.1000317457150764	0.5068549418078739
93000	-2023.5245859813238	-971.5280434851725	-1051.9965424961513	0.06367960222911148	0.15422375973689248	0.08976411269965028	0.0558089179316842	0.12527860042309374	0.12339584529989168	0.08509024089703303	0.10695069944733314	0.053876440429746236	0.10484928049436522	0.04240962600771772	0.1514090975499338	0.11234244164768643	0.05281503554045487	0.0871666001619696	0.058284879859139035	0.1045268095835831	0.09002178946638294	0.09212516835051418	0.08622582268738307	0.10832468517812256	0.6122312669706609
94000	-2028.4378078343102	-983.7029726694788	-1044.7348351648316	0.04754399133518002	0.10977610612375786	0.08161563061993478	0.06632908338893002	0.0799579022884406	0.10401542276151765	0.07840504628122842	0.08173480360964197	0.07159688233511556	0.11266729606572619	0.08834506735788866	0.10875982677293548	0.09953655134428803	0.05063536842655315	0.07733111702826263	0.14496079150503516	0.05841575841637396	0.12192474183451014	0.08203924229264631	0.08794114754442307	0.07261254006834547	0.3494968030884281
95000	-2037.0128150781957	-992.1122627442438	-1044.9005523339517	0.11751817785957754	0.05805370312191677	0.09307129512468845	0.05604271839694644	0.20574573748782127	0.10825046497903683	0.08631054249027165	0.08796475691428847	0.09442687840767726	0.0995232208017359	0.09546070602735363	0.16282263329100816	0.06672368400553477	0.04878693741337781	0.11889213608597558	0.09105248229697263	0.09502305463953935	0.11212242994446354	0.11653618480807569	0.06081256553323037	0.1188139049143948	0.4295952122326773
96000	-2039.0099056148615	-993.6532117757521	-1045.3566938391095	0.08150760179934897	0.12512631515162773	0.05806604475446626	0.066493309821654	0.05690245702192407	0.05874644259621651	0.08794466448960842	0.10415865824281322	0.13994520453649129	0.11134311230037985	0.04810816949565581	0.06701113731716768	0.08678561281462263	0.05112928012645255	0.09331336514346818	0.09125141934420558	0.09254241092409811	0.13875127424159917	0.11887884964340059	0.09050538421928417	0.1198826289704709	0.3419015311409316
97000	-2029.070802219037	-974.5632794999901	-1054.5075227190468	0.09954391541768344	0.08956909492595021	0.10944337995974637	0.04158775013354264	0.05487493443227187	0.11030586640333756	0.07107612818677318	0.06057249799659025	0.05112836695925491	0.16159668710299485	0.11667652496321206	0.1280832099669123	0.05715014780051881	0.053761398469497984	0.07254306375761196	0.08848488100766373	0.06949725203591302	0.1071910372653126	0.06696089522716751	0.10625475124926959	0.16558444979173043	0.4556372641796914
98000	-2031.936439483046	-990.653725438363	-1041.282714044683	0.09242431735107501	0.15386589693894448	0.11895516241199659	0.11860423397685162	0.10529957211243686	0.15322425401432835	0.12776358503312174	0.0800266573397339	0.10582295840499795	0.14409243498036492	0.07913276235319375	0.13079732177751327	0.060252106794352125	0.05401760175565189	0.0803846287934278	0.0942604760629883	0.09326357544811836	0.0910118276048274	0.08765471427282179	0.0662393443242536	0.11062681098853211	0.5574687731193979
99000	-2028.9053506385258	-981.290174687051	-1047.6151759514746	0.07343426866881964	0.07110470608444279	0.06758234575587942	0.055842891782321886	0.0678465505129864	0.13237577872847842	0.07263829954602863	0.1288811939177027	0.06384057250347885	0.06836819944923796	0.06571341337783622	0.09218583343073475	0.10918286677957431	0.05396305004904936	0.08908876814291046	0.11448855839751787	0.10271743870035678	0.12708122595578872	0.08182907931090314	0.08842728110424791	0.0896013469006339	0.46991363471242265
100000	-2031.4583908918976	-987.6463108167299	-1043.8120800751676	0.08266640911557456	0.11508408927042972	0.14719560797647074	0.08022840097855423	0.09105765184253926	0.11584634123613805	0.0756960208201006	0.07242752631506953	0.03358191180878047	0.1326186015462449	0.09206398066672158	0.11106128156699854	0.1560368194519709	0.06566817750668275	0.0755590895014881	0.11023072438659941	0.06077487617726232	0.08479955481674517	0.1039464737376326	0.1514866519756819	0.17656223240446456	0.36292734351640127
