#
#model:
#
#<?xml version="1.0" encoding="UTF-8" standalone="no"?><input id="posterior" spec="beast.core.util.CompoundDistribution">
#    <distribution id="prior" spec="beast.core.util.CompoundDistribution">
#        <prior id="lambdaPrior.Ai" name="distribution">
#            <parameter id="lambda" lower="0.0" name="x" spec="beast.core.parameter.RealParameter">10.0</parameter>
#            <Gamma id="Gamma.0" name="distr">
#                <parameter estimate="false" id="RealParameter.1" name="alpha" spec="beast.core.parameter.RealParameter">2.0</parameter>
#                <parameter estimate="false" id="RealParameter.2" name="beta" spec="beast.core.parameter.RealParameter">200.0</parameter>
#            </Gamma>
#        </prior>
#        <distribution id="snapprior.Ai" lambda="@lambda" spec="snap.likelihood.SnAPPrior">
#            <parameter estimate="false" id="alpha" lower="0.0" name="alpha" spec="beast.core.parameter.RealParameter">11.75</parameter>
#            <parameter estimate="false" id="beta" lower="0.0" name="beta" spec="beast.core.parameter.RealParameter">109.73</parameter>
#            <parameter estimate="false" id="kappa" lower="0.0" name="kappa" spec="beast.core.parameter.RealParameter">1.0</parameter>
#            <parameter id="coalescenceRate" name="coalescenceRate" spec="beast.core.parameter.RealParameter">10.0</parameter>
#            <tree clusterType="upgma" id="Tree.Ai" nodetype="snap.NodeData" spec="beast.util.ClusterTree">
#                <taxa dataType="integerdata" id="snap.Ai" spec="snap.Data">
#                    <taxonset id="SthBarrington" spec="beast.evolution.alignment.TaxonSet">
#                        <taxon id="SthBarrington_BT10a1" spec="beast.evolution.alignment.Taxon"/>
#                        <taxon id="SthBarrington_BT8a1" spec="beast.evolution.alignment.Taxon"/>
#                        <taxon id="SthBarrington_BT9c1" spec="beast.evolution.alignment.Taxon"/>
#                    </taxonset>
#                    <taxonset id="MtWilson" spec="beast.evolution.alignment.TaxonSet">
#                        <taxon id="MtWilson_MW12bm" spec="beast.evolution.alignment.Taxon"/>
#                        <taxon id="MtWilson_MW5bm" spec="beast.evolution.alignment.Taxon"/>
#                    </taxonset>
#                    <taxonset id="Termeil" spec="beast.evolution.alignment.TaxonSet">
#                        <taxon id="Termeil_Te3bf" spec="beast.evolution.alignment.Taxon"/>
#                        <taxon id="Termeil_Te3c1" spec="beast.evolution.alignment.Taxon"/>
#                    </taxonset>
#                    <taxonset id="Broadwater" spec="beast.evolution.alignment.TaxonSet">
#                        <taxon id="Broadwater_BW10af" spec="beast.evolution.alignment.Taxon"/>
#                        <taxon id="Broadwater_BW19cf" spec="beast.evolution.alignment.Taxon"/>
#                        <taxon id="Broadwater_BW31am" spec="beast.evolution.alignment.Taxon"/>
#                    </taxonset>
#                    <taxonset id="Kerewong" spec="beast.evolution.alignment.TaxonSet">
#                        <taxon id="Kerewong_Ke18dm" spec="beast.evolution.alignment.Taxon"/>
#                        <taxon id="Kerewong_Ke21b1" spec="beast.evolution.alignment.Taxon"/>
#                    </taxonset>
#                    <taxonset id="Dampier" spec="beast.evolution.alignment.TaxonSet">
#                        <taxon id="Dampier_Da11a2" spec="beast.evolution.alignment.Taxon"/>
#                        <taxon id="Dampier_Da19a1" spec="beast.evolution.alignment.Taxon"/>
#                    </taxonset>
#                    <taxonset id="MaresForest" spec="beast.evolution.alignment.TaxonSet">
#                        <taxon id="MaresForest_MF13a1" spec="beast.evolution.alignment.Taxon"/>
#                        <taxon id="MaresForest_MF17am" spec="beast.evolution.alignment.Taxon"/>
#                    </taxonset>
#                    <taxonset id="Olney" spec="beast.evolution.alignment.TaxonSet">
#                        <taxon id="Olney_Ol20bm" spec="beast.evolution.alignment.Taxon"/>
#                        <taxon id="Olney_Ol4bm" spec="beast.evolution.alignment.Taxon"/>
#                    </taxonset>
#                    <taxonset id="NthBarrington" spec="beast.evolution.alignment.TaxonSet">
#                        <taxon id="NthBarrington_BT4a2" spec="beast.evolution.alignment.Taxon"/>
#                        <taxon id="NthBarrington_BT6a1" spec="beast.evolution.alignment.Taxon"/>
#                    </taxonset>
#                    <taxonset id="Cumberland" spec="beast.evolution.alignment.TaxonSet">
#                        <taxon id="Cumberland_Cu12a1" spec="beast.evolution.alignment.Taxon"/>
#                        <taxon id="Cumberland_Cu6a1" spec="beast.evolution.alignment.Taxon"/>
#                    </taxonset>
#                    <taxonset id="Dorrigo" spec="beast.evolution.alignment.TaxonSet">
#                        <taxon id="Dorrigo_Do2c2" spec="beast.evolution.alignment.Taxon"/>
#                        <taxon id="Dorrigo_Do5bm" spec="beast.evolution.alignment.Taxon"/>
#                    </taxonset>
#                </taxa>
#                <parameter id="RealParameter.0" lower="0.0" name="clock.rate" spec="beast.core.parameter.RealParameter" upper="0.0">1.0</parameter>
#            </tree>
#        </distribution>
#    </distribution>
#    <distribution id="likelihood" spec="beast.core.util.CompoundDistribution">
#        <distribution data="@snap.Ai" id="treeLikelihood.Ai" pattern="coalescenceRate" spec="snap.likelihood.SnAPTreeLikelihood" tree="@Tree.Ai">
#            <siteModel id="MutationSiteModel.Ai" spec="beast.evolution.sitemodel.SiteModel">
#                <parameter estimate="false" id="mutationRate" name="mutationRate" spec="beast.core.parameter.RealParameter">1.0</parameter>
#                <parameter estimate="false" id="shape" name="shape" spec="beast.core.parameter.RealParameter">2.0</parameter>
#                <parameter estimate="false" id="proportionInvariant" name="proportionInvariant" spec="beast.core.parameter.RealParameter">0.0</parameter>
#                <substModel coalescenceRate="@coalescenceRate" id="MutationModel" spec="snap.likelihood.SnapSubstitutionModel">
#                    <parameter estimate="false" id="u" lower="0.0" name="mutationRateU" spec="beast.core.parameter.RealParameter">1.7346278317152102</parameter>
#                    <parameter id="v" lower="0.0" name="mutationRateV" spec="beast.core.parameter.RealParameter">0.7024901703800787</parameter>
#                </substModel>
#            </siteModel>
#        </distribution>
#    </distribution>
#</input>
#
Sample	posterior	likelihood	prior	theta0	theta1	theta2	theta3	theta4	theta5	theta6	theta7	theta8	theta9	theta10	theta11	theta12	theta13	theta14	theta15	theta16	theta17	theta18	theta19	theta20	TreeHeightLogger
0	-2098.5404645897174	-1061.2764298848529	-1037.2640347048646	0.08332379554499561	0.07676006639501773	0.10534588433804115	0.08313092171525006	0.08467607549741064	0.09907914076079195	0.1429581027878026	0.09014041884568426	0.09202859410026581	0.10491179925675229	0.07078072605045316	0.1178538002209878	0.06195555695407608	0.09793846484306848	0.08036780952891547	0.12333416268917037	0.11329665900368094	0.13187046630580077	0.08391057123666783	0.11829553607784042	0.06712565419314726	0.35659930618958463
1000	-2069.0345093275346	-1032.9065610072298	-1036.1279483203045	0.16158367574828245	0.13274203002403387	0.09052742556688417	0.09399781032828772	0.08431090522482816	0.10651027894078226	0.10887169787637117	0.08134266814608639	0.09604575941776028	0.12869223188084206	0.1161801816072096	0.10953967957355562	0.10419151480479134	0.06686363343113871	0.1152208736450558	0.09144337248037007	0.07474555660453425	0.09743274008742464	0.07722173226958456	0.10427738548804995	0.12004576535309322	0.47020143361876926
2000	-2081.2097636183107	-1042.4596048844755	-1038.7501587338354	0.06269853211065014	0.10627229216733403	0.14071458502060813	0.09184534574009	0.06830127787401649	0.07683472277278328	0.09127443583563297	0.06841827809152591	0.06754390558326884	0.12755514645074764	0.05426362828358024	0.11966814111915822	0.11557527888821469	0.09790460548091916	0.07514097317980961	0.16762843631028881	0.05069287422434618	0.1043998493260662	0.06309729973456321	0.12179247822291508	0.1421191814614332	0.16704368320044183
3000	-2128.6687204352947	-1090.4301011348175	-1038.238619300477	0.04836978502468869	0.07867796071616799	0.11388252578305315	0.08829946264774428	0.09178905228450263	0.09601718996633282	0.16682284078578274	0.17221665441956363	0.08539869899240174	0.12183697945531324	0.1107184977403733	0.08266388803342438	0.08566633678998051	0.12789970508339701	0.13511016220100333	0.06201520628241444	0.11511641987829385	0.10648605308483818	0.0964453864117084	0.17995626973835843	0.12258382160702347	0.2806236473086325
4000	-2126.492478434306	-1085.1775609135743	-1041.3149175207318	0.10384438631902584	0.08896618032457246	0.13417461421538926	0.06606636519892228	0.16078481101679074	0.06352113107848507	0.10537982440777577	0.11558905476075709	0.08038533509809205	0.11687644087160642	0.09852952557279634	0.10415220926361156	0.11832444212867825	0.0833299738276443	0.1341764270812549	0.1361286336312019	0.04193340587085428	0.05663118759545576	0.09738899877007857	0.11711412723733641	0.09013480697106888	0.3732784691349083
5000	-2168.1828731563683	-1135.8111704495109	-1032.3717027068571	0.13164439958307583	0.10712975954596897	0.0817982126837734	0.1119421203630418	0.1393918691370621	0.11415945088608954	0.03780232609251014	0.12753325389842643	0.07259004915453617	0.11763565648319184	0.11354039391954078	0.0704849741133611	0.09179747525814763	0.08289527688186304	0.0979995648989494	0.0895128864357626	0.10874965754560983	0.09565520934369692	0.12437133047561856	0.1375243875455825	0.18127910377589773	0.15775228280682613
6000	-2140.5513454250536	-1103.74048464014	-1036.8108607849135	0.08470335013814508	0.05194800493213207	0.11286808420120178	0.10285029822215949	0.10680130484236217	0.08763118560782894	0.09960285648909568	0.12494614308495754	0.09342686281087177	0.13264358649547323	0.09344998812331083	0.07500248922287556	0.10332399323758969	0.09943483960956134	0.07697501416409423	0.11172909370332977	0.10474150513065571	0.18138604307497103	0.16752822496106531	0.08329422744026882	0.15200956551703199	0.3020753823721128
7000	-2108.6024383180684	-1075.8608475512547	-1032.7415907668135	0.09641494723867042	0.09742727965714543	0.07711816388730328	0.06642006233128304	0.08725136756667687	0.09761419856466619	0.17570989574886914	0.09575047246680064	0.09885698027221251	0.11361023884162554	0.08137611353324192	0.09632563352961704	0.07650203537404182	0.08222485487953554	0.1267324532472758	0.11978502941785867	0.08608047709098117	0.10413374157149986	0.1137259560707221	0.0777649575940533	0.1137806501470137	0.20388461046558815
8000	-2125.235495751929	-1084.9921503823655	-1040.2433453695635	0.10144352676163068	0.1318070105203111	0.09454135008369718	0.09221122318566845	0.1551991983395948	0.12157865536717352	0.17525224829815603	0.08395787340623052	0.17390389958550323	0.12340069923992474	0.08108259311657598	0.07358861098435034	0.10557435113224789	0.14733445794940817	0.1470674194445319	0.06667768727668172	0.06782123947289764	0.17649691166244172	0.13406177758552415	0.11049858716344049	0.12712719126328062	0.40141950865303416
9000	-2091.8091138570444	-1056.2880923849364	-1035.521021472108	0.0973144096889252	0.11405678840364716	0.11917669389384808	0.08775555968916154	0.14077035826049025	0.1472742224498433	0.10096987971697381	0.1060278217042759	0.08556096747423915	0.0719903867557877	0.0967453437009189	0.10027410445213258	0.14406030146979973	0.057286621811680635	0.08085369906572391	0.09937962163418039	0.07201275112568258	0.10307160224300592	0.11934363723677839	0.17067581355140365	0.10626046312373437	0.2595824585865343
10000	-2084.703796090185	-1042.9074695925965	-1041.7963264975883	0.12427011627345302	0.11737790678857915	0.12285048509888871	0.07870945760440667	0.10113965179397806	0.11324048357915592	0.1219781585499887	0.10682905601894845	0.10366056181742651	0.10381878109496942	0.06517718932178349	0.10317105944729842	0.05910425667088017	0.11569772819105653	0.07004131286805795	0.06039206517244426	0.12289912104444801	0.08842044705966011	0.10398456639777168	0.08399776483582544	0.08796517973476192	0.6201430340501873
11000	-2102.7885038594904	-1065.1273430377446	-1037.6611608217456	0.12823877816089732	0.12757497200419354	0.16599818444083844	0.0993939141003681	0.07673674076732474	0.0977760697654363	0.09020063565294077	0.07444110352460763	0.19630559649188245	0.09497658708292149	0.09009493851237352	0.08361869994018202	0.10564919946325112	0.09531471606795643	0.08846368868082984	0.05503028426236439	0.09851069947992183	0.08438024439777254	0.1589251983446662	0.09826375820351417	0.08391906973774091	0.2887771907774132
12000	-2123.638321301309	-1088.267935944444	-1035.3703853568652	0.100533423321778	0.10948157013686763	0.07322493823984885	0.09534430704836777	0.14571205449671895	0.12684238690767713	0.12588263461690039	0.09638873841264381	0.08407571499316809	0.10280575225462792	0.09412800967264992	0.12996544176426797	0.11544861210255113	0.10511351146927062	0.06947392850180938	0.06018495175137854	0.15523606506407536	0.09219169267142907	0.07947834310171074	0.10664683866118957	0.06194806929566831	0.27518970745669563
13000	-2131.1917076574778	-1089.5824901382045	-1041.6092175192732	0.09811701540682105	0.13368919026962142	0.11958562628270003	0.10348228712677189	0.08906163354734908	0.08071400223915505	0.08949193660845925	0.08949308778419475	0.07507743116363981	0.07687437666542943	0.09063035176644918	0.10509807768832753	0.07315353023276659	0.1504901975159552	0.08968648953479964	0.12205644842552815	0.038133129017353946	0.10202388633746615	0.10918168326731012	0.1012119166682506	0.06409757473426828	0.2843049805027979
14000	-2089.9563963598002	-1049.243452802279	-1040.7129435575212	0.09866526672751458	0.06812162421066452	0.1360022766759858	0.13054882092439385	0.12076905286234225	0.09620680189581517	0.10383060456135294	0.15989834952004855	0.08084997627992645	0.09521341154540805	0.07773856608414569	0.1560032107494965	0.07085860747407728	0.06529611398798103	0.140132554491522	0.12275125461318136	0.08955198070927094	0.10760266761246004	0.05848189662981189	0.07864947851339855	0.07639351313570472	0.3443514254839629
15000	-2088.4455090103925	-1062.8674699543	-1025.5780390560924	0.10516410934665414	0.13747785675705038	0.09098560029452427	0.0820787634733424	0.089357444744926	0.08092879486063634	0.10373516544989697	0.09182673312913295	0.08694394162849958	0.10849567225974006	0.10119187270434998	0.1237061163508812	0.097880632411464	0.07073900838038202	0.08022246531226919	0.08185081536286239	0.08965560699536136	0.1052554161447002	0.10850112070007215	0.1636674747171164	0.09299362999182077	0.1676936515496242
16000	-2125.7264642579203	-1092.9472611665235	-1032.7792030913965	0.10501273511962207	0.11448782336694872	0.06734519236139028	0.09971562685980014	0.1857222164571739	0.11434048903079533	0.1524468063241445	0.07433684932383729	0.1640483584662155	0.16235515584780455	0.10572035003907383	0.1601202592757647	0.0943410548083998	0.08358606767640717	0.12047386462312429	0.09120345867818562	0.09186186241865682	0.11478670046777682	0.10389584770785174	0.09801362730847195	0.12177573293037172	0.24604730707452066
17000	-2122.8055939667147	-1095.6155267712031	-1027.1900671955118	0.08850691352645894	0.09125895241193428	0.12106792364606482	0.1026975225269196	0.09158296086481553	0.11106077787890264	0.09889504913006934	0.10176971353826335	0.10595991171323278	0.048065797882706436	0.0866197553110712	0.117063375283676	0.106990672480157	0.08965563997949315	0.09120644427012535	0.12059589718839527	0.06352703999987802	0.08993687267428431	0.10128477843595923	0.11748724334377668	0.08104606532527804	0.12353424288694499
18000	-2105.7666562107615	-1069.4960209248484	-1036.2706352859132	0.08916569184989726	0.14299907580859367	0.09567366735437421	0.15965388865450125	0.09356134070765504	0.12189828114404193	0.1091928216855964	0.2453870771213044	0.07802836783255981	0.0709023895395571	0.12398123338891065	0.09850677498584343	0.08574058219288305	0.11314702297286622	0.11734399358175412	0.06605664917991129	0.18015172429611795	0.08048833187523541	0.1276574431916415	0.10498894717351596	0.10122086454467082	0.2702220325330795
19000	-2069.842957686138	-1037.3430001270808	-1032.499957559057	0.0825421049448711	0.12752331020698043	0.15244368779900772	0.08299901941801974	0.0725091618096301	0.07170867792480945	0.0987638846910815	0.12949205823385238	0.09036498763996785	0.15468136851040729	0.06442655067439591	0.09387867090615738	0.09760480985257393	0.12908055683589306	0.09011489416757903	0.10779277808627923	0.1505216328349153	0.06778096045650059	0.12534127596926473	0.08753437035812542	0.1353760972986194	0.24657066298409636
20000	-2088.615522551292	-1045.620045434462	-1042.9954771168298	0.09377909086730869	0.16694884622048306	0.09431542628489326	0.06676326134353443	0.05117415616135442	0.10252150062205966	0.11972655363553983	0.06592322437497712	0.04494377871355619	0.05909593735127403	0.1632847828462427	0.10745287899950402	0.18451097613573017	0.0952496157967183	0.06738194065975878	0.08508404489814136	0.08391866506000135	0.15027283579365747	0.11743774690144536	0.06952261978912137	0.14730336143789663	0.17300932502299468
21000	-2077.1226586403395	-1034.82385475702	-1042.2988038833196	0.09813846717507271	0.1366357763432496	0.060320449144813715	0.06173991229330543	0.10905517787423777	0.11156335959666772	0.08004382490253487	0.0619464474571734	0.07053748356697002	0.09588580539327093	0.06401780752986116	0.09733491130381856	0.08871606674581138	0.10854097315202273	0.12312289311452426	0.07758973580392159	0.07191801539557154	0.07513242657918683	0.14489471689024286	0.09903212086586012	0.0964039030414398	0.3703622748401107
22000	-2115.857658760765	-1078.0841566794086	-1037.7735020813561	0.08244977159652714	0.12266311938254566	0.20848144760915707	0.08498570978306032	0.09618441829617035	0.0975783865111189	0.13103108905702687	0.06671236367558828	0.0999928234804041	0.11691289668361488	0.10102948382065907	0.0805368366818021	0.14581579584507937	0.09506611893374041	0.12960440151584326	0.10543840580510905	0.11674221649915852	0.13842952722559096	0.13983841654850115	0.08484697889381813	0.1408299440963415	0.3549902135931774
23000	-2110.504511208201	-1068.515787324646	-1041.9887238835552	0.10496805286204619	0.09274209344032633	0.05849211534181251	0.06688489066273008	0.20852117336737352	0.044723993528170046	0.09923718528300789	0.06764422428754802	0.07815782074750598	0.13258435714534614	0.08354889123961645	0.16621221496593136	0.0822899979665056	0.06332531464927561	0.1200414447304961	0.14073437447860834	0.11358933577517384	0.0705048109634538	0.14128407662471912	0.11820772713644648	0.10644916606709776	0.18957805660682095
24000	-2107.024344459209	-1076.0501532582969	-1030.974191200912	0.11090053237690739	0.14659621076129728	0.09727625541391682	0.08927413431312409	0.06924635123965377	0.12542836659990403	0.12960267583194623	0.08301787076487525	0.09318611883106222	0.069550029962945	0.10975139231853806	0.055810230727637335	0.1004901568099419	0.07955645756334839	0.1075469698291538	0.09969211582705664	0.09505394510912085	0.16158386637004984	0.12545922064805942	0.0900060713444591	0.10194346915810674	0.19176005069013186
25000	-2104.437141754016	-1068.3187668148817	-1036.1183749391344	0.06267101882523256	0.06548803550191842	0.13279672507305018	0.10940245682639825	0.1819221351795764	0.11707347696632893	0.1138733523582831	0.12368637547004212	0.07107160451760157	0.07836523227965382	0.08002270803289765	0.10702819115583485	0.09644709377059374	0.06578807376271112	0.09917557298543533	0.11063846571550481	0.11344513563883366	0.1445677598591852	0.1063760593034749	0.08355187563251693	0.19783059842216325	0.23238627077397184
26000	-2166.4775907802677	-1130.5765703395157	-1035.9010204407518	0.09690864106220919	0.10353390461297055	0.07533505528836432	0.04831049112746204	0.07305819237365484	0.1397981415303634	0.10516937366129817	0.06814709663254188	0.20661049655786295	0.16524065043411404	0.12075372379953639	0.0999018564591718	0.12012050711294783	0.08025042793242516	0.06448192835626032	0.165847033485605	0.12853915589530016	0.0938167521547195	0.1588065420759734	0.10396099352722454	0.13900309512020378	0.15336948270558012
27000	-2106.228363496143	-1071.0622259061486	-1035.1661375899944	0.11978229811445326	0.1321320279490965	0.10840748331495142	0.10532128908226347	0.08509611212957723	0.12410326335862543	0.14984969014991048	0.07384204456357517	0.09763349687287548	0.14093858850431984	0.0922082086664918	0.11201396487945778	0.08634272316927245	0.06992952113586075	0.07917537126201966	0.10240551664686678	0.10555816950229391	0.08571197103048993	0.1296672587696168	0.10526168613203879	0.1544607075244291	0.3375991838161859
28000	-2155.5259639199685	-1123.109722218156	-1032.4162417018124	0.07752293648789166	0.10570444023146965	0.12955035583880517	0.10668538976251786	0.09299580482777771	0.07005815040469429	0.1330808266104376	0.07632778414263364	0.15249026774297592	0.10171996764633587	0.09515785007956236	0.07682963275306239	0.11883701784673083	0.11030022681209867	0.13022451673740612	0.0941949958457038	0.1188593370111606	0.16534274108672958	0.12425825927992591	0.0839791297908899	0.1260412920529655	0.2733025748679367
29000	-2132.989437104133	-1090.3628759285634	-1042.6265611755696	0.11579520327720624	0.08622932517313958	0.05405490349576983	0.1703781002181115	0.07689784908849667	0.05363622797138823	0.13719864925513137	0.15080610948206855	0.0832101655197558	0.07260276398319214	0.15202841476663725	0.20397742040988934	0.14232526810531781	0.07612387532122981	0.08331838669782576	0.1700646198835354	0.05437937726082125	0.12687215376180136	0.10494857275820693	0.10588486061509787	0.13228881716001076	0.21141972856788283
30000	-2106.6369146389516	-1072.496718207002	-1034.1401964319493	0.12207927878220994	0.16126804311908768	0.15188435049105417	0.12438412629376278	0.10270660338339122	0.11969703773270313	0.16588104060635644	0.09677135845386031	0.1400973299253022	0.0823232629858019	0.14279934764302638	0.05788504009431831	0.08618434918272957	0.05915809461737262	0.10081477851984863	0.062299350696941744	0.07034974927050379	0.09838723269702225	0.11413222329771792	0.08747495122889494	0.10819838471083536	0.18107384988420358
31000	-2193.2247476952643	-1162.5785955065162	-1030.646152188748	0.12696850092092254	0.11776648712109257	0.08523062008386982	0.13586493780889064	0.07455518808356175	0.07556316501500944	0.06061494371788277	0.09963032085535038	0.11045145295806755	0.07616839701557387	0.10142993317765055	0.0812387086662611	0.09364275513364868	0.10385046662775997	0.12574613882064953	0.0628511785524389	0.08142175243352481	0.051675006277318004	0.09797562135821616	0.09791873886351597	0.16545095494831843	0.09535494779070362
32000	-2187.6789899431296	-1154.454507403939	-1033.2244825391906	0.05340485611351579	0.08779149489809868	0.10916757744101722	0.056581095061009334	0.0886793979902563	0.1141331134119277	0.1160005844070116	0.09140272014465319	0.10627797098335016	0.10413427476393682	0.0985556528760372	0.11139375844660751	0.10031245076792211	0.061877489986800746	0.08955288378821434	0.09843405810540477	0.09675458313235509	0.10893009330053792	0.10148145311853556	0.14698044813913044	0.1258667750387493	0.14165970182091356
33000	-2182.5711272649082	-1146.9400876806717	-1035.6310395842365	0.08414911230787676	0.10057385760798002	0.14736346898813368	0.06671203367817151	0.16036171178383596	0.0767517453766046	0.16211343422034752	0.09319490463855251	0.1208110310749893	0.06464389523804177	0.10295330663912163	0.06608379753965077	0.09221227859731754	0.10314666999554817	0.08475952122662535	0.11051294530283695	0.11187350826295908	0.137839293757562	0.09436894566277196	0.08289980072709778	0.09463863504967969	0.1822997590184766
34000	-2143.9967024396465	-1094.7737028459146	-1049.2229995937319	0.10706151206440254	0.12642602618517917	0.06195662421453846	0.06073454069692013	0.10232414999777459	0.07499607125707822	0.07255682848244312	0.10550233943394831	0.0789400108780202	0.053840364390628274	0.1472902942051234	0.08856490160693858	0.12475814507954773	0.060912273181782224	0.08452057684701368	0.046751214742149806	0.1571562909976282	0.14174789028524568	0.08231353433094622	0.10982333014120962	0.18209471146380993	0.3002125755547605
35000	-2167.471261190766	-1131.8200855604089	-1035.6511756303573	0.09872805567621289	0.09016305237497309	0.08016476208969285	0.09353012802326117	0.094024818389666	0.10117819315966423	0.08402018177841113	0.13077338254786836	0.08107421946266596	0.0935456075696234	0.13137970948845473	0.11266505471406016	0.11738811578171568	0.04022445105106011	0.06621227726024145	0.09901537819250404	0.05228530426872278	0.09470679766886377	0.10925260685723726	0.11992337121007866	0.13942743080919212	0.14446593917462766
36000	-2151.2663605791613	-1105.8274601747996	-1045.4389004043614	0.08321704327005176	0.14817390973937833	0.06066404920316393	0.11695081343674592	0.11666804242919632	0.036800521883838096	0.08711850665780356	0.07331184761342643	0.0865400359427883	0.07097863277819562	0.087466410901023	0.0787554054881357	0.11716049549193737	0.061445276326749704	0.13609485950074723	0.07553139890806199	0.14149900020449296	0.08097695708603053	0.07131717047257259	0.08005013267943607	0.12536336364337863	0.17958233822089098
37000	-2174.9251631673405	-1146.7992351094174	-1028.1259280579234	0.06449068602083749	0.12587253567023687	0.14535052960389394	0.11093485257543004	0.10700663699778597	0.15276361369775288	0.06409586979004071	0.11872537416778753	0.09255711661496364	0.09811805281752678	0.10457796046384787	0.09494666016152951	0.10285338556557146	0.08378204637986153	0.11250353485224204	0.10267721292671142	0.10931138224832353	0.11813715977660016	0.10445127586021925	0.07383326394775243	0.09521086835562564	0.13972069011822602
38000	-2158.4946706132596	-1129.5690878656815	-1028.9255827475783	0.08061301412352383	0.11505445814662228	0.09657630801212257	0.10198981991380979	0.051148030068165325	0.10875022033773149	0.121301214662513	0.0696882994139626	0.09240365195185798	0.13343147066235508	0.10213672856440263	0.1018815354327767	0.0936347884844283	0.08979600488688892	0.09401352026264553	0.07086760256367297	0.07832057121907893	0.08731153790438957	0.08840310060417372	0.1019297886923691	0.11614855881444328	0.1078647562341878
39000	-2142.08845838491	-1113.5588037386053	-1028.529654646305	0.07199821601658374	0.11806475740687593	0.09761870369438258	0.11013927679141777	0.10847737632888564	0.1116583286527018	0.11845157311731014	0.09713615637636792	0.0962178040209855	0.08562378801530143	0.12489978425874847	0.1060103241087329	0.08734723572557804	0.06499283761018254	0.07283232499033106	0.11467385278576782	0.10819805713703261	0.12584152696478387	0.12554011869628798	0.09041703184684145	0.1074284810590864	0.20327688009153846
40000	-2148.493333133967	-1117.6925966000636	-1030.8007365339035	0.12666952989137661	0.10389141508474664	0.10528945913499844	0.09067285248270027	0.13375559842006204	0.12710527681946285	0.10418601416715613	0.2094501790469219	0.08622827954264901	0.09355598144074292	0.13209376537849135	0.04442629262266836	0.09293148679694942	0.11866335389291027	0.10501719006417615	0.07771158328827181	0.06215509498515708	0.09631639895625797	0.12669129953459657	0.12314417871499098	0.10223365740971299	0.13109997570280402
41000	-2084.859009775147	-1047.4209814889123	-1037.4380282862348	0.07222840831005584	0.14129684210178178	0.1563865097530954	0.11712983943786685	0.140139253249698	0.141149872967377	0.075474473686481	0.09368811895215279	0.0848276800927416	0.15869790115140378	0.12570240181434883	0.09702197038145549	0.11873885218689824	0.05571434236802046	0.08412362329535307	0.055963098989733714	0.07896657859923373	0.0854524578081097	0.07802815365064306	0.09839261764150498	0.15200335145547755	0.24099277756062398
42000	-2118.335074515868	-1071.0336827717754	-1047.3013917440928	0.10212509340761043	0.10469610574781424	0.06216204459915641	0.048294858857538744	0.05146727438326325	0.16358522915313092	0.059038054058319134	0.10364004688288057	0.11734217268043771	0.10122661537477476	0.07822142258076385	0.12997665850286494	0.0751217029418736	0.08914112285521023	0.10272482012643853	0.1732496311737586	0.09199826170822929	0.061129713193120064	0.13490158497456003	0.09820249059659909	0.03241166067171116	0.24982844520230743
43000	-2116.9801832838	-1068.5957490050976	-1048.3844342787029	0.14642398191946104	0.060414958470149605	0.12077906453492727	0.04768445657513101	0.07916840741450977	0.08212388401433737	0.10343273165143137	0.08019120355123915	0.07371402126259634	0.17598250225931494	0.1407292133162263	0.1452729851935352	0.05354472260657968	0.09533717682458075	0.11632867572127266	0.07929894100132097	0.16124206061453258	0.11706872233791703	0.05377906929727004	0.10145184407986917	0.1662051151004351	0.41148549266574774
44000	-2118.8696890327383	-1081.4520560928838	-1037.4176329398547	0.06745597684794602	0.08266435630925931	0.07987637328689086	0.07769165415276788	0.14479284510806928	0.08874400386214484	0.12364871307927393	0.08728099772530576	0.06794108488448865	0.10214121287925973	0.06801526289879961	0.07935428415878734	0.10772260515435467	0.08650169671587837	0.07327676071198981	0.07761679191339299	0.046513431004951096	0.16142576354453278	0.10031058534715338	0.12808631895133477	0.10440725632754184	0.1692481642786133
45000	-2117.2503537684497	-1081.2311461527618	-1036.019207615688	0.12327239944129557	0.13028615813098518	0.1109072451218097	0.08537753581400169	0.16059792044705076	0.07391778721130858	0.09508007168544709	0.12138553842179928	0.09548540330321785	0.1250204317598517	0.10880725016661201	0.06542786561912992	0.1398342411928827	0.07344172571985193	0.08796116063111886	0.15153959914086473	0.08747137265206639	0.15496971807990922	0.06379052228646409	0.12254866749647539	0.08024059261748141	0.24530492540414445
46000	-2092.184003847446	-1054.0519882428994	-1038.1320156045467	0.10125005141413566	0.126280171584873	0.0900903681292567	0.09448619746477414	0.14788738890518596	0.10750354537439784	0.19890848051437607	0.12828324505057612	0.12659681577666496	0.16046170312936245	0.14559135843820534	0.07972356530100601	0.07873607258396292	0.09420686907819004	0.08604690195129006	0.05295803170861653	0.0749913099624743	0.10076612029891834	0.04695368701415768	0.12690714288487862	0.10495984660572345	0.2411793646369627
47000	-2168.542508960918	-1128.3789685725792	-1040.1635403883388	0.12455153314303419	0.103716306015838	0.0701566620528169	0.12559122918031673	0.1266532011238873	0.03478061012832464	0.1336515948427572	0.08499760869894477	0.117590459087887	0.09887971173988788	0.2153208798760168	0.08738986153067353	0.10242392017215327	0.10621284360856253	0.13942216951814587	0.06848639119250133	0.10930712667152596	0.13913361558151838	0.16325705077173763	0.1472153837751538	0.0815341863655263	0.22539004774435284
48000	-2112.0257080709175	-1069.385299110316	-1042.6404089606015	0.09606191936297213	0.04954060166911732	0.09821656840294532	0.057061999793734046	0.09372486491095444	0.06158627914567247	0.09871782515668813	0.05900496125476431	0.12995399101368255	0.1411138116973409	0.14719277478026846	0.1866358543778591	0.1169491686008351	0.06417108731361693	0.09194426978667969	0.12880727452045784	0.13926903087686363	0.06884410332466744	0.066599559960097	0.09628089493454495	0.12299928592482605	0.22938964875712278
49000	-2130.6246093985105	-1101.8716815247883	-1028.7529278737222	0.08903206071545314	0.09860764947566664	0.09337692970214972	0.09758787331615021	0.11608453485063802	0.14554846592694226	0.10161999525169248	0.11360843549747963	0.1110860954704722	0.10732733388313166	0.12604795609266456	0.13140798394248782	0.09674248448480208	0.13392639847606128	0.0470066768886316	0.11776014807208139	0.09930800396860737	0.10092538724953526	0.13010527967419896	0.07415395533214972	0.08867245652712685	0.20538128904368533
50000	-2073.162811853872	-1038.975415282524	-1034.1873965713482	0.0885504195795633	0.08073522200051192	0.07478886801184029	0.09259719832625772	0.12024777258854004	0.1143950762904311	0.055234391069475586	0.12101861031860066	0.12321242225380746	0.12677320491467664	0.08383539649850812	0.09497229921429019	0.07416255580158208	0.06509509208374566	0.07304482349926551	0.13026326493327253	0.10318671007244835	0.058899637186192184	0.11230249988493751	0.10623274860728794	0.2201601978625399	0.13549882691554746
51000	-2083.618448834546	-1043.4830570655836	-1040.1353917689628	0.07102866722008697	0.08230230093291731	0.12922712405858142	0.06150910114370699	0.07948291450225269	0.09403480250835657	0.1022091034169059	0.13841464200397335	0.08754921176206026	0.1222918387668832	0.12040766265319004	0.13116370855936138	0.04758299138417507	0.04998292450341281	0.07519815655489327	0.08321047272788011	0.09498751334083101	0.1019699861267924	0.14042616077120448	0.10887748312866495	0.10427611135911931	0.28113790647581977
52000	-2147.613786607012	-1100.9471062041926	-1046.6666804028193	0.08726886496265585	0.06806902324558772	0.04286043650693311	0.10713707686683142	0.06260525072482363	0.07387105597303428	0.1463300763984435	0.07409047551100383	0.08121645943271621	0.06758314442126404	0.12038231937005824	0.10106681346846792	0.11457956281583612	0.09766678447569609	0.12016134629467394	0.10267688051344025	0.18084370278189604	0.15437019246655295	0.10315112443081413	0.10256680190888548	0.08934442384588072	0.37535383259872485
53000	-2135.6534381929814	-1093.675363816981	-1041.9780743760002	0.11546014241608361	0.10390382071249751	0.052326221325657805	0.19802607668570632	0.10705640588262098	0.07971462232273556	0.111184881247208	0.06189526195773337	0.14583554105595062	0.1463866285187465	0.11715890467388995	0.15892736499412996	0.06478674999690735	0.10976572443762594	0.10998165807165822	0.11248253948808008	0.08982871027680624	0.09044125015753764	0.11109884222429589	0.09209324964581986	0.10560330959410585	0.3855688417898777
54000	-2138.554259355843	-1102.1831677028113	-1036.3710916530317	0.1078625037578308	0.07380155656131221	0.08233557682960903	0.1384806425668303	0.0782244739686064	0.11847186337006528	0.1822252671576728	0.09468953779869144	0.14060064183964727	0.17160716931708814	0.06591644751699095	0.10415722563749594	0.06561464679305018	0.19304855110599992	0.13339098423642926	0.10043826682095741	0.09795668314228077	0.06774900580587286	0.14573431491125743	0.17300085651565456	0.09127316687192474	0.20098213853375585
55000	-2115.926721401297	-1073.36881729609	-1042.5579041052072	0.07572625829792234	0.08104972199829356	0.20607390850924687	0.09850353984027246	0.0838272875401084	0.1435455889346213	0.044258052647922035	0.15227943851465706	0.09418142800482979	0.13331828705388374	0.10608119375750795	0.07367694103497541	0.0719015781408761	0.05987990180871651	0.12867167223176235	0.16332132120733234	0.07389055653811019	0.09413085761265884	0.1624472223127379	0.15484746627225945	0.12276358263228167	0.1832320704501667
56000	-2110.63651122102	-1066.0231316686763	-1044.6133795523438	0.13474952341780622	0.05756529703653542	0.16345345709092327	0.07005222061172438	0.10050951343728659	0.2127771995715931	0.08610220341752713	0.08860212388325461	0.0708525864857131	0.10479250379915585	0.13660289165245848	0.15924972564204884	0.05582990099618902	0.09217019199286922	0.10604391563386255	0.13230022298443952	0.10245014231841348	0.049175065500106294	0.09298280091018948	0.1582228013880231	0.0703702563338927	0.21054270970058675
57000	-2134.37281041426	-1106.4209063700725	-1027.9519040441874	0.1401681677349977	0.07854297743529152	0.11221054866354849	0.07174109590748948	0.11940203403466257	0.08505564446148713	0.12118647619375418	0.10097101790688158	0.12461144633454406	0.10835157478090221	0.13479498409660273	0.10938260183174815	0.06729219733905549	0.07382052650767192	0.07138182764995978	0.14355392062094846	0.07530495436463588	0.14628853755804397	0.16396486252710069	0.08298600818906247	0.14763736732050722	0.11086129143837817
58000	-2095.263353701648	-1070.1548355610512	-1025.1085181405972	0.05587342897580903	0.09949127133772913	0.08163498036244601	0.08798234862808939	0.15710572820498142	0.09464512977935612	0.10814446597862806	0.10309731436972894	0.1363428929844576	0.14799657382572437	0.140231218471192	0.07486926864697943	0.12322097166568206	0.11870232508716382	0.12120452071371016	0.10870635593199185	0.1076265135426977	0.09713994172620072	0.10709087460948666	0.09254305372150019	0.13251707008202274	0.1705099900671867
59000	-2101.137204219874	-1059.0923880867756	-1042.0448161330985	0.08155572740452498	0.0965132053843655	0.0719182035113799	0.12869031391291985	0.12481405789717236	0.09648962104761644	0.08314628517358089	0.1255177983827156	0.05782278848326147	0.08099527933829496	0.10685960660169441	0.06295812847429934	0.15322107948832367	0.08783421365423276	0.09297674464073336	0.1049368304056884	0.07582695766818386	0.10866032142767201	0.1017710302939503	0.12372240684445404	0.07385139766244551	0.40934718374696283
60000	-2111.7034638130413	-1076.0790024946702	-1035.624461318371	0.09272096955248606	0.03853935213524613	0.12522905046901253	0.12798168842181165	0.12553492860789603	0.08406764695123176	0.10079809233658696	0.08990208682204782	0.09914882719719995	0.09568790863374248	0.15769674924364258	0.15322722127075278	0.1168222205390589	0.06581637834365993	0.12172124131296418	0.07605668509409019	0.0802710782450756	0.08767065402906953	0.10850694310875436	0.10249146901349349	0.12318763863719022	0.2242727151660547
61000	-2070.6356924460943	-1034.344644339995	-1036.2910481060992	0.06821022624719407	0.12040136873186642	0.1003681340525924	0.11650168365308095	0.06142248440916926	0.10988196129176599	0.07646635028008952	0.12661827450478771	0.10157282162364016	0.09552302401707537	0.06343745335778427	0.0850759651581257	0.09742374240990448	0.07761760414967339	0.11338767891407231	0.0880664995465607	0.09830978673027863	0.13046194902893196	0.12910742695337182	0.10210270518649354	0.11941971722449025	0.33425944722028156
62000	-2067.840321062269	-1033.7696533370404	-1034.0706677252285	0.07102256177618317	0.10514245768850981	0.08745753695793143	0.09252504331220034	0.10254113808901637	0.08507479098243192	0.0686489781798537	0.10240409436686917	0.07667198838414845	0.10186175610016956	0.08232767552855677	0.1177287655147952	0.09213663565547726	0.08523016232812806	0.08135885400486664	0.1718346782497377	0.1326938424135722	0.10479684052577799	0.09687439415945975	0.10480971396850398	0.13169437591793157	0.3135945572126386
63000	-2090.4060651918053	-1056.1758215537593	-1034.2302436380462	0.081620555340993	0.08590761276545286	0.10800580993558324	0.12213018874822086	0.12177794401778276	0.11249515173369745	0.06743593542213981	0.21128095722558599	0.11473737050715184	0.12889545667011187	0.08101910496062592	0.10015963077649989	0.10198555657508078	0.08550274640501755	0.11164629833958645	0.11335516207180919	0.08696394299378638	0.09787762043031166	0.1077997707361894	0.14106712432783275	0.05408605726688951	0.21420427148010762
64000	-2111.04688941897	-1080.348992824162	-1030.6978965948078	0.09625031316016362	0.1729175765465584	0.1483135044297749	0.07019588719408504	0.08640926956201811	0.08261692116687572	0.1260978952425026	0.12254758872262704	0.15304746901244315	0.10143532007887619	0.08310012320085769	0.1087038679336772	0.09416920175632597	0.08377458784366525	0.11253235081339226	0.11289730520486445	0.06891501723179884	0.08802338579765195	0.08032995186279027	0.10461354883867358	0.07255079528998447	0.16291460005162917
65000	-2122.243098985519	-1087.407533580153	-1034.8355654053657	0.11803482923399353	0.10406004089686281	0.08926572329796928	0.08204849490515478	0.12104747749088599	0.09237004679978349	0.049552458130917104	0.06000803221411735	0.11728043743549246	0.05259037100822735	0.1046470396112688	0.12993261985652896	0.13019669701094944	0.04544189113110123	0.10335464453439308	0.09583657692896273	0.14856088121046088	0.10770612829003573	0.09728193288422725	0.06616400489647987	0.11489775608391416	0.11158589978262132
66000	-2110.2598561576033	-1068.52237604616	-1041.7374801114436	0.08586722860058661	0.12719835547840896	0.07540085173238403	0.1023389254709395	0.12954802226276063	0.12307401842474762	0.08844229641157235	0.0828578429298493	0.0798318371132631	0.0845485325663353	0.061646908877815286	0.13002445340021287	0.041392724893249674	0.07902973459950217	0.09605604993276891	0.08632456362288883	0.0802278816757324	0.05788957147935015	0.15723869902022727	0.0731431444773201	0.07846697654636071	0.21670099848004615
67000	-2091.747287998196	-1059.3281050440962	-1032.4191829541	0.0760921089810616	0.044244198769263714	0.11783273140963357	0.11992204756566227	0.07847848583304125	0.09855394801519426	0.11401242845387077	0.07794486442695531	0.12192023471642907	0.09689651310706919	0.096683440443786	0.06409897001585921	0.13609763893561713	0.058313340032690134	0.1282199834164851	0.08774314904122978	0.08561419137202443	0.12585857906250697	0.1138833971455175	0.1254792752997343	0.11016522377664702	0.16220370537934975
68000	-2081.2400261637576	-1052.9076820002833	-1028.3323441634743	0.10359652095324991	0.10447736690695583	0.10082290514619222	0.17209555223929426	0.11483629094528174	0.06997569484806376	0.11173447998715846	0.07922891860520276	0.09002851782661431	0.13326360615722624	0.11904523004389626	0.10170550514832598	0.11847092547862602	0.1024808196619052	0.11028290662121712	0.14915580426333527	0.12465387550441796	0.11023323476123702	0.09583797713766326	0.1499781234879507	0.1235778430179088	0.24481462936757303
69000	-2093.0991362962113	-1050.2875923233507	-1042.8115439728604	0.10452769355272386	0.08564385083747675	0.11839487179461083	0.1017575288645438	0.11697503685449424	0.08867814078092671	0.1149601118682124	0.08073034624912212	0.0781766234936918	0.06981458333826814	0.1373028814789045	0.07943219174615587	0.06481848171822127	0.05605182704500827	0.1425598326040218	0.0999501497606714	0.07489921543521068	0.06616358555120153	0.1274201299484044	0.05774461688512726	0.06805927811649602	0.3272908717019597
70000	-2090.881129103426	-1053.877228155601	-1037.0039009478248	0.11927392803356042	0.12682057490696877	0.09981475973833018	0.09858372689663981	0.08395300567613521	0.08477337460653908	0.08186520762274054	0.09703102012992967	0.10300318698622705	0.06236318684453035	0.0828200124417195	0.07339708190722699	0.09545196570383027	0.05945344431771088	0.12481656940365775	0.07778806424704016	0.09342594712300846	0.05265467551424004	0.04984562499603804	0.12059499311428748	0.1025041010573376	0.1892542983509836
71000	-2095.565775958524	-1064.2748091604133	-1031.2909667981105	0.12232428797611229	0.123615197246015	0.0888506248354134	0.060617490627259865	0.13176547764983557	0.12203100380019266	0.09480544693969098	0.1117310938842692	0.1084166671801025	0.06510643582863163	0.11020040661208684	0.07043842009962825	0.1174546918828444	0.06438886211650724	0.14183555218970126	0.11569803817815738	0.1142632588159926	0.12159587149256407	0.10137763865607993	0.09210569189403124	0.10796960850695009	0.25764958573193114
72000	-2099.3546411840152	-1064.4594941105993	-1034.8951470734157	0.11758683674537078	0.09592019155504392	0.11073591773349846	0.10250759576525731	0.09307113549958851	0.10501222298471814	0.09374980200548884	0.09268663967577123	0.09198545573760596	0.09357395539873853	0.13310700372582707	0.1593375326026874	0.13965202370881064	0.12593266864467087	0.06993117727093494	0.12902208250714395	0.10358989684402362	0.08317067706520932	0.10278219211651309	0.11536882984511584	0.08647151436303707	0.4745232153139199
73000	-2068.7690874142063	-1033.029430078218	-1035.739657335988	0.1128419156046069	0.08309757310919756	0.1049510651865163	0.09861876623112659	0.13618088486030078	0.10116553715679012	0.08814354072995968	0.1158797270772798	0.09197235139406115	0.10620093521755324	0.089228766939798	0.09204098635883286	0.10820189515811021	0.0577371668101019	0.1526237038893838	0.06778682904047972	0.10214950480124729	0.09100830836582023	0.20577727531075618	0.07124324125499379	0.1668402161988226	0.2715676759041021
74000	-2081.727951025311	-1045.825960946463	-1035.901990078848	0.05684171620662396	0.17162377215318803	0.12363521895198021	0.0827878909097768	0.09146178482529076	0.1432827979364739	0.06563238186341816	0.12438557002190374	0.07022981135100462	0.06323009169216275	0.156859129324536	0.1510089793438654	0.06518839880386153	0.08957624110016159	0.11434696319828565	0.06766746849064624	0.09220367138632245	0.09493520370131006	0.10567513656776027	0.09254906894814749	0.15847107712638547	0.1756943310129055
75000	-2084.213018494843	-1039.6966915793428	-1044.5163269155003	0.15775074051909815	0.10567342855903673	0.0927480700744052	0.05808881867108893	0.06821553171562147	0.1224556746610855	0.06914905101980799	0.09487422037605611	0.08300240281563369	0.07617527712272901	0.11987067648839718	0.07097303617644708	0.0722928417464045	0.056768966950940886	0.08479284881321159	0.06279032195587217	0.06771399378209793	0.09297752050417037	0.08059860643300841	0.0980452764460222	0.0864668572808897	0.2914558083773339
76000	-2173.1466622770467	-1132.971225439658	-1040.1754368373888	0.07624855645376347	0.06844875388426863	0.11355501750654769	0.1031372615891276	0.13011266851487713	0.06958920240654914	0.13212325359273516	0.08787315795998955	0.19598121934147492	0.16207803988094038	0.12137059314534651	0.11932299465144353	0.10662089307394168	0.08048487512506125	0.04993470146440823	0.08934368646275505	0.15341406860450718	0.14454231952165356	0.11745693599989658	0.07962087207065179	0.1065739609586389	0.25362367636705135
77000	-2141.4390684316477	-1100.2538442472096	-1041.1852241844383	0.07437837536740992	0.10661174427725624	0.13307569048825935	0.13129578709502807	0.09103359966361116	0.09426221924650648	0.060501137741235174	0.05039457980756348	0.05770891579743429	0.07968079272139907	0.12033090087239813	0.08795680937345612	0.10962892002017713	0.07329671825887593	0.07763304459386647	0.09631982225250166	0.1275921601719041	0.07052105669253006	0.07975575813951655	0.09432136174716751	0.11249678798744643	0.23903250625914185
78000	-2135.1263650354927	-1098.2077096290986	-1036.918655406394	0.10531777569448275	0.12627728482378725	0.09452102950312342	0.07971009772259947	0.06679545257328445	0.11530259967089966	0.08710324350863215	0.09706049325553033	0.11936939283047088	0.12382215363349645	0.05532469480630473	0.10559387174027698	0.08856341383788109	0.0577088260400926	0.11528428568263405	0.05599593908038429	0.07277800443178847	0.10883098541427004	0.10070850874984831	0.08770285100335139	0.10214020909495138	0.16902017359149288
79000	-2114.9051251947294	-1079.9994050217272	-1034.9057201730025	0.08850892341308784	0.1956971083709128	0.09570498773831615	0.052934727270186534	0.12986569274370427	0.14037089238222974	0.1275358118128119	0.161928826380063	0.136081773574614	0.09363946268795836	0.0699118097983738	0.07745901328434654	0.07038278203451209	0.11605021903403936	0.12976478505044295	0.10317824794653363	0.11844918024651849	0.11979669067969731	0.12792640839860656	0.08916338694491203	0.15859270642968934	0.20795915867126882
80000	-2119.6514069645496	-1080.0002721574228	-1039.6511348071267	0.1475441128074728	0.10439767243225369	0.06750726954589599	0.05240489066102252	0.06784580121462491	0.08107565962312771	0.15127576577549676	0.07010954278335967	0.09934607028185118	0.060492026308218795	0.12033073676109378	0.0970177665795532	0.12091740635191414	0.12313601762631901	0.07600367371520425	0.0944408120919027	0.10363271980781079	0.09347900566459388	0.09565553488736525	0.09518653607118444	0.09353680355992398	0.3103247234967027
81000	-2104.0179470693565	-1065.268112216492	-1038.7498348528643	0.10219789140658835	0.08352140524727578	0.09189374616483259	0.11273359660552737	0.058700071894216346	0.07433186221324231	0.17278418485499886	0.12393049948714394	0.07424953754902958	0.0948929066010777	0.09839271054679948	0.20942274386419651	0.06841649557158229	0.1061332869331327	0.07324133855610111	0.06789952472170244	0.1304079390332699	0.13693072339197931	0.17150095281607694	0.07763964701967646	0.13713040737738164	0.17207359985709259
82000	-2134.8939219050817	-1105.021422367096	-1029.872499537986	0.07062007378418116	0.11132852888971952	0.10818710407820048	0.08540112027861428	0.11211851441959395	0.058264356343482794	0.16805641692116946	0.15943853740698166	0.09644458207049761	0.10241082344164759	0.1251001791575068	0.11446453727003911	0.08534871621621058	0.05425567745773937	0.12226715444093868	0.0923473129192775	0.10603305657379576	0.08438073605345843	0.07567122080468834	0.11227436581568458	0.11449564300566027	0.11374150612630517
83000	-2130.6119610289816	-1094.374355404992	-1036.2376056239893	0.07972408695074462	0.16006884819243547	0.0661542523780473	0.09126834860790238	0.11385510754378488	0.11623250935605665	0.17309865322446064	0.060858103506470265	0.07841255573044262	0.0894765581481622	0.1034255384016621	0.0816249754108283	0.11552651037689915	0.08596248924165735	0.06224172076992984	0.07429745881528732	0.055630128836947644	0.15219576573393287	0.09826862461921125	0.0765661035397794	0.0896577979539127	0.12353969426030365
84000	-2078.708180829843	-1050.533785193278	-1028.1743956365651	0.09437004676898668	0.11330274889405145	0.088401425425567	0.09783851717948062	0.09660392940883517	0.12531695251980196	0.0952815904416726	0.10376620936202977	0.08367334156902934	0.11195412804415936	0.11396243949122761	0.12389340292572848	0.0944612541815559	0.08936684404833263	0.10835674780024535	0.125044222157007	0.0998328355718724	0.10824506371882381	0.16005420618705604	0.060852579377097	0.09067839530581825	0.20696812580897006
85000	-2135.7777196903116	-1098.409442280824	-1037.368277409488	0.1129029689306085	0.09941118247958232	0.11059305202220672	0.07742628083583714	0.06611241751960492	0.13440186943300184	0.06926637236909533	0.0822723031908247	0.08792733596918177	0.058883281541261046	0.14330530300604682	0.16367241762776022	0.1323580803440857	0.07751585195162193	0.06549060700666871	0.08534651058163413	0.07072567689327744	0.0425635000686131	0.08538663861832088	0.13873190974653388	0.11912224486160675	0.13762770067640018
86000	-2095.7270489218263	-1053.0035277848801	-1042.7235211369464	0.1378716063217969	0.06474926925469428	0.07042296076916708	0.06674912669106103	0.06223015133759167	0.0865335048302054	0.07445748170465159	0.08731963616294086	0.08001463730004234	0.14596665848401744	0.15151197563009752	0.06974874928201842	0.08960861459268421	0.10576882239149206	0.1433098842907561	0.06806937508355408	0.0922694062948641	0.10826832963795958	0.07854915143158775	0.08622329751367766	0.06566551457571033	0.2888386300814801
87000	-2116.11785493182	-1075.171802248229	-1040.9460526835912	0.12300120784515052	0.08081454976543496	0.10681399290274873	0.0650404992902623	0.09807750826201556	0.14840293149821562	0.0981276286503042	0.07459087335370371	0.10258055365445289	0.07266867416854993	0.08099742848637635	0.14936743515544101	0.11158687889924827	0.056291196888326615	0.10887910426452106	0.13593514643129165	0.03609778791684455	0.09473148783591968	0.25029616028992785	0.10198555074513174	0.10559389549425166	0.13819230260533527
88000	-2090.038865887822	-1055.5381664505585	-1034.5006994372636	0.06500420825148166	0.12483904208018541	0.10211382135454683	0.12208459434571829	0.1088991813197146	0.11885653820485127	0.06525248773769834	0.10014206931159655	0.10148055296127645	0.051893680366166095	0.07352392172129546	0.11372016795104838	0.11903375450472155	0.061623185432612464	0.11440040122029778	0.11476625294486426	0.07658725901547375	0.0916057850975728	0.18812695349811578	0.11789453323593956	0.24440077643397454	0.11730623219921871
89000	-2129.6729038714097	-1102.552345106863	-1027.1205587645468	0.09970472339018825	0.10330059409254631	0.11330131781391703	0.10282238705443524	0.07727144876228957	0.08550674286815628	0.12640799915891804	0.10743673068799098	0.11362717694403933	0.10222282118517995	0.09860312557071198	0.1269340164682637	0.06729636774403756	0.1021161372242393	0.13788614119258832	0.09147389481440908	0.07562944741673797	0.10127431594468997	0.15377415964427602	0.0972509002113874	0.17142017431541606	0.11151957014246726
90000	-2078.4024934498525	-1044.8905530140446	-1033.511940435808	0.09835361489747681	0.08659504436704411	0.1407796629767049	0.08240855737111757	0.06082814594368375	0.10382359678020969	0.11415023819998733	0.0791124871474923	0.09782578466184531	0.09296158309070585	0.09684097296103128	0.08449805886038927	0.09999980948841984	0.09886481863711057	0.058072944643883746	0.12835580073590896	0.09686241680592084	0.13012258519648162	0.11786490088200552	0.11597765145477698	0.13090612674197055	0.1997438681854047
91000	-2100.3815915035157	-1062.371765633096	-1038.00982587042	0.1436792818610165	0.10219814193864246	0.12147830871291566	0.09997706662914178	0.09236266161669955	0.213749023477765	0.07357248435874812	0.1028135490435204	0.10077770196122388	0.08458776049744186	0.06231925283730164	0.10995769299693496	0.1333529283927532	0.06976692111126759	0.1626103488161466	0.12134105830815567	0.1334131652171021	0.11231673619664671	0.05909489990501346	0.10519246942880203	0.13696755369182184	0.2557294050340136
92000	-2144.392715009454	-1105.456026965356	-1038.936688044098	0.09400747546094519	0.08525946015211232	0.13544026112140492	0.1574807921715415	0.15177695654526938	0.07808946503976973	0.15564234056064197	0.07666672890903431	0.03701036080366317	0.1139034641748811	0.10242793119780051	0.10955281111104902	0.1869782923176142	0.08218324140929115	0.13105451230797519	0.1116363140803547	0.08783659144093732	0.0659613059823202	0.09406121935796152	0.11566330453613406	0.08028904248944022	0.17625818139447388
93000	-2123.662637655064	-1087.2674174593988	-1036.3952201956654	0.14474893698300287	0.08505832136646739	0.08108993906057545	0.11735151283434732	0.09584426919845132	0.15257742105783095	0.06611954130221577	0.145639606326761	0.11390554966299037	0.11134545526416882	0.11500728767138292	0.10279160544815105	0.08984633397202064	0.13324568711918808	0.051531190033649386	0.14880582549693916	0.1066332005821223	0.14130576628067548	0.06610557529061736	0.07258788872433865	0.10512777593202664	0.24786838326137228
94000	-2095.0045617374594	-1055.8375569102384	-1039.167004827221	0.08828682620021606	0.07637172704732552	0.0873068362253592	0.1098499314683292	0.06478195223143973	0.11812592918161066	0.08756565313940787	0.1192029389118288	0.08996642796600252	0.06783418908298725	0.08675126490451603	0.08212738398739615	0.1273675623635839	0.08381897430339658	0.11319353367846435	0.06754634439594369	0.1085212592816224	0.0531184640721011	0.07372011766833342	0.14230955829703548	0.1293042751741053	0.2624156567502339
95000	-2115.2555943075477	-1085.3510293779104	-1029.9045649296372	0.10603728072543274	0.1113325079799582	0.1099511260385323	0.14359541366822376	0.07797972689173605	0.11331781201466869	0.09098121260340758	0.09877304551640412	0.08972611349596067	0.14135795005450438	0.08073192804256263	0.10298540296206966	0.0905315119703052	0.1028935253582577	0.090834009105956	0.07264462692722734	0.06278730700694052	0.11939156504604172	0.04887865561772859	0.1362986674712675	0.11194175268800047	0.14607222713020193
96000	-2077.2666267628556	-1035.6277410608534	-1041.638885702002	0.10061068268929635	0.16665815741635703	0.09463839486214126	0.05870802282329901	0.09724496873950016	0.06061160490127087	0.0808239960166329	0.09204723130824082	0.08493885396180217	0.08852644434381741	0.0868679294127281	0.07690194027093361	0.0734884004300905	0.06430681711711686	0.05705453876940902	0.060058255180436226	0.13556519901872788	0.11162379991647986	0.10076289694853295	0.1444443250234058	0.05090602710869061	0.18299041098538096
97000	-2111.110826496313	-1074.942723398756	-1036.1681030975572	0.07267733291320956	0.07404085987676427	0.07337936111006597	0.08413386249527768	0.12787890264959	0.12054070728632103	0.12345768116001156	0.1757603741089468	0.15759788993118484	0.08368884865208205	0.13205165392233917	0.07408000058896734	0.09608466210830457	0.09868560560525516	0.1110416927362056	0.06831633043717489	0.09876594747722388	0.1362631081039428	0.14788894078340112	0.07414136133662189	0.07768811074505803	0.25427744467425223
98000	-2154.081663537354	-1123.5421100361689	-1030.5395535011853	0.09966215892336605	0.056496933393575435	0.1408591806499383	0.1376363280812579	0.06395401537395203	0.07307627970172627	0.07051982918302077	0.09464536280717871	0.060360202653648984	0.14810924177797083	0.12944930940859678	0.10962768868245838	0.14122122227692468	0.11455151590405652	0.14048518150618425	0.08471472427780236	0.06584738170320056	0.09576274759275875	0.10032080872848222	0.1346169964730324	0.1322708541791676	0.11806650865890503
99000	-2185.9997726294314	-1148.127664817757	-1037.8721078116746	0.07070873184323102	0.11208182767090755	0.11512312339911614	0.04683746458475602	0.11449460083396222	0.12808241807346507	0.06260688988082956	0.08823986133531121	0.08187972387224997	0.12495566450543041	0.1545686299562456	0.09302930994226642	0.07133312798556418	0.06582290548077482	0.07001803071880829	0.10316469357352023	0.08534016922739918	0.1398850911319718	0.14803505570654965	0.08536604575656795	0.05081636290110275	0.11683698791039955
100000	-2161.8574215828908	-1132.5070500689565	-1029.3503715139343	0.1119483331308177	0.155654912903689	0.09764568665699765	0.11010614544694657	0.06610369278065555	0.10254739607671431	0.12251407568353674	0.12080452855193272	0.1216569638439233	0.05809933733290302	0.10498256493822644	0.0801647413183186	0.13797226600326765	0.08934281954161093	0.1193421647403334	0.12474297137249635	0.06902653802392913	0.09166474033378545	0.0863666124563933	0.13011846685975664	0.1201794576176571	0.13968502812505182
