#
#model:
#
#<?xml version="1.0" encoding="UTF-8" standalone="no"?><input id="posterior" spec="beast.core.util.CompoundDistribution">
#    <distribution id="prior" spec="beast.core.util.CompoundDistribution">
#        <prior id="lambdaPrior.Ai" name="distribution">
#            <parameter id="lambda" lower="0.0" name="x" spec="beast.core.parameter.RealParameter">10.0</parameter>
#            <Gamma id="Gamma.0" name="distr">
#                <parameter estimate="false" id="RealParameter.1" name="alpha" spec="beast.core.parameter.RealParameter">2.0</parameter>
#                <parameter estimate="false" id="RealParameter.2" name="beta" spec="beast.core.parameter.RealParameter">200.0</parameter>
#            </Gamma>
#        </prior>
#        <distribution id="snapprior.Ai" lambda="@lambda" spec="snap.likelihood.SnAPPrior">
#            <parameter estimate="false" id="alpha" lower="0.0" name="alpha" spec="beast.core.parameter.RealParameter">11.75</parameter>
#            <parameter estimate="false" id="beta" lower="0.0" name="beta" spec="beast.core.parameter.RealParameter">109.73</parameter>
#            <parameter estimate="false" id="kappa" lower="0.0" name="kappa" spec="beast.core.parameter.RealParameter">1.0</parameter>
#            <parameter id="coalescenceRate" name="coalescenceRate" spec="beast.core.parameter.RealParameter">10.0</parameter>
#            <tree clusterType="upgma" id="Tree.Ai" nodetype="snap.NodeData" spec="beast.util.ClusterTree">
#                <taxa dataType="integerdata" id="snap.Ai" spec="snap.Data">
#                    <taxonset id="SthBarrington" spec="beast.evolution.alignment.TaxonSet">
#                        <taxon id="SthBarrington_BT10a1" spec="beast.evolution.alignment.Taxon"/>
#                        <taxon id="SthBarrington_BT8a1" spec="beast.evolution.alignment.Taxon"/>
#                        <taxon id="SthBarrington_BT9c1" spec="beast.evolution.alignment.Taxon"/>
#                    </taxonset>
#                    <taxonset id="MtWilson" spec="beast.evolution.alignment.TaxonSet">
#                        <taxon id="MtWilson_MW12bm" spec="beast.evolution.alignment.Taxon"/>
#                        <taxon id="MtWilson_MW5bm" spec="beast.evolution.alignment.Taxon"/>
#                    </taxonset>
#                    <taxonset id="Termeil" spec="beast.evolution.alignment.TaxonSet">
#                        <taxon id="Termeil_Te3bf" spec="beast.evolution.alignment.Taxon"/>
#                        <taxon id="Termeil_Te3c1" spec="beast.evolution.alignment.Taxon"/>
#                    </taxonset>
#                    <taxonset id="Broadwater" spec="beast.evolution.alignment.TaxonSet">
#                        <taxon id="Broadwater_BW10af" spec="beast.evolution.alignment.Taxon"/>
#                        <taxon id="Broadwater_BW19cf" spec="beast.evolution.alignment.Taxon"/>
#                        <taxon id="Broadwater_BW31am" spec="beast.evolution.alignment.Taxon"/>
#                    </taxonset>
#                    <taxonset id="Kerewong" spec="beast.evolution.alignment.TaxonSet">
#                        <taxon id="Kerewong_Ke18dm" spec="beast.evolution.alignment.Taxon"/>
#                        <taxon id="Kerewong_Ke21b1" spec="beast.evolution.alignment.Taxon"/>
#                    </taxonset>
#                    <taxonset id="Dampier" spec="beast.evolution.alignment.TaxonSet">
#                        <taxon id="Dampier_Da11a2" spec="beast.evolution.alignment.Taxon"/>
#                        <taxon id="Dampier_Da19a1" spec="beast.evolution.alignment.Taxon"/>
#                    </taxonset>
#                    <taxonset id="MaresForest" spec="beast.evolution.alignment.TaxonSet">
#                        <taxon id="MaresForest_MF13a1" spec="beast.evolution.alignment.Taxon"/>
#                        <taxon id="MaresForest_MF17am" spec="beast.evolution.alignment.Taxon"/>
#                    </taxonset>
#                    <taxonset id="Olney" spec="beast.evolution.alignment.TaxonSet">
#                        <taxon id="Olney_Ol20bm" spec="beast.evolution.alignment.Taxon"/>
#                        <taxon id="Olney_Ol4bm" spec="beast.evolution.alignment.Taxon"/>
#                    </taxonset>
#                    <taxonset id="NthBarrington" spec="beast.evolution.alignment.TaxonSet">
#                        <taxon id="NthBarrington_BT4a2" spec="beast.evolution.alignment.Taxon"/>
#                        <taxon id="NthBarrington_BT6a1" spec="beast.evolution.alignment.Taxon"/>
#                    </taxonset>
#                    <taxonset id="Cumberland" spec="beast.evolution.alignment.TaxonSet">
#                        <taxon id="Cumberland_Cu12a1" spec="beast.evolution.alignment.Taxon"/>
#                        <taxon id="Cumberland_Cu6a1" spec="beast.evolution.alignment.Taxon"/>
#                    </taxonset>
#                    <taxonset id="Dorrigo" spec="beast.evolution.alignment.TaxonSet">
#                        <taxon id="Dorrigo_Do2c2" spec="beast.evolution.alignment.Taxon"/>
#                        <taxon id="Dorrigo_Do5bm" spec="beast.evolution.alignment.Taxon"/>
#                    </taxonset>
#                </taxa>
#                <parameter id="RealParameter.0" lower="0.0" name="clock.rate" spec="beast.core.parameter.RealParameter" upper="0.0">1.0</parameter>
#            </tree>
#        </distribution>
#    </distribution>
#    <distribution id="likelihood" spec="beast.core.util.CompoundDistribution">
#        <distribution data="@snap.Ai" id="treeLikelihood.Ai" pattern="coalescenceRate" spec="snap.likelihood.SnAPTreeLikelihood" tree="@Tree.Ai">
#            <siteModel id="MutationSiteModel.Ai" spec="beast.evolution.sitemodel.SiteModel">
#                <parameter estimate="false" id="mutationRate" name="mutationRate" spec="beast.core.parameter.RealParameter">1.0</parameter>
#                <parameter estimate="false" id="shape" name="shape" spec="beast.core.parameter.RealParameter">2.0</parameter>
#                <parameter estimate="false" id="proportionInvariant" name="proportionInvariant" spec="beast.core.parameter.RealParameter">0.0</parameter>
#                <substModel coalescenceRate="@coalescenceRate" id="MutationModel" spec="snap.likelihood.SnapSubstitutionModel">
#                    <parameter estimate="false" id="u" lower="0.0" name="mutationRateU" spec="beast.core.parameter.RealParameter">1.7346278317152102</parameter>
#                    <parameter id="v" lower="0.0" name="mutationRateV" spec="beast.core.parameter.RealParameter">0.7024901703800787</parameter>
#                </substModel>
#            </siteModel>
#        </distribution>
#    </distribution>
#</input>
#
Sample	posterior	likelihood	prior	theta0	theta1	theta2	theta3	theta4	theta5	theta6	theta7	theta8	theta9	theta10	theta11	theta12	theta13	theta14	theta15	theta16	theta17	theta18	theta19	theta20	TreeHeightLogger
0	-2161.906072045047	-1132.4445073907357	-1029.4615646543114	0.1119483331308177	0.155654912903689	0.09764568665699765	0.11010614544694657	0.06610369278065555	0.10254739607671431	0.12251407568353674	0.12080452855193272	0.1216569638439233	0.05809933733290302	0.10498256493822644	0.0801647413183186	0.13797226600326765	0.08934281954161093	0.1193421647403334	0.12474297137249635	0.06902653802392913	0.14956957655524003	0.0863666124563933	0.13011846685975664	0.1201794576176571	0.13968502812505187
1000	-2154.9275116048443	-1120.4172984134539	-1034.5102131913904	0.11197775688025365	0.14069774147835065	0.06106042681900204	0.12174643356238672	0.17269365414188043	0.1179782676074466	0.0892037334572167	0.08782908001058265	0.20579316290124322	0.12024391503419463	0.07011921397080513	0.10135287897317961	0.08567817137231282	0.07805200709836385	0.12327655973053968	0.1044062476535566	0.13774799274606334	0.13387857805030703	0.1452312393706738	0.09388014389524117	0.09173073159753001	0.19319352191840264
2000	-2246.2852205243853	-1222.2444113529114	-1024.040809171474	0.08589081116921962	0.11571265079941322	0.1336885753206601	0.09633080600472844	0.1279656774739589	0.11339736502647997	0.0968128662592531	0.095663362101563	0.06769403626914805	0.07394183825075833	0.20672360673754384	0.13415103015524282	0.1112015626304937	0.09322111156216868	0.12361300990122213	0.12382743684755508	0.16854395275961023	0.13663563811758644	0.08881689874345496	0.10778617801414521	0.08390943579621013	0.08912938600998702
3000	-2126.636457383415	-1091.0254871381728	-1035.610970245242	0.09326577353390726	0.11438962151945388	0.12226310677567422	0.13593103016875038	0.12439230061360292	0.1398913924570169	0.06655678620715691	0.07128989689880956	0.0806504593130534	0.09802065274893218	0.19283057782622318	0.06583341966325931	0.12709431710523003	0.10028686267746696	0.10259145233071376	0.09708350187853643	0.1138038115978977	0.11729658628297883	0.16728255696290772	0.13011634994569818	0.10293541747021576	0.2970494816452545
4000	-2166.873035621665	-1133.1581868027943	-1033.714848818871	0.10059653930294513	0.09169877114005812	0.10281480803656341	0.13040424620382876	0.1092046717314143	0.08817295375268272	0.10370154463037541	0.08145320553570057	0.15322884733404596	0.13970326841510464	0.06962817143796847	0.05985966788095881	0.049737836811407005	0.12825617800490194	0.11793138074745114	0.16621625874156182	0.11252358481234409	0.13644628000470185	0.11590344908666966	0.09537118392760782	0.13675654892726227	0.21188879973180627
5000	-2151.4653452449375	-1115.1877541918652	-1036.2775910530725	0.12481196578517424	0.1323986549051712	0.094785523707093	0.08721346459871172	0.1154634503740918	0.11216664785541695	0.08346303859244925	0.10513012668586832	0.09161324968023059	0.11151346860553726	0.07733445697653242	0.09593379557954626	0.1253974059257262	0.05986962260400682	0.06105752461599722	0.11126842845334901	0.07040181078207507	0.18688994826615576	0.08879917215507449	0.11523877455077346	0.09192173814756248	0.21232299260196844
6000	-2112.241602273595	-1064.960573906582	-1047.2810283670133	0.10898344806640935	0.13515074877508038	0.14013578108858402	0.04305174841637324	0.18077007990872423	0.075316871220469	0.05740648810562532	0.06659234232626841	0.08616195378717628	0.10151077798571238	0.12180470238194914	0.0976111025180181	0.16809009748666195	0.061064553598183184	0.07359618367151818	0.052808202569425505	0.21178528750261563	0.09952602988440534	0.09727419266140343	0.08529229454348268	0.10098223074942303	0.21045068360735558
7000	-2208.870775159764	-1169.4168982781007	-1039.4538768816635	0.12389235831235693	0.07049786653135101	0.109130505079003	0.1403612564956065	0.09992045815184879	0.1466256218978206	0.07602443917274802	0.09729801850554694	0.08853128537672103	0.10537887078626149	0.09436256598467882	0.07845328630001454	0.11858031184943676	0.13620520577539352	0.09600204228334218	0.10780370708266818	0.162692381640785	0.09856873680077217	0.1730335534161041	0.07432077711564795	0.09810282848884071	0.26651100624185703
8000	-2117.52412001202	-1083.3734522685188	-1034.150667743501	0.0646714119495017	0.08912593176001407	0.0962128374044813	0.14125487815551052	0.12865108130936562	0.14672152755699705	0.12089081222379933	0.14071723280532633	0.10492105825437806	0.07576474461853712	0.1212947949482702	0.06405498709576934	0.11567271142117364	0.0574491420678593	0.11989842264795235	0.10726875421145843	0.04570322532417648	0.12148434744744584	0.08629002123221008	0.07777815899298918	0.0904724743216764	0.1555974719472224
9000	-2072.2241180580704	-1029.6945359179547	-1042.5295821401155	0.0651812658863138	0.1447341441103252	0.1598221899340049	0.0725921589036605	0.10019761086109912	0.16201979764101662	0.11931705113309561	0.06865885056397034	0.09852925498613828	0.08707875295355971	0.11213976017341373	0.0889506174095084	0.0931306704383207	0.060810954829616265	0.10784169533161292	0.041539470284129326	0.12845429207113482	0.13268242386771478	0.08453012392252261	0.12838553894749188	0.08516791108241743	0.29384325942048306
10000	-2121.6499597956	-1085.0862184665866	-1036.563741329013	0.0870262356368122	0.12902660561761983	0.0780768490626578	0.11942447986496912	0.1057437244879198	0.11945911952544543	0.09972783886010793	0.07890571006915276	0.0772603028287527	0.0645285974660768	0.0888398499156928	0.06626514083824024	0.11449530850297289	0.08991126851502686	0.10087706975835112	0.09216419756577386	0.0732174383934377	0.16632055893453487	0.1406796438098172	0.059753496165032526	0.12353906269920173	0.24269547142726047
11000	-2102.7034050874263	-1067.632631318738	-1035.070773768688	0.09228934427342411	0.15241569708931083	0.13056209849805614	0.10846006344471038	0.15959366286601492	0.0732825242237157	0.12640039811703901	0.09079139559915961	0.047386612246979966	0.10645858061327713	0.10062952112493087	0.14318652097563545	0.10732540873902476	0.06670183476238689	0.1418117811735576	0.13353970502013993	0.13028485369759388	0.10379942629764587	0.13543111661232518	0.0862725425288023	0.06475025041811516	0.25049815850228974
12000	-2114.3126236645867	-1075.3251291419256	-1038.987494522661	0.10700512497687262	0.141299782836998	0.053474139049760436	0.11567372134791223	0.07991186749978933	0.08222468494280648	0.12838596865845178	0.08140392026846757	0.11683895824616419	0.10017261471671542	0.11317801950478723	0.08289644853125618	0.10492309583724252	0.08143192880894223	0.10711058967678627	0.05934439417621253	0.06640443898227473	0.134672330027297	0.11553640823942429	0.1661223432969256	0.0938576865270752	0.355033721578914
13000	-2165.0858720953825	-1126.5130405115096	-1038.5728315838728	0.10209839140248095	0.12214563066601665	0.10332524190595477	0.0729842485616819	0.07854287667851499	0.06623262794468501	0.09823268448653477	0.16227023761557458	0.10375364949703565	0.10868280924623101	0.17504513429341448	0.11396443146856428	0.12728166826538712	0.08697859667166029	0.11952200358144603	0.07427030357631094	0.120168016610301	0.10580964780923495	0.0674086068359233	0.2199845118753919	0.05337826283220129	0.18845876157665786
14000	-2131.6033977758884	-1094.304650075441	-1037.2987477004474	0.09667320801235064	0.1373873007518789	0.09925364178418945	0.12402485998781546	0.09246932546704985	0.08803564454241618	0.1334368897010968	0.12795495783466979	0.11593353745391376	0.13695964204935507	0.12831220474891325	0.10382283250458299	0.2172646805059205	0.07016353071804499	0.1256512514898791	0.10411046162339571	0.09523165898633018	0.10574261400840342	0.09720730217653308	0.13913144718180318	0.1062554686130872	0.47171168627594584
15000	-2121.3144488630783	-1083.4372737102985	-1037.8771751527797	0.08264125768596521	0.05783814625163825	0.11925398429878052	0.08488662631367098	0.07850156152185049	0.07604778210350659	0.0831869094742139	0.1127391984442898	0.10125888158643616	0.15114447384905574	0.09089089643449212	0.15101598500183627	0.12259758264556224	0.07129961682102204	0.12300655491602618	0.0807746804360053	0.05462968435290199	0.07685510232931408	0.09105855541221937	0.09060597780861829	0.0997244216597989	0.22155829874112032
16000	-2126.0135745728953	-1090.919590726814	-1035.0939838460813	0.05640353913956412	0.10836078852120498	0.1664789378852492	0.07851096345261323	0.11934726904958226	0.16175073606395834	0.10689736938026022	0.08000813383028246	0.07153367665261709	0.1512313301820011	0.10961583873545686	0.14371009229694703	0.08022579983293286	0.07350380862025983	0.05712430857787419	0.12388360500310695	0.054316318659401654	0.08561201692507912	0.10000765712373298	0.11600172284890817	0.16680362867538426	0.11870861167090567
17000	-2116.10029163888	-1089.9246635582151	-1026.175628080665	0.08997548979342006	0.1618422430322873	0.11929115698279287	0.08922897901547193	0.10744958118502385	0.08817843290436322	0.09871515450842193	0.1215989039495688	0.10106363465892028	0.09912849003191002	0.14476268932352043	0.08801399294836097	0.1086155323955792	0.11114950987383272	0.07451739768075889	0.14495786616216227	0.08175502037258243	0.14370791386576665	0.12870849251396557	0.09498219015509624	0.14865837396961296	0.18188831891311807
18000	-2131.4357813691245	-1090.2010323671796	-1041.234749001945	0.11236285404159621	0.10698070501446524	0.08338682861577754	0.09656871767783791	0.12640140253571266	0.13577619017293788	0.0730066269079911	0.1213189649068562	0.12132134399866723	0.16291489294456202	0.13721191831799773	0.06403335321000769	0.08173570140626289	0.1023165078519189	0.13123219142779824	0.12719151278608415	0.05432611863271874	0.07373258239491583	0.08824319744094203	0.14428327268911953	0.08977881169818473	0.40262007166431285
19000	-2091.6702046858572	-1058.9029739286823	-1032.767230757175	0.1299349094025453	0.08358892262146322	0.08664052090751452	0.1503000092143211	0.06815475682850203	0.11026883846882633	0.07593761400881993	0.12221984095256822	0.11441928481412604	0.07819869020310219	0.09873258000856655	0.11023595079452761	0.06025834584382845	0.11199148114167491	0.10014689610923061	0.1059166891622916	0.08584802094869816	0.12542995866602885	0.09822501753154377	0.11490460568653849	0.1620007127284679	0.2500365366075336
20000	-2130.8260521756433	-1091.310352871687	-1039.5156993039564	0.08848368650011988	0.08096633097471675	0.08375205542879928	0.08756443795937087	0.10606277250077954	0.1729106609889946	0.11264901215285697	0.11770011435252979	0.15932671703708828	0.09540351875555887	0.08205389680785956	0.1065633209682491	0.09869175239378881	0.07670993876820187	0.15870205000557708	0.08917133926580309	0.07765098996102998	0.13898557296192277	0.07558095415208176	0.05132358336784715	0.11290328080261015	0.3083811094159014
21000	-2148.764794012831	-1114.7444079448435	-1034.0203860679874	0.16249448102736755	0.06673858396056756	0.0707927800618958	0.06570552203944932	0.10609901429394887	0.12052527414767494	0.12588301571031701	0.10252133690107264	0.07389174730794817	0.1249252043472746	0.11173421156174926	0.15184986843733791	0.11347656649348645	0.07506625728349724	0.10456532066489256	0.08778687470750447	0.07341353793198058	0.10700635757652689	0.10690614340395435	0.1345754966735655	0.1270260514546308	0.19128087320089607
22000	-2201.5653575711176	-1172.8433514417127	-1028.7220061294047	0.115949374894412	0.10215982194486639	0.11414206327047181	0.11634458910924612	0.16454306983784003	0.18836020289326205	0.06000309883155387	0.14955533377389657	0.08889129772625916	0.17051697394609747	0.10873535793175285	0.11741152880737683	0.07293854449578194	0.07638525978197144	0.09844643248046799	0.1548343689826319	0.09418153597092906	0.1310395163226015	0.08929819179103986	0.0686126097920618	0.08913843071907476	0.1223276043155687
23000	-2108.9881629582114	-1076.1711699741977	-1032.816992984014	0.12069026196217941	0.09301750791498582	0.12721234685997573	0.07946921180934338	0.13098032807757223	0.09711369495701361	0.1892646016794001	0.06258704429867129	0.11570579848957888	0.08248273419656191	0.07241337390365166	0.13337883558288224	0.10037855198505248	0.09352929266845335	0.11654448113845704	0.05431696378756523	0.08837224350629552	0.12642739395170083	0.10200584060410768	0.16264819320974866	0.1427970190525536	0.1621994653587657
24000	-2126.0787855648023	-1090.5382146982865	-1035.5405708665155	0.11073500001059441	0.09198132221645863	0.1157596142363984	0.08552285173742	0.133877195843145	0.07525143795236104	0.15783103701310172	0.166485147088827	0.1375831910504908	0.0664475475438357	0.10406679999628597	0.08160232459047209	0.21452673763116661	0.1013026801170482	0.13075392248394413	0.1539969305630742	0.08856208538252403	0.12350899413523991	0.08399866756805872	0.15439363871153539	0.11010465625766984	0.1957389844442073
25000	-2100.9005351312367	-1058.6070236813557	-1042.293511449881	0.12646341683403226	0.07506445968485605	0.13583022405389591	0.05445815925492961	0.10300267274836035	0.09242272825435763	0.0701131016360522	0.08884920530744109	0.1217756914166889	0.08545742421837361	0.06340023135121865	0.09509342031109996	0.0997870039564229	0.08811539758702855	0.046865719741688516	0.07428723808837537	0.07196485771189341	0.13389933247012853	0.07552105320089961	0.13318257371125006	0.11224754511362106	0.26855989320121626
26000	-2141.3650442225994	-1103.8194303607663	-1037.545613861833	0.1475662332556809	0.15530134603606643	0.09530395696731767	0.06542236157280078	0.11358180072055904	0.07983016643168361	0.05674013244550984	0.08158844167326347	0.1258977347879698	0.24608604081672159	0.11317273601374903	0.08161172673399635	0.12485160190347805	0.060576034509793784	0.0768211299901583	0.12325234030778903	0.06713110371750379	0.13251590886812628	0.09517667278159453	0.09289108051460372	0.19685527551236817	0.12168697236126354
27000	-2119.203161713169	-1078.8335774689156	-1040.369584244253	0.08183914607973326	0.0603852004892826	0.07140389945978495	0.10830429422034828	0.15217013457600667	0.08993266264811757	0.1297405675992001	0.08953469850294805	0.08322992441742429	0.13314341926183637	0.13111889808144261	0.1516015957976068	0.09671997050452719	0.10406770346956531	0.07293345112743504	0.12658930288876805	0.11955299403528331	0.06615163087982374	0.18882502618267497	0.11745978016866096	0.16147362544878163	0.2896089931511933
28000	-2136.955317771602	-1087.0648190218349	-1049.8904987497672	0.07099382486612282	0.07363164336880884	0.09864370680366512	0.15756900499326482	0.09022811248263564	0.0960184916375597	0.07290745842871274	0.1680800568364587	0.16618199112059132	0.12042918142305213	0.16012539571172874	0.09691492099455	0.19246924012934746	0.06263048163284737	0.14052160991705656	0.10441752667271027	0.08161477318362041	0.06651250675220526	0.12050764195155332	0.14740516478181073	0.1162081522891063	0.4185276452898692
29000	-2145.5695558912303	-1121.419994925515	-1024.1495609657152	0.13156837715842296	0.16280847292588968	0.08622775006792964	0.08801329745039178	0.09448812587268551	0.09523939290390718	0.13734087107706985	0.11978693665969657	0.10777576070564868	0.18084389901921333	0.10198893830444172	0.09476500184639398	0.07857295115192461	0.12585328674488142	0.07687830936079593	0.1281128282709028	0.09174693486653672	0.12474267756821258	0.09310158518845181	0.07380698180109774	0.12180123467107175	0.11549614258383542
30000	-2082.513767902673	-1044.7581205996476	-1037.7556473030254	0.07872184583531494	0.12854855054664524	0.1165805405346086	0.07530118341445201	0.11687961156216504	0.08409466200156082	0.128662789782046	0.0807231654955719	0.08801422916242166	0.06859045431053636	0.10694469637484559	0.12497315630821534	0.04291275302260959	0.06922147383345986	0.081245230247878	0.07924694198893394	0.12850183416883684	0.07795033026800341	0.12048776829776105	0.08111606490123757	0.09241828417142925	0.19805912789813881
31000	-2092.47274054585	-1053.8301409071314	-1038.6425996387186	0.17097254452054023	0.1231904861685023	0.14750367979506018	0.04901069626736061	0.08465891737397904	0.10996315073435078	0.10546154503597364	0.14672674402828423	0.10683223027515676	0.08885559549341292	0.09087983674898369	0.1075324388191288	0.07011128695240444	0.12859544854325786	0.08642883209285752	0.1816625960464713	0.11608777001014221	0.08227110494947242	0.103223912404034	0.05916280343635655	0.18532981485045882	0.2693216222095639
32000	-2147.0136691457037	-1115.6912610704	-1031.3224080753039	0.12225487190047479	0.09351917078024685	0.12088556409619321	0.12095981565582296	0.10339085547246091	0.08456461706877964	0.134196136157556	0.06653455795387814	0.1314679851597289	0.10737553465629981	0.0750051002372611	0.08112488075720437	0.09239457332133501	0.0454623346834647	0.08077178859435226	0.057203912201923106	0.10805011858603217	0.09856263163818525	0.1175312250461169	0.10449701034712484	0.1148580591548764	0.12196396253882592
33000	-2127.119108449886	-1093.6173376445956	-1033.5017708052906	0.11815838554748238	0.09397129041086204	0.09331895191377446	0.0829097765756925	0.1235117808895347	0.13855082395575258	0.10483353155924952	0.1516516097402778	0.07676487027756537	0.10614898633792366	0.13929733283623896	0.1082502221848454	0.11006840025989194	0.10065327948293203	0.06818203788650376	0.09141491820894235	0.1106228580249508	0.06270137549367596	0.09238654411320182	0.116662929357875	0.06412042091198986	0.21402057637122016
34000	-2148.4356992942585	-1112.6981962369728	-1035.737503057286	0.16276023148013438	0.10122302812534573	0.11417943267470122	0.06161973510280043	0.1131552883061943	0.07599913321897632	0.07367542541799287	0.1351140339331432	0.2008105241593815	0.11067981634189028	0.17424445686801657	0.13131937265652419	0.07701975153324997	0.07673894755787652	0.07574542767657694	0.13531090745120422	0.07003161640731712	0.07969227440361679	0.12300728782188763	0.07759190910742213	0.15802606736003894	0.16006512257755104
35000	-2114.068639775342	-1082.2147415981656	-1031.8538981771765	0.08486075594455919	0.07354995635174211	0.13826060668150206	0.12250948700940864	0.08098726711342574	0.09739917841665514	0.0952898606091313	0.10917035957874352	0.1483627962985796	0.08190005127589442	0.09289696035352234	0.11449197069513321	0.08668501452310294	0.0776021153946664	0.15525976090530397	0.09732827356075267	0.05910949847090616	0.05971514648886095	0.09400881276572744	0.11105336553563094	0.09205171691275445	0.1461538323693979
36000	-2106.1002956319567	-1069.1393178862847	-1036.960977745672	0.0659310990859601	0.07032227524760849	0.0681537983391883	0.09113301614835079	0.08709589371761327	0.0994165611453976	0.0627934114583381	0.122587401570188	0.09869504468176965	0.12097978863657897	0.10768254152953656	0.16564691914734384	0.07221169959709291	0.07915365316073866	0.12220702494188561	0.1272601873666974	0.1094779638986587	0.12025361802053443	0.0850900065921209	0.0961774598387041	0.09940649288331363	0.2848116371520223
37000	-2147.5440928808957	-1097.020289921786	-1050.5238029591098	0.07595435779151065	0.07249912686018219	0.07102484129892077	0.10676258619221037	0.09766333045706287	0.04895505077156333	0.07183458665124777	0.05488931159217629	0.22030451986884098	0.1146772519338198	0.05469619697631906	0.06171622913451029	0.10635790654332228	0.14668543602340892	0.11099217324961294	0.09600581186985846	0.08585505324918602	0.11582777552824325	0.1752384810432069	0.06667364885457491	0.11255921518090986	0.2957084769852349
38000	-2232.662701785555	-1180.5866191284451	-1052.0760826571097	0.025135785289561178	0.11552967642561683	0.0767637862850954	0.11542636693926323	0.05137393452711337	0.16787416389388754	0.06234456452069602	0.13475631562510285	0.11615570319609722	0.16570875824599984	0.09651589192708772	0.09310119312907829	0.08291303990413006	0.04618937273804908	0.1413528068923269	0.06924189868624761	0.10924091785836015	0.12473056670999075	0.0871496239857718	0.09892174471272935	0.07142088007115117	0.24222093825659344
39000	-2229.3438576945878	-1187.8263141596674	-1041.5175435349204	0.08083670451047086	0.09651802333399603	0.11225494270944299	0.12801596995755346	0.10032711582569115	0.13636716941478857	0.12695850856621427	0.07998203459243924	0.12347757155698504	0.04364252778443209	0.09392013206307702	0.13716215557320988	0.12321271479442049	0.12308196595720816	0.08801685501192259	0.12328214698642254	0.04137497436815958	0.13547044748273387	0.1071549725259619	0.15376135522525738	0.18372686128869037	0.26318414344127294
40000	-2145.0549457738066	-1105.4369095103648	-1039.6180362634418	0.11854327167245807	0.19431187429532773	0.16248999801460562	0.04295543936325141	0.12042404412945902	0.10334666039597037	0.07088387420768122	0.09239816268498881	0.07631499955767704	0.1555233509398299	0.1144626716672058	0.10680640880596272	0.11559321639117437	0.04327959717640802	0.10381944575783807	0.1083773445331137	0.07310073006578166	0.15234029999512566	0.0854497431296178	0.14894191104856896	0.08753868835335565	0.17308260687301066
41000	-2132.586570876557	-1094.307874373906	-1038.278696502651	0.06120065845633439	0.055446813130661445	0.15185537219370204	0.088830600032576	0.14243820884005629	0.1047032904813909	0.14113310851433933	0.09075940179998516	0.09187541656992171	0.14343299135313298	0.10146497554796485	0.10359337577663938	0.06516214644101823	0.13431124077979142	0.05907427743388211	0.1276398839428727	0.06166568694330976	0.13423625496862096	0.10266557662784279	0.057302710313071686	0.0823925309055011	0.17249211641348755
42000	-2103.3948135811233	-1066.0015024315178	-1037.3933111496053	0.12500902363532948	0.06857701538350443	0.10625678338438534	0.11839731148401683	0.10804234489028267	0.11583117819427981	0.10406722264317256	0.09402568249244568	0.10583340327285454	0.045670566160473894	0.05822410771842109	0.1163194516620915	0.07776948115720722	0.117182261201416	0.050692918336681846	0.1788837004324064	0.09581435594573573	0.15534843653355782	0.08358039823927849	0.19420590778707267	0.11423063736814441	0.19161148829703342
43000	-2163.7450112327924	-1138.143165216008	-1025.6018460167847	0.11933295511211556	0.10717731775183756	0.08851852885007472	0.07969533198046261	0.1088720196990111	0.07129121221749732	0.1395864924425925	0.14440081625707804	0.11341374178450442	0.13732425282702004	0.13425750045176485	0.1311425023001341	0.1551152915487829	0.08680222677410153	0.11923113489782673	0.08651245679719012	0.06608918798228669	0.0589765887798717	0.12324642537061468	0.15331502630859442	0.07792431000577474	0.11075179779608779
44000	-2148.6156464264823	-1118.63954810559	-1029.9760983208926	0.127088725277885	0.11260671362819479	0.15381507299442515	0.056930933950375136	0.08343976689660035	0.13377252284828262	0.09538101917596911	0.14196856022335685	0.08428309071193253	0.08807977508740474	0.0557858676204844	0.12741335143528187	0.13129973138297893	0.10532974207494832	0.1606604711015875	0.0720394658875024	0.1151199806917737	0.10572313491026462	0.0876220251118532	0.0944920390360829	0.10291958604676038	0.1352689725791753
45000	-2137.568510154072	-1098.1414661716149	-1039.4270439824575	0.05077946749439235	0.11252345255687758	0.10391390946375859	0.04953270770608197	0.0776545544371197	0.09910347333698122	0.12838883288197997	0.09676655424092803	0.10717908607803812	0.0979387044490261	0.08895578222284149	0.07889050036549711	0.1836538217953957	0.08038528941012613	0.14603176568568826	0.104223986257664	0.07652253866173578	0.1502775816170529	0.14473880495007438	0.11773188007857162	0.10449450736666478	0.2428771193612072
46000	-2144.1036508876723	-1108.8869026023694	-1035.2167482853029	0.09132497393511897	0.12844580244495407	0.1342470781543193	0.12489708159174596	0.0940563467329595	0.17712944438096903	0.0969240952166882	0.1239309191481314	0.12494946752299481	0.05915650089395152	0.0900306497123053	0.06649974729646707	0.08142185149592138	0.07246153424826009	0.062286613689076634	0.109371765289857	0.10957197173649573	0.07543452673915842	0.1092588736891885	0.07246284976509147	0.22002798164548257	0.1326701117273349
47000	-2145.745444342737	-1116.5788680595606	-1029.166576283176	0.14671475112132537	0.10746185602670372	0.1273179464477171	0.1015974317588285	0.08748628313286394	0.08343695588419936	0.1419850359499679	0.11003148456133215	0.09533959972756104	0.08883073367702665	0.11976991042338096	0.07590701344333228	0.1499404396178863	0.09198464274013401	0.12353818571417768	0.12587403723987706	0.07841250881221126	0.130127227185831	0.13561051566445292	0.08426772953054354	0.09302586609766106	0.17764066741605194
48000	-2145.21242884961	-1106.108071423557	-1039.1043574260532	0.10674279892047746	0.09430775152809062	0.08283815681370785	0.09232486416585346	0.09543496105816546	0.10021988866512443	0.11087936842559427	0.1515380360553037	0.10693487280089733	0.05784244995614845	0.11573141973709523	0.12139836755916682	0.09787936547790321	0.09618856533592633	0.08199238547134798	0.06928521752245191	0.09937313706043585	0.0973522046530287	0.1664180263673714	0.11705306740100233	0.06073231414535605	0.28558292344653224
49000	-2123.916337694018	-1088.4457123357947	-1035.4706253582233	0.1287498349111215	0.09482172973052126	0.1370353615844151	0.15045294308515397	0.16363775745487683	0.1367135825243394	0.09750346126508125	0.09820555253246847	0.1306599972542695	0.08716557072510653	0.09920155488879656	0.10501461260657446	0.07817486436307287	0.09633077669018347	0.12970036737711912	0.07200887112349737	0.11362745212027799	0.08602107497615648	0.17252985514149055	0.062730286678196	0.14235402142602374	0.2517523650188247
50000	-2118.3544556322868	-1078.8797389753158	-1039.474716656971	0.10473335907722614	0.11124112993869202	0.073790003957457	0.09639166159323487	0.12836237844295798	0.13877880195942358	0.1417273073257589	0.07968497661201569	0.1178805561922943	0.10018141590713237	0.19080311595638608	0.07281717021546244	0.07875887690510379	0.0915281236665872	0.08545100562617258	0.09360098634420227	0.08656054115595142	0.10262783852294141	0.0956369391745748	0.08304204593064364	0.12418282113917745	0.3870249445655442
51000	-2102.395444508856	-1069.4370825020167	-1032.9583620068395	0.15802386080262454	0.13287792540089086	0.06069788987737963	0.07065789561743713	0.07686329909867737	0.08100565712731837	0.1202338771674471	0.10623066309510575	0.09890826444173939	0.10339666152698733	0.08773316441861193	0.13064432221920697	0.1092499351249079	0.06962703315408764	0.10222719742691158	0.11068431888800095	0.12713666223202416	0.1314990942023841	0.10039571080208637	0.07087662669386816	0.14897330320233562	0.20558953440976963
52000	-2161.979002181946	-1118.9453740974818	-1043.033628084464	0.09411292028074465	0.05987658542148933	0.0865539044407805	0.07773227383006863	0.1817573168833053	0.1222476047513531	0.13457041195918418	0.09405894401917006	0.09627509169644193	0.12511973862133163	0.06192322543954216	0.07961619661804473	0.07353442188067442	0.09882072853517167	0.12095360248335503	0.0833674637601673	0.12918121286843245	0.11581405788626052	0.1414433471475768	0.1208743747650438	0.10432533539102422	0.4130631845859253
53000	-2126.040867019892	-1086.9708936408686	-1039.0699733790238	0.08152220061147467	0.10670175728807219	0.08654480899628145	0.08130496953410804	0.18005688323387944	0.1450150035931643	0.10423063762177287	0.09675035242367805	0.04720746373829723	0.10490891949531221	0.088817215744429	0.10601323085664373	0.0787793368398858	0.055170871809269835	0.11414392659550503	0.15320443651685503	0.07229769915622804	0.12217402367645265	0.08880590431887798	0.07826763675337316	0.14734411293930358	0.1689537891349443
54000	-2121.911365221693	-1089.0085571269549	-1032.9028080947382	0.11578686246014544	0.1268197239062229	0.15049735429227296	0.11436676074861142	0.06904302984533288	0.12346906451683898	0.09257417132741398	0.1093415234740309	0.11967184424553569	0.0887846085799095	0.09875303760053561	0.16667166750685064	0.095234436787442	0.05769926319249783	0.09178667934863446	0.1270006674446694	0.14796888002586286	0.08810340452735803	0.09932411677424777	0.12690315673354607	0.10342726957759145	0.2733463710978988
55000	-2157.0298559445296	-1120.8502050114273	-1036.1796509331023	0.08686268705087269	0.10399243409497276	0.1783254700369252	0.07101940882976403	0.1192070996004006	0.1056020818186128	0.11789607658716633	0.062350781133326025	0.1287434093351047	0.0649597616768491	0.07507761841264572	0.12096119556198481	0.07355803080669167	0.11142257731802119	0.09313770283102193	0.12653477942863997	0.13151935971224982	0.12798074134228146	0.10120660234229813	0.12267582627434857	0.07757806019791251	0.23048858329936175
56000	-2107.1468442586256	-1072.4246726403533	-1034.7221716182723	0.057155681060775176	0.13225434151628382	0.08700103890128631	0.08676350428134852	0.12476711086584685	0.10814182111154945	0.07715588623598256	0.10925415504891069	0.06947997488314188	0.13853499653740386	0.12632364425654363	0.06882596533029928	0.11898849487544406	0.08373062205420916	0.12844650177168931	0.11545834972718094	0.0871418075553734	0.1545154593551864	0.10256944991096732	0.15578079661909086	0.11479789688882515	0.24462076548612544
57000	-2093.8583770481036	-1057.676184986355	-1036.1821920617488	0.10162220567187491	0.12829953411116415	0.08462831002445119	0.1035448043111704	0.06430256485085774	0.09815745305638883	0.11292600810236408	0.09776398240734745	0.11663465514040497	0.0868716997002952	0.1046245425262336	0.12493461937628396	0.1081655781952812	0.04788902308792644	0.11895801946577995	0.12392010258767316	0.08095915699066845	0.11899007010074138	0.11061402513905494	0.1401605112357379	0.08554595775606408	0.36624077565027296
58000	-2115.8597918144997	-1079.1501984487659	-1036.7095933657336	0.05929085335339055	0.11525935085117948	0.08783194917786646	0.13801337470488054	0.09348613222315735	0.16922377544193787	0.08171778306597603	0.09258791736565873	0.12363249791394434	0.06890653800242341	0.13715371062371542	0.14939730331159382	0.0756531758136425	0.09038774928081271	0.07444085100345797	0.10148937227441057	0.10648389973548686	0.10406473521248494	0.12200465470312412	0.09071270667205678	0.14430586419572927	0.28125389100411713
59000	-2173.1314699975396	-1139.5735053875983	-1033.5579646099413	0.07696478971043509	0.12855885934052447	0.07472044884498569	0.11751413351951542	0.12358997294875244	0.08465454142447092	0.07858546124073569	0.09890821928758728	0.12157470687084353	0.13967386165682066	0.10067257404492314	0.15360406612401792	0.09412665641004818	0.08841748826243723	0.056303036718786496	0.07781346223421202	0.08994259711936464	0.08522120349132001	0.09496625966807898	0.08825519827059511	0.09728621284920967	0.1662333040289907
60000	-2149.3667297804113	-1111.1499291561279	-1038.2168006242837	0.07260981469217295	0.0716777241839756	0.07319788106522668	0.12837010403224589	0.07916944368844885	0.15035516703663562	0.04332985189406743	0.11894489985055141	0.1374227870658519	0.13439892149801158	0.06951353184263794	0.1340762791172801	0.13253512481194296	0.07479844127947777	0.12622124464838427	0.1089761313277089	0.10924078716549553	0.06625744595950644	0.21469428074267302	0.11858473801702564	0.09811229132100563	0.11933244789489499
61000	-2109.041661290186	-1080.1586860495338	-1028.882975240652	0.14527460748505844	0.18213668511980463	0.17803548068406702	0.09751294975259668	0.10160729215776786	0.12819057856727673	0.1222355891026844	0.11547682435500319	0.13447607132116604	0.0999054210547023	0.10380703924424248	0.07540333485089869	0.09366913176170467	0.11298211320680075	0.11158572056216136	0.09657330189240206	0.06297975568920276	0.10052429179821229	0.11228727928121376	0.13985857186810044	0.12664422194328964	0.15956705119195652
62000	-2125.137476094823	-1082.6962851774301	-1042.441190917393	0.10981823406388729	0.10459634787484881	0.09314987254181445	0.11697128968676505	0.13199634571470492	0.1175433987325065	0.12661742223483263	0.10129921955227285	0.06707042955198059	0.08988783576443107	0.07735020664445012	0.07884815245911653	0.1114890082730363	0.12032060915061699	0.0900915139177362	0.13197596065051373	0.07244874411220661	0.1465626752952169	0.10114422865726687	0.0323310358119675	0.11392952392636173	0.33936732244337997
63000	-2100.982673428337	-1065.656064793079	-1035.3266086352578	0.09177998470877244	0.16754712397373317	0.10983674822036538	0.06212988348263674	0.12069165646768584	0.16668656696318038	0.14884162193712572	0.11349689319412613	0.07647798255574383	0.08624413630086993	0.13430251956700973	0.0806216039605989	0.12355513182365443	0.10920546748574181	0.09126225259503087	0.1406893481133209	0.1088528424900012	0.12141185711697247	0.1016153887402002	0.09164292456091336	0.09641411273450087	0.32328654745283564
64000	-2133.4223085753274	-1097.0957807511786	-1036.3265278241486	0.06673217390115771	0.1148475340357463	0.05772259482334433	0.11423776710660728	0.11397003246237557	0.1382180860325905	0.09606483947860202	0.15819176452852607	0.1116778381529725	0.06745591454534768	0.14046688084576137	0.06905625132207426	0.1293937203312714	0.07254072038376363	0.08548515730630263	0.10748430812228843	0.0436261483997535	0.14064635931066805	0.11807762125810602	0.08550039483286503	0.06927297034995472	0.127611503610598
65000	-2127.1895223009105	-1088.310879845964	-1038.8786424549467	0.09910452063659435	0.14816049984281926	0.19375131800044307	0.07179773077219669	0.08956104359344294	0.2182726308434145	0.15280642346223328	0.1687041506087049	0.0945118281987952	0.05902570521284812	0.11967315964602038	0.08510672677497529	0.15905539544903954	0.07876548633651435	0.10455241118885368	0.11977142155050768	0.12407733208421867	0.1103105622574865	0.11043528120454064	0.11453487877340048	0.08511905143614382	0.29405757723497905
66000	-2147.3993818908903	-1109.366695307425	-1038.0326865834652	0.05086263115878818	0.07256454353922175	0.11324780141613482	0.10467004756591444	0.09294317598823346	0.10141180332505181	0.12065709335766456	0.08404375342298391	0.133203660020861	0.05730642958281488	0.08181778282663889	0.14351846808546814	0.1240486686449323	0.09897533484615681	0.13505431948655483	0.1266011314645816	0.09467721822666304	0.13555658352935707	0.1279068962210144	0.0873841269267255	0.19007235079103987	0.18116369358253914
67000	-2176.255860583952	-1138.562097153307	-1037.693763430645	0.21558489626853652	0.1138917011422596	0.12004724608631229	0.09745693900937931	0.11822857431349985	0.11257394813260754	0.12395015185855299	0.09293183952632118	0.06989392918145985	0.05044369076567906	0.06793761968229871	0.11276953518469775	0.06386101984249733	0.12575352249942695	0.12997011894956173	0.11967758388252726	0.1510044669639748	0.12517482751745654	0.06777401040773083	0.1039691891190446	0.14341605454931436	0.15407545893540484
68000	-2086.5969088023144	-1057.4295242894036	-1029.1673845129108	0.11736830818046834	0.16323113940652798	0.08080776413596932	0.10189577154629095	0.06955954579609776	0.07353019818953835	0.10137722765076315	0.08526868562395297	0.08688414397174052	0.08841698955310923	0.08733605224445476	0.12688562945383502	0.11485461771872166	0.07427877254305579	0.08896861835970642	0.11379456747868617	0.09708590711960212	0.16759200341217143	0.11475434725591083	0.0965669786183307	0.14132846195057583	0.15686607872484384
69000	-2162.3750692854746	-1123.2206061673573	-1039.154463118117	0.13397611913154256	0.06535355589913085	0.13100947618689182	0.1842175344472398	0.11517398418134736	0.08026343662522568	0.09782554736333152	0.07096733269431976	0.09723320772486373	0.06733715493743415	0.0995971628370503	0.12675320837650217	0.10775693324610028	0.07919232730880615	0.1461550240056267	0.0977708983415529	0.15217018617562253	0.09068015982792275	0.06380193377134323	0.17806526519932497	0.16830486228525024	0.3435599744744433
70000	-2095.1924497615983	-1061.0867018789743	-1034.105747882624	0.0834110281180956	0.1458257900163693	0.10775012624941678	0.052629268244459945	0.08209835297083927	0.1114863163826381	0.11222433128216339	0.09513518028813006	0.1411633607017389	0.06525577294500122	0.134720478638754	0.1592874165189397	0.11318414328886525	0.04669345380155574	0.09381510087768331	0.1385632623667989	0.13172148407970938	0.14761743472654587	0.09116874093651901	0.09682119176927498	0.10173416720511907	0.2612756076749025
71000	-2076.7868985980413	-1037.4927618636507	-1039.2941367343906	0.11502953329032482	0.12493890926067867	0.09090042958053068	0.08896891833884735	0.0868046567387601	0.08832972110181216	0.09644440696857949	0.12668209241837253	0.14886727510946948	0.07470269162593288	0.05933560264839092	0.059889364038785545	0.07874005403189735	0.10479366673207276	0.1185638043070351	0.06993766461125646	0.1194910866870658	0.09819146046921966	0.10528042957657008	0.07540066687397681	0.06825427587723924	0.4052048974339366
72000	-2095.503912574387	-1053.9911379583946	-1041.5127746159922	0.19437723609038537	0.1385149719197761	0.12695438014479057	0.09127847057114052	0.11682851952343222	0.1252804479351536	0.11053292922436332	0.05721082261848816	0.1854179768555976	0.18798476001032743	0.06767342115026648	0.11183042839191079	0.08312729662838894	0.13678427986501318	0.09984372922916375	0.10122008181585927	0.06692577696255461	0.14178634614988303	0.08269004940437445	0.08996026032554351	0.12965990536667787	0.34498405387245035
73000	-2078.287771623839	-1039.2738732999594	-1039.0138983238796	0.0696024354207156	0.09693997667161448	0.06586773511594338	0.07529798577861033	0.15068432541785598	0.08658454631446008	0.04623545366843093	0.07508683899674241	0.09492598864372101	0.14339090688680295	0.09206466054545122	0.06034533318297717	0.05677852066724458	0.09798165293125198	0.11817695178660649	0.12038360792893492	0.10600421630713273	0.10759463100878665	0.11687734255241548	0.1535721100312962	0.11722223319088464	0.22456122780917076
74000	-2136.8016708114737	-1103.0653082243377	-1033.7363625871362	0.10799579573109254	0.11126141767165589	0.12441448379608505	0.1592095865106304	0.07523920544925315	0.09804310316128849	0.09932419494857218	0.12661151771049803	0.09746715258719249	0.12357350277213658	0.1300933674895705	0.11780320309378843	0.13112131497336027	0.10753321138613155	0.05166239535434106	0.08991109732147878	0.1217593677942192	0.09529429323989837	0.08837013845426392	0.1245879882830784	0.07565284769488544	0.25431322772325293
75000	-2128.3550110676188	-1092.847018739947	-1035.5079923276714	0.09630005320482257	0.06897452080158296	0.11504755743040163	0.08903608495169936	0.13516231726653827	0.12804080631955236	0.10302429587016897	0.13555856547462689	0.07173183263122052	0.08711226617357712	0.10931132138146799	0.12067070261466939	0.137119890441422	0.05977587406612031	0.1035322527442391	0.07351724295887781	0.07359930608688306	0.09554184818245935	0.10173081763807784	0.0947785915827102	0.16600580831198633	0.25041136567728733
76000	-2125.4832660503985	-1092.260756540534	-1033.2225095098645	0.1266778379580966	0.11725627935129038	0.07972634144822889	0.11822692961149701	0.08227568816416711	0.08681478018329668	0.06410494444068207	0.11895812617122249	0.12135448010229848	0.1066605580719208	0.07386647477710644	0.0975532192302109	0.15244413008827348	0.07115783401955535	0.12223792473517597	0.12140088778544682	0.06370724841664202	0.12377042370244835	0.12271524124001171	0.09674778873364437	0.1203124163301804	0.22125800926779898
77000	-2110.791889788235	-1069.9492370194162	-1040.8426527688189	0.08262549335502899	0.15652509421282385	0.12506806420628172	0.0604606145762696	0.10934053440339372	0.08236428417642876	0.049818112528591946	0.07131681007291639	0.09578984118023272	0.0763855567301327	0.08633454178160875	0.058597629499489365	0.12165940076506503	0.06464411010150599	0.09620455606881727	0.1566030651193503	0.09085473943982024	0.07190853820790688	0.15249817817143219	0.043675137491605016	0.12592216192181466	0.14767888124856582
78000	-2166.3063842119914	-1134.3912348571375	-1031.9151493548538	0.07879854713246243	0.0748726750477716	0.07333389210194297	0.07874002189324292	0.15250509688618064	0.12660873282366047	0.11873433332255558	0.07967657620482002	0.07395466576656823	0.092966191003121	0.136771052668849	0.08131724769943685	0.08142724151609243	0.0929137136555046	0.07829396799713295	0.09266343119934209	0.09264747784596065	0.1071829696075644	0.08371501783498182	0.06280362639480074	0.08982035534242681	0.15480342383964493
79000	-2139.0849533287555	-1099.355994128885	-1039.7289591998704	0.06032225438636617	0.1197147795338896	0.05377510718359911	0.09613689656274703	0.08425324096416166	0.14375858291692106	0.0876410660061382	0.08112668761416204	0.07127098268639767	0.10523386850475915	0.11780936589506132	0.09367221170794504	0.15942592300155656	0.0829610393251476	0.07435642989076542	0.11549444481229437	0.11814976398570358	0.10620197520825847	0.06767583194140506	0.10939838777419729	0.1112970217302711	0.2563848566348971
80000	-2157.5745684914973	-1126.2538660566686	-1031.3207024348285	0.12166978021754374	0.0769550581571159	0.059820982298217786	0.05901545462643381	0.06484250568707305	0.10242713485301816	0.10923923484645	0.0959572511421285	0.07173435539460495	0.12868906339632535	0.1335721368350268	0.13949216887143218	0.11163782117432496	0.1053125134998212	0.12823028911259973	0.1195809290620999	0.12522098878688878	0.09171797385672388	0.06313748284319384	0.094321937299307	0.08257555682185458	0.13786019542962866
81000	-2141.0005416003596	-1106.98693406426	-1034.0136075360997	0.05771013433005157	0.10589576150616929	0.07649141198412755	0.08379234579099146	0.10132171659352196	0.06367977627076306	0.06162278631705768	0.12642502060804545	0.06515859857808731	0.13423740036095907	0.096479047324601	0.11545558856931289	0.08303075914153447	0.07145939078736518	0.08390582095394387	0.12584403154045995	0.11392261353064088	0.04894032965693708	0.11493881609867274	0.10605549656451992	0.07596693728356274	0.09512261859733137
82000	-2105.5607379740627	-1074.141119428228	-1031.4196185458347	0.1405021563429059	0.13009688839795866	0.13504162577804005	0.13526512956223866	0.07544088417867263	0.10951830260825203	0.08953230036727795	0.1344243129620554	0.08703544895630715	0.06240381245544854	0.0938236932454348	0.10606283065223332	0.08270486942165255	0.0650548144010519	0.10330304891117327	0.08942185994110163	0.08167272100619682	0.11409553296181436	0.07969192763523344	0.08372753540881049	0.13688465634515365	0.16117317783371596
83000	-2140.4854797964103	-1102.396391291695	-1038.0890885047154	0.1248785908549826	0.11179011408047614	0.16470325767495037	0.05614579216025272	0.07961579642383208	0.1459556623414461	0.12175084477218193	0.07591451347504548	0.1268107974375943	0.07519387240841391	0.10484727859132802	0.0975243439662426	0.11595143754652842	0.14778029341277005	0.1822928061234269	0.06319031041655303	0.112713891873826	0.1002659021226632	0.10921117225261022	0.10290859097759071	0.10556319558387955	0.3364191413315674
84000	-2069.264997399996	-1033.7800766234145	-1035.4849207765812	0.07113697177783224	0.1050905713823739	0.08958880204352995	0.04492327417144094	0.08115891571433344	0.08048679678060526	0.10184355842072693	0.09550153214035875	0.10694031840833616	0.10333824780987479	0.06964667281305441	0.10763383024624097	0.09041950489347451	0.08176407906319354	0.15284524455924905	0.0827490079546493	0.08233426244204689	0.11895609316744132	0.14080311271476617	0.08280802956689297	0.08530329971814139	0.2393316283379486
85000	-2141.235572400404	-1112.3534929779719	-1028.8820794224323	0.12229142661919265	0.07869909218479644	0.1223323135804034	0.11203384367809559	0.0845146897194572	0.1341881542183337	0.1117469337323404	0.12484689683998759	0.11562039563142533	0.08350163984661847	0.135510469495906	0.1393049309395859	0.043249435128715166	0.08849789275028717	0.09698750964827778	0.0967015149776476	0.13633313446347803	0.08098774069296517	0.147588716118944	0.09296993424660742	0.15375897035831015	0.1501884484271022
86000	-2131.7426838764713	-1100.446318872123	-1031.2963650043484	0.09413546672540707	0.049595284736076974	0.19902191263015753	0.08071020973486027	0.05055001024281916	0.11927826117805129	0.09282575738710283	0.09174136465924264	0.08635911337740047	0.19159294521499864	0.09663825739184428	0.1338152968039122	0.11192697324988093	0.09510117386688317	0.10855329456220739	0.0851639748079347	0.11548541565142785	0.09285896219349361	0.1210832689600841	0.11865067884341025	0.1501243332297171	0.14526100450023058
87000	-2138.869282501447	-1103.4976748494737	-1035.371607651973	0.08063262271411394	0.15790656078229653	0.08670850074635097	0.07031346942343321	0.13437891067705188	0.09788997974106423	0.1357051647945796	0.11973496212979352	0.10100177875514299	0.1088793419975326	0.09412667252576666	0.11880819209336477	0.09270701830920484	0.08345105349799316	0.12783560535350075	0.1434056427839912	0.09284644632333475	0.09426271053935713	0.15377147793473217	0.0467486491820864	0.11241168890045772	0.30517536872179546
88000	-2185.818674184519	-1145.7595969764795	-1040.0590772080393	0.0813911705703933	0.09931211005176839	0.061782775820101866	0.1151447697704904	0.04633912481914531	0.07179099303051747	0.1484338373206069	0.11833331807454976	0.07886385232401791	0.09704504821140914	0.08020497421976158	0.10546416881726331	0.17459900580506935	0.07036685262523855	0.12019207882381491	0.1042584394279789	0.07813196480948008	0.1073179184941782	0.10253160958849479	0.07703303733773414	0.09139648803316468	0.2595983261495214
89000	-2102.365405418741	-1071.9161784966127	-1030.4492269221282	0.14988291893150055	0.08292405289138538	0.13013079860469226	0.1008986172819892	0.06598635761225297	0.11608046128988449	0.1350460342098174	0.12452271947452846	0.09437544012272549	0.1646937161517691	0.1288298924570927	0.09502187942862486	0.08914700488630645	0.08259576595728438	0.112046483100347	0.15561158945517178	0.12633794228530681	0.1078277681805493	0.1366511965207293	0.11667845138474445	0.09429150074114283	0.25402710458562866
90000	-2094.096028164755	-1064.709765238119	-1029.386262926636	0.1313632915892485	0.08658033124212858	0.07859272970747029	0.11727069621414862	0.14313390270967438	0.10319850300805318	0.08933818767457992	0.09255639326769088	0.09932585710676829	0.13532005382914897	0.13452500014146385	0.09083512191674897	0.11294275601453216	0.06847060042507092	0.13245637304518282	0.12742142155351885	0.16209979214584122	0.15218780284053285	0.06833603561211753	0.10162871382261603	0.11290452795360854	0.20059606997815518
91000	-2149.0538798342805	-1098.2598364050907	-1050.7940434291897	0.10497868159587924	0.061171256410267556	0.12764273323101696	0.07213253601186691	0.057093415584669516	0.14965039459623078	0.06423185991558422	0.10060142296285754	0.13424028668127957	0.09661603315992454	0.11932897572043366	0.07906750589484958	0.06443733480947927	0.13841976319132157	0.09549955469528823	0.07921860670369346	0.08734788240154892	0.05801446915620456	0.1070672814075133	0.09151993415049992	0.09429032013919968	0.787501328062264
92000	-2142.825345926121	-1107.1790076234247	-1035.6463383026962	0.09746305168076905	0.12499993140090095	0.13807858692201574	0.07707993412653433	0.09437204914410971	0.0805505529848783	0.07385672308047733	0.11924470612068432	0.11985459330396876	0.10234063104546742	0.1408645339970337	0.11944014228394756	0.13362410043524972	0.06645257382905786	0.11443805486471749	0.06498785259994767	0.08891829396368005	0.06393252367828149	0.1334906104648752	0.10131027295131373	0.09310367776468938	0.3138774102281374
93000	-2153.6486597796165	-1120.4032474339683	-1033.245412345648	0.1163635710155263	0.07330795408232418	0.1117783929320413	0.12784793766682287	0.10281564077845645	0.14527970524899006	0.08322307811446072	0.10845026140096953	0.12480345327663221	0.12394329093247881	0.11005677484421202	0.13885217361331717	0.16560833352058293	0.08591147376831043	0.10337223049512512	0.06925740360751777	0.13247629276333028	0.09179651859686855	0.11247131840250899	0.08729430846092398	0.14671479098437032	0.28434136960361706
94000	-2185.9818377502443	-1148.3735955845832	-1037.608242165661	0.06679819212194303	0.10578403327352855	0.07874745793582198	0.06951660640625056	0.15131796999307093	0.1053194698903132	0.08971400376704004	0.1591324343206611	0.10348897936967914	0.11045762817379	0.1547361435467132	0.13785858366827553	0.08403048320626497	0.10933950124217866	0.161227430505588	0.10812794100871827	0.12459312852835677	0.1115815840010933	0.09631336541035514	0.1426520685843845	0.1294214908762692	0.21746283310520248
95000	-2143.740603381503	-1098.7214767884475	-1045.0191265930557	0.05115088017811084	0.08157464518657347	0.09193936435712288	0.14708652119599108	0.09356534808246766	0.08691372229015834	0.07978992102657857	0.08680893495536895	0.09932416583852867	0.11056029596646785	0.05060955721596988	0.22905115296920758	0.049603080518695934	0.06196665692620316	0.056433012184387094	0.11878398765077791	0.11866431562194402	0.14088037447782956	0.09649025449468805	0.059225982363895355	0.12870353390013292	0.12650569127494363
96000	-2163.324358307711	-1128.0091011385807	-1035.31525716913	0.08175779458369545	0.11948885311974314	0.11735329707926631	0.10500219348740078	0.11029176781886098	0.13258959168651424	0.09512739867540006	0.07426837322031826	0.08578198008300016	0.13428712848376628	0.1386272860189674	0.07504415799035673	0.11452807582097657	0.06394937837070956	0.0919232738578248	0.055194871017090544	0.0799868912938653	0.08660765896636871	0.07995403539255493	0.044859321152601335	0.08144944835566684	0.14253991632738183
97000	-2183.7589632247063	-1141.606660955366	-1042.1523022693407	0.09506362542456434	0.0789608917998764	0.1199787601517965	0.11591403420180299	0.18710416915494552	0.09659076562533786	0.13683671165376468	0.1238509904307992	0.08934805464197576	0.10098333523347716	0.07576207840496364	0.11810449966737159	0.14994421054500176	0.0727162758706464	0.12525054514740827	0.13359758468176322	0.08600767663400095	0.07575173997205918	0.18850173633646183	0.05456555664699692	0.16177375590807094	0.30936422144190323
98000	-2099.162629598495	-1056.9589576806634	-1042.2036719178316	0.1380636288788884	0.13975411712427557	0.10326902991939577	0.09941854465878808	0.06220904238506214	0.07614116162817071	0.08272800358584943	0.1210316209923249	0.05966573890942876	0.09909823995978503	0.1317358351820607	0.07192448946449514	0.07622027099145243	0.05049887607956122	0.07150972018684797	0.20782895867084533	0.09084804754582501	0.06570640651667138	0.10251107513372054	0.10382818960796641	0.0854566256287894	0.2237528106077263
99000	-2127.6706466297846	-1093.0259652194927	-1034.6446814102922	0.13864296235727824	0.07678544082826107	0.11860437286490129	0.08646135344200911	0.16086412517315288	0.15015991917009303	0.11760709642724676	0.0764497909974015	0.10179474240163586	0.10693357853730881	0.1263391876130967	0.11202997799913493	0.09536389028107506	0.08111635140781412	0.10346569610619913	0.15813488866924266	0.11088586021156073	0.12375879380861861	0.17428163633830338	0.132176433383093	0.08332871658514304	0.2677721154050147
100000	-2174.5907753214624	-1145.7312466139128	-1028.8595287075495	0.07592443047700503	0.06693393403218661	0.1591491009760838	0.1144775832999707	0.10943517951431947	0.12553325316970917	0.11755545489163025	0.10373743477308504	0.11022302143708826	0.10129670632680929	0.08406369052421094	0.09849473049645184	0.08832448917684994	0.11389535517005718	0.08098009231078597	0.13189356766492416	0.09845393111852695	0.07303803938728483	0.09525348796962775	0.08249255113757778	0.07100340057605314	0.17045063083722717
